[0.013s] Invoking command in '/home/robot/nav2_ws/build/unitree_sdk2': /usr/bin/cmake --build /home/robot/nav2_ws/build/unitree_sdk2 -- -j32 -l32
[0.030s] [35m[1mScanning dependencies of target test_publisher[0m
[0.031s] [35m[1mScanning dependencies of target test_subscriber[0m
[0.035s] [  3%] Built target test_jsonize
[0.044s] [ 10%] Built target go2_low_level
[0.044s] [ 10%] Built target b2_stand_example
[0.044s] [ 13%] Built target advanced_gamepad
[0.045s] [ 16%] Built target go2_video_client
[0.045s] [ 20%] Built target state_machine_example
[0.045s] [ 23%] Built target go2_trajectory_follow
[0.045s] [ 25%] [32mBuilding CXX object example/helloworld/CMakeFiles/test_publisher.dir/publisher.cpp.o[0m
[0.045s] [ 33%] Built target go2_stand_example
[0.046s] [ 33%] Built target go2_robot_state_client
[0.046s] [ 36%] Built target h1_arm_sdk_dds_example
[0.046s] [ 38%] Built target go2_sport_client
[0.046s] [ 41%] Built target go2_vui_client
[0.047s] [ 43%] [32mBuilding CXX object example/helloworld/CMakeFiles/test_subscriber.dir/subscriber.cpp.o[0m
[0.048s] [ 46%] Built target h1_2_arm_sdk_dds_example
[0.048s] [ 50%] Built target h1_27dof_example
[0.049s] [ 53%] Built target b2_sport_client
[0.049s] [ 56%] Built target g1_dual_arm_example
[0.049s] [ 60%] Built target h1_2_ankle_track
[0.049s] [ 68%] Built target g1_23dof_ankle_track
[0.049s] [ 68%] Built target h1_loco_client
[0.049s] [ 70%] Built target g1_loco_client
[0.050s] [ 73%] Built target h1_low_level_example
[0.050s] [ 76%] Built target g1_23dof_example
[0.050s] [ 80%] Built target go2w_sport_client
[0.050s] [ 90%] Built target g1_29dof_example
[0.050s] [ 90%] Built target g1_arm7_sdk_dds_example
[0.050s] [ 90%] Built target g1_arm5_sdk_dds_example
[0.052s] [ 93%] Built target go2w_stand_example
[1.387s] [ 95%] [32m[1mLinking CXX executable ../../bin/test_publisher[0m
[1.500s] [ 96%] Built target test_publisher
[1.582s] [ 98%] [32m[1mLinking CXX executable ../../bin/test_subscriber[0m
[1.692s] [100%] Built target test_subscriber
