[0.013s] Invoking command in '/home/robot/nav2_ws/build/h1_sport': CMAKE_PREFIX_PATH=${CMAKE_PREFIX_PATH}:/home/robot/nav2_ws/install/examples_rclpy_minimal_subscriber:/home/robot/nav2_ws/install/examples_rclpy_minimal_service:/home/robot/nav2_ws/install/examples_rclpy_minimal_publisher:/home/robot/nav2_ws/install/examples_rclpy_minimal_client:/home/robot/nav2_ws/install/examples_rclpy_minimal_action_server:/home/robot/nav2_ws/install/examples_rclpy_minimal_action_client:/home/robot/nav2_ws/install/examples_rclpy_executors:/opt/ros/foxy /usr/bin/cmake --build /home/robot/nav2_ws/build/h1_sport -- -j32 -l32
[0.074s] [35m[1mScanning dependencies of target demo[0m
[0.083s] [ 50%] [32mBuilding CXX object CMakeFiles/demo.dir/src/demo.cpp.o[0m
[0.778s] In file included from [01m[K/usr/include/x86_64-linux-gnu/c++/9/bits/c++allocator.h:33[m[K,
[0.778s]                  from [01m[K/usr/include/c++/9/bits/allocator.h:46[m[K,
[0.778s]                  from [01m[K/usr/include/c++/9/memory:63[m[K,
[0.778s]                  from [01m[K/home/robot/nav2_ws/src/h1_sport/src/demo.cpp:2[m[K:
[0.778s] /usr/include/c++/9/ext/new_allocator.h: In instantiation of ‘[01m[Kvoid __gnu_cxx::new_allocator<_Tp>::construct(_Up*, _Args&& ...) [with _Up = SportCmdPublisher; _Args = {const char (&)[11]}; _Tp = SportCmdPublisher][m[K’:
[0.778s] [01m[K/usr/include/c++/9/bits/alloc_traits.h:483:4:[m[K   required from ‘[01m[Kstatic void std::allocator_traits<std::allocator<_Tp1> >::construct(std::allocator_traits<std::allocator<_Tp1> >::allocator_type&, _Up*, _Args&& ...) [with _Up = SportCmdPublisher; _Args = {const char (&)[11]}; _Tp = SportCmdPublisher; std::allocator_traits<std::allocator<_Tp1> >::allocator_type = std::allocator<SportCmdPublisher>][m[K’
[0.778s] [01m[K/usr/include/c++/9/bits/shared_ptr_base.h:548:39:[m[K   required from ‘[01m[Kstd::_Sp_counted_ptr_inplace<_Tp, _Alloc, _Lp>::_Sp_counted_ptr_inplace(_Alloc, _Args&& ...) [with _Args = {const char (&)[11]}; _Tp = SportCmdPublisher; _Alloc = std::allocator<SportCmdPublisher>; __gnu_cxx::_Lock_policy _Lp = __gnu_cxx::_S_atomic][m[K’
[0.778s] [01m[K/usr/include/c++/9/bits/shared_ptr_base.h:679:16:[m[K   required from ‘[01m[Kstd::__shared_count<_Lp>::__shared_count(_Tp*&, std::_Sp_alloc_shared_tag<_Alloc>, _Args&& ...) [with _Tp = SportCmdPublisher; _Alloc = std::allocator<SportCmdPublisher>; _Args = {const char (&)[11]}; __gnu_cxx::_Lock_policy _Lp = __gnu_cxx::_S_atomic][m[K’
[0.778s] [01m[K/usr/include/c++/9/bits/shared_ptr_base.h:1344:71:[m[K   required from ‘[01m[Kstd::__shared_ptr<_Tp, _Lp>::__shared_ptr(std::_Sp_alloc_shared_tag<_Tp>, _Args&& ...) [with _Alloc = std::allocator<SportCmdPublisher>; _Args = {const char (&)[11]}; _Tp = SportCmdPublisher; __gnu_cxx::_Lock_policy _Lp = __gnu_cxx::_S_atomic][m[K’
[0.778s] [01m[K/usr/include/c++/9/bits/shared_ptr.h:359:59:[m[K   required from ‘[01m[Kstd::shared_ptr<_Tp>::shared_ptr(std::_Sp_alloc_shared_tag<_Tp>, _Args&& ...) [with _Alloc = std::allocator<SportCmdPublisher>; _Args = {const char (&)[11]}; _Tp = SportCmdPublisher][m[K’
[0.778s] [01m[K/usr/include/c++/9/bits/shared_ptr.h:701:14:[m[K   required from ‘[01m[Kstd::shared_ptr<_Tp> std::allocate_shared(const _Alloc&, _Args&& ...) [with _Tp = SportCmdPublisher; _Alloc = std::allocator<SportCmdPublisher>; _Args = {const char (&)[11]}][m[K’
[0.778s] [01m[K/usr/include/c++/9/bits/shared_ptr.h:717:39:[m[K   required from ‘[01m[Kstd::shared_ptr<_Tp> std::make_shared(_Args&& ...) [with _Tp = SportCmdPublisher; _Args = {const char (&)[11]}][m[K’
[0.778s] [01m[K/home/robot/nav2_ws/src/h1_sport/src/demo.cpp:35:65:[m[K   required from here
[0.778s] [01m[K/usr/include/c++/9/ext/new_allocator.h:146:4:[m[K [01;31m[Kerror: [m[Kno matching function for call to ‘[01m[KSportCmdPublisher::SportCmdPublisher(const char [11])[m[K’
[0.778s]   146 |  { [01;31m[K::new((void *)__p) _Up(std::forward<_Args>(__args)...)[m[K; }
[0.778s]       |    [01;31m[K^~~~~~~~~~~~~~~~~~~~~~~~~~~~~~~~~~~~~~~~~~~~~~~~~~~~~~[m[K
[0.778s] [01m[K/home/robot/nav2_ws/src/h1_sport/src/demo.cpp:11:5:[m[K [01;36m[Knote: [m[Kcandidate: ‘[01m[KSportCmdPublisher::SportCmdPublisher()[m[K’
[0.778s]    11 |     [01;36m[KSportCmdPublisher[m[K()
[0.778s]       |     [01;36m[K^~~~~~~~~~~~~~~~~[m[K
[0.778s] [01m[K/home/robot/nav2_ws/src/h1_sport/src/demo.cpp:11:5:[m[K [01;36m[Knote: [m[K  candidate expects 0 arguments, 1 provided
[0.938s] make[2]: *** [CMakeFiles/demo.dir/build.make:63：CMakeFiles/demo.dir/src/demo.cpp.o] 错误 1
[0.938s] make[1]: *** [CMakeFiles/Makefile2:78：CMakeFiles/demo.dir/all] 错误 2
[0.938s] make: *** [Makefile:141：all] 错误 2
[0.940s] Invoked command in '/home/robot/nav2_ws/build/h1_sport' returned '2': CMAKE_PREFIX_PATH=${CMAKE_PREFIX_PATH}:/home/robot/nav2_ws/install/examples_rclpy_minimal_subscriber:/home/robot/nav2_ws/install/examples_rclpy_minimal_service:/home/robot/nav2_ws/install/examples_rclpy_minimal_publisher:/home/robot/nav2_ws/install/examples_rclpy_minimal_client:/home/robot/nav2_ws/install/examples_rclpy_minimal_action_server:/home/robot/nav2_ws/install/examples_rclpy_minimal_action_client:/home/robot/nav2_ws/install/examples_rclpy_executors:/opt/ros/foxy /usr/bin/cmake --build /home/robot/nav2_ws/build/h1_sport -- -j32 -l32
