[0.085s] DEBUG:colcon:Command line arguments: ['/usr/bin/colcon', 'build', '--packages-select', 'cyclonedds']
[0.085s] DEBUG:colcon:Parsed command line arguments: Namespace(allow_overriding=[], ament_cmake_args=None, base_paths=['.'], build_base='build', catkin_cmake_args=None, catkin_skip_building_tests=False, cmake_args=None, cmake_clean_cache=False, cmake_clean_first=False, cmake_force_configure=False, cmake_target=None, cmake_target_skip_unavailable=False, continue_on_error=False, event_handlers=None, executor='parallel', ignore_user_meta=False, install_base='install', log_base=None, log_level=None, main=<bound method BuildVerb.main of <colcon_core.verb.build.BuildVerb object at 0x7f4a419a7280>>, merge_install=False, metas=['./colcon.meta'], packages_above=None, packages_above_and_dependencies=None, packages_above_depth=None, packages_end=None, packages_ignore=None, packages_ignore_regex=None, packages_select=['cyclonedds'], packages_select_build_failed=False, packages_select_by_dep=None, packages_select_regex=None, packages_select_test_failures=False, packages_skip=None, packages_skip_build_finished=False, packages_skip_by_dep=None, packages_skip_regex=None, packages_skip_test_passed=False, packages_skip_up_to=None, packages_start=None, packages_up_to=None, packages_up_to_regex=None, parallel_workers=32, paths=None, symlink_install=False, test_result_base=None, verb_extension=<colcon_core.verb.build.BuildVerb object at 0x7f4a419a7280>, verb_name='build', verb_parser=<colcon_defaults.argument_parser.defaults.DefaultArgumentsDecorator object at 0x7f4a419a7970>)
[0.157s] Level 1:colcon.colcon_core.package_discovery:discover_packages(colcon_meta) check parameters
[0.157s] Level 1:colcon.colcon_core.package_discovery:discover_packages(recursive) check parameters
[0.157s] Level 1:colcon.colcon_core.package_discovery:discover_packages(ignore) check parameters
[0.157s] Level 1:colcon.colcon_core.package_discovery:discover_packages(path) check parameters
[0.157s] Level 1:colcon.colcon_core.package_discovery:discover_packages(colcon_meta) discover
[0.157s] Level 1:colcon.colcon_core.package_discovery:discover_packages(recursive) discover
[0.157s] INFO:colcon.colcon_core.package_discovery:Crawling recursively for packages in '/home/robot/nav2_ws/cyclonedds_ws'
[0.157s] Level 1:colcon.colcon_core.package_identification:_identify(.) by extensions ['ignore', 'ignore_ament_install']
[0.157s] Level 1:colcon.colcon_core.package_identification:_identify(.) by extension 'ignore'
[0.157s] Level 1:colcon.colcon_core.package_identification:_identify(.) by extension 'ignore_ament_install'
[0.157s] Level 1:colcon.colcon_core.package_identification:_identify(.) by extensions ['colcon_pkg']
[0.157s] Level 1:colcon.colcon_core.package_identification:_identify(.) by extension 'colcon_pkg'
[0.157s] Level 1:colcon.colcon_core.package_identification:_identify(.) by extensions ['colcon_meta']
[0.157s] Level 1:colcon.colcon_core.package_identification:_identify(.) by extension 'colcon_meta'
[0.157s] Level 1:colcon.colcon_core.package_identification:_identify(.) by extensions ['ros']
[0.157s] Level 1:colcon.colcon_core.package_identification:_identify(.) by extension 'ros'
[0.165s] Level 1:colcon.colcon_core.package_identification:_identify(.) by extensions ['cmake', 'python']
[0.165s] Level 1:colcon.colcon_core.package_identification:_identify(.) by extension 'cmake'
[0.165s] Level 1:colcon.colcon_core.package_identification:_identify(.) by extension 'python'
[0.165s] Level 1:colcon.colcon_core.package_identification:_identify(.) by extensions ['python_setup_py']
[0.165s] Level 1:colcon.colcon_core.package_identification:_identify(.) by extension 'python_setup_py'
[0.165s] Level 1:colcon.colcon_core.package_identification:_identify(build) by extensions ['ignore', 'ignore_ament_install']
[0.165s] Level 1:colcon.colcon_core.package_identification:_identify(build) by extension 'ignore'
[0.165s] Level 1:colcon.colcon_core.package_identification:_identify(build) ignored
[0.165s] Level 1:colcon.colcon_core.package_identification:_identify(install) by extensions ['ignore', 'ignore_ament_install']
[0.165s] Level 1:colcon.colcon_core.package_identification:_identify(install) by extension 'ignore'
[0.165s] Level 1:colcon.colcon_core.package_identification:_identify(install) ignored
[0.165s] Level 1:colcon.colcon_core.package_identification:_identify(log) by extensions ['ignore', 'ignore_ament_install']
[0.165s] Level 1:colcon.colcon_core.package_identification:_identify(log) by extension 'ignore'
[0.165s] Level 1:colcon.colcon_core.package_identification:_identify(log) ignored
[0.165s] Level 1:colcon.colcon_core.package_identification:_identify(src) by extensions ['ignore', 'ignore_ament_install']
[0.165s] Level 1:colcon.colcon_core.package_identification:_identify(src) by extension 'ignore'
[0.165s] Level 1:colcon.colcon_core.package_identification:_identify(src) by extension 'ignore_ament_install'
[0.165s] Level 1:colcon.colcon_core.package_identification:_identify(src) by extensions ['colcon_pkg']
[0.165s] Level 1:colcon.colcon_core.package_identification:_identify(src) by extension 'colcon_pkg'
[0.165s] Level 1:colcon.colcon_core.package_identification:_identify(src) by extensions ['colcon_meta']
[0.165s] Level 1:colcon.colcon_core.package_identification:_identify(src) by extension 'colcon_meta'
[0.165s] Level 1:colcon.colcon_core.package_identification:_identify(src) by extensions ['ros']
[0.165s] Level 1:colcon.colcon_core.package_identification:_identify(src) by extension 'ros'
[0.165s] Level 1:colcon.colcon_core.package_identification:_identify(src) by extensions ['cmake', 'python']
[0.165s] Level 1:colcon.colcon_core.package_identification:_identify(src) by extension 'cmake'
[0.165s] Level 1:colcon.colcon_core.package_identification:_identify(src) by extension 'python'
[0.165s] Level 1:colcon.colcon_core.package_identification:_identify(src) by extensions ['python_setup_py']
[0.165s] Level 1:colcon.colcon_core.package_identification:_identify(src) by extension 'python_setup_py'
[0.165s] Level 1:colcon.colcon_core.package_identification:_identify(src/cyclonedds) by extensions ['ignore', 'ignore_ament_install']
[0.165s] Level 1:colcon.colcon_core.package_identification:_identify(src/cyclonedds) by extension 'ignore'
[0.165s] Level 1:colcon.colcon_core.package_identification:_identify(src/cyclonedds) by extension 'ignore_ament_install'
[0.166s] Level 1:colcon.colcon_core.package_identification:_identify(src/cyclonedds) by extensions ['colcon_pkg']
[0.166s] Level 1:colcon.colcon_core.package_identification:_identify(src/cyclonedds) by extension 'colcon_pkg'
[0.166s] Level 1:colcon.colcon_core.package_identification:_identify(src/cyclonedds) by extensions ['colcon_meta']
[0.166s] Level 1:colcon.colcon_core.package_identification:_identify(src/cyclonedds) by extension 'colcon_meta'
[0.166s] Level 1:colcon.colcon_core.package_identification:_identify(src/cyclonedds) by extensions ['ros']
[0.166s] Level 1:colcon.colcon_core.package_identification:_identify(src/cyclonedds) by extension 'ros'
[0.167s] DEBUG:colcon.colcon_core.package_identification:Package 'src/cyclonedds' with type 'ros.cmake' and name 'cyclonedds'
[0.167s] Level 1:colcon.colcon_core.package_identification:_identify(src/rmw_cyclonedds) by extensions ['ignore', 'ignore_ament_install']
[0.167s] Level 1:colcon.colcon_core.package_identification:_identify(src/rmw_cyclonedds) by extension 'ignore'
[0.167s] Level 1:colcon.colcon_core.package_identification:_identify(src/rmw_cyclonedds) by extension 'ignore_ament_install'
[0.167s] Level 1:colcon.colcon_core.package_identification:_identify(src/rmw_cyclonedds) by extensions ['colcon_pkg']
[0.167s] Level 1:colcon.colcon_core.package_identification:_identify(src/rmw_cyclonedds) by extension 'colcon_pkg'
[0.167s] Level 1:colcon.colcon_core.package_identification:_identify(src/rmw_cyclonedds) by extensions ['colcon_meta']
[0.167s] Level 1:colcon.colcon_core.package_identification:_identify(src/rmw_cyclonedds) by extension 'colcon_meta'
[0.167s] Level 1:colcon.colcon_core.package_identification:_identify(src/rmw_cyclonedds) by extensions ['ros']
[0.167s] Level 1:colcon.colcon_core.package_identification:_identify(src/rmw_cyclonedds) by extension 'ros'
[0.167s] Level 1:colcon.colcon_core.package_identification:_identify(src/rmw_cyclonedds) by extensions ['cmake', 'python']
[0.167s] Level 1:colcon.colcon_core.package_identification:_identify(src/rmw_cyclonedds) by extension 'cmake'
[0.167s] Level 1:colcon.colcon_core.package_identification:_identify(src/rmw_cyclonedds) by extension 'python'
[0.167s] Level 1:colcon.colcon_core.package_identification:_identify(src/rmw_cyclonedds) by extensions ['python_setup_py']
[0.167s] Level 1:colcon.colcon_core.package_identification:_identify(src/rmw_cyclonedds) by extension 'python_setup_py'
[0.167s] Level 1:colcon.colcon_core.package_identification:_identify(src/rmw_cyclonedds/rmw_cyclonedds_cpp) by extensions ['ignore', 'ignore_ament_install']
[0.167s] Level 1:colcon.colcon_core.package_identification:_identify(src/rmw_cyclonedds/rmw_cyclonedds_cpp) by extension 'ignore'
[0.167s] Level 1:colcon.colcon_core.package_identification:_identify(src/rmw_cyclonedds/rmw_cyclonedds_cpp) by extension 'ignore_ament_install'
[0.167s] Level 1:colcon.colcon_core.package_identification:_identify(src/rmw_cyclonedds/rmw_cyclonedds_cpp) by extensions ['colcon_pkg']
[0.167s] Level 1:colcon.colcon_core.package_identification:_identify(src/rmw_cyclonedds/rmw_cyclonedds_cpp) by extension 'colcon_pkg'
[0.167s] Level 1:colcon.colcon_core.package_identification:_identify(src/rmw_cyclonedds/rmw_cyclonedds_cpp) by extensions ['colcon_meta']
[0.167s] Level 1:colcon.colcon_core.package_identification:_identify(src/rmw_cyclonedds/rmw_cyclonedds_cpp) by extension 'colcon_meta'
[0.167s] Level 1:colcon.colcon_core.package_identification:_identify(src/rmw_cyclonedds/rmw_cyclonedds_cpp) by extensions ['ros']
[0.167s] Level 1:colcon.colcon_core.package_identification:_identify(src/rmw_cyclonedds/rmw_cyclonedds_cpp) by extension 'ros'
[0.168s] DEBUG:colcon.colcon_core.package_identification:Package 'src/rmw_cyclonedds/rmw_cyclonedds_cpp' with type 'ros.ament_cmake' and name 'rmw_cyclonedds_cpp'
[0.168s] Level 1:colcon.colcon_core.package_discovery:discover_packages(recursive) using defaults
[0.168s] Level 1:colcon.colcon_core.package_discovery:discover_packages(ignore) discover
[0.168s] Level 1:colcon.colcon_core.package_discovery:discover_packages(ignore) using defaults
[0.168s] Level 1:colcon.colcon_core.package_discovery:discover_packages(path) discover
[0.168s] Level 1:colcon.colcon_core.package_discovery:discover_packages(path) using defaults
[0.176s] INFO:colcon.colcon_metadata.metadata.colcon_pkg:Updating descriptor of package 'src/cyclonedds' from colcon.pkg: {'cmake-args': ['-DBUILD_IDLC=AUTO']}
[0.176s] INFO:colcon.colcon_core.package_selection:Skipping not selected package 'rmw_cyclonedds_cpp' in 'src/rmw_cyclonedds/rmw_cyclonedds_cpp'
[0.176s] Level 1:colcon.colcon_core.package_discovery:discover_packages(prefix_path) check parameters
[0.176s] Level 1:colcon.colcon_core.package_discovery:discover_packages(prefix_path) discover
[0.177s] Level 1:colcon.colcon_core.package_discovery:discover_packages(prefix_path) using defaults
[0.177s] Level 5:colcon.colcon_core.verb:set package 'cyclonedds' build argument 'cmake_args' from command line to 'None'
[0.177s] Level 5:colcon.colcon_core.verb:overwrite package 'cyclonedds' build argument 'cmake_args' from package metadata with '['-DBUILD_IDLC=AUTO']' (before: 'None')
[0.177s] Level 5:colcon.colcon_core.verb:set package 'cyclonedds' build argument 'cmake_target' from command line to 'None'
[0.177s] Level 5:colcon.colcon_core.verb:set package 'cyclonedds' build argument 'cmake_target_skip_unavailable' from command line to 'False'
[0.177s] Level 5:colcon.colcon_core.verb:set package 'cyclonedds' build argument 'cmake_clean_cache' from command line to 'False'
[0.177s] Level 5:colcon.colcon_core.verb:set package 'cyclonedds' build argument 'cmake_clean_first' from command line to 'False'
[0.177s] Level 5:colcon.colcon_core.verb:set package 'cyclonedds' build argument 'cmake_force_configure' from command line to 'False'
[0.177s] Level 5:colcon.colcon_core.verb:set package 'cyclonedds' build argument 'ament_cmake_args' from command line to 'None'
[0.177s] Level 5:colcon.colcon_core.verb:set package 'cyclonedds' build argument 'catkin_cmake_args' from command line to 'None'
[0.177s] Level 5:colcon.colcon_core.verb:set package 'cyclonedds' build argument 'catkin_skip_building_tests' from command line to 'False'
[0.177s] DEBUG:colcon.colcon_core.verb:Building package 'cyclonedds' with the following arguments: {'ament_cmake_args': None, 'build_base': '/home/robot/nav2_ws/cyclonedds_ws/build/cyclonedds', 'catkin_cmake_args': None, 'catkin_skip_building_tests': False, 'cmake_args': ['-DBUILD_IDLC=AUTO'], 'cmake_clean_cache': False, 'cmake_clean_first': False, 'cmake_force_configure': False, 'cmake_target': None, 'cmake_target_skip_unavailable': False, 'install_base': '/home/robot/nav2_ws/cyclonedds_ws/install/cyclonedds', 'merge_install': False, 'path': '/home/robot/nav2_ws/cyclonedds_ws/src/cyclonedds', 'symlink_install': False, 'test_result_base': None}
[0.177s] INFO:colcon.colcon_core.executor:Executing jobs using 'parallel' executor
[0.178s] DEBUG:colcon.colcon_parallel_executor.executor.parallel:run_until_complete
[0.178s] INFO:colcon.colcon_ros.task.cmake.build:Building ROS package in '/home/robot/nav2_ws/cyclonedds_ws/src/cyclonedds' with build type 'cmake'
[0.178s] INFO:colcon.colcon_cmake.task.cmake.build:Building CMake package in '/home/robot/nav2_ws/cyclonedds_ws/src/cyclonedds'
[0.179s] INFO:colcon.colcon_core.plugin_system:Skipping extension 'colcon_core.shell.bat': Not used on non-Windows systems
[0.179s] INFO:colcon.colcon_core.shell:Skip shell extension 'powershell' for command environment: Not usable outside of PowerShell
[0.179s] DEBUG:colcon.colcon_core.shell:Skip shell extension 'dsv' for command environment
[0.183s] DEBUG:colcon.colcon_core.event_handler.log_command:Invoking command in '/home/robot/nav2_ws/cyclonedds_ws/build/cyclonedds': /usr/bin/cmake /home/robot/nav2_ws/cyclonedds_ws/src/cyclonedds -DBUILD_IDLC=AUTO -DCMAKE_INSTALL_PREFIX=/home/robot/nav2_ws/cyclonedds_ws/install/cyclonedds
[1.102s] DEBUG:colcon.colcon_core.event_handler.log_command:Invoked command in '/home/robot/nav2_ws/cyclonedds_ws/build/cyclonedds' returned '0': /usr/bin/cmake /home/robot/nav2_ws/cyclonedds_ws/src/cyclonedds -DBUILD_IDLC=AUTO -DCMAKE_INSTALL_PREFIX=/home/robot/nav2_ws/cyclonedds_ws/install/cyclonedds
[1.102s] DEBUG:colcon.colcon_core.event_handler.log_command:Invoking command in '/home/robot/nav2_ws/cyclonedds_ws/build/cyclonedds': /usr/bin/cmake --build /home/robot/nav2_ws/cyclonedds_ws/build/cyclonedds -- -j32 -l32
[3.479s] DEBUG:colcon.colcon_core.event_handler.log_command:Invoked command in '/home/robot/nav2_ws/cyclonedds_ws/build/cyclonedds' returned '0': /usr/bin/cmake --build /home/robot/nav2_ws/cyclonedds_ws/build/cyclonedds -- -j32 -l32
[3.493s] DEBUG:colcon.colcon_core.event_handler.log_command:Invoking command in '/home/robot/nav2_ws/cyclonedds_ws/build/cyclonedds': /usr/bin/cmake --install /home/robot/nav2_ws/cyclonedds_ws/build/cyclonedds
[3.509s] DEBUG:colcon.colcon_core.event_handler.log_command:Invoked command in '/home/robot/nav2_ws/cyclonedds_ws/build/cyclonedds' returned '0': /usr/bin/cmake --install /home/robot/nav2_ws/cyclonedds_ws/build/cyclonedds
[3.518s] Level 1:colcon.colcon_core.shell:create_environment_hook('cyclonedds', 'pkg_config_path')
[3.518s] INFO:colcon.colcon_core.shell:Creating environment hook '/home/robot/nav2_ws/cyclonedds_ws/install/cyclonedds/share/cyclonedds/hook/pkg_config_path.ps1'
[3.519s] INFO:colcon.colcon_core.shell:Creating environment descriptor '/home/robot/nav2_ws/cyclonedds_ws/install/cyclonedds/share/cyclonedds/hook/pkg_config_path.dsv'
[3.519s] INFO:colcon.colcon_core.shell:Creating environment hook '/home/robot/nav2_ws/cyclonedds_ws/install/cyclonedds/share/cyclonedds/hook/pkg_config_path.sh'
[3.520s] Level 1:colcon.colcon_core.shell:create_environment_hook('cyclonedds', 'pkg_config_path_multiarch')
[3.520s] INFO:colcon.colcon_core.shell:Creating environment hook '/home/robot/nav2_ws/cyclonedds_ws/install/cyclonedds/share/cyclonedds/hook/pkg_config_path_multiarch.ps1'
[3.520s] INFO:colcon.colcon_core.shell:Creating environment descriptor '/home/robot/nav2_ws/cyclonedds_ws/install/cyclonedds/share/cyclonedds/hook/pkg_config_path_multiarch.dsv'
[3.520s] INFO:colcon.colcon_core.shell:Creating environment hook '/home/robot/nav2_ws/cyclonedds_ws/install/cyclonedds/share/cyclonedds/hook/pkg_config_path_multiarch.sh'
[3.521s] Level 1:colcon.colcon_core.environment:create_environment_scripts_only(cyclonedds)
[3.521s] Level 1:colcon.colcon_core.environment:checking '/home/robot/nav2_ws/cyclonedds_ws/install/cyclonedds' for CMake module files
[3.522s] Level 1:colcon.colcon_core.environment:checking '/home/robot/nav2_ws/cyclonedds_ws/install/cyclonedds' for CMake config files
[3.522s] Level 1:colcon.colcon_core.shell:create_environment_hook('cyclonedds', 'cmake_prefix_path')
[3.522s] INFO:colcon.colcon_core.shell:Creating environment hook '/home/robot/nav2_ws/cyclonedds_ws/install/cyclonedds/share/cyclonedds/hook/cmake_prefix_path.ps1'
[3.522s] INFO:colcon.colcon_core.shell:Creating environment descriptor '/home/robot/nav2_ws/cyclonedds_ws/install/cyclonedds/share/cyclonedds/hook/cmake_prefix_path.dsv'
[3.522s] INFO:colcon.colcon_core.shell:Creating environment hook '/home/robot/nav2_ws/cyclonedds_ws/install/cyclonedds/share/cyclonedds/hook/cmake_prefix_path.sh'
[3.522s] Level 1:colcon.colcon_core.environment:checking '/home/robot/nav2_ws/cyclonedds_ws/install/cyclonedds/lib'
[3.523s] Level 1:colcon.colcon_core.shell:create_environment_hook('cyclonedds', 'ld_library_path_lib')
[3.523s] INFO:colcon.colcon_core.shell:Creating environment hook '/home/robot/nav2_ws/cyclonedds_ws/install/cyclonedds/share/cyclonedds/hook/ld_library_path_lib.ps1'
[3.523s] INFO:colcon.colcon_core.shell:Creating environment descriptor '/home/robot/nav2_ws/cyclonedds_ws/install/cyclonedds/share/cyclonedds/hook/ld_library_path_lib.dsv'
[3.523s] INFO:colcon.colcon_core.shell:Creating environment hook '/home/robot/nav2_ws/cyclonedds_ws/install/cyclonedds/share/cyclonedds/hook/ld_library_path_lib.sh'
[3.523s] Level 1:colcon.colcon_core.environment:checking '/home/robot/nav2_ws/cyclonedds_ws/install/cyclonedds/bin'
[3.523s] Level 1:colcon.colcon_core.shell:create_environment_hook('cyclonedds', 'path')
[3.523s] INFO:colcon.colcon_core.shell:Creating environment hook '/home/robot/nav2_ws/cyclonedds_ws/install/cyclonedds/share/cyclonedds/hook/path.ps1'
[3.523s] INFO:colcon.colcon_core.shell:Creating environment descriptor '/home/robot/nav2_ws/cyclonedds_ws/install/cyclonedds/share/cyclonedds/hook/path.dsv'
[3.523s] INFO:colcon.colcon_core.shell:Creating environment hook '/home/robot/nav2_ws/cyclonedds_ws/install/cyclonedds/share/cyclonedds/hook/path.sh'
[3.523s] Level 1:colcon.colcon_core.environment:checking '/home/robot/nav2_ws/cyclonedds_ws/install/cyclonedds/lib/pkgconfig/cyclonedds.pc'
[3.524s] Level 1:colcon.colcon_core.environment:checking '/home/robot/nav2_ws/cyclonedds_ws/install/cyclonedds/lib/python3.8/site-packages'
[3.524s] Level 1:colcon.colcon_core.environment:checking '/home/robot/nav2_ws/cyclonedds_ws/install/cyclonedds/bin'
[3.524s] Level 1:colcon.colcon_core.shell:create_environment_hook('cyclonedds', 'pythonscriptspath')
[3.524s] INFO:colcon.colcon_core.shell:Creating environment hook '/home/robot/nav2_ws/cyclonedds_ws/install/cyclonedds/share/cyclonedds/hook/pythonscriptspath.ps1'
[3.524s] INFO:colcon.colcon_core.shell:Creating environment descriptor '/home/robot/nav2_ws/cyclonedds_ws/install/cyclonedds/share/cyclonedds/hook/pythonscriptspath.dsv'
[3.524s] INFO:colcon.colcon_core.shell:Creating environment hook '/home/robot/nav2_ws/cyclonedds_ws/install/cyclonedds/share/cyclonedds/hook/pythonscriptspath.sh'
[3.524s] INFO:colcon.colcon_core.shell:Creating package script '/home/robot/nav2_ws/cyclonedds_ws/install/cyclonedds/share/cyclonedds/package.ps1'
[3.525s] INFO:colcon.colcon_core.shell:Creating package descriptor '/home/robot/nav2_ws/cyclonedds_ws/install/cyclonedds/share/cyclonedds/package.dsv'
[3.525s] INFO:colcon.colcon_core.shell:Creating package script '/home/robot/nav2_ws/cyclonedds_ws/install/cyclonedds/share/cyclonedds/package.sh'
[3.525s] INFO:colcon.colcon_core.shell:Creating package script '/home/robot/nav2_ws/cyclonedds_ws/install/cyclonedds/share/cyclonedds/package.bash'
[3.525s] INFO:colcon.colcon_core.shell:Creating package script '/home/robot/nav2_ws/cyclonedds_ws/install/cyclonedds/share/cyclonedds/package.zsh'
[3.526s] Level 1:colcon.colcon_core.environment:create_file_with_runtime_dependencies(/home/robot/nav2_ws/cyclonedds_ws/install/cyclonedds/share/colcon-core/packages/cyclonedds)
[3.526s] DEBUG:colcon.colcon_parallel_executor.executor.parallel:closing loop
[3.526s] DEBUG:colcon.colcon_parallel_executor.executor.parallel:loop closed
[3.526s] DEBUG:colcon.colcon_parallel_executor.executor.parallel:run_until_complete finished with '0'
[3.526s] DEBUG:colcon.colcon_core.event_reactor:joining thread
[3.528s] INFO:colcon.colcon_core.plugin_system:Skipping extension 'colcon_notification.desktop_notification.terminal_notifier': Not used on non-Darwin systems
[3.528s] INFO:colcon.colcon_core.plugin_system:Skipping extension 'colcon_notification.desktop_notification.win32': Not used on non-Windows systems
[3.528s] INFO:colcon.colcon_notification.desktop_notification:Sending desktop notification using 'notify2'
[3.536s] DEBUG:colcon.colcon_core.event_reactor:joined thread
[3.537s] INFO:colcon.colcon_core.shell:Creating prefix script '/home/robot/nav2_ws/cyclonedds_ws/install/local_setup.ps1'
[3.537s] INFO:colcon.colcon_core.shell:Creating prefix util module '/home/robot/nav2_ws/cyclonedds_ws/install/_local_setup_util_ps1.py'
[3.537s] INFO:colcon.colcon_core.shell:Creating prefix chain script '/home/robot/nav2_ws/cyclonedds_ws/install/setup.ps1'
[3.538s] INFO:colcon.colcon_core.shell:Creating prefix script '/home/robot/nav2_ws/cyclonedds_ws/install/local_setup.sh'
[3.538s] INFO:colcon.colcon_core.shell:Creating prefix util module '/home/robot/nav2_ws/cyclonedds_ws/install/_local_setup_util_sh.py'
[3.538s] INFO:colcon.colcon_core.shell:Creating prefix chain script '/home/robot/nav2_ws/cyclonedds_ws/install/setup.sh'
[3.539s] INFO:colcon.colcon_core.shell:Creating prefix script '/home/robot/nav2_ws/cyclonedds_ws/install/local_setup.bash'
[3.539s] INFO:colcon.colcon_core.shell:Creating prefix chain script '/home/robot/nav2_ws/cyclonedds_ws/install/setup.bash'
[3.539s] INFO:colcon.colcon_core.shell:Creating prefix script '/home/robot/nav2_ws/cyclonedds_ws/install/local_setup.zsh'
[3.539s] INFO:colcon.colcon_core.shell:Creating prefix chain script '/home/robot/nav2_ws/cyclonedds_ws/install/setup.zsh'
