[35m[1mScanning dependencies of target demo[0m
[ 50%] [32mBuilding CXX object CMakeFiles/demo.dir/src/demo.cpp.o[0m
[100%] [32m[1mLinking CXX executable demo[0m
[100%] Built target demo
-- Install configuration: ""
-- Up-to-date: /home/robot/nav2_ws/install/h1_sport/share/ament_index/resource_index/package_run_dependencies/h1_sport
-- Up-to-date: /home/robot/nav2_ws/install/h1_sport/share/ament_index/resource_index/parent_prefix_path/h1_sport
-- Up-to-date: /home/robot/nav2_ws/install/h1_sport/share/h1_sport/environment/ament_prefix_path.sh
-- Up-to-date: /home/robot/nav2_ws/install/h1_sport/share/h1_sport/environment/ament_prefix_path.dsv
-- Up-to-date: /home/robot/nav2_ws/install/h1_sport/share/h1_sport/environment/path.sh
-- Up-to-date: /home/robot/nav2_ws/install/h1_sport/share/h1_sport/environment/path.dsv
-- Up-to-date: /home/robot/nav2_ws/install/h1_sport/share/h1_sport/local_setup.bash
-- Up-to-date: /home/robot/nav2_ws/install/h1_sport/share/h1_sport/local_setup.sh
-- Up-to-date: /home/robot/nav2_ws/install/h1_sport/share/h1_sport/local_setup.zsh
-- Up-to-date: /home/robot/nav2_ws/install/h1_sport/share/h1_sport/local_setup.dsv
-- Installing: /home/robot/nav2_ws/install/h1_sport/share/h1_sport/package.dsv
-- Up-to-date: /home/robot/nav2_ws/install/h1_sport/share/ament_index/resource_index/packages/h1_sport
-- Up-to-date: /home/robot/nav2_ws/install/h1_sport/share/h1_sport/cmake/h1_sportConfig.cmake
-- Up-to-date: /home/robot/nav2_ws/install/h1_sport/share/h1_sport/cmake/h1_sportConfig-version.cmake
-- Up-to-date: /home/robot/nav2_ws/install/h1_sport/share/h1_sport/package.xml
-- Installing: /home/robot/nav2_ws/install/h1_sport/lib/h1_sport/demo
