[0.010s] Invoking command in '/home/robot/nav2_ws/build/h1_sport': CMAKE_PREFIX_PATH=/opt/ros/foxy /usr/bin/cmake --build /home/robot/nav2_ws/build/h1_sport -- -j32 -l32
[0.020s] -- Found ament_cmake: 0.9.12 (/opt/ros/foxy/share/ament_cmake/cmake)
[0.037s] -- Using PYTHON_EXECUTABLE: /usr/bin/python3
[0.126s] -- Found rclcpp: 2.4.3 (/opt/ros/foxy/share/rclcpp/cmake)
[0.141s] -- Using all available rosidl_typesupport_c: rosidl_typesupport_fastrtps_c;rosidl_typesupport_introspection_c
[0.143s] -- Found rosidl_adapter: 1.3.1 (/opt/ros/foxy/share/rosidl_adapter/cmake)
[0.196s] -- Using all available rosidl_typesupport_cpp: rosidl_typesupport_fastrtps_cpp;rosidl_typesupport_introspection_cpp
[0.218s] -- Found rmw_implementation_cmake: 1.0.4 (/opt/ros/foxy/share/rmw_implementation_cmake/cmake)
[0.218s] -- Using RMW implementation 'rmw_fastrtps_cpp' as default
[0.281s] -- Found ament_lint_auto: 0.9.8 (/opt/ros/foxy/share/ament_lint_auto/cmake)
[0.307s] -- Added test 'copyright' to check source files copyright and LICENSE
[0.307s] -- Added test 'cppcheck' to perform static code analysis on C / C++ code
[0.308s] -- Configured cppcheck include dirs: 
[0.308s] -- Configured cppcheck exclude dirs and/or files: 
[0.308s] -- Added test 'cpplint' to check C / C++ code against the Google style
[0.308s] -- Configured cpplint exclude dirs and/or files: 
[0.308s] -- Added test 'lint_cmake' to check CMake code style
[0.308s] -- Added test 'uncrustify' to check C / C++ code style
[0.308s] -- Configured uncrustify additional arguments: 
[0.308s] -- Added test 'xmllint' to check XML markup files
[0.309s] -- Configuring done
[0.310s] CMake Error at CMakeLists.txt:35 (add_executable):
[0.310s]   Cannot find source file:
[0.310s] 
[0.310s]     src/wang2.cpp
[0.310s] 
[0.310s]   Tried extensions .c .C .c++ .cc .cpp .cxx .cu .m .M .mm .h .hh .h++ .hm
[0.310s]   .hpp .hxx .in .txx
[0.310s] 
[0.310s] 
[0.310s] CMake Error at CMakeLists.txt:35 (add_executable):
[0.310s]   No SOURCES given to target: wang2_node
[0.310s] 
[0.310s] 
[0.310s] CMake Generate step failed.  Build files cannot be regenerated correctly.
[0.313s] make: *** [Makefile:222：cmake_check_build_system] 错误 1
[0.314s] Invoked command in '/home/robot/nav2_ws/build/h1_sport' returned '2': CMAKE_PREFIX_PATH=/opt/ros/foxy /usr/bin/cmake --build /home/robot/nav2_ws/build/h1_sport -- -j32 -l32
