running egg_info
creating ../../../../build/examples_rclpy_executors/examples_rclpy_executors.egg-info
writing manifest file '../../../../build/examples_rclpy_executors/examples_rclpy_executors.egg-info/SOURCES.txt'
writing manifest file '../../../../build/examples_rclpy_executors/examples_rclpy_executors.egg-info/SOURCES.txt'
running build
running build_py
creating /home/robot/nav2_ws/build/examples_rclpy_executors/build
creating /home/robot/nav2_ws/build/examples_rclpy_executors/build/lib
creating /home/robot/nav2_ws/build/examples_rclpy_executors/build/lib/examples_rclpy_executors
copying examples_rclpy_executors/custom_callback_group.py -> /home/robot/nav2_ws/build/examples_rclpy_executors/build/lib/examples_rclpy_executors
copying examples_rclpy_executors/listener.py -> /home/robot/nav2_ws/build/examples_rclpy_executors/build/lib/examples_rclpy_executors
copying examples_rclpy_executors/talker.py -> /home/robot/nav2_ws/build/examples_rclpy_executors/build/lib/examples_rclpy_executors
copying examples_rclpy_executors/custom_executor.py -> /home/robot/nav2_ws/build/examples_rclpy_executors/build/lib/examples_rclpy_executors
copying examples_rclpy_executors/callback_group.py -> /home/robot/nav2_ws/build/examples_rclpy_executors/build/lib/examples_rclpy_executors
copying examples_rclpy_executors/composed.py -> /home/robot/nav2_ws/build/examples_rclpy_executors/build/lib/examples_rclpy_executors
copying examples_rclpy_executors/__init__.py -> /home/robot/nav2_ws/build/examples_rclpy_executors/build/lib/examples_rclpy_executors
running install
running install_lib
creating /home/robot/nav2_ws/install/examples_rclpy_executors/lib/python3.8/site-packages/examples_rclpy_executors
byte-compiling /home/robot/nav2_ws/install/examples_rclpy_executors/lib/python3.8/site-packages/examples_rclpy_executors/custom_callback_group.py to custom_callback_group.cpython-38.pyc
byte-compiling /home/robot/nav2_ws/install/examples_rclpy_executors/lib/python3.8/site-packages/examples_rclpy_executors/listener.py to listener.cpython-38.pyc
byte-compiling /home/robot/nav2_ws/install/examples_rclpy_executors/lib/python3.8/site-packages/examples_rclpy_executors/talker.py to talker.cpython-38.pyc
byte-compiling /home/robot/nav2_ws/install/examples_rclpy_executors/lib/python3.8/site-packages/examples_rclpy_executors/custom_executor.py to custom_executor.cpython-38.pyc
byte-compiling /home/robot/nav2_ws/install/examples_rclpy_executors/lib/python3.8/site-packages/examples_rclpy_executors/callback_group.py to callback_group.cpython-38.pyc
byte-compiling /home/robot/nav2_ws/install/examples_rclpy_executors/lib/python3.8/site-packages/examples_rclpy_executors/composed.py to composed.cpython-38.pyc
byte-compiling /home/robot/nav2_ws/install/examples_rclpy_executors/lib/python3.8/site-packages/examples_rclpy_executors/__init__.py to __init__.cpython-38.pyc
running install_data
creating /home/robot/nav2_ws/install/examples_rclpy_executors/share/ament_index
creating /home/robot/nav2_ws/install/examples_rclpy_executors/share/ament_index/resource_index
creating /home/robot/nav2_ws/install/examples_rclpy_executors/share/ament_index/resource_index/packages
copying resource/examples_rclpy_executors -> /home/robot/nav2_ws/install/examples_rclpy_executors/share/ament_index/resource_index/packages
copying package.xml -> /home/robot/nav2_ws/install/examples_rclpy_executors/share/examples_rclpy_executors
running install_egg_info
Copying ../../../../build/examples_rclpy_executors/examples_rclpy_executors.egg-info to /home/robot/nav2_ws/install/examples_rclpy_executors/lib/python3.8/site-packages/examples_rclpy_executors-0.9.4-py3.8.egg-info
running install_scripts
writing list of installed files to '/home/robot/nav2_ws/build/examples_rclpy_executors/install.log'
