[1.286s] Invoking command in '/home/robot/nav2_ws/src/examples/rclpy/executors': PYTHONPATH=/home/robot/nav2_ws/build/examples_rclpy_executors/prefix_override:/home/robot/nav2_ws/install/examples_rclpy_executors/lib/python3.8/site-packages:${PYTHONPATH} /usr/bin/python3 -W ignore:setup.py install is deprecated setup.py egg_info --egg-base ../../../../build/examples_rclpy_executors build --build-base /home/robot/nav2_ws/build/examples_rclpy_executors/build install --record /home/robot/nav2_ws/build/examples_rclpy_executors/install.log --install-scripts $base/lib/examples_rclpy_executors --single-version-externally-managed install_data
[1.470s] /home/robot/.local/lib/python3.8/site-packages/setuptools/dist.py:723: UserWarning: Usage of dash-separated 'script-dir' will not be supported in future versions. Please use the underscore name 'script_dir' instead
[1.470s]   warnings.warn(
[1.492s] running egg_info
[1.493s] creating ../../../../build/examples_rclpy_executors/examples_rclpy_executors.egg-info
[1.494s] writing manifest file '../../../../build/examples_rclpy_executors/examples_rclpy_executors.egg-info/SOURCES.txt'
[1.496s] writing manifest file '../../../../build/examples_rclpy_executors/examples_rclpy_executors.egg-info/SOURCES.txt'
[1.496s] running build
[1.496s] running build_py
[1.496s] creating /home/robot/nav2_ws/build/examples_rclpy_executors/build
[1.496s] creating /home/robot/nav2_ws/build/examples_rclpy_executors/build/lib
[1.496s] creating /home/robot/nav2_ws/build/examples_rclpy_executors/build/lib/examples_rclpy_executors
[1.496s] copying examples_rclpy_executors/custom_callback_group.py -> /home/robot/nav2_ws/build/examples_rclpy_executors/build/lib/examples_rclpy_executors
[1.497s] copying examples_rclpy_executors/listener.py -> /home/robot/nav2_ws/build/examples_rclpy_executors/build/lib/examples_rclpy_executors
[1.497s] copying examples_rclpy_executors/talker.py -> /home/robot/nav2_ws/build/examples_rclpy_executors/build/lib/examples_rclpy_executors
[1.497s] copying examples_rclpy_executors/custom_executor.py -> /home/robot/nav2_ws/build/examples_rclpy_executors/build/lib/examples_rclpy_executors
[1.497s] copying examples_rclpy_executors/callback_group.py -> /home/robot/nav2_ws/build/examples_rclpy_executors/build/lib/examples_rclpy_executors
[1.497s] copying examples_rclpy_executors/composed.py -> /home/robot/nav2_ws/build/examples_rclpy_executors/build/lib/examples_rclpy_executors
[1.497s] copying examples_rclpy_executors/__init__.py -> /home/robot/nav2_ws/build/examples_rclpy_executors/build/lib/examples_rclpy_executors
[1.497s] running install
[1.499s] running install_lib
[1.499s] creating /home/robot/nav2_ws/install/examples_rclpy_executors/lib/python3.8/site-packages/examples_rclpy_executors
[1.500s] byte-compiling /home/robot/nav2_ws/install/examples_rclpy_executors/lib/python3.8/site-packages/examples_rclpy_executors/custom_callback_group.py to custom_callback_group.cpython-38.pyc
[1.500s] byte-compiling /home/robot/nav2_ws/install/examples_rclpy_executors/lib/python3.8/site-packages/examples_rclpy_executors/listener.py to listener.cpython-38.pyc
[1.501s] byte-compiling /home/robot/nav2_ws/install/examples_rclpy_executors/lib/python3.8/site-packages/examples_rclpy_executors/talker.py to talker.cpython-38.pyc
[1.501s] byte-compiling /home/robot/nav2_ws/install/examples_rclpy_executors/lib/python3.8/site-packages/examples_rclpy_executors/custom_executor.py to custom_executor.cpython-38.pyc
[1.501s] byte-compiling /home/robot/nav2_ws/install/examples_rclpy_executors/lib/python3.8/site-packages/examples_rclpy_executors/callback_group.py to callback_group.cpython-38.pyc
[1.501s] byte-compiling /home/robot/nav2_ws/install/examples_rclpy_executors/lib/python3.8/site-packages/examples_rclpy_executors/composed.py to composed.cpython-38.pyc
[1.502s] byte-compiling /home/robot/nav2_ws/install/examples_rclpy_executors/lib/python3.8/site-packages/examples_rclpy_executors/__init__.py to __init__.cpython-38.pyc
[1.502s] running install_data
[1.502s] creating /home/robot/nav2_ws/install/examples_rclpy_executors/share/ament_index
[1.502s] creating /home/robot/nav2_ws/install/examples_rclpy_executors/share/ament_index/resource_index
[1.502s] creating /home/robot/nav2_ws/install/examples_rclpy_executors/share/ament_index/resource_index/packages
[1.502s] copying resource/examples_rclpy_executors -> /home/robot/nav2_ws/install/examples_rclpy_executors/share/ament_index/resource_index/packages
[1.502s] copying package.xml -> /home/robot/nav2_ws/install/examples_rclpy_executors/share/examples_rclpy_executors
[1.502s] running install_egg_info
[1.503s] Copying ../../../../build/examples_rclpy_executors/examples_rclpy_executors.egg-info to /home/robot/nav2_ws/install/examples_rclpy_executors/lib/python3.8/site-packages/examples_rclpy_executors-0.9.4-py3.8.egg-info
[1.504s] running install_scripts
[1.519s] writing list of installed files to '/home/robot/nav2_ws/build/examples_rclpy_executors/install.log'
[1.543s] Invoked command in '/home/robot/nav2_ws/src/examples/rclpy/executors' returned '0': PYTHONPATH=/home/robot/nav2_ws/build/examples_rclpy_executors/prefix_override:/home/robot/nav2_ws/install/examples_rclpy_executors/lib/python3.8/site-packages:${PYTHONPATH} /usr/bin/python3 -W ignore:setup.py install is deprecated setup.py egg_info --egg-base ../../../../build/examples_rclpy_executors build --build-base /home/robot/nav2_ws/build/examples_rclpy_executors/build install --record /home/robot/nav2_ws/build/examples_rclpy_executors/install.log --install-scripts $base/lib/examples_rclpy_executors --single-version-externally-managed install_data
