[0.015s] Invoking command in '/home/robot/nav2_ws/build/hello_world_msgs': CMAKE_PREFIX_PATH=${CMAKE_PREFIX_PATH}:/home/robot/nav2_ws/install/examples_rclpy_minimal_subscriber:/home/robot/nav2_ws/install/examples_rclpy_minimal_service:/home/robot/nav2_ws/install/examples_rclpy_minimal_publisher:/home/robot/nav2_ws/install/examples_rclpy_minimal_client:/home/robot/nav2_ws/install/examples_rclpy_minimal_action_server:/home/robot/nav2_ws/install/examples_rclpy_minimal_action_client:/home/robot/nav2_ws/install/examples_rclpy_executors:/opt/ros/foxy /usr/bin/cmake --build /home/robot/nav2_ws/build/hello_world_msgs -- -j32 -l32
[0.044s] [  9%] Built target hello_world_msgs__rosidl_generator_c
[0.044s] [ 12%] Built target hello_world_msgs__cpp
[0.057s] [ 22%] Built target hello_world_msgs__rosidl_typesupport_introspection_cpp
[0.059s] [ 32%] Built target hello_world_msgs__rosidl_typesupport_cpp
[0.061s] [ 41%] Built target hello_world_msgs__rosidl_typesupport_c
[0.061s] [ 51%] Built target hello_world_msgs__rosidl_typesupport_introspection_c
[0.062s] [ 61%] Built target hello_world_msgs__rosidl_typesupport_fastrtps_cpp
[0.075s] [ 70%] Built target hello_world_msgs__rosidl_typesupport_fastrtps_c
[0.084s] [ 70%] Built target hello_world_msgs
[0.106s] [ 74%] Built target hello_world_msgs__py
[0.126s] [ 80%] Built target hello_world_msgs__python
[0.126s] [ 96%] Built target hello_world_msgs__rosidl_typesupport_fastrtps_c__pyext
[0.126s] [ 96%] Built target hello_world_msgs__rosidl_typesupport_c__pyext
[0.126s] [100%] Built target hello_world_msgs__rosidl_typesupport_introspection_c__pyext
[0.136s] Invoked command in '/home/robot/nav2_ws/build/hello_world_msgs' returned '0': CMAKE_PREFIX_PATH=${CMAKE_PREFIX_PATH}:/home/robot/nav2_ws/install/examples_rclpy_minimal_subscriber:/home/robot/nav2_ws/install/examples_rclpy_minimal_service:/home/robot/nav2_ws/install/examples_rclpy_minimal_publisher:/home/robot/nav2_ws/install/examples_rclpy_minimal_client:/home/robot/nav2_ws/install/examples_rclpy_minimal_action_server:/home/robot/nav2_ws/install/examples_rclpy_minimal_action_client:/home/robot/nav2_ws/install/examples_rclpy_executors:/opt/ros/foxy /usr/bin/cmake --build /home/robot/nav2_ws/build/hello_world_msgs -- -j32 -l32
[0.156s] Invoking command in '/home/robot/nav2_ws/build/hello_world_msgs': CMAKE_PREFIX_PATH=${CMAKE_PREFIX_PATH}:/home/robot/nav2_ws/install/examples_rclpy_minimal_subscriber:/home/robot/nav2_ws/install/examples_rclpy_minimal_service:/home/robot/nav2_ws/install/examples_rclpy_minimal_publisher:/home/robot/nav2_ws/install/examples_rclpy_minimal_client:/home/robot/nav2_ws/install/examples_rclpy_minimal_action_server:/home/robot/nav2_ws/install/examples_rclpy_minimal_action_client:/home/robot/nav2_ws/install/examples_rclpy_executors:/opt/ros/foxy /usr/bin/cmake --install /home/robot/nav2_ws/build/hello_world_msgs
[0.161s] -- Install configuration: ""
[0.161s] -- Up-to-date: /home/robot/nav2_ws/install/hello_world_msgs/share/ament_index/resource_index/rosidl_interfaces/hello_world_msgs
[0.161s] -- Up-to-date: /home/robot/nav2_ws/install/hello_world_msgs/include/hello_world_msgs
[0.161s] -- Up-to-date: /home/robot/nav2_ws/install/hello_world_msgs/include/hello_world_msgs/msg
[0.161s] -- Up-to-date: /home/robot/nav2_ws/install/hello_world_msgs/include/hello_world_msgs/msg/rosidl_generator_c__visibility_control.h
[0.161s] -- Up-to-date: /home/robot/nav2_ws/install/hello_world_msgs/include/hello_world_msgs/msg/hello_world.h
[0.161s] -- Up-to-date: /home/robot/nav2_ws/install/hello_world_msgs/include/hello_world_msgs/msg/detail
[0.161s] -- Up-to-date: /home/robot/nav2_ws/install/hello_world_msgs/include/hello_world_msgs/msg/detail/hello_world__functions.c
[0.162s] -- Up-to-date: /home/robot/nav2_ws/install/hello_world_msgs/include/hello_world_msgs/msg/detail/hello_world__struct.h
[0.162s] -- Up-to-date: /home/robot/nav2_ws/install/hello_world_msgs/include/hello_world_msgs/msg/detail/hello_world__type_support.h
[0.162s] -- Up-to-date: /home/robot/nav2_ws/install/hello_world_msgs/include/hello_world_msgs/msg/detail/hello_world__functions.h
[0.162s] -- Up-to-date: /home/robot/nav2_ws/install/hello_world_msgs/share/hello_world_msgs/environment/library_path.sh
[0.162s] -- Up-to-date: /home/robot/nav2_ws/install/hello_world_msgs/share/hello_world_msgs/environment/library_path.dsv
[0.162s] -- Up-to-date: /home/robot/nav2_ws/install/hello_world_msgs/lib/libhello_world_msgs__rosidl_generator_c.so
[0.162s] -- Up-to-date: /home/robot/nav2_ws/install/hello_world_msgs/include/hello_world_msgs
[0.162s] -- Up-to-date: /home/robot/nav2_ws/install/hello_world_msgs/include/hello_world_msgs/msg
[0.162s] -- Up-to-date: /home/robot/nav2_ws/install/hello_world_msgs/include/hello_world_msgs/msg/detail
[0.162s] -- Up-to-date: /home/robot/nav2_ws/install/hello_world_msgs/include/hello_world_msgs/msg/detail/hello_world__rosidl_typesupport_fastrtps_c.h
[0.162s] -- Up-to-date: /home/robot/nav2_ws/install/hello_world_msgs/include/hello_world_msgs/msg/rosidl_typesupport_fastrtps_c__visibility_control.h
[0.162s] -- Up-to-date: /home/robot/nav2_ws/install/hello_world_msgs/lib/libhello_world_msgs__rosidl_typesupport_fastrtps_c.so
[0.162s] -- Up-to-date: /home/robot/nav2_ws/install/hello_world_msgs/include/hello_world_msgs
[0.162s] -- Up-to-date: /home/robot/nav2_ws/install/hello_world_msgs/include/hello_world_msgs/msg
[0.162s] -- Up-to-date: /home/robot/nav2_ws/install/hello_world_msgs/include/hello_world_msgs/msg/rosidl_typesupport_fastrtps_cpp__visibility_control.h
[0.162s] -- Up-to-date: /home/robot/nav2_ws/install/hello_world_msgs/include/hello_world_msgs/msg/detail
[0.163s] -- Up-to-date: /home/robot/nav2_ws/install/hello_world_msgs/include/hello_world_msgs/msg/detail/hello_world__rosidl_typesupport_fastrtps_cpp.hpp
[0.163s] -- Up-to-date: /home/robot/nav2_ws/install/hello_world_msgs/include/hello_world_msgs/msg/detail/dds_fastrtps
[0.163s] -- Up-to-date: /home/robot/nav2_ws/install/hello_world_msgs/lib/libhello_world_msgs__rosidl_typesupport_fastrtps_cpp.so
[0.163s] -- Up-to-date: /home/robot/nav2_ws/install/hello_world_msgs/include/hello_world_msgs
[0.163s] -- Up-to-date: /home/robot/nav2_ws/install/hello_world_msgs/include/hello_world_msgs/msg
[0.163s] -- Up-to-date: /home/robot/nav2_ws/install/hello_world_msgs/include/hello_world_msgs/msg/detail
[0.163s] -- Up-to-date: /home/robot/nav2_ws/install/hello_world_msgs/include/hello_world_msgs/msg/detail/hello_world__type_support.c
[0.163s] -- Up-to-date: /home/robot/nav2_ws/install/hello_world_msgs/include/hello_world_msgs/msg/detail/hello_world__rosidl_typesupport_introspection_c.h
[0.163s] -- Up-to-date: /home/robot/nav2_ws/install/hello_world_msgs/include/hello_world_msgs/msg/rosidl_typesupport_introspection_c__visibility_control.h
[0.163s] -- Up-to-date: /home/robot/nav2_ws/install/hello_world_msgs/lib/libhello_world_msgs__rosidl_typesupport_introspection_c.so
[0.163s] -- Up-to-date: /home/robot/nav2_ws/install/hello_world_msgs/lib/libhello_world_msgs__rosidl_typesupport_c.so
[0.163s] -- Up-to-date: /home/robot/nav2_ws/install/hello_world_msgs/include/hello_world_msgs
[0.163s] -- Up-to-date: /home/robot/nav2_ws/install/hello_world_msgs/include/hello_world_msgs/msg
[0.163s] -- Up-to-date: /home/robot/nav2_ws/install/hello_world_msgs/include/hello_world_msgs/msg/detail
[0.163s] -- Up-to-date: /home/robot/nav2_ws/install/hello_world_msgs/include/hello_world_msgs/msg/detail/hello_world__traits.hpp
[0.163s] -- Up-to-date: /home/robot/nav2_ws/install/hello_world_msgs/include/hello_world_msgs/msg/detail/hello_world__type_support.hpp
[0.163s] -- Up-to-date: /home/robot/nav2_ws/install/hello_world_msgs/include/hello_world_msgs/msg/detail/hello_world__builder.hpp
[0.163s] -- Up-to-date: /home/robot/nav2_ws/install/hello_world_msgs/include/hello_world_msgs/msg/detail/hello_world__struct.hpp
[0.163s] -- Up-to-date: /home/robot/nav2_ws/install/hello_world_msgs/include/hello_world_msgs/msg/hello_world.hpp
[0.163s] -- Up-to-date: /home/robot/nav2_ws/install/hello_world_msgs/include/hello_world_msgs/msg/rosidl_generator_cpp__visibility_control.hpp
[0.164s] -- Up-to-date: /home/robot/nav2_ws/install/hello_world_msgs/include/hello_world_msgs
[0.164s] -- Up-to-date: /home/robot/nav2_ws/install/hello_world_msgs/include/hello_world_msgs/msg
[0.164s] -- Up-to-date: /home/robot/nav2_ws/install/hello_world_msgs/include/hello_world_msgs/msg/detail
[0.164s] -- Up-to-date: /home/robot/nav2_ws/install/hello_world_msgs/include/hello_world_msgs/msg/detail/hello_world__rosidl_typesupport_introspection_cpp.hpp
[0.164s] -- Up-to-date: /home/robot/nav2_ws/install/hello_world_msgs/include/hello_world_msgs/msg/detail/hello_world__type_support.cpp
[0.164s] -- Up-to-date: /home/robot/nav2_ws/install/hello_world_msgs/lib/libhello_world_msgs__rosidl_typesupport_introspection_cpp.so
[0.164s] -- Up-to-date: /home/robot/nav2_ws/install/hello_world_msgs/lib/libhello_world_msgs__rosidl_typesupport_cpp.so
[0.164s] -- Up-to-date: /home/robot/nav2_ws/install/hello_world_msgs/share/hello_world_msgs/environment/pythonpath.sh
[0.164s] -- Up-to-date: /home/robot/nav2_ws/install/hello_world_msgs/share/hello_world_msgs/environment/pythonpath.dsv
[0.164s] -- Up-to-date: /home/robot/nav2_ws/install/hello_world_msgs/lib/python3.8/site-packages/hello_world_msgs/__init__.py
[0.179s] -- Up-to-date: /home/robot/nav2_ws/install/hello_world_msgs/lib/python3.8/site-packages/hello_world_msgs/msg
[0.180s] -- Up-to-date: /home/robot/nav2_ws/install/hello_world_msgs/lib/python3.8/site-packages/hello_world_msgs/msg/_hello_world.py
[0.180s] -- Up-to-date: /home/robot/nav2_ws/install/hello_world_msgs/lib/python3.8/site-packages/hello_world_msgs/msg/_hello_world_s.c
[0.180s] -- Up-to-date: /home/robot/nav2_ws/install/hello_world_msgs/lib/python3.8/site-packages/hello_world_msgs/msg/__init__.py
[0.180s] -- Up-to-date: /home/robot/nav2_ws/install/hello_world_msgs/lib/python3.8/site-packages/hello_world_msgs/hello_world_msgs_s__rosidl_typesupport_fastrtps_c.cpython-38-x86_64-linux-gnu.so
[0.180s] -- Up-to-date: /home/robot/nav2_ws/install/hello_world_msgs/lib/python3.8/site-packages/hello_world_msgs/hello_world_msgs_s__rosidl_typesupport_introspection_c.cpython-38-x86_64-linux-gnu.so
[0.180s] -- Up-to-date: /home/robot/nav2_ws/install/hello_world_msgs/lib/python3.8/site-packages/hello_world_msgs/hello_world_msgs_s__rosidl_typesupport_c.cpython-38-x86_64-linux-gnu.so
[0.180s] -- Up-to-date: /home/robot/nav2_ws/install/hello_world_msgs/lib/libhello_world_msgs__python.so
[0.180s] -- Up-to-date: /home/robot/nav2_ws/install/hello_world_msgs/share/hello_world_msgs/msg/HelloWorld.idl
[0.180s] -- Up-to-date: /home/robot/nav2_ws/install/hello_world_msgs/share/hello_world_msgs/msg/HelloWorld.msg
[0.181s] -- Up-to-date: /home/robot/nav2_ws/install/hello_world_msgs/share/ament_index/resource_index/package_run_dependencies/hello_world_msgs
[0.181s] -- Up-to-date: /home/robot/nav2_ws/install/hello_world_msgs/share/ament_index/resource_index/parent_prefix_path/hello_world_msgs
[0.181s] -- Up-to-date: /home/robot/nav2_ws/install/hello_world_msgs/share/hello_world_msgs/environment/ament_prefix_path.sh
[0.181s] -- Up-to-date: /home/robot/nav2_ws/install/hello_world_msgs/share/hello_world_msgs/environment/ament_prefix_path.dsv
[0.181s] -- Up-to-date: /home/robot/nav2_ws/install/hello_world_msgs/share/hello_world_msgs/environment/path.sh
[0.181s] -- Up-to-date: /home/robot/nav2_ws/install/hello_world_msgs/share/hello_world_msgs/environment/path.dsv
[0.181s] -- Up-to-date: /home/robot/nav2_ws/install/hello_world_msgs/share/hello_world_msgs/local_setup.bash
[0.181s] -- Up-to-date: /home/robot/nav2_ws/install/hello_world_msgs/share/hello_world_msgs/local_setup.sh
[0.181s] -- Up-to-date: /home/robot/nav2_ws/install/hello_world_msgs/share/hello_world_msgs/local_setup.zsh
[0.181s] -- Up-to-date: /home/robot/nav2_ws/install/hello_world_msgs/share/hello_world_msgs/local_setup.dsv
[0.181s] -- Installing: /home/robot/nav2_ws/install/hello_world_msgs/share/hello_world_msgs/package.dsv
[0.181s] -- Up-to-date: /home/robot/nav2_ws/install/hello_world_msgs/share/ament_index/resource_index/packages/hello_world_msgs
[0.181s] -- Up-to-date: /home/robot/nav2_ws/install/hello_world_msgs/share/hello_world_msgs/cmake/hello_world_msgs__rosidl_generator_cExport.cmake
[0.181s] -- Up-to-date: /home/robot/nav2_ws/install/hello_world_msgs/share/hello_world_msgs/cmake/hello_world_msgs__rosidl_generator_cExport-noconfig.cmake
[0.181s] -- Up-to-date: /home/robot/nav2_ws/install/hello_world_msgs/share/hello_world_msgs/cmake/hello_world_msgs__rosidl_typesupport_introspection_cExport.cmake
[0.181s] -- Up-to-date: /home/robot/nav2_ws/install/hello_world_msgs/share/hello_world_msgs/cmake/hello_world_msgs__rosidl_typesupport_introspection_cExport-noconfig.cmake
[0.181s] -- Up-to-date: /home/robot/nav2_ws/install/hello_world_msgs/share/hello_world_msgs/cmake/hello_world_msgs__rosidl_typesupport_cExport.cmake
[0.181s] -- Up-to-date: /home/robot/nav2_ws/install/hello_world_msgs/share/hello_world_msgs/cmake/hello_world_msgs__rosidl_typesupport_cExport-noconfig.cmake
[0.182s] -- Up-to-date: /home/robot/nav2_ws/install/hello_world_msgs/share/hello_world_msgs/cmake/hello_world_msgs__rosidl_generator_cppExport.cmake
[0.182s] -- Up-to-date: /home/robot/nav2_ws/install/hello_world_msgs/share/hello_world_msgs/cmake/hello_world_msgs__rosidl_typesupport_introspection_cppExport.cmake
[0.182s] -- Up-to-date: /home/robot/nav2_ws/install/hello_world_msgs/share/hello_world_msgs/cmake/hello_world_msgs__rosidl_typesupport_introspection_cppExport-noconfig.cmake
[0.182s] -- Up-to-date: /home/robot/nav2_ws/install/hello_world_msgs/share/hello_world_msgs/cmake/hello_world_msgs__rosidl_typesupport_cppExport.cmake
[0.182s] -- Up-to-date: /home/robot/nav2_ws/install/hello_world_msgs/share/hello_world_msgs/cmake/hello_world_msgs__rosidl_typesupport_cppExport-noconfig.cmake
[0.182s] -- Up-to-date: /home/robot/nav2_ws/install/hello_world_msgs/share/hello_world_msgs/cmake/rosidl_cmake-extras.cmake
[0.182s] -- Up-to-date: /home/robot/nav2_ws/install/hello_world_msgs/share/hello_world_msgs/cmake/ament_cmake_export_dependencies-extras.cmake
[0.182s] -- Up-to-date: /home/robot/nav2_ws/install/hello_world_msgs/share/hello_world_msgs/cmake/ament_cmake_export_libraries-extras.cmake
[0.182s] -- Up-to-date: /home/robot/nav2_ws/install/hello_world_msgs/share/hello_world_msgs/cmake/ament_cmake_export_targets-extras.cmake
[0.182s] -- Up-to-date: /home/robot/nav2_ws/install/hello_world_msgs/share/hello_world_msgs/cmake/ament_cmake_export_include_directories-extras.cmake
[0.183s] -- Up-to-date: /home/robot/nav2_ws/install/hello_world_msgs/share/hello_world_msgs/cmake/rosidl_cmake_export_typesupport_libraries-extras.cmake
[0.183s] -- Up-to-date: /home/robot/nav2_ws/install/hello_world_msgs/share/hello_world_msgs/cmake/rosidl_cmake_export_typesupport_targets-extras.cmake
[0.183s] -- Up-to-date: /home/robot/nav2_ws/install/hello_world_msgs/share/hello_world_msgs/cmake/hello_world_msgsConfig.cmake
[0.183s] -- Up-to-date: /home/robot/nav2_ws/install/hello_world_msgs/share/hello_world_msgs/cmake/hello_world_msgsConfig-version.cmake
[0.183s] -- Up-to-date: /home/robot/nav2_ws/install/hello_world_msgs/share/hello_world_msgs/package.xml
[0.183s] Invoked command in '/home/robot/nav2_ws/build/hello_world_msgs' returned '0': CMAKE_PREFIX_PATH=${CMAKE_PREFIX_PATH}:/home/robot/nav2_ws/install/examples_rclpy_minimal_subscriber:/home/robot/nav2_ws/install/examples_rclpy_minimal_service:/home/robot/nav2_ws/install/examples_rclpy_minimal_publisher:/home/robot/nav2_ws/install/examples_rclpy_minimal_client:/home/robot/nav2_ws/install/examples_rclpy_minimal_action_server:/home/robot/nav2_ws/install/examples_rclpy_minimal_action_client:/home/robot/nav2_ws/install/examples_rclpy_executors:/opt/ros/foxy /usr/bin/cmake --install /home/robot/nav2_ws/build/hello_world_msgs
