-- Found ament_cmake: 0.9.12 (/opt/ros/foxy/share/ament_cmake/cmake)
-- Found PythonInterp: /usr/bin/python3 (found suitable version "3.8.10", minimum required is "3") 
-- Using PYTHON_EXECUTABLE: /usr/bin/python3
-- Found std_msgs: 2.0.5 (/opt/ros/foxy/share/std_msgs/cmake)
-- Using all available rosidl_typesupport_c: rosidl_typesupport_fastrtps_c;rosidl_typesupport_introspection_c
-- Found rosidl_adapter: 1.3.1 (/opt/ros/foxy/share/rosidl_adapter/cmake)
-- Using all available rosidl_typesupport_cpp: rosidl_typesupport_fastrtps_cpp;rosidl_typesupport_introspection_cpp
-- Found sensor_msgs: 2.0.5 (/opt/ros/foxy/share/sensor_msgs/cmake)
-- Found rosidl_default_generators: 1.0.1 (/opt/ros/foxy/share/rosidl_default_generators/cmake)
-- Found PythonInterp: /usr/bin/python3 (found version "3.8.10") 
-- Found ament_cmake_ros: 0.9.2 (/opt/ros/foxy/share/ament_cmake_ros/cmake)
-- Using all available rosidl_typesupport_c: rosidl_typesupport_fastrtps_c;rosidl_typesupport_introspection_c
-- Using all available rosidl_typesupport_cpp: rosidl_typesupport_fastrtps_cpp;rosidl_typesupport_introspection_cpp
-- Found PythonInterp: /usr/bin/python3 (found suitable version "3.8.10", minimum required is "3.5") 
-- Found python_cmake_module: 0.8.1 (/opt/ros/foxy/share/python_cmake_module/cmake)
-- Using PYTHON_EXECUTABLE: /usr/bin/python3
-- Using PYTHON_INCLUDE_DIRS: /usr/include/python3.8
-- Using PYTHON_LIBRARIES: /usr/lib/x86_64-linux-gnu/libpython3.8.so
-- Found ament_lint_auto: 0.9.8 (/opt/ros/foxy/share/ament_lint_auto/cmake)
-- Added test 'copyright' to check source files copyright and LICENSE
-- Added test 'lint_cmake' to check CMake code style
-- Added test 'xmllint' to check XML markup files
-- Configuring done
-- Generating done
-- Build files have been written to: /home/robot/nav2_ws/build/hello_world_msgs
[  3%] [34m[1mGenerating C code for ROS interfaces[0m
[  6%] [34m[1mGenerating C++ code for ROS interfaces[0m
[35m[1mScanning dependencies of target hello_world_msgs__rosidl_generator_c[0m
[  6%] Built target hello_world_msgs__cpp
[  9%] [32mBuilding C object CMakeFiles/hello_world_msgs__rosidl_generator_c.dir/rosidl_generator_c/hello_world_msgs/msg/detail/hello_world__functions.c.o[0m
[ 12%] [34m[1mGenerating C++ type support dispatch for ROS interfaces[0m
[ 16%] [34m[1mGenerating C++ type support for eProsima Fast-RTPS[0m
[ 19%] [34m[1mGenerating C++ introspection for ROS interfaces[0m
[ 22%] [32m[1mLinking C shared library libhello_world_msgs__rosidl_generator_c.so[0m
[ 22%] Built target hello_world_msgs__rosidl_generator_c
[ 29%] [34m[1mGenerating C type support dispatch for ROS interfaces[0m
[ 29%] [34m[1mGenerating C introspection for ROS interfaces[0m
[35m[1mScanning dependencies of target hello_world_msgs__rosidl_typesupport_cpp[0m
[ 32%] [32mBuilding CXX object CMakeFiles/hello_world_msgs__rosidl_typesupport_cpp.dir/rosidl_typesupport_cpp/hello_world_msgs/msg/hello_world__type_support.cpp.o[0m
[35m[1mScanning dependencies of target hello_world_msgs__rosidl_typesupport_introspection_cpp[0m
[35m[1mScanning dependencies of target hello_world_msgs__rosidl_typesupport_fastrtps_cpp[0m
[ 35%] [32mBuilding CXX object CMakeFiles/hello_world_msgs__rosidl_typesupport_introspection_cpp.dir/rosidl_typesupport_introspection_cpp/hello_world_msgs/msg/detail/hello_world__type_support.cpp.o[0m
[ 38%] [32mBuilding CXX object CMakeFiles/hello_world_msgs__rosidl_typesupport_fastrtps_cpp.dir/rosidl_typesupport_fastrtps_cpp/hello_world_msgs/msg/detail/dds_fastrtps/hello_world__type_support.cpp.o[0m
[35m[1mScanning dependencies of target hello_world_msgs__rosidl_typesupport_c[0m
[35m[1mScanning dependencies of target hello_world_msgs__rosidl_typesupport_introspection_c[0m
[ 41%] [32mBuilding CXX object CMakeFiles/hello_world_msgs__rosidl_typesupport_c.dir/rosidl_typesupport_c/hello_world_msgs/msg/hello_world__type_support.cpp.o[0m
[ 45%] [32mBuilding C object CMakeFiles/hello_world_msgs__rosidl_typesupport_introspection_c.dir/rosidl_typesupport_introspection_c/hello_world_msgs/msg/detail/hello_world__type_support.c.o[0m
[ 48%] [32m[1mLinking CXX shared library libhello_world_msgs__rosidl_typesupport_c.so[0m
[ 51%] [32m[1mLinking C shared library libhello_world_msgs__rosidl_typesupport_introspection_c.so[0m
[ 51%] Built target hello_world_msgs__rosidl_typesupport_c
[ 51%] Built target hello_world_msgs__rosidl_typesupport_introspection_c
[ 54%] [32m[1mLinking CXX shared library libhello_world_msgs__rosidl_typesupport_cpp.so[0m
[ 58%] [32m[1mLinking CXX shared library libhello_world_msgs__rosidl_typesupport_introspection_cpp.so[0m
[ 58%] Built target hello_world_msgs__rosidl_typesupport_cpp
[ 58%] Built target hello_world_msgs__rosidl_typesupport_introspection_cpp
[ 61%] [32m[1mLinking CXX shared library libhello_world_msgs__rosidl_typesupport_fastrtps_cpp.so[0m
[ 61%] Built target hello_world_msgs__rosidl_typesupport_fastrtps_cpp
[ 64%] [34m[1mGenerating C type support for eProsima Fast-RTPS[0m
[35m[1mScanning dependencies of target hello_world_msgs__rosidl_typesupport_fastrtps_c[0m
[ 67%] [32mBuilding CXX object CMakeFiles/hello_world_msgs__rosidl_typesupport_fastrtps_c.dir/rosidl_typesupport_fastrtps_c/hello_world_msgs/msg/detail/hello_world__type_support_c.cpp.o[0m
[ 70%] [32m[1mLinking CXX shared library libhello_world_msgs__rosidl_typesupport_fastrtps_c.so[0m
[ 70%] Built target hello_world_msgs__rosidl_typesupport_fastrtps_c
[ 70%] Built target hello_world_msgs
[ 74%] [34m[1mGenerating Python code for ROS interfaces[0m
[ 74%] Built target hello_world_msgs__py
[35m[1mScanning dependencies of target hello_world_msgs__python[0m
[ 77%] [32mBuilding C object CMakeFiles/hello_world_msgs__python.dir/rosidl_generator_py/hello_world_msgs/msg/_hello_world_s.c.o[0m
[ 80%] [32m[1mLinking C shared library rosidl_generator_py/hello_world_msgs/libhello_world_msgs__python.so[0m
[ 80%] Built target hello_world_msgs__python
[35m[1mScanning dependencies of target hello_world_msgs__rosidl_typesupport_c__pyext[0m
[35m[1mScanning dependencies of target hello_world_msgs__rosidl_typesupport_introspection_c__pyext[0m
[35m[1mScanning dependencies of target hello_world_msgs__rosidl_typesupport_fastrtps_c__pyext[0m
[ 83%] [32mBuilding C object CMakeFiles/hello_world_msgs__rosidl_typesupport_c__pyext.dir/rosidl_generator_py/hello_world_msgs/_hello_world_msgs_s.ep.rosidl_typesupport_c.c.o[0m
[ 87%] [32mBuilding C object CMakeFiles/hello_world_msgs__rosidl_typesupport_introspection_c__pyext.dir/rosidl_generator_py/hello_world_msgs/_hello_world_msgs_s.ep.rosidl_typesupport_introspection_c.c.o[0m
[ 90%] [32mBuilding C object CMakeFiles/hello_world_msgs__rosidl_typesupport_fastrtps_c__pyext.dir/rosidl_generator_py/hello_world_msgs/_hello_world_msgs_s.ep.rosidl_typesupport_fastrtps_c.c.o[0m
[ 96%] [32m[1mLinking C shared library rosidl_generator_py/hello_world_msgs/hello_world_msgs_s__rosidl_typesupport_introspection_c.cpython-38-x86_64-linux-gnu.so[0m
[ 96%] [32m[1mLinking C shared library rosidl_generator_py/hello_world_msgs/hello_world_msgs_s__rosidl_typesupport_c.cpython-38-x86_64-linux-gnu.so[0m
[100%] [32m[1mLinking CXX shared library rosidl_generator_py/hello_world_msgs/hello_world_msgs_s__rosidl_typesupport_fastrtps_c.cpython-38-x86_64-linux-gnu.so[0m
[100%] Built target hello_world_msgs__rosidl_typesupport_introspection_c__pyext
[100%] Built target hello_world_msgs__rosidl_typesupport_c__pyext
[100%] Built target hello_world_msgs__rosidl_typesupport_fastrtps_c__pyext
-- Install configuration: ""
-- Up-to-date: /home/robot/nav2_ws/install/hello_world_msgs/share/ament_index/resource_index/rosidl_interfaces/hello_world_msgs
-- Up-to-date: /home/robot/nav2_ws/install/hello_world_msgs/include/hello_world_msgs
-- Up-to-date: /home/robot/nav2_ws/install/hello_world_msgs/include/hello_world_msgs/msg
-- Up-to-date: /home/robot/nav2_ws/install/hello_world_msgs/include/hello_world_msgs/msg/rosidl_generator_c__visibility_control.h
-- Installing: /home/robot/nav2_ws/install/hello_world_msgs/include/hello_world_msgs/msg/hello_world.h
-- Up-to-date: /home/robot/nav2_ws/install/hello_world_msgs/include/hello_world_msgs/msg/detail
-- Installing: /home/robot/nav2_ws/install/hello_world_msgs/include/hello_world_msgs/msg/detail/hello_world__functions.c
-- Installing: /home/robot/nav2_ws/install/hello_world_msgs/include/hello_world_msgs/msg/detail/hello_world__struct.h
-- Installing: /home/robot/nav2_ws/install/hello_world_msgs/include/hello_world_msgs/msg/detail/hello_world__type_support.h
-- Installing: /home/robot/nav2_ws/install/hello_world_msgs/include/hello_world_msgs/msg/detail/hello_world__functions.h
-- Up-to-date: /home/robot/nav2_ws/install/hello_world_msgs/share/hello_world_msgs/environment/library_path.sh
-- Installing: /home/robot/nav2_ws/install/hello_world_msgs/share/hello_world_msgs/environment/library_path.dsv
-- Installing: /home/robot/nav2_ws/install/hello_world_msgs/lib/libhello_world_msgs__rosidl_generator_c.so
-- Set runtime path of "/home/robot/nav2_ws/install/hello_world_msgs/lib/libhello_world_msgs__rosidl_generator_c.so" to ""
-- Up-to-date: /home/robot/nav2_ws/install/hello_world_msgs/include/hello_world_msgs
-- Up-to-date: /home/robot/nav2_ws/install/hello_world_msgs/include/hello_world_msgs/msg
-- Up-to-date: /home/robot/nav2_ws/install/hello_world_msgs/include/hello_world_msgs/msg/detail
-- Installing: /home/robot/nav2_ws/install/hello_world_msgs/include/hello_world_msgs/msg/detail/hello_world__rosidl_typesupport_fastrtps_c.h
-- Up-to-date: /home/robot/nav2_ws/install/hello_world_msgs/include/hello_world_msgs/msg/rosidl_typesupport_fastrtps_c__visibility_control.h
-- Installing: /home/robot/nav2_ws/install/hello_world_msgs/lib/libhello_world_msgs__rosidl_typesupport_fastrtps_c.so
-- Set runtime path of "/home/robot/nav2_ws/install/hello_world_msgs/lib/libhello_world_msgs__rosidl_typesupport_fastrtps_c.so" to ""
-- Up-to-date: /home/robot/nav2_ws/install/hello_world_msgs/include/hello_world_msgs
-- Up-to-date: /home/robot/nav2_ws/install/hello_world_msgs/include/hello_world_msgs/msg
-- Up-to-date: /home/robot/nav2_ws/install/hello_world_msgs/include/hello_world_msgs/msg/rosidl_typesupport_fastrtps_cpp__visibility_control.h
-- Up-to-date: /home/robot/nav2_ws/install/hello_world_msgs/include/hello_world_msgs/msg/detail
-- Installing: /home/robot/nav2_ws/install/hello_world_msgs/include/hello_world_msgs/msg/detail/hello_world__rosidl_typesupport_fastrtps_cpp.hpp
-- Up-to-date: /home/robot/nav2_ws/install/hello_world_msgs/include/hello_world_msgs/msg/detail/dds_fastrtps
-- Installing: /home/robot/nav2_ws/install/hello_world_msgs/lib/libhello_world_msgs__rosidl_typesupport_fastrtps_cpp.so
-- Set runtime path of "/home/robot/nav2_ws/install/hello_world_msgs/lib/libhello_world_msgs__rosidl_typesupport_fastrtps_cpp.so" to ""
-- Up-to-date: /home/robot/nav2_ws/install/hello_world_msgs/include/hello_world_msgs
-- Up-to-date: /home/robot/nav2_ws/install/hello_world_msgs/include/hello_world_msgs/msg
-- Up-to-date: /home/robot/nav2_ws/install/hello_world_msgs/include/hello_world_msgs/msg/detail
-- Installing: /home/robot/nav2_ws/install/hello_world_msgs/include/hello_world_msgs/msg/detail/hello_world__type_support.c
-- Installing: /home/robot/nav2_ws/install/hello_world_msgs/include/hello_world_msgs/msg/detail/hello_world__rosidl_typesupport_introspection_c.h
-- Up-to-date: /home/robot/nav2_ws/install/hello_world_msgs/include/hello_world_msgs/msg/rosidl_typesupport_introspection_c__visibility_control.h
-- Installing: /home/robot/nav2_ws/install/hello_world_msgs/lib/libhello_world_msgs__rosidl_typesupport_introspection_c.so
-- Set runtime path of "/home/robot/nav2_ws/install/hello_world_msgs/lib/libhello_world_msgs__rosidl_typesupport_introspection_c.so" to ""
-- Installing: /home/robot/nav2_ws/install/hello_world_msgs/lib/libhello_world_msgs__rosidl_typesupport_c.so
-- Set runtime path of "/home/robot/nav2_ws/install/hello_world_msgs/lib/libhello_world_msgs__rosidl_typesupport_c.so" to ""
-- Up-to-date: /home/robot/nav2_ws/install/hello_world_msgs/include/hello_world_msgs
-- Up-to-date: /home/robot/nav2_ws/install/hello_world_msgs/include/hello_world_msgs/msg
-- Up-to-date: /home/robot/nav2_ws/install/hello_world_msgs/include/hello_world_msgs/msg/detail
-- Installing: /home/robot/nav2_ws/install/hello_world_msgs/include/hello_world_msgs/msg/detail/hello_world__traits.hpp
-- Installing: /home/robot/nav2_ws/install/hello_world_msgs/include/hello_world_msgs/msg/detail/hello_world__type_support.hpp
-- Installing: /home/robot/nav2_ws/install/hello_world_msgs/include/hello_world_msgs/msg/detail/hello_world__builder.hpp
-- Installing: /home/robot/nav2_ws/install/hello_world_msgs/include/hello_world_msgs/msg/detail/hello_world__struct.hpp
-- Installing: /home/robot/nav2_ws/install/hello_world_msgs/include/hello_world_msgs/msg/hello_world.hpp
-- Up-to-date: /home/robot/nav2_ws/install/hello_world_msgs/include/hello_world_msgs/msg/rosidl_generator_cpp__visibility_control.hpp
-- Up-to-date: /home/robot/nav2_ws/install/hello_world_msgs/include/hello_world_msgs
-- Up-to-date: /home/robot/nav2_ws/install/hello_world_msgs/include/hello_world_msgs/msg
-- Up-to-date: /home/robot/nav2_ws/install/hello_world_msgs/include/hello_world_msgs/msg/detail
-- Installing: /home/robot/nav2_ws/install/hello_world_msgs/include/hello_world_msgs/msg/detail/hello_world__rosidl_typesupport_introspection_cpp.hpp
-- Installing: /home/robot/nav2_ws/install/hello_world_msgs/include/hello_world_msgs/msg/detail/hello_world__type_support.cpp
-- Installing: /home/robot/nav2_ws/install/hello_world_msgs/lib/libhello_world_msgs__rosidl_typesupport_introspection_cpp.so
-- Set runtime path of "/home/robot/nav2_ws/install/hello_world_msgs/lib/libhello_world_msgs__rosidl_typesupport_introspection_cpp.so" to ""
-- Installing: /home/robot/nav2_ws/install/hello_world_msgs/lib/libhello_world_msgs__rosidl_typesupport_cpp.so
-- Set runtime path of "/home/robot/nav2_ws/install/hello_world_msgs/lib/libhello_world_msgs__rosidl_typesupport_cpp.so" to ""
-- Up-to-date: /home/robot/nav2_ws/install/hello_world_msgs/share/hello_world_msgs/environment/pythonpath.sh
-- Installing: /home/robot/nav2_ws/install/hello_world_msgs/share/hello_world_msgs/environment/pythonpath.dsv
-- Installing: /home/robot/nav2_ws/install/hello_world_msgs/lib/python3.8/site-packages/hello_world_msgs/__init__.py
Compiling '/home/robot/nav2_ws/install/hello_world_msgs/lib/python3.8/site-packages/hello_world_msgs/__init__.py'...
-- Up-to-date: /home/robot/nav2_ws/install/hello_world_msgs/lib/python3.8/site-packages/hello_world_msgs/msg
-- Installing: /home/robot/nav2_ws/install/hello_world_msgs/lib/python3.8/site-packages/hello_world_msgs/msg/_hello_world.py
-- Installing: /home/robot/nav2_ws/install/hello_world_msgs/lib/python3.8/site-packages/hello_world_msgs/msg/_hello_world_s.c
-- Installing: /home/robot/nav2_ws/install/hello_world_msgs/lib/python3.8/site-packages/hello_world_msgs/msg/__init__.py
-- Installing: /home/robot/nav2_ws/install/hello_world_msgs/lib/python3.8/site-packages/hello_world_msgs/hello_world_msgs_s__rosidl_typesupport_fastrtps_c.cpython-38-x86_64-linux-gnu.so
-- Set runtime path of "/home/robot/nav2_ws/install/hello_world_msgs/lib/python3.8/site-packages/hello_world_msgs/hello_world_msgs_s__rosidl_typesupport_fastrtps_c.cpython-38-x86_64-linux-gnu.so" to ""
-- Installing: /home/robot/nav2_ws/install/hello_world_msgs/lib/python3.8/site-packages/hello_world_msgs/hello_world_msgs_s__rosidl_typesupport_introspection_c.cpython-38-x86_64-linux-gnu.so
-- Set runtime path of "/home/robot/nav2_ws/install/hello_world_msgs/lib/python3.8/site-packages/hello_world_msgs/hello_world_msgs_s__rosidl_typesupport_introspection_c.cpython-38-x86_64-linux-gnu.so" to ""
-- Installing: /home/robot/nav2_ws/install/hello_world_msgs/lib/python3.8/site-packages/hello_world_msgs/hello_world_msgs_s__rosidl_typesupport_c.cpython-38-x86_64-linux-gnu.so
-- Set runtime path of "/home/robot/nav2_ws/install/hello_world_msgs/lib/python3.8/site-packages/hello_world_msgs/hello_world_msgs_s__rosidl_typesupport_c.cpython-38-x86_64-linux-gnu.so" to ""
-- Installing: /home/robot/nav2_ws/install/hello_world_msgs/lib/libhello_world_msgs__python.so
-- Set runtime path of "/home/robot/nav2_ws/install/hello_world_msgs/lib/libhello_world_msgs__python.so" to ""
-- Installing: /home/robot/nav2_ws/install/hello_world_msgs/share/hello_world_msgs/msg/HelloWorld.idl
-- Installing: /home/robot/nav2_ws/install/hello_world_msgs/share/hello_world_msgs/msg/HelloWorld.msg
-- Up-to-date: /home/robot/nav2_ws/install/hello_world_msgs/share/ament_index/resource_index/package_run_dependencies/hello_world_msgs
-- Up-to-date: /home/robot/nav2_ws/install/hello_world_msgs/share/ament_index/resource_index/parent_prefix_path/hello_world_msgs
-- Up-to-date: /home/robot/nav2_ws/install/hello_world_msgs/share/hello_world_msgs/environment/ament_prefix_path.sh
-- Installing: /home/robot/nav2_ws/install/hello_world_msgs/share/hello_world_msgs/environment/ament_prefix_path.dsv
-- Up-to-date: /home/robot/nav2_ws/install/hello_world_msgs/share/hello_world_msgs/environment/path.sh
-- Installing: /home/robot/nav2_ws/install/hello_world_msgs/share/hello_world_msgs/environment/path.dsv
-- Up-to-date: /home/robot/nav2_ws/install/hello_world_msgs/share/hello_world_msgs/local_setup.bash
-- Up-to-date: /home/robot/nav2_ws/install/hello_world_msgs/share/hello_world_msgs/local_setup.sh
-- Up-to-date: /home/robot/nav2_ws/install/hello_world_msgs/share/hello_world_msgs/local_setup.zsh
-- Installing: /home/robot/nav2_ws/install/hello_world_msgs/share/hello_world_msgs/local_setup.dsv
-- Installing: /home/robot/nav2_ws/install/hello_world_msgs/share/hello_world_msgs/package.dsv
-- Up-to-date: /home/robot/nav2_ws/install/hello_world_msgs/share/ament_index/resource_index/packages/hello_world_msgs
-- Up-to-date: /home/robot/nav2_ws/install/hello_world_msgs/share/hello_world_msgs/cmake/hello_world_msgs__rosidl_generator_cExport.cmake
-- Installing: /home/robot/nav2_ws/install/hello_world_msgs/share/hello_world_msgs/cmake/hello_world_msgs__rosidl_generator_cExport-noconfig.cmake
-- Up-to-date: /home/robot/nav2_ws/install/hello_world_msgs/share/hello_world_msgs/cmake/hello_world_msgs__rosidl_typesupport_introspection_cExport.cmake
-- Installing: /home/robot/nav2_ws/install/hello_world_msgs/share/hello_world_msgs/cmake/hello_world_msgs__rosidl_typesupport_introspection_cExport-noconfig.cmake
-- Up-to-date: /home/robot/nav2_ws/install/hello_world_msgs/share/hello_world_msgs/cmake/hello_world_msgs__rosidl_typesupport_cExport.cmake
-- Installing: /home/robot/nav2_ws/install/hello_world_msgs/share/hello_world_msgs/cmake/hello_world_msgs__rosidl_typesupport_cExport-noconfig.cmake
-- Up-to-date: /home/robot/nav2_ws/install/hello_world_msgs/share/hello_world_msgs/cmake/hello_world_msgs__rosidl_generator_cppExport.cmake
-- Up-to-date: /home/robot/nav2_ws/install/hello_world_msgs/share/hello_world_msgs/cmake/hello_world_msgs__rosidl_typesupport_introspection_cppExport.cmake
-- Installing: /home/robot/nav2_ws/install/hello_world_msgs/share/hello_world_msgs/cmake/hello_world_msgs__rosidl_typesupport_introspection_cppExport-noconfig.cmake
-- Up-to-date: /home/robot/nav2_ws/install/hello_world_msgs/share/hello_world_msgs/cmake/hello_world_msgs__rosidl_typesupport_cppExport.cmake
-- Installing: /home/robot/nav2_ws/install/hello_world_msgs/share/hello_world_msgs/cmake/hello_world_msgs__rosidl_typesupport_cppExport-noconfig.cmake
-- Up-to-date: /home/robot/nav2_ws/install/hello_world_msgs/share/hello_world_msgs/cmake/rosidl_cmake-extras.cmake
-- Up-to-date: /home/robot/nav2_ws/install/hello_world_msgs/share/hello_world_msgs/cmake/ament_cmake_export_dependencies-extras.cmake
-- Up-to-date: /home/robot/nav2_ws/install/hello_world_msgs/share/hello_world_msgs/cmake/ament_cmake_export_libraries-extras.cmake
-- Up-to-date: /home/robot/nav2_ws/install/hello_world_msgs/share/hello_world_msgs/cmake/ament_cmake_export_targets-extras.cmake
-- Up-to-date: /home/robot/nav2_ws/install/hello_world_msgs/share/hello_world_msgs/cmake/ament_cmake_export_include_directories-extras.cmake
-- Up-to-date: /home/robot/nav2_ws/install/hello_world_msgs/share/hello_world_msgs/cmake/rosidl_cmake_export_typesupport_libraries-extras.cmake
-- Up-to-date: /home/robot/nav2_ws/install/hello_world_msgs/share/hello_world_msgs/cmake/rosidl_cmake_export_typesupport_targets-extras.cmake
-- Up-to-date: /home/robot/nav2_ws/install/hello_world_msgs/share/hello_world_msgs/cmake/hello_world_msgsConfig.cmake
-- Up-to-date: /home/robot/nav2_ws/install/hello_world_msgs/share/hello_world_msgs/cmake/hello_world_msgsConfig-version.cmake
-- Up-to-date: /home/robot/nav2_ws/install/hello_world_msgs/share/hello_world_msgs/package.xml
