[0.088s] DEBUG:colcon:Command line arguments: ['/usr/bin/colcon', 'build']
[0.088s] DEBUG:colcon:Parsed command line arguments: Namespace(allow_overriding=[], ament_cmake_args=None, base_paths=['.'], build_base='build', catkin_cmake_args=None, catkin_skip_building_tests=False, cmake_args=None, cmake_clean_cache=False, cmake_clean_first=False, cmake_force_configure=False, cmake_target=None, cmake_target_skip_unavailable=False, continue_on_error=False, event_handlers=None, executor='parallel', ignore_user_meta=False, install_base='install', log_base=None, log_level=None, main=<bound method BuildVerb.main of <colcon_core.verb.build.BuildVerb object at 0x7f0817cf6490>>, merge_install=False, metas=['./colcon.meta'], packages_above=None, packages_above_and_dependencies=None, packages_above_depth=None, packages_end=None, packages_ignore=None, packages_ignore_regex=None, packages_select=None, packages_select_build_failed=False, packages_select_by_dep=None, packages_select_regex=None, packages_select_test_failures=False, packages_skip=None, packages_skip_build_finished=False, packages_skip_by_dep=None, packages_skip_regex=None, packages_skip_test_passed=False, packages_skip_up_to=None, packages_start=None, packages_up_to=None, packages_up_to_regex=None, parallel_workers=32, paths=None, symlink_install=False, test_result_base=None, verb_extension=<colcon_core.verb.build.BuildVerb object at 0x7f0817cf6490>, verb_name='build', verb_parser=<colcon_defaults.argument_parser.defaults.DefaultArgumentsDecorator object at 0x7f0817cf6be0>)
[0.163s] Level 1:colcon.colcon_core.package_discovery:discover_packages(colcon_meta) check parameters
[0.163s] Level 1:colcon.colcon_core.package_discovery:discover_packages(recursive) check parameters
[0.163s] Level 1:colcon.colcon_core.package_discovery:discover_packages(ignore) check parameters
[0.163s] Level 1:colcon.colcon_core.package_discovery:discover_packages(path) check parameters
[0.163s] Level 1:colcon.colcon_core.package_discovery:discover_packages(colcon_meta) discover
[0.163s] Level 1:colcon.colcon_core.package_discovery:discover_packages(recursive) discover
[0.163s] INFO:colcon.colcon_core.package_discovery:Crawling recursively for packages in '/home/robot/nav2_ws'
[0.163s] Level 1:colcon.colcon_core.package_identification:_identify(.) by extensions ['ignore', 'ignore_ament_install']
[0.163s] Level 1:colcon.colcon_core.package_identification:_identify(.) by extension 'ignore'
[0.163s] Level 1:colcon.colcon_core.package_identification:_identify(.) by extension 'ignore_ament_install'
[0.163s] Level 1:colcon.colcon_core.package_identification:_identify(.) by extensions ['colcon_pkg']
[0.163s] Level 1:colcon.colcon_core.package_identification:_identify(.) by extension 'colcon_pkg'
[0.163s] Level 1:colcon.colcon_core.package_identification:_identify(.) by extensions ['colcon_meta']
[0.163s] Level 1:colcon.colcon_core.package_identification:_identify(.) by extension 'colcon_meta'
[0.163s] Level 1:colcon.colcon_core.package_identification:_identify(.) by extensions ['ros']
[0.163s] Level 1:colcon.colcon_core.package_identification:_identify(.) by extension 'ros'
[0.168s] Level 1:colcon.colcon_core.package_identification:_identify(.) by extensions ['cmake', 'python']
[0.168s] Level 1:colcon.colcon_core.package_identification:_identify(.) by extension 'cmake'
[0.168s] Level 1:colcon.colcon_core.package_identification:_identify(.) by extension 'python'
[0.168s] Level 1:colcon.colcon_core.package_identification:_identify(.) by extensions ['python_setup_py']
[0.168s] Level 1:colcon.colcon_core.package_identification:_identify(.) by extension 'python_setup_py'
[0.168s] Level 1:colcon.colcon_core.package_identification:_identify(build) by extensions ['ignore', 'ignore_ament_install']
[0.168s] Level 1:colcon.colcon_core.package_identification:_identify(build) by extension 'ignore'
[0.168s] Level 1:colcon.colcon_core.package_identification:_identify(build) ignored
[0.168s] Level 1:colcon.colcon_core.package_identification:_identify(install) by extensions ['ignore', 'ignore_ament_install']
[0.168s] Level 1:colcon.colcon_core.package_identification:_identify(install) by extension 'ignore'
[0.168s] Level 1:colcon.colcon_core.package_identification:_identify(install) ignored
[0.168s] Level 1:colcon.colcon_core.package_identification:_identify(log) by extensions ['ignore', 'ignore_ament_install']
[0.168s] Level 1:colcon.colcon_core.package_identification:_identify(log) by extension 'ignore'
[0.168s] Level 1:colcon.colcon_core.package_identification:_identify(log) ignored
[0.169s] Level 1:colcon.colcon_core.package_identification:_identify(src) by extensions ['ignore', 'ignore_ament_install']
[0.169s] Level 1:colcon.colcon_core.package_identification:_identify(src) by extension 'ignore'
[0.169s] Level 1:colcon.colcon_core.package_identification:_identify(src) by extension 'ignore_ament_install'
[0.169s] Level 1:colcon.colcon_core.package_identification:_identify(src) by extensions ['colcon_pkg']
[0.169s] Level 1:colcon.colcon_core.package_identification:_identify(src) by extension 'colcon_pkg'
[0.169s] Level 1:colcon.colcon_core.package_identification:_identify(src) by extensions ['colcon_meta']
[0.169s] Level 1:colcon.colcon_core.package_identification:_identify(src) by extension 'colcon_meta'
[0.169s] Level 1:colcon.colcon_core.package_identification:_identify(src) by extensions ['ros']
[0.169s] Level 1:colcon.colcon_core.package_identification:_identify(src) by extension 'ros'
[0.169s] Level 1:colcon.colcon_core.package_identification:_identify(src) by extensions ['cmake', 'python']
[0.169s] Level 1:colcon.colcon_core.package_identification:_identify(src) by extension 'cmake'
[0.169s] Level 1:colcon.colcon_core.package_identification:_identify(src) by extension 'python'
[0.169s] Level 1:colcon.colcon_core.package_identification:_identify(src) by extensions ['python_setup_py']
[0.169s] Level 1:colcon.colcon_core.package_identification:_identify(src) by extension 'python_setup_py'
[0.169s] Level 1:colcon.colcon_core.package_identification:_identify(src/car2) by extensions ['ignore', 'ignore_ament_install']
[0.169s] Level 1:colcon.colcon_core.package_identification:_identify(src/car2) by extension 'ignore'
[0.169s] Level 1:colcon.colcon_core.package_identification:_identify(src/car2) by extension 'ignore_ament_install'
[0.169s] Level 1:colcon.colcon_core.package_identification:_identify(src/car2) by extensions ['colcon_pkg']
[0.169s] Level 1:colcon.colcon_core.package_identification:_identify(src/car2) by extension 'colcon_pkg'
[0.169s] Level 1:colcon.colcon_core.package_identification:_identify(src/car2) by extensions ['colcon_meta']
[0.169s] Level 1:colcon.colcon_core.package_identification:_identify(src/car2) by extension 'colcon_meta'
[0.169s] Level 1:colcon.colcon_core.package_identification:_identify(src/car2) by extensions ['ros']
[0.169s] Level 1:colcon.colcon_core.package_identification:_identify(src/car2) by extension 'ros'
[0.170s] DEBUG:colcon.colcon_core.package_identification:Package 'src/car2' with type 'ros.ament_cmake' and name 'car2'
[0.170s] Level 1:colcon.colcon_core.package_identification:_identify(src/h1_sport_sdk) by extensions ['ignore', 'ignore_ament_install']
[0.170s] Level 1:colcon.colcon_core.package_identification:_identify(src/h1_sport_sdk) by extension 'ignore'
[0.170s] Level 1:colcon.colcon_core.package_identification:_identify(src/h1_sport_sdk) by extension 'ignore_ament_install'
[0.170s] Level 1:colcon.colcon_core.package_identification:_identify(src/h1_sport_sdk) by extensions ['colcon_pkg']
[0.170s] Level 1:colcon.colcon_core.package_identification:_identify(src/h1_sport_sdk) by extension 'colcon_pkg'
[0.170s] Level 1:colcon.colcon_core.package_identification:_identify(src/h1_sport_sdk) by extensions ['colcon_meta']
[0.170s] Level 1:colcon.colcon_core.package_identification:_identify(src/h1_sport_sdk) by extension 'colcon_meta'
[0.170s] Level 1:colcon.colcon_core.package_identification:_identify(src/h1_sport_sdk) by extensions ['ros']
[0.170s] Level 1:colcon.colcon_core.package_identification:_identify(src/h1_sport_sdk) by extension 'ros'
[0.170s] DEBUG:colcon.colcon_core.package_identification:Package 'src/h1_sport_sdk' with type 'ros.ament_cmake' and name 'h1_sport_sdk'
[0.170s] Level 1:colcon.colcon_core.package_identification:_identify(src/village_wang) by extensions ['ignore', 'ignore_ament_install']
[0.170s] Level 1:colcon.colcon_core.package_identification:_identify(src/village_wang) by extension 'ignore'
[0.170s] Level 1:colcon.colcon_core.package_identification:_identify(src/village_wang) by extension 'ignore_ament_install'
[0.170s] Level 1:colcon.colcon_core.package_identification:_identify(src/village_wang) by extensions ['colcon_pkg']
[0.170s] Level 1:colcon.colcon_core.package_identification:_identify(src/village_wang) by extension 'colcon_pkg'
[0.170s] Level 1:colcon.colcon_core.package_identification:_identify(src/village_wang) by extensions ['colcon_meta']
[0.170s] Level 1:colcon.colcon_core.package_identification:_identify(src/village_wang) by extension 'colcon_meta'
[0.170s] Level 1:colcon.colcon_core.package_identification:_identify(src/village_wang) by extensions ['ros']
[0.171s] Level 1:colcon.colcon_core.package_identification:_identify(src/village_wang) by extension 'ros'
[0.171s] DEBUG:colcon.colcon_core.package_identification:Package 'src/village_wang' with type 'ros.ament_cmake' and name 'village_wang'
[0.171s] Level 1:colcon.colcon_core.package_discovery:discover_packages(recursive) using defaults
[0.171s] Level 1:colcon.colcon_core.package_discovery:discover_packages(ignore) discover
[0.171s] Level 1:colcon.colcon_core.package_discovery:discover_packages(ignore) using defaults
[0.171s] Level 1:colcon.colcon_core.package_discovery:discover_packages(path) discover
[0.171s] Level 1:colcon.colcon_core.package_discovery:discover_packages(path) using defaults
[0.179s] Level 1:colcon.colcon_core.package_discovery:discover_packages(prefix_path) check parameters
[0.179s] Level 1:colcon.colcon_core.package_discovery:discover_packages(prefix_path) discover
[0.180s] DEBUG:colcon.colcon_installed_package_information.package_discovery:Found 380 installed packages in /opt/ros/foxy
[0.181s] Level 1:colcon.colcon_core.package_discovery:discover_packages(prefix_path) using defaults
[0.206s] Level 5:colcon.colcon_core.verb:set package 'car2' build argument 'cmake_args' from command line to 'None'
[0.206s] Level 5:colcon.colcon_core.verb:set package 'car2' build argument 'cmake_target' from command line to 'None'
[0.206s] Level 5:colcon.colcon_core.verb:set package 'car2' build argument 'cmake_target_skip_unavailable' from command line to 'False'
[0.206s] Level 5:colcon.colcon_core.verb:set package 'car2' build argument 'cmake_clean_cache' from command line to 'False'
[0.206s] Level 5:colcon.colcon_core.verb:set package 'car2' build argument 'cmake_clean_first' from command line to 'False'
[0.206s] Level 5:colcon.colcon_core.verb:set package 'car2' build argument 'cmake_force_configure' from command line to 'False'
[0.206s] Level 5:colcon.colcon_core.verb:set package 'car2' build argument 'ament_cmake_args' from command line to 'None'
[0.206s] Level 5:colcon.colcon_core.verb:set package 'car2' build argument 'catkin_cmake_args' from command line to 'None'
[0.206s] Level 5:colcon.colcon_core.verb:set package 'car2' build argument 'catkin_skip_building_tests' from command line to 'False'
[0.206s] DEBUG:colcon.colcon_core.verb:Building package 'car2' with the following arguments: {'ament_cmake_args': None, 'build_base': '/home/robot/nav2_ws/build/car2', 'catkin_cmake_args': None, 'catkin_skip_building_tests': False, 'cmake_args': None, 'cmake_clean_cache': False, 'cmake_clean_first': False, 'cmake_force_configure': False, 'cmake_target': None, 'cmake_target_skip_unavailable': False, 'install_base': '/home/robot/nav2_ws/install/car2', 'merge_install': False, 'path': '/home/robot/nav2_ws/src/car2', 'symlink_install': False, 'test_result_base': None}
[0.206s] Level 5:colcon.colcon_core.verb:set package 'h1_sport_sdk' build argument 'cmake_args' from command line to 'None'
[0.206s] Level 5:colcon.colcon_core.verb:set package 'h1_sport_sdk' build argument 'cmake_target' from command line to 'None'
[0.206s] Level 5:colcon.colcon_core.verb:set package 'h1_sport_sdk' build argument 'cmake_target_skip_unavailable' from command line to 'False'
[0.206s] Level 5:colcon.colcon_core.verb:set package 'h1_sport_sdk' build argument 'cmake_clean_cache' from command line to 'False'
[0.206s] Level 5:colcon.colcon_core.verb:set package 'h1_sport_sdk' build argument 'cmake_clean_first' from command line to 'False'
[0.206s] Level 5:colcon.colcon_core.verb:set package 'h1_sport_sdk' build argument 'cmake_force_configure' from command line to 'False'
[0.206s] Level 5:colcon.colcon_core.verb:set package 'h1_sport_sdk' build argument 'ament_cmake_args' from command line to 'None'
[0.206s] Level 5:colcon.colcon_core.verb:set package 'h1_sport_sdk' build argument 'catkin_cmake_args' from command line to 'None'
[0.206s] Level 5:colcon.colcon_core.verb:set package 'h1_sport_sdk' build argument 'catkin_skip_building_tests' from command line to 'False'
[0.206s] DEBUG:colcon.colcon_core.verb:Building package 'h1_sport_sdk' with the following arguments: {'ament_cmake_args': None, 'build_base': '/home/robot/nav2_ws/build/h1_sport_sdk', 'catkin_cmake_args': None, 'catkin_skip_building_tests': False, 'cmake_args': None, 'cmake_clean_cache': False, 'cmake_clean_first': False, 'cmake_force_configure': False, 'cmake_target': None, 'cmake_target_skip_unavailable': False, 'install_base': '/home/robot/nav2_ws/install/h1_sport_sdk', 'merge_install': False, 'path': '/home/robot/nav2_ws/src/h1_sport_sdk', 'symlink_install': False, 'test_result_base': None}
[0.206s] Level 5:colcon.colcon_core.verb:set package 'village_wang' build argument 'cmake_args' from command line to 'None'
[0.206s] Level 5:colcon.colcon_core.verb:set package 'village_wang' build argument 'cmake_target' from command line to 'None'
[0.206s] Level 5:colcon.colcon_core.verb:set package 'village_wang' build argument 'cmake_target_skip_unavailable' from command line to 'False'
[0.206s] Level 5:colcon.colcon_core.verb:set package 'village_wang' build argument 'cmake_clean_cache' from command line to 'False'
[0.206s] Level 5:colcon.colcon_core.verb:set package 'village_wang' build argument 'cmake_clean_first' from command line to 'False'
[0.206s] Level 5:colcon.colcon_core.verb:set package 'village_wang' build argument 'cmake_force_configure' from command line to 'False'
[0.206s] Level 5:colcon.colcon_core.verb:set package 'village_wang' build argument 'ament_cmake_args' from command line to 'None'
[0.206s] Level 5:colcon.colcon_core.verb:set package 'village_wang' build argument 'catkin_cmake_args' from command line to 'None'
[0.206s] Level 5:colcon.colcon_core.verb:set package 'village_wang' build argument 'catkin_skip_building_tests' from command line to 'False'
[0.206s] DEBUG:colcon.colcon_core.verb:Building package 'village_wang' with the following arguments: {'ament_cmake_args': None, 'build_base': '/home/robot/nav2_ws/build/village_wang', 'catkin_cmake_args': None, 'catkin_skip_building_tests': False, 'cmake_args': None, 'cmake_clean_cache': False, 'cmake_clean_first': False, 'cmake_force_configure': False, 'cmake_target': None, 'cmake_target_skip_unavailable': False, 'install_base': '/home/robot/nav2_ws/install/village_wang', 'merge_install': False, 'path': '/home/robot/nav2_ws/src/village_wang', 'symlink_install': False, 'test_result_base': None}
[0.207s] INFO:colcon.colcon_core.executor:Executing jobs using 'parallel' executor
[0.207s] DEBUG:colcon.colcon_parallel_executor.executor.parallel:run_until_complete
[0.207s] INFO:colcon.colcon_ros.task.ament_cmake.build:Building ROS package in '/home/robot/nav2_ws/src/car2' with build type 'ament_cmake'
[0.207s] INFO:colcon.colcon_cmake.task.cmake.build:Building CMake package in '/home/robot/nav2_ws/src/car2'
[0.208s] INFO:colcon.colcon_core.plugin_system:Skipping extension 'colcon_core.shell.bat': Not used on non-Windows systems
[0.208s] INFO:colcon.colcon_core.shell:Skip shell extension 'powershell' for command environment: Not usable outside of PowerShell
[0.208s] DEBUG:colcon.colcon_core.shell:Skip shell extension 'dsv' for command environment
[0.210s] INFO:colcon.colcon_ros.task.ament_cmake.build:Building ROS package in '/home/robot/nav2_ws/src/h1_sport_sdk' with build type 'ament_cmake'
[0.210s] INFO:colcon.colcon_cmake.task.cmake.build:Building CMake package in '/home/robot/nav2_ws/src/h1_sport_sdk'
[0.210s] INFO:colcon.colcon_core.shell:Skip shell extension 'powershell' for command environment: Not usable outside of PowerShell
[0.210s] DEBUG:colcon.colcon_core.shell:Skip shell extension 'dsv' for command environment
[0.212s] INFO:colcon.colcon_ros.task.ament_cmake.build:Building ROS package in '/home/robot/nav2_ws/src/village_wang' with build type 'ament_cmake'
[0.212s] INFO:colcon.colcon_cmake.task.cmake.build:Building CMake package in '/home/robot/nav2_ws/src/village_wang'
[0.213s] INFO:colcon.colcon_core.shell:Skip shell extension 'powershell' for command environment: Not usable outside of PowerShell
[0.213s] DEBUG:colcon.colcon_core.shell:Skip shell extension 'dsv' for command environment
[0.217s] DEBUG:colcon.colcon_core.event_handler.log_command:Invoking command in '/home/robot/nav2_ws/build/car2': CMAKE_PREFIX_PATH=/opt/ros/foxy /usr/bin/cmake --build /home/robot/nav2_ws/build/car2 -- -j32 -l32
[0.219s] DEBUG:colcon.colcon_core.event_handler.log_command:Invoking command in '/home/robot/nav2_ws/build/h1_sport_sdk': CMAKE_PREFIX_PATH=/opt/ros/foxy /usr/bin/cmake --build /home/robot/nav2_ws/build/h1_sport_sdk -- -j32 -l32
[0.221s] DEBUG:colcon.colcon_core.event_handler.log_command:Invoking command in '/home/robot/nav2_ws/build/village_wang': CMAKE_PREFIX_PATH=/opt/ros/foxy /usr/bin/cmake --build /home/robot/nav2_ws/build/village_wang -- -j32 -l32
[0.232s] DEBUG:colcon.colcon_core.event_handler.log_command:Invoked command in '/home/robot/nav2_ws/build/car2' returned '0': CMAKE_PREFIX_PATH=/opt/ros/foxy /usr/bin/cmake --build /home/robot/nav2_ws/build/car2 -- -j32 -l32
[0.244s] DEBUG:colcon.colcon_core.event_handler.log_command:Invoking command in '/home/robot/nav2_ws/build/car2': CMAKE_PREFIX_PATH=/opt/ros/foxy /usr/bin/cmake --install /home/robot/nav2_ws/build/car2
[0.248s] Level 1:colcon.colcon_core.environment:create_environment_scripts_only(car2)
[0.249s] DEBUG:colcon.colcon_core.event_handler.log_command:Invoked command in '/home/robot/nav2_ws/build/car2' returned '0': CMAKE_PREFIX_PATH=/opt/ros/foxy /usr/bin/cmake --install /home/robot/nav2_ws/build/car2
[0.249s] Level 1:colcon.colcon_core.environment:checking '/home/robot/nav2_ws/install/car2' for CMake module files
[0.250s] Level 1:colcon.colcon_core.environment:checking '/home/robot/nav2_ws/install/car2' for CMake config files
[0.250s] Level 1:colcon.colcon_core.shell:create_environment_hook('car2', 'cmake_prefix_path')
[0.250s] INFO:colcon.colcon_core.shell:Creating environment hook '/home/robot/nav2_ws/install/car2/share/car2/hook/cmake_prefix_path.ps1'
[0.250s] INFO:colcon.colcon_core.shell:Creating environment descriptor '/home/robot/nav2_ws/install/car2/share/car2/hook/cmake_prefix_path.dsv'
[0.250s] INFO:colcon.colcon_core.shell:Creating environment hook '/home/robot/nav2_ws/install/car2/share/car2/hook/cmake_prefix_path.sh'
[0.250s] Level 1:colcon.colcon_core.environment:checking '/home/robot/nav2_ws/install/car2/bin'
[0.251s] Level 1:colcon.colcon_core.environment:checking '/home/robot/nav2_ws/install/car2/lib/pkgconfig/car2.pc'
[0.251s] Level 1:colcon.colcon_core.environment:checking '/home/robot/nav2_ws/install/car2/lib/python3.8/site-packages'
[0.251s] Level 1:colcon.colcon_core.environment:checking '/home/robot/nav2_ws/install/car2/bin'
[0.251s] INFO:colcon.colcon_core.shell:Creating package script '/home/robot/nav2_ws/install/car2/share/car2/package.ps1'
[0.251s] INFO:colcon.colcon_core.shell:Creating package descriptor '/home/robot/nav2_ws/install/car2/share/car2/package.dsv'
[0.251s] INFO:colcon.colcon_core.shell:Creating package script '/home/robot/nav2_ws/install/car2/share/car2/package.sh'
[0.252s] INFO:colcon.colcon_core.shell:Creating package script '/home/robot/nav2_ws/install/car2/share/car2/package.bash'
[0.252s] INFO:colcon.colcon_core.shell:Creating package script '/home/robot/nav2_ws/install/car2/share/car2/package.zsh'
[0.252s] Level 1:colcon.colcon_core.environment:create_file_with_runtime_dependencies(/home/robot/nav2_ws/install/car2/share/colcon-core/packages/car2)
[0.253s] DEBUG:colcon.colcon_core.event_handler.log_command:Invoked command in '/home/robot/nav2_ws/build/village_wang' returned '0': CMAKE_PREFIX_PATH=/opt/ros/foxy /usr/bin/cmake --build /home/robot/nav2_ws/build/village_wang -- -j32 -l32
[0.260s] Level 1:colcon.colcon_core.environment:create_environment_scripts_only(car2)
[0.260s] Level 1:colcon.colcon_core.environment:checking '/home/robot/nav2_ws/install/car2' for CMake module files
[0.260s] Level 1:colcon.colcon_core.environment:checking '/home/robot/nav2_ws/install/car2' for CMake config files
[0.260s] Level 1:colcon.colcon_core.shell:create_environment_hook('car2', 'cmake_prefix_path')
[0.260s] INFO:colcon.colcon_core.shell:Creating environment hook '/home/robot/nav2_ws/install/car2/share/car2/hook/cmake_prefix_path.ps1'
[0.261s] INFO:colcon.colcon_core.shell:Creating environment descriptor '/home/robot/nav2_ws/install/car2/share/car2/hook/cmake_prefix_path.dsv'
[0.261s] INFO:colcon.colcon_core.shell:Creating environment hook '/home/robot/nav2_ws/install/car2/share/car2/hook/cmake_prefix_path.sh'
[0.261s] Level 1:colcon.colcon_core.environment:checking '/home/robot/nav2_ws/install/car2/bin'
[0.261s] Level 1:colcon.colcon_core.environment:checking '/home/robot/nav2_ws/install/car2/lib/pkgconfig/car2.pc'
[0.261s] Level 1:colcon.colcon_core.environment:checking '/home/robot/nav2_ws/install/car2/lib/python3.8/site-packages'
[0.261s] Level 1:colcon.colcon_core.environment:checking '/home/robot/nav2_ws/install/car2/bin'
[0.261s] INFO:colcon.colcon_core.shell:Creating package script '/home/robot/nav2_ws/install/car2/share/car2/package.ps1'
[0.261s] INFO:colcon.colcon_core.shell:Creating package descriptor '/home/robot/nav2_ws/install/car2/share/car2/package.dsv'
[0.262s] INFO:colcon.colcon_core.shell:Creating package script '/home/robot/nav2_ws/install/car2/share/car2/package.sh'
[0.262s] INFO:colcon.colcon_core.shell:Creating package script '/home/robot/nav2_ws/install/car2/share/car2/package.bash'
[0.262s] INFO:colcon.colcon_core.shell:Creating package script '/home/robot/nav2_ws/install/car2/share/car2/package.zsh'
[0.262s] Level 1:colcon.colcon_core.environment:create_file_with_runtime_dependencies(/home/robot/nav2_ws/install/car2/share/colcon-core/packages/car2)
[0.264s] DEBUG:colcon.colcon_core.event_handler.log_command:Invoking command in '/home/robot/nav2_ws/build/village_wang': CMAKE_PREFIX_PATH=/opt/ros/foxy /usr/bin/cmake --install /home/robot/nav2_ws/build/village_wang
[0.268s] Level 1:colcon.colcon_core.environment:create_environment_scripts_only(village_wang)
[0.268s] Level 1:colcon.colcon_core.environment:checking '/home/robot/nav2_ws/install/village_wang' for CMake module files
[0.268s] DEBUG:colcon.colcon_core.event_handler.log_command:Invoked command in '/home/robot/nav2_ws/build/village_wang' returned '0': CMAKE_PREFIX_PATH=/opt/ros/foxy /usr/bin/cmake --install /home/robot/nav2_ws/build/village_wang
[0.269s] Level 1:colcon.colcon_core.environment:checking '/home/robot/nav2_ws/install/village_wang' for CMake config files
[0.269s] Level 1:colcon.colcon_core.shell:create_environment_hook('village_wang', 'cmake_prefix_path')
[0.269s] INFO:colcon.colcon_core.shell:Creating environment hook '/home/robot/nav2_ws/install/village_wang/share/village_wang/hook/cmake_prefix_path.ps1'
[0.269s] INFO:colcon.colcon_core.shell:Creating environment descriptor '/home/robot/nav2_ws/install/village_wang/share/village_wang/hook/cmake_prefix_path.dsv'
[0.269s] INFO:colcon.colcon_core.shell:Creating environment hook '/home/robot/nav2_ws/install/village_wang/share/village_wang/hook/cmake_prefix_path.sh'
[0.269s] Level 1:colcon.colcon_core.environment:checking '/home/robot/nav2_ws/install/village_wang/lib'
[0.269s] Level 1:colcon.colcon_core.environment:checking '/home/robot/nav2_ws/install/village_wang/bin'
[0.269s] Level 1:colcon.colcon_core.environment:checking '/home/robot/nav2_ws/install/village_wang/lib/pkgconfig/village_wang.pc'
[0.270s] Level 1:colcon.colcon_core.environment:checking '/home/robot/nav2_ws/install/village_wang/lib/python3.8/site-packages'
[0.270s] Level 1:colcon.colcon_core.environment:checking '/home/robot/nav2_ws/install/village_wang/bin'
[0.270s] INFO:colcon.colcon_core.shell:Creating package script '/home/robot/nav2_ws/install/village_wang/share/village_wang/package.ps1'
[0.270s] INFO:colcon.colcon_core.shell:Creating package descriptor '/home/robot/nav2_ws/install/village_wang/share/village_wang/package.dsv'
[0.270s] INFO:colcon.colcon_core.shell:Creating package script '/home/robot/nav2_ws/install/village_wang/share/village_wang/package.sh'
[0.270s] INFO:colcon.colcon_core.shell:Creating package script '/home/robot/nav2_ws/install/village_wang/share/village_wang/package.bash'
[0.270s] INFO:colcon.colcon_core.shell:Creating package script '/home/robot/nav2_ws/install/village_wang/share/village_wang/package.zsh'
[0.270s] Level 1:colcon.colcon_core.environment:create_file_with_runtime_dependencies(/home/robot/nav2_ws/install/village_wang/share/colcon-core/packages/village_wang)
[0.280s] Level 1:colcon.colcon_core.environment:create_environment_scripts_only(village_wang)
[0.280s] Level 1:colcon.colcon_core.environment:checking '/home/robot/nav2_ws/install/village_wang' for CMake module files
[0.281s] Level 1:colcon.colcon_core.environment:checking '/home/robot/nav2_ws/install/village_wang' for CMake config files
[0.281s] Level 1:colcon.colcon_core.shell:create_environment_hook('village_wang', 'cmake_prefix_path')
[0.281s] INFO:colcon.colcon_core.shell:Creating environment hook '/home/robot/nav2_ws/install/village_wang/share/village_wang/hook/cmake_prefix_path.ps1'
[0.281s] INFO:colcon.colcon_core.shell:Creating environment descriptor '/home/robot/nav2_ws/install/village_wang/share/village_wang/hook/cmake_prefix_path.dsv'
[0.281s] INFO:colcon.colcon_core.shell:Creating environment hook '/home/robot/nav2_ws/install/village_wang/share/village_wang/hook/cmake_prefix_path.sh'
[0.281s] Level 1:colcon.colcon_core.environment:checking '/home/robot/nav2_ws/install/village_wang/lib'
[0.281s] Level 1:colcon.colcon_core.environment:checking '/home/robot/nav2_ws/install/village_wang/bin'
[0.281s] Level 1:colcon.colcon_core.environment:checking '/home/robot/nav2_ws/install/village_wang/lib/pkgconfig/village_wang.pc'
[0.282s] Level 1:colcon.colcon_core.environment:checking '/home/robot/nav2_ws/install/village_wang/lib/python3.8/site-packages'
[0.282s] Level 1:colcon.colcon_core.environment:checking '/home/robot/nav2_ws/install/village_wang/bin'
[0.282s] INFO:colcon.colcon_core.shell:Creating package script '/home/robot/nav2_ws/install/village_wang/share/village_wang/package.ps1'
[0.282s] INFO:colcon.colcon_core.shell:Creating package descriptor '/home/robot/nav2_ws/install/village_wang/share/village_wang/package.dsv'
[0.282s] INFO:colcon.colcon_core.shell:Creating package script '/home/robot/nav2_ws/install/village_wang/share/village_wang/package.sh'
[0.282s] INFO:colcon.colcon_core.shell:Creating package script '/home/robot/nav2_ws/install/village_wang/share/village_wang/package.bash'
[0.282s] INFO:colcon.colcon_core.shell:Creating package script '/home/robot/nav2_ws/install/village_wang/share/village_wang/package.zsh'
[0.282s] Level 1:colcon.colcon_core.environment:create_file_with_runtime_dependencies(/home/robot/nav2_ws/install/village_wang/share/colcon-core/packages/village_wang)
[1.633s] DEBUG:colcon.colcon_core.event_handler.log_command:Invoked command in '/home/robot/nav2_ws/build/h1_sport_sdk' returned '2': CMAKE_PREFIX_PATH=/opt/ros/foxy /usr/bin/cmake --build /home/robot/nav2_ws/build/h1_sport_sdk -- -j32 -l32
[1.642s] Level 1:colcon.colcon_core.environment:create_environment_scripts_only(h1_sport_sdk)
[1.642s] Level 1:colcon.colcon_core.environment:checking '/home/robot/nav2_ws/install/h1_sport_sdk' for CMake module files
[1.642s] Level 1:colcon.colcon_core.environment:checking '/home/robot/nav2_ws/install/h1_sport_sdk' for CMake config files
[1.642s] Level 1:colcon.colcon_core.environment:checking '/home/robot/nav2_ws/install/h1_sport_sdk/bin'
[1.642s] Level 1:colcon.colcon_core.environment:checking '/home/robot/nav2_ws/install/h1_sport_sdk/lib/pkgconfig/h1_sport_sdk.pc'
[1.643s] Level 1:colcon.colcon_core.environment:checking '/home/robot/nav2_ws/install/h1_sport_sdk/lib/python3.8/site-packages'
[1.643s] Level 1:colcon.colcon_core.environment:checking '/home/robot/nav2_ws/install/h1_sport_sdk/bin'
[1.643s] INFO:colcon.colcon_core.shell:Creating package script '/home/robot/nav2_ws/install/h1_sport_sdk/share/h1_sport_sdk/package.ps1'
[1.643s] INFO:colcon.colcon_core.shell:Creating package descriptor '/home/robot/nav2_ws/install/h1_sport_sdk/share/h1_sport_sdk/package.dsv'
[1.643s] INFO:colcon.colcon_core.shell:Creating package script '/home/robot/nav2_ws/install/h1_sport_sdk/share/h1_sport_sdk/package.sh'
[1.643s] INFO:colcon.colcon_core.shell:Creating package script '/home/robot/nav2_ws/install/h1_sport_sdk/share/h1_sport_sdk/package.bash'
[1.643s] INFO:colcon.colcon_core.shell:Creating package script '/home/robot/nav2_ws/install/h1_sport_sdk/share/h1_sport_sdk/package.zsh'
[1.643s] Level 1:colcon.colcon_core.environment:create_file_with_runtime_dependencies(/home/robot/nav2_ws/install/h1_sport_sdk/share/colcon-core/packages/h1_sport_sdk)
[1.654s] DEBUG:colcon.colcon_parallel_executor.executor.parallel:closing loop
[1.654s] DEBUG:colcon.colcon_parallel_executor.executor.parallel:loop closed
[1.654s] DEBUG:colcon.colcon_parallel_executor.executor.parallel:run_until_complete finished with '2'
[1.654s] DEBUG:colcon.colcon_core.event_reactor:joining thread
[1.658s] INFO:colcon.colcon_core.plugin_system:Skipping extension 'colcon_notification.desktop_notification.terminal_notifier': Not used on non-Darwin systems
[1.658s] INFO:colcon.colcon_core.plugin_system:Skipping extension 'colcon_notification.desktop_notification.win32': Not used on non-Windows systems
[1.658s] INFO:colcon.colcon_notification.desktop_notification:Sending desktop notification using 'notify2'
[1.666s] DEBUG:colcon.colcon_core.event_reactor:joined thread
[1.666s] INFO:colcon.colcon_core.shell:Creating prefix script '/home/robot/nav2_ws/install/local_setup.ps1'
[1.666s] INFO:colcon.colcon_core.shell:Creating prefix util module '/home/robot/nav2_ws/install/_local_setup_util_ps1.py'
[1.667s] INFO:colcon.colcon_core.shell:Creating prefix chain script '/home/robot/nav2_ws/install/setup.ps1'
[1.668s] INFO:colcon.colcon_core.shell:Creating prefix script '/home/robot/nav2_ws/install/local_setup.sh'
[1.668s] INFO:colcon.colcon_core.shell:Creating prefix util module '/home/robot/nav2_ws/install/_local_setup_util_sh.py'
[1.668s] INFO:colcon.colcon_core.shell:Creating prefix chain script '/home/robot/nav2_ws/install/setup.sh'
[1.669s] INFO:colcon.colcon_core.shell:Creating prefix script '/home/robot/nav2_ws/install/local_setup.bash'
[1.669s] INFO:colcon.colcon_core.shell:Creating prefix chain script '/home/robot/nav2_ws/install/setup.bash'
[1.669s] INFO:colcon.colcon_core.shell:Creating prefix script '/home/robot/nav2_ws/install/local_setup.zsh'
[1.669s] INFO:colcon.colcon_core.shell:Creating prefix chain script '/home/robot/nav2_ws/install/setup.zsh'
