[0.043s] Invoking command in '/home/robot/nav2_ws/build/car2': CMAKE_PREFIX_PATH=/opt/ros/foxy /usr/bin/cmake /home/robot/nav2_ws/src/car2 -DCMAKE_INSTALL_PREFIX=/home/robot/nav2_ws/install/car2
[0.879s] -- The C compiler identification is GNU 9.4.0
[0.879s] -- The CXX compiler identification is GNU 9.4.0
[0.880s] -- Check for working C compiler: /usr/bin/cc
[0.881s] -- Check for working C compiler: /usr/bin/cc -- works
[0.881s] -- Detecting C compiler ABI info
[0.881s] -- Detecting C compiler ABI info - done
[0.881s] -- Detecting C compile features
[0.881s] -- Detecting C compile features - done
[0.882s] -- Check for working CXX compiler: /usr/bin/c++
[0.883s] -- Check for working CXX compiler: /usr/bin/c++ -- works
[0.883s] -- Detecting CXX compiler ABI info
[0.884s] -- Detecting CXX compiler ABI info - done
[0.884s] -- Detecting CXX compile features
[0.885s] -- Detecting CXX compile features - done
[0.885s] -- Found ament_cmake: 0.9.12 (/opt/ros/foxy/share/ament_cmake/cmake)
[0.885s] -- Found PythonInterp: /usr/bin/python3 (found suitable version "3.8.10", minimum required is "3") 
[0.886s] -- Using PYTHON_EXECUTABLE: /usr/bin/python3
[0.886s] -- Found ament_lint_auto: 0.9.8 (/opt/ros/foxy/share/ament_lint_auto/cmake)
[0.887s] -- Added test 'copyright' to check source files copyright and LICENSE
[0.887s] -- Added test 'flake8' to check Python code syntax and style conventions
[0.887s] -- Added test 'lint_cmake' to check CMake code style
[0.887s] -- Added test 'pep257' to check Python code against some of the style conventions in PEP 257
[0.887s] -- Added test 'xmllint' to check XML markup files
[0.887s] -- Configuring done
[0.887s] -- Generating done
[0.887s] -- Build files have been written to: /home/robot/nav2_ws/build/car2
[0.892s] Invoked command in '/home/robot/nav2_ws/build/car2' returned '0': CMAKE_PREFIX_PATH=/opt/ros/foxy /usr/bin/cmake /home/robot/nav2_ws/src/car2 -DCMAKE_INSTALL_PREFIX=/home/robot/nav2_ws/install/car2
[0.893s] Invoking command in '/home/robot/nav2_ws/build/car2': CMAKE_PREFIX_PATH=/opt/ros/foxy /usr/bin/cmake --build /home/robot/nav2_ws/build/car2 -- -j32 -l32
[0.951s] Invoked command in '/home/robot/nav2_ws/build/car2' returned '0': CMAKE_PREFIX_PATH=/opt/ros/foxy /usr/bin/cmake --build /home/robot/nav2_ws/build/car2 -- -j32 -l32
[1.016s] Invoking command in '/home/robot/nav2_ws/build/car2': CMAKE_PREFIX_PATH=/opt/ros/foxy /usr/bin/cmake --install /home/robot/nav2_ws/build/car2
[1.024s] -- Install configuration: ""
[1.024s] -- Installing: /home/robot/nav2_ws/install/car2/share/ament_index/resource_index/package_run_dependencies/car2
[1.024s] -- Installing: /home/robot/nav2_ws/install/car2/share/ament_index/resource_index/parent_prefix_path/car2
[1.024s] -- Installing: /home/robot/nav2_ws/install/car2/share/car2/environment/ament_prefix_path.sh
[1.024s] -- Installing: /home/robot/nav2_ws/install/car2/share/car2/environment/ament_prefix_path.dsv
[1.025s] -- Installing: /home/robot/nav2_ws/install/car2/share/car2/environment/path.sh
[1.025s] -- Installing: /home/robot/nav2_ws/install/car2/share/car2/environment/path.dsv
[1.025s] -- Installing: /home/robot/nav2_ws/install/car2/share/car2/local_setup.bash
[1.025s] -- Installing: /home/robot/nav2_ws/install/car2/share/car2/local_setup.sh
[1.025s] -- Installing: /home/robot/nav2_ws/install/car2/share/car2/local_setup.zsh
[1.025s] -- Installing: /home/robot/nav2_ws/install/car2/share/car2/local_setup.dsv
[1.026s] -- Installing: /home/robot/nav2_ws/install/car2/share/car2/package.dsv
[1.026s] -- Installing: /home/robot/nav2_ws/install/car2/share/ament_index/resource_index/packages/car2
[1.026s] -- Installing: /home/robot/nav2_ws/install/car2/share/car2/cmake/car2Config.cmake
[1.026s] -- Installing: /home/robot/nav2_ws/install/car2/share/car2/cmake/car2Config-version.cmake
[1.026s] -- Installing: /home/robot/nav2_ws/install/car2/share/car2/package.xml
[1.027s] -- Installing: /home/robot/nav2_ws/install/car2/share/car2/config
[1.027s] -- Installing: /home/robot/nav2_ws/install/car2/share/car2/config/fish_2d.lua
[1.027s] -- Installing: /home/robot/nav2_ws/install/car2/share/car2/launch
[1.027s] -- Installing: /home/robot/nav2_ws/install/car2/share/car2/launch/cartographer.launch.py
[1.027s] -- Installing: /home/robot/nav2_ws/install/car2/share/car2/rviz
[1.039s] Invoked command in '/home/robot/nav2_ws/build/car2' returned '0': CMAKE_PREFIX_PATH=/opt/ros/foxy /usr/bin/cmake --install /home/robot/nav2_ws/build/car2
