[0.020s] Invoking command in '/home/robot/nav2_ws/build/ros2_socket_sender': CMAKE_PREFIX_PATH=${CMAKE_PREFIX_PATH}:/home/robot/nav2_ws/install/examples_rclpy_minimal_subscriber:/home/robot/nav2_ws/install/examples_rclpy_minimal_service:/home/robot/nav2_ws/install/examples_rclpy_minimal_publisher:/home/robot/nav2_ws/install/examples_rclpy_minimal_client:/home/robot/nav2_ws/install/examples_rclpy_minimal_action_server:/home/robot/nav2_ws/install/examples_rclpy_minimal_action_client:/home/robot/nav2_ws/install/examples_rclpy_executors:/opt/ros/foxy /usr/bin/cmake --build /home/robot/nav2_ws/build/ros2_socket_sender -- -j32 -l32
[0.053s] [100%] Built target socket_sender
[0.061s] Invoked command in '/home/robot/nav2_ws/build/ros2_socket_sender' returned '0': CMAKE_PREFIX_PATH=${CMAKE_PREFIX_PATH}:/home/robot/nav2_ws/install/examples_rclpy_minimal_subscriber:/home/robot/nav2_ws/install/examples_rclpy_minimal_service:/home/robot/nav2_ws/install/examples_rclpy_minimal_publisher:/home/robot/nav2_ws/install/examples_rclpy_minimal_client:/home/robot/nav2_ws/install/examples_rclpy_minimal_action_server:/home/robot/nav2_ws/install/examples_rclpy_minimal_action_client:/home/robot/nav2_ws/install/examples_rclpy_executors:/opt/ros/foxy /usr/bin/cmake --build /home/robot/nav2_ws/build/ros2_socket_sender -- -j32 -l32
[0.074s] Invoking command in '/home/robot/nav2_ws/build/ros2_socket_sender': CMAKE_PREFIX_PATH=${CMAKE_PREFIX_PATH}:/home/robot/nav2_ws/install/examples_rclpy_minimal_subscriber:/home/robot/nav2_ws/install/examples_rclpy_minimal_service:/home/robot/nav2_ws/install/examples_rclpy_minimal_publisher:/home/robot/nav2_ws/install/examples_rclpy_minimal_client:/home/robot/nav2_ws/install/examples_rclpy_minimal_action_server:/home/robot/nav2_ws/install/examples_rclpy_minimal_action_client:/home/robot/nav2_ws/install/examples_rclpy_executors:/opt/ros/foxy /usr/bin/cmake --install /home/robot/nav2_ws/build/ros2_socket_sender
[0.078s] -- Install configuration: ""
[0.078s] -- Up-to-date: /home/robot/nav2_ws/install/ros2_socket_sender/share/ament_index/resource_index/package_run_dependencies/ros2_socket_sender
[0.079s] -- Up-to-date: /home/robot/nav2_ws/install/ros2_socket_sender/share/ament_index/resource_index/parent_prefix_path/ros2_socket_sender
[0.079s] -- Up-to-date: /home/robot/nav2_ws/install/ros2_socket_sender/share/ros2_socket_sender/environment/ament_prefix_path.sh
[0.080s] -- Up-to-date: /home/robot/nav2_ws/install/ros2_socket_sender/share/ros2_socket_sender/environment/ament_prefix_path.dsv
[0.080s] -- Up-to-date: /home/robot/nav2_ws/install/ros2_socket_sender/share/ros2_socket_sender/environment/path.sh
[0.080s] -- Up-to-date: /home/robot/nav2_ws/install/ros2_socket_sender/share/ros2_socket_sender/environment/path.dsv
[0.081s] -- Up-to-date: /home/robot/nav2_ws/install/ros2_socket_sender/share/ros2_socket_sender/local_setup.bash
[0.082s] -- Up-to-date: /home/robot/nav2_ws/install/ros2_socket_sender/share/ros2_socket_sender/local_setup.sh
[0.082s] -- Up-to-date: /home/robot/nav2_ws/install/ros2_socket_sender/share/ros2_socket_sender/local_setup.zsh
[0.082s] -- Up-to-date: /home/robot/nav2_ws/install/ros2_socket_sender/share/ros2_socket_sender/local_setup.dsv
[0.082s] -- Installing: /home/robot/nav2_ws/install/ros2_socket_sender/share/ros2_socket_sender/package.dsv
[0.082s] -- Up-to-date: /home/robot/nav2_ws/install/ros2_socket_sender/share/ament_index/resource_index/packages/ros2_socket_sender
[0.082s] -- Up-to-date: /home/robot/nav2_ws/install/ros2_socket_sender/share/ros2_socket_sender/cmake/ros2_socket_senderConfig.cmake
[0.082s] -- Up-to-date: /home/robot/nav2_ws/install/ros2_socket_sender/share/ros2_socket_sender/cmake/ros2_socket_senderConfig-version.cmake
[0.082s] -- Up-to-date: /home/robot/nav2_ws/install/ros2_socket_sender/share/ros2_socket_sender/package.xml
[0.082s] -- Up-to-date: /home/robot/nav2_ws/install/ros2_socket_sender/lib/ros2_socket_sender/socket_sender
[0.087s] Invoked command in '/home/robot/nav2_ws/build/ros2_socket_sender' returned '0': CMAKE_PREFIX_PATH=${CMAKE_PREFIX_PATH}:/home/robot/nav2_ws/install/examples_rclpy_minimal_subscriber:/home/robot/nav2_ws/install/examples_rclpy_minimal_service:/home/robot/nav2_ws/install/examples_rclpy_minimal_publisher:/home/robot/nav2_ws/install/examples_rclpy_minimal_client:/home/robot/nav2_ws/install/examples_rclpy_minimal_action_server:/home/robot/nav2_ws/install/examples_rclpy_minimal_action_client:/home/robot/nav2_ws/install/examples_rclpy_executors:/opt/ros/foxy /usr/bin/cmake --install /home/robot/nav2_ws/build/ros2_socket_sender
