[0.053s] Invoking command in '/home/robot/nav2_ws/build/examples_rclcpp_minimal_service': CMAKE_PREFIX_PATH=/opt/ros/foxy /usr/bin/cmake --build /home/robot/nav2_ws/build/examples_rclcpp_minimal_service -- -j32 -l32
[0.878s] [100%] Built target service_main
[0.884s] Invoked command in '/home/robot/nav2_ws/build/examples_rclcpp_minimal_service' returned '0': CMAKE_PREFIX_PATH=/opt/ros/foxy /usr/bin/cmake --build /home/robot/nav2_ws/build/examples_rclcpp_minimal_service -- -j32 -l32
[0.926s] Invoking command in '/home/robot/nav2_ws/build/examples_rclcpp_minimal_service': CMAKE_PREFIX_PATH=/opt/ros/foxy /usr/bin/cmake --install /home/robot/nav2_ws/build/examples_rclcpp_minimal_service
[0.947s] -- Install configuration: ""
[0.947s] -- Up-to-date: /home/robot/nav2_ws/install/examples_rclcpp_minimal_service/lib/examples_rclcpp_minimal_service/service_main
[0.947s] -- Up-to-date: /home/robot/nav2_ws/install/examples_rclcpp_minimal_service/share/ament_index/resource_index/package_run_dependencies/examples_rclcpp_minimal_service
[0.947s] -- Up-to-date: /home/robot/nav2_ws/install/examples_rclcpp_minimal_service/share/ament_index/resource_index/parent_prefix_path/examples_rclcpp_minimal_service
[0.947s] -- Up-to-date: /home/robot/nav2_ws/install/examples_rclcpp_minimal_service/share/examples_rclcpp_minimal_service/environment/ament_prefix_path.sh
[0.947s] -- Up-to-date: /home/robot/nav2_ws/install/examples_rclcpp_minimal_service/share/examples_rclcpp_minimal_service/environment/ament_prefix_path.dsv
[0.947s] -- Up-to-date: /home/robot/nav2_ws/install/examples_rclcpp_minimal_service/share/examples_rclcpp_minimal_service/environment/path.sh
[0.948s] -- Up-to-date: /home/robot/nav2_ws/install/examples_rclcpp_minimal_service/share/examples_rclcpp_minimal_service/environment/path.dsv
[0.948s] -- Up-to-date: /home/robot/nav2_ws/install/examples_rclcpp_minimal_service/share/examples_rclcpp_minimal_service/local_setup.bash
[0.948s] -- Up-to-date: /home/robot/nav2_ws/install/examples_rclcpp_minimal_service/share/examples_rclcpp_minimal_service/local_setup.sh
[0.948s] -- Up-to-date: /home/robot/nav2_ws/install/examples_rclcpp_minimal_service/share/examples_rclcpp_minimal_service/local_setup.zsh
[0.948s] -- Up-to-date: /home/robot/nav2_ws/install/examples_rclcpp_minimal_service/share/examples_rclcpp_minimal_service/local_setup.dsv
[0.948s] -- Installing: /home/robot/nav2_ws/install/examples_rclcpp_minimal_service/share/examples_rclcpp_minimal_service/package.dsv
[0.948s] -- Up-to-date: /home/robot/nav2_ws/install/examples_rclcpp_minimal_service/share/ament_index/resource_index/packages/examples_rclcpp_minimal_service
[0.948s] -- Up-to-date: /home/robot/nav2_ws/install/examples_rclcpp_minimal_service/share/examples_rclcpp_minimal_service/cmake/examples_rclcpp_minimal_serviceConfig.cmake
[0.948s] -- Up-to-date: /home/robot/nav2_ws/install/examples_rclcpp_minimal_service/share/examples_rclcpp_minimal_service/cmake/examples_rclcpp_minimal_serviceConfig-version.cmake
[0.948s] -- Up-to-date: /home/robot/nav2_ws/install/examples_rclcpp_minimal_service/share/examples_rclcpp_minimal_service/package.xml
[0.978s] Invoked command in '/home/robot/nav2_ws/build/examples_rclcpp_minimal_service' returned '0': CMAKE_PREFIX_PATH=/opt/ros/foxy /usr/bin/cmake --install /home/robot/nav2_ws/build/examples_rclcpp_minimal_service
