-- Found ament_cmake: 0.9.12 (/opt/ros/foxy/share/ament_cmake/cmake)
-- Using PYTHON_EXECUTABLE: /usr/bin/python3
-- Found rclcpp: 2.4.3 (/opt/ros/foxy/share/rclcpp/cmake)
-- Using all available rosidl_typesupport_c: rosidl_typesupport_fastrtps_c;rosidl_typesupport_introspection_c
-- Found rosidl_adapter: 1.3.1 (/opt/ros/foxy/share/rosidl_adapter/cmake)
-- Using all available rosidl_typesupport_cpp: rosidl_typesupport_fastrtps_cpp;rosidl_typesupport_introspection_cpp
-- Found rmw_implementation_cmake: 1.0.4 (/opt/ros/foxy/share/rmw_implementation_cmake/cmake)
-- Using RMW implementation 'rmw_fastrtps_cpp' as default
-- Found ament_lint_auto: 0.9.8 (/opt/ros/foxy/share/ament_lint_auto/cmake)
-- Added test 'copyright' to check source files copyright and LICENSE
-- Added test 'cppcheck' to perform static code analysis on C / C++ code
-- Configured cppcheck include dirs: 
-- Configured cppcheck exclude dirs and/or files: 
-- Added test 'cpplint' to check C / C++ code against the Google style
-- Configured cpplint exclude dirs and/or files: 
-- Added test 'lint_cmake' to check CMake code style
-- Added test 'uncrustify' to check C / C++ code style
-- Configured uncrustify additional arguments: 
-- Added test 'xmllint' to check XML markup files
-- Configuring done
-- Generating done
-- Build files have been written to: /home/robot/nav2_ws/build/h1_sport_sdk
[35m[1mScanning dependencies of target sport_node[0m
[ 50%] [32mBuilding CXX object CMakeFiles/sport_node.dir/src/sub_cmdvel.cpp.o[0m
In file included from [01m[K/usr/local/include/unitree/robot/internal/internal_idl_decl/RequestHeader_.hpp:12[m[K,
                 from [01m[K/usr/local/include/unitree/robot/internal/internal_idl_decl/Request_.hpp:12[m[K,
                 from [01m[K/usr/local/include/unitree/robot/internal/internal_request_response.hpp:4[m[K,
                 from [01m[K/usr/local/include/unitree/robot/internal/internal.hpp:6[m[K,
                 from [01m[K/usr/local/include/unitree/robot/future/request_future.hpp:5[m[K,
                 from [01m[K/usr/local/include/unitree/robot/client/client_stub.hpp:4[m[K,
                 from [01m[K/usr/local/include/unitree/robot/client/client_base.hpp:4[m[K,
                 from [01m[K/usr/local/include/unitree/robot/client/client.hpp:4[m[K,
                 from [01m[K/usr/local/include/unitree/robot/h1/loco/h1_loco_client.hpp:6[m[K,
                 from [01m[K/home/robot/nav2_ws/src/h1_sport_sdk/src/sub_cmdvel.cpp:3[m[K:
[01m[K/usr/local/include/unitree/robot/internal/internal_idl_decl/RequestIdentity_.hpp:62:10:[m[K [01;31m[Kfatal error: [m[Kdds/topic/TopicTraits.hpp: 没有那个文件或目录
   62 | #include [01;31m[K"dds/topic/TopicTraits.hpp"[m[K
      |          [01;31m[K^~~~~~~~~~~~~~~~~~~~~~~~~~~[m[K
compilation terminated.
make[2]: *** [CMakeFiles/sport_node.dir/build.make:63：CMakeFiles/sport_node.dir/src/sub_cmdvel.cpp.o] 错误 1
make[1]: *** [CMakeFiles/Makefile2:78：CMakeFiles/sport_node.dir/all] 错误 2
make: *** [Makefile:141：all] 错误 2
