[0.036s] Invoking command in '/home/robot/nav2_ws/build/examples_rclcpp_minimal_action_server': CMAKE_PREFIX_PATH=/opt/ros/foxy /usr/bin/cmake /home/robot/nav2_ws/src/examples/rclcpp/actions/minimal_action_server -DCMAKE_INSTALL_PREFIX=/home/robot/nav2_ws/install/examples_rclcpp_minimal_action_server
[0.883s] -- The C compiler identification is GNU 9.4.0
[0.883s] -- The CXX compiler identification is GNU 9.4.0
[0.883s] -- Check for working C compiler: /usr/bin/cc
[0.883s] -- Check for working C compiler: /usr/bin/cc -- works
[0.883s] -- Detecting C compiler ABI info
[0.883s] -- Detecting C compiler ABI info - done
[0.883s] -- Detecting C compile features
[0.883s] -- Detecting C compile features - done
[0.883s] -- Check for working CXX compiler: /usr/bin/c++
[0.883s] -- Check for working CXX compiler: /usr/bin/c++ -- works
[0.883s] -- Detecting CXX compiler ABI info
[0.883s] -- Detecting CXX compiler ABI info - done
[0.883s] -- Detecting CXX compile features
[0.883s] -- Detecting CXX compile features - done
[0.883s] -- Found ament_cmake: 0.9.12 (/opt/ros/foxy/share/ament_cmake/cmake)
[0.883s] -- Found PythonInterp: /usr/bin/python3 (found suitable version "3.8.10", minimum required is "3") 
[0.883s] -- Using PYTHON_EXECUTABLE: /usr/bin/python3
[0.883s] -- Found example_interfaces: 0.9.1 (/opt/ros/foxy/share/example_interfaces/cmake)
[0.883s] -- Using all available rosidl_typesupport_c: rosidl_typesupport_fastrtps_c;rosidl_typesupport_introspection_c
[0.883s] -- Found rosidl_adapter: 1.3.1 (/opt/ros/foxy/share/rosidl_adapter/cmake)
[0.883s] -- Found OpenSSL: /usr/lib/x86_64-linux-gnu/libcrypto.so (found version "1.1.1f")  
[0.883s] -- Found FastRTPS: /opt/ros/foxy/include  
[0.883s] -- Using all available rosidl_typesupport_cpp: rosidl_typesupport_fastrtps_cpp;rosidl_typesupport_introspection_cpp
[0.883s] -- Found rclcpp: 2.4.3 (/opt/ros/foxy/share/rclcpp/cmake)
[0.883s] -- Found rmw_implementation_cmake: 1.0.4 (/opt/ros/foxy/share/rmw_implementation_cmake/cmake)
[0.883s] -- Using RMW implementation 'rmw_fastrtps_cpp' as default
[0.883s] -- Looking for pthread.h
[0.883s] -- Looking for pthread.h - found
[0.883s] -- Performing Test CMAKE_HAVE_LIBC_PTHREAD
[0.884s] -- Performing Test CMAKE_HAVE_LIBC_PTHREAD - Failed
[0.884s] -- Looking for pthread_create in pthreads
[0.884s] -- Looking for pthread_create in pthreads - not found
[0.884s] -- Looking for pthread_create in pthread
[0.884s] -- Looking for pthread_create in pthread - found
[0.884s] -- Found Threads: TRUE  
[0.884s] -- Found rclcpp_action: 2.4.3 (/opt/ros/foxy/share/rclcpp_action/cmake)
[0.884s] -- Found ament_lint_auto: 0.9.8 (/opt/ros/foxy/share/ament_lint_auto/cmake)
[0.884s] -- Added test 'copyright' to check source files copyright and LICENSE
[0.884s] -- Added test 'cppcheck' to perform static code analysis on C / C++ code
[0.884s] -- Configured cppcheck include dirs: 
[0.884s] -- Configured cppcheck exclude dirs and/or files: 
[0.884s] -- Added test 'cpplint' to check C / C++ code against the Google style
[0.884s] -- Configured cpplint exclude dirs and/or files: 
[0.884s] -- Added test 'lint_cmake' to check CMake code style
[0.884s] -- Added test 'uncrustify' to check C / C++ code style
[0.884s] -- Configured uncrustify additional arguments: 
[0.884s] -- Added test 'xmllint' to check XML markup files
[0.884s] -- Configuring done
[0.884s] -- Generating done
[0.884s] -- Build files have been written to: /home/robot/nav2_ws/build/examples_rclcpp_minimal_action_server
[0.925s] Invoked command in '/home/robot/nav2_ws/build/examples_rclcpp_minimal_action_server' returned '0': CMAKE_PREFIX_PATH=/opt/ros/foxy /usr/bin/cmake /home/robot/nav2_ws/src/examples/rclcpp/actions/minimal_action_server -DCMAKE_INSTALL_PREFIX=/home/robot/nav2_ws/install/examples_rclcpp_minimal_action_server
[0.927s] Invoking command in '/home/robot/nav2_ws/build/examples_rclcpp_minimal_action_server': CMAKE_PREFIX_PATH=/opt/ros/foxy /usr/bin/cmake --build /home/robot/nav2_ws/build/examples_rclcpp_minimal_action_server -- -j32 -l32
[0.950s] [35m[1mScanning dependencies of target action_server_member_functions[0m
[0.950s] [35m[1mScanning dependencies of target action_server_not_composable[0m
[0.975s] [ 25%] [32mBuilding CXX object CMakeFiles/action_server_not_composable.dir/not_composable.cpp.o[0m
[0.976s] [ 50%] [32mBuilding CXX object CMakeFiles/action_server_member_functions.dir/member_functions.cpp.o[0m
[2.642s] [ 75%] [32m[1mLinking CXX executable action_server_member_functions[0m
[2.714s] [ 75%] Built target action_server_member_functions
[2.970s] [100%] [32m[1mLinking CXX executable action_server_not_composable[0m
[3.035s] [100%] Built target action_server_not_composable
[3.040s] Invoked command in '/home/robot/nav2_ws/build/examples_rclcpp_minimal_action_server' returned '0': CMAKE_PREFIX_PATH=/opt/ros/foxy /usr/bin/cmake --build /home/robot/nav2_ws/build/examples_rclcpp_minimal_action_server -- -j32 -l32
[3.053s] Invoking command in '/home/robot/nav2_ws/build/examples_rclcpp_minimal_action_server': CMAKE_PREFIX_PATH=/opt/ros/foxy /usr/bin/cmake --install /home/robot/nav2_ws/build/examples_rclcpp_minimal_action_server
[3.056s] -- Install configuration: ""
[3.056s] -- Installing: /home/robot/nav2_ws/install/examples_rclcpp_minimal_action_server/lib/examples_rclcpp_minimal_action_server/action_server_not_composable
[3.057s] -- Set runtime path of "/home/robot/nav2_ws/install/examples_rclcpp_minimal_action_server/lib/examples_rclcpp_minimal_action_server/action_server_not_composable" to ""
[3.057s] -- Installing: /home/robot/nav2_ws/install/examples_rclcpp_minimal_action_server/lib/examples_rclcpp_minimal_action_server/action_server_member_functions
[3.057s] -- Set runtime path of "/home/robot/nav2_ws/install/examples_rclcpp_minimal_action_server/lib/examples_rclcpp_minimal_action_server/action_server_member_functions" to ""
[3.057s] -- Installing: /home/robot/nav2_ws/install/examples_rclcpp_minimal_action_server/share/ament_index/resource_index/package_run_dependencies/examples_rclcpp_minimal_action_server
[3.057s] -- Installing: /home/robot/nav2_ws/install/examples_rclcpp_minimal_action_server/share/ament_index/resource_index/parent_prefix_path/examples_rclcpp_minimal_action_server
[3.057s] -- Installing: /home/robot/nav2_ws/install/examples_rclcpp_minimal_action_server/share/examples_rclcpp_minimal_action_server/environment/ament_prefix_path.sh
[3.057s] -- Installing: /home/robot/nav2_ws/install/examples_rclcpp_minimal_action_server/share/examples_rclcpp_minimal_action_server/environment/ament_prefix_path.dsv
[3.057s] -- Installing: /home/robot/nav2_ws/install/examples_rclcpp_minimal_action_server/share/examples_rclcpp_minimal_action_server/environment/path.sh
[3.057s] -- Installing: /home/robot/nav2_ws/install/examples_rclcpp_minimal_action_server/share/examples_rclcpp_minimal_action_server/environment/path.dsv
[3.057s] -- Installing: /home/robot/nav2_ws/install/examples_rclcpp_minimal_action_server/share/examples_rclcpp_minimal_action_server/local_setup.bash
[3.057s] -- Installing: /home/robot/nav2_ws/install/examples_rclcpp_minimal_action_server/share/examples_rclcpp_minimal_action_server/local_setup.sh
[3.057s] -- Installing: /home/robot/nav2_ws/install/examples_rclcpp_minimal_action_server/share/examples_rclcpp_minimal_action_server/local_setup.zsh
[3.058s] -- Installing: /home/robot/nav2_ws/install/examples_rclcpp_minimal_action_server/share/examples_rclcpp_minimal_action_server/local_setup.dsv
[3.058s] -- Installing: /home/robot/nav2_ws/install/examples_rclcpp_minimal_action_server/share/examples_rclcpp_minimal_action_server/package.dsv
[3.058s] -- Installing: /home/robot/nav2_ws/install/examples_rclcpp_minimal_action_server/share/ament_index/resource_index/packages/examples_rclcpp_minimal_action_server
[3.058s] -- Installing: /home/robot/nav2_ws/install/examples_rclcpp_minimal_action_server/share/examples_rclcpp_minimal_action_server/cmake/examples_rclcpp_minimal_action_serverConfig.cmake
[3.058s] -- Installing: /home/robot/nav2_ws/install/examples_rclcpp_minimal_action_server/share/examples_rclcpp_minimal_action_server/cmake/examples_rclcpp_minimal_action_serverConfig-version.cmake
[3.058s] -- Installing: /home/robot/nav2_ws/install/examples_rclcpp_minimal_action_server/share/examples_rclcpp_minimal_action_server/package.xml
[3.059s] Invoked command in '/home/robot/nav2_ws/build/examples_rclcpp_minimal_action_server' returned '0': CMAKE_PREFIX_PATH=/opt/ros/foxy /usr/bin/cmake --install /home/robot/nav2_ws/build/examples_rclcpp_minimal_action_server
