[0.010s] Invoking command in '/home/robot/nav2_ws/build/h1_sport_sdk': CMAKE_PREFIX_PATH=/opt/ros/foxy /usr/bin/cmake --build /home/robot/nav2_ws/build/h1_sport_sdk -- -j32 -l32
[0.029s] [35m[1mScanning dependencies of target sport_node[0m
[0.047s] [ 50%] [32mBuilding CXX object CMakeFiles/sport_node.dir/src/sub_cmdvel.cpp.o[0m
[0.650s] In file included from [01m[K/usr/local/include/ddscxx/org/eclipse/cyclonedds/topic/datatopic.hpp:26[m[K,
[0.650s]                  from [01m[K/usr/local/include/unitree/robot/internal/internal_idl_decl/RequestIdentity_.hpp:63[m[K,
[0.650s]                  from [01m[K/usr/local/include/unitree/robot/internal/internal_idl_decl/RequestHeader_.hpp:12[m[K,
[0.650s]                  from [01m[K/usr/local/include/unitree/robot/internal/internal_idl_decl/Request_.hpp:12[m[K,
[0.650s]                  from [01m[K/usr/local/include/unitree/robot/internal/internal_request_response.hpp:4[m[K,
[0.650s]                  from [01m[K/usr/local/include/unitree/robot/internal/internal.hpp:6[m[K,
[0.650s]                  from [01m[K/usr/local/include/unitree/robot/future/request_future.hpp:5[m[K,
[0.650s]                  from [01m[K/usr/local/include/unitree/robot/client/client_stub.hpp:4[m[K,
[0.650s]                  from [01m[K/usr/local/include/unitree/robot/client/client_base.hpp:4[m[K,
[0.650s]                  from [01m[K/usr/local/include/unitree/robot/client/client.hpp:4[m[K,
[0.650s]                  from [01m[K/usr/local/include/unitree/robot/h1/loco/h1_loco_client.hpp:4[m[K,
[0.650s]                  from [01m[K/home/robot/nav2_ws/src/h1_sport_sdk/src/sub_cmdvel.cpp:4[m[K:
[0.650s] [01m[K/usr/local/include/ddscxx/org/eclipse/cyclonedds/topic/TopicTraits.hpp:95:12:[m[K [01;31m[Kerror: [m[K‘[01m[Kddsi_sertype[m[K’ does not name a type; did you mean ‘[01m[Kddscxx_sertype[m[K’?
[0.650s]    95 |     static [01;31m[Kddsi_sertype[m[K *getSerType(allowable_encodings_t kinds = allowableEncodings())
[0.650s]       |            [01;31m[K^~~~~~~~~~~~[m[K
[0.650s]       |            [32m[Kddscxx_sertype[m[K
[0.651s] [01m[K/usr/local/include/ddscxx/org/eclipse/cyclonedds/topic/TopicTraits.hpp:167:12:[m[K [01;31m[Kerror: [m[K‘[01m[Kddsi_typeid_t[m[K’ does not name a type; did you mean ‘[01m[Kdds_time_t[m[K’?
[0.651s]   167 |     static [01;31m[Kddsi_typeid_t[m[K* getTypeId(const struct ddsi_sertype *, ddsi_typeid_kind_t kind)
[0.651s]       |            [01;31m[K^~~~~~~~~~~~~[m[K
[0.652s]       |            [32m[Kdds_time_t[m[K
[0.653s] [01m[K/usr/local/include/ddscxx/org/eclipse/cyclonedds/topic/TopicTraits.hpp:188:12:[m[K [01;31m[Kerror: [m[K‘[01m[Kddsi_typemap_t[m[K’ does not name a type
[0.653s]   188 |     static [01;31m[Kddsi_typemap_t[m[K* getTypeMap(const struct ddsi_sertype *)
[0.653s]       |            [01;31m[K^~~~~~~~~~~~~~[m[K
[0.655s] [01m[K/usr/local/include/ddscxx/org/eclipse/cyclonedds/topic/TopicTraits.hpp:202:12:[m[K [01;31m[Kerror: [m[K‘[01m[Kddsi_typeinfo_t[m[K’ does not name a type
[0.655s]   202 |     static [01;31m[Kddsi_typeinfo_t[m[K* getTypeInfo(const struct ddsi_sertype *)
[0.655s]       |            [01;31m[K^~~~~~~~~~~~~~~[m[K
[0.655s] [01m[K/usr/local/include/ddscxx/org/eclipse/cyclonedds/topic/TopicTraits.hpp:266:76:[m[K [01;31m[Kerror: [m[K‘[01m[Kdds_data_representation_id_t[m[K’ has not been declared
[0.655s]   266 |     static struct ddsi_sertype* deriveSertype(const struct ddsi_sertype *, [01;31m[Kdds_data_representation_id_t[m[K data_representation, dds_type_consistency_enforcement_qospolicy_t)
[0.656s]       |                                                                            [01;31m[K^~~~~~~~~~~~~~~~~~~~~~~~~~~~[m[K
[0.656s] [01m[K/usr/local/include/ddscxx/org/eclipse/cyclonedds/topic/TopicTraits.hpp:266:126:[m[K [01;31m[Kerror: [m[K‘[01m[Kdds_type_consistency_enforcement_qospolicy_t[m[K’ has not been declared
[0.656s]   266 |     static struct ddsi_sertype* deriveSertype(const struct ddsi_sertype *, dds_data_representation_id_t data_representation, [01;31m[Kdds_type_consistency_enforcement_qospolicy_t[m[K)
[0.656s]       |                                                                                                                              [01;31m[K^~~~~~~~~~~~~~~~~~~~~~~~~~~~~~~~~~~~~~~~~~~~[m[K
[0.661s] In file included from [01m[K/usr/local/include/ddscxx/org/eclipse/cyclonedds/topic/datatopic.hpp:26[m[K,
[0.661s]                  from [01m[K/usr/local/include/unitree/robot/internal/internal_idl_decl/RequestIdentity_.hpp:63[m[K,
[0.661s]                  from [01m[K/usr/local/include/unitree/robot/internal/internal_idl_decl/RequestHeader_.hpp:12[m[K,
[0.661s]                  from [01m[K/usr/local/include/unitree/robot/internal/internal_idl_decl/Request_.hpp:12[m[K,
[0.661s]                  from [01m[K/usr/local/include/unitree/robot/internal/internal_request_response.hpp:4[m[K,
[0.661s]                  from [01m[K/usr/local/include/unitree/robot/internal/internal.hpp:6[m[K,
[0.661s]                  from [01m[K/usr/local/include/unitree/robot/future/request_future.hpp:5[m[K,
[0.661s]                  from [01m[K/usr/local/include/unitree/robot/client/client_stub.hpp:4[m[K,
[0.661s]                  from [01m[K/usr/local/include/unitree/robot/client/client_base.hpp:4[m[K,
[0.661s]                  from [01m[K/usr/local/include/unitree/robot/client/client.hpp:4[m[K,
[0.661s]                  from [01m[K/usr/local/include/unitree/robot/h1/loco/h1_loco_client.hpp:4[m[K,
[0.661s]                  from [01m[K/home/robot/nav2_ws/src/h1_sport_sdk/src/sub_cmdvel.cpp:4[m[K:
[0.661s] [01m[K/usr/local/include/ddscxx/org/eclipse/cyclonedds/topic/TopicTraits.hpp:[m[K In static member function ‘[01m[Kstatic org::eclipse::cyclonedds::topic::ddsi_sertype* org::eclipse::cyclonedds::topic::TopicTraits<TOPIC>::deriveSertype(const org::eclipse::cyclonedds::topic::ddsi_sertype*, int, int)[m[K’:
[0.661s] [01m[K/usr/local/include/ddscxx/org/eclipse/cyclonedds/topic/TopicTraits.hpp:270:16:[m[K [01;31m[Kerror: [m[K‘[01m[KDDS_DATA_REPRESENTATION_XCDR1[m[K’ was not declared in this scope
[0.661s]   270 |           case [01;31m[KDDS_DATA_REPRESENTATION_XCDR1[m[K:
[0.661s]       |                [01;31m[K^~~~~~~~~~~~~~~~~~~~~~~~~~~~~[m[K
[0.666s] [01m[K/usr/local/include/ddscxx/org/eclipse/cyclonedds/topic/TopicTraits.hpp:271:32:[m[K [01;31m[Kerror: [m[K‘[01m[KDDS_DATA_REPRESENTATION_FLAG_XCDR1[m[K’ was not declared in this scope
[0.666s]   271 |               ptr = getSerType([01;31m[KDDS_DATA_REPRESENTATION_FLAG_XCDR1[m[K);
[0.666s]       |                                [01;31m[K^~~~~~~~~~~~~~~~~~~~~~~~~~~~~~~~~~[m[K
[0.666s] [01m[K/usr/local/include/ddscxx/org/eclipse/cyclonedds/topic/TopicTraits.hpp:271:21:[m[K [01;31m[Kerror: [m[Kthere are no arguments to ‘[01m[KgetSerType[m[K’ that depend on a template parameter, so a declaration of ‘[01m[KgetSerType[m[K’ must be available [[01;31m[K-fpermissive[m[K]
[0.666s]   271 |               ptr = [01;31m[KgetSerType[m[K(DDS_DATA_REPRESENTATION_FLAG_XCDR1);
[0.667s]       |                     [01;31m[K^~~~~~~~~~[m[K
[0.667s] [01m[K/usr/local/include/ddscxx/org/eclipse/cyclonedds/topic/TopicTraits.hpp:271:21:[m[K [01;36m[Knote: [m[K(if you use ‘[01m[K-fpermissive[m[K’, G++ will accept your code, but allowing the use of an undeclared name is deprecated)
[0.672s] [01m[K/usr/local/include/ddscxx/org/eclipse/cyclonedds/topic/TopicTraits.hpp:273:16:[m[K [01;31m[Kerror: [m[K‘[01m[KDDS_DATA_REPRESENTATION_XCDR2[m[K’ was not declared in this scope
[0.672s]   273 |           case [01;31m[KDDS_DATA_REPRESENTATION_XCDR2[m[K:
[0.672s]       |                [01;31m[K^~~~~~~~~~~~~~~~~~~~~~~~~~~~~[m[K
[0.677s] [01m[K/usr/local/include/ddscxx/org/eclipse/cyclonedds/topic/TopicTraits.hpp:274:32:[m[K [01;31m[Kerror: [m[K‘[01m[KDDS_DATA_REPRESENTATION_FLAG_XCDR2[m[K’ was not declared in this scope
[0.677s]   274 |               ptr = getSerType([01;31m[KDDS_DATA_REPRESENTATION_FLAG_XCDR2[m[K);
[0.677s]       |                                [01;31m[K^~~~~~~~~~~~~~~~~~~~~~~~~~~~~~~~~~[m[K
[0.677s] [01m[K/usr/local/include/ddscxx/org/eclipse/cyclonedds/topic/TopicTraits.hpp:274:21:[m[K [01;31m[Kerror: [m[Kthere are no arguments to ‘[01m[KgetSerType[m[K’ that depend on a template parameter, so a declaration of ‘[01m[KgetSerType[m[K’ must be available [[01;31m[K-fpermissive[m[K]
[0.677s]   274 |               ptr = [01;31m[KgetSerType[m[K(DDS_DATA_REPRESENTATION_FLAG_XCDR2);
[0.677s]       |                     [01;31m[K^~~~~~~~~~[m[K
[0.680s] [01m[K/usr/local/include/ddscxx/org/eclipse/cyclonedds/topic/TopicTraits.hpp:279:58:[m[K [01;31m[Kerror: [m[K‘[01m[KDDSI_SERTYPE_REFC_MASK[m[K’ was not declared in this scope
[0.680s]   279 |             ddsrt_atomic_st32 (&ptr->flags_refc, refc & ~[01;31m[KDDSI_SERTYPE_REFC_MASK[m[K);
[0.681s]       |                                                          [01;31m[K^~~~~~~~~~~~~~~~~~~~~~[m[K
[0.681s] [01m[K/usr/local/include/ddscxx/org/eclipse/cyclonedds/topic/TopicTraits.hpp:279:58:[m[K [01;36m[Knote: [m[Kthe macro ‘[01m[KDDSI_SERTYPE_REFC_MASK[m[K’ had not yet been defined
[0.681s] In file included from [01m[K/usr/local/include/ddscxx/dds/topic/detail/TTopicImpl.hpp:155[m[K,
[0.681s]                  from [01m[K/usr/local/include/ddscxx/dds/topic/detail/BuiltinTopic.hpp:23[m[K,
[0.681s]                  from [01m[K/usr/local/include/ddscxx/dds/topic/BuiltinTopic.hpp:22[m[K,
[0.681s]                  from [01m[K/usr/local/include/ddscxx/org/eclipse/cyclonedds/sub/AnyDataReaderDelegate.hpp:36[m[K,
[0.681s]                  from [01m[K/usr/local/include/ddscxx/dds/topic/detail/ContentFilteredTopic.hpp:31[m[K,
[0.681s]                  from [01m[K/usr/local/include/ddscxx/dds/topic/ContentFilteredTopic.hpp:22[m[K,
[0.681s]                  from [01m[K/usr/local/include/ddscxx/dds/topic/ddstopic.hpp:25[m[K,
[0.681s]                  from [01m[K/usr/local/include/ddscxx/dds/dds.hpp:35[m[K,
[0.681s]                  from [01m[K/usr/local/include/unitree/common/dds/dds_entity.hpp:4[m[K,
[0.681s]                  from [01m[K/usr/local/include/unitree/common/dds/dds_topic_channel.hpp:4[m[K,
[0.681s]                  from [01m[K/usr/local/include/unitree/common/dds/dds_factory_model.hpp:5[m[K,
[0.681s]                  from [01m[K/usr/local/include/unitree/robot/channel/channel_factory.hpp:4[m[K,
[0.681s]                  from [01m[K/usr/local/include/unitree/robot/channel/channel_labor.hpp:4[m[K,
[0.681s]                  from [01m[K/usr/local/include/unitree/robot/client/client_stub.hpp:5[m[K,
[0.681s]                  from [01m[K/usr/local/include/unitree/robot/client/client_base.hpp:4[m[K,
[0.681s]                  from [01m[K/usr/local/include/unitree/robot/client/client.hpp:4[m[K,
[0.681s]                  from [01m[K/usr/local/include/unitree/robot/h1/loco/h1_loco_client.hpp:4[m[K,
[0.681s]                  from [01m[K/home/robot/nav2_ws/src/h1_sport_sdk/src/sub_cmdvel.cpp:4[m[K:
[0.681s] [01m[K/usr/local/include/dds/ddsi/ddsi_sertype.h:36:[m[K [01;36m[Knote: [m[Kit was later defined here
[0.681s]    36 | #define DDSI_SERTYPE_REFC_MASK   0x0fffffffu
[0.681s]       | 
[0.686s] In file included from [01m[K/usr/local/include/unitree/robot/internal/internal_idl_decl/RequestIdentity_.hpp:63[m[K,
[0.686s]                  from [01m[K/usr/local/include/unitree/robot/internal/internal_idl_decl/RequestHeader_.hpp:12[m[K,
[0.686s]                  from [01m[K/usr/local/include/unitree/robot/internal/internal_idl_decl/Request_.hpp:12[m[K,
[0.686s]                  from [01m[K/usr/local/include/unitree/robot/internal/internal_request_response.hpp:4[m[K,
[0.686s]                  from [01m[K/usr/local/include/unitree/robot/internal/internal.hpp:6[m[K,
[0.686s]                  from [01m[K/usr/local/include/unitree/robot/future/request_future.hpp:5[m[K,
[0.686s]                  from [01m[K/usr/local/include/unitree/robot/client/client_stub.hpp:4[m[K,
[0.686s]                  from [01m[K/usr/local/include/unitree/robot/client/client_base.hpp:4[m[K,
[0.686s]                  from [01m[K/usr/local/include/unitree/robot/client/client.hpp:4[m[K,
[0.686s]                  from [01m[K/usr/local/include/unitree/robot/h1/loco/h1_loco_client.hpp:4[m[K,
[0.686s]                  from [01m[K/home/robot/nav2_ws/src/h1_sport_sdk/src/sub_cmdvel.cpp:4[m[K:
[0.686s] [01m[K/usr/local/include/ddscxx/org/eclipse/cyclonedds/topic/datatopic.hpp:[m[K In function ‘[01m[Kbool read_header(const void*, org::eclipse::cyclonedds::core::cdr::encoding_version&, org::eclipse::cyclonedds::core::cdr::endianness&)[m[K’:
[0.686s] [01m[K/usr/local/include/ddscxx/org/eclipse/cyclonedds/topic/datatopic.hpp:213:54:[m[K [01;31m[Kerror: [m[K‘[01m[KDDS_DATA_REPRESENTATION_FLAG_XCDR1[m[K’ was not declared in this scope
[0.686s]   213 |           if (TopicTraits<T>::allowableEncodings() & [01;31m[KDDS_DATA_REPRESENTATION_FLAG_XCDR1[m[K)
[0.686s]       |                                                      [01;31m[K^~~~~~~~~~~~~~~~~~~~~~~~~~~~~~~~~~[m[K
[0.687s] [01m[K/usr/local/include/ddscxx/org/eclipse/cyclonedds/topic/datatopic.hpp:[m[K At global scope:
[0.687s] [01m[K/usr/local/include/ddscxx/org/eclipse/cyclonedds/topic/datatopic.hpp:380:9:[m[K [01;31m[Kerror: [m[K‘[01m[Kddsi_sertype[m[K’ does not name a type; did you mean ‘[01m[Kddscxx_sertype[m[K’?
[0.687s]   380 |   const [01;31m[Kddsi_sertype[m[K* type,
[0.687s]       |         [01;31m[K^~~~~~~~~~~~[m[K
[0.687s]       |         [32m[Kddscxx_sertype[m[K
[0.688s] [01m[K/usr/local/include/ddscxx/org/eclipse/cyclonedds/topic/datatopic.hpp:406:9:[m[K [01;31m[Kerror: [m[K‘[01m[Kddsi_sertype[m[K’ does not name a type; did you mean ‘[01m[Kddscxx_sertype[m[K’?
[0.688s]   406 |   const [01;31m[Kddsi_sertype[m[K* type,
[0.688s]       |         [01;31m[K^~~~~~~~~~~~[m[K
[0.688s]       |         [32m[Kddscxx_sertype[m[K
[0.689s] [01m[K/usr/local/include/ddscxx/org/eclipse/cyclonedds/topic/datatopic.hpp:441:9:[m[K [01;31m[Kerror: [m[K‘[01m[Kddsi_sertype[m[K’ does not name a type; did you mean ‘[01m[Kddscxx_sertype[m[K’?
[0.689s]   441 |   const [01;31m[Kddsi_sertype[m[K* type,
[0.689s]       |         [01;31m[K^~~~~~~~~~~~[m[K
[0.689s]       |         [32m[Kddscxx_sertype[m[K
[0.690s] [01m[K/usr/local/include/ddscxx/org/eclipse/cyclonedds/topic/datatopic.hpp:452:9:[m[K [01;31m[Kerror: [m[K‘[01m[Kddsi_sertype[m[K’ does not name a type; did you mean ‘[01m[Kddscxx_sertype[m[K’?
[0.690s]   452 |   const [01;31m[Kddsi_sertype[m[K* typecmn,
[0.690s]       |         [01;31m[K^~~~~~~~~~~~[m[K
[0.690s]       |         [32m[Kddscxx_sertype[m[K
[0.691s] [01m[K/usr/local/include/ddscxx/org/eclipse/cyclonedds/topic/datatopic.hpp:561:9:[m[K [01;31m[Kerror: [m[K‘[01m[Kddsi_sertype[m[K’ does not name a type; did you mean ‘[01m[Kddscxx_sertype[m[K’?
[0.691s]   561 |   const [01;31m[Kddsi_sertype[m[K* type,
[0.691s]       |         [01;31m[K^~~~~~~~~~~~[m[K
[0.691s]       |         [32m[Kddscxx_sertype[m[K
[0.692s] [01m[K/usr/local/include/ddscxx/org/eclipse/cyclonedds/topic/datatopic.hpp:595:9:[m[K [01;31m[Kerror: [m[K‘[01m[Kddsi_sertype[m[K’ does not name a type; did you mean ‘[01m[Kddscxx_sertype[m[K’?
[0.692s]   595 |   const [01;31m[Kddsi_sertype[m[K* tpcmn, const ddsi_serdata* dcmn, char* buf, size_t bufsize)
[0.692s]       |         [01;31m[K^~~~~~~~~~~~[m[K
[0.692s]       |         [32m[Kddscxx_sertype[m[K
[0.695s] [01m[K/usr/local/include/ddscxx/org/eclipse/cyclonedds/topic/datatopic.hpp:699:24:[m[K [01;31m[Kerror: [m[K‘[01m[Kddsi_sertype[m[K’ does not name a type; did you mean ‘[01m[Kddscxx_sertype[m[K’?
[0.695s]   699 |   ddscxx_serdata(const [01;31m[Kddsi_sertype[m[K* type, ddsi_serdata_kind kind);
[0.696s]       |                        [01;31m[K^~~~~~~~~~~~[m[K
[0.696s]       |                        [32m[Kddscxx_sertype[m[K
[0.697s] [01m[K/usr/local/include/ddscxx/org/eclipse/cyclonedds/topic/datatopic.hpp:719:41:[m[K [01;31m[Kerror: [m[K‘[01m[Kddsi_sertype[m[K’ does not name a type; did you mean ‘[01m[Kddscxx_sertype[m[K’?
[0.697s]   719 | ddscxx_serdata<T>::ddscxx_serdata(const [01;31m[Kddsi_sertype[m[K* type, ddsi_serdata_kind kind)
[0.697s]       |                                         [01;31m[K^~~~~~~~~~~~[m[K
[0.697s]       |                                         [32m[Kddscxx_sertype[m[K
[0.698s] [01m[K/usr/local/include/ddscxx/org/eclipse/cyclonedds/topic/datatopic.hpp:[m[K In member function ‘[01m[Kvoid ddscxx_serdata<T>::populate_hash()[m[K’:
[0.698s] [01m[K/usr/local/include/ddscxx/org/eclipse/cyclonedds/topic/datatopic.hpp:766:11:[m[K [01;31m[Kerror: [m[K‘[01m[Ktype[m[K’ was not declared in this scope
[0.698s]   766 |   hash ^= [01;31m[Ktype[m[K->serdata_basehash;
[0.698s]       |           [01;31m[K^~~~[m[K
[0.698s] [01m[K/usr/local/include/ddscxx/org/eclipse/cyclonedds/topic/datatopic.hpp:[m[K At global scope:
[0.698s] [01m[K/usr/local/include/ddscxx/org/eclipse/cyclonedds/topic/datatopic.hpp:850:19:[m[K [01;31m[Kerror: [m[Kvariable or field ‘[01m[Ksertype_free[m[K’ declared void
[0.698s]   850 | void sertype_free([01;31m[Kddsi_sertype[m[K* tpcmn)
[0.698s]       |                   [01;31m[K^~~~~~~~~~~~[m[K
[0.698s] [01m[K/usr/local/include/ddscxx/org/eclipse/cyclonedds/topic/datatopic.hpp:850:19:[m[K [01;31m[Kerror: [m[K‘[01m[Kddsi_sertype[m[K’ was not declared in this scope; did you mean ‘[01m[Korg::eclipse::cyclonedds::topic::ddsi_sertype[m[K’?
[0.698s]   850 | void sertype_free([01;31m[Kddsi_sertype[m[K* tpcmn)
[0.698s]       |                   [01;31m[K^~~~~~~~~~~~[m[K
[0.698s]       |                   [32m[Korg::eclipse::cyclonedds::topic::ddsi_sertype[m[K
[0.698s] In file included from [01m[K/usr/local/include/ddscxx/org/eclipse/cyclonedds/topic/datatopic.hpp:26[m[K,
[0.698s]                  from [01m[K/usr/local/include/unitree/robot/internal/internal_idl_decl/RequestIdentity_.hpp:63[m[K,
[0.698s]                  from [01m[K/usr/local/include/unitree/robot/internal/internal_idl_decl/RequestHeader_.hpp:12[m[K,
[0.698s]                  from [01m[K/usr/local/include/unitree/robot/internal/internal_idl_decl/Request_.hpp:12[m[K,
[0.698s]                  from [01m[K/usr/local/include/unitree/robot/internal/internal_request_response.hpp:4[m[K,
[0.698s]                  from [01m[K/usr/local/include/unitree/robot/internal/internal.hpp:6[m[K,
[0.698s]                  from [01m[K/usr/local/include/unitree/robot/future/request_future.hpp:5[m[K,
[0.698s]                  from [01m[K/usr/local/include/unitree/robot/client/client_stub.hpp:4[m[K,
[0.698s]                  from [01m[K/usr/local/include/unitree/robot/client/client_base.hpp:4[m[K,
[0.698s]                  from [01m[K/usr/local/include/unitree/robot/client/client.hpp:4[m[K,
[0.698s]                  from [01m[K/usr/local/include/unitree/robot/h1/loco/h1_loco_client.hpp:4[m[K,
[0.698s]                  from [01m[K/home/robot/nav2_ws/src/h1_sport_sdk/src/sub_cmdvel.cpp:4[m[K:
[0.698s] [01m[K/usr/local/include/ddscxx/org/eclipse/cyclonedds/topic/TopicTraits.hpp:266:19:[m[K [01;36m[Knote: [m[K‘[01m[Korg::eclipse::cyclonedds::topic::ddsi_sertype[m[K’ declared here
[0.698s]   266 |     static struct [01;36m[Kddsi_sertype[m[K* deriveSertype(const struct ddsi_sertype *, dds_data_representation_id_t data_representation, dds_type_consistency_enforcement_qospolicy_t)
[0.698s]       |                   [01;36m[K^~~~~~~~~~~~[m[K
[0.699s] In file included from [01m[K/usr/local/include/unitree/robot/internal/internal_idl_decl/RequestIdentity_.hpp:63[m[K,
[0.699s]                  from [01m[K/usr/local/include/unitree/robot/internal/internal_idl_decl/RequestHeader_.hpp:12[m[K,
[0.699s]                  from [01m[K/usr/local/include/unitree/robot/internal/internal_idl_decl/Request_.hpp:12[m[K,
[0.699s]                  from [01m[K/usr/local/include/unitree/robot/internal/internal_request_response.hpp:4[m[K,
[0.699s]                  from [01m[K/usr/local/include/unitree/robot/internal/internal.hpp:6[m[K,
[0.699s]                  from [01m[K/usr/local/include/unitree/robot/future/request_future.hpp:5[m[K,
[0.699s]                  from [01m[K/usr/local/include/unitree/robot/client/client_stub.hpp:4[m[K,
[0.699s]                  from [01m[K/usr/local/include/unitree/robot/client/client_base.hpp:4[m[K,
[0.699s]                  from [01m[K/usr/local/include/unitree/robot/client/client.hpp:4[m[K,
[0.699s]                  from [01m[K/usr/local/include/unitree/robot/h1/loco/h1_loco_client.hpp:4[m[K,
[0.699s]                  from [01m[K/home/robot/nav2_ws/src/h1_sport_sdk/src/sub_cmdvel.cpp:4[m[K:
[0.699s] [01m[K/usr/local/include/ddscxx/org/eclipse/cyclonedds/topic/datatopic.hpp:850:33:[m[K [01;31m[Kerror: [m[K‘[01m[Ktpcmn[m[K’ was not declared in this scope
[0.699s]   850 | void sertype_free(ddsi_sertype* [01;31m[Ktpcmn[m[K)
[0.699s]       |                                 [01;31m[K^~~~~[m[K
[0.700s] [01m[K/usr/local/include/ddscxx/org/eclipse/cyclonedds/topic/datatopic.hpp:858:33:[m[K [01;31m[Kerror: [m[K‘[01m[Kddsi_sertype[m[K’ does not name a type; did you mean ‘[01m[Kddscxx_sertype[m[K’?
[0.700s]   858 | void sertype_zero_samples(const [01;31m[Kddsi_sertype[m[K*, void*, size_t)
[0.700s]       |                                 [01;31m[K^~~~~~~~~~~~[m[K
[0.700s]       |                                 [32m[Kddscxx_sertype[m[K
[0.701s] [01m[K/usr/local/include/ddscxx/org/eclipse/cyclonedds/topic/datatopic.hpp:865:22:[m[K [01;31m[Kerror: [m[K‘[01m[Kddsi_sertype[m[K’ does not name a type; did you mean ‘[01m[Kddscxx_sertype[m[K’?
[0.701s]   865 |   void** ptrs, const [01;31m[Kddsi_sertype[m[K*, void*, size_t, size_t)
[0.701s]       |                      [01;31m[K^~~~~~~~~~~~[m[K
[0.701s]       |                      [32m[Kddscxx_sertype[m[K
[0.701s] [01m[K/usr/local/include/ddscxx/org/eclipse/cyclonedds/topic/datatopic.hpp:884:9:[m[K [01;31m[Kerror: [m[K‘[01m[Kddsi_sertype[m[K’ does not name a type; did you mean ‘[01m[Kddscxx_sertype[m[K’?
[0.701s]   884 |   const [01;31m[Kddsi_sertype[m[K*, void** ptrs, size_t, dds_free_op_t op)
[0.701s]       |         [01;31m[K^~~~~~~~~~~~[m[K
[0.702s]       |         [32m[Kddscxx_sertype[m[K
[0.702s] [01m[K/usr/local/include/ddscxx/org/eclipse/cyclonedds/topic/datatopic.hpp:909:9:[m[K [01;31m[Kerror: [m[K‘[01m[Kddsi_sertype[m[K’ does not name a type; did you mean ‘[01m[Kddscxx_sertype[m[K’?
[0.702s]   909 |   const [01;31m[Kddsi_sertype[m[K* acmn, const ddsi_sertype* bcmn)
[0.702s]       |         [01;31m[K^~~~~~~~~~~~[m[K
[0.702s]       |         [32m[Kddscxx_sertype[m[K
[0.703s] [01m[K/usr/local/include/ddscxx/org/eclipse/cyclonedds/topic/datatopic.hpp:909:35:[m[K [01;31m[Kerror: [m[K‘[01m[Kddsi_sertype[m[K’ does not name a type; did you mean ‘[01m[Kddscxx_sertype[m[K’?
[0.703s]   909 |   const ddsi_sertype* acmn, const [01;31m[Kddsi_sertype[m[K* bcmn)
[0.703s]       |                                   [01;31m[K^~~~~~~~~~~~[m[K
[0.703s]       |                                   [32m[Kddscxx_sertype[m[K
[0.704s] [01m[K/usr/local/include/ddscxx/org/eclipse/cyclonedds/topic/datatopic.hpp:919:29:[m[K [01;31m[Kerror: [m[K‘[01m[Kddsi_sertype[m[K’ does not name a type; did you mean ‘[01m[Kddscxx_sertype[m[K’?
[0.704s]   919 | uint32_t sertype_hash(const [01;31m[Kddsi_sertype[m[K* tpcmn)
[0.704s]       |                             [01;31m[K^~~~~~~~~~~~[m[K
[0.704s]       |                             [32m[Kddscxx_sertype[m[K
[0.705s] [01m[K/usr/local/include/ddscxx/org/eclipse/cyclonedds/topic/datatopic.hpp:926:42:[m[K [01;31m[Kerror: [m[K‘[01m[Kddsi_sertype[m[K’ does not name a type; did you mean ‘[01m[Kddscxx_sertype[m[K’?
[0.705s]   926 | size_t sertype_get_serialized_size(const [01;31m[Kddsi_sertype[m[K*, const void * sample)
[0.705s]       |                                          [01;31m[K^~~~~~~~~~~~[m[K
[0.705s]       |                                          [32m[Kddscxx_sertype[m[K
[0.706s] [01m[K/usr/local/include/ddscxx/org/eclipse/cyclonedds/topic/datatopic.hpp:941:35:[m[K [01;31m[Kerror: [m[K‘[01m[Kddsi_sertype[m[K’ does not name a type; did you mean ‘[01m[Kddscxx_sertype[m[K’?
[0.706s]   941 | bool sertype_serialize_into(const [01;31m[Kddsi_sertype[m[K*,
[0.706s]       |                                   [01;31m[K^~~~~~~~~~~~[m[K
[0.706s]       |                                   [32m[Kddscxx_sertype[m[K
[0.706s] [01m[K/usr/local/include/ddscxx/org/eclipse/cyclonedds/topic/datatopic.hpp:954:52:[m[K [01;31m[Kerror: [m[Kexpected class-name before ‘[01m[K{[m[K’ token
[0.706s]   954 | struct ddscxx_sertype_ops: public ddsi_sertype_ops [01;31m[K{[m[K
[0.706s]       |                                                    [01;31m[K^[m[K
[0.706s] [01m[K/usr/local/include/ddscxx/org/eclipse/cyclonedds/topic/datatopic.hpp:[m[K In constructor ‘[01m[Kddscxx_sertype_ops<T, S>::ddscxx_sertype_ops()[m[K’:
[0.706s] [01m[K/usr/local/include/ddscxx/org/eclipse/cyclonedds/topic/datatopic.hpp:955:25:[m[K [01;31m[Kerror: [m[Kclass ‘[01m[Kddscxx_sertype_ops<T, S>[m[K’ does not have any field named ‘[01m[Kddsi_sertype_ops[m[K’
[0.706s]   955 |   ddscxx_sertype_ops(): [01;31m[Kddsi_sertype_ops[m[K {
[0.706s]       |                         [01;31m[K^~~~~~~~~~~~~~~~[m[K
[0.708s] [01m[K/usr/local/include/ddscxx/org/eclipse/cyclonedds/topic/datatopic.hpp:956:3:[m[K [01;31m[Kerror: [m[K‘[01m[Kddsi_sertype_v0[m[K’ was not declared in this scope; did you mean ‘[01m[Kddsi_sertopic[m[K’?
[0.708s]   956 |   [01;31m[Kddsi_sertype_v0[m[K,
[0.708s]       |   [01;31m[K^~~~~~~~~~~~~~~[m[K
[0.708s]       |   [32m[Kddsi_sertopic[m[K
[0.709s] [01m[K/usr/local/include/ddscxx/org/eclipse/cyclonedds/topic/datatopic.hpp:958:3:[m[K [01;31m[Kerror: [m[K‘[01m[Ksertype_free[m[K’ was not declared in this scope; did you mean ‘[01m[Ksertype_hash[m[K’?
[0.709s]   958 |   [01;31m[Ksertype_free[m[K<T,S>,
[0.709s]       |   [01;31m[K^~~~~~~~~~~~[m[K
[0.709s]       |   [32m[Ksertype_hash[m[K
[0.709s] [01m[K/usr/local/include/ddscxx/org/eclipse/cyclonedds/topic/datatopic.hpp:958:17:[m[K [01;31m[Kerror: [m[Kexpected primary-expression before ‘[01m[K,[m[K’ token
[0.709s]   958 |   sertype_free<T[01;31m[K,[m[KS>,
[0.709s]       |                 [01;31m[K^[m[K
[0.709s] [01m[K/usr/local/include/ddscxx/org/eclipse/cyclonedds/topic/datatopic.hpp:958:19:[m[K [01;31m[Kerror: [m[Kexpected primary-expression before ‘[01m[K>[m[K’ token
[0.709s]   958 |   sertype_free<T,S[01;31m[K>[m[K,
[0.709s]       |                   [01;31m[K^[m[K
[0.709s] [01m[K/usr/local/include/ddscxx/org/eclipse/cyclonedds/topic/datatopic.hpp:958:20:[m[K [01;31m[Kerror: [m[Kexpected primary-expression before ‘[01m[K,[m[K’ token
[0.709s]   958 |   sertype_free<T,S>[01;31m[K,[m[K
[0.709s]       |                    [01;31m[K^[m[K
[0.709s] [01m[K/usr/local/include/ddscxx/org/eclipse/cyclonedds/topic/datatopic.hpp:[m[K At global scope:
[0.709s] [01m[K/usr/local/include/ddscxx/org/eclipse/cyclonedds/topic/datatopic.hpp:981:44:[m[K [01;31m[Kerror: [m[Kexpected class-name before ‘[01m[K{[m[K’ token
[0.709s]   981 | class ddscxx_sertype : public ddsi_sertype [01;31m[K{[m[K
[0.709s]       |                                            [01;31m[K^[m[K
[0.709s] [01m[K/usr/local/include/ddscxx/org/eclipse/cyclonedds/topic/datatopic.hpp:[m[K In constructor ‘[01m[Kddscxx_sertype<T, S>::ddscxx_sertype()[m[K’:
[0.710s] [01m[K/usr/local/include/ddscxx/org/eclipse/cyclonedds/topic/datatopic.hpp:996:5:[m[K [01;31m[Kerror: [m[Kclass ‘[01m[Kddscxx_sertype<T, S>[m[K’ does not have any field named ‘[01m[Kddsi_sertype[m[K’
[0.710s]   996 |   : [01;31m[Kddsi_sertype[m[K{}
[0.710s]       |     [01;31m[K^~~~~~~~~~~~[m[K
[0.714s] [01m[K/usr/local/include/ddscxx/org/eclipse/cyclonedds/topic/datatopic.hpp:998:51:[m[K [01;31m[Kerror: [m[K‘[01m[KDDSI_SERTYPE_FLAG_TOPICKIND_NO_KEY[m[K’ was not declared in this scope
[0.714s]   998 |   uint32_t flags = (TopicTraits<T>::isKeyless() ? [01;31m[KDDSI_SERTYPE_FLAG_TOPICKIND_NO_KEY[m[K : 0);
[0.714s]       |                                                   [01;31m[K^~~~~~~~~~~~~~~~~~~~~~~~~~~~~~~~~~[m[K
[0.714s] [01m[K/usr/local/include/ddscxx/org/eclipse/cyclonedds/topic/datatopic.hpp:998:51:[m[K [01;36m[Knote: [m[Kthe macro ‘[01m[KDDSI_SERTYPE_FLAG_TOPICKIND_NO_KEY[m[K’ had not yet been defined
[0.714s] In file included from [01m[K/usr/local/include/ddscxx/dds/topic/detail/TTopicImpl.hpp:155[m[K,
[0.714s]                  from [01m[K/usr/local/include/ddscxx/dds/topic/detail/BuiltinTopic.hpp:23[m[K,
[0.714s]                  from [01m[K/usr/local/include/ddscxx/dds/topic/BuiltinTopic.hpp:22[m[K,
[0.714s]                  from [01m[K/usr/local/include/ddscxx/org/eclipse/cyclonedds/sub/AnyDataReaderDelegate.hpp:36[m[K,
[0.714s]                  from [01m[K/usr/local/include/ddscxx/dds/topic/detail/ContentFilteredTopic.hpp:31[m[K,
[0.714s]                  from [01m[K/usr/local/include/ddscxx/dds/topic/ContentFilteredTopic.hpp:22[m[K,
[0.714s]                  from [01m[K/usr/local/include/ddscxx/dds/topic/ddstopic.hpp:25[m[K,
[0.714s]                  from [01m[K/usr/local/include/ddscxx/dds/dds.hpp:35[m[K,
[0.714s]                  from [01m[K/usr/local/include/unitree/common/dds/dds_entity.hpp:4[m[K,
[0.714s]                  from [01m[K/usr/local/include/unitree/common/dds/dds_topic_channel.hpp:4[m[K,
[0.714s]                  from [01m[K/usr/local/include/unitree/common/dds/dds_factory_model.hpp:5[m[K,
[0.714s]                  from [01m[K/usr/local/include/unitree/robot/channel/channel_factory.hpp:4[m[K,
[0.714s]                  from [01m[K/usr/local/include/unitree/robot/channel/channel_labor.hpp:4[m[K,
[0.714s]                  from [01m[K/usr/local/include/unitree/robot/client/client_stub.hpp:5[m[K,
[0.714s]                  from [01m[K/usr/local/include/unitree/robot/client/client_base.hpp:4[m[K,
[0.714s]                  from [01m[K/usr/local/include/unitree/robot/client/client.hpp:4[m[K,
[0.714s]                  from [01m[K/usr/local/include/unitree/robot/h1/loco/h1_loco_client.hpp:4[m[K,
[0.714s]                  from [01m[K/home/robot/nav2_ws/src/h1_sport_sdk/src/sub_cmdvel.cpp:4[m[K:
[0.714s] [01m[K/usr/local/include/dds/ddsi/ddsi_sertype.h:178:[m[K [01;36m[Knote: [m[Kit was later defined here
[0.714s]   178 | #define DDSI_SERTYPE_FLAG_TOPICKIND_NO_KEY (1u)
[0.714s]       | 
[0.715s] In file included from [01m[K/usr/local/include/unitree/robot/internal/internal_idl_decl/RequestIdentity_.hpp:63[m[K,
[0.715s]                  from [01m[K/usr/local/include/unitree/robot/internal/internal_idl_decl/RequestHeader_.hpp:12[m[K,
[0.715s]                  from [01m[K/usr/local/include/unitree/robot/internal/internal_idl_decl/Request_.hpp:12[m[K,
[0.715s]                  from [01m[K/usr/local/include/unitree/robot/internal/internal_request_response.hpp:4[m[K,
[0.715s]                  from [01m[K/usr/local/include/unitree/robot/internal/internal.hpp:6[m[K,
[0.715s]                  from [01m[K/usr/local/include/unitree/robot/future/request_future.hpp:5[m[K,
[0.715s]                  from [01m[K/usr/local/include/unitree/robot/client/client_stub.hpp:4[m[K,
[0.715s]                  from [01m[K/usr/local/include/unitree/robot/client/client_base.hpp:4[m[K,
[0.715s]                  from [01m[K/usr/local/include/unitree/robot/client/client.hpp:4[m[K,
[0.715s]                  from [01m[K/usr/local/include/unitree/robot/h1/loco/h1_loco_client.hpp:4[m[K,
[0.715s]                  from [01m[K/home/robot/nav2_ws/src/h1_sport_sdk/src/sub_cmdvel.cpp:4[m[K:
[0.715s] [01m[K/usr/local/include/ddscxx/org/eclipse/cyclonedds/topic/datatopic.hpp:1005:19:[m[K [01;31m[Kerror: [m[K‘[01m[Kddsi_sertype[m[K’ does not name a type; did you mean ‘[01m[Kddscxx_sertype[m[K’?
[0.715s]  1005 |       static_cast<[01;31m[Kddsi_sertype[m[K*>(this),
[0.715s]       |                   [01;31m[K^~~~~~~~~~~~[m[K
[0.715s]       |                   [32m[Kddscxx_sertype[m[K
[0.715s] [01m[K/usr/local/include/ddscxx/org/eclipse/cyclonedds/topic/datatopic.hpp:1005:31:[m[K [01;31m[Kerror: [m[Kexpected ‘[01m[K>[m[K’ before ‘[01m[K*[m[K’ token
[0.715s]  1005 |       static_cast<ddsi_sertype[01;31m[K*[m[K>(this),
[0.715s]       |                               [01;31m[K^[m[K
[0.715s] [01m[K/usr/local/include/ddscxx/org/eclipse/cyclonedds/topic/datatopic.hpp:1005:31:[m[K [01;31m[Kerror: [m[Kexpected ‘[01m[K([m[K’ before ‘[01m[K*[m[K’ token
[0.715s]  1005 |       static_cast<ddsi_sertype[01;31m[K*[m[K>(this),
[0.715s]       |                               [01;31m[K^[m[K
[0.715s]       |                               [32m[K([m[K
[0.715s] [01m[K/usr/local/include/ddscxx/org/eclipse/cyclonedds/topic/datatopic.hpp:1005:32:[m[K [01;31m[Kerror: [m[Kexpected primary-expression before ‘[01m[K>[m[K’ token
[0.716s]  1005 |       static_cast<ddsi_sertype*[01;31m[K>[m[K(this),
[0.716s]       |                                [01;31m[K^[m[K
[0.720s] [01m[K/usr/local/include/ddscxx/org/eclipse/cyclonedds/topic/datatopic.hpp:1011:3:[m[K [01;31m[Kerror: [m[K‘[01m[Kallowed_data_representation[m[K’ was not declared in this scope
[0.720s]  1011 |   [01;31m[Kallowed_data_representation[m[K = TopicTraits<T>::allowableEncodings();
[0.720s]       |   [01;31m[K^~~~~~~~~~~~~~~~~~~~~~~~~~~[m[K
[0.855s] In file included from [01m[K/usr/local/include/ddscxx/dds/domain/detail/TDomainParticipantImpl.hpp:23[m[K,
[0.855s]                  from [01m[K/usr/local/include/ddscxx/dds/domain/detail/DomainParticipant.hpp:22[m[K,
[0.855s]                  from [01m[K/usr/local/include/ddscxx/dds/domain/DomainParticipant.hpp:22[m[K,
[0.855s]                  from [01m[K/usr/local/include/ddscxx/dds/domain/find.hpp:22[m[K,
[0.855s]                  from [01m[K/usr/local/include/ddscxx/dds/domain/ddsdomain.hpp:21[m[K,
[0.855s]                  from [01m[K/usr/local/include/ddscxx/dds/dds.hpp:34[m[K,
[0.855s]                  from [01m[K/usr/local/include/unitree/common/dds/dds_entity.hpp:4[m[K,
[0.855s]                  from [01m[K/usr/local/include/unitree/common/dds/dds_topic_channel.hpp:4[m[K,
[0.855s]                  from [01m[K/usr/local/include/unitree/common/dds/dds_factory_model.hpp:5[m[K,
[0.855s]                  from [01m[K/usr/local/include/unitree/robot/channel/channel_factory.hpp:4[m[K,
[0.855s]                  from [01m[K/usr/local/include/unitree/robot/channel/channel_labor.hpp:4[m[K,
[0.855s]                  from [01m[K/usr/local/include/unitree/robot/client/client_stub.hpp:5[m[K,
[0.855s]                  from [01m[K/usr/local/include/unitree/robot/client/client_base.hpp:4[m[K,
[0.855s]                  from [01m[K/usr/local/include/unitree/robot/client/client.hpp:4[m[K,
[0.855s]                  from [01m[K/usr/local/include/unitree/robot/h1/loco/h1_loco_client.hpp:4[m[K,
[0.855s]                  from [01m[K/home/robot/nav2_ws/src/h1_sport_sdk/src/sub_cmdvel.cpp:4[m[K:
[0.855s] [01m[K/usr/local/include/ddscxx/org/eclipse/cyclonedds/domain/DomainParticipantDelegate.hpp:[m[K At global scope:
[0.855s] [01m[K/usr/local/include/ddscxx/org/eclipse/cyclonedds/domain/DomainParticipantDelegate.hpp:120:24:[m[K [01;31m[Kerror: [m[K‘[01m[Kdds_typeinfo_t[m[K’ does not name a type; did you mean ‘[01m[Kdds_sample_info_t[m[K’?
[0.855s]   120 |                  const [01;31m[Kdds_typeinfo_t[m[K *type_info,
[0.855s]       |                        [01;31m[K^~~~~~~~~~~~~~[m[K
[0.855s]       |                        [32m[Kdds_sample_info_t[m[K
[0.865s] In file included from [01m[K/opt/ros/foxy/include/dds/ddsrt/rusage.h:33[m[K,
[0.866s]                  from [01m[K/opt/ros/foxy/include/dds/ddsi/q_log.h:19[m[K,
[0.866s]                  from [01m[K/opt/ros/foxy/include/dds/ddsi/ddsi_xqos.h:20[m[K,
[0.866s]                  from [01m[K/usr/local/include/dds/ddsi/ddsi_sertype.h:18[m[K,
[0.866s]                  from [01m[K/usr/local/include/ddscxx/dds/topic/detail/TTopicImpl.hpp:155[m[K,
[0.866s]                  from [01m[K/usr/local/include/ddscxx/dds/topic/detail/BuiltinTopic.hpp:23[m[K,
[0.866s]                  from [01m[K/usr/local/include/ddscxx/dds/topic/BuiltinTopic.hpp:22[m[K,
[0.866s]                  from [01m[K/usr/local/include/ddscxx/org/eclipse/cyclonedds/sub/AnyDataReaderDelegate.hpp:36[m[K,
[0.866s]                  from [01m[K/usr/local/include/ddscxx/dds/topic/detail/ContentFilteredTopic.hpp:31[m[K,
[0.866s]                  from [01m[K/usr/local/include/ddscxx/dds/topic/ContentFilteredTopic.hpp:22[m[K,
[0.866s]                  from [01m[K/usr/local/include/ddscxx/dds/topic/ddstopic.hpp:25[m[K,
[0.866s]                  from [01m[K/usr/local/include/ddscxx/dds/dds.hpp:35[m[K,
[0.866s]                  from [01m[K/usr/local/include/unitree/common/dds/dds_entity.hpp:4[m[K,
[0.866s]                  from [01m[K/usr/local/include/unitree/common/dds/dds_topic_channel.hpp:4[m[K,
[0.866s]                  from [01m[K/usr/local/include/unitree/common/dds/dds_factory_model.hpp:5[m[K,
[0.866s]                  from [01m[K/usr/local/include/unitree/robot/channel/channel_factory.hpp:4[m[K,
[0.866s]                  from [01m[K/usr/local/include/unitree/robot/channel/channel_labor.hpp:4[m[K,
[0.866s]                  from [01m[K/usr/local/include/unitree/robot/client/client_stub.hpp:5[m[K,
[0.866s]                  from [01m[K/usr/local/include/unitree/robot/client/client_base.hpp:4[m[K,
[0.866s]                  from [01m[K/usr/local/include/unitree/robot/client/client.hpp:4[m[K,
[0.866s]                  from [01m[K/usr/local/include/unitree/robot/h1/loco/h1_loco_client.hpp:4[m[K,
[0.866s]                  from [01m[K/home/robot/nav2_ws/src/h1_sport_sdk/src/sub_cmdvel.cpp:4[m[K:
[0.866s] [01m[K/opt/ros/foxy/include/dds/ddsrt/threads.h:71:3:[m[K [01;31m[Kerror: [m[K‘[01m[KDDSRT_SCHED_DEFAULT[m[K’ conflicts with a previous declaration
[0.866s]    71 |   [01;31m[KDDSRT_SCHED_DEFAULT[m[K,
[0.866s]       |   [01;31m[K^~~~~~~~~~~~~~~~~~~[m[K
[0.866s] In file included from [01m[K/usr/local/include/dds/ddsi/ddsi_config.h:19[m[K,
[0.866s]                  from [01m[K/usr/local/include/ddscxx/dds/domain/TDomainParticipant.hpp:24[m[K,
[0.866s]                  from [01m[K/usr/local/include/ddscxx/dds/domain/detail/TDomainParticipantImpl.hpp:22[m[K,
[0.866s]                  from [01m[K/usr/local/include/ddscxx/dds/domain/detail/DomainParticipant.hpp:22[m[K,
[0.866s]                  from [01m[K/usr/local/include/ddscxx/dds/domain/DomainParticipant.hpp:22[m[K,
[0.866s]                  from [01m[K/usr/local/include/ddscxx/dds/domain/find.hpp:22[m[K,
[0.866s]                  from [01m[K/usr/local/include/ddscxx/dds/domain/ddsdomain.hpp:21[m[K,
[0.866s]                  from [01m[K/usr/local/include/ddscxx/dds/dds.hpp:34[m[K,
[0.866s]                  from [01m[K/usr/local/include/unitree/common/dds/dds_entity.hpp:4[m[K,
[0.866s]                  from [01m[K/usr/local/include/unitree/common/dds/dds_topic_channel.hpp:4[m[K,
[0.866s]                  from [01m[K/usr/local/include/unitree/common/dds/dds_factory_model.hpp:5[m[K,
[0.866s]                  from [01m[K/usr/local/include/unitree/robot/channel/channel_factory.hpp:4[m[K,
[0.866s]                  from [01m[K/usr/local/include/unitree/robot/channel/channel_labor.hpp:4[m[K,
[0.866s]                  from [01m[K/usr/local/include/unitree/robot/client/client_stub.hpp:5[m[K,
[0.866s]                  from [01m[K/usr/local/include/unitree/robot/client/client_base.hpp:4[m[K,
[0.866s]                  from [01m[K/usr/local/include/unitree/robot/client/client.hpp:4[m[K,
[0.866s]                  from [01m[K/usr/local/include/unitree/robot/h1/loco/h1_loco_client.hpp:4[m[K,
[0.866s]                  from [01m[K/home/robot/nav2_ws/src/h1_sport_sdk/src/sub_cmdvel.cpp:4[m[K:
[0.866s] [01m[K/usr/local/include/dds/ddsrt/sched.h:28:3:[m[K [01;36m[Knote: [m[Kprevious declaration ‘[01m[Kddsrt_sched_t DDSRT_SCHED_DEFAULT[m[K’
[0.866s]    28 |   [01;36m[KDDSRT_SCHED_DEFAULT[m[K,
[0.866s]       |   [01;36m[K^~~~~~~~~~~~~~~~~~~[m[K
[0.867s] In file included from [01m[K/opt/ros/foxy/include/dds/ddsrt/rusage.h:33[m[K,
[0.867s]                  from [01m[K/opt/ros/foxy/include/dds/ddsi/q_log.h:19[m[K,
[0.867s]                  from [01m[K/opt/ros/foxy/include/dds/ddsi/ddsi_xqos.h:20[m[K,
[0.867s]                  from [01m[K/usr/local/include/dds/ddsi/ddsi_sertype.h:18[m[K,
[0.867s]                  from [01m[K/usr/local/include/ddscxx/dds/topic/detail/TTopicImpl.hpp:155[m[K,
[0.867s]                  from [01m[K/usr/local/include/ddscxx/dds/topic/detail/BuiltinTopic.hpp:23[m[K,
[0.867s]                  from [01m[K/usr/local/include/ddscxx/dds/topic/BuiltinTopic.hpp:22[m[K,
[0.867s]                  from [01m[K/usr/local/include/ddscxx/org/eclipse/cyclonedds/sub/AnyDataReaderDelegate.hpp:36[m[K,
[0.867s]                  from [01m[K/usr/local/include/ddscxx/dds/topic/detail/ContentFilteredTopic.hpp:31[m[K,
[0.867s]                  from [01m[K/usr/local/include/ddscxx/dds/topic/ContentFilteredTopic.hpp:22[m[K,
[0.867s]                  from [01m[K/usr/local/include/ddscxx/dds/topic/ddstopic.hpp:25[m[K,
[0.867s]                  from [01m[K/usr/local/include/ddscxx/dds/dds.hpp:35[m[K,
[0.867s]                  from [01m[K/usr/local/include/unitree/common/dds/dds_entity.hpp:4[m[K,
[0.867s]                  from [01m[K/usr/local/include/unitree/common/dds/dds_topic_channel.hpp:4[m[K,
[0.867s]                  from [01m[K/usr/local/include/unitree/common/dds/dds_factory_model.hpp:5[m[K,
[0.867s]                  from [01m[K/usr/local/include/unitree/robot/channel/channel_factory.hpp:4[m[K,
[0.867s]                  from [01m[K/usr/local/include/unitree/robot/channel/channel_labor.hpp:4[m[K,
[0.867s]                  from [01m[K/usr/local/include/unitree/robot/client/client_stub.hpp:5[m[K,
[0.867s]                  from [01m[K/usr/local/include/unitree/robot/client/client_base.hpp:4[m[K,
[0.867s]                  from [01m[K/usr/local/include/unitree/robot/client/client.hpp:4[m[K,
[0.867s]                  from [01m[K/usr/local/include/unitree/robot/h1/loco/h1_loco_client.hpp:4[m[K,
[0.867s]                  from [01m[K/home/robot/nav2_ws/src/h1_sport_sdk/src/sub_cmdvel.cpp:4[m[K:
[0.867s] [01m[K/opt/ros/foxy/include/dds/ddsrt/threads.h:78:3:[m[K [01;31m[Kerror: [m[K‘[01m[KDDSRT_SCHED_REALTIME[m[K’ conflicts with a previous declaration
[0.867s]    78 |   [01;31m[KDDSRT_SCHED_REALTIME[m[K,
[0.867s]       |   [01;31m[K^~~~~~~~~~~~~~~~~~~~[m[K
[0.867s] In file included from [01m[K/usr/local/include/dds/ddsi/ddsi_config.h:19[m[K,
[0.867s]                  from [01m[K/usr/local/include/ddscxx/dds/domain/TDomainParticipant.hpp:24[m[K,
[0.867s]                  from [01m[K/usr/local/include/ddscxx/dds/domain/detail/TDomainParticipantImpl.hpp:22[m[K,
[0.867s]                  from [01m[K/usr/local/include/ddscxx/dds/domain/detail/DomainParticipant.hpp:22[m[K,
[0.867s]                  from [01m[K/usr/local/include/ddscxx/dds/domain/DomainParticipant.hpp:22[m[K,
[0.867s]                  from [01m[K/usr/local/include/ddscxx/dds/domain/find.hpp:22[m[K,
[0.867s]                  from [01m[K/usr/local/include/ddscxx/dds/domain/ddsdomain.hpp:21[m[K,
[0.867s]                  from [01m[K/usr/local/include/ddscxx/dds/dds.hpp:34[m[K,
[0.867s]                  from [01m[K/usr/local/include/unitree/common/dds/dds_entity.hpp:4[m[K,
[0.867s]                  from [01m[K/usr/local/include/unitree/common/dds/dds_topic_channel.hpp:4[m[K,
[0.867s]                  from [01m[K/usr/local/include/unitree/common/dds/dds_factory_model.hpp:5[m[K,
[0.867s]                  from [01m[K/usr/local/include/unitree/robot/channel/channel_factory.hpp:4[m[K,
[0.867s]                  from [01m[K/usr/local/include/unitree/robot/channel/channel_labor.hpp:4[m[K,
[0.867s]                  from [01m[K/usr/local/include/unitree/robot/client/client_stub.hpp:5[m[K,
[0.867s]                  from [01m[K/usr/local/include/unitree/robot/client/client_base.hpp:4[m[K,
[0.867s]                  from [01m[K/usr/local/include/unitree/robot/client/client.hpp:4[m[K,
[0.867s]                  from [01m[K/usr/local/include/unitree/robot/h1/loco/h1_loco_client.hpp:4[m[K,
[0.867s]                  from [01m[K/home/robot/nav2_ws/src/h1_sport_sdk/src/sub_cmdvel.cpp:4[m[K:
[0.867s] [01m[K/usr/local/include/dds/ddsrt/sched.h:35:3:[m[K [01;36m[Knote: [m[Kprevious declaration ‘[01m[Kddsrt_sched_t DDSRT_SCHED_REALTIME[m[K’
[0.868s]    35 |   [01;36m[KDDSRT_SCHED_REALTIME[m[K,
[0.868s]       |   [01;36m[K^~~~~~~~~~~~~~~~~~~~[m[K
[0.868s] In file included from [01m[K/opt/ros/foxy/include/dds/ddsrt/rusage.h:33[m[K,
[0.868s]                  from [01m[K/opt/ros/foxy/include/dds/ddsi/q_log.h:19[m[K,
[0.868s]                  from [01m[K/opt/ros/foxy/include/dds/ddsi/ddsi_xqos.h:20[m[K,
[0.868s]                  from [01m[K/usr/local/include/dds/ddsi/ddsi_sertype.h:18[m[K,
[0.868s]                  from [01m[K/usr/local/include/ddscxx/dds/topic/detail/TTopicImpl.hpp:155[m[K,
[0.868s]                  from [01m[K/usr/local/include/ddscxx/dds/topic/detail/BuiltinTopic.hpp:23[m[K,
[0.868s]                  from [01m[K/usr/local/include/ddscxx/dds/topic/BuiltinTopic.hpp:22[m[K,
[0.868s]                  from [01m[K/usr/local/include/ddscxx/org/eclipse/cyclonedds/sub/AnyDataReaderDelegate.hpp:36[m[K,
[0.868s]                  from [01m[K/usr/local/include/ddscxx/dds/topic/detail/ContentFilteredTopic.hpp:31[m[K,
[0.868s]                  from [01m[K/usr/local/include/ddscxx/dds/topic/ContentFilteredTopic.hpp:22[m[K,
[0.868s]                  from [01m[K/usr/local/include/ddscxx/dds/topic/ddstopic.hpp:25[m[K,
[0.868s]                  from [01m[K/usr/local/include/ddscxx/dds/dds.hpp:35[m[K,
[0.868s]                  from [01m[K/usr/local/include/unitree/common/dds/dds_entity.hpp:4[m[K,
[0.868s]                  from [01m[K/usr/local/include/unitree/common/dds/dds_topic_channel.hpp:4[m[K,
[0.868s]                  from [01m[K/usr/local/include/unitree/common/dds/dds_factory_model.hpp:5[m[K,
[0.868s]                  from [01m[K/usr/local/include/unitree/robot/channel/channel_factory.hpp:4[m[K,
[0.868s]                  from [01m[K/usr/local/include/unitree/robot/channel/channel_labor.hpp:4[m[K,
[0.868s]                  from [01m[K/usr/local/include/unitree/robot/client/client_stub.hpp:5[m[K,
[0.868s]                  from [01m[K/usr/local/include/unitree/robot/client/client_base.hpp:4[m[K,
[0.868s]                  from [01m[K/usr/local/include/unitree/robot/client/client.hpp:4[m[K,
[0.868s]                  from [01m[K/usr/local/include/unitree/robot/h1/loco/h1_loco_client.hpp:4[m[K,
[0.868s]                  from [01m[K/home/robot/nav2_ws/src/h1_sport_sdk/src/sub_cmdvel.cpp:4[m[K:
[0.868s] [01m[K/opt/ros/foxy/include/dds/ddsrt/threads.h:84:3:[m[K [01;31m[Kerror: [m[K‘[01m[KDDSRT_SCHED_TIMESHARE[m[K’ conflicts with a previous declaration
[0.868s]    84 |   [01;31m[KDDSRT_SCHED_TIMESHARE[m[K
[0.868s]       |   [01;31m[K^~~~~~~~~~~~~~~~~~~~~[m[K
[0.868s] In file included from [01m[K/usr/local/include/dds/ddsi/ddsi_config.h:19[m[K,
[0.868s]                  from [01m[K/usr/local/include/ddscxx/dds/domain/TDomainParticipant.hpp:24[m[K,
[0.868s]                  from [01m[K/usr/local/include/ddscxx/dds/domain/detail/TDomainParticipantImpl.hpp:22[m[K,
[0.868s]                  from [01m[K/usr/local/include/ddscxx/dds/domain/detail/DomainParticipant.hpp:22[m[K,
[0.868s]                  from [01m[K/usr/local/include/ddscxx/dds/domain/DomainParticipant.hpp:22[m[K,
[0.868s]                  from [01m[K/usr/local/include/ddscxx/dds/domain/find.hpp:22[m[K,
[0.868s]                  from [01m[K/usr/local/include/ddscxx/dds/domain/ddsdomain.hpp:21[m[K,
[0.868s]                  from [01m[K/usr/local/include/ddscxx/dds/dds.hpp:34[m[K,
[0.868s]                  from [01m[K/usr/local/include/unitree/common/dds/dds_entity.hpp:4[m[K,
[0.868s]                  from [01m[K/usr/local/include/unitree/common/dds/dds_topic_channel.hpp:4[m[K,
[0.868s]                  from [01m[K/usr/local/include/unitree/common/dds/dds_factory_model.hpp:5[m[K,
[0.868s]                  from [01m[K/usr/local/include/unitree/robot/channel/channel_factory.hpp:4[m[K,
[0.868s]                  from [01m[K/usr/local/include/unitree/robot/channel/channel_labor.hpp:4[m[K,
[0.868s]                  from [01m[K/usr/local/include/unitree/robot/client/client_stub.hpp:5[m[K,
[0.868s]                  from [01m[K/usr/local/include/unitree/robot/client/client_base.hpp:4[m[K,
[0.868s]                  from [01m[K/usr/local/include/unitree/robot/client/client.hpp:4[m[K,
[0.868s]                  from [01m[K/usr/local/include/unitree/robot/h1/loco/h1_loco_client.hpp:4[m[K,
[0.868s]                  from [01m[K/home/robot/nav2_ws/src/h1_sport_sdk/src/sub_cmdvel.cpp:4[m[K:
[0.868s] [01m[K/usr/local/include/dds/ddsrt/sched.h:41:3:[m[K [01;36m[Knote: [m[Kprevious declaration ‘[01m[Kddsrt_sched_t DDSRT_SCHED_TIMESHARE[m[K’
[0.868s]    41 |   [01;36m[KDDSRT_SCHED_TIMESHARE[m[K
[0.868s]       |   [01;36m[K^~~~~~~~~~~~~~~~~~~~~[m[K
[0.868s] In file included from [01m[K/opt/ros/foxy/include/dds/ddsrt/rusage.h:33[m[K,
[0.868s]                  from [01m[K/opt/ros/foxy/include/dds/ddsi/q_log.h:19[m[K,
[0.868s]                  from [01m[K/opt/ros/foxy/include/dds/ddsi/ddsi_xqos.h:20[m[K,
[0.868s]                  from [01m[K/usr/local/include/dds/ddsi/ddsi_sertype.h:18[m[K,
[0.868s]                  from [01m[K/usr/local/include/ddscxx/dds/topic/detail/TTopicImpl.hpp:155[m[K,
[0.869s]                  from [01m[K/usr/local/include/ddscxx/dds/topic/detail/BuiltinTopic.hpp:23[m[K,
[0.869s]                  from [01m[K/usr/local/include/ddscxx/dds/topic/BuiltinTopic.hpp:22[m[K,
[0.869s]                  from [01m[K/usr/local/include/ddscxx/org/eclipse/cyclonedds/sub/AnyDataReaderDelegate.hpp:36[m[K,
[0.869s]                  from [01m[K/usr/local/include/ddscxx/dds/topic/detail/ContentFilteredTopic.hpp:31[m[K,
[0.869s]                  from [01m[K/usr/local/include/ddscxx/dds/topic/ContentFilteredTopic.hpp:22[m[K,
[0.869s]                  from [01m[K/usr/local/include/ddscxx/dds/topic/ddstopic.hpp:25[m[K,
[0.869s]                  from [01m[K/usr/local/include/ddscxx/dds/dds.hpp:35[m[K,
[0.869s]                  from [01m[K/usr/local/include/unitree/common/dds/dds_entity.hpp:4[m[K,
[0.869s]                  from [01m[K/usr/local/include/unitree/common/dds/dds_topic_channel.hpp:4[m[K,
[0.869s]                  from [01m[K/usr/local/include/unitree/common/dds/dds_factory_model.hpp:5[m[K,
[0.869s]                  from [01m[K/usr/local/include/unitree/robot/channel/channel_factory.hpp:4[m[K,
[0.869s]                  from [01m[K/usr/local/include/unitree/robot/channel/channel_labor.hpp:4[m[K,
[0.869s]                  from [01m[K/usr/local/include/unitree/robot/client/client_stub.hpp:5[m[K,
[0.869s]                  from [01m[K/usr/local/include/unitree/robot/client/client_base.hpp:4[m[K,
[0.869s]                  from [01m[K/usr/local/include/unitree/robot/client/client.hpp:4[m[K,
[0.869s]                  from [01m[K/usr/local/include/unitree/robot/h1/loco/h1_loco_client.hpp:4[m[K,
[0.869s]                  from [01m[K/home/robot/nav2_ws/src/h1_sport_sdk/src/sub_cmdvel.cpp:4[m[K:
[0.869s] [01m[K/opt/ros/foxy/include/dds/ddsrt/threads.h:85:3:[m[K [01;31m[Kerror: [m[Kconflicting declaration ‘[01m[Ktypedef enum ddsrt_sched_t ddsrt_sched_t[m[K’
[0.869s]    85 | } [01;31m[Kddsrt_sched_t[m[K;
[0.869s]       |   [01;31m[K^~~~~~~~~~~~~[m[K
[0.869s] In file included from [01m[K/usr/local/include/dds/ddsi/ddsi_config.h:19[m[K,
[0.869s]                  from [01m[K/usr/local/include/ddscxx/dds/domain/TDomainParticipant.hpp:24[m[K,
[0.869s]                  from [01m[K/usr/local/include/ddscxx/dds/domain/detail/TDomainParticipantImpl.hpp:22[m[K,
[0.869s]                  from [01m[K/usr/local/include/ddscxx/dds/domain/detail/DomainParticipant.hpp:22[m[K,
[0.869s]                  from [01m[K/usr/local/include/ddscxx/dds/domain/DomainParticipant.hpp:22[m[K,
[0.869s]                  from [01m[K/usr/local/include/ddscxx/dds/domain/find.hpp:22[m[K,
[0.869s]                  from [01m[K/usr/local/include/ddscxx/dds/domain/ddsdomain.hpp:21[m[K,
[0.869s]                  from [01m[K/usr/local/include/ddscxx/dds/dds.hpp:34[m[K,
[0.869s]                  from [01m[K/usr/local/include/unitree/common/dds/dds_entity.hpp:4[m[K,
[0.869s]                  from [01m[K/usr/local/include/unitree/common/dds/dds_topic_channel.hpp:4[m[K,
[0.869s]                  from [01m[K/usr/local/include/unitree/common/dds/dds_factory_model.hpp:5[m[K,
[0.869s]                  from [01m[K/usr/local/include/unitree/robot/channel/channel_factory.hpp:4[m[K,
[0.869s]                  from [01m[K/usr/local/include/unitree/robot/channel/channel_labor.hpp:4[m[K,
[0.869s]                  from [01m[K/usr/local/include/unitree/robot/client/client_stub.hpp:5[m[K,
[0.869s]                  from [01m[K/usr/local/include/unitree/robot/client/client_base.hpp:4[m[K,
[0.869s]                  from [01m[K/usr/local/include/unitree/robot/client/client.hpp:4[m[K,
[0.869s]                  from [01m[K/usr/local/include/unitree/robot/h1/loco/h1_loco_client.hpp:4[m[K,
[0.869s]                  from [01m[K/home/robot/nav2_ws/src/h1_sport_sdk/src/sub_cmdvel.cpp:4[m[K:
[0.869s] [01m[K/usr/local/include/dds/ddsrt/sched.h:42:3:[m[K [01;36m[Knote: [m[Kprevious declaration as ‘[01m[Ktypedef enum ddsrt_sched_t ddsrt_sched_t[m[K’
[0.869s]    42 | } [01;36m[Kddsrt_sched_t[m[K;
[0.869s]       |   [01;36m[K^~~~~~~~~~~~~[m[K
[0.869s] In file included from [01m[K/usr/local/include/ddscxx/dds/topic/detail/TTopicImpl.hpp:155[m[K,
[0.869s]                  from [01m[K/usr/local/include/ddscxx/dds/topic/detail/BuiltinTopic.hpp:23[m[K,
[0.869s]                  from [01m[K/usr/local/include/ddscxx/dds/topic/BuiltinTopic.hpp:22[m[K,
[0.869s]                  from [01m[K/usr/local/include/ddscxx/org/eclipse/cyclonedds/sub/AnyDataReaderDelegate.hpp:36[m[K,
[0.869s]                  from [01m[K/usr/local/include/ddscxx/dds/topic/detail/ContentFilteredTopic.hpp:31[m[K,
[0.869s]                  from [01m[K/usr/local/include/ddscxx/dds/topic/ContentFilteredTopic.hpp:22[m[K,
[0.869s]                  from [01m[K/usr/local/include/ddscxx/dds/topic/ddstopic.hpp:25[m[K,
[0.869s]                  from [01m[K/usr/local/include/ddscxx/dds/dds.hpp:35[m[K,
[0.869s]                  from [01m[K/usr/local/include/unitree/common/dds/dds_entity.hpp:4[m[K,
[0.869s]                  from [01m[K/usr/local/include/unitree/common/dds/dds_topic_channel.hpp:4[m[K,
[0.870s]                  from [01m[K/usr/local/include/unitree/common/dds/dds_factory_model.hpp:5[m[K,
[0.870s]                  from [01m[K/usr/local/include/unitree/robot/channel/channel_factory.hpp:4[m[K,
[0.870s]                  from [01m[K/usr/local/include/unitree/robot/channel/channel_labor.hpp:4[m[K,
[0.870s]                  from [01m[K/usr/local/include/unitree/robot/client/client_stub.hpp:5[m[K,
[0.870s]                  from [01m[K/usr/local/include/unitree/robot/client/client_base.hpp:4[m[K,
[0.870s]                  from [01m[K/usr/local/include/unitree/robot/client/client.hpp:4[m[K,
[0.870s]                  from [01m[K/usr/local/include/unitree/robot/h1/loco/h1_loco_client.hpp:4[m[K,
[0.870s]                  from [01m[K/home/robot/nav2_ws/src/h1_sport_sdk/src/sub_cmdvel.cpp:4[m[K:
[0.870s] [01m[K/usr/local/include/dds/ddsi/ddsi_sertype.h:138:93:[m[K [01;31m[Kerror: [m[K‘[01m[Kdds_data_representation_id_t[m[K’ has not been declared
[0.870s]   138 | typedef struct ddsi_sertype * (*ddsi_sertype_derive_t) (const struct ddsi_sertype *sertype, [01;31m[Kdds_data_representation_id_t[m[K data_representation, dds_type_consistency_enforcement_qospolicy_t tce_qos);
[0.870s]       |                                                                                             [01;31m[K^~~~~~~~~~~~~~~~~~~~~~~~~~~~[m[K
[0.870s] [01m[K/usr/local/include/dds/ddsi/ddsi_sertype.h:138:143:[m[K [01;31m[Kerror: [m[K‘[01m[Kdds_type_consistency_enforcement_qospolicy_t[m[K’ has not been declared
[0.870s]   138 | typedef struct ddsi_sertype * (*ddsi_sertype_derive_t) (const struct ddsi_sertype *sertype, dds_data_representation_id_t data_representation, [01;31m[Kdds_type_consistency_enforcement_qospolicy_t[m[K tce_qos);
[0.870s]       |                                                                                                                                               [01;31m[K^~~~~~~~~~~~~~~~~~~~~~~~~~~~~~~~~~~~~~~~~~~~[m[K
[0.870s] [01m[K/usr/local/include/dds/ddsi/ddsi_sertype.h:202:1:[m[K [01;31m[Kerror: [m[K‘[01m[KDDS_INLINE_EXPORT[m[K’ does not name a type; did you mean ‘[01m[KDDS_NO_EXPORT[m[K’?
[0.870s]   202 | [01;31m[KDDS_INLINE_EXPORT[m[K inline void ddsi_sertype_free (struct ddsi_sertype *tp) {
[0.870s]       | [01;31m[K^~~~~~~~~~~~~~~~~[m[K
[0.870s]       | [32m[KDDS_NO_EXPORT[m[K
[0.871s] [01m[K/usr/local/include/dds/ddsi/ddsi_sertype.h:205:1:[m[K [01;31m[Kerror: [m[K‘[01m[KDDS_INLINE_EXPORT[m[K’ does not name a type; did you mean ‘[01m[KDDS_NO_EXPORT[m[K’?
[0.871s]   205 | [01;31m[KDDS_INLINE_EXPORT[m[K inline void ddsi_sertype_zero_samples (const struct ddsi_sertype *tp, void *samples, size_t count) {
[0.871s]       | [01;31m[K^~~~~~~~~~~~~~~~~[m[K
[0.871s]       | [32m[KDDS_NO_EXPORT[m[K
[0.873s] [01m[K/usr/local/include/dds/ddsi/ddsi_sertype.h:208:1:[m[K [01;31m[Kerror: [m[K‘[01m[KDDS_INLINE_EXPORT[m[K’ does not name a type; did you mean ‘[01m[KDDS_NO_EXPORT[m[K’?
[0.873s]   208 | [01;31m[KDDS_INLINE_EXPORT[m[K inline void ddsi_sertype_realloc_samples (void **ptrs, const struct ddsi_sertype *tp, void *old, size_t oldcount, size_t count)
[0.873s]       | [01;31m[K^~~~~~~~~~~~~~~~~[m[K
[0.873s]       | [32m[KDDS_NO_EXPORT[m[K
[0.875s] [01m[K/usr/local/include/dds/ddsi/ddsi_sertype.h:212:1:[m[K [01;31m[Kerror: [m[K‘[01m[KDDS_INLINE_EXPORT[m[K’ does not name a type; did you mean ‘[01m[KDDS_NO_EXPORT[m[K’?
[0.875s]   212 | [01;31m[KDDS_INLINE_EXPORT[m[K inline void ddsi_sertype_free_samples (const struct ddsi_sertype *tp, void **ptrs, size_t count, dds_free_op_t op) {
[0.875s]       | [01;31m[K^~~~~~~~~~~~~~~~~[m[K
[0.875s]       | [32m[KDDS_NO_EXPORT[m[K
[0.877s] [01m[K/usr/local/include/dds/ddsi/ddsi_sertype.h:215:1:[m[K [01;31m[Kerror: [m[K‘[01m[KDDS_INLINE_EXPORT[m[K’ does not name a type; did you mean ‘[01m[KDDS_NO_EXPORT[m[K’?
[0.877s]   215 | [01;31m[KDDS_INLINE_EXPORT[m[K inline void ddsi_sertype_zero_sample (const struct ddsi_sertype *tp, void *sample) {
[0.877s]       | [01;31m[K^~~~~~~~~~~~~~~~~[m[K
[0.877s]       | [32m[KDDS_NO_EXPORT[m[K
[0.879s] [01m[K/usr/local/include/dds/ddsi/ddsi_sertype.h:218:1:[m[K [01;31m[Kerror: [m[K‘[01m[KDDS_INLINE_EXPORT[m[K’ does not name a type; did you mean ‘[01m[KDDS_NO_EXPORT[m[K’?
[0.879s]   218 | [01;31m[KDDS_INLINE_EXPORT[m[K inline void *ddsi_sertype_alloc_sample (const struct ddsi_sertype *tp) {
[0.879s]       | [01;31m[K^~~~~~~~~~~~~~~~~[m[K
[0.880s]       | [32m[KDDS_NO_EXPORT[m[K
[0.881s] [01m[K/usr/local/include/dds/ddsi/ddsi_sertype.h:223:1:[m[K [01;31m[Kerror: [m[K‘[01m[KDDS_INLINE_EXPORT[m[K’ does not name a type; did you mean ‘[01m[KDDS_NO_EXPORT[m[K’?
[0.882s]   223 | [01;31m[KDDS_INLINE_EXPORT[m[K inline void ddsi_sertype_free_sample (const struct ddsi_sertype *tp, void *sample, dds_free_op_t op) {
[0.882s]       | [01;31m[K^~~~~~~~~~~~~~~~~[m[K
[0.882s]       | [32m[KDDS_NO_EXPORT[m[K
[0.884s] [01m[K/usr/local/include/dds/ddsi/ddsi_sertype.h:226:1:[m[K [01;31m[Kerror: [m[K‘[01m[KDDS_INLINE_EXPORT[m[K’ does not name a type; did you mean ‘[01m[KDDS_NO_EXPORT[m[K’?
[0.884s]   226 | [01;31m[KDDS_INLINE_EXPORT[m[K inline ddsi_typeid_t * ddsi_sertype_typeid (const struct ddsi_sertype *tp, ddsi_typeid_kind_t kind)
[0.884s]       | [01;31m[K^~~~~~~~~~~~~~~~~[m[K
[0.884s]       | [32m[KDDS_NO_EXPORT[m[K
[0.886s] [01m[K/usr/local/include/dds/ddsi/ddsi_sertype.h:232:1:[m[K [01;31m[Kerror: [m[K‘[01m[KDDS_INLINE_EXPORT[m[K’ does not name a type; did you mean ‘[01m[KDDS_NO_EXPORT[m[K’?
[0.886s]   232 | [01;31m[KDDS_INLINE_EXPORT[m[K inline ddsi_typemap_t * ddsi_sertype_typemap (const struct ddsi_sertype *tp)
[0.886s]       | [01;31m[K^~~~~~~~~~~~~~~~~[m[K
[0.886s]       | [32m[KDDS_NO_EXPORT[m[K
[0.888s] [01m[K/usr/local/include/dds/ddsi/ddsi_sertype.h:238:1:[m[K [01;31m[Kerror: [m[K‘[01m[KDDS_INLINE_EXPORT[m[K’ does not name a type; did you mean ‘[01m[KDDS_NO_EXPORT[m[K’?
[0.888s]   238 | [01;31m[KDDS_INLINE_EXPORT[m[K inline ddsi_typeinfo_t *ddsi_sertype_typeinfo (const struct ddsi_sertype *tp)
[0.888s]       | [01;31m[K^~~~~~~~~~~~~~~~~[m[K
[0.888s]       | [32m[KDDS_NO_EXPORT[m[K
[0.890s] [01m[K/usr/local/include/dds/ddsi/ddsi_sertype.h:244:1:[m[K [01;31m[Kerror: [m[K‘[01m[KDDS_INLINE_EXPORT[m[K’ does not name a type; did you mean ‘[01m[KDDS_NO_EXPORT[m[K’?
[0.890s]   244 | [01;31m[KDDS_INLINE_EXPORT[m[K inline struct ddsi_sertype * ddsi_sertype_derive_sertype (const struct ddsi_sertype *base_sertype, dds_data_representation_id_t data_representation, dds_type_consistency_enforcement_qospolicy_t tce_qos) {
[0.890s]       | [01;31m[K^~~~~~~~~~~~~~~~~[m[K
[0.890s]       | [32m[KDDS_NO_EXPORT[m[K
[0.892s] [01m[K/usr/local/include/dds/ddsi/ddsi_sertype.h:250:1:[m[K [01;31m[Kerror: [m[K‘[01m[KDDS_INLINE_EXPORT[m[K’ does not name a type; did you mean ‘[01m[KDDS_NO_EXPORT[m[K’?
[0.892s]   250 | [01;31m[KDDS_INLINE_EXPORT[m[K inline size_t
[0.892s]       | [01;31m[K^~~~~~~~~~~~~~~~~[m[K
[0.892s]       | [32m[KDDS_NO_EXPORT[m[K
[0.894s] [01m[K/usr/local/include/dds/ddsi/ddsi_sertype.h:256:1:[m[K [01;31m[Kerror: [m[K‘[01m[KDDS_INLINE_EXPORT[m[K’ does not name a type; did you mean ‘[01m[KDDS_NO_EXPORT[m[K’?
[0.894s]   256 | [01;31m[KDDS_INLINE_EXPORT[m[K inline bool
[0.894s]       | [01;31m[K^~~~~~~~~~~~~~~~~[m[K
[0.894s]       | [32m[KDDS_NO_EXPORT[m[K
[0.894s] In file included from [01m[K/usr/local/include/ddscxx/dds/topic/detail/BuiltinTopic.hpp:23[m[K,
[0.894s]                  from [01m[K/usr/local/include/ddscxx/dds/topic/BuiltinTopic.hpp:22[m[K,
[0.894s]                  from [01m[K/usr/local/include/ddscxx/org/eclipse/cyclonedds/sub/AnyDataReaderDelegate.hpp:36[m[K,
[0.894s]                  from [01m[K/usr/local/include/ddscxx/dds/topic/detail/ContentFilteredTopic.hpp:31[m[K,
[0.894s]                  from [01m[K/usr/local/include/ddscxx/dds/topic/ContentFilteredTopic.hpp:22[m[K,
[0.895s]                  from [01m[K/usr/local/include/ddscxx/dds/topic/ddstopic.hpp:25[m[K,
[0.895s]                  from [01m[K/usr/local/include/ddscxx/dds/dds.hpp:35[m[K,
[0.895s]                  from [01m[K/usr/local/include/unitree/common/dds/dds_entity.hpp:4[m[K,
[0.895s]                  from [01m[K/usr/local/include/unitree/common/dds/dds_topic_channel.hpp:4[m[K,
[0.895s]                  from [01m[K/usr/local/include/unitree/common/dds/dds_factory_model.hpp:5[m[K,
[0.895s]                  from [01m[K/usr/local/include/unitree/robot/channel/channel_factory.hpp:4[m[K,
[0.895s]                  from [01m[K/usr/local/include/unitree/robot/channel/channel_labor.hpp:4[m[K,
[0.895s]                  from [01m[K/usr/local/include/unitree/robot/client/client_stub.hpp:5[m[K,
[0.895s]                  from [01m[K/usr/local/include/unitree/robot/client/client_base.hpp:4[m[K,
[0.895s]                  from [01m[K/usr/local/include/unitree/robot/client/client.hpp:4[m[K,
[0.895s]                  from [01m[K/usr/local/include/unitree/robot/h1/loco/h1_loco_client.hpp:4[m[K,
[0.895s]                  from [01m[K/home/robot/nav2_ws/src/h1_sport_sdk/src/sub_cmdvel.cpp:4[m[K:
[0.895s] [01m[K/usr/local/include/ddscxx/dds/topic/detail/TTopicImpl.hpp:[m[K In constructor ‘[01m[Kdds::topic::detail::Topic<T>::Topic(const DomainParticipant&, const string&, const string&, const TopicQos&, dds::topic::TopicListener<T>*, const dds::core::status::StatusMask&)[m[K’:
[0.895s] [01m[K/usr/local/include/ddscxx/dds/topic/detail/TTopicImpl.hpp:178:31:[m[K [01;31m[Kerror: [m[Kthere are no arguments to ‘[01m[Kdds_create_topic_sertype[m[K’ that depend on a template parameter, so a declaration of ‘[01m[Kdds_create_topic_sertype[m[K’ must be available [[01;31m[K-fpermissive[m[K]
[0.895s]   178 |     dds_entity_t ddsc_topic = [01;31m[Kdds_create_topic_sertype[m[K(
[0.895s]       |                               [01;31m[K^~~~~~~~~~~~~~~~~~~~~~~~[m[K
[0.895s] [01m[K/usr/local/include/ddscxx/dds/topic/detail/TTopicImpl.hpp:184:26:[m[K [01;31m[Kerror: [m[Kcannot convert ‘[01m[Korg::eclipse::cyclonedds::topic::ddsi_sertype*[m[K’ to ‘[01m[Kddsi_sertype*[m[K’
[0.895s]   184 |       ddsi_sertype_unref([01;31m[Kser_type_[m[K);
[0.895s]       |                          [01;31m[K^~~~~~~~~[m[K
[0.895s]       |                          [01;31m[K|[m[K
[0.895s]       |                          [01;31m[Korg::eclipse::cyclonedds::topic::ddsi_sertype*[m[K
[0.895s] In file included from [01m[K/usr/local/include/ddscxx/dds/topic/detail/TTopicImpl.hpp:155[m[K,
[0.895s]                  from [01m[K/usr/local/include/ddscxx/dds/topic/detail/BuiltinTopic.hpp:23[m[K,
[0.895s]                  from [01m[K/usr/local/include/ddscxx/dds/topic/BuiltinTopic.hpp:22[m[K,
[0.895s]                  from [01m[K/usr/local/include/ddscxx/org/eclipse/cyclonedds/sub/AnyDataReaderDelegate.hpp:36[m[K,
[0.895s]                  from [01m[K/usr/local/include/ddscxx/dds/topic/detail/ContentFilteredTopic.hpp:31[m[K,
[0.895s]                  from [01m[K/usr/local/include/ddscxx/dds/topic/ContentFilteredTopic.hpp:22[m[K,
[0.895s]                  from [01m[K/usr/local/include/ddscxx/dds/topic/ddstopic.hpp:25[m[K,
[0.895s]                  from [01m[K/usr/local/include/ddscxx/dds/dds.hpp:35[m[K,
[0.895s]                  from [01m[K/usr/local/include/unitree/common/dds/dds_entity.hpp:4[m[K,
[0.895s]                  from [01m[K/usr/local/include/unitree/common/dds/dds_topic_channel.hpp:4[m[K,
[0.895s]                  from [01m[K/usr/local/include/unitree/common/dds/dds_factory_model.hpp:5[m[K,
[0.895s]                  from [01m[K/usr/local/include/unitree/robot/channel/channel_factory.hpp:4[m[K,
[0.895s]                  from [01m[K/usr/local/include/unitree/robot/channel/channel_labor.hpp:4[m[K,
[0.895s]                  from [01m[K/usr/local/include/unitree/robot/client/client_stub.hpp:5[m[K,
[0.895s]                  from [01m[K/usr/local/include/unitree/robot/client/client_base.hpp:4[m[K,
[0.895s]                  from [01m[K/usr/local/include/unitree/robot/client/client.hpp:4[m[K,
[0.895s]                  from [01m[K/usr/local/include/unitree/robot/h1/loco/h1_loco_client.hpp:4[m[K,
[0.895s]                  from [01m[K/home/robot/nav2_ws/src/h1_sport_sdk/src/sub_cmdvel.cpp:4[m[K:
[0.895s] [01m[K/usr/local/include/dds/ddsi/ddsi_sertype.h:190:58:[m[K [01;36m[Knote: [m[K  initializing argument 1 of ‘[01m[Kvoid ddsi_sertype_unref(ddsi_sertype*)[m[K’
[0.895s]   190 | DDS_EXPORT void ddsi_sertype_unref ([01;36m[Kstruct ddsi_sertype *tp[m[K); /* tp->gv->sertypes_lock may not be held */
[0.895s]       |                                     [01;36m[K~~~~~~~~~~~~~~~~~~~~~^~[m[K
[0.895s] In file included from [01m[K/usr/local/include/ddscxx/org/eclipse/cyclonedds/topic/datatopic.hpp:26[m[K,
[0.895s]                  from [01m[K/usr/local/include/unitree/robot/internal/internal_idl_decl/RequestIdentity_.hpp:63[m[K,
[0.895s]                  from [01m[K/usr/local/include/unitree/robot/internal/internal_idl_decl/RequestHeader_.hpp:12[m[K,
[0.895s]                  from [01m[K/usr/local/include/unitree/robot/internal/internal_idl_decl/Request_.hpp:12[m[K,
[0.895s]                  from [01m[K/usr/local/include/unitree/robot/internal/internal_request_response.hpp:4[m[K,
[0.895s]                  from [01m[K/usr/local/include/unitree/robot/internal/internal.hpp:6[m[K,
[0.895s]                  from [01m[K/usr/local/include/unitree/robot/future/request_future.hpp:5[m[K,
[0.895s]                  from [01m[K/usr/local/include/unitree/robot/client/client_stub.hpp:4[m[K,
[0.895s]                  from [01m[K/usr/local/include/unitree/robot/client/client_base.hpp:4[m[K,
[0.896s]                  from [01m[K/usr/local/include/unitree/robot/client/client.hpp:4[m[K,
[0.896s]                  from [01m[K/usr/local/include/unitree/robot/h1/loco/h1_loco_client.hpp:4[m[K,
[0.896s]                  from [01m[K/home/robot/nav2_ws/src/h1_sport_sdk/src/sub_cmdvel.cpp:4[m[K:
[0.896s] [01m[K/usr/local/include/ddscxx/org/eclipse/cyclonedds/topic/TopicTraits.hpp:266:19:[m[K [01;36m[Knote: [m[Kclass type ‘[01m[Korg::eclipse::cyclonedds::topic::ddsi_sertype[m[K’ is incomplete
[0.896s]   266 |     static struct [01;36m[Kddsi_sertype[m[K* deriveSertype(const struct ddsi_sertype *, dds_data_representation_id_t data_representation, dds_type_consistency_enforcement_qospolicy_t)
[0.896s]       |                   [01;36m[K^~~~~~~~~~~~[m[K
[0.896s] In file included from [01m[K/usr/local/include/ddscxx/dds/topic/detail/BuiltinTopic.hpp:23[m[K,
[0.896s]                  from [01m[K/usr/local/include/ddscxx/dds/topic/BuiltinTopic.hpp:22[m[K,
[0.896s]                  from [01m[K/usr/local/include/ddscxx/org/eclipse/cyclonedds/sub/AnyDataReaderDelegate.hpp:36[m[K,
[0.896s]                  from [01m[K/usr/local/include/ddscxx/dds/topic/detail/ContentFilteredTopic.hpp:31[m[K,
[0.896s]                  from [01m[K/usr/local/include/ddscxx/dds/topic/ContentFilteredTopic.hpp:22[m[K,
[0.896s]                  from [01m[K/usr/local/include/ddscxx/dds/topic/ddstopic.hpp:25[m[K,
[0.896s]                  from [01m[K/usr/local/include/ddscxx/dds/dds.hpp:35[m[K,
[0.896s]                  from [01m[K/usr/local/include/unitree/common/dds/dds_entity.hpp:4[m[K,
[0.896s]                  from [01m[K/usr/local/include/unitree/common/dds/dds_topic_channel.hpp:4[m[K,
[0.896s]                  from [01m[K/usr/local/include/unitree/common/dds/dds_factory_model.hpp:5[m[K,
[0.896s]                  from [01m[K/usr/local/include/unitree/robot/channel/channel_factory.hpp:4[m[K,
[0.896s]                  from [01m[K/usr/local/include/unitree/robot/channel/channel_labor.hpp:4[m[K,
[0.896s]                  from [01m[K/usr/local/include/unitree/robot/client/client_stub.hpp:5[m[K,
[0.896s]                  from [01m[K/usr/local/include/unitree/robot/client/client_base.hpp:4[m[K,
[0.896s]                  from [01m[K/usr/local/include/unitree/robot/client/client.hpp:4[m[K,
[0.896s]                  from [01m[K/usr/local/include/unitree/robot/h1/loco/h1_loco_client.hpp:4[m[K,
[0.896s]                  from [01m[K/home/robot/nav2_ws/src/h1_sport_sdk/src/sub_cmdvel.cpp:4[m[K:
[0.896s] [01m[K/usr/local/include/ddscxx/dds/topic/detail/TTopicImpl.hpp:[m[K In static member function ‘[01m[Kstatic dds::topic::Topic<T, dds::topic::detail::Topic> dds::topic::detail::Topic<T>::discover_topic(const DomainParticipant&, const string&, const dds::core::Duration&)[m[K’:
[0.896s] [01m[K/usr/local/include/ddscxx/dds/topic/detail/TTopicImpl.hpp:311:21:[m[K [01;31m[Kerror: [m[K‘[01m[Kdds_typeinfo_t[m[K’ was not declared in this scope; did you mean ‘[01m[Kddsi_typeinfo_t[m[K’?
[0.896s]   311 |     std::unique_ptr<[01;31m[Kdds_typeinfo_t[m[K, std::function<void(dds_typeinfo_t *)> >
[0.896s]       |                     [01;31m[K^~~~~~~~~~~~~~[m[K
[0.896s]       |                     [32m[Kddsi_typeinfo_t[m[K
[0.896s] [01m[K/usr/local/include/ddscxx/dds/topic/detail/TTopicImpl.hpp:311:73:[m[K [01;31m[Kerror: [m[Ktemplate argument 1 is invalid
[0.896s]   311 |     std::unique_ptr<dds_typeinfo_t, std::function<void(dds_typeinfo_t *)[01;31m[K>[m[K >
[0.896s]       |                                                                         [01;31m[K^[m[K
[0.896s] [01m[K/usr/local/include/ddscxx/dds/topic/detail/TTopicImpl.hpp:311:75:[m[K [01;31m[Kerror: [m[Ktemplate argument 1 is invalid
[0.896s]   311 |     std::unique_ptr<dds_typeinfo_t, std::function<void(dds_typeinfo_t *)> [01;31m[K>[m[K
[0.896s]       |                                                                           [01;31m[K^[m[K
[0.896s] [01m[K/usr/local/include/ddscxx/dds/topic/detail/TTopicImpl.hpp:311:75:[m[K [01;31m[Kerror: [m[Ktemplate argument 2 is invalid
[0.896s] [01m[K/usr/local/include/ddscxx/dds/topic/detail/TTopicImpl.hpp:313:20:[m[K [01;31m[Kerror: [m[K‘[01m[Kdds_typeinfo_t[m[K’ is not a type
[0.896s]   313 |                 []([01;31m[Kdds_typeinfo_t[m[K *ti) { static_cast<void>(dds_free_typeinfo(ti)); });
[0.896s]       |                    [01;31m[K^~~~~~~~~~~~~~[m[K
[0.896s] [01m[K/usr/local/include/ddscxx/dds/topic/detail/TTopicImpl.hpp:[m[K In lambda function:
[0.896s] [01m[K/usr/local/include/ddscxx/dds/topic/detail/TTopicImpl.hpp:313:60:[m[K [01;31m[Kerror: [m[Kthere are no arguments to ‘[01m[Kdds_free_typeinfo[m[K’ that depend on a template parameter, so a declaration of ‘[01m[Kdds_free_typeinfo[m[K’ must be available [[01;31m[K-fpermissive[m[K]
[0.896s]   313 |                 [](dds_typeinfo_t *ti) { static_cast<void>([01;31m[Kdds_free_typeinfo[m[K(ti)); });
[0.896s]       |                                                            [01;31m[K^~~~~~~~~~~~~~~~~[m[K
[0.896s] [01m[K/usr/local/include/ddscxx/dds/topic/detail/TTopicImpl.hpp:[m[K In static member function ‘[01m[Kstatic dds::topic::Topic<T, dds::topic::detail::Topic> dds::topic::detail::Topic<T>::discover_topic(const DomainParticipant&, const string&, const dds::core::Duration&)[m[K’:
[0.897s] [01m[K/usr/local/include/ddscxx/dds/topic/detail/TTopicImpl.hpp:313:85:[m[K [01;31m[Kerror: [m[Kexpression list treated as compound expression in initializer [[01;31m[K-fpermissive[m[K]
[0.897s]   313 |                 [](dds_typeinfo_t *ti) { static_cast<void>(dds_free_typeinfo(ti)); }[01;31m[K)[m[K;
[0.897s]       |                                                                                     [01;31m[K^[m[K
[0.897s] [01m[K/usr/local/include/ddscxx/dds/topic/detail/TTopicImpl.hpp:314:75:[m[K [01;31m[Kerror: [m[Krequest for member ‘[01m[Kget[m[K’ in ‘[01m[Ktype_info[m[K’, which is of non-class type ‘[01m[Kint[m[K’
[0.897s]   314 |     dds_entity_t ddsc_topic = dp.delegate()->lookup_topic(name, type_info.[01;31m[Kget[m[K(), timeout);
[0.897s]       |                                                                           [01;31m[K^~~[m[K
[0.906s] In file included from [01m[K/usr/local/include/ddscxx/dds/topic/ContentFilteredTopic.hpp:22[m[K,
[0.906s]                  from [01m[K/usr/local/include/ddscxx/dds/topic/ddstopic.hpp:25[m[K,
[0.906s]                  from [01m[K/usr/local/include/ddscxx/dds/dds.hpp:35[m[K,
[0.906s]                  from [01m[K/usr/local/include/unitree/common/dds/dds_entity.hpp:4[m[K,
[0.906s]                  from [01m[K/usr/local/include/unitree/common/dds/dds_topic_channel.hpp:4[m[K,
[0.906s]                  from [01m[K/usr/local/include/unitree/common/dds/dds_factory_model.hpp:5[m[K,
[0.906s]                  from [01m[K/usr/local/include/unitree/robot/channel/channel_factory.hpp:4[m[K,
[0.906s]                  from [01m[K/usr/local/include/unitree/robot/channel/channel_labor.hpp:4[m[K,
[0.906s]                  from [01m[K/usr/local/include/unitree/robot/client/client_stub.hpp:5[m[K,
[0.906s]                  from [01m[K/usr/local/include/unitree/robot/client/client_base.hpp:4[m[K,
[0.906s]                  from [01m[K/usr/local/include/unitree/robot/client/client.hpp:4[m[K,
[0.906s]                  from [01m[K/usr/local/include/unitree/robot/h1/loco/h1_loco_client.hpp:4[m[K,
[0.906s]                  from [01m[K/home/robot/nav2_ws/src/h1_sport_sdk/src/sub_cmdvel.cpp:4[m[K:
[0.906s] [01m[K/usr/local/include/ddscxx/dds/topic/detail/ContentFilteredTopic.hpp:[m[K At global scope:
[0.906s] [01m[K/usr/local/include/ddscxx/dds/topic/detail/ContentFilteredTopic.hpp:439:52:[m[K [01;31m[Kerror: [m[K‘[01m[Kdds_topic_filter[m[K’ has not been declared
[0.906s]   439 |     void filter_function_internal(Functor && func, [01;31m[Kdds_topic_filter[m[K * flt)
[0.906s]       |                                                    [01;31m[K^~~~~~~~~~~~~~~~[m[K
[0.909s] [01m[K/usr/local/include/ddscxx/dds/topic/detail/ContentFilteredTopic.hpp:[m[K In member function ‘[01m[Kvoid dds::topic::detail::ContentFilteredTopic<T>::filter_function(Functor&&)[m[K’:
[0.909s] [01m[K/usr/local/include/ddscxx/dds/topic/detail/ContentFilteredTopic.hpp:413:9:[m[K [01;31m[Kerror: [m[K‘[01m[Kdds_topic_filter[m[K’ was not declared in this scope; did you mean ‘[01m[Kdds_topic_filter_fn[m[K’?
[0.909s]   413 |         [01;31m[Kdds_topic_filter[m[K flt;
[0.909s]       |         [01;31m[K^~~~~~~~~~~~~~~~[m[K
[0.909s]       |         [32m[Kdds_topic_filter_fn[m[K
[0.910s] [01m[K/usr/local/include/ddscxx/dds/topic/detail/ContentFilteredTopic.hpp:414:9:[m[K [01;31m[Kerror: [m[K‘[01m[Kflt[m[K’ was not declared in this scope
[0.910s]   414 |         [01;31m[Kflt[m[K.mode = DDS_TOPIC_FILTER_SAMPLE_ARG;
[0.910s]       |         [01;31m[K^~~[m[K
[0.916s] [01m[K/usr/local/include/ddscxx/dds/topic/detail/ContentFilteredTopic.hpp:414:20:[m[K [01;31m[Kerror: [m[K‘[01m[KDDS_TOPIC_FILTER_SAMPLE_ARG[m[K’ was not declared in this scope; did you mean ‘[01m[KDDS_TOPIC_FILTER_HPP_[m[K’?
[0.916s]   414 |         flt.mode = [01;31m[KDDS_TOPIC_FILTER_SAMPLE_ARG[m[K;
[0.916s]       |                    [01;31m[K^~~~~~~~~~~~~~~~~~~~~~~~~~~[m[K
[0.916s]       |                    [32m[KDDS_TOPIC_FILTER_HPP_[m[K
[0.917s] [01m[K/usr/local/include/ddscxx/dds/topic/detail/ContentFilteredTopic.hpp:[m[K In member function ‘[01m[Kvoid dds::topic::detail::ContentFilteredTopic<T>::filter_function(Functor&&)[m[K’:
[0.917s] [01m[K/usr/local/include/ddscxx/dds/topic/detail/ContentFilteredTopic.hpp:422:9:[m[K [01;31m[Kerror: [m[K‘[01m[Kdds_topic_filter[m[K’ was not declared in this scope; did you mean ‘[01m[Kdds_topic_filter_fn[m[K’?
[0.918s]   422 |         [01;31m[Kdds_topic_filter[m[K flt;
[0.918s]       |         [01;31m[K^~~~~~~~~~~~~~~~[m[K
[0.918s]       |         [32m[Kdds_topic_filter_fn[m[K
[0.918s] [01m[K/usr/local/include/ddscxx/dds/topic/detail/ContentFilteredTopic.hpp:423:9:[m[K [01;31m[Kerror: [m[K‘[01m[Kflt[m[K’ was not declared in this scope
[0.918s]   423 |         [01;31m[Kflt[m[K.mode = DDS_TOPIC_FILTER_SAMPLEINFO_ARG;
[0.918s]       |         [01;31m[K^~~[m[K
[0.926s] [01m[K/usr/local/include/ddscxx/dds/topic/detail/ContentFilteredTopic.hpp:423:20:[m[K [01;31m[Kerror: [m[K‘[01m[KDDS_TOPIC_FILTER_SAMPLEINFO_ARG[m[K’ was not declared in this scope
[0.926s]   423 |         flt.mode = [01;31m[KDDS_TOPIC_FILTER_SAMPLEINFO_ARG[m[K;
[0.926s]       |                    [01;31m[K^~~~~~~~~~~~~~~~~~~~~~~~~~~~~~~[m[K
[0.927s] [01m[K/usr/local/include/ddscxx/dds/topic/detail/ContentFilteredTopic.hpp:[m[K In member function ‘[01m[Kvoid dds::topic::detail::ContentFilteredTopic<T>::filter_function(Functor&&)[m[K’:
[0.927s] [01m[K/usr/local/include/ddscxx/dds/topic/detail/ContentFilteredTopic.hpp:431:9:[m[K [01;31m[Kerror: [m[K‘[01m[Kdds_topic_filter[m[K’ was not declared in this scope; did you mean ‘[01m[Kdds_topic_filter_fn[m[K’?
[0.927s]   431 |         [01;31m[Kdds_topic_filter[m[K flt;
[0.927s]       |         [01;31m[K^~~~~~~~~~~~~~~~[m[K
[0.928s]       |         [32m[Kdds_topic_filter_fn[m[K
[0.928s] [01m[K/usr/local/include/ddscxx/dds/topic/detail/ContentFilteredTopic.hpp:432:9:[m[K [01;31m[Kerror: [m[K‘[01m[Kflt[m[K’ was not declared in this scope
[0.928s]   432 |         [01;31m[Kflt[m[K.mode = DDS_TOPIC_FILTER_SAMPLE_SAMPLEINFO_ARG;
[0.928s]       |         [01;31m[K^~~[m[K
[0.936s] [01m[K/usr/local/include/ddscxx/dds/topic/detail/ContentFilteredTopic.hpp:432:20:[m[K [01;31m[Kerror: [m[K‘[01m[KDDS_TOPIC_FILTER_SAMPLE_SAMPLEINFO_ARG[m[K’ was not declared in this scope
[0.936s]   432 |         flt.mode = [01;31m[KDDS_TOPIC_FILTER_SAMPLE_SAMPLEINFO_ARG[m[K;
[0.936s]       |                    [01;31m[K^~~~~~~~~~~~~~~~~~~~~~~~~~~~~~~~~~~~~~[m[K
[0.937s] [01m[K/usr/local/include/ddscxx/dds/topic/detail/ContentFilteredTopic.hpp:[m[K In member function ‘[01m[Kvoid dds::topic::detail::ContentFilteredTopic<T>::filter_function_internal(Functor&&, int*)[m[K’:
[0.937s] [01m[K/usr/local/include/ddscxx/dds/topic/detail/ContentFilteredTopic.hpp:455:14:[m[K [01;31m[Kerror: [m[Krequest for member ‘[01m[Karg[m[K’ in ‘[01m[Kflt->[m[K’, which is of non-class type ‘[01m[Kint[m[K’
[0.937s]   455 |         flt->[01;31m[Karg[m[K = myFunctor;
[0.937s]       |              [01;31m[K^~~[m[K
[0.937s] [01m[K/usr/local/include/ddscxx/dds/topic/detail/ContentFilteredTopic.hpp:456:9:[m[K [01;31m[Kerror: [m[Kthere are no arguments to ‘[01m[Kdds_set_topic_filter_extended[m[K’ that depend on a template parameter, so a declaration of ‘[01m[Kdds_set_topic_filter_extended[m[K’ must be available [[01;31m[K-fpermissive[m[K]
[0.937s]   456 |         [01;31m[Kdds_set_topic_filter_extended[m[K(cfTopic, flt);
[0.937s]       |         [01;31m[K^~~~~~~~~~~~~~~~~~~~~~~~~~~~~[m[K
[1.238s] make[2]: *** [CMakeFiles/sport_node.dir/build.make:63：CMakeFiles/sport_node.dir/src/sub_cmdvel.cpp.o] 错误 1
[1.238s] make[1]: *** [CMakeFiles/Makefile2:78：CMakeFiles/sport_node.dir/all] 错误 2
[1.238s] make: *** [Makefile:141：all] 错误 2
[1.239s] Invoked command in '/home/robot/nav2_ws/build/h1_sport_sdk' returned '2': CMAKE_PREFIX_PATH=/opt/ros/foxy /usr/bin/cmake --build /home/robot/nav2_ws/build/h1_sport_sdk -- -j32 -l32
