-- Found ament_cmake: 0.9.12 (/opt/ros/foxy/share/ament_cmake/cmake)
-- Using PYTHON_EXECUTABLE: /usr/bin/python3
-- Found std_msgs: 2.0.5 (/opt/ros/foxy/share/std_msgs/cmake)
-- Using all available rosidl_typesupport_c: rosidl_typesupport_fastrtps_c;rosidl_typesupport_introspection_c
-- Found rosidl_adapter: 1.3.1 (/opt/ros/foxy/share/rosidl_adapter/cmake)
-- Using all available rosidl_typesupport_cpp: rosidl_typesupport_fastrtps_cpp;rosidl_typesupport_introspection_cpp
-- Found rclcpp: 2.4.3 (/opt/ros/foxy/share/rclcpp/cmake)
-- Found rmw_implementation_cmake: 1.0.4 (/opt/ros/foxy/share/rmw_implementation_cmake/cmake)
-- Using RMW implementation 'rmw_fastrtps_cpp' as default
-- Found ament_lint_auto: 0.9.8 (/opt/ros/foxy/share/ament_lint_auto/cmake)
-- Added test 'copyright' to check source files copyright and LICENSE
-- Added test 'cppcheck' to perform static code analysis on C / C++ code
-- Configured cppcheck include dirs: 
-- Configured cppcheck exclude dirs and/or files: 
-- Added test 'cpplint' to check C / C++ code against the Google style
-- Configured cpplint exclude dirs and/or files: 
-- Added test 'lint_cmake' to check CMake code style
-- Added test 'uncrustify' to check C / C++ code style
-- Configured uncrustify additional arguments: 
-- Added test 'xmllint' to check XML markup files
-- Configuring done
-- Generating done
-- Build files have been written to: /home/robot/nav2_ws/build/ros2_socket_sender
[35m[1mScanning dependencies of target socket_sender[0m
[ 50%] [32mBuilding CXX object CMakeFiles/socket_sender.dir/src/demo.cpp.o[0m
[100%] [32m[1mLinking CXX executable socket_sender[0m
[100%] Built target socket_sender
-- Install configuration: ""
-- Up-to-date: /home/robot/nav2_ws/install/ros2_socket_sender/share/ament_index/resource_index/package_run_dependencies/ros2_socket_sender
-- Installing: /home/robot/nav2_ws/install/ros2_socket_sender/share/ament_index/resource_index/parent_prefix_path/ros2_socket_sender
-- Up-to-date: /home/robot/nav2_ws/install/ros2_socket_sender/share/ros2_socket_sender/environment/ament_prefix_path.sh
-- Installing: /home/robot/nav2_ws/install/ros2_socket_sender/share/ros2_socket_sender/environment/ament_prefix_path.dsv
-- Up-to-date: /home/robot/nav2_ws/install/ros2_socket_sender/share/ros2_socket_sender/environment/path.sh
-- Installing: /home/robot/nav2_ws/install/ros2_socket_sender/share/ros2_socket_sender/environment/path.dsv
-- Up-to-date: /home/robot/nav2_ws/install/ros2_socket_sender/share/ros2_socket_sender/local_setup.bash
-- Up-to-date: /home/robot/nav2_ws/install/ros2_socket_sender/share/ros2_socket_sender/local_setup.sh
-- Up-to-date: /home/robot/nav2_ws/install/ros2_socket_sender/share/ros2_socket_sender/local_setup.zsh
-- Installing: /home/robot/nav2_ws/install/ros2_socket_sender/share/ros2_socket_sender/local_setup.dsv
-- Installing: /home/robot/nav2_ws/install/ros2_socket_sender/share/ros2_socket_sender/package.dsv
-- Up-to-date: /home/robot/nav2_ws/install/ros2_socket_sender/share/ament_index/resource_index/packages/ros2_socket_sender
-- Up-to-date: /home/robot/nav2_ws/install/ros2_socket_sender/share/ros2_socket_sender/cmake/ros2_socket_senderConfig.cmake
-- Up-to-date: /home/robot/nav2_ws/install/ros2_socket_sender/share/ros2_socket_sender/cmake/ros2_socket_senderConfig-version.cmake
-- Up-to-date: /home/robot/nav2_ws/install/ros2_socket_sender/share/ros2_socket_sender/package.xml
-- Installing: /home/robot/nav2_ws/install/ros2_socket_sender/lib/ros2_socket_sender/socket_sender
-- Set runtime path of "/home/robot/nav2_ws/install/ros2_socket_sender/lib/ros2_socket_sender/socket_sender" to ""
