[0.006s] Invoking command in '/home/robot/nav2_ws/build/ros2_socket_sender': CMAKE_PREFIX_PATH=${CMAKE_PREFIX_PATH}:/home/robot/nav2_ws/install/examples_rclpy_minimal_subscriber:/home/robot/nav2_ws/install/examples_rclpy_minimal_service:/home/robot/nav2_ws/install/examples_rclpy_minimal_publisher:/home/robot/nav2_ws/install/examples_rclpy_minimal_client:/home/robot/nav2_ws/install/examples_rclpy_minimal_action_server:/home/robot/nav2_ws/install/examples_rclpy_minimal_action_client:/home/robot/nav2_ws/install/examples_rclpy_executors:/opt/ros/foxy /usr/bin/cmake --build /home/robot/nav2_ws/build/ros2_socket_sender -- -j32 -l32
[0.018s] -- Found ament_cmake: 0.9.12 (/opt/ros/foxy/share/ament_cmake/cmake)
[0.030s] -- Using PYTHON_EXECUTABLE: /usr/bin/python3
[0.120s] -- Found std_msgs: 2.0.5 (/opt/ros/foxy/share/std_msgs/cmake)
[0.131s] -- Using all available rosidl_typesupport_c: rosidl_typesupport_fastrtps_c;rosidl_typesupport_introspection_c
[0.132s] -- Found rosidl_adapter: 1.3.1 (/opt/ros/foxy/share/rosidl_adapter/cmake)
[0.189s] -- Using all available rosidl_typesupport_cpp: rosidl_typesupport_fastrtps_cpp;rosidl_typesupport_introspection_cpp
[0.207s] -- Found rclcpp: 2.4.3 (/opt/ros/foxy/share/rclcpp/cmake)
[0.223s] -- Found rmw_implementation_cmake: 1.0.4 (/opt/ros/foxy/share/rmw_implementation_cmake/cmake)
[0.224s] -- Using RMW implementation 'rmw_fastrtps_cpp' as default
[0.280s] -- Found ament_lint_auto: 0.9.8 (/opt/ros/foxy/share/ament_lint_auto/cmake)
[0.307s] -- Added test 'copyright' to check source files copyright and LICENSE
[0.307s] -- Added test 'cppcheck' to perform static code analysis on C / C++ code
[0.307s] -- Configured cppcheck include dirs: 
[0.307s] -- Configured cppcheck exclude dirs and/or files: 
[0.308s] -- Added test 'cpplint' to check C / C++ code against the Google style
[0.308s] -- Configured cpplint exclude dirs and/or files: 
[0.308s] -- Added test 'lint_cmake' to check CMake code style
[0.308s] -- Added test 'uncrustify' to check C / C++ code style
[0.308s] -- Configured uncrustify additional arguments: 
[0.308s] -- Added test 'xmllint' to check XML markup files
[0.310s] -- Configuring done
[0.312s] -- Generating done
[0.313s] -- Build files have been written to: /home/robot/nav2_ws/build/ros2_socket_sender
[0.324s] [35m[1mScanning dependencies of target socket_sender[0m
[0.378s] [ 50%] [32mBuilding CXX object CMakeFiles/socket_sender.dir/src/demo.cpp.o[0m
[2.168s] [100%] [32m[1mLinking CXX executable socket_sender[0m
[2.271s] [100%] Built target socket_sender
[2.276s] Invoked command in '/home/robot/nav2_ws/build/ros2_socket_sender' returned '0': CMAKE_PREFIX_PATH=${CMAKE_PREFIX_PATH}:/home/robot/nav2_ws/install/examples_rclpy_minimal_subscriber:/home/robot/nav2_ws/install/examples_rclpy_minimal_service:/home/robot/nav2_ws/install/examples_rclpy_minimal_publisher:/home/robot/nav2_ws/install/examples_rclpy_minimal_client:/home/robot/nav2_ws/install/examples_rclpy_minimal_action_server:/home/robot/nav2_ws/install/examples_rclpy_minimal_action_client:/home/robot/nav2_ws/install/examples_rclpy_executors:/opt/ros/foxy /usr/bin/cmake --build /home/robot/nav2_ws/build/ros2_socket_sender -- -j32 -l32
[2.291s] Invoking command in '/home/robot/nav2_ws/build/ros2_socket_sender': CMAKE_PREFIX_PATH=${CMAKE_PREFIX_PATH}:/home/robot/nav2_ws/install/examples_rclpy_minimal_subscriber:/home/robot/nav2_ws/install/examples_rclpy_minimal_service:/home/robot/nav2_ws/install/examples_rclpy_minimal_publisher:/home/robot/nav2_ws/install/examples_rclpy_minimal_client:/home/robot/nav2_ws/install/examples_rclpy_minimal_action_server:/home/robot/nav2_ws/install/examples_rclpy_minimal_action_client:/home/robot/nav2_ws/install/examples_rclpy_executors:/opt/ros/foxy /usr/bin/cmake --install /home/robot/nav2_ws/build/ros2_socket_sender
[2.295s] -- Install configuration: ""
[2.295s] -- Up-to-date: /home/robot/nav2_ws/install/ros2_socket_sender/share/ament_index/resource_index/package_run_dependencies/ros2_socket_sender
[2.295s] -- Installing: /home/robot/nav2_ws/install/ros2_socket_sender/share/ament_index/resource_index/parent_prefix_path/ros2_socket_sender
[2.295s] -- Up-to-date: /home/robot/nav2_ws/install/ros2_socket_sender/share/ros2_socket_sender/environment/ament_prefix_path.sh
[2.295s] -- Installing: /home/robot/nav2_ws/install/ros2_socket_sender/share/ros2_socket_sender/environment/ament_prefix_path.dsv
[2.295s] -- Up-to-date: /home/robot/nav2_ws/install/ros2_socket_sender/share/ros2_socket_sender/environment/path.sh
[2.295s] -- Installing: /home/robot/nav2_ws/install/ros2_socket_sender/share/ros2_socket_sender/environment/path.dsv
[2.296s] -- Up-to-date: /home/robot/nav2_ws/install/ros2_socket_sender/share/ros2_socket_sender/local_setup.bash
[2.296s] -- Up-to-date: /home/robot/nav2_ws/install/ros2_socket_sender/share/ros2_socket_sender/local_setup.sh
[2.296s] -- Up-to-date: /home/robot/nav2_ws/install/ros2_socket_sender/share/ros2_socket_sender/local_setup.zsh
[2.296s] -- Installing: /home/robot/nav2_ws/install/ros2_socket_sender/share/ros2_socket_sender/local_setup.dsv
[2.296s] -- Installing: /home/robot/nav2_ws/install/ros2_socket_sender/share/ros2_socket_sender/package.dsv
[2.296s] -- Up-to-date: /home/robot/nav2_ws/install/ros2_socket_sender/share/ament_index/resource_index/packages/ros2_socket_sender
[2.296s] -- Up-to-date: /home/robot/nav2_ws/install/ros2_socket_sender/share/ros2_socket_sender/cmake/ros2_socket_senderConfig.cmake
[2.296s] -- Up-to-date: /home/robot/nav2_ws/install/ros2_socket_sender/share/ros2_socket_sender/cmake/ros2_socket_senderConfig-version.cmake
[2.296s] -- Up-to-date: /home/robot/nav2_ws/install/ros2_socket_sender/share/ros2_socket_sender/package.xml
[2.296s] -- Installing: /home/robot/nav2_ws/install/ros2_socket_sender/lib/ros2_socket_sender/socket_sender
[2.297s] -- Set runtime path of "/home/robot/nav2_ws/install/ros2_socket_sender/lib/ros2_socket_sender/socket_sender" to ""
[2.298s] Invoked command in '/home/robot/nav2_ws/build/ros2_socket_sender' returned '0': CMAKE_PREFIX_PATH=${CMAKE_PREFIX_PATH}:/home/robot/nav2_ws/install/examples_rclpy_minimal_subscriber:/home/robot/nav2_ws/install/examples_rclpy_minimal_service:/home/robot/nav2_ws/install/examples_rclpy_minimal_publisher:/home/robot/nav2_ws/install/examples_rclpy_minimal_client:/home/robot/nav2_ws/install/examples_rclpy_minimal_action_server:/home/robot/nav2_ws/install/examples_rclpy_minimal_action_client:/home/robot/nav2_ws/install/examples_rclpy_executors:/opt/ros/foxy /usr/bin/cmake --install /home/robot/nav2_ws/build/ros2_socket_sender
