[0.093s] DEBUG:colcon:Command line arguments: ['/usr/bin/colcon', 'build']
[0.094s] DEBUG:colcon:Parsed command line arguments: Namespace(allow_overriding=[], ament_cmake_args=None, base_paths=['.'], build_base='build', catkin_cmake_args=None, catkin_skip_building_tests=False, cmake_args=None, cmake_clean_cache=False, cmake_clean_first=False, cmake_force_configure=False, cmake_target=None, cmake_target_skip_unavailable=False, continue_on_error=False, event_handlers=None, executor='parallel', ignore_user_meta=False, install_base='install', log_base=None, log_level=None, main=<bound method BuildVerb.main of <colcon_core.verb.build.BuildVerb object at 0x7f4a3f1cc6d0>>, merge_install=False, metas=['./colcon.meta'], packages_above=None, packages_above_and_dependencies=None, packages_above_depth=None, packages_end=None, packages_ignore=None, packages_ignore_regex=None, packages_select=None, packages_select_build_failed=False, packages_select_by_dep=None, packages_select_regex=None, packages_select_test_failures=False, packages_skip=None, packages_skip_build_finished=False, packages_skip_by_dep=None, packages_skip_regex=None, packages_skip_test_passed=False, packages_skip_up_to=None, packages_start=None, packages_up_to=None, packages_up_to_regex=None, parallel_workers=32, paths=None, symlink_install=False, test_result_base=None, verb_extension=<colcon_core.verb.build.BuildVerb object at 0x7f4a3f1cc6d0>, verb_name='build', verb_parser=<colcon_defaults.argument_parser.defaults.DefaultArgumentsDecorator object at 0x7f4a3f1cce20>)
[0.176s] Level 1:colcon.colcon_core.package_discovery:discover_packages(colcon_meta) check parameters
[0.176s] Level 1:colcon.colcon_core.package_discovery:discover_packages(recursive) check parameters
[0.176s] Level 1:colcon.colcon_core.package_discovery:discover_packages(ignore) check parameters
[0.176s] Level 1:colcon.colcon_core.package_discovery:discover_packages(path) check parameters
[0.176s] Level 1:colcon.colcon_core.package_discovery:discover_packages(colcon_meta) discover
[0.176s] Level 1:colcon.colcon_core.package_discovery:discover_packages(recursive) discover
[0.176s] INFO:colcon.colcon_core.package_discovery:Crawling recursively for packages in '/home/robot/nav2_ws'
[0.176s] Level 1:colcon.colcon_core.package_identification:_identify(.) by extensions ['ignore', 'ignore_ament_install']
[0.176s] Level 1:colcon.colcon_core.package_identification:_identify(.) by extension 'ignore'
[0.176s] Level 1:colcon.colcon_core.package_identification:_identify(.) by extension 'ignore_ament_install'
[0.176s] Level 1:colcon.colcon_core.package_identification:_identify(.) by extensions ['colcon_pkg']
[0.176s] Level 1:colcon.colcon_core.package_identification:_identify(.) by extension 'colcon_pkg'
[0.176s] Level 1:colcon.colcon_core.package_identification:_identify(.) by extensions ['colcon_meta']
[0.176s] Level 1:colcon.colcon_core.package_identification:_identify(.) by extension 'colcon_meta'
[0.176s] Level 1:colcon.colcon_core.package_identification:_identify(.) by extensions ['ros']
[0.176s] Level 1:colcon.colcon_core.package_identification:_identify(.) by extension 'ros'
[0.181s] Level 1:colcon.colcon_core.package_identification:_identify(.) by extensions ['cmake', 'python']
[0.181s] Level 1:colcon.colcon_core.package_identification:_identify(.) by extension 'cmake'
[0.181s] Level 1:colcon.colcon_core.package_identification:_identify(.) by extension 'python'
[0.181s] Level 1:colcon.colcon_core.package_identification:_identify(.) by extensions ['python_setup_py']
[0.181s] Level 1:colcon.colcon_core.package_identification:_identify(.) by extension 'python_setup_py'
[0.181s] Level 1:colcon.colcon_core.package_identification:_identify(build) by extensions ['ignore', 'ignore_ament_install']
[0.181s] Level 1:colcon.colcon_core.package_identification:_identify(build) by extension 'ignore'
[0.181s] Level 1:colcon.colcon_core.package_identification:_identify(build) ignored
[0.181s] Level 1:colcon.colcon_core.package_identification:_identify(install) by extensions ['ignore', 'ignore_ament_install']
[0.181s] Level 1:colcon.colcon_core.package_identification:_identify(install) by extension 'ignore'
[0.181s] Level 1:colcon.colcon_core.package_identification:_identify(install) ignored
[0.181s] Level 1:colcon.colcon_core.package_identification:_identify(log) by extensions ['ignore', 'ignore_ament_install']
[0.181s] Level 1:colcon.colcon_core.package_identification:_identify(log) by extension 'ignore'
[0.181s] Level 1:colcon.colcon_core.package_identification:_identify(log) ignored
[0.181s] Level 1:colcon.colcon_core.package_identification:_identify(src) by extensions ['ignore', 'ignore_ament_install']
[0.181s] Level 1:colcon.colcon_core.package_identification:_identify(src) by extension 'ignore'
[0.181s] Level 1:colcon.colcon_core.package_identification:_identify(src) by extension 'ignore_ament_install'
[0.181s] Level 1:colcon.colcon_core.package_identification:_identify(src) by extensions ['colcon_pkg']
[0.181s] Level 1:colcon.colcon_core.package_identification:_identify(src) by extension 'colcon_pkg'
[0.181s] Level 1:colcon.colcon_core.package_identification:_identify(src) by extensions ['colcon_meta']
[0.181s] Level 1:colcon.colcon_core.package_identification:_identify(src) by extension 'colcon_meta'
[0.181s] Level 1:colcon.colcon_core.package_identification:_identify(src) by extensions ['ros']
[0.181s] Level 1:colcon.colcon_core.package_identification:_identify(src) by extension 'ros'
[0.181s] Level 1:colcon.colcon_core.package_identification:_identify(src) by extensions ['cmake', 'python']
[0.181s] Level 1:colcon.colcon_core.package_identification:_identify(src) by extension 'cmake'
[0.181s] Level 1:colcon.colcon_core.package_identification:_identify(src) by extension 'python'
[0.182s] Level 1:colcon.colcon_core.package_identification:_identify(src) by extensions ['python_setup_py']
[0.182s] Level 1:colcon.colcon_core.package_identification:_identify(src) by extension 'python_setup_py'
[0.182s] Level 1:colcon.colcon_core.package_identification:_identify(src/car2) by extensions ['ignore', 'ignore_ament_install']
[0.182s] Level 1:colcon.colcon_core.package_identification:_identify(src/car2) by extension 'ignore'
[0.182s] Level 1:colcon.colcon_core.package_identification:_identify(src/car2) by extension 'ignore_ament_install'
[0.182s] Level 1:colcon.colcon_core.package_identification:_identify(src/car2) by extensions ['colcon_pkg']
[0.182s] Level 1:colcon.colcon_core.package_identification:_identify(src/car2) by extension 'colcon_pkg'
[0.182s] Level 1:colcon.colcon_core.package_identification:_identify(src/car2) by extensions ['colcon_meta']
[0.182s] Level 1:colcon.colcon_core.package_identification:_identify(src/car2) by extension 'colcon_meta'
[0.182s] Level 1:colcon.colcon_core.package_identification:_identify(src/car2) by extensions ['ros']
[0.182s] Level 1:colcon.colcon_core.package_identification:_identify(src/car2) by extension 'ros'
[0.183s] DEBUG:colcon.colcon_core.package_identification:Package 'src/car2' with type 'ros.ament_cmake' and name 'car2'
[0.183s] Level 1:colcon.colcon_core.package_identification:_identify(src/h1_sport) by extensions ['ignore', 'ignore_ament_install']
[0.183s] Level 1:colcon.colcon_core.package_identification:_identify(src/h1_sport) by extension 'ignore'
[0.183s] Level 1:colcon.colcon_core.package_identification:_identify(src/h1_sport) by extension 'ignore_ament_install'
[0.183s] Level 1:colcon.colcon_core.package_identification:_identify(src/h1_sport) by extensions ['colcon_pkg']
[0.183s] Level 1:colcon.colcon_core.package_identification:_identify(src/h1_sport) by extension 'colcon_pkg'
[0.183s] Level 1:colcon.colcon_core.package_identification:_identify(src/h1_sport) by extensions ['colcon_meta']
[0.183s] Level 1:colcon.colcon_core.package_identification:_identify(src/h1_sport) by extension 'colcon_meta'
[0.183s] Level 1:colcon.colcon_core.package_identification:_identify(src/h1_sport) by extensions ['ros']
[0.183s] Level 1:colcon.colcon_core.package_identification:_identify(src/h1_sport) by extension 'ros'
[0.183s] DEBUG:colcon.colcon_core.package_identification:Package 'src/h1_sport' with type 'ros.ament_cmake' and name 'h1_sport'
[0.183s] Level 1:colcon.colcon_core.package_identification:_identify(src/hello_world_msgs) by extensions ['ignore', 'ignore_ament_install']
[0.183s] Level 1:colcon.colcon_core.package_identification:_identify(src/hello_world_msgs) by extension 'ignore'
[0.183s] Level 1:colcon.colcon_core.package_identification:_identify(src/hello_world_msgs) by extension 'ignore_ament_install'
[0.183s] Level 1:colcon.colcon_core.package_identification:_identify(src/hello_world_msgs) by extensions ['colcon_pkg']
[0.183s] Level 1:colcon.colcon_core.package_identification:_identify(src/hello_world_msgs) by extension 'colcon_pkg'
[0.183s] Level 1:colcon.colcon_core.package_identification:_identify(src/hello_world_msgs) by extensions ['colcon_meta']
[0.183s] Level 1:colcon.colcon_core.package_identification:_identify(src/hello_world_msgs) by extension 'colcon_meta'
[0.183s] Level 1:colcon.colcon_core.package_identification:_identify(src/hello_world_msgs) by extensions ['ros']
[0.183s] Level 1:colcon.colcon_core.package_identification:_identify(src/hello_world_msgs) by extension 'ros'
[0.183s] DEBUG:colcon.colcon_core.package_identification:Package 'src/hello_world_msgs' with type 'ros.ament_cmake' and name 'hello_world_msgs'
[0.183s] Level 1:colcon.colcon_core.package_identification:_identify(src/ros2_socket_sender) by extensions ['ignore', 'ignore_ament_install']
[0.184s] Level 1:colcon.colcon_core.package_identification:_identify(src/ros2_socket_sender) by extension 'ignore'
[0.184s] Level 1:colcon.colcon_core.package_identification:_identify(src/ros2_socket_sender) by extension 'ignore_ament_install'
[0.184s] Level 1:colcon.colcon_core.package_identification:_identify(src/ros2_socket_sender) by extensions ['colcon_pkg']
[0.184s] Level 1:colcon.colcon_core.package_identification:_identify(src/ros2_socket_sender) by extension 'colcon_pkg'
[0.184s] Level 1:colcon.colcon_core.package_identification:_identify(src/ros2_socket_sender) by extensions ['colcon_meta']
[0.184s] Level 1:colcon.colcon_core.package_identification:_identify(src/ros2_socket_sender) by extension 'colcon_meta'
[0.184s] Level 1:colcon.colcon_core.package_identification:_identify(src/ros2_socket_sender) by extensions ['ros']
[0.184s] Level 1:colcon.colcon_core.package_identification:_identify(src/ros2_socket_sender) by extension 'ros'
[0.184s] DEBUG:colcon.colcon_core.package_identification:Package 'src/ros2_socket_sender' with type 'ros.ament_cmake' and name 'ros2_socket_sender'
[0.184s] Level 1:colcon.colcon_core.package_identification:_identify(src/sdk2_user_cmake_example) by extensions ['ignore', 'ignore_ament_install']
[0.184s] Level 1:colcon.colcon_core.package_identification:_identify(src/sdk2_user_cmake_example) by extension 'ignore'
[0.184s] Level 1:colcon.colcon_core.package_identification:_identify(src/sdk2_user_cmake_example) by extension 'ignore_ament_install'
[0.184s] Level 1:colcon.colcon_core.package_identification:_identify(src/sdk2_user_cmake_example) by extensions ['colcon_pkg']
[0.184s] Level 1:colcon.colcon_core.package_identification:_identify(src/sdk2_user_cmake_example) by extension 'colcon_pkg'
[0.184s] Level 1:colcon.colcon_core.package_identification:_identify(src/sdk2_user_cmake_example) by extensions ['colcon_meta']
[0.184s] Level 1:colcon.colcon_core.package_identification:_identify(src/sdk2_user_cmake_example) by extension 'colcon_meta'
[0.184s] Level 1:colcon.colcon_core.package_identification:_identify(src/sdk2_user_cmake_example) by extensions ['ros']
[0.184s] Level 1:colcon.colcon_core.package_identification:_identify(src/sdk2_user_cmake_example) by extension 'ros'
[0.184s] Level 1:colcon.colcon_core.package_identification:_identify(src/sdk2_user_cmake_example) by extensions ['cmake', 'python']
[0.184s] Level 1:colcon.colcon_core.package_identification:_identify(src/sdk2_user_cmake_example) by extension 'cmake'
[0.185s] Level 1:colcon.colcon_core.package_identification:_identify(src/sdk2_user_cmake_example) by extension 'python'
[0.185s] DEBUG:colcon.colcon_core.package_identification:Package 'src/sdk2_user_cmake_example' with type 'cmake' and name 'sdk2_user'
[0.185s] Level 1:colcon.colcon_core.package_identification:_identify(src/unitree_sdk2) by extensions ['ignore', 'ignore_ament_install']
[0.185s] Level 1:colcon.colcon_core.package_identification:_identify(src/unitree_sdk2) by extension 'ignore'
[0.185s] Level 1:colcon.colcon_core.package_identification:_identify(src/unitree_sdk2) by extension 'ignore_ament_install'
[0.185s] Level 1:colcon.colcon_core.package_identification:_identify(src/unitree_sdk2) by extensions ['colcon_pkg']
[0.186s] Level 1:colcon.colcon_core.package_identification:_identify(src/unitree_sdk2) by extension 'colcon_pkg'
[0.186s] Level 1:colcon.colcon_core.package_identification:_identify(src/unitree_sdk2) by extensions ['colcon_meta']
[0.186s] Level 1:colcon.colcon_core.package_identification:_identify(src/unitree_sdk2) by extension 'colcon_meta'
[0.186s] Level 1:colcon.colcon_core.package_identification:_identify(src/unitree_sdk2) by extensions ['ros']
[0.186s] Level 1:colcon.colcon_core.package_identification:_identify(src/unitree_sdk2) by extension 'ros'
[0.186s] Level 1:colcon.colcon_core.package_identification:_identify(src/unitree_sdk2) by extensions ['cmake', 'python']
[0.186s] Level 1:colcon.colcon_core.package_identification:_identify(src/unitree_sdk2) by extension 'cmake'
[0.191s] Level 1:colcon.colcon_core.package_identification:_identify(src/unitree_sdk2) by extension 'python'
[0.191s] DEBUG:colcon.colcon_core.package_identification:Package 'src/unitree_sdk2' with type 'cmake' and name 'unitree_sdk2'
[0.191s] Level 1:colcon.colcon_core.package_identification:_identify(src/village_wang) by extensions ['ignore', 'ignore_ament_install']
[0.191s] Level 1:colcon.colcon_core.package_identification:_identify(src/village_wang) by extension 'ignore'
[0.191s] Level 1:colcon.colcon_core.package_identification:_identify(src/village_wang) by extension 'ignore_ament_install'
[0.191s] Level 1:colcon.colcon_core.package_identification:_identify(src/village_wang) by extensions ['colcon_pkg']
[0.191s] Level 1:colcon.colcon_core.package_identification:_identify(src/village_wang) by extension 'colcon_pkg'
[0.191s] Level 1:colcon.colcon_core.package_identification:_identify(src/village_wang) by extensions ['colcon_meta']
[0.191s] Level 1:colcon.colcon_core.package_identification:_identify(src/village_wang) by extension 'colcon_meta'
[0.191s] Level 1:colcon.colcon_core.package_identification:_identify(src/village_wang) by extensions ['ros']
[0.191s] Level 1:colcon.colcon_core.package_identification:_identify(src/village_wang) by extension 'ros'
[0.191s] DEBUG:colcon.colcon_core.package_identification:Package 'src/village_wang' with type 'ros.ament_cmake' and name 'village_wang'
[0.191s] Level 1:colcon.colcon_core.package_discovery:discover_packages(recursive) using defaults
[0.191s] Level 1:colcon.colcon_core.package_discovery:discover_packages(ignore) discover
[0.191s] Level 1:colcon.colcon_core.package_discovery:discover_packages(ignore) using defaults
[0.192s] Level 1:colcon.colcon_core.package_discovery:discover_packages(path) discover
[0.192s] Level 1:colcon.colcon_core.package_discovery:discover_packages(path) using defaults
[0.200s] Level 1:colcon.colcon_core.package_discovery:discover_packages(prefix_path) check parameters
[0.200s] Level 1:colcon.colcon_core.package_discovery:discover_packages(prefix_path) discover
[0.201s] DEBUG:colcon.colcon_installed_package_information.package_discovery:Found 24 installed packages in /home/robot/nav2_ws/install
[0.202s] DEBUG:colcon.colcon_installed_package_information.package_discovery:Found 380 installed packages in /opt/ros/foxy
[0.203s] Level 1:colcon.colcon_core.package_discovery:discover_packages(prefix_path) using defaults
[0.229s] Level 5:colcon.colcon_core.verb:set package 'car2' build argument 'cmake_args' from command line to 'None'
[0.229s] Level 5:colcon.colcon_core.verb:set package 'car2' build argument 'cmake_target' from command line to 'None'
[0.229s] Level 5:colcon.colcon_core.verb:set package 'car2' build argument 'cmake_target_skip_unavailable' from command line to 'False'
[0.229s] Level 5:colcon.colcon_core.verb:set package 'car2' build argument 'cmake_clean_cache' from command line to 'False'
[0.229s] Level 5:colcon.colcon_core.verb:set package 'car2' build argument 'cmake_clean_first' from command line to 'False'
[0.229s] Level 5:colcon.colcon_core.verb:set package 'car2' build argument 'cmake_force_configure' from command line to 'False'
[0.229s] Level 5:colcon.colcon_core.verb:set package 'car2' build argument 'ament_cmake_args' from command line to 'None'
[0.229s] Level 5:colcon.colcon_core.verb:set package 'car2' build argument 'catkin_cmake_args' from command line to 'None'
[0.229s] Level 5:colcon.colcon_core.verb:set package 'car2' build argument 'catkin_skip_building_tests' from command line to 'False'
[0.229s] DEBUG:colcon.colcon_core.verb:Building package 'car2' with the following arguments: {'ament_cmake_args': None, 'build_base': '/home/robot/nav2_ws/build/car2', 'catkin_cmake_args': None, 'catkin_skip_building_tests': False, 'cmake_args': None, 'cmake_clean_cache': False, 'cmake_clean_first': False, 'cmake_force_configure': False, 'cmake_target': None, 'cmake_target_skip_unavailable': False, 'install_base': '/home/robot/nav2_ws/install/car2', 'merge_install': False, 'path': '/home/robot/nav2_ws/src/car2', 'symlink_install': False, 'test_result_base': None}
[0.229s] Level 5:colcon.colcon_core.verb:set package 'h1_sport' build argument 'cmake_args' from command line to 'None'
[0.229s] Level 5:colcon.colcon_core.verb:set package 'h1_sport' build argument 'cmake_target' from command line to 'None'
[0.229s] Level 5:colcon.colcon_core.verb:set package 'h1_sport' build argument 'cmake_target_skip_unavailable' from command line to 'False'
[0.229s] Level 5:colcon.colcon_core.verb:set package 'h1_sport' build argument 'cmake_clean_cache' from command line to 'False'
[0.229s] Level 5:colcon.colcon_core.verb:set package 'h1_sport' build argument 'cmake_clean_first' from command line to 'False'
[0.229s] Level 5:colcon.colcon_core.verb:set package 'h1_sport' build argument 'cmake_force_configure' from command line to 'False'
[0.229s] Level 5:colcon.colcon_core.verb:set package 'h1_sport' build argument 'ament_cmake_args' from command line to 'None'
[0.229s] Level 5:colcon.colcon_core.verb:set package 'h1_sport' build argument 'catkin_cmake_args' from command line to 'None'
[0.230s] Level 5:colcon.colcon_core.verb:set package 'h1_sport' build argument 'catkin_skip_building_tests' from command line to 'False'
[0.230s] DEBUG:colcon.colcon_core.verb:Building package 'h1_sport' with the following arguments: {'ament_cmake_args': None, 'build_base': '/home/robot/nav2_ws/build/h1_sport', 'catkin_cmake_args': None, 'catkin_skip_building_tests': False, 'cmake_args': None, 'cmake_clean_cache': False, 'cmake_clean_first': False, 'cmake_force_configure': False, 'cmake_target': None, 'cmake_target_skip_unavailable': False, 'install_base': '/home/robot/nav2_ws/install/h1_sport', 'merge_install': False, 'path': '/home/robot/nav2_ws/src/h1_sport', 'symlink_install': False, 'test_result_base': None}
[0.230s] Level 5:colcon.colcon_core.verb:set package 'hello_world_msgs' build argument 'cmake_args' from command line to 'None'
[0.230s] Level 5:colcon.colcon_core.verb:set package 'hello_world_msgs' build argument 'cmake_target' from command line to 'None'
[0.230s] Level 5:colcon.colcon_core.verb:set package 'hello_world_msgs' build argument 'cmake_target_skip_unavailable' from command line to 'False'
[0.230s] Level 5:colcon.colcon_core.verb:set package 'hello_world_msgs' build argument 'cmake_clean_cache' from command line to 'False'
[0.230s] Level 5:colcon.colcon_core.verb:set package 'hello_world_msgs' build argument 'cmake_clean_first' from command line to 'False'
[0.230s] Level 5:colcon.colcon_core.verb:set package 'hello_world_msgs' build argument 'cmake_force_configure' from command line to 'False'
[0.230s] Level 5:colcon.colcon_core.verb:set package 'hello_world_msgs' build argument 'ament_cmake_args' from command line to 'None'
[0.230s] Level 5:colcon.colcon_core.verb:set package 'hello_world_msgs' build argument 'catkin_cmake_args' from command line to 'None'
[0.230s] Level 5:colcon.colcon_core.verb:set package 'hello_world_msgs' build argument 'catkin_skip_building_tests' from command line to 'False'
[0.230s] DEBUG:colcon.colcon_core.verb:Building package 'hello_world_msgs' with the following arguments: {'ament_cmake_args': None, 'build_base': '/home/robot/nav2_ws/build/hello_world_msgs', 'catkin_cmake_args': None, 'catkin_skip_building_tests': False, 'cmake_args': None, 'cmake_clean_cache': False, 'cmake_clean_first': False, 'cmake_force_configure': False, 'cmake_target': None, 'cmake_target_skip_unavailable': False, 'install_base': '/home/robot/nav2_ws/install/hello_world_msgs', 'merge_install': False, 'path': '/home/robot/nav2_ws/src/hello_world_msgs', 'symlink_install': False, 'test_result_base': None}
[0.230s] Level 5:colcon.colcon_core.verb:set package 'ros2_socket_sender' build argument 'cmake_args' from command line to 'None'
[0.230s] Level 5:colcon.colcon_core.verb:set package 'ros2_socket_sender' build argument 'cmake_target' from command line to 'None'
[0.230s] Level 5:colcon.colcon_core.verb:set package 'ros2_socket_sender' build argument 'cmake_target_skip_unavailable' from command line to 'False'
[0.230s] Level 5:colcon.colcon_core.verb:set package 'ros2_socket_sender' build argument 'cmake_clean_cache' from command line to 'False'
[0.230s] Level 5:colcon.colcon_core.verb:set package 'ros2_socket_sender' build argument 'cmake_clean_first' from command line to 'False'
[0.230s] Level 5:colcon.colcon_core.verb:set package 'ros2_socket_sender' build argument 'cmake_force_configure' from command line to 'False'
[0.230s] Level 5:colcon.colcon_core.verb:set package 'ros2_socket_sender' build argument 'ament_cmake_args' from command line to 'None'
[0.230s] Level 5:colcon.colcon_core.verb:set package 'ros2_socket_sender' build argument 'catkin_cmake_args' from command line to 'None'
[0.230s] Level 5:colcon.colcon_core.verb:set package 'ros2_socket_sender' build argument 'catkin_skip_building_tests' from command line to 'False'
[0.230s] DEBUG:colcon.colcon_core.verb:Building package 'ros2_socket_sender' with the following arguments: {'ament_cmake_args': None, 'build_base': '/home/robot/nav2_ws/build/ros2_socket_sender', 'catkin_cmake_args': None, 'catkin_skip_building_tests': False, 'cmake_args': None, 'cmake_clean_cache': False, 'cmake_clean_first': False, 'cmake_force_configure': False, 'cmake_target': None, 'cmake_target_skip_unavailable': False, 'install_base': '/home/robot/nav2_ws/install/ros2_socket_sender', 'merge_install': False, 'path': '/home/robot/nav2_ws/src/ros2_socket_sender', 'symlink_install': False, 'test_result_base': None}
[0.230s] Level 5:colcon.colcon_core.verb:set package 'unitree_sdk2' build argument 'cmake_args' from command line to 'None'
[0.230s] Level 5:colcon.colcon_core.verb:set package 'unitree_sdk2' build argument 'cmake_target' from command line to 'None'
[0.230s] Level 5:colcon.colcon_core.verb:set package 'unitree_sdk2' build argument 'cmake_target_skip_unavailable' from command line to 'False'
[0.230s] Level 5:colcon.colcon_core.verb:set package 'unitree_sdk2' build argument 'cmake_clean_cache' from command line to 'False'
[0.230s] Level 5:colcon.colcon_core.verb:set package 'unitree_sdk2' build argument 'cmake_clean_first' from command line to 'False'
[0.230s] Level 5:colcon.colcon_core.verb:set package 'unitree_sdk2' build argument 'cmake_force_configure' from command line to 'False'
[0.230s] Level 5:colcon.colcon_core.verb:set package 'unitree_sdk2' build argument 'ament_cmake_args' from command line to 'None'
[0.230s] Level 5:colcon.colcon_core.verb:set package 'unitree_sdk2' build argument 'catkin_cmake_args' from command line to 'None'
[0.230s] Level 5:colcon.colcon_core.verb:set package 'unitree_sdk2' build argument 'catkin_skip_building_tests' from command line to 'False'
[0.230s] DEBUG:colcon.colcon_core.verb:Building package 'unitree_sdk2' with the following arguments: {'ament_cmake_args': None, 'build_base': '/home/robot/nav2_ws/build/unitree_sdk2', 'catkin_cmake_args': None, 'catkin_skip_building_tests': False, 'cmake_args': None, 'cmake_clean_cache': False, 'cmake_clean_first': False, 'cmake_force_configure': False, 'cmake_target': None, 'cmake_target_skip_unavailable': False, 'install_base': '/home/robot/nav2_ws/install/unitree_sdk2', 'merge_install': False, 'path': '/home/robot/nav2_ws/src/unitree_sdk2', 'symlink_install': False, 'test_result_base': None}
[0.230s] Level 5:colcon.colcon_core.verb:set package 'village_wang' build argument 'cmake_args' from command line to 'None'
[0.230s] Level 5:colcon.colcon_core.verb:set package 'village_wang' build argument 'cmake_target' from command line to 'None'
[0.230s] Level 5:colcon.colcon_core.verb:set package 'village_wang' build argument 'cmake_target_skip_unavailable' from command line to 'False'
[0.230s] Level 5:colcon.colcon_core.verb:set package 'village_wang' build argument 'cmake_clean_cache' from command line to 'False'
[0.230s] Level 5:colcon.colcon_core.verb:set package 'village_wang' build argument 'cmake_clean_first' from command line to 'False'
[0.230s] Level 5:colcon.colcon_core.verb:set package 'village_wang' build argument 'cmake_force_configure' from command line to 'False'
[0.230s] Level 5:colcon.colcon_core.verb:set package 'village_wang' build argument 'ament_cmake_args' from command line to 'None'
[0.230s] Level 5:colcon.colcon_core.verb:set package 'village_wang' build argument 'catkin_cmake_args' from command line to 'None'
[0.230s] Level 5:colcon.colcon_core.verb:set package 'village_wang' build argument 'catkin_skip_building_tests' from command line to 'False'
[0.230s] DEBUG:colcon.colcon_core.verb:Building package 'village_wang' with the following arguments: {'ament_cmake_args': None, 'build_base': '/home/robot/nav2_ws/build/village_wang', 'catkin_cmake_args': None, 'catkin_skip_building_tests': False, 'cmake_args': None, 'cmake_clean_cache': False, 'cmake_clean_first': False, 'cmake_force_configure': False, 'cmake_target': None, 'cmake_target_skip_unavailable': False, 'install_base': '/home/robot/nav2_ws/install/village_wang', 'merge_install': False, 'path': '/home/robot/nav2_ws/src/village_wang', 'symlink_install': False, 'test_result_base': None}
[0.230s] Level 5:colcon.colcon_core.verb:set package 'sdk2_user' build argument 'cmake_args' from command line to 'None'
[0.230s] Level 5:colcon.colcon_core.verb:set package 'sdk2_user' build argument 'cmake_target' from command line to 'None'
[0.230s] Level 5:colcon.colcon_core.verb:set package 'sdk2_user' build argument 'cmake_target_skip_unavailable' from command line to 'False'
[0.230s] Level 5:colcon.colcon_core.verb:set package 'sdk2_user' build argument 'cmake_clean_cache' from command line to 'False'
[0.230s] Level 5:colcon.colcon_core.verb:set package 'sdk2_user' build argument 'cmake_clean_first' from command line to 'False'
[0.230s] Level 5:colcon.colcon_core.verb:set package 'sdk2_user' build argument 'cmake_force_configure' from command line to 'False'
[0.231s] Level 5:colcon.colcon_core.verb:set package 'sdk2_user' build argument 'ament_cmake_args' from command line to 'None'
[0.231s] Level 5:colcon.colcon_core.verb:set package 'sdk2_user' build argument 'catkin_cmake_args' from command line to 'None'
[0.231s] Level 5:colcon.colcon_core.verb:set package 'sdk2_user' build argument 'catkin_skip_building_tests' from command line to 'False'
[0.231s] DEBUG:colcon.colcon_core.verb:Building package 'sdk2_user' with the following arguments: {'ament_cmake_args': None, 'build_base': '/home/robot/nav2_ws/build/sdk2_user', 'catkin_cmake_args': None, 'catkin_skip_building_tests': False, 'cmake_args': None, 'cmake_clean_cache': False, 'cmake_clean_first': False, 'cmake_force_configure': False, 'cmake_target': None, 'cmake_target_skip_unavailable': False, 'install_base': '/home/robot/nav2_ws/install/sdk2_user', 'merge_install': False, 'path': '/home/robot/nav2_ws/src/sdk2_user_cmake_example', 'symlink_install': False, 'test_result_base': None}
[0.231s] INFO:colcon.colcon_core.executor:Executing jobs using 'parallel' executor
[0.231s] DEBUG:colcon.colcon_parallel_executor.executor.parallel:run_until_complete
[0.231s] INFO:colcon.colcon_cmake.task.cmake.build:Building CMake package in '/home/robot/nav2_ws/src/unitree_sdk2'
[0.232s] INFO:colcon.colcon_core.plugin_system:Skipping extension 'colcon_core.shell.bat': Not used on non-Windows systems
[0.232s] INFO:colcon.colcon_core.shell:Skip shell extension 'powershell' for command environment: Not usable outside of PowerShell
[0.232s] DEBUG:colcon.colcon_core.shell:Skip shell extension 'dsv' for command environment
[0.234s] INFO:colcon.colcon_ros.task.ament_cmake.build:Building ROS package in '/home/robot/nav2_ws/src/car2' with build type 'ament_cmake'
[0.235s] INFO:colcon.colcon_cmake.task.cmake.build:Building CMake package in '/home/robot/nav2_ws/src/car2'
[0.235s] INFO:colcon.colcon_core.shell:Skip shell extension 'powershell' for command environment: Not usable outside of PowerShell
[0.235s] DEBUG:colcon.colcon_core.shell:Skip shell extension 'dsv' for command environment
[0.237s] INFO:colcon.colcon_ros.task.ament_cmake.build:Building ROS package in '/home/robot/nav2_ws/src/h1_sport' with build type 'ament_cmake'
[0.237s] INFO:colcon.colcon_cmake.task.cmake.build:Building CMake package in '/home/robot/nav2_ws/src/h1_sport'
[0.237s] INFO:colcon.colcon_core.shell:Skip shell extension 'powershell' for command environment: Not usable outside of PowerShell
[0.237s] DEBUG:colcon.colcon_core.shell:Skip shell extension 'dsv' for command environment
[0.240s] INFO:colcon.colcon_ros.task.ament_cmake.build:Building ROS package in '/home/robot/nav2_ws/src/hello_world_msgs' with build type 'ament_cmake'
[0.240s] INFO:colcon.colcon_cmake.task.cmake.build:Building CMake package in '/home/robot/nav2_ws/src/hello_world_msgs'
[0.240s] INFO:colcon.colcon_core.shell:Skip shell extension 'powershell' for command environment: Not usable outside of PowerShell
[0.240s] DEBUG:colcon.colcon_core.shell:Skip shell extension 'dsv' for command environment
[0.242s] INFO:colcon.colcon_ros.task.ament_cmake.build:Building ROS package in '/home/robot/nav2_ws/src/ros2_socket_sender' with build type 'ament_cmake'
[0.242s] INFO:colcon.colcon_cmake.task.cmake.build:Building CMake package in '/home/robot/nav2_ws/src/ros2_socket_sender'
[0.242s] INFO:colcon.colcon_core.shell:Skip shell extension 'powershell' for command environment: Not usable outside of PowerShell
[0.242s] DEBUG:colcon.colcon_core.shell:Skip shell extension 'dsv' for command environment
[0.245s] INFO:colcon.colcon_ros.task.ament_cmake.build:Building ROS package in '/home/robot/nav2_ws/src/village_wang' with build type 'ament_cmake'
[0.245s] INFO:colcon.colcon_cmake.task.cmake.build:Building CMake package in '/home/robot/nav2_ws/src/village_wang'
[0.245s] INFO:colcon.colcon_core.shell:Skip shell extension 'powershell' for command environment: Not usable outside of PowerShell
[0.245s] DEBUG:colcon.colcon_core.shell:Skip shell extension 'dsv' for command environment
[0.252s] DEBUG:colcon.colcon_core.event_handler.log_command:Invoking command in '/home/robot/nav2_ws/build/unitree_sdk2': /usr/bin/cmake --build /home/robot/nav2_ws/build/unitree_sdk2 -- -j32 -l32
[0.257s] DEBUG:colcon.colcon_core.event_handler.log_command:Invoking command in '/home/robot/nav2_ws/build/car2': CMAKE_PREFIX_PATH=${CMAKE_PREFIX_PATH}:/home/robot/nav2_ws/install/examples_rclpy_minimal_subscriber:/home/robot/nav2_ws/install/examples_rclpy_minimal_service:/home/robot/nav2_ws/install/examples_rclpy_minimal_publisher:/home/robot/nav2_ws/install/examples_rclpy_minimal_client:/home/robot/nav2_ws/install/examples_rclpy_minimal_action_server:/home/robot/nav2_ws/install/examples_rclpy_minimal_action_client:/home/robot/nav2_ws/install/examples_rclpy_executors:/opt/ros/foxy /usr/bin/cmake --build /home/robot/nav2_ws/build/car2 -- -j32 -l32
[0.258s] DEBUG:colcon.colcon_core.event_handler.log_command:Invoking command in '/home/robot/nav2_ws/build/h1_sport': CMAKE_PREFIX_PATH=${CMAKE_PREFIX_PATH}:/home/robot/nav2_ws/install/examples_rclpy_minimal_subscriber:/home/robot/nav2_ws/install/examples_rclpy_minimal_service:/home/robot/nav2_ws/install/examples_rclpy_minimal_publisher:/home/robot/nav2_ws/install/examples_rclpy_minimal_client:/home/robot/nav2_ws/install/examples_rclpy_minimal_action_server:/home/robot/nav2_ws/install/examples_rclpy_minimal_action_client:/home/robot/nav2_ws/install/examples_rclpy_executors:/opt/ros/foxy /usr/bin/cmake --build /home/robot/nav2_ws/build/h1_sport -- -j32 -l32
[0.261s] DEBUG:colcon.colcon_core.event_handler.log_command:Invoking command in '/home/robot/nav2_ws/build/hello_world_msgs': CMAKE_PREFIX_PATH=${CMAKE_PREFIX_PATH}:/home/robot/nav2_ws/install/examples_rclpy_minimal_subscriber:/home/robot/nav2_ws/install/examples_rclpy_minimal_service:/home/robot/nav2_ws/install/examples_rclpy_minimal_publisher:/home/robot/nav2_ws/install/examples_rclpy_minimal_client:/home/robot/nav2_ws/install/examples_rclpy_minimal_action_server:/home/robot/nav2_ws/install/examples_rclpy_minimal_action_client:/home/robot/nav2_ws/install/examples_rclpy_executors:/opt/ros/foxy /usr/bin/cmake --build /home/robot/nav2_ws/build/hello_world_msgs -- -j32 -l32
[0.263s] DEBUG:colcon.colcon_core.event_handler.log_command:Invoking command in '/home/robot/nav2_ws/build/ros2_socket_sender': CMAKE_PREFIX_PATH=${CMAKE_PREFIX_PATH}:/home/robot/nav2_ws/install/examples_rclpy_minimal_subscriber:/home/robot/nav2_ws/install/examples_rclpy_minimal_service:/home/robot/nav2_ws/install/examples_rclpy_minimal_publisher:/home/robot/nav2_ws/install/examples_rclpy_minimal_client:/home/robot/nav2_ws/install/examples_rclpy_minimal_action_server:/home/robot/nav2_ws/install/examples_rclpy_minimal_action_client:/home/robot/nav2_ws/install/examples_rclpy_executors:/opt/ros/foxy /usr/bin/cmake --build /home/robot/nav2_ws/build/ros2_socket_sender -- -j32 -l32
[0.266s] DEBUG:colcon.colcon_core.event_handler.log_command:Invoking command in '/home/robot/nav2_ws/build/village_wang': CMAKE_PREFIX_PATH=${CMAKE_PREFIX_PATH}:/home/robot/nav2_ws/install/examples_rclpy_minimal_subscriber:/home/robot/nav2_ws/install/examples_rclpy_minimal_service:/home/robot/nav2_ws/install/examples_rclpy_minimal_publisher:/home/robot/nav2_ws/install/examples_rclpy_minimal_client:/home/robot/nav2_ws/install/examples_rclpy_minimal_action_server:/home/robot/nav2_ws/install/examples_rclpy_minimal_action_client:/home/robot/nav2_ws/install/examples_rclpy_executors:/opt/ros/foxy /usr/bin/cmake --build /home/robot/nav2_ws/build/village_wang -- -j32 -l32
[0.274s] DEBUG:colcon.colcon_core.event_handler.log_command:Invoked command in '/home/robot/nav2_ws/build/car2' returned '0': CMAKE_PREFIX_PATH=${CMAKE_PREFIX_PATH}:/home/robot/nav2_ws/install/examples_rclpy_minimal_subscriber:/home/robot/nav2_ws/install/examples_rclpy_minimal_service:/home/robot/nav2_ws/install/examples_rclpy_minimal_publisher:/home/robot/nav2_ws/install/examples_rclpy_minimal_client:/home/robot/nav2_ws/install/examples_rclpy_minimal_action_server:/home/robot/nav2_ws/install/examples_rclpy_minimal_action_client:/home/robot/nav2_ws/install/examples_rclpy_executors:/opt/ros/foxy /usr/bin/cmake --build /home/robot/nav2_ws/build/car2 -- -j32 -l32
[0.302s] DEBUG:colcon.colcon_core.event_handler.log_command:Invoking command in '/home/robot/nav2_ws/build/car2': CMAKE_PREFIX_PATH=${CMAKE_PREFIX_PATH}:/home/robot/nav2_ws/install/examples_rclpy_minimal_subscriber:/home/robot/nav2_ws/install/examples_rclpy_minimal_service:/home/robot/nav2_ws/install/examples_rclpy_minimal_publisher:/home/robot/nav2_ws/install/examples_rclpy_minimal_client:/home/robot/nav2_ws/install/examples_rclpy_minimal_action_server:/home/robot/nav2_ws/install/examples_rclpy_minimal_action_client:/home/robot/nav2_ws/install/examples_rclpy_executors:/opt/ros/foxy /usr/bin/cmake --install /home/robot/nav2_ws/build/car2
[0.304s] DEBUG:colcon.colcon_core.event_handler.log_command:Invoked command in '/home/robot/nav2_ws/build/h1_sport' returned '0': CMAKE_PREFIX_PATH=${CMAKE_PREFIX_PATH}:/home/robot/nav2_ws/install/examples_rclpy_minimal_subscriber:/home/robot/nav2_ws/install/examples_rclpy_minimal_service:/home/robot/nav2_ws/install/examples_rclpy_minimal_publisher:/home/robot/nav2_ws/install/examples_rclpy_minimal_client:/home/robot/nav2_ws/install/examples_rclpy_minimal_action_server:/home/robot/nav2_ws/install/examples_rclpy_minimal_action_client:/home/robot/nav2_ws/install/examples_rclpy_executors:/opt/ros/foxy /usr/bin/cmake --build /home/robot/nav2_ws/build/h1_sport -- -j32 -l32
[0.310s] Level 1:colcon.colcon_core.environment:create_environment_scripts_only(car2)
[0.311s] DEBUG:colcon.colcon_core.event_handler.log_command:Invoked command in '/home/robot/nav2_ws/build/car2' returned '0': CMAKE_PREFIX_PATH=${CMAKE_PREFIX_PATH}:/home/robot/nav2_ws/install/examples_rclpy_minimal_subscriber:/home/robot/nav2_ws/install/examples_rclpy_minimal_service:/home/robot/nav2_ws/install/examples_rclpy_minimal_publisher:/home/robot/nav2_ws/install/examples_rclpy_minimal_client:/home/robot/nav2_ws/install/examples_rclpy_minimal_action_server:/home/robot/nav2_ws/install/examples_rclpy_minimal_action_client:/home/robot/nav2_ws/install/examples_rclpy_executors:/opt/ros/foxy /usr/bin/cmake --install /home/robot/nav2_ws/build/car2
[0.312s] Level 1:colcon.colcon_core.environment:checking '/home/robot/nav2_ws/install/car2' for CMake module files
[0.313s] Level 1:colcon.colcon_core.environment:checking '/home/robot/nav2_ws/install/car2' for CMake config files
[0.313s] Level 1:colcon.colcon_core.shell:create_environment_hook('car2', 'cmake_prefix_path')
[0.313s] INFO:colcon.colcon_core.shell:Creating environment hook '/home/robot/nav2_ws/install/car2/share/car2/hook/cmake_prefix_path.ps1'
[0.313s] INFO:colcon.colcon_core.shell:Creating environment descriptor '/home/robot/nav2_ws/install/car2/share/car2/hook/cmake_prefix_path.dsv'
[0.314s] INFO:colcon.colcon_core.shell:Creating environment hook '/home/robot/nav2_ws/install/car2/share/car2/hook/cmake_prefix_path.sh'
[0.314s] Level 1:colcon.colcon_core.environment:checking '/home/robot/nav2_ws/install/car2/bin'
[0.315s] Level 1:colcon.colcon_core.environment:checking '/home/robot/nav2_ws/install/car2/lib/pkgconfig/car2.pc'
[0.315s] Level 1:colcon.colcon_core.environment:checking '/home/robot/nav2_ws/install/car2/lib/python3.8/site-packages'
[0.315s] Level 1:colcon.colcon_core.environment:checking '/home/robot/nav2_ws/install/car2/bin'
[0.315s] INFO:colcon.colcon_core.shell:Creating package script '/home/robot/nav2_ws/install/car2/share/car2/package.ps1'
[0.315s] INFO:colcon.colcon_core.shell:Creating package descriptor '/home/robot/nav2_ws/install/car2/share/car2/package.dsv'
[0.316s] INFO:colcon.colcon_core.shell:Creating package script '/home/robot/nav2_ws/install/car2/share/car2/package.sh'
[0.316s] INFO:colcon.colcon_core.shell:Creating package script '/home/robot/nav2_ws/install/car2/share/car2/package.bash'
[0.317s] INFO:colcon.colcon_core.shell:Creating package script '/home/robot/nav2_ws/install/car2/share/car2/package.zsh'
[0.317s] Level 1:colcon.colcon_core.environment:create_file_with_runtime_dependencies(/home/robot/nav2_ws/install/car2/share/colcon-core/packages/car2)
[0.319s] DEBUG:colcon.colcon_core.event_handler.log_command:Invoked command in '/home/robot/nav2_ws/build/village_wang' returned '0': CMAKE_PREFIX_PATH=${CMAKE_PREFIX_PATH}:/home/robot/nav2_ws/install/examples_rclpy_minimal_subscriber:/home/robot/nav2_ws/install/examples_rclpy_minimal_service:/home/robot/nav2_ws/install/examples_rclpy_minimal_publisher:/home/robot/nav2_ws/install/examples_rclpy_minimal_client:/home/robot/nav2_ws/install/examples_rclpy_minimal_action_server:/home/robot/nav2_ws/install/examples_rclpy_minimal_action_client:/home/robot/nav2_ws/install/examples_rclpy_executors:/opt/ros/foxy /usr/bin/cmake --build /home/robot/nav2_ws/build/village_wang -- -j32 -l32
[0.321s] DEBUG:colcon.colcon_core.event_handler.log_command:Invoked command in '/home/robot/nav2_ws/build/unitree_sdk2' returned '0': /usr/bin/cmake --build /home/robot/nav2_ws/build/unitree_sdk2 -- -j32 -l32
[0.324s] DEBUG:colcon.colcon_core.event_handler.log_command:Invoking command in '/home/robot/nav2_ws/build/h1_sport': CMAKE_PREFIX_PATH=${CMAKE_PREFIX_PATH}:/home/robot/nav2_ws/install/examples_rclpy_minimal_subscriber:/home/robot/nav2_ws/install/examples_rclpy_minimal_service:/home/robot/nav2_ws/install/examples_rclpy_minimal_publisher:/home/robot/nav2_ws/install/examples_rclpy_minimal_client:/home/robot/nav2_ws/install/examples_rclpy_minimal_action_server:/home/robot/nav2_ws/install/examples_rclpy_minimal_action_client:/home/robot/nav2_ws/install/examples_rclpy_executors:/opt/ros/foxy /usr/bin/cmake --install /home/robot/nav2_ws/build/h1_sport
[0.326s] Level 1:colcon.colcon_core.environment:create_environment_scripts_only(car2)
[0.326s] Level 1:colcon.colcon_core.environment:checking '/home/robot/nav2_ws/install/car2' for CMake module files
[0.327s] Level 1:colcon.colcon_core.environment:checking '/home/robot/nav2_ws/install/car2' for CMake config files
[0.328s] Level 1:colcon.colcon_core.shell:create_environment_hook('car2', 'cmake_prefix_path')
[0.328s] INFO:colcon.colcon_core.shell:Creating environment hook '/home/robot/nav2_ws/install/car2/share/car2/hook/cmake_prefix_path.ps1'
[0.329s] INFO:colcon.colcon_core.shell:Creating environment descriptor '/home/robot/nav2_ws/install/car2/share/car2/hook/cmake_prefix_path.dsv'
[0.329s] INFO:colcon.colcon_core.shell:Creating environment hook '/home/robot/nav2_ws/install/car2/share/car2/hook/cmake_prefix_path.sh'
[0.329s] Level 1:colcon.colcon_core.environment:checking '/home/robot/nav2_ws/install/car2/bin'
[0.329s] Level 1:colcon.colcon_core.environment:checking '/home/robot/nav2_ws/install/car2/lib/pkgconfig/car2.pc'
[0.330s] Level 1:colcon.colcon_core.environment:checking '/home/robot/nav2_ws/install/car2/lib/python3.8/site-packages'
[0.330s] Level 1:colcon.colcon_core.environment:checking '/home/robot/nav2_ws/install/car2/bin'
[0.330s] INFO:colcon.colcon_core.shell:Creating package script '/home/robot/nav2_ws/install/car2/share/car2/package.ps1'
[0.330s] INFO:colcon.colcon_core.shell:Creating package descriptor '/home/robot/nav2_ws/install/car2/share/car2/package.dsv'
[0.331s] INFO:colcon.colcon_core.shell:Creating package script '/home/robot/nav2_ws/install/car2/share/car2/package.sh'
[0.331s] INFO:colcon.colcon_core.shell:Creating package script '/home/robot/nav2_ws/install/car2/share/car2/package.bash'
[0.331s] INFO:colcon.colcon_core.shell:Creating package script '/home/robot/nav2_ws/install/car2/share/car2/package.zsh'
[0.332s] Level 1:colcon.colcon_core.environment:create_file_with_runtime_dependencies(/home/robot/nav2_ws/install/car2/share/colcon-core/packages/car2)
[0.334s] DEBUG:colcon.colcon_core.event_handler.log_command:Invoking command in '/home/robot/nav2_ws/build/village_wang': CMAKE_PREFIX_PATH=${CMAKE_PREFIX_PATH}:/home/robot/nav2_ws/install/examples_rclpy_minimal_subscriber:/home/robot/nav2_ws/install/examples_rclpy_minimal_service:/home/robot/nav2_ws/install/examples_rclpy_minimal_publisher:/home/robot/nav2_ws/install/examples_rclpy_minimal_client:/home/robot/nav2_ws/install/examples_rclpy_minimal_action_server:/home/robot/nav2_ws/install/examples_rclpy_minimal_action_client:/home/robot/nav2_ws/install/examples_rclpy_executors:/opt/ros/foxy /usr/bin/cmake --install /home/robot/nav2_ws/build/village_wang
[0.334s] Level 1:colcon.colcon_core.environment:create_environment_scripts_only(h1_sport)
[0.335s] Level 1:colcon.colcon_core.environment:checking '/home/robot/nav2_ws/install/h1_sport' for CMake module files
[0.335s] DEBUG:colcon.colcon_core.event_handler.log_command:Invoked command in '/home/robot/nav2_ws/build/h1_sport' returned '0': CMAKE_PREFIX_PATH=${CMAKE_PREFIX_PATH}:/home/robot/nav2_ws/install/examples_rclpy_minimal_subscriber:/home/robot/nav2_ws/install/examples_rclpy_minimal_service:/home/robot/nav2_ws/install/examples_rclpy_minimal_publisher:/home/robot/nav2_ws/install/examples_rclpy_minimal_client:/home/robot/nav2_ws/install/examples_rclpy_minimal_action_server:/home/robot/nav2_ws/install/examples_rclpy_minimal_action_client:/home/robot/nav2_ws/install/examples_rclpy_executors:/opt/ros/foxy /usr/bin/cmake --install /home/robot/nav2_ws/build/h1_sport
[0.335s] Level 1:colcon.colcon_core.environment:checking '/home/robot/nav2_ws/install/h1_sport' for CMake config files
[0.335s] Level 1:colcon.colcon_core.shell:create_environment_hook('h1_sport', 'cmake_prefix_path')
[0.335s] INFO:colcon.colcon_core.shell:Creating environment hook '/home/robot/nav2_ws/install/h1_sport/share/h1_sport/hook/cmake_prefix_path.ps1'
[0.335s] INFO:colcon.colcon_core.shell:Creating environment descriptor '/home/robot/nav2_ws/install/h1_sport/share/h1_sport/hook/cmake_prefix_path.dsv'
[0.336s] INFO:colcon.colcon_core.shell:Creating environment hook '/home/robot/nav2_ws/install/h1_sport/share/h1_sport/hook/cmake_prefix_path.sh'
[0.336s] Level 1:colcon.colcon_core.environment:checking '/home/robot/nav2_ws/install/h1_sport/lib'
[0.336s] Level 1:colcon.colcon_core.environment:checking '/home/robot/nav2_ws/install/h1_sport/bin'
[0.336s] Level 1:colcon.colcon_core.environment:checking '/home/robot/nav2_ws/install/h1_sport/lib/pkgconfig/h1_sport.pc'
[0.336s] Level 1:colcon.colcon_core.environment:checking '/home/robot/nav2_ws/install/h1_sport/lib/python3.8/site-packages'
[0.336s] Level 1:colcon.colcon_core.environment:checking '/home/robot/nav2_ws/install/h1_sport/bin'
[0.336s] INFO:colcon.colcon_core.shell:Creating package script '/home/robot/nav2_ws/install/h1_sport/share/h1_sport/package.ps1'
[0.337s] INFO:colcon.colcon_core.shell:Creating package descriptor '/home/robot/nav2_ws/install/h1_sport/share/h1_sport/package.dsv'
[0.337s] INFO:colcon.colcon_core.shell:Creating package script '/home/robot/nav2_ws/install/h1_sport/share/h1_sport/package.sh'
[0.337s] INFO:colcon.colcon_core.shell:Creating package script '/home/robot/nav2_ws/install/h1_sport/share/h1_sport/package.bash'
[0.337s] INFO:colcon.colcon_core.shell:Creating package script '/home/robot/nav2_ws/install/h1_sport/share/h1_sport/package.zsh'
[0.337s] Level 1:colcon.colcon_core.environment:create_file_with_runtime_dependencies(/home/robot/nav2_ws/install/h1_sport/share/colcon-core/packages/h1_sport)
[0.340s] Level 1:colcon.colcon_core.environment:create_environment_scripts_only(village_wang)
[0.341s] Level 1:colcon.colcon_core.environment:checking '/home/robot/nav2_ws/install/village_wang' for CMake module files
[0.341s] DEBUG:colcon.colcon_core.event_handler.log_command:Invoking command in '/home/robot/nav2_ws/build/unitree_sdk2': /usr/bin/cmake --install /home/robot/nav2_ws/build/unitree_sdk2
[0.341s] DEBUG:colcon.colcon_core.event_handler.log_command:Invoked command in '/home/robot/nav2_ws/build/village_wang' returned '0': CMAKE_PREFIX_PATH=${CMAKE_PREFIX_PATH}:/home/robot/nav2_ws/install/examples_rclpy_minimal_subscriber:/home/robot/nav2_ws/install/examples_rclpy_minimal_service:/home/robot/nav2_ws/install/examples_rclpy_minimal_publisher:/home/robot/nav2_ws/install/examples_rclpy_minimal_client:/home/robot/nav2_ws/install/examples_rclpy_minimal_action_server:/home/robot/nav2_ws/install/examples_rclpy_minimal_action_client:/home/robot/nav2_ws/install/examples_rclpy_executors:/opt/ros/foxy /usr/bin/cmake --install /home/robot/nav2_ws/build/village_wang
[0.341s] Level 1:colcon.colcon_core.environment:checking '/home/robot/nav2_ws/install/village_wang' for CMake config files
[0.342s] Level 1:colcon.colcon_core.shell:create_environment_hook('village_wang', 'cmake_prefix_path')
[0.342s] INFO:colcon.colcon_core.shell:Creating environment hook '/home/robot/nav2_ws/install/village_wang/share/village_wang/hook/cmake_prefix_path.ps1'
[0.342s] INFO:colcon.colcon_core.shell:Creating environment descriptor '/home/robot/nav2_ws/install/village_wang/share/village_wang/hook/cmake_prefix_path.dsv'
[0.342s] INFO:colcon.colcon_core.shell:Creating environment hook '/home/robot/nav2_ws/install/village_wang/share/village_wang/hook/cmake_prefix_path.sh'
[0.342s] Level 1:colcon.colcon_core.environment:checking '/home/robot/nav2_ws/install/village_wang/lib'
[0.342s] Level 1:colcon.colcon_core.environment:checking '/home/robot/nav2_ws/install/village_wang/bin'
[0.342s] Level 1:colcon.colcon_core.environment:checking '/home/robot/nav2_ws/install/village_wang/lib/pkgconfig/village_wang.pc'
[0.342s] Level 1:colcon.colcon_core.environment:checking '/home/robot/nav2_ws/install/village_wang/lib/python3.8/site-packages'
[0.343s] Level 1:colcon.colcon_core.environment:checking '/home/robot/nav2_ws/install/village_wang/bin'
[0.343s] INFO:colcon.colcon_core.shell:Creating package script '/home/robot/nav2_ws/install/village_wang/share/village_wang/package.ps1'
[0.343s] INFO:colcon.colcon_core.shell:Creating package descriptor '/home/robot/nav2_ws/install/village_wang/share/village_wang/package.dsv'
[0.344s] INFO:colcon.colcon_core.shell:Creating package script '/home/robot/nav2_ws/install/village_wang/share/village_wang/package.sh'
[0.345s] INFO:colcon.colcon_core.shell:Creating package script '/home/robot/nav2_ws/install/village_wang/share/village_wang/package.bash'
[0.346s] INFO:colcon.colcon_core.shell:Creating package script '/home/robot/nav2_ws/install/village_wang/share/village_wang/package.zsh'
[0.347s] Level 1:colcon.colcon_core.environment:create_file_with_runtime_dependencies(/home/robot/nav2_ws/install/village_wang/share/colcon-core/packages/village_wang)
[0.350s] Level 1:colcon.colcon_core.environment:create_environment_scripts_only(unitree_sdk2)
[0.351s] Level 1:colcon.colcon_core.environment:checking '/home/robot/nav2_ws/install/unitree_sdk2' for CMake module files
[0.351s] Level 1:colcon.colcon_core.environment:checking '/home/robot/nav2_ws/install/unitree_sdk2' for CMake config files
[0.361s] Level 1:colcon.colcon_core.shell:create_environment_hook('unitree_sdk2', 'cmake_prefix_path')
[0.362s] INFO:colcon.colcon_core.shell:Creating environment hook '/home/robot/nav2_ws/install/unitree_sdk2/share/unitree_sdk2/hook/cmake_prefix_path.ps1'
[0.362s] INFO:colcon.colcon_core.shell:Creating environment descriptor '/home/robot/nav2_ws/install/unitree_sdk2/share/unitree_sdk2/hook/cmake_prefix_path.dsv'
[0.363s] INFO:colcon.colcon_core.shell:Creating environment hook '/home/robot/nav2_ws/install/unitree_sdk2/share/unitree_sdk2/hook/cmake_prefix_path.sh'
[0.363s] Level 1:colcon.colcon_core.environment:checking '/home/robot/nav2_ws/install/unitree_sdk2/lib'
[0.363s] Level 1:colcon.colcon_core.shell:create_environment_hook('unitree_sdk2', 'ld_library_path_lib')
[0.364s] INFO:colcon.colcon_core.shell:Creating environment hook '/home/robot/nav2_ws/install/unitree_sdk2/share/unitree_sdk2/hook/ld_library_path_lib.ps1'
[0.364s] INFO:colcon.colcon_core.shell:Creating environment descriptor '/home/robot/nav2_ws/install/unitree_sdk2/share/unitree_sdk2/hook/ld_library_path_lib.dsv'
[0.364s] INFO:colcon.colcon_core.shell:Creating environment hook '/home/robot/nav2_ws/install/unitree_sdk2/share/unitree_sdk2/hook/ld_library_path_lib.sh'
[0.365s] Level 1:colcon.colcon_core.environment:checking '/home/robot/nav2_ws/install/unitree_sdk2/bin'
[0.365s] Level 1:colcon.colcon_core.environment:checking '/home/robot/nav2_ws/install/unitree_sdk2/lib/pkgconfig/unitree_sdk2.pc'
[0.365s] Level 1:colcon.colcon_core.environment:checking '/home/robot/nav2_ws/install/unitree_sdk2/lib/python3.8/site-packages'
[0.365s] Level 1:colcon.colcon_core.environment:checking '/home/robot/nav2_ws/install/unitree_sdk2/bin'
[0.365s] INFO:colcon.colcon_core.shell:Creating package script '/home/robot/nav2_ws/install/unitree_sdk2/share/unitree_sdk2/package.ps1'
[0.365s] INFO:colcon.colcon_core.shell:Creating package descriptor '/home/robot/nav2_ws/install/unitree_sdk2/share/unitree_sdk2/package.dsv'
[0.366s] INFO:colcon.colcon_core.shell:Creating package script '/home/robot/nav2_ws/install/unitree_sdk2/share/unitree_sdk2/package.sh'
[0.366s] INFO:colcon.colcon_core.shell:Creating package script '/home/robot/nav2_ws/install/unitree_sdk2/share/unitree_sdk2/package.bash'
[0.366s] INFO:colcon.colcon_core.shell:Creating package script '/home/robot/nav2_ws/install/unitree_sdk2/share/unitree_sdk2/package.zsh'
[0.366s] Level 1:colcon.colcon_core.environment:create_file_with_runtime_dependencies(/home/robot/nav2_ws/install/unitree_sdk2/share/colcon-core/packages/unitree_sdk2)
[0.366s] Level 1:colcon.colcon_core.environment:create_environment_scripts_only(h1_sport)
[0.366s] Level 1:colcon.colcon_core.environment:checking '/home/robot/nav2_ws/install/h1_sport' for CMake module files
[0.367s] Level 1:colcon.colcon_core.environment:checking '/home/robot/nav2_ws/install/h1_sport' for CMake config files
[0.367s] Level 1:colcon.colcon_core.shell:create_environment_hook('h1_sport', 'cmake_prefix_path')
[0.367s] INFO:colcon.colcon_core.shell:Creating environment hook '/home/robot/nav2_ws/install/h1_sport/share/h1_sport/hook/cmake_prefix_path.ps1'
[0.368s] INFO:colcon.colcon_core.shell:Creating environment descriptor '/home/robot/nav2_ws/install/h1_sport/share/h1_sport/hook/cmake_prefix_path.dsv'
[0.368s] INFO:colcon.colcon_core.shell:Creating environment hook '/home/robot/nav2_ws/install/h1_sport/share/h1_sport/hook/cmake_prefix_path.sh'
[0.368s] Level 1:colcon.colcon_core.environment:checking '/home/robot/nav2_ws/install/h1_sport/lib'
[0.368s] Level 1:colcon.colcon_core.environment:checking '/home/robot/nav2_ws/install/h1_sport/bin'
[0.368s] Level 1:colcon.colcon_core.environment:checking '/home/robot/nav2_ws/install/h1_sport/lib/pkgconfig/h1_sport.pc'
[0.368s] Level 1:colcon.colcon_core.environment:checking '/home/robot/nav2_ws/install/h1_sport/lib/python3.8/site-packages'
[0.369s] Level 1:colcon.colcon_core.environment:checking '/home/robot/nav2_ws/install/h1_sport/bin'
[0.369s] INFO:colcon.colcon_core.shell:Creating package script '/home/robot/nav2_ws/install/h1_sport/share/h1_sport/package.ps1'
[0.369s] INFO:colcon.colcon_core.shell:Creating package descriptor '/home/robot/nav2_ws/install/h1_sport/share/h1_sport/package.dsv'
[0.369s] INFO:colcon.colcon_core.shell:Creating package script '/home/robot/nav2_ws/install/h1_sport/share/h1_sport/package.sh'
[0.369s] INFO:colcon.colcon_core.shell:Creating package script '/home/robot/nav2_ws/install/h1_sport/share/h1_sport/package.bash'
[0.370s] INFO:colcon.colcon_core.shell:Creating package script '/home/robot/nav2_ws/install/h1_sport/share/h1_sport/package.zsh'
[0.370s] Level 1:colcon.colcon_core.environment:create_file_with_runtime_dependencies(/home/robot/nav2_ws/install/h1_sport/share/colcon-core/packages/h1_sport)
[0.370s] INFO:colcon.colcon_cmake.task.cmake.build:Building CMake package in '/home/robot/nav2_ws/src/sdk2_user_cmake_example'
[0.370s] INFO:colcon.colcon_core.shell:Skip shell extension 'powershell' for command environment: Not usable outside of PowerShell
[0.370s] DEBUG:colcon.colcon_core.shell:Skip shell extension 'dsv' for command environment
[0.386s] DEBUG:colcon.colcon_core.event_handler.log_command:Invoked command in '/home/robot/nav2_ws/build/unitree_sdk2' returned '0': /usr/bin/cmake --install /home/robot/nav2_ws/build/unitree_sdk2
[0.388s] DEBUG:colcon.colcon_core.event_handler.log_command:Invoked command in '/home/robot/nav2_ws/build/hello_world_msgs' returned '0': CMAKE_PREFIX_PATH=${CMAKE_PREFIX_PATH}:/home/robot/nav2_ws/install/examples_rclpy_minimal_subscriber:/home/robot/nav2_ws/install/examples_rclpy_minimal_service:/home/robot/nav2_ws/install/examples_rclpy_minimal_publisher:/home/robot/nav2_ws/install/examples_rclpy_minimal_client:/home/robot/nav2_ws/install/examples_rclpy_minimal_action_server:/home/robot/nav2_ws/install/examples_rclpy_minimal_action_client:/home/robot/nav2_ws/install/examples_rclpy_executors:/opt/ros/foxy /usr/bin/cmake --build /home/robot/nav2_ws/build/hello_world_msgs -- -j32 -l32
[0.390s] Level 1:colcon.colcon_core.environment:create_environment_scripts_only(village_wang)
[0.390s] Level 1:colcon.colcon_core.environment:checking '/home/robot/nav2_ws/install/village_wang' for CMake module files
[0.390s] Level 1:colcon.colcon_core.environment:checking '/home/robot/nav2_ws/install/village_wang' for CMake config files
[0.390s] Level 1:colcon.colcon_core.shell:create_environment_hook('village_wang', 'cmake_prefix_path')
[0.390s] INFO:colcon.colcon_core.shell:Creating environment hook '/home/robot/nav2_ws/install/village_wang/share/village_wang/hook/cmake_prefix_path.ps1'
[0.391s] INFO:colcon.colcon_core.shell:Creating environment descriptor '/home/robot/nav2_ws/install/village_wang/share/village_wang/hook/cmake_prefix_path.dsv'
[0.391s] INFO:colcon.colcon_core.shell:Creating environment hook '/home/robot/nav2_ws/install/village_wang/share/village_wang/hook/cmake_prefix_path.sh'
[0.391s] Level 1:colcon.colcon_core.environment:checking '/home/robot/nav2_ws/install/village_wang/lib'
[0.391s] Level 1:colcon.colcon_core.environment:checking '/home/robot/nav2_ws/install/village_wang/bin'
[0.391s] Level 1:colcon.colcon_core.environment:checking '/home/robot/nav2_ws/install/village_wang/lib/pkgconfig/village_wang.pc'
[0.391s] Level 1:colcon.colcon_core.environment:checking '/home/robot/nav2_ws/install/village_wang/lib/python3.8/site-packages'
[0.391s] Level 1:colcon.colcon_core.environment:checking '/home/robot/nav2_ws/install/village_wang/bin'
[0.391s] INFO:colcon.colcon_core.shell:Creating package script '/home/robot/nav2_ws/install/village_wang/share/village_wang/package.ps1'
[0.391s] INFO:colcon.colcon_core.shell:Creating package descriptor '/home/robot/nav2_ws/install/village_wang/share/village_wang/package.dsv'
[0.392s] INFO:colcon.colcon_core.shell:Creating package script '/home/robot/nav2_ws/install/village_wang/share/village_wang/package.sh'
[0.392s] INFO:colcon.colcon_core.shell:Creating package script '/home/robot/nav2_ws/install/village_wang/share/village_wang/package.bash'
[0.392s] INFO:colcon.colcon_core.shell:Creating package script '/home/robot/nav2_ws/install/village_wang/share/village_wang/package.zsh'
[0.392s] Level 1:colcon.colcon_core.environment:create_file_with_runtime_dependencies(/home/robot/nav2_ws/install/village_wang/share/colcon-core/packages/village_wang)
[0.394s] DEBUG:colcon.colcon_core.event_handler.log_command:Invoking command in '/home/robot/nav2_ws/build/sdk2_user': CMAKE_PREFIX_PATH=/home/robot/nav2_ws/install/unitree_sdk2:/home/robot/nav2_ws/install/village_wang:/home/robot/nav2_ws/install/ros2_socket_sender:/home/robot/nav2_ws/install/hello_world_msgs:/home/robot/nav2_ws/install/h1_sport_sdk:/home/robot/nav2_ws/install/h1_sport:/home/robot/nav2_ws/install/examples_rclcpp_multithreaded_executor:/home/robot/nav2_ws/install/examples_rclcpp_minimal_timer:/home/robot/nav2_ws/install/examples_rclcpp_minimal_subscriber:/home/robot/nav2_ws/install/examples_rclcpp_minimal_service:/home/robot/nav2_ws/install/examples_rclcpp_minimal_publisher:/home/robot/nav2_ws/install/examples_rclcpp_minimal_composition:/home/robot/nav2_ws/install/examples_rclcpp_minimal_client:/home/robot/nav2_ws/install/examples_rclcpp_minimal_action_server:/home/robot/nav2_ws/install/examples_rclcpp_minimal_action_client:/home/robot/nav2_ws/install/car2 LD_LIBRARY_PATH=/home/robot/nav2_ws/install/unitree_sdk2/lib:/home/robot/nav2_ws/install/hello_world_msgs/lib:/home/robot/nav2_ws/install/examples_rclcpp_minimal_composition/lib:/usr/lib/x86_64-linux-gnu/gazebo-11/plugins:/opt/ros/foxy/opt/yaml_cpp_vendor/lib:/opt/ros/foxy/opt/rviz_ogre_vendor/lib:/opt/ros/foxy/lib/x86_64-linux-gnu:/opt/ros/foxy/lib:/usr/local/cuda-11.6/lib64:/usr/local/cuda-11.6/lib64 /usr/bin/cmake --build /home/robot/nav2_ws/build/sdk2_user -- -j32 -l32
[0.410s] DEBUG:colcon.colcon_core.event_handler.log_command:Invoking command in '/home/robot/nav2_ws/build/hello_world_msgs': CMAKE_PREFIX_PATH=${CMAKE_PREFIX_PATH}:/home/robot/nav2_ws/install/examples_rclpy_minimal_subscriber:/home/robot/nav2_ws/install/examples_rclpy_minimal_service:/home/robot/nav2_ws/install/examples_rclpy_minimal_publisher:/home/robot/nav2_ws/install/examples_rclpy_minimal_client:/home/robot/nav2_ws/install/examples_rclpy_minimal_action_server:/home/robot/nav2_ws/install/examples_rclpy_minimal_action_client:/home/robot/nav2_ws/install/examples_rclpy_executors:/opt/ros/foxy /usr/bin/cmake --install /home/robot/nav2_ws/build/hello_world_msgs
[0.417s] DEBUG:colcon.colcon_core.event_handler.log_command:Invoked command in '/home/robot/nav2_ws/build/sdk2_user' returned '0': CMAKE_PREFIX_PATH=/home/robot/nav2_ws/install/unitree_sdk2:/home/robot/nav2_ws/install/village_wang:/home/robot/nav2_ws/install/ros2_socket_sender:/home/robot/nav2_ws/install/hello_world_msgs:/home/robot/nav2_ws/install/h1_sport_sdk:/home/robot/nav2_ws/install/h1_sport:/home/robot/nav2_ws/install/examples_rclcpp_multithreaded_executor:/home/robot/nav2_ws/install/examples_rclcpp_minimal_timer:/home/robot/nav2_ws/install/examples_rclcpp_minimal_subscriber:/home/robot/nav2_ws/install/examples_rclcpp_minimal_service:/home/robot/nav2_ws/install/examples_rclcpp_minimal_publisher:/home/robot/nav2_ws/install/examples_rclcpp_minimal_composition:/home/robot/nav2_ws/install/examples_rclcpp_minimal_client:/home/robot/nav2_ws/install/examples_rclcpp_minimal_action_server:/home/robot/nav2_ws/install/examples_rclcpp_minimal_action_client:/home/robot/nav2_ws/install/car2 LD_LIBRARY_PATH=/home/robot/nav2_ws/install/unitree_sdk2/lib:/home/robot/nav2_ws/install/hello_world_msgs/lib:/home/robot/nav2_ws/install/examples_rclcpp_minimal_composition/lib:/usr/lib/x86_64-linux-gnu/gazebo-11/plugins:/opt/ros/foxy/opt/yaml_cpp_vendor/lib:/opt/ros/foxy/opt/rviz_ogre_vendor/lib:/opt/ros/foxy/lib/x86_64-linux-gnu:/opt/ros/foxy/lib:/usr/local/cuda-11.6/lib64:/usr/local/cuda-11.6/lib64 /usr/bin/cmake --build /home/robot/nav2_ws/build/sdk2_user -- -j32 -l32
[0.425s] WARNING:colcon.colcon_cmake.task.cmake.build:Could not run installation step for package 'sdk2_user' because it has no 'install' target
[0.425s] Level 1:colcon.colcon_core.environment:create_environment_scripts_only(sdk2_user)
[0.426s] Level 1:colcon.colcon_core.environment:checking '/home/robot/nav2_ws/install/sdk2_user' for CMake module files
[0.426s] Level 1:colcon.colcon_core.environment:checking '/home/robot/nav2_ws/install/sdk2_user' for CMake config files
[0.426s] Level 1:colcon.colcon_core.environment:checking '/home/robot/nav2_ws/install/sdk2_user/bin'
[0.426s] Level 1:colcon.colcon_core.environment:checking '/home/robot/nav2_ws/install/sdk2_user/lib/pkgconfig/sdk2_user.pc'
[0.426s] Level 1:colcon.colcon_core.environment:checking '/home/robot/nav2_ws/install/sdk2_user/lib/python3.8/site-packages'
[0.426s] Level 1:colcon.colcon_core.environment:checking '/home/robot/nav2_ws/install/sdk2_user/bin'
[0.427s] INFO:colcon.colcon_core.shell:Creating package script '/home/robot/nav2_ws/install/sdk2_user/share/sdk2_user/package.ps1'
[0.427s] INFO:colcon.colcon_core.shell:Creating package descriptor '/home/robot/nav2_ws/install/sdk2_user/share/sdk2_user/package.dsv'
[0.427s] INFO:colcon.colcon_core.shell:Creating package script '/home/robot/nav2_ws/install/sdk2_user/share/sdk2_user/package.sh'
[0.427s] INFO:colcon.colcon_core.shell:Creating package script '/home/robot/nav2_ws/install/sdk2_user/share/sdk2_user/package.bash'
[0.428s] INFO:colcon.colcon_core.shell:Creating package script '/home/robot/nav2_ws/install/sdk2_user/share/sdk2_user/package.zsh'
[0.428s] Level 1:colcon.colcon_core.environment:create_file_with_runtime_dependencies(/home/robot/nav2_ws/install/sdk2_user/share/colcon-core/packages/sdk2_user)
[0.433s] Level 1:colcon.colcon_core.environment:create_environment_scripts_only(hello_world_msgs)
[0.433s] Level 1:colcon.colcon_core.environment:checking '/home/robot/nav2_ws/install/hello_world_msgs' for CMake module files
[0.434s] DEBUG:colcon.colcon_core.event_handler.log_command:Invoked command in '/home/robot/nav2_ws/build/hello_world_msgs' returned '0': CMAKE_PREFIX_PATH=${CMAKE_PREFIX_PATH}:/home/robot/nav2_ws/install/examples_rclpy_minimal_subscriber:/home/robot/nav2_ws/install/examples_rclpy_minimal_service:/home/robot/nav2_ws/install/examples_rclpy_minimal_publisher:/home/robot/nav2_ws/install/examples_rclpy_minimal_client:/home/robot/nav2_ws/install/examples_rclpy_minimal_action_server:/home/robot/nav2_ws/install/examples_rclpy_minimal_action_client:/home/robot/nav2_ws/install/examples_rclpy_executors:/opt/ros/foxy /usr/bin/cmake --install /home/robot/nav2_ws/build/hello_world_msgs
[0.434s] Level 1:colcon.colcon_core.environment:checking '/home/robot/nav2_ws/install/hello_world_msgs' for CMake config files
[0.434s] Level 1:colcon.colcon_core.shell:create_environment_hook('hello_world_msgs', 'cmake_prefix_path')
[0.434s] INFO:colcon.colcon_core.shell:Creating environment hook '/home/robot/nav2_ws/install/hello_world_msgs/share/hello_world_msgs/hook/cmake_prefix_path.ps1'
[0.434s] INFO:colcon.colcon_core.shell:Creating environment descriptor '/home/robot/nav2_ws/install/hello_world_msgs/share/hello_world_msgs/hook/cmake_prefix_path.dsv'
[0.434s] INFO:colcon.colcon_core.shell:Creating environment hook '/home/robot/nav2_ws/install/hello_world_msgs/share/hello_world_msgs/hook/cmake_prefix_path.sh'
[0.434s] Level 1:colcon.colcon_core.environment:checking '/home/robot/nav2_ws/install/hello_world_msgs/lib'
[0.434s] Level 1:colcon.colcon_core.shell:create_environment_hook('hello_world_msgs', 'ld_library_path_lib')
[0.435s] INFO:colcon.colcon_core.shell:Creating environment hook '/home/robot/nav2_ws/install/hello_world_msgs/share/hello_world_msgs/hook/ld_library_path_lib.ps1'
[0.435s] INFO:colcon.colcon_core.shell:Creating environment descriptor '/home/robot/nav2_ws/install/hello_world_msgs/share/hello_world_msgs/hook/ld_library_path_lib.dsv'
[0.435s] INFO:colcon.colcon_core.shell:Creating environment hook '/home/robot/nav2_ws/install/hello_world_msgs/share/hello_world_msgs/hook/ld_library_path_lib.sh'
[0.435s] Level 1:colcon.colcon_core.environment:checking '/home/robot/nav2_ws/install/hello_world_msgs/bin'
[0.435s] Level 1:colcon.colcon_core.environment:checking '/home/robot/nav2_ws/install/hello_world_msgs/lib/pkgconfig/hello_world_msgs.pc'
[0.435s] Level 1:colcon.colcon_core.environment:checking '/home/robot/nav2_ws/install/hello_world_msgs/lib/python3.8/site-packages'
[0.435s] Level 1:colcon.colcon_core.shell:create_environment_hook('hello_world_msgs', 'pythonpath')
[0.435s] INFO:colcon.colcon_core.shell:Creating environment hook '/home/robot/nav2_ws/install/hello_world_msgs/share/hello_world_msgs/hook/pythonpath.ps1'
[0.435s] INFO:colcon.colcon_core.shell:Creating environment descriptor '/home/robot/nav2_ws/install/hello_world_msgs/share/hello_world_msgs/hook/pythonpath.dsv'
[0.435s] INFO:colcon.colcon_core.shell:Creating environment hook '/home/robot/nav2_ws/install/hello_world_msgs/share/hello_world_msgs/hook/pythonpath.sh'
[0.436s] Level 1:colcon.colcon_core.environment:checking '/home/robot/nav2_ws/install/hello_world_msgs/bin'
[0.436s] INFO:colcon.colcon_core.shell:Creating package script '/home/robot/nav2_ws/install/hello_world_msgs/share/hello_world_msgs/package.ps1'
[0.436s] INFO:colcon.colcon_core.shell:Creating package descriptor '/home/robot/nav2_ws/install/hello_world_msgs/share/hello_world_msgs/package.dsv'
[0.436s] INFO:colcon.colcon_core.shell:Creating package script '/home/robot/nav2_ws/install/hello_world_msgs/share/hello_world_msgs/package.sh'
[0.436s] INFO:colcon.colcon_core.shell:Creating package script '/home/robot/nav2_ws/install/hello_world_msgs/share/hello_world_msgs/package.bash'
[0.436s] INFO:colcon.colcon_core.shell:Creating package script '/home/robot/nav2_ws/install/hello_world_msgs/share/hello_world_msgs/package.zsh'
[0.436s] Level 1:colcon.colcon_core.environment:create_file_with_runtime_dependencies(/home/robot/nav2_ws/install/hello_world_msgs/share/colcon-core/packages/hello_world_msgs)
[0.457s] Level 1:colcon.colcon_core.environment:create_environment_scripts_only(hello_world_msgs)
[0.457s] Level 1:colcon.colcon_core.environment:checking '/home/robot/nav2_ws/install/hello_world_msgs' for CMake module files
[0.457s] Level 1:colcon.colcon_core.environment:checking '/home/robot/nav2_ws/install/hello_world_msgs' for CMake config files
[0.458s] Level 1:colcon.colcon_core.shell:create_environment_hook('hello_world_msgs', 'cmake_prefix_path')
[0.458s] INFO:colcon.colcon_core.shell:Creating environment hook '/home/robot/nav2_ws/install/hello_world_msgs/share/hello_world_msgs/hook/cmake_prefix_path.ps1'
[0.458s] INFO:colcon.colcon_core.shell:Creating environment descriptor '/home/robot/nav2_ws/install/hello_world_msgs/share/hello_world_msgs/hook/cmake_prefix_path.dsv'
[0.458s] INFO:colcon.colcon_core.shell:Creating environment hook '/home/robot/nav2_ws/install/hello_world_msgs/share/hello_world_msgs/hook/cmake_prefix_path.sh'
[0.458s] Level 1:colcon.colcon_core.environment:checking '/home/robot/nav2_ws/install/hello_world_msgs/lib'
[0.458s] Level 1:colcon.colcon_core.shell:create_environment_hook('hello_world_msgs', 'ld_library_path_lib')
[0.458s] INFO:colcon.colcon_core.shell:Creating environment hook '/home/robot/nav2_ws/install/hello_world_msgs/share/hello_world_msgs/hook/ld_library_path_lib.ps1'
[0.458s] INFO:colcon.colcon_core.shell:Creating environment descriptor '/home/robot/nav2_ws/install/hello_world_msgs/share/hello_world_msgs/hook/ld_library_path_lib.dsv'
[0.459s] INFO:colcon.colcon_core.shell:Creating environment hook '/home/robot/nav2_ws/install/hello_world_msgs/share/hello_world_msgs/hook/ld_library_path_lib.sh'
[0.459s] Level 1:colcon.colcon_core.environment:checking '/home/robot/nav2_ws/install/hello_world_msgs/bin'
[0.459s] Level 1:colcon.colcon_core.environment:checking '/home/robot/nav2_ws/install/hello_world_msgs/lib/pkgconfig/hello_world_msgs.pc'
[0.459s] Level 1:colcon.colcon_core.environment:checking '/home/robot/nav2_ws/install/hello_world_msgs/lib/python3.8/site-packages'
[0.459s] Level 1:colcon.colcon_core.shell:create_environment_hook('hello_world_msgs', 'pythonpath')
[0.459s] INFO:colcon.colcon_core.shell:Creating environment hook '/home/robot/nav2_ws/install/hello_world_msgs/share/hello_world_msgs/hook/pythonpath.ps1'
[0.459s] INFO:colcon.colcon_core.shell:Creating environment descriptor '/home/robot/nav2_ws/install/hello_world_msgs/share/hello_world_msgs/hook/pythonpath.dsv'
[0.459s] INFO:colcon.colcon_core.shell:Creating environment hook '/home/robot/nav2_ws/install/hello_world_msgs/share/hello_world_msgs/hook/pythonpath.sh'
[0.459s] Level 1:colcon.colcon_core.environment:checking '/home/robot/nav2_ws/install/hello_world_msgs/bin'
[0.459s] INFO:colcon.colcon_core.shell:Creating package script '/home/robot/nav2_ws/install/hello_world_msgs/share/hello_world_msgs/package.ps1'
[0.460s] INFO:colcon.colcon_core.shell:Creating package descriptor '/home/robot/nav2_ws/install/hello_world_msgs/share/hello_world_msgs/package.dsv'
[0.460s] INFO:colcon.colcon_core.shell:Creating package script '/home/robot/nav2_ws/install/hello_world_msgs/share/hello_world_msgs/package.sh'
[0.460s] INFO:colcon.colcon_core.shell:Creating package script '/home/robot/nav2_ws/install/hello_world_msgs/share/hello_world_msgs/package.bash'
[0.460s] INFO:colcon.colcon_core.shell:Creating package script '/home/robot/nav2_ws/install/hello_world_msgs/share/hello_world_msgs/package.zsh'
[0.460s] Level 1:colcon.colcon_core.environment:create_file_with_runtime_dependencies(/home/robot/nav2_ws/install/hello_world_msgs/share/colcon-core/packages/hello_world_msgs)
[2.247s] DEBUG:colcon.colcon_core.event_handler.log_command:Invoked command in '/home/robot/nav2_ws/build/ros2_socket_sender' returned '0': CMAKE_PREFIX_PATH=${CMAKE_PREFIX_PATH}:/home/robot/nav2_ws/install/examples_rclpy_minimal_subscriber:/home/robot/nav2_ws/install/examples_rclpy_minimal_service:/home/robot/nav2_ws/install/examples_rclpy_minimal_publisher:/home/robot/nav2_ws/install/examples_rclpy_minimal_client:/home/robot/nav2_ws/install/examples_rclpy_minimal_action_server:/home/robot/nav2_ws/install/examples_rclpy_minimal_action_client:/home/robot/nav2_ws/install/examples_rclpy_executors:/opt/ros/foxy /usr/bin/cmake --build /home/robot/nav2_ws/build/ros2_socket_sender -- -j32 -l32
[2.258s] DEBUG:colcon.colcon_core.event_handler.log_command:Invoking command in '/home/robot/nav2_ws/build/ros2_socket_sender': CMAKE_PREFIX_PATH=${CMAKE_PREFIX_PATH}:/home/robot/nav2_ws/install/examples_rclpy_minimal_subscriber:/home/robot/nav2_ws/install/examples_rclpy_minimal_service:/home/robot/nav2_ws/install/examples_rclpy_minimal_publisher:/home/robot/nav2_ws/install/examples_rclpy_minimal_client:/home/robot/nav2_ws/install/examples_rclpy_minimal_action_server:/home/robot/nav2_ws/install/examples_rclpy_minimal_action_client:/home/robot/nav2_ws/install/examples_rclpy_executors:/opt/ros/foxy /usr/bin/cmake --install /home/robot/nav2_ws/build/ros2_socket_sender
[2.263s] Level 1:colcon.colcon_core.environment:create_environment_scripts_only(ros2_socket_sender)
[2.263s] Level 1:colcon.colcon_core.environment:checking '/home/robot/nav2_ws/install/ros2_socket_sender' for CMake module files
[2.264s] DEBUG:colcon.colcon_core.event_handler.log_command:Invoked command in '/home/robot/nav2_ws/build/ros2_socket_sender' returned '0': CMAKE_PREFIX_PATH=${CMAKE_PREFIX_PATH}:/home/robot/nav2_ws/install/examples_rclpy_minimal_subscriber:/home/robot/nav2_ws/install/examples_rclpy_minimal_service:/home/robot/nav2_ws/install/examples_rclpy_minimal_publisher:/home/robot/nav2_ws/install/examples_rclpy_minimal_client:/home/robot/nav2_ws/install/examples_rclpy_minimal_action_server:/home/robot/nav2_ws/install/examples_rclpy_minimal_action_client:/home/robot/nav2_ws/install/examples_rclpy_executors:/opt/ros/foxy /usr/bin/cmake --install /home/robot/nav2_ws/build/ros2_socket_sender
[2.264s] Level 1:colcon.colcon_core.environment:checking '/home/robot/nav2_ws/install/ros2_socket_sender' for CMake config files
[2.264s] Level 1:colcon.colcon_core.shell:create_environment_hook('ros2_socket_sender', 'cmake_prefix_path')
[2.264s] INFO:colcon.colcon_core.shell:Creating environment hook '/home/robot/nav2_ws/install/ros2_socket_sender/share/ros2_socket_sender/hook/cmake_prefix_path.ps1'
[2.264s] INFO:colcon.colcon_core.shell:Creating environment descriptor '/home/robot/nav2_ws/install/ros2_socket_sender/share/ros2_socket_sender/hook/cmake_prefix_path.dsv'
[2.264s] INFO:colcon.colcon_core.shell:Creating environment hook '/home/robot/nav2_ws/install/ros2_socket_sender/share/ros2_socket_sender/hook/cmake_prefix_path.sh'
[2.265s] Level 1:colcon.colcon_core.environment:checking '/home/robot/nav2_ws/install/ros2_socket_sender/lib'
[2.265s] Level 1:colcon.colcon_core.environment:checking '/home/robot/nav2_ws/install/ros2_socket_sender/bin'
[2.265s] Level 1:colcon.colcon_core.environment:checking '/home/robot/nav2_ws/install/ros2_socket_sender/lib/pkgconfig/ros2_socket_sender.pc'
[2.265s] Level 1:colcon.colcon_core.environment:checking '/home/robot/nav2_ws/install/ros2_socket_sender/lib/python3.8/site-packages'
[2.265s] Level 1:colcon.colcon_core.environment:checking '/home/robot/nav2_ws/install/ros2_socket_sender/bin'
[2.265s] INFO:colcon.colcon_core.shell:Creating package script '/home/robot/nav2_ws/install/ros2_socket_sender/share/ros2_socket_sender/package.ps1'
[2.265s] INFO:colcon.colcon_core.shell:Creating package descriptor '/home/robot/nav2_ws/install/ros2_socket_sender/share/ros2_socket_sender/package.dsv'
[2.265s] INFO:colcon.colcon_core.shell:Creating package script '/home/robot/nav2_ws/install/ros2_socket_sender/share/ros2_socket_sender/package.sh'
[2.265s] INFO:colcon.colcon_core.shell:Creating package script '/home/robot/nav2_ws/install/ros2_socket_sender/share/ros2_socket_sender/package.bash'
[2.266s] INFO:colcon.colcon_core.shell:Creating package script '/home/robot/nav2_ws/install/ros2_socket_sender/share/ros2_socket_sender/package.zsh'
[2.266s] Level 1:colcon.colcon_core.environment:create_file_with_runtime_dependencies(/home/robot/nav2_ws/install/ros2_socket_sender/share/colcon-core/packages/ros2_socket_sender)
[2.276s] Level 1:colcon.colcon_core.environment:create_environment_scripts_only(ros2_socket_sender)
[2.276s] Level 1:colcon.colcon_core.environment:checking '/home/robot/nav2_ws/install/ros2_socket_sender' for CMake module files
[2.276s] Level 1:colcon.colcon_core.environment:checking '/home/robot/nav2_ws/install/ros2_socket_sender' for CMake config files
[2.277s] Level 1:colcon.colcon_core.shell:create_environment_hook('ros2_socket_sender', 'cmake_prefix_path')
[2.277s] INFO:colcon.colcon_core.shell:Creating environment hook '/home/robot/nav2_ws/install/ros2_socket_sender/share/ros2_socket_sender/hook/cmake_prefix_path.ps1'
[2.277s] INFO:colcon.colcon_core.shell:Creating environment descriptor '/home/robot/nav2_ws/install/ros2_socket_sender/share/ros2_socket_sender/hook/cmake_prefix_path.dsv'
[2.277s] INFO:colcon.colcon_core.shell:Creating environment hook '/home/robot/nav2_ws/install/ros2_socket_sender/share/ros2_socket_sender/hook/cmake_prefix_path.sh'
[2.278s] Level 1:colcon.colcon_core.environment:checking '/home/robot/nav2_ws/install/ros2_socket_sender/lib'
[2.278s] Level 1:colcon.colcon_core.environment:checking '/home/robot/nav2_ws/install/ros2_socket_sender/bin'
[2.278s] Level 1:colcon.colcon_core.environment:checking '/home/robot/nav2_ws/install/ros2_socket_sender/lib/pkgconfig/ros2_socket_sender.pc'
[2.278s] Level 1:colcon.colcon_core.environment:checking '/home/robot/nav2_ws/install/ros2_socket_sender/lib/python3.8/site-packages'
[2.278s] Level 1:colcon.colcon_core.environment:checking '/home/robot/nav2_ws/install/ros2_socket_sender/bin'
[2.278s] INFO:colcon.colcon_core.shell:Creating package script '/home/robot/nav2_ws/install/ros2_socket_sender/share/ros2_socket_sender/package.ps1'
[2.278s] INFO:colcon.colcon_core.shell:Creating package descriptor '/home/robot/nav2_ws/install/ros2_socket_sender/share/ros2_socket_sender/package.dsv'
[2.279s] INFO:colcon.colcon_core.shell:Creating package script '/home/robot/nav2_ws/install/ros2_socket_sender/share/ros2_socket_sender/package.sh'
[2.279s] INFO:colcon.colcon_core.shell:Creating package script '/home/robot/nav2_ws/install/ros2_socket_sender/share/ros2_socket_sender/package.bash'
[2.279s] INFO:colcon.colcon_core.shell:Creating package script '/home/robot/nav2_ws/install/ros2_socket_sender/share/ros2_socket_sender/package.zsh'
[2.280s] Level 1:colcon.colcon_core.environment:create_file_with_runtime_dependencies(/home/robot/nav2_ws/install/ros2_socket_sender/share/colcon-core/packages/ros2_socket_sender)
[2.280s] DEBUG:colcon.colcon_parallel_executor.executor.parallel:closing loop
[2.280s] DEBUG:colcon.colcon_parallel_executor.executor.parallel:loop closed
[2.280s] DEBUG:colcon.colcon_parallel_executor.executor.parallel:run_until_complete finished with '0'
[2.280s] DEBUG:colcon.colcon_core.event_reactor:joining thread
[2.285s] INFO:colcon.colcon_core.plugin_system:Skipping extension 'colcon_notification.desktop_notification.terminal_notifier': Not used on non-Darwin systems
[2.285s] INFO:colcon.colcon_core.plugin_system:Skipping extension 'colcon_notification.desktop_notification.win32': Not used on non-Windows systems
[2.285s] INFO:colcon.colcon_notification.desktop_notification:Sending desktop notification using 'notify2'
[2.294s] DEBUG:colcon.colcon_core.event_reactor:joined thread
[2.295s] INFO:colcon.colcon_core.shell:Creating prefix script '/home/robot/nav2_ws/install/local_setup.ps1'
[2.295s] INFO:colcon.colcon_core.shell:Creating prefix util module '/home/robot/nav2_ws/install/_local_setup_util_ps1.py'
[2.296s] INFO:colcon.colcon_core.shell:Creating prefix chain script '/home/robot/nav2_ws/install/setup.ps1'
[2.296s] INFO:colcon.colcon_core.shell:Creating prefix script '/home/robot/nav2_ws/install/local_setup.sh'
[2.296s] INFO:colcon.colcon_core.shell:Creating prefix util module '/home/robot/nav2_ws/install/_local_setup_util_sh.py'
[2.297s] INFO:colcon.colcon_core.shell:Creating prefix chain script '/home/robot/nav2_ws/install/setup.sh'
[2.297s] INFO:colcon.colcon_core.shell:Creating prefix script '/home/robot/nav2_ws/install/local_setup.bash'
[2.298s] INFO:colcon.colcon_core.shell:Creating prefix chain script '/home/robot/nav2_ws/install/setup.bash'
[2.299s] INFO:colcon.colcon_core.shell:Creating prefix script '/home/robot/nav2_ws/install/local_setup.zsh'
[2.300s] INFO:colcon.colcon_core.shell:Creating prefix chain script '/home/robot/nav2_ws/install/setup.zsh'
