[  5%] Built target test_jsonize
[  8%] Built target advanced_gamepad
[ 11%] Built target go2_stand_example
[ 15%] Built target h1_2_arm_sdk_dds_example
[ 25%] Built target b2_stand_example
[ 25%] Built target b2_sport_client
[ 23%] Built target h1_loco_client
[ 28%] Built target h1_2_ankle_track
[ 33%] Built target test_subscriber
[ 38%] Built target test_publisher
[ 45%] Built target go2_video_client
[ 48%] Built target go2_low_level
[ 50%] Built target go2_sport_client
[ 50%] Built target state_machine_example
[ 53%] Built target go2_robot_state_client
[ 56%] Built target h1_low_level_example
[ 60%] Built target h1_27dof_example
[ 63%] Built target h1_arm_sdk_dds_example
[ 66%] Built target g1_29dof_example
[ 70%] Built target go2_vui_client
[ 73%] Built target g1_arm5_sdk_dds_example
[ 76%] Built target g1_loco_client
[ 80%] Built target g1_23dof_ankle_track
[ 83%] Built target g1_dual_arm_example
[ 86%] Built target go2_trajectory_follow
[ 90%] Built target g1_23dof_example
[ 93%] Built target go2w_stand_example
[ 96%] Built target g1_arm7_sdk_dds_example
[100%] Built target go2w_sport_client
