[0.003s] Invoking command in '/home/robot/nav2_ws/build/hello_world_msgs': /usr/bin/cmake /home/robot/nav2_ws/src/hello_world_msgs -DCMAKE_INSTALL_PREFIX=/home/robot/nav2_ws/install/hello_world_msgs
[0.013s] CMake Error at CMakeLists.txt:19 (find_package):
[0.013s]   By not providing "Findament_cmake.cmake" in CMAKE_MODULE_PATH this project
[0.013s]   has asked CMake to find a package configuration file provided by
[0.013s]   "ament_cmake", but CMake did not find one.
[0.013s] 
[0.013s]   Could not find a package configuration file provided by "ament_cmake" with
[0.013s]   any of the following names:
[0.013s] 
[0.013s]     ament_cmakeConfig.cmake
[0.013s]     ament_cmake-config.cmake
[0.013s] 
[0.013s]   Add the installation prefix of "ament_cmake" to CMAKE_PREFIX_PATH or set
[0.013s]   "ament_cmake_DIR" to a directory containing one of the above files.  If
[0.014s]   "ament_cmake" provides a separate development package or SDK, be sure it
[0.014s]   has been installed.
[0.014s] 
[0.014s] 
[0.014s] -- Configuring incomplete, errors occurred!
[0.014s] See also "/home/robot/nav2_ws/build/hello_world_msgs/CMakeFiles/CMakeOutput.log".
[0.014s] Invoked command in '/home/robot/nav2_ws/build/hello_world_msgs' returned '1': /usr/bin/cmake /home/robot/nav2_ws/src/hello_world_msgs -DCMAKE_INSTALL_PREFIX=/home/robot/nav2_ws/install/hello_world_msgs
