[01m[K/home/robot/nav2_ws/src/h1_sport/src/demo.cpp:[m[K In function ‘[01m[Kvoid MessageHandlerNode(const void*)[m[K’:
[01m[K/home/robot/nav2_ws/src/h1_sport/src/demo.cpp:27:32:[m[K [01;31m[Kerror: [m[K‘[01m[KTwist_[m[K’ in namespace ‘[01m[Kstd_msgs::msg::dds_[m[K’ does not name a type
   27 |     const std_msgs::msg::dds_::[01;31m[KTwist_[m[K* pmsg = (const std_msgs::msg::dds_::Twist_*)message;
      |                                [01;31m[K^~~~~~[m[K
[01m[K/home/robot/nav2_ws/src/h1_sport/src/demo.cpp:29:18:[m[K [01;31m[Kerror: [m[K‘[01m[Kpmsg[m[K’ was not declared in this scope
   29 |     std::cout << [01;31m[Kpmsg[m[K->linear().x() << ' ' << pmsg->linear().y() << pmsg->linear().z() << std::endl;
      |                  [01;31m[K^~~~[m[K
[01m[K/home/robot/nav2_ws/src/h1_sport/src/demo.cpp:[m[K In function ‘[01m[Kint main(int, char**)[m[K’:
[01m[K/home/robot/nav2_ws/src/h1_sport/src/demo.cpp:45:47:[m[K [01;31m[Kerror: [m[K‘[01m[KTwist_[m[K’ is not a member of ‘[01m[Kstd_msgs::msg::dds_[m[K’; did you mean ‘[01m[Kgeometry_msgs::msg::dds_::Twist_[m[K’?
   45 |     ChannelSubscriberPtr<std_msgs::msg::dds_::[01;31m[KTwist_[m[K> subscriber_node = ChannelSubscriberPtr<std_msgs::msg::dds_::Twist_>  \
      |                                               [01;31m[K^~~~~~[m[K
In file included from [01m[K/home/robot/nav2_ws/src/h1_sport/src/demo.cpp:12[m[K:
[01m[K/usr/local/include/unitree/idl/ros2/Twist_.hpp:21:7:[m[K [01;36m[Knote: [m[K‘[01m[Kgeometry_msgs::msg::dds_::Twist_[m[K’ declared here
   21 | class [01;36m[KTwist_[m[K
      |       [01;36m[K^~~~~~[m[K
[01m[K/home/robot/nav2_ws/src/h1_sport/src/demo.cpp:45:53:[m[K [01;31m[Kerror: [m[Ktemplate argument 1 is invalid
   45 |     ChannelSubscriberPtr<std_msgs::msg::dds_::Twist_[01;31m[K>[m[K subscriber_node = ChannelSubscriberPtr<std_msgs::msg::dds_::Twist_>  \
      |                                                     [01;31m[K^[m[K
[01m[K/home/robot/nav2_ws/src/h1_sport/src/demo.cpp:45:115:[m[K [01;31m[Kerror: [m[K‘[01m[KTwist_[m[K’ is not a member of ‘[01m[Kstd_msgs::msg::dds_[m[K’; did you mean ‘[01m[Kgeometry_msgs::msg::dds_::Twist_[m[K’?
   45 |     ChannelSubscriberPtr<std_msgs::msg::dds_::Twist_> subscriber_node = ChannelSubscriberPtr<std_msgs::msg::dds_::[01;31m[KTwist_[m[K>  \
      |                                                                                                                   [01;31m[K^~~~~~[m[K
In file included from [01m[K/home/robot/nav2_ws/src/h1_sport/src/demo.cpp:12[m[K:
[01m[K/usr/local/include/unitree/idl/ros2/Twist_.hpp:21:7:[m[K [01;36m[Knote: [m[K‘[01m[Kgeometry_msgs::msg::dds_::Twist_[m[K’ declared here
   21 | class [01;36m[KTwist_[m[K
      |       [01;36m[K^~~~~~[m[K
[01m[K/home/robot/nav2_ws/src/h1_sport/src/demo.cpp:45:121:[m[K [01;31m[Kerror: [m[Ktemplate argument 1 is invalid
   45 |     ChannelSubscriberPtr<std_msgs::msg::dds_::Twist_> subscriber_node = ChannelSubscriberPtr<std_msgs::msg::dds_::Twist_[01;31m[K>[m[K  \
      |                                                                                                                         [01;31m[K^[m[K
[01m[K/home/robot/nav2_ws/src/h1_sport/src/demo.cpp:46:113:[m[K [01;31m[Kerror: [m[K‘[01m[KTwist_[m[K’ is not a member of ‘[01m[Kstd_msgs::msg::dds_[m[K’; did you mean ‘[01m[Kgeometry_msgs::msg::dds_::Twist_[m[K’?
   46 |                                                                     (new ChannelSubscriber<std_msgs::msg::dds_::[01;31m[KTwist_[m[K>(SUBTOPIC));
      |                                                                                                                 [01;31m[K^~~~~~[m[K
In file included from [01m[K/home/robot/nav2_ws/src/h1_sport/src/demo.cpp:12[m[K:
[01m[K/usr/local/include/unitree/idl/ros2/Twist_.hpp:21:7:[m[K [01;36m[Knote: [m[K‘[01m[Kgeometry_msgs::msg::dds_::Twist_[m[K’ declared here
   21 | class [01;36m[KTwist_[m[K
      |       [01;36m[K^~~~~~[m[K
[01m[K/home/robot/nav2_ws/src/h1_sport/src/demo.cpp:46:119:[m[K [01;31m[Kerror: [m[Ktemplate argument 1 is invalid
   46 |                                                                     (new ChannelSubscriber<std_msgs::msg::dds_::Twist_[01;31m[K>[m[K(SUBTOPIC));
      |                                                                                                                       [01;31m[K^[m[K
[01m[K/home/robot/nav2_ws/src/h1_sport/src/demo.cpp:48:20:[m[K [01;31m[Kerror: [m[Kbase operand of ‘[01m[K->[m[K’ is not a pointer
   48 |     subscriber_node[01;31m[K->[m[KInitChannel(std::bind(MessageHandlerNode, std::placeholders::_1), 10);
      |                    [01;31m[K^~[m[K
make[2]: *** [CMakeFiles/demo.dir/build.make:63：CMakeFiles/demo.dir/src/demo.cpp.o] 错误 1
make[1]: *** [CMakeFiles/Makefile2:78：CMakeFiles/demo.dir/all] 错误 2
make: *** [Makefile:141：all] 错误 2
