-- Install configuration: ""
-- Up-to-date: /home/robot/nav2_ws/install/car2/share/ament_index/resource_index/package_run_dependencies/car2
-- Up-to-date: /home/robot/nav2_ws/install/car2/share/ament_index/resource_index/parent_prefix_path/car2
-- Up-to-date: /home/robot/nav2_ws/install/car2/share/car2/environment/ament_prefix_path.sh
-- Up-to-date: /home/robot/nav2_ws/install/car2/share/car2/environment/ament_prefix_path.dsv
-- Up-to-date: /home/robot/nav2_ws/install/car2/share/car2/environment/path.sh
-- Up-to-date: /home/robot/nav2_ws/install/car2/share/car2/environment/path.dsv
-- Up-to-date: /home/robot/nav2_ws/install/car2/share/car2/local_setup.bash
-- Up-to-date: /home/robot/nav2_ws/install/car2/share/car2/local_setup.sh
-- Up-to-date: /home/robot/nav2_ws/install/car2/share/car2/local_setup.zsh
-- Up-to-date: /home/robot/nav2_ws/install/car2/share/car2/local_setup.dsv
-- Installing: /home/robot/nav2_ws/install/car2/share/car2/package.dsv
-- Up-to-date: /home/robot/nav2_ws/install/car2/share/ament_index/resource_index/packages/car2
-- Up-to-date: /home/robot/nav2_ws/install/car2/share/car2/cmake/car2Config.cmake
-- Up-to-date: /home/robot/nav2_ws/install/car2/share/car2/cmake/car2Config-version.cmake
-- Up-to-date: /home/robot/nav2_ws/install/car2/share/car2/package.xml
-- Up-to-date: /home/robot/nav2_ws/install/car2/share/car2/config
-- Up-to-date: /home/robot/nav2_ws/install/car2/share/car2/config/fish_2d.lua
-- Up-to-date: /home/robot/nav2_ws/install/car2/share/car2/launch
-- Up-to-date: /home/robot/nav2_ws/install/car2/share/car2/launch/cartographer.launch.py
-- Up-to-date: /home/robot/nav2_ws/install/car2/share/car2/rviz
