[ 10%] Built target test_subscriber
[ 10%] Built target test_publisher
[ 13%] Built target state_machine_example
[ 16%] Built target h1_2_arm_sdk_dds_example
[ 20%] Built target go2_stand_example
[ 25%] Built target b2_stand_example
[ 26%] Built target h1_low_level_example
[ 30%] Built target advanced_gamepad
[ 33%] Built target h1_arm_sdk_dds_example
[ 36%] Built target test_jsonize
[ 40%] Built target g1_29dof_example
[ 43%] Built target go2_robot_state_client
[ 46%] Built target go2_video_client
[ 50%] Built target h1_27dof_example
[ 53%] Built target go2_vui_client
[ 58%] Built target go2_sport_client
[ 60%] Built target b2_sport_client
[ 63%] Built target h1_loco_client
[ 66%] Built target g1_arm5_sdk_dds_example
[ 70%] Built target g1_dual_arm_example
[ 75%] Built target g1_23dof_example
[ 76%] Built target g1_23dof_ankle_track
[ 80%] Built target h1_2_ankle_track
[ 95%] Built target g1_loco_client
[ 95%] Built target go2w_stand_example
[ 95%] Built target g1_arm7_sdk_dds_example
[ 96%] Built target go2_trajectory_follow
[ 95%] Built target go2_low_level
[100%] Built target go2w_sport_client
