[0.006s] Invoking command in '/home/robot/nav2_ws/build/ros2_socket_sender': CMAKE_PREFIX_PATH=/opt/ros/foxy /usr/bin/cmake /home/robot/nav2_ws/src/ros2_socket_sender -DCMAKE_INSTALL_PREFIX=/home/robot/nav2_ws/install/ros2_socket_sender
[0.031s] -- The C compiler identification is GNU 9.4.0
[0.061s] -- The CXX compiler identification is GNU 9.4.0
[0.063s] -- Check for working C compiler: /usr/bin/cc
[0.112s] -- Check for working C compiler: /usr/bin/cc -- works
[0.113s] -- Detecting C compiler ABI info
[0.177s] -- Detecting C compiler ABI info - done
[0.183s] -- Detecting C compile features
[0.183s] -- Detecting C compile features - done
[0.184s] -- Check for working CXX compiler: /usr/bin/c++
[0.237s] -- Check for working CXX compiler: /usr/bin/c++ -- works
[0.238s] -- Detecting CXX compiler ABI info
[0.326s] -- Detecting CXX compiler ABI info - done
[0.332s] -- Detecting CXX compile features
[0.333s] -- Detecting CXX compile features - done
[0.335s] -- Found ament_cmake: 0.9.12 (/opt/ros/foxy/share/ament_cmake/cmake)
[0.353s] -- Found PythonInterp: /usr/bin/python3 (found suitable version "3.8.10", minimum required is "3") 
[0.353s] -- Using PYTHON_EXECUTABLE: /usr/bin/python3
[0.456s] -- Found std_msgs: 2.0.5 (/opt/ros/foxy/share/std_msgs/cmake)
[0.473s] -- Using all available rosidl_typesupport_c: rosidl_typesupport_fastrtps_c;rosidl_typesupport_introspection_c
[0.478s] -- Found rosidl_adapter: 1.3.1 (/opt/ros/foxy/share/rosidl_adapter/cmake)
[0.519s] -- Found OpenSSL: /usr/lib/x86_64-linux-gnu/libcrypto.so (found version "1.1.1f")  
[0.533s] -- Found FastRTPS: /opt/ros/foxy/include  
[0.572s] -- Using all available rosidl_typesupport_cpp: rosidl_typesupport_fastrtps_cpp;rosidl_typesupport_introspection_cpp
[0.597s] -- Found rclcpp: 2.4.3 (/opt/ros/foxy/share/rclcpp/cmake)
[0.626s] -- Found rmw_implementation_cmake: 1.0.4 (/opt/ros/foxy/share/rmw_implementation_cmake/cmake)
[0.627s] -- Using RMW implementation 'rmw_fastrtps_cpp' as default
[0.627s] -- Looking for pthread.h
[0.658s] -- Looking for pthread.h - found
[0.658s] -- Performing Test CMAKE_HAVE_LIBC_PTHREAD
[0.704s] -- Performing Test CMAKE_HAVE_LIBC_PTHREAD - Failed
[0.704s] -- Looking for pthread_create in pthreads
[0.731s] -- Looking for pthread_create in pthreads - not found
[0.731s] -- Looking for pthread_create in pthread
[0.795s] -- Looking for pthread_create in pthread - found
[0.796s] -- Found Threads: TRUE  
[0.876s] -- Found ament_lint_auto: 0.9.8 (/opt/ros/foxy/share/ament_lint_auto/cmake)
[0.915s] -- Added test 'copyright' to check source files copyright and LICENSE
[0.915s] -- Added test 'cppcheck' to perform static code analysis on C / C++ code
[0.915s] -- Configured cppcheck include dirs: 
[0.915s] -- Configured cppcheck exclude dirs and/or files: 
[0.916s] -- Added test 'cpplint' to check C / C++ code against the Google style
[0.916s] -- Configured cpplint exclude dirs and/or files: 
[0.917s] -- Added test 'lint_cmake' to check CMake code style
[0.917s] -- Added test 'uncrustify' to check C / C++ code style
[0.917s] -- Configured uncrustify additional arguments: 
[0.917s] -- Added test 'xmllint' to check XML markup files
[0.919s] -- Configuring done
[0.920s] -- Generating done
[0.921s] -- Build files have been written to: /home/robot/nav2_ws/build/ros2_socket_sender
[0.925s] Invoked command in '/home/robot/nav2_ws/build/ros2_socket_sender' returned '0': CMAKE_PREFIX_PATH=/opt/ros/foxy /usr/bin/cmake /home/robot/nav2_ws/src/ros2_socket_sender -DCMAKE_INSTALL_PREFIX=/home/robot/nav2_ws/install/ros2_socket_sender
[0.926s] Invoking command in '/home/robot/nav2_ws/build/ros2_socket_sender': CMAKE_PREFIX_PATH=/opt/ros/foxy /usr/bin/cmake --build /home/robot/nav2_ws/build/ros2_socket_sender -- -j32 -l32
[0.945s] Invoked command in '/home/robot/nav2_ws/build/ros2_socket_sender' returned '0': CMAKE_PREFIX_PATH=/opt/ros/foxy /usr/bin/cmake --build /home/robot/nav2_ws/build/ros2_socket_sender -- -j32 -l32
[0.969s] Invoking command in '/home/robot/nav2_ws/build/ros2_socket_sender': CMAKE_PREFIX_PATH=/opt/ros/foxy /usr/bin/cmake --install /home/robot/nav2_ws/build/ros2_socket_sender
[0.978s] -- Install configuration: ""
[0.979s] -- Installing: /home/robot/nav2_ws/install/ros2_socket_sender/share/ament_index/resource_index/package_run_dependencies/ros2_socket_sender
[0.979s] -- Installing: /home/robot/nav2_ws/install/ros2_socket_sender/share/ament_index/resource_index/parent_prefix_path/ros2_socket_sender
[0.979s] -- Installing: /home/robot/nav2_ws/install/ros2_socket_sender/share/ros2_socket_sender/environment/ament_prefix_path.sh
[0.979s] -- Installing: /home/robot/nav2_ws/install/ros2_socket_sender/share/ros2_socket_sender/environment/ament_prefix_path.dsv
[0.979s] -- Installing: /home/robot/nav2_ws/install/ros2_socket_sender/share/ros2_socket_sender/environment/path.sh
[0.979s] -- Installing: /home/robot/nav2_ws/install/ros2_socket_sender/share/ros2_socket_sender/environment/path.dsv
[0.979s] -- Installing: /home/robot/nav2_ws/install/ros2_socket_sender/share/ros2_socket_sender/local_setup.bash
[0.979s] -- Installing: /home/robot/nav2_ws/install/ros2_socket_sender/share/ros2_socket_sender/local_setup.sh
[0.979s] -- Installing: /home/robot/nav2_ws/install/ros2_socket_sender/share/ros2_socket_sender/local_setup.zsh
[0.980s] -- Installing: /home/robot/nav2_ws/install/ros2_socket_sender/share/ros2_socket_sender/local_setup.dsv
[0.980s] -- Installing: /home/robot/nav2_ws/install/ros2_socket_sender/share/ros2_socket_sender/package.dsv
[0.980s] -- Installing: /home/robot/nav2_ws/install/ros2_socket_sender/share/ament_index/resource_index/packages/ros2_socket_sender
[0.980s] -- Installing: /home/robot/nav2_ws/install/ros2_socket_sender/share/ros2_socket_sender/cmake/ros2_socket_senderConfig.cmake
[0.980s] -- Installing: /home/robot/nav2_ws/install/ros2_socket_sender/share/ros2_socket_sender/cmake/ros2_socket_senderConfig-version.cmake
[0.980s] -- Installing: /home/robot/nav2_ws/install/ros2_socket_sender/share/ros2_socket_sender/package.xml
[0.981s] Invoked command in '/home/robot/nav2_ws/build/ros2_socket_sender' returned '0': CMAKE_PREFIX_PATH=/opt/ros/foxy /usr/bin/cmake --install /home/robot/nav2_ws/build/ros2_socket_sender
