[0.027s] Invoking command in '/home/robot/nav2_ws/src/build/h1_cartographer': CMAKE_PREFIX_PATH=/home/robot/nav2_ws/install/examples_rclpy_minimal_subscriber:/home/robot/nav2_ws/install/examples_rclpy_minimal_service:/home/robot/nav2_ws/install/examples_rclpy_minimal_publisher:/home/robot/nav2_ws/install/examples_rclpy_minimal_client:/home/robot/nav2_ws/install/examples_rclpy_minimal_action_server:/home/robot/nav2_ws/install/examples_rclpy_minimal_action_client:/home/robot/nav2_ws/install/examples_rclpy_executors:/opt/ros/foxy:${CMAKE_PREFIX_PATH} /usr/bin/cmake /home/robot/nav2_ws/src/h1_cartographer -DCMAKE_INSTALL_PREFIX=/home/robot/nav2_ws/src/install/h1_cartographer
[0.168s] -- The C compiler identification is GNU 9.4.0
[0.169s] -- The CXX compiler identification is GNU 9.4.0
[0.169s] -- Check for working C compiler: /usr/bin/cc
[0.170s] -- Check for working C compiler: /usr/bin/cc -- works
[0.170s] -- Detecting C compiler ABI info
[0.170s] -- Detecting C compiler ABI info - done
[0.170s] -- Detecting C compile features
[0.170s] -- Detecting C compile features - done
[0.170s] -- Check for working CXX compiler: /usr/bin/c++
[0.180s] -- Check for working CXX compiler: /usr/bin/c++ -- works
[0.180s] -- Detecting CXX compiler ABI info
[0.216s] -- Detecting CXX compiler ABI info - done
[0.225s] -- Detecting CXX compile features
[0.225s] -- Detecting CXX compile features - done
[0.227s] -- Found ament_cmake: 0.9.12 (/opt/ros/foxy/share/ament_cmake/cmake)
[0.243s] -- Found PythonInterp: /usr/bin/python3 (found suitable version "3.8.10", minimum required is "3") 
[0.243s] -- Using PYTHON_EXECUTABLE: /usr/bin/python3
[0.354s] -- Found ament_lint_auto: 0.9.8 (/opt/ros/foxy/share/ament_lint_auto/cmake)
[0.399s] -- Added test 'copyright' to check source files copyright and LICENSE
[0.400s] -- Added test 'flake8' to check Python code syntax and style conventions
[0.401s] -- Added test 'lint_cmake' to check CMake code style
[0.401s] -- Added test 'pep257' to check Python code against some of the style conventions in PEP 257
[0.402s] -- Added test 'xmllint' to check XML markup files
[0.404s] -- Configuring done
[0.405s] -- Generating done
[0.406s] -- Build files have been written to: /home/robot/nav2_ws/src/build/h1_cartographer
[0.410s] Invoked command in '/home/robot/nav2_ws/src/build/h1_cartographer' returned '0': CMAKE_PREFIX_PATH=/home/robot/nav2_ws/install/examples_rclpy_minimal_subscriber:/home/robot/nav2_ws/install/examples_rclpy_minimal_service:/home/robot/nav2_ws/install/examples_rclpy_minimal_publisher:/home/robot/nav2_ws/install/examples_rclpy_minimal_client:/home/robot/nav2_ws/install/examples_rclpy_minimal_action_server:/home/robot/nav2_ws/install/examples_rclpy_minimal_action_client:/home/robot/nav2_ws/install/examples_rclpy_executors:/opt/ros/foxy:${CMAKE_PREFIX_PATH} /usr/bin/cmake /home/robot/nav2_ws/src/h1_cartographer -DCMAKE_INSTALL_PREFIX=/home/robot/nav2_ws/src/install/h1_cartographer
[0.410s] Invoking command in '/home/robot/nav2_ws/src/build/h1_cartographer': CMAKE_PREFIX_PATH=/home/robot/nav2_ws/install/examples_rclpy_minimal_subscriber:/home/robot/nav2_ws/install/examples_rclpy_minimal_service:/home/robot/nav2_ws/install/examples_rclpy_minimal_publisher:/home/robot/nav2_ws/install/examples_rclpy_minimal_client:/home/robot/nav2_ws/install/examples_rclpy_minimal_action_server:/home/robot/nav2_ws/install/examples_rclpy_minimal_action_client:/home/robot/nav2_ws/install/examples_rclpy_executors:/opt/ros/foxy:${CMAKE_PREFIX_PATH} /usr/bin/cmake --build /home/robot/nav2_ws/src/build/h1_cartographer -- -j32 -l32
[0.475s] Invoked command in '/home/robot/nav2_ws/src/build/h1_cartographer' returned '0': CMAKE_PREFIX_PATH=/home/robot/nav2_ws/install/examples_rclpy_minimal_subscriber:/home/robot/nav2_ws/install/examples_rclpy_minimal_service:/home/robot/nav2_ws/install/examples_rclpy_minimal_publisher:/home/robot/nav2_ws/install/examples_rclpy_minimal_client:/home/robot/nav2_ws/install/examples_rclpy_minimal_action_server:/home/robot/nav2_ws/install/examples_rclpy_minimal_action_client:/home/robot/nav2_ws/install/examples_rclpy_executors:/opt/ros/foxy:${CMAKE_PREFIX_PATH} /usr/bin/cmake --build /home/robot/nav2_ws/src/build/h1_cartographer -- -j32 -l32
[0.523s] Invoking command in '/home/robot/nav2_ws/src/build/h1_cartographer': CMAKE_PREFIX_PATH=/home/robot/nav2_ws/install/examples_rclpy_minimal_subscriber:/home/robot/nav2_ws/install/examples_rclpy_minimal_service:/home/robot/nav2_ws/install/examples_rclpy_minimal_publisher:/home/robot/nav2_ws/install/examples_rclpy_minimal_client:/home/robot/nav2_ws/install/examples_rclpy_minimal_action_server:/home/robot/nav2_ws/install/examples_rclpy_minimal_action_client:/home/robot/nav2_ws/install/examples_rclpy_executors:/opt/ros/foxy:${CMAKE_PREFIX_PATH} /usr/bin/cmake --install /home/robot/nav2_ws/src/build/h1_cartographer
[0.538s] -- Install configuration: ""
[0.538s] -- Installing: /home/robot/nav2_ws/src/install/h1_cartographer/share/ament_index/resource_index/package_run_dependencies/h1_cartographer
[0.538s] -- Installing: /home/robot/nav2_ws/src/install/h1_cartographer/share/ament_index/resource_index/parent_prefix_path/h1_cartographer
[0.539s] -- Installing: /home/robot/nav2_ws/src/install/h1_cartographer/share/h1_cartographer/environment/ament_prefix_path.sh
[0.539s] -- Installing: /home/robot/nav2_ws/src/install/h1_cartographer/share/h1_cartographer/environment/ament_prefix_path.dsv
[0.539s] -- Installing: /home/robot/nav2_ws/src/install/h1_cartographer/share/h1_cartographer/environment/path.sh
[0.539s] -- Installing: /home/robot/nav2_ws/src/install/h1_cartographer/share/h1_cartographer/environment/path.dsv
[0.539s] -- Installing: /home/robot/nav2_ws/src/install/h1_cartographer/share/h1_cartographer/local_setup.bash
[0.539s] -- Installing: /home/robot/nav2_ws/src/install/h1_cartographer/share/h1_cartographer/local_setup.sh
[0.539s] -- Installing: /home/robot/nav2_ws/src/install/h1_cartographer/share/h1_cartographer/local_setup.zsh
[0.539s] -- Installing: /home/robot/nav2_ws/src/install/h1_cartographer/share/h1_cartographer/local_setup.dsv
[0.539s] -- Installing: /home/robot/nav2_ws/src/install/h1_cartographer/share/h1_cartographer/package.dsv
[0.539s] -- Installing: /home/robot/nav2_ws/src/install/h1_cartographer/share/ament_index/resource_index/packages/h1_cartographer
[0.539s] -- Installing: /home/robot/nav2_ws/src/install/h1_cartographer/share/h1_cartographer/cmake/h1_cartographerConfig.cmake
[0.539s] -- Installing: /home/robot/nav2_ws/src/install/h1_cartographer/share/h1_cartographer/cmake/h1_cartographerConfig-version.cmake
[0.539s] -- Installing: /home/robot/nav2_ws/src/install/h1_cartographer/share/h1_cartographer/package.xml
[0.539s] -- Installing: /home/robot/nav2_ws/src/install/h1_cartographer/share/h1_cartographer/config
[0.539s] -- Installing: /home/robot/nav2_ws/src/install/h1_cartographer/share/h1_cartographer/config/h1_2d.lua
[0.539s] -- Installing: /home/robot/nav2_ws/src/install/h1_cartographer/share/h1_cartographer/launch
[0.539s] -- Installing: /home/robot/nav2_ws/src/install/h1_cartographer/share/h1_cartographer/launch/cartographer.launch.py
[0.539s] -- Installing: /home/robot/nav2_ws/src/install/h1_cartographer/share/h1_cartographer/rviz
[0.540s] Invoked command in '/home/robot/nav2_ws/src/build/h1_cartographer' returned '0': CMAKE_PREFIX_PATH=/home/robot/nav2_ws/install/examples_rclpy_minimal_subscriber:/home/robot/nav2_ws/install/examples_rclpy_minimal_service:/home/robot/nav2_ws/install/examples_rclpy_minimal_publisher:/home/robot/nav2_ws/install/examples_rclpy_minimal_client:/home/robot/nav2_ws/install/examples_rclpy_minimal_action_server:/home/robot/nav2_ws/install/examples_rclpy_minimal_action_client:/home/robot/nav2_ws/install/examples_rclpy_executors:/opt/ros/foxy:${CMAKE_PREFIX_PATH} /usr/bin/cmake --install /home/robot/nav2_ws/src/build/h1_cartographer
