[35m[1mScanning dependencies of target wang3_node[0m
[ 50%] [32mBuilding CXX object CMakeFiles/wang3_node.dir/src/wang3.cpp.o[0m
[ 75%] Built target wang2_node
[100%] [32m[1mLinking CXX executable wang3_node[0m
[100%] Built target wang3_node
-- Install configuration: ""
-- Up-to-date: /home/robot/nav2_ws/install/village_wang/share/ament_index/resource_index/package_run_dependencies/village_wang
-- Installing: /home/robot/nav2_ws/install/village_wang/share/ament_index/resource_index/parent_prefix_path/village_wang
-- Up-to-date: /home/robot/nav2_ws/install/village_wang/share/village_wang/environment/ament_prefix_path.sh
-- Installing: /home/robot/nav2_ws/install/village_wang/share/village_wang/environment/ament_prefix_path.dsv
-- Up-to-date: /home/robot/nav2_ws/install/village_wang/share/village_wang/environment/path.sh
-- Installing: /home/robot/nav2_ws/install/village_wang/share/village_wang/environment/path.dsv
-- Up-to-date: /home/robot/nav2_ws/install/village_wang/share/village_wang/local_setup.bash
-- Up-to-date: /home/robot/nav2_ws/install/village_wang/share/village_wang/local_setup.sh
-- Up-to-date: /home/robot/nav2_ws/install/village_wang/share/village_wang/local_setup.zsh
-- Installing: /home/robot/nav2_ws/install/village_wang/share/village_wang/local_setup.dsv
-- Installing: /home/robot/nav2_ws/install/village_wang/share/village_wang/package.dsv
-- Up-to-date: /home/robot/nav2_ws/install/village_wang/share/ament_index/resource_index/packages/village_wang
-- Up-to-date: /home/robot/nav2_ws/install/village_wang/share/village_wang/cmake/village_wangConfig.cmake
-- Up-to-date: /home/robot/nav2_ws/install/village_wang/share/village_wang/cmake/village_wangConfig-version.cmake
-- Up-to-date: /home/robot/nav2_ws/install/village_wang/share/village_wang/package.xml
-- Up-to-date: /home/robot/nav2_ws/install/village_wang/lib/village_wang/wang2_node
-- Installing: /home/robot/nav2_ws/install/village_wang/lib/village_wang/wang3_node
-- Set runtime path of "/home/robot/nav2_ws/install/village_wang/lib/village_wang/wang3_node" to ""
