running egg_info
creating ../../../../../build/examples_rclpy_minimal_client/examples_rclpy_minimal_client.egg-info
writing manifest file '../../../../../build/examples_rclpy_minimal_client/examples_rclpy_minimal_client.egg-info/SOURCES.txt'
writing manifest file '../../../../../build/examples_rclpy_minimal_client/examples_rclpy_minimal_client.egg-info/SOURCES.txt'
running build
running build_py
creating /home/robot/nav2_ws/build/examples_rclpy_minimal_client/build
creating /home/robot/nav2_ws/build/examples_rclpy_minimal_client/build/lib
creating /home/robot/nav2_ws/build/examples_rclpy_minimal_client/build/lib/examples_rclpy_minimal_client
copying examples_rclpy_minimal_client/client_async.py -> /home/robot/nav2_ws/build/examples_rclpy_minimal_client/build/lib/examples_rclpy_minimal_client
copying examples_rclpy_minimal_client/client.py -> /home/robot/nav2_ws/build/examples_rclpy_minimal_client/build/lib/examples_rclpy_minimal_client
copying examples_rclpy_minimal_client/__init__.py -> /home/robot/nav2_ws/build/examples_rclpy_minimal_client/build/lib/examples_rclpy_minimal_client
copying examples_rclpy_minimal_client/client_async_member_function.py -> /home/robot/nav2_ws/build/examples_rclpy_minimal_client/build/lib/examples_rclpy_minimal_client
copying examples_rclpy_minimal_client/client_async_callback.py -> /home/robot/nav2_ws/build/examples_rclpy_minimal_client/build/lib/examples_rclpy_minimal_client
running install
running install_lib
creating /home/robot/nav2_ws/install/examples_rclpy_minimal_client/lib/python3.8/site-packages/examples_rclpy_minimal_client
byte-compiling /home/robot/nav2_ws/install/examples_rclpy_minimal_client/lib/python3.8/site-packages/examples_rclpy_minimal_client/client_async.py to client_async.cpython-38.pyc
byte-compiling /home/robot/nav2_ws/install/examples_rclpy_minimal_client/lib/python3.8/site-packages/examples_rclpy_minimal_client/client.py to client.cpython-38.pyc
byte-compiling /home/robot/nav2_ws/install/examples_rclpy_minimal_client/lib/python3.8/site-packages/examples_rclpy_minimal_client/__init__.py to __init__.cpython-38.pyc
byte-compiling /home/robot/nav2_ws/install/examples_rclpy_minimal_client/lib/python3.8/site-packages/examples_rclpy_minimal_client/client_async_member_function.py to client_async_member_function.cpython-38.pyc
byte-compiling /home/robot/nav2_ws/install/examples_rclpy_minimal_client/lib/python3.8/site-packages/examples_rclpy_minimal_client/client_async_callback.py to client_async_callback.cpython-38.pyc
running install_data
creating /home/robot/nav2_ws/install/examples_rclpy_minimal_client/share/ament_index
creating /home/robot/nav2_ws/install/examples_rclpy_minimal_client/share/ament_index/resource_index
creating /home/robot/nav2_ws/install/examples_rclpy_minimal_client/share/ament_index/resource_index/packages
copying resource/examples_rclpy_minimal_client -> /home/robot/nav2_ws/install/examples_rclpy_minimal_client/share/ament_index/resource_index/packages
copying package.xml -> /home/robot/nav2_ws/install/examples_rclpy_minimal_client/share/examples_rclpy_minimal_client
running install_egg_info
Copying ../../../../../build/examples_rclpy_minimal_client/examples_rclpy_minimal_client.egg-info to /home/robot/nav2_ws/install/examples_rclpy_minimal_client/lib/python3.8/site-packages/examples_rclpy_minimal_client-0.9.4-py3.8.egg-info
running install_scripts
writing list of installed files to '/home/robot/nav2_ws/build/examples_rclpy_minimal_client/install.log'
