[1.224s] Invoking command in '/home/robot/nav2_ws/src/examples/rclpy/services/minimal_client': PYTHONPATH=/home/robot/nav2_ws/build/examples_rclpy_minimal_client/prefix_override:/home/robot/nav2_ws/install/examples_rclpy_minimal_client/lib/python3.8/site-packages:${PYTHONPATH} /usr/bin/python3 -W ignore:setup.py install is deprecated setup.py egg_info --egg-base ../../../../../build/examples_rclpy_minimal_client build --build-base /home/robot/nav2_ws/build/examples_rclpy_minimal_client/build install --record /home/robot/nav2_ws/build/examples_rclpy_minimal_client/install.log --install-scripts $base/lib/examples_rclpy_minimal_client --single-version-externally-managed install_data
[1.416s] /home/robot/.local/lib/python3.8/site-packages/setuptools/dist.py:723: UserWarning: Usage of dash-separated 'script-dir' will not be supported in future versions. Please use the underscore name 'script_dir' instead
[1.416s]   warnings.warn(
[1.428s] running egg_info
[1.428s] creating ../../../../../build/examples_rclpy_minimal_client/examples_rclpy_minimal_client.egg-info
[1.429s] writing manifest file '../../../../../build/examples_rclpy_minimal_client/examples_rclpy_minimal_client.egg-info/SOURCES.txt'
[1.430s] writing manifest file '../../../../../build/examples_rclpy_minimal_client/examples_rclpy_minimal_client.egg-info/SOURCES.txt'
[1.430s] running build
[1.430s] running build_py
[1.430s] creating /home/robot/nav2_ws/build/examples_rclpy_minimal_client/build
[1.430s] creating /home/robot/nav2_ws/build/examples_rclpy_minimal_client/build/lib
[1.431s] creating /home/robot/nav2_ws/build/examples_rclpy_minimal_client/build/lib/examples_rclpy_minimal_client
[1.431s] copying examples_rclpy_minimal_client/client_async.py -> /home/robot/nav2_ws/build/examples_rclpy_minimal_client/build/lib/examples_rclpy_minimal_client
[1.431s] copying examples_rclpy_minimal_client/client.py -> /home/robot/nav2_ws/build/examples_rclpy_minimal_client/build/lib/examples_rclpy_minimal_client
[1.431s] copying examples_rclpy_minimal_client/__init__.py -> /home/robot/nav2_ws/build/examples_rclpy_minimal_client/build/lib/examples_rclpy_minimal_client
[1.431s] copying examples_rclpy_minimal_client/client_async_member_function.py -> /home/robot/nav2_ws/build/examples_rclpy_minimal_client/build/lib/examples_rclpy_minimal_client
[1.431s] copying examples_rclpy_minimal_client/client_async_callback.py -> /home/robot/nav2_ws/build/examples_rclpy_minimal_client/build/lib/examples_rclpy_minimal_client
[1.431s] running install
[1.432s] running install_lib
[1.432s] creating /home/robot/nav2_ws/install/examples_rclpy_minimal_client/lib/python3.8/site-packages/examples_rclpy_minimal_client
[1.432s] byte-compiling /home/robot/nav2_ws/install/examples_rclpy_minimal_client/lib/python3.8/site-packages/examples_rclpy_minimal_client/client_async.py to client_async.cpython-38.pyc
[1.433s] byte-compiling /home/robot/nav2_ws/install/examples_rclpy_minimal_client/lib/python3.8/site-packages/examples_rclpy_minimal_client/client.py to client.cpython-38.pyc
[1.433s] byte-compiling /home/robot/nav2_ws/install/examples_rclpy_minimal_client/lib/python3.8/site-packages/examples_rclpy_minimal_client/__init__.py to __init__.cpython-38.pyc
[1.433s] byte-compiling /home/robot/nav2_ws/install/examples_rclpy_minimal_client/lib/python3.8/site-packages/examples_rclpy_minimal_client/client_async_member_function.py to client_async_member_function.cpython-38.pyc
[1.433s] byte-compiling /home/robot/nav2_ws/install/examples_rclpy_minimal_client/lib/python3.8/site-packages/examples_rclpy_minimal_client/client_async_callback.py to client_async_callback.cpython-38.pyc
[1.433s] running install_data
[1.433s] creating /home/robot/nav2_ws/install/examples_rclpy_minimal_client/share/ament_index
[1.433s] creating /home/robot/nav2_ws/install/examples_rclpy_minimal_client/share/ament_index/resource_index
[1.433s] creating /home/robot/nav2_ws/install/examples_rclpy_minimal_client/share/ament_index/resource_index/packages
[1.433s] copying resource/examples_rclpy_minimal_client -> /home/robot/nav2_ws/install/examples_rclpy_minimal_client/share/ament_index/resource_index/packages
[1.433s] copying package.xml -> /home/robot/nav2_ws/install/examples_rclpy_minimal_client/share/examples_rclpy_minimal_client
[1.433s] running install_egg_info
[1.434s] Copying ../../../../../build/examples_rclpy_minimal_client/examples_rclpy_minimal_client.egg-info to /home/robot/nav2_ws/install/examples_rclpy_minimal_client/lib/python3.8/site-packages/examples_rclpy_minimal_client-0.9.4-py3.8.egg-info
[1.434s] running install_scripts
[1.443s] writing list of installed files to '/home/robot/nav2_ws/build/examples_rclpy_minimal_client/install.log'
[1.456s] Invoked command in '/home/robot/nav2_ws/src/examples/rclpy/services/minimal_client' returned '0': PYTHONPATH=/home/robot/nav2_ws/build/examples_rclpy_minimal_client/prefix_override:/home/robot/nav2_ws/install/examples_rclpy_minimal_client/lib/python3.8/site-packages:${PYTHONPATH} /usr/bin/python3 -W ignore:setup.py install is deprecated setup.py egg_info --egg-base ../../../../../build/examples_rclpy_minimal_client build --build-base /home/robot/nav2_ws/build/examples_rclpy_minimal_client/build install --record /home/robot/nav2_ws/build/examples_rclpy_minimal_client/install.log --install-scripts $base/lib/examples_rclpy_minimal_client --single-version-externally-managed install_data
