[0.035s] Invoking command in '/home/robot/nav2_ws/build/examples_rclcpp_minimal_timer': CMAKE_PREFIX_PATH=/opt/ros/foxy /usr/bin/cmake /home/robot/nav2_ws/src/examples/rclcpp/timers/minimal_timer -DCMAKE_INSTALL_PREFIX=/home/robot/nav2_ws/install/examples_rclcpp_minimal_timer
[0.885s] -- The C compiler identification is GNU 9.4.0
[0.885s] -- The CXX compiler identification is GNU 9.4.0
[0.885s] -- Check for working C compiler: /usr/bin/cc
[0.885s] -- Check for working C compiler: /usr/bin/cc -- works
[0.886s] -- Detecting C compiler ABI info
[0.886s] -- Detecting C compiler ABI info - done
[0.886s] -- Detecting C compile features
[0.886s] -- Detecting C compile features - done
[0.886s] -- Check for working CXX compiler: /usr/bin/c++
[0.886s] -- Check for working CXX compiler: /usr/bin/c++ -- works
[0.886s] -- Detecting CXX compiler ABI info
[0.886s] -- Detecting CXX compiler ABI info - done
[0.886s] -- Detecting CXX compile features
[0.886s] -- Detecting CXX compile features - done
[0.886s] -- Found ament_cmake: 0.9.12 (/opt/ros/foxy/share/ament_cmake/cmake)
[0.886s] -- Found PythonInterp: /usr/bin/python3 (found suitable version "3.8.10", minimum required is "3") 
[0.886s] -- Using PYTHON_EXECUTABLE: /usr/bin/python3
[0.886s] -- Found rclcpp: 2.4.3 (/opt/ros/foxy/share/rclcpp/cmake)
[0.886s] -- Using all available rosidl_typesupport_c: rosidl_typesupport_fastrtps_c;rosidl_typesupport_introspection_c
[0.886s] -- Found rosidl_adapter: 1.3.1 (/opt/ros/foxy/share/rosidl_adapter/cmake)
[0.886s] -- Found OpenSSL: /usr/lib/x86_64-linux-gnu/libcrypto.so (found version "1.1.1f")  
[0.886s] -- Found FastRTPS: /opt/ros/foxy/include  
[0.886s] -- Using all available rosidl_typesupport_cpp: rosidl_typesupport_fastrtps_cpp;rosidl_typesupport_introspection_cpp
[0.886s] -- Found rmw_implementation_cmake: 1.0.4 (/opt/ros/foxy/share/rmw_implementation_cmake/cmake)
[0.886s] -- Using RMW implementation 'rmw_fastrtps_cpp' as default
[0.886s] -- Looking for pthread.h
[0.886s] -- Looking for pthread.h - found
[0.886s] -- Performing Test CMAKE_HAVE_LIBC_PTHREAD
[0.886s] -- Performing Test CMAKE_HAVE_LIBC_PTHREAD - Failed
[0.886s] -- Looking for pthread_create in pthreads
[0.886s] -- Looking for pthread_create in pthreads - not found
[0.886s] -- Looking for pthread_create in pthread
[0.886s] -- Looking for pthread_create in pthread - found
[0.886s] -- Found Threads: TRUE  
[0.886s] -- Found ament_lint_auto: 0.9.8 (/opt/ros/foxy/share/ament_lint_auto/cmake)
[0.886s] -- Added test 'copyright' to check source files copyright and LICENSE
[0.886s] -- Added test 'cppcheck' to perform static code analysis on C / C++ code
[0.886s] -- Configured cppcheck include dirs: 
[0.886s] -- Configured cppcheck exclude dirs and/or files: 
[0.886s] -- Added test 'cpplint' to check C / C++ code against the Google style
[0.886s] -- Configured cpplint exclude dirs and/or files: 
[0.886s] -- Added test 'lint_cmake' to check CMake code style
[0.886s] -- Added test 'uncrustify' to check C / C++ code style
[0.886s] -- Configured uncrustify additional arguments: 
[0.886s] -- Added test 'xmllint' to check XML markup files
[0.886s] -- Configuring done
[0.887s] -- Generating done
[0.887s] -- Build files have been written to: /home/robot/nav2_ws/build/examples_rclcpp_minimal_timer
[0.888s] Invoked command in '/home/robot/nav2_ws/build/examples_rclcpp_minimal_timer' returned '0': CMAKE_PREFIX_PATH=/opt/ros/foxy /usr/bin/cmake /home/robot/nav2_ws/src/examples/rclcpp/timers/minimal_timer -DCMAKE_INSTALL_PREFIX=/home/robot/nav2_ws/install/examples_rclcpp_minimal_timer
[0.889s] Invoking command in '/home/robot/nav2_ws/build/examples_rclcpp_minimal_timer': CMAKE_PREFIX_PATH=/opt/ros/foxy /usr/bin/cmake --build /home/robot/nav2_ws/build/examples_rclcpp_minimal_timer -- -j32 -l32
[0.900s] [35m[1mScanning dependencies of target timer_member_function[0m
[0.900s] [35m[1mScanning dependencies of target timer_lambda[0m
[0.939s] [ 25%] [32mBuilding CXX object CMakeFiles/timer_lambda.dir/lambda.cpp.o[0m
[0.939s] [ 50%] [32mBuilding CXX object CMakeFiles/timer_member_function.dir/member_function.cpp.o[0m
[1.789s] [ 75%] [32m[1mLinking CXX executable timer_member_function[0m
[1.844s] [ 75%] Built target timer_member_function
[2.335s] [100%] [32m[1mLinking CXX executable timer_lambda[0m
[2.409s] [100%] Built target timer_lambda
[2.415s] Invoked command in '/home/robot/nav2_ws/build/examples_rclcpp_minimal_timer' returned '0': CMAKE_PREFIX_PATH=/opt/ros/foxy /usr/bin/cmake --build /home/robot/nav2_ws/build/examples_rclcpp_minimal_timer -- -j32 -l32
[2.427s] Invoking command in '/home/robot/nav2_ws/build/examples_rclcpp_minimal_timer': CMAKE_PREFIX_PATH=/opt/ros/foxy /usr/bin/cmake --install /home/robot/nav2_ws/build/examples_rclcpp_minimal_timer
[2.432s] -- Install configuration: ""
[2.432s] -- Installing: /home/robot/nav2_ws/install/examples_rclcpp_minimal_timer/lib/examples_rclcpp_minimal_timer/timer_lambda
[2.432s] -- Set runtime path of "/home/robot/nav2_ws/install/examples_rclcpp_minimal_timer/lib/examples_rclcpp_minimal_timer/timer_lambda" to ""
[2.432s] -- Installing: /home/robot/nav2_ws/install/examples_rclcpp_minimal_timer/lib/examples_rclcpp_minimal_timer/timer_member_function
[2.432s] -- Set runtime path of "/home/robot/nav2_ws/install/examples_rclcpp_minimal_timer/lib/examples_rclcpp_minimal_timer/timer_member_function" to ""
[2.432s] -- Installing: /home/robot/nav2_ws/install/examples_rclcpp_minimal_timer/share/ament_index/resource_index/package_run_dependencies/examples_rclcpp_minimal_timer
[2.432s] -- Installing: /home/robot/nav2_ws/install/examples_rclcpp_minimal_timer/share/ament_index/resource_index/parent_prefix_path/examples_rclcpp_minimal_timer
[2.432s] -- Installing: /home/robot/nav2_ws/install/examples_rclcpp_minimal_timer/share/examples_rclcpp_minimal_timer/environment/ament_prefix_path.sh
[2.432s] -- Installing: /home/robot/nav2_ws/install/examples_rclcpp_minimal_timer/share/examples_rclcpp_minimal_timer/environment/ament_prefix_path.dsv
[2.432s] -- Installing: /home/robot/nav2_ws/install/examples_rclcpp_minimal_timer/share/examples_rclcpp_minimal_timer/environment/path.sh
[2.432s] -- Installing: /home/robot/nav2_ws/install/examples_rclcpp_minimal_timer/share/examples_rclcpp_minimal_timer/environment/path.dsv
[2.432s] -- Installing: /home/robot/nav2_ws/install/examples_rclcpp_minimal_timer/share/examples_rclcpp_minimal_timer/local_setup.bash
[2.432s] -- Installing: /home/robot/nav2_ws/install/examples_rclcpp_minimal_timer/share/examples_rclcpp_minimal_timer/local_setup.sh
[2.432s] -- Installing: /home/robot/nav2_ws/install/examples_rclcpp_minimal_timer/share/examples_rclcpp_minimal_timer/local_setup.zsh
[2.433s] -- Installing: /home/robot/nav2_ws/install/examples_rclcpp_minimal_timer/share/examples_rclcpp_minimal_timer/local_setup.dsv
[2.433s] -- Installing: /home/robot/nav2_ws/install/examples_rclcpp_minimal_timer/share/examples_rclcpp_minimal_timer/package.dsv
[2.433s] -- Installing: /home/robot/nav2_ws/install/examples_rclcpp_minimal_timer/share/ament_index/resource_index/packages/examples_rclcpp_minimal_timer
[2.433s] -- Installing: /home/robot/nav2_ws/install/examples_rclcpp_minimal_timer/share/examples_rclcpp_minimal_timer/cmake/examples_rclcpp_minimal_timerConfig.cmake
[2.433s] -- Installing: /home/robot/nav2_ws/install/examples_rclcpp_minimal_timer/share/examples_rclcpp_minimal_timer/cmake/examples_rclcpp_minimal_timerConfig-version.cmake
[2.433s] -- Installing: /home/robot/nav2_ws/install/examples_rclcpp_minimal_timer/share/examples_rclcpp_minimal_timer/package.xml
[2.434s] Invoked command in '/home/robot/nav2_ws/build/examples_rclcpp_minimal_timer' returned '0': CMAKE_PREFIX_PATH=/opt/ros/foxy /usr/bin/cmake --install /home/robot/nav2_ws/build/examples_rclcpp_minimal_timer
