-- Found ament_cmake: 0.9.12 (/opt/ros/foxy/share/ament_cmake/cmake)
-- Using PYTHON_EXECUTABLE: /usr/bin/python3
-- Found rclcpp: 2.4.3 (/opt/ros/foxy/share/rclcpp/cmake)
-- Using all available rosidl_typesupport_c: rosidl_typesupport_fastrtps_c;rosidl_typesupport_introspection_c
-- Found rosidl_adapter: 1.3.1 (/opt/ros/foxy/share/rosidl_adapter/cmake)
-- Using all available rosidl_typesupport_cpp: rosidl_typesupport_fastrtps_cpp;rosidl_typesupport_introspection_cpp
-- Found rmw_implementation_cmake: 1.0.4 (/opt/ros/foxy/share/rmw_implementation_cmake/cmake)
-- Using RMW implementation 'rmw_fastrtps_cpp' as default
-- Found ament_lint_auto: 0.9.8 (/opt/ros/foxy/share/ament_lint_auto/cmake)
-- Added test 'copyright' to check source files copyright and LICENSE
-- Added test 'cppcheck' to perform static code analysis on C / C++ code
-- Configured cppcheck include dirs: 
-- Configured cppcheck exclude dirs and/or files: 
-- Added test 'cpplint' to check C / C++ code against the Google style
-- Configured cpplint exclude dirs and/or files: 
-- Added test 'lint_cmake' to check CMake code style
-- Added test 'uncrustify' to check C / C++ code style
-- Configured uncrustify additional arguments: 
-- Added test 'xmllint' to check XML markup files
-- Configuring done
-- Generating done
-- Build files have been written to: /home/robot/nav2_ws/build/h1_sport_sdk
[ 50%] [32m[1mLinking CXX executable sport_node[0m
[100%] Built target sport_node
-- Install configuration: ""
-- Up-to-date: /home/robot/nav2_ws/install/h1_sport_sdk/share/ament_index/resource_index/package_run_dependencies/h1_sport_sdk
-- Up-to-date: /home/robot/nav2_ws/install/h1_sport_sdk/share/ament_index/resource_index/parent_prefix_path/h1_sport_sdk
-- Up-to-date: /home/robot/nav2_ws/install/h1_sport_sdk/share/h1_sport_sdk/environment/ament_prefix_path.sh
-- Installing: /home/robot/nav2_ws/install/h1_sport_sdk/share/h1_sport_sdk/environment/ament_prefix_path.dsv
-- Up-to-date: /home/robot/nav2_ws/install/h1_sport_sdk/share/h1_sport_sdk/environment/path.sh
-- Installing: /home/robot/nav2_ws/install/h1_sport_sdk/share/h1_sport_sdk/environment/path.dsv
-- Up-to-date: /home/robot/nav2_ws/install/h1_sport_sdk/share/h1_sport_sdk/local_setup.bash
-- Up-to-date: /home/robot/nav2_ws/install/h1_sport_sdk/share/h1_sport_sdk/local_setup.sh
-- Up-to-date: /home/robot/nav2_ws/install/h1_sport_sdk/share/h1_sport_sdk/local_setup.zsh
-- Installing: /home/robot/nav2_ws/install/h1_sport_sdk/share/h1_sport_sdk/local_setup.dsv
-- Installing: /home/robot/nav2_ws/install/h1_sport_sdk/share/h1_sport_sdk/package.dsv
-- Up-to-date: /home/robot/nav2_ws/install/h1_sport_sdk/share/ament_index/resource_index/packages/h1_sport_sdk
-- Up-to-date: /home/robot/nav2_ws/install/h1_sport_sdk/share/h1_sport_sdk/cmake/h1_sport_sdkConfig.cmake
-- Up-to-date: /home/robot/nav2_ws/install/h1_sport_sdk/share/h1_sport_sdk/cmake/h1_sport_sdkConfig-version.cmake
-- Up-to-date: /home/robot/nav2_ws/install/h1_sport_sdk/share/h1_sport_sdk/package.xml
-- Installing: /home/robot/nav2_ws/install/h1_sport_sdk/lib/h1_sport_sdk/sport_node
-- Set runtime path of "/home/robot/nav2_ws/install/h1_sport_sdk/lib/h1_sport_sdk/sport_node" to ""
