[0.011s] Invoking command in '/home/robot/nav2_ws/build/h1_sport_sdk': CMAKE_PREFIX_PATH=/opt/ros/foxy /usr/bin/cmake --build /home/robot/nav2_ws/build/h1_sport_sdk -- -j32 -l32
[0.022s] -- Found ament_cmake: 0.9.12 (/opt/ros/foxy/share/ament_cmake/cmake)
[0.039s] -- Using PYTHON_EXECUTABLE: /usr/bin/python3
[0.125s] -- Found rclcpp: 2.4.3 (/opt/ros/foxy/share/rclcpp/cmake)
[0.140s] -- Using all available rosidl_typesupport_c: rosidl_typesupport_fastrtps_c;rosidl_typesupport_introspection_c
[0.142s] -- Found rosidl_adapter: 1.3.1 (/opt/ros/foxy/share/rosidl_adapter/cmake)
[0.195s] -- Using all available rosidl_typesupport_cpp: rosidl_typesupport_fastrtps_cpp;rosidl_typesupport_introspection_cpp
[0.217s] -- Found rmw_implementation_cmake: 1.0.4 (/opt/ros/foxy/share/rmw_implementation_cmake/cmake)
[0.217s] -- Using RMW implementation 'rmw_fastrtps_cpp' as default
[0.280s] -- Found ament_lint_auto: 0.9.8 (/opt/ros/foxy/share/ament_lint_auto/cmake)
[0.308s] -- Added test 'copyright' to check source files copyright and LICENSE
[0.308s] -- Added test 'cppcheck' to perform static code analysis on C / C++ code
[0.308s] -- Configured cppcheck include dirs: 
[0.308s] -- Configured cppcheck exclude dirs and/or files: 
[0.308s] -- Added test 'cpplint' to check C / C++ code against the Google style
[0.308s] -- Configured cpplint exclude dirs and/or files: 
[0.309s] -- Added test 'lint_cmake' to check CMake code style
[0.309s] -- Added test 'uncrustify' to check C / C++ code style
[0.309s] -- Configured uncrustify additional arguments: 
[0.309s] -- Added test 'xmllint' to check XML markup files
[0.310s] -- Configuring done
[0.313s] -- Generating done
[0.313s] -- Build files have been written to: /home/robot/nav2_ws/build/h1_sport_sdk
[0.338s] [ 50%] [32m[1mLinking CXX executable sport_node[0m
[0.401s] [100%] Built target sport_node
[0.406s] Invoked command in '/home/robot/nav2_ws/build/h1_sport_sdk' returned '0': CMAKE_PREFIX_PATH=/opt/ros/foxy /usr/bin/cmake --build /home/robot/nav2_ws/build/h1_sport_sdk -- -j32 -l32
[0.419s] Invoking command in '/home/robot/nav2_ws/build/h1_sport_sdk': CMAKE_PREFIX_PATH=/opt/ros/foxy /usr/bin/cmake --install /home/robot/nav2_ws/build/h1_sport_sdk
[0.422s] -- Install configuration: ""
[0.422s] -- Up-to-date: /home/robot/nav2_ws/install/h1_sport_sdk/share/ament_index/resource_index/package_run_dependencies/h1_sport_sdk
[0.422s] -- Up-to-date: /home/robot/nav2_ws/install/h1_sport_sdk/share/ament_index/resource_index/parent_prefix_path/h1_sport_sdk
[0.422s] -- Up-to-date: /home/robot/nav2_ws/install/h1_sport_sdk/share/h1_sport_sdk/environment/ament_prefix_path.sh
[0.422s] -- Installing: /home/robot/nav2_ws/install/h1_sport_sdk/share/h1_sport_sdk/environment/ament_prefix_path.dsv
[0.422s] -- Up-to-date: /home/robot/nav2_ws/install/h1_sport_sdk/share/h1_sport_sdk/environment/path.sh
[0.422s] -- Installing: /home/robot/nav2_ws/install/h1_sport_sdk/share/h1_sport_sdk/environment/path.dsv
[0.422s] -- Up-to-date: /home/robot/nav2_ws/install/h1_sport_sdk/share/h1_sport_sdk/local_setup.bash
[0.422s] -- Up-to-date: /home/robot/nav2_ws/install/h1_sport_sdk/share/h1_sport_sdk/local_setup.sh
[0.422s] -- Up-to-date: /home/robot/nav2_ws/install/h1_sport_sdk/share/h1_sport_sdk/local_setup.zsh
[0.422s] -- Installing: /home/robot/nav2_ws/install/h1_sport_sdk/share/h1_sport_sdk/local_setup.dsv
[0.423s] -- Installing: /home/robot/nav2_ws/install/h1_sport_sdk/share/h1_sport_sdk/package.dsv
[0.423s] -- Up-to-date: /home/robot/nav2_ws/install/h1_sport_sdk/share/ament_index/resource_index/packages/h1_sport_sdk
[0.423s] -- Up-to-date: /home/robot/nav2_ws/install/h1_sport_sdk/share/h1_sport_sdk/cmake/h1_sport_sdkConfig.cmake
[0.423s] -- Up-to-date: /home/robot/nav2_ws/install/h1_sport_sdk/share/h1_sport_sdk/cmake/h1_sport_sdkConfig-version.cmake
[0.423s] -- Up-to-date: /home/robot/nav2_ws/install/h1_sport_sdk/share/h1_sport_sdk/package.xml
[0.423s] -- Installing: /home/robot/nav2_ws/install/h1_sport_sdk/lib/h1_sport_sdk/sport_node
[0.423s] -- Set runtime path of "/home/robot/nav2_ws/install/h1_sport_sdk/lib/h1_sport_sdk/sport_node" to ""
[0.424s] Invoked command in '/home/robot/nav2_ws/build/h1_sport_sdk' returned '0': CMAKE_PREFIX_PATH=/opt/ros/foxy /usr/bin/cmake --install /home/robot/nav2_ws/build/h1_sport_sdk
