[0.055s] Invoking command in '/home/robot/nav2_ws/src/build/sdk2_user': CMAKE_PREFIX_PATH=/home/robot/nav2_ws/src/install/unitree_sdk2:${CMAKE_PREFIX_PATH} LD_LIBRARY_PATH=/home/robot/nav2_ws/src/install/unitree_sdk2/lib:/home/robot/nav2_ws/install/unitree_sdk2/lib:/home/robot/nav2_ws/install/hello_world_msgs/lib:/home/robot/nav2_ws/install/examples_rclcpp_minimal_composition/lib:/home/robot/nav2_ws/install/cartographer_ros_msgs/lib:/usr/lib/x86_64-linux-gnu/gazebo-11/plugins:/opt/ros/foxy/opt/yaml_cpp_vendor/lib:/opt/ros/foxy/opt/rviz_ogre_vendor/lib:/opt/ros/foxy/lib/x86_64-linux-gnu:/opt/ros/foxy/lib:/usr/local/cuda-11.6/lib64:/usr/local/cuda-11.6/lib64:/usr/local/cuda-11.6/lib64 /usr/bin/cmake /home/robot/nav2_ws/src/sdk2_socket_receiver -DCMAKE_INSTALL_PREFIX=/home/robot/nav2_ws/src/install/sdk2_user
[0.218s] -- The C compiler identification is GNU 9.4.0
[0.329s] -- The CXX compiler identification is GNU 9.4.0
[0.334s] -- Check for working C compiler: /usr/bin/cc
[0.490s] -- Check for working C compiler: /usr/bin/cc -- works
[0.491s] -- Detecting C compiler ABI info
[0.723s] -- Detecting C compiler ABI info - done
[0.739s] -- Detecting C compile features
[0.739s] -- Detecting C compile features - done
[0.742s] -- Check for working CXX compiler: /usr/bin/c++
[0.953s] -- Check for working CXX compiler: /usr/bin/c++ -- works
[0.954s] -- Detecting CXX compiler ABI info
[1.081s] -- Detecting CXX compiler ABI info - done
[1.090s] -- Detecting CXX compile features
[1.091s] -- Detecting CXX compile features - done
[1.094s] -- Looking for pthread.h
[1.222s] -- Looking for pthread.h - found
[1.222s] -- Performing Test CMAKE_HAVE_LIBC_PTHREAD
[1.402s] -- Performing Test CMAKE_HAVE_LIBC_PTHREAD - Failed
[1.406s] -- Looking for pthread_create in pthreads
[1.625s] -- Looking for pthread_create in pthreads - not found
[1.625s] -- Looking for pthread_create in pthread
[1.832s] -- Looking for pthread_create in pthread - found
[1.832s] -- Found Threads: TRUE  
[1.833s] -- Configuring done
[1.835s] -- Generating done
[1.835s] -- Build files have been written to: /home/robot/nav2_ws/src/build/sdk2_user
[1.839s] Invoked command in '/home/robot/nav2_ws/src/build/sdk2_user' returned '0': CMAKE_PREFIX_PATH=/home/robot/nav2_ws/src/install/unitree_sdk2:${CMAKE_PREFIX_PATH} LD_LIBRARY_PATH=/home/robot/nav2_ws/src/install/unitree_sdk2/lib:/home/robot/nav2_ws/install/unitree_sdk2/lib:/home/robot/nav2_ws/install/hello_world_msgs/lib:/home/robot/nav2_ws/install/examples_rclcpp_minimal_composition/lib:/home/robot/nav2_ws/install/cartographer_ros_msgs/lib:/usr/lib/x86_64-linux-gnu/gazebo-11/plugins:/opt/ros/foxy/opt/yaml_cpp_vendor/lib:/opt/ros/foxy/opt/rviz_ogre_vendor/lib:/opt/ros/foxy/lib/x86_64-linux-gnu:/opt/ros/foxy/lib:/usr/local/cuda-11.6/lib64:/usr/local/cuda-11.6/lib64:/usr/local/cuda-11.6/lib64 /usr/bin/cmake /home/robot/nav2_ws/src/sdk2_socket_receiver -DCMAKE_INSTALL_PREFIX=/home/robot/nav2_ws/src/install/sdk2_user
[1.840s] Invoking command in '/home/robot/nav2_ws/src/build/sdk2_user': CMAKE_PREFIX_PATH=/home/robot/nav2_ws/src/install/unitree_sdk2:${CMAKE_PREFIX_PATH} LD_LIBRARY_PATH=/home/robot/nav2_ws/src/install/unitree_sdk2/lib:/home/robot/nav2_ws/install/unitree_sdk2/lib:/home/robot/nav2_ws/install/hello_world_msgs/lib:/home/robot/nav2_ws/install/examples_rclcpp_minimal_composition/lib:/home/robot/nav2_ws/install/cartographer_ros_msgs/lib:/usr/lib/x86_64-linux-gnu/gazebo-11/plugins:/opt/ros/foxy/opt/yaml_cpp_vendor/lib:/opt/ros/foxy/opt/rviz_ogre_vendor/lib:/opt/ros/foxy/lib/x86_64-linux-gnu:/opt/ros/foxy/lib:/usr/local/cuda-11.6/lib64:/usr/local/cuda-11.6/lib64:/usr/local/cuda-11.6/lib64 /usr/bin/cmake --build /home/robot/nav2_ws/src/build/sdk2_user -- -j32 -l32
[1.907s] [35m[1mScanning dependencies of target skd_node[0m
[1.923s] [ 50%] [32mBuilding CXX object CMakeFiles/skd_node.dir/src/sdk_node.cpp.o[0m
[2.118s] [100%] [32m[1mLinking CXX executable skd_node[0m
[2.218s] [100%] Built target skd_node
[2.229s] Invoked command in '/home/robot/nav2_ws/src/build/sdk2_user' returned '0': CMAKE_PREFIX_PATH=/home/robot/nav2_ws/src/install/unitree_sdk2:${CMAKE_PREFIX_PATH} LD_LIBRARY_PATH=/home/robot/nav2_ws/src/install/unitree_sdk2/lib:/home/robot/nav2_ws/install/unitree_sdk2/lib:/home/robot/nav2_ws/install/hello_world_msgs/lib:/home/robot/nav2_ws/install/examples_rclcpp_minimal_composition/lib:/home/robot/nav2_ws/install/cartographer_ros_msgs/lib:/usr/lib/x86_64-linux-gnu/gazebo-11/plugins:/opt/ros/foxy/opt/yaml_cpp_vendor/lib:/opt/ros/foxy/opt/rviz_ogre_vendor/lib:/opt/ros/foxy/lib/x86_64-linux-gnu:/opt/ros/foxy/lib:/usr/local/cuda-11.6/lib64:/usr/local/cuda-11.6/lib64:/usr/local/cuda-11.6/lib64 /usr/bin/cmake --build /home/robot/nav2_ws/src/build/sdk2_user -- -j32 -l32
