[0.150s] Invoking command in '/home/robot/nav2_ws/src/build/village_wang': CMAKE_PREFIX_PATH=/home/robot/nav2_ws/install/examples_rclpy_minimal_subscriber:/home/robot/nav2_ws/install/examples_rclpy_minimal_service:/home/robot/nav2_ws/install/examples_rclpy_minimal_publisher:/home/robot/nav2_ws/install/examples_rclpy_minimal_client:/home/robot/nav2_ws/install/examples_rclpy_minimal_action_server:/home/robot/nav2_ws/install/examples_rclpy_minimal_action_client:/home/robot/nav2_ws/install/examples_rclpy_executors:/opt/ros/foxy:${CMAKE_PREFIX_PATH} /usr/bin/cmake /home/robot/nav2_ws/src/village_wang -DCMAKE_INSTALL_PREFIX=/home/robot/nav2_ws/src/install/village_wang
[0.175s] -- The C compiler identification is GNU 9.4.0
[0.201s] -- The CXX compiler identification is GNU 9.4.0
[0.204s] -- Check for working C compiler: /usr/bin/cc
[0.233s] -- Check for working C compiler: /usr/bin/cc -- works
[0.234s] -- Detecting C compiler ABI info
[0.264s] -- Detecting C compiler ABI info - done
[0.272s] -- Detecting C compile features
[0.273s] -- Detecting C compile features - done
[0.274s] -- Check for working CXX compiler: /usr/bin/c++
[0.314s] -- Check for working CXX compiler: /usr/bin/c++ -- works
[0.314s] -- Detecting CXX compiler ABI info
[0.350s] -- Detecting CXX compiler ABI info - done
[0.359s] -- Detecting CXX compile features
[0.359s] -- Detecting CXX compile features - done
[0.361s] -- Found ament_cmake: 0.9.12 (/opt/ros/foxy/share/ament_cmake/cmake)
[0.380s] -- Found PythonInterp: /usr/bin/python3 (found suitable version "3.8.10", minimum required is "3") 
[0.380s] -- Using PYTHON_EXECUTABLE: /usr/bin/python3
[0.523s] -- Found rclcpp: 2.4.3 (/opt/ros/foxy/share/rclcpp/cmake)
[0.590s] -- Using all available rosidl_typesupport_c: rosidl_typesupport_fastrtps_c;rosidl_typesupport_introspection_c
[0.608s] -- Found rosidl_adapter: 1.3.1 (/opt/ros/foxy/share/rosidl_adapter/cmake)
[0.885s] -- Found OpenSSL: /usr/lib/x86_64-linux-gnu/libcrypto.so (found version "1.1.1f")  
[0.952s] -- Found FastRTPS: /opt/ros/foxy/include  
[1.068s] -- Using all available rosidl_typesupport_cpp: rosidl_typesupport_fastrtps_cpp;rosidl_typesupport_introspection_cpp
[1.118s] -- Found rmw_implementation_cmake: 1.0.4 (/opt/ros/foxy/share/rmw_implementation_cmake/cmake)
[1.121s] -- Using RMW implementation 'rmw_fastrtps_cpp' as default
[1.122s] -- Looking for pthread.h
[1.395s] -- Looking for pthread.h - found
[1.395s] -- Performing Test CMAKE_HAVE_LIBC_PTHREAD
[1.623s] -- Performing Test CMAKE_HAVE_LIBC_PTHREAD - Failed
[1.623s] -- Looking for pthread_create in pthreads
[1.859s] -- Looking for pthread_create in pthreads - not found
[1.859s] -- Looking for pthread_create in pthread
[2.080s] -- Looking for pthread_create in pthread - found
[2.081s] -- Found Threads: TRUE  
[2.312s] -- Found ament_lint_auto: 0.9.8 (/opt/ros/foxy/share/ament_lint_auto/cmake)
[2.426s] -- Added test 'copyright' to check source files copyright and LICENSE
[2.427s] -- Added test 'cppcheck' to perform static code analysis on C / C++ code
[2.428s] -- Configured cppcheck include dirs: 
[2.428s] -- Configured cppcheck exclude dirs and/or files: 
[2.428s] -- Added test 'cpplint' to check C / C++ code against the Google style
[2.429s] -- Configured cpplint exclude dirs and/or files: 
[2.429s] -- Added test 'lint_cmake' to check CMake code style
[2.430s] -- Added test 'uncrustify' to check C / C++ code style
[2.430s] -- Configured uncrustify additional arguments: 
[2.431s] -- Added test 'xmllint' to check XML markup files
[2.444s] -- Configuring done
[2.455s] -- Generating done
[2.456s] -- Build files have been written to: /home/robot/nav2_ws/src/build/village_wang
[2.464s] Invoked command in '/home/robot/nav2_ws/src/build/village_wang' returned '0': CMAKE_PREFIX_PATH=/home/robot/nav2_ws/install/examples_rclpy_minimal_subscriber:/home/robot/nav2_ws/install/examples_rclpy_minimal_service:/home/robot/nav2_ws/install/examples_rclpy_minimal_publisher:/home/robot/nav2_ws/install/examples_rclpy_minimal_client:/home/robot/nav2_ws/install/examples_rclpy_minimal_action_server:/home/robot/nav2_ws/install/examples_rclpy_minimal_action_client:/home/robot/nav2_ws/install/examples_rclpy_executors:/opt/ros/foxy:${CMAKE_PREFIX_PATH} /usr/bin/cmake /home/robot/nav2_ws/src/village_wang -DCMAKE_INSTALL_PREFIX=/home/robot/nav2_ws/src/install/village_wang
[2.466s] Invoking command in '/home/robot/nav2_ws/src/build/village_wang': CMAKE_PREFIX_PATH=/home/robot/nav2_ws/install/examples_rclpy_minimal_subscriber:/home/robot/nav2_ws/install/examples_rclpy_minimal_service:/home/robot/nav2_ws/install/examples_rclpy_minimal_publisher:/home/robot/nav2_ws/install/examples_rclpy_minimal_client:/home/robot/nav2_ws/install/examples_rclpy_minimal_action_server:/home/robot/nav2_ws/install/examples_rclpy_minimal_action_client:/home/robot/nav2_ws/install/examples_rclpy_executors:/opt/ros/foxy:${CMAKE_PREFIX_PATH} /usr/bin/cmake --build /home/robot/nav2_ws/src/build/village_wang -- -j32 -l32
[2.627s] [35m[1mScanning dependencies of target li3_node[0m
[2.648s] [35m[1mScanning dependencies of target wang3_node[0m
[2.655s] [35m[1mScanning dependencies of target wang2_node[0m
[2.706s] [ 16%] [32mBuilding CXX object CMakeFiles/li3_node.dir/src/li3.cpp.o[0m
[2.760s] [ 33%] [32mBuilding CXX object CMakeFiles/wang2_node.dir/src/wang2.cpp.o[0m
[2.760s] [ 50%] [32mBuilding CXX object CMakeFiles/wang3_node.dir/src/wang3.cpp.o[0m
[5.267s] [ 66%] [32m[1mLinking CXX executable wang2_node[0m
[5.517s] [ 66%] Built target wang2_node
[6.067s] [ 83%] [32m[1mLinking CXX executable li3_node[0m
[6.412s] [ 83%] Built target li3_node
[8.885s] [100%] [32m[1mLinking CXX executable wang3_node[0m
[9.091s] [100%] Built target wang3_node
[9.111s] Invoked command in '/home/robot/nav2_ws/src/build/village_wang' returned '0': CMAKE_PREFIX_PATH=/home/robot/nav2_ws/install/examples_rclpy_minimal_subscriber:/home/robot/nav2_ws/install/examples_rclpy_minimal_service:/home/robot/nav2_ws/install/examples_rclpy_minimal_publisher:/home/robot/nav2_ws/install/examples_rclpy_minimal_client:/home/robot/nav2_ws/install/examples_rclpy_minimal_action_server:/home/robot/nav2_ws/install/examples_rclpy_minimal_action_client:/home/robot/nav2_ws/install/examples_rclpy_executors:/opt/ros/foxy:${CMAKE_PREFIX_PATH} /usr/bin/cmake --build /home/robot/nav2_ws/src/build/village_wang -- -j32 -l32
[9.388s] Invoking command in '/home/robot/nav2_ws/src/build/village_wang': CMAKE_PREFIX_PATH=/home/robot/nav2_ws/install/examples_rclpy_minimal_subscriber:/home/robot/nav2_ws/install/examples_rclpy_minimal_service:/home/robot/nav2_ws/install/examples_rclpy_minimal_publisher:/home/robot/nav2_ws/install/examples_rclpy_minimal_client:/home/robot/nav2_ws/install/examples_rclpy_minimal_action_server:/home/robot/nav2_ws/install/examples_rclpy_minimal_action_client:/home/robot/nav2_ws/install/examples_rclpy_executors:/opt/ros/foxy:${CMAKE_PREFIX_PATH} /usr/bin/cmake --install /home/robot/nav2_ws/src/build/village_wang
[9.421s] -- Install configuration: ""
[9.423s] -- Installing: /home/robot/nav2_ws/src/install/village_wang/share/ament_index/resource_index/package_run_dependencies/village_wang
[9.424s] -- Installing: /home/robot/nav2_ws/src/install/village_wang/share/ament_index/resource_index/parent_prefix_path/village_wang
[9.425s] -- Installing: /home/robot/nav2_ws/src/install/village_wang/share/village_wang/environment/ament_prefix_path.sh
[9.426s] -- Installing: /home/robot/nav2_ws/src/install/village_wang/share/village_wang/environment/ament_prefix_path.dsv
[9.426s] -- Installing: /home/robot/nav2_ws/src/install/village_wang/share/village_wang/environment/path.sh
[9.427s] -- Installing: /home/robot/nav2_ws/src/install/village_wang/share/village_wang/environment/path.dsv
[9.441s] -- Installing: /home/robot/nav2_ws/src/install/village_wang/share/village_wang/local_setup.bash
[9.441s] -- Installing: /home/robot/nav2_ws/src/install/village_wang/share/village_wang/local_setup.sh
[9.442s] -- Installing: /home/robot/nav2_ws/src/install/village_wang/share/village_wang/local_setup.zsh
[9.443s] -- Installing: /home/robot/nav2_ws/src/install/village_wang/share/village_wang/local_setup.dsv
[9.443s] -- Installing: /home/robot/nav2_ws/src/install/village_wang/share/village_wang/package.dsv
[9.446s] -- Installing: /home/robot/nav2_ws/src/install/village_wang/share/ament_index/resource_index/packages/village_wang
[9.447s] -- Installing: /home/robot/nav2_ws/src/install/village_wang/share/village_wang/cmake/village_wangConfig.cmake
[9.447s] -- Installing: /home/robot/nav2_ws/src/install/village_wang/share/village_wang/cmake/village_wangConfig-version.cmake
[9.448s] -- Installing: /home/robot/nav2_ws/src/install/village_wang/share/village_wang/package.xml
[9.449s] -- Installing: /home/robot/nav2_ws/src/install/village_wang/lib/village_wang/wang2_node
[9.451s] -- Set runtime path of "/home/robot/nav2_ws/src/install/village_wang/lib/village_wang/wang2_node" to ""
[9.452s] -- Installing: /home/robot/nav2_ws/src/install/village_wang/lib/village_wang/wang3_node
[9.455s] -- Set runtime path of "/home/robot/nav2_ws/src/install/village_wang/lib/village_wang/wang3_node" to ""
[9.455s] -- Installing: /home/robot/nav2_ws/src/install/village_wang/lib/village_wang/li3_node
[9.459s] -- Set runtime path of "/home/robot/nav2_ws/src/install/village_wang/lib/village_wang/li3_node" to ""
[9.467s] Invoked command in '/home/robot/nav2_ws/src/build/village_wang' returned '0': CMAKE_PREFIX_PATH=/home/robot/nav2_ws/install/examples_rclpy_minimal_subscriber:/home/robot/nav2_ws/install/examples_rclpy_minimal_service:/home/robot/nav2_ws/install/examples_rclpy_minimal_publisher:/home/robot/nav2_ws/install/examples_rclpy_minimal_client:/home/robot/nav2_ws/install/examples_rclpy_minimal_action_server:/home/robot/nav2_ws/install/examples_rclpy_minimal_action_client:/home/robot/nav2_ws/install/examples_rclpy_executors:/opt/ros/foxy:${CMAKE_PREFIX_PATH} /usr/bin/cmake --install /home/robot/nav2_ws/src/build/village_wang
