In file included from [01m[K/usr/local/include/ddscxx/org/eclipse/cyclonedds/topic/datatopic.hpp:26[m[K,
                 from [01m[K/usr/local/include/unitree/robot/internal/internal_idl_decl/RequestIdentity_.hpp:63[m[K,
                 from [01m[K/usr/local/include/unitree/robot/internal/internal_idl_decl/RequestHeader_.hpp:12[m[K,
                 from [01m[K/usr/local/include/unitree/robot/internal/internal_idl_decl/Request_.hpp:12[m[K,
                 from [01m[K/usr/local/include/unitree/robot/internal/internal_request_response.hpp:4[m[K,
                 from [01m[K/usr/local/include/unitree/robot/internal/internal.hpp:6[m[K,
                 from [01m[K/usr/local/include/unitree/robot/future/request_future.hpp:5[m[K,
                 from [01m[K/usr/local/include/unitree/robot/client/client_stub.hpp:4[m[K,
                 from [01m[K/usr/local/include/unitree/robot/client/client_base.hpp:4[m[K,
                 from [01m[K/usr/local/include/unitree/robot/client/client.hpp:4[m[K,
                 from [01m[K/usr/local/include/unitree/robot/h1/loco/h1_loco_client.hpp:6[m[K,
                 from [01m[K/home/robot/nav2_ws/src/h1_sport_sdk/src/sub_cmdvel.cpp:3[m[K:
[01m[K/usr/local/include/ddscxx/org/eclipse/cyclonedds/topic/TopicTraits.hpp:95:12:[m[K [01;31m[Kerror: [m[K‘[01m[Kddsi_sertype[m[K’ does not name a type; did you mean ‘[01m[Kddscxx_sertype[m[K’?
   95 |     static [01;31m[Kddsi_sertype[m[K *getSerType(allowable_encodings_t kinds = allowableEncodings())
      |            [01;31m[K^~~~~~~~~~~~[m[K
      |            [32m[Kddscxx_sertype[m[K
[01m[K/usr/local/include/ddscxx/org/eclipse/cyclonedds/topic/TopicTraits.hpp:167:12:[m[K [01;31m[Kerror: [m[K‘[01m[Kddsi_typeid_t[m[K’ does not name a type; did you mean ‘[01m[Kdds_time_t[m[K’?
  167 |     static [01;31m[Kddsi_typeid_t[m[K* getTypeId(const struct ddsi_sertype *, ddsi_typeid_kind_t kind)
      |            [01;31m[K^~~~~~~~~~~~~[m[K
      |            [32m[Kdds_time_t[m[K
[01m[K/usr/local/include/ddscxx/org/eclipse/cyclonedds/topic/TopicTraits.hpp:188:12:[m[K [01;31m[Kerror: [m[K‘[01m[Kddsi_typemap_t[m[K’ does not name a type
  188 |     static [01;31m[Kddsi_typemap_t[m[K* getTypeMap(const struct ddsi_sertype *)
      |            [01;31m[K^~~~~~~~~~~~~~[m[K
[01m[K/usr/local/include/ddscxx/org/eclipse/cyclonedds/topic/TopicTraits.hpp:202:12:[m[K [01;31m[Kerror: [m[K‘[01m[Kddsi_typeinfo_t[m[K’ does not name a type
  202 |     static [01;31m[Kddsi_typeinfo_t[m[K* getTypeInfo(const struct ddsi_sertype *)
      |            [01;31m[K^~~~~~~~~~~~~~~[m[K
[01m[K/usr/local/include/ddscxx/org/eclipse/cyclonedds/topic/TopicTraits.hpp:266:76:[m[K [01;31m[Kerror: [m[K‘[01m[Kdds_data_representation_id_t[m[K’ has not been declared
  266 |     static struct ddsi_sertype* deriveSertype(const struct ddsi_sertype *, [01;31m[Kdds_data_representation_id_t[m[K data_representation, dds_type_consistency_enforcement_qospolicy_t)
      |                                                                            [01;31m[K^~~~~~~~~~~~~~~~~~~~~~~~~~~~[m[K
[01m[K/usr/local/include/ddscxx/org/eclipse/cyclonedds/topic/TopicTraits.hpp:266:126:[m[K [01;31m[Kerror: [m[K‘[01m[Kdds_type_consistency_enforcement_qospolicy_t[m[K’ has not been declared
  266 |     static struct ddsi_sertype* deriveSertype(const struct ddsi_sertype *, dds_data_representation_id_t data_representation, [01;31m[Kdds_type_consistency_enforcement_qospolicy_t[m[K)
      |                                                                                                                              [01;31m[K^~~~~~~~~~~~~~~~~~~~~~~~~~~~~~~~~~~~~~~~~~~~[m[K
In file included from [01m[K/usr/local/include/ddscxx/org/eclipse/cyclonedds/topic/datatopic.hpp:26[m[K,
                 from [01m[K/usr/local/include/unitree/robot/internal/internal_idl_decl/RequestIdentity_.hpp:63[m[K,
                 from [01m[K/usr/local/include/unitree/robot/internal/internal_idl_decl/RequestHeader_.hpp:12[m[K,
                 from [01m[K/usr/local/include/unitree/robot/internal/internal_idl_decl/Request_.hpp:12[m[K,
                 from [01m[K/usr/local/include/unitree/robot/internal/internal_request_response.hpp:4[m[K,
                 from [01m[K/usr/local/include/unitree/robot/internal/internal.hpp:6[m[K,
                 from [01m[K/usr/local/include/unitree/robot/future/request_future.hpp:5[m[K,
                 from [01m[K/usr/local/include/unitree/robot/client/client_stub.hpp:4[m[K,
                 from [01m[K/usr/local/include/unitree/robot/client/client_base.hpp:4[m[K,
                 from [01m[K/usr/local/include/unitree/robot/client/client.hpp:4[m[K,
                 from [01m[K/usr/local/include/unitree/robot/h1/loco/h1_loco_client.hpp:6[m[K,
                 from [01m[K/home/robot/nav2_ws/src/h1_sport_sdk/src/sub_cmdvel.cpp:3[m[K:
[01m[K/usr/local/include/ddscxx/org/eclipse/cyclonedds/topic/TopicTraits.hpp:[m[K In static member function ‘[01m[Kstatic org::eclipse::cyclonedds::topic::ddsi_sertype* org::eclipse::cyclonedds::topic::TopicTraits<TOPIC>::deriveSertype(const org::eclipse::cyclonedds::topic::ddsi_sertype*, int, int)[m[K’:
[01m[K/usr/local/include/ddscxx/org/eclipse/cyclonedds/topic/TopicTraits.hpp:270:16:[m[K [01;31m[Kerror: [m[K‘[01m[KDDS_DATA_REPRESENTATION_XCDR1[m[K’ was not declared in this scope
  270 |           case [01;31m[KDDS_DATA_REPRESENTATION_XCDR1[m[K:
      |                [01;31m[K^~~~~~~~~~~~~~~~~~~~~~~~~~~~~[m[K
[01m[K/usr/local/include/ddscxx/org/eclipse/cyclonedds/topic/TopicTraits.hpp:271:32:[m[K [01;31m[Kerror: [m[K‘[01m[KDDS_DATA_REPRESENTATION_FLAG_XCDR1[m[K’ was not declared in this scope
  271 |               ptr = getSerType([01;31m[KDDS_DATA_REPRESENTATION_FLAG_XCDR1[m[K);
      |                                [01;31m[K^~~~~~~~~~~~~~~~~~~~~~~~~~~~~~~~~~[m[K
[01m[K/usr/local/include/ddscxx/org/eclipse/cyclonedds/topic/TopicTraits.hpp:271:21:[m[K [01;31m[Kerror: [m[Kthere are no arguments to ‘[01m[KgetSerType[m[K’ that depend on a template parameter, so a declaration of ‘[01m[KgetSerType[m[K’ must be available [[01;31m[K-fpermissive[m[K]
  271 |               ptr = [01;31m[KgetSerType[m[K(DDS_DATA_REPRESENTATION_FLAG_XCDR1);
      |                     [01;31m[K^~~~~~~~~~[m[K
[01m[K/usr/local/include/ddscxx/org/eclipse/cyclonedds/topic/TopicTraits.hpp:271:21:[m[K [01;36m[Knote: [m[K(if you use ‘[01m[K-fpermissive[m[K’, G++ will accept your code, but allowing the use of an undeclared name is deprecated)
[01m[K/usr/local/include/ddscxx/org/eclipse/cyclonedds/topic/TopicTraits.hpp:273:16:[m[K [01;31m[Kerror: [m[K‘[01m[KDDS_DATA_REPRESENTATION_XCDR2[m[K’ was not declared in this scope
  273 |           case [01;31m[KDDS_DATA_REPRESENTATION_XCDR2[m[K:
      |                [01;31m[K^~~~~~~~~~~~~~~~~~~~~~~~~~~~~[m[K
[01m[K/usr/local/include/ddscxx/org/eclipse/cyclonedds/topic/TopicTraits.hpp:274:32:[m[K [01;31m[Kerror: [m[K‘[01m[KDDS_DATA_REPRESENTATION_FLAG_XCDR2[m[K’ was not declared in this scope
  274 |               ptr = getSerType([01;31m[KDDS_DATA_REPRESENTATION_FLAG_XCDR2[m[K);
      |                                [01;31m[K^~~~~~~~~~~~~~~~~~~~~~~~~~~~~~~~~~[m[K
[01m[K/usr/local/include/ddscxx/org/eclipse/cyclonedds/topic/TopicTraits.hpp:274:21:[m[K [01;31m[Kerror: [m[Kthere are no arguments to ‘[01m[KgetSerType[m[K’ that depend on a template parameter, so a declaration of ‘[01m[KgetSerType[m[K’ must be available [[01;31m[K-fpermissive[m[K]
  274 |               ptr = [01;31m[KgetSerType[m[K(DDS_DATA_REPRESENTATION_FLAG_XCDR2);
      |                     [01;31m[K^~~~~~~~~~[m[K
[01m[K/usr/local/include/ddscxx/org/eclipse/cyclonedds/topic/TopicTraits.hpp:279:58:[m[K [01;31m[Kerror: [m[K‘[01m[KDDSI_SERTYPE_REFC_MASK[m[K’ was not declared in this scope
  279 |             ddsrt_atomic_st32 (&ptr->flags_refc, refc & ~[01;31m[KDDSI_SERTYPE_REFC_MASK[m[K);
      |                                                          [01;31m[K^~~~~~~~~~~~~~~~~~~~~~[m[K
[01m[K/usr/local/include/ddscxx/org/eclipse/cyclonedds/topic/TopicTraits.hpp:279:58:[m[K [01;36m[Knote: [m[Kthe macro ‘[01m[KDDSI_SERTYPE_REFC_MASK[m[K’ had not yet been defined
In file included from [01m[K/usr/local/include/ddscxx/dds/topic/detail/TTopicImpl.hpp:155[m[K,
                 from [01m[K/usr/local/include/ddscxx/dds/topic/detail/BuiltinTopic.hpp:23[m[K,
                 from [01m[K/usr/local/include/ddscxx/dds/topic/BuiltinTopic.hpp:22[m[K,
                 from [01m[K/usr/local/include/ddscxx/org/eclipse/cyclonedds/sub/AnyDataReaderDelegate.hpp:36[m[K,
                 from [01m[K/usr/local/include/ddscxx/dds/topic/detail/ContentFilteredTopic.hpp:31[m[K,
                 from [01m[K/usr/local/include/ddscxx/dds/topic/ContentFilteredTopic.hpp:22[m[K,
                 from [01m[K/usr/local/include/ddscxx/dds/topic/ddstopic.hpp:25[m[K,
                 from [01m[K/usr/local/include/ddscxx/dds/dds.hpp:35[m[K,
                 from [01m[K/usr/local/include/unitree/common/dds/dds_entity.hpp:4[m[K,
                 from [01m[K/usr/local/include/unitree/common/dds/dds_topic_channel.hpp:4[m[K,
                 from [01m[K/usr/local/include/unitree/common/dds/dds_factory_model.hpp:5[m[K,
                 from [01m[K/usr/local/include/unitree/robot/channel/channel_factory.hpp:4[m[K,
                 from [01m[K/usr/local/include/unitree/robot/channel/channel_labor.hpp:4[m[K,
                 from [01m[K/usr/local/include/unitree/robot/client/client_stub.hpp:5[m[K,
                 from [01m[K/usr/local/include/unitree/robot/client/client_base.hpp:4[m[K,
                 from [01m[K/usr/local/include/unitree/robot/client/client.hpp:4[m[K,
                 from [01m[K/usr/local/include/unitree/robot/h1/loco/h1_loco_client.hpp:6[m[K,
                 from [01m[K/home/robot/nav2_ws/src/h1_sport_sdk/src/sub_cmdvel.cpp:3[m[K:
[01m[K/usr/local/include/dds/ddsi/ddsi_sertype.h:36:[m[K [01;36m[Knote: [m[Kit was later defined here
   36 | #define DDSI_SERTYPE_REFC_MASK   0x0fffffffu
      | 
In file included from [01m[K/usr/local/include/unitree/robot/internal/internal_idl_decl/RequestIdentity_.hpp:63[m[K,
                 from [01m[K/usr/local/include/unitree/robot/internal/internal_idl_decl/RequestHeader_.hpp:12[m[K,
                 from [01m[K/usr/local/include/unitree/robot/internal/internal_idl_decl/Request_.hpp:12[m[K,
                 from [01m[K/usr/local/include/unitree/robot/internal/internal_request_response.hpp:4[m[K,
                 from [01m[K/usr/local/include/unitree/robot/internal/internal.hpp:6[m[K,
                 from [01m[K/usr/local/include/unitree/robot/future/request_future.hpp:5[m[K,
                 from [01m[K/usr/local/include/unitree/robot/client/client_stub.hpp:4[m[K,
                 from [01m[K/usr/local/include/unitree/robot/client/client_base.hpp:4[m[K,
                 from [01m[K/usr/local/include/unitree/robot/client/client.hpp:4[m[K,
                 from [01m[K/usr/local/include/unitree/robot/h1/loco/h1_loco_client.hpp:6[m[K,
                 from [01m[K/home/robot/nav2_ws/src/h1_sport_sdk/src/sub_cmdvel.cpp:3[m[K:
[01m[K/usr/local/include/ddscxx/org/eclipse/cyclonedds/topic/datatopic.hpp:[m[K In function ‘[01m[Kbool read_header(const void*, org::eclipse::cyclonedds::core::cdr::encoding_version&, org::eclipse::cyclonedds::core::cdr::endianness&)[m[K’:
[01m[K/usr/local/include/ddscxx/org/eclipse/cyclonedds/topic/datatopic.hpp:213:54:[m[K [01;31m[Kerror: [m[K‘[01m[KDDS_DATA_REPRESENTATION_FLAG_XCDR1[m[K’ was not declared in this scope
  213 |           if (TopicTraits<T>::allowableEncodings() & [01;31m[KDDS_DATA_REPRESENTATION_FLAG_XCDR1[m[K)
      |                                                      [01;31m[K^~~~~~~~~~~~~~~~~~~~~~~~~~~~~~~~~~[m[K
[01m[K/usr/local/include/ddscxx/org/eclipse/cyclonedds/topic/datatopic.hpp:[m[K At global scope:
[01m[K/usr/local/include/ddscxx/org/eclipse/cyclonedds/topic/datatopic.hpp:380:9:[m[K [01;31m[Kerror: [m[K‘[01m[Kddsi_sertype[m[K’ does not name a type; did you mean ‘[01m[Kddscxx_sertype[m[K’?
  380 |   const [01;31m[Kddsi_sertype[m[K* type,
      |         [01;31m[K^~~~~~~~~~~~[m[K
      |         [32m[Kddscxx_sertype[m[K
[01m[K/usr/local/include/ddscxx/org/eclipse/cyclonedds/topic/datatopic.hpp:406:9:[m[K [01;31m[Kerror: [m[K‘[01m[Kddsi_sertype[m[K’ does not name a type; did you mean ‘[01m[Kddscxx_sertype[m[K’?
  406 |   const [01;31m[Kddsi_sertype[m[K* type,
      |         [01;31m[K^~~~~~~~~~~~[m[K
      |         [32m[Kddscxx_sertype[m[K
[01m[K/usr/local/include/ddscxx/org/eclipse/cyclonedds/topic/datatopic.hpp:441:9:[m[K [01;31m[Kerror: [m[K‘[01m[Kddsi_sertype[m[K’ does not name a type; did you mean ‘[01m[Kddscxx_sertype[m[K’?
  441 |   const [01;31m[Kddsi_sertype[m[K* type,
      |         [01;31m[K^~~~~~~~~~~~[m[K
      |         [32m[Kddscxx_sertype[m[K
[01m[K/usr/local/include/ddscxx/org/eclipse/cyclonedds/topic/datatopic.hpp:452:9:[m[K [01;31m[Kerror: [m[K‘[01m[Kddsi_sertype[m[K’ does not name a type; did you mean ‘[01m[Kddscxx_sertype[m[K’?
  452 |   const [01;31m[Kddsi_sertype[m[K* typecmn,
      |         [01;31m[K^~~~~~~~~~~~[m[K
      |         [32m[Kddscxx_sertype[m[K
[01m[K/usr/local/include/ddscxx/org/eclipse/cyclonedds/topic/datatopic.hpp:561:9:[m[K [01;31m[Kerror: [m[K‘[01m[Kddsi_sertype[m[K’ does not name a type; did you mean ‘[01m[Kddscxx_sertype[m[K’?
  561 |   const [01;31m[Kddsi_sertype[m[K* type,
      |         [01;31m[K^~~~~~~~~~~~[m[K
      |         [32m[Kddscxx_sertype[m[K
[01m[K/usr/local/include/ddscxx/org/eclipse/cyclonedds/topic/datatopic.hpp:595:9:[m[K [01;31m[Kerror: [m[K‘[01m[Kddsi_sertype[m[K’ does not name a type; did you mean ‘[01m[Kddscxx_sertype[m[K’?
  595 |   const [01;31m[Kddsi_sertype[m[K* tpcmn, const ddsi_serdata* dcmn, char* buf, size_t bufsize)
      |         [01;31m[K^~~~~~~~~~~~[m[K
      |         [32m[Kddscxx_sertype[m[K
[01m[K/usr/local/include/ddscxx/org/eclipse/cyclonedds/topic/datatopic.hpp:699:24:[m[K [01;31m[Kerror: [m[K‘[01m[Kddsi_sertype[m[K’ does not name a type; did you mean ‘[01m[Kddscxx_sertype[m[K’?
  699 |   ddscxx_serdata(const [01;31m[Kddsi_sertype[m[K* type, ddsi_serdata_kind kind);
      |                        [01;31m[K^~~~~~~~~~~~[m[K
      |                        [32m[Kddscxx_sertype[m[K
[01m[K/usr/local/include/ddscxx/org/eclipse/cyclonedds/topic/datatopic.hpp:719:41:[m[K [01;31m[Kerror: [m[K‘[01m[Kddsi_sertype[m[K’ does not name a type; did you mean ‘[01m[Kddscxx_sertype[m[K’?
  719 | ddscxx_serdata<T>::ddscxx_serdata(const [01;31m[Kddsi_sertype[m[K* type, ddsi_serdata_kind kind)
      |                                         [01;31m[K^~~~~~~~~~~~[m[K
      |                                         [32m[Kddscxx_sertype[m[K
[01m[K/usr/local/include/ddscxx/org/eclipse/cyclonedds/topic/datatopic.hpp:[m[K In member function ‘[01m[Kvoid ddscxx_serdata<T>::populate_hash()[m[K’:
[01m[K/usr/local/include/ddscxx/org/eclipse/cyclonedds/topic/datatopic.hpp:766:11:[m[K [01;31m[Kerror: [m[K‘[01m[Ktype[m[K’ was not declared in this scope
  766 |   hash ^= [01;31m[Ktype[m[K->serdata_basehash;
      |           [01;31m[K^~~~[m[K
[01m[K/usr/local/include/ddscxx/org/eclipse/cyclonedds/topic/datatopic.hpp:[m[K At global scope:
[01m[K/usr/local/include/ddscxx/org/eclipse/cyclonedds/topic/datatopic.hpp:850:19:[m[K [01;31m[Kerror: [m[Kvariable or field ‘[01m[Ksertype_free[m[K’ declared void
  850 | void sertype_free([01;31m[Kddsi_sertype[m[K* tpcmn)
      |                   [01;31m[K^~~~~~~~~~~~[m[K
[01m[K/usr/local/include/ddscxx/org/eclipse/cyclonedds/topic/datatopic.hpp:850:19:[m[K [01;31m[Kerror: [m[K‘[01m[Kddsi_sertype[m[K’ was not declared in this scope; did you mean ‘[01m[Korg::eclipse::cyclonedds::topic::ddsi_sertype[m[K’?
  850 | void sertype_free([01;31m[Kddsi_sertype[m[K* tpcmn)
      |                   [01;31m[K^~~~~~~~~~~~[m[K
      |                   [32m[Korg::eclipse::cyclonedds::topic::ddsi_sertype[m[K
In file included from [01m[K/usr/local/include/ddscxx/org/eclipse/cyclonedds/topic/datatopic.hpp:26[m[K,
                 from [01m[K/usr/local/include/unitree/robot/internal/internal_idl_decl/RequestIdentity_.hpp:63[m[K,
                 from [01m[K/usr/local/include/unitree/robot/internal/internal_idl_decl/RequestHeader_.hpp:12[m[K,
                 from [01m[K/usr/local/include/unitree/robot/internal/internal_idl_decl/Request_.hpp:12[m[K,
                 from [01m[K/usr/local/include/unitree/robot/internal/internal_request_response.hpp:4[m[K,
                 from [01m[K/usr/local/include/unitree/robot/internal/internal.hpp:6[m[K,
                 from [01m[K/usr/local/include/unitree/robot/future/request_future.hpp:5[m[K,
                 from [01m[K/usr/local/include/unitree/robot/client/client_stub.hpp:4[m[K,
                 from [01m[K/usr/local/include/unitree/robot/client/client_base.hpp:4[m[K,
                 from [01m[K/usr/local/include/unitree/robot/client/client.hpp:4[m[K,
                 from [01m[K/usr/local/include/unitree/robot/h1/loco/h1_loco_client.hpp:6[m[K,
                 from [01m[K/home/robot/nav2_ws/src/h1_sport_sdk/src/sub_cmdvel.cpp:3[m[K:
[01m[K/usr/local/include/ddscxx/org/eclipse/cyclonedds/topic/TopicTraits.hpp:266:19:[m[K [01;36m[Knote: [m[K‘[01m[Korg::eclipse::cyclonedds::topic::ddsi_sertype[m[K’ declared here
  266 |     static struct [01;36m[Kddsi_sertype[m[K* deriveSertype(const struct ddsi_sertype *, dds_data_representation_id_t data_representation, dds_type_consistency_enforcement_qospolicy_t)
      |                   [01;36m[K^~~~~~~~~~~~[m[K
In file included from [01m[K/usr/local/include/unitree/robot/internal/internal_idl_decl/RequestIdentity_.hpp:63[m[K,
                 from [01m[K/usr/local/include/unitree/robot/internal/internal_idl_decl/RequestHeader_.hpp:12[m[K,
                 from [01m[K/usr/local/include/unitree/robot/internal/internal_idl_decl/Request_.hpp:12[m[K,
                 from [01m[K/usr/local/include/unitree/robot/internal/internal_request_response.hpp:4[m[K,
                 from [01m[K/usr/local/include/unitree/robot/internal/internal.hpp:6[m[K,
                 from [01m[K/usr/local/include/unitree/robot/future/request_future.hpp:5[m[K,
                 from [01m[K/usr/local/include/unitree/robot/client/client_stub.hpp:4[m[K,
                 from [01m[K/usr/local/include/unitree/robot/client/client_base.hpp:4[m[K,
                 from [01m[K/usr/local/include/unitree/robot/client/client.hpp:4[m[K,
                 from [01m[K/usr/local/include/unitree/robot/h1/loco/h1_loco_client.hpp:6[m[K,
                 from [01m[K/home/robot/nav2_ws/src/h1_sport_sdk/src/sub_cmdvel.cpp:3[m[K:
[01m[K/usr/local/include/ddscxx/org/eclipse/cyclonedds/topic/datatopic.hpp:850:33:[m[K [01;31m[Kerror: [m[K‘[01m[Ktpcmn[m[K’ was not declared in this scope
  850 | void sertype_free(ddsi_sertype* [01;31m[Ktpcmn[m[K)
      |                                 [01;31m[K^~~~~[m[K
[01m[K/usr/local/include/ddscxx/org/eclipse/cyclonedds/topic/datatopic.hpp:858:33:[m[K [01;31m[Kerror: [m[K‘[01m[Kddsi_sertype[m[K’ does not name a type; did you mean ‘[01m[Kddscxx_sertype[m[K’?
  858 | void sertype_zero_samples(const [01;31m[Kddsi_sertype[m[K*, void*, size_t)
      |                                 [01;31m[K^~~~~~~~~~~~[m[K
      |                                 [32m[Kddscxx_sertype[m[K
[01m[K/usr/local/include/ddscxx/org/eclipse/cyclonedds/topic/datatopic.hpp:865:22:[m[K [01;31m[Kerror: [m[K‘[01m[Kddsi_sertype[m[K’ does not name a type; did you mean ‘[01m[Kddscxx_sertype[m[K’?
  865 |   void** ptrs, const [01;31m[Kddsi_sertype[m[K*, void*, size_t, size_t)
      |                      [01;31m[K^~~~~~~~~~~~[m[K
      |                      [32m[Kddscxx_sertype[m[K
[01m[K/usr/local/include/ddscxx/org/eclipse/cyclonedds/topic/datatopic.hpp:884:9:[m[K [01;31m[Kerror: [m[K‘[01m[Kddsi_sertype[m[K’ does not name a type; did you mean ‘[01m[Kddscxx_sertype[m[K’?
  884 |   const [01;31m[Kddsi_sertype[m[K*, void** ptrs, size_t, dds_free_op_t op)
      |         [01;31m[K^~~~~~~~~~~~[m[K
      |         [32m[Kddscxx_sertype[m[K
[01m[K/usr/local/include/ddscxx/org/eclipse/cyclonedds/topic/datatopic.hpp:909:9:[m[K [01;31m[Kerror: [m[K‘[01m[Kddsi_sertype[m[K’ does not name a type; did you mean ‘[01m[Kddscxx_sertype[m[K’?
  909 |   const [01;31m[Kddsi_sertype[m[K* acmn, const ddsi_sertype* bcmn)
      |         [01;31m[K^~~~~~~~~~~~[m[K
      |         [32m[Kddscxx_sertype[m[K
[01m[K/usr/local/include/ddscxx/org/eclipse/cyclonedds/topic/datatopic.hpp:909:35:[m[K [01;31m[Kerror: [m[K‘[01m[Kddsi_sertype[m[K’ does not name a type; did you mean ‘[01m[Kddscxx_sertype[m[K’?
  909 |   const ddsi_sertype* acmn, const [01;31m[Kddsi_sertype[m[K* bcmn)
      |                                   [01;31m[K^~~~~~~~~~~~[m[K
      |                                   [32m[Kddscxx_sertype[m[K
[01m[K/usr/local/include/ddscxx/org/eclipse/cyclonedds/topic/datatopic.hpp:919:29:[m[K [01;31m[Kerror: [m[K‘[01m[Kddsi_sertype[m[K’ does not name a type; did you mean ‘[01m[Kddscxx_sertype[m[K’?
  919 | uint32_t sertype_hash(const [01;31m[Kddsi_sertype[m[K* tpcmn)
      |                             [01;31m[K^~~~~~~~~~~~[m[K
      |                             [32m[Kddscxx_sertype[m[K
[01m[K/usr/local/include/ddscxx/org/eclipse/cyclonedds/topic/datatopic.hpp:926:42:[m[K [01;31m[Kerror: [m[K‘[01m[Kddsi_sertype[m[K’ does not name a type; did you mean ‘[01m[Kddscxx_sertype[m[K’?
  926 | size_t sertype_get_serialized_size(const [01;31m[Kddsi_sertype[m[K*, const void * sample)
      |                                          [01;31m[K^~~~~~~~~~~~[m[K
      |                                          [32m[Kddscxx_sertype[m[K
[01m[K/usr/local/include/ddscxx/org/eclipse/cyclonedds/topic/datatopic.hpp:941:35:[m[K [01;31m[Kerror: [m[K‘[01m[Kddsi_sertype[m[K’ does not name a type; did you mean ‘[01m[Kddscxx_sertype[m[K’?
  941 | bool sertype_serialize_into(const [01;31m[Kddsi_sertype[m[K*,
      |                                   [01;31m[K^~~~~~~~~~~~[m[K
      |                                   [32m[Kddscxx_sertype[m[K
[01m[K/usr/local/include/ddscxx/org/eclipse/cyclonedds/topic/datatopic.hpp:954:52:[m[K [01;31m[Kerror: [m[Kexpected class-name before ‘[01m[K{[m[K’ token
  954 | struct ddscxx_sertype_ops: public ddsi_sertype_ops [01;31m[K{[m[K
      |                                                    [01;31m[K^[m[K
[01m[K/usr/local/include/ddscxx/org/eclipse/cyclonedds/topic/datatopic.hpp:[m[K In constructor ‘[01m[Kddscxx_sertype_ops<T, S>::ddscxx_sertype_ops()[m[K’:
[01m[K/usr/local/include/ddscxx/org/eclipse/cyclonedds/topic/datatopic.hpp:955:25:[m[K [01;31m[Kerror: [m[Kclass ‘[01m[Kddscxx_sertype_ops<T, S>[m[K’ does not have any field named ‘[01m[Kddsi_sertype_ops[m[K’
  955 |   ddscxx_sertype_ops(): [01;31m[Kddsi_sertype_ops[m[K {
      |                         [01;31m[K^~~~~~~~~~~~~~~~[m[K
[01m[K/usr/local/include/ddscxx/org/eclipse/cyclonedds/topic/datatopic.hpp:956:3:[m[K [01;31m[Kerror: [m[K‘[01m[Kddsi_sertype_v0[m[K’ was not declared in this scope; did you mean ‘[01m[Kddsi_sertopic[m[K’?
  956 |   [01;31m[Kddsi_sertype_v0[m[K,
      |   [01;31m[K^~~~~~~~~~~~~~~[m[K
      |   [32m[Kddsi_sertopic[m[K
[01m[K/usr/local/include/ddscxx/org/eclipse/cyclonedds/topic/datatopic.hpp:958:3:[m[K [01;31m[Kerror: [m[K‘[01m[Ksertype_free[m[K’ was not declared in this scope; did you mean ‘[01m[Ksertype_hash[m[K’?
  958 |   [01;31m[Ksertype_free[m[K<T,S>,
      |   [01;31m[K^~~~~~~~~~~~[m[K
      |   [32m[Ksertype_hash[m[K
[01m[K/usr/local/include/ddscxx/org/eclipse/cyclonedds/topic/datatopic.hpp:958:17:[m[K [01;31m[Kerror: [m[Kexpected primary-expression before ‘[01m[K,[m[K’ token
  958 |   sertype_free<T[01;31m[K,[m[KS>,
      |                 [01;31m[K^[m[K
[01m[K/usr/local/include/ddscxx/org/eclipse/cyclonedds/topic/datatopic.hpp:958:19:[m[K [01;31m[Kerror: [m[Kexpected primary-expression before ‘[01m[K>[m[K’ token
  958 |   sertype_free<T,S[01;31m[K>[m[K,
      |                   [01;31m[K^[m[K
[01m[K/usr/local/include/ddscxx/org/eclipse/cyclonedds/topic/datatopic.hpp:958:20:[m[K [01;31m[Kerror: [m[Kexpected primary-expression before ‘[01m[K,[m[K’ token
  958 |   sertype_free<T,S>[01;31m[K,[m[K
      |                    [01;31m[K^[m[K
[01m[K/usr/local/include/ddscxx/org/eclipse/cyclonedds/topic/datatopic.hpp:[m[K At global scope:
[01m[K/usr/local/include/ddscxx/org/eclipse/cyclonedds/topic/datatopic.hpp:981:44:[m[K [01;31m[Kerror: [m[Kexpected class-name before ‘[01m[K{[m[K’ token
  981 | class ddscxx_sertype : public ddsi_sertype [01;31m[K{[m[K
      |                                            [01;31m[K^[m[K
[01m[K/usr/local/include/ddscxx/org/eclipse/cyclonedds/topic/datatopic.hpp:[m[K In constructor ‘[01m[Kddscxx_sertype<T, S>::ddscxx_sertype()[m[K’:
[01m[K/usr/local/include/ddscxx/org/eclipse/cyclonedds/topic/datatopic.hpp:996:5:[m[K [01;31m[Kerror: [m[Kclass ‘[01m[Kddscxx_sertype<T, S>[m[K’ does not have any field named ‘[01m[Kddsi_sertype[m[K’
  996 |   : [01;31m[Kddsi_sertype[m[K{}
      |     [01;31m[K^~~~~~~~~~~~[m[K
[01m[K/usr/local/include/ddscxx/org/eclipse/cyclonedds/topic/datatopic.hpp:998:51:[m[K [01;31m[Kerror: [m[K‘[01m[KDDSI_SERTYPE_FLAG_TOPICKIND_NO_KEY[m[K’ was not declared in this scope
  998 |   uint32_t flags = (TopicTraits<T>::isKeyless() ? [01;31m[KDDSI_SERTYPE_FLAG_TOPICKIND_NO_KEY[m[K : 0);
      |                                                   [01;31m[K^~~~~~~~~~~~~~~~~~~~~~~~~~~~~~~~~~[m[K
[01m[K/usr/local/include/ddscxx/org/eclipse/cyclonedds/topic/datatopic.hpp:998:51:[m[K [01;36m[Knote: [m[Kthe macro ‘[01m[KDDSI_SERTYPE_FLAG_TOPICKIND_NO_KEY[m[K’ had not yet been defined
In file included from [01m[K/usr/local/include/ddscxx/dds/topic/detail/TTopicImpl.hpp:155[m[K,
                 from [01m[K/usr/local/include/ddscxx/dds/topic/detail/BuiltinTopic.hpp:23[m[K,
                 from [01m[K/usr/local/include/ddscxx/dds/topic/BuiltinTopic.hpp:22[m[K,
                 from [01m[K/usr/local/include/ddscxx/org/eclipse/cyclonedds/sub/AnyDataReaderDelegate.hpp:36[m[K,
                 from [01m[K/usr/local/include/ddscxx/dds/topic/detail/ContentFilteredTopic.hpp:31[m[K,
                 from [01m[K/usr/local/include/ddscxx/dds/topic/ContentFilteredTopic.hpp:22[m[K,
                 from [01m[K/usr/local/include/ddscxx/dds/topic/ddstopic.hpp:25[m[K,
                 from [01m[K/usr/local/include/ddscxx/dds/dds.hpp:35[m[K,
                 from [01m[K/usr/local/include/unitree/common/dds/dds_entity.hpp:4[m[K,
                 from [01m[K/usr/local/include/unitree/common/dds/dds_topic_channel.hpp:4[m[K,
                 from [01m[K/usr/local/include/unitree/common/dds/dds_factory_model.hpp:5[m[K,
                 from [01m[K/usr/local/include/unitree/robot/channel/channel_factory.hpp:4[m[K,
                 from [01m[K/usr/local/include/unitree/robot/channel/channel_labor.hpp:4[m[K,
                 from [01m[K/usr/local/include/unitree/robot/client/client_stub.hpp:5[m[K,
                 from [01m[K/usr/local/include/unitree/robot/client/client_base.hpp:4[m[K,
                 from [01m[K/usr/local/include/unitree/robot/client/client.hpp:4[m[K,
                 from [01m[K/usr/local/include/unitree/robot/h1/loco/h1_loco_client.hpp:6[m[K,
                 from [01m[K/home/robot/nav2_ws/src/h1_sport_sdk/src/sub_cmdvel.cpp:3[m[K:
[01m[K/usr/local/include/dds/ddsi/ddsi_sertype.h:178:[m[K [01;36m[Knote: [m[Kit was later defined here
  178 | #define DDSI_SERTYPE_FLAG_TOPICKIND_NO_KEY (1u)
      | 
In file included from [01m[K/usr/local/include/unitree/robot/internal/internal_idl_decl/RequestIdentity_.hpp:63[m[K,
                 from [01m[K/usr/local/include/unitree/robot/internal/internal_idl_decl/RequestHeader_.hpp:12[m[K,
                 from [01m[K/usr/local/include/unitree/robot/internal/internal_idl_decl/Request_.hpp:12[m[K,
                 from [01m[K/usr/local/include/unitree/robot/internal/internal_request_response.hpp:4[m[K,
                 from [01m[K/usr/local/include/unitree/robot/internal/internal.hpp:6[m[K,
                 from [01m[K/usr/local/include/unitree/robot/future/request_future.hpp:5[m[K,
                 from [01m[K/usr/local/include/unitree/robot/client/client_stub.hpp:4[m[K,
                 from [01m[K/usr/local/include/unitree/robot/client/client_base.hpp:4[m[K,
                 from [01m[K/usr/local/include/unitree/robot/client/client.hpp:4[m[K,
                 from [01m[K/usr/local/include/unitree/robot/h1/loco/h1_loco_client.hpp:6[m[K,
                 from [01m[K/home/robot/nav2_ws/src/h1_sport_sdk/src/sub_cmdvel.cpp:3[m[K:
[01m[K/usr/local/include/ddscxx/org/eclipse/cyclonedds/topic/datatopic.hpp:1005:19:[m[K [01;31m[Kerror: [m[K‘[01m[Kddsi_sertype[m[K’ does not name a type; did you mean ‘[01m[Kddscxx_sertype[m[K’?
 1005 |       static_cast<[01;31m[Kddsi_sertype[m[K*>(this),
      |                   [01;31m[K^~~~~~~~~~~~[m[K
      |                   [32m[Kddscxx_sertype[m[K
[01m[K/usr/local/include/ddscxx/org/eclipse/cyclonedds/topic/datatopic.hpp:1005:31:[m[K [01;31m[Kerror: [m[Kexpected ‘[01m[K>[m[K’ before ‘[01m[K*[m[K’ token
 1005 |       static_cast<ddsi_sertype[01;31m[K*[m[K>(this),
      |                               [01;31m[K^[m[K
[01m[K/usr/local/include/ddscxx/org/eclipse/cyclonedds/topic/datatopic.hpp:1005:31:[m[K [01;31m[Kerror: [m[Kexpected ‘[01m[K([m[K’ before ‘[01m[K*[m[K’ token
 1005 |       static_cast<ddsi_sertype[01;31m[K*[m[K>(this),
      |                               [01;31m[K^[m[K
      |                               [32m[K([m[K
[01m[K/usr/local/include/ddscxx/org/eclipse/cyclonedds/topic/datatopic.hpp:1005:32:[m[K [01;31m[Kerror: [m[Kexpected primary-expression before ‘[01m[K>[m[K’ token
 1005 |       static_cast<ddsi_sertype*[01;31m[K>[m[K(this),
      |                                [01;31m[K^[m[K
[01m[K/usr/local/include/ddscxx/org/eclipse/cyclonedds/topic/datatopic.hpp:1011:3:[m[K [01;31m[Kerror: [m[K‘[01m[Kallowed_data_representation[m[K’ was not declared in this scope
 1011 |   [01;31m[Kallowed_data_representation[m[K = TopicTraits<T>::allowableEncodings();
      |   [01;31m[K^~~~~~~~~~~~~~~~~~~~~~~~~~~[m[K
In file included from [01m[K/usr/local/include/ddscxx/dds/domain/detail/TDomainParticipantImpl.hpp:23[m[K,
                 from [01m[K/usr/local/include/ddscxx/dds/domain/detail/DomainParticipant.hpp:22[m[K,
                 from [01m[K/usr/local/include/ddscxx/dds/domain/DomainParticipant.hpp:22[m[K,
                 from [01m[K/usr/local/include/ddscxx/dds/domain/find.hpp:22[m[K,
                 from [01m[K/usr/local/include/ddscxx/dds/domain/ddsdomain.hpp:21[m[K,
                 from [01m[K/usr/local/include/ddscxx/dds/dds.hpp:34[m[K,
                 from [01m[K/usr/local/include/unitree/common/dds/dds_entity.hpp:4[m[K,
                 from [01m[K/usr/local/include/unitree/common/dds/dds_topic_channel.hpp:4[m[K,
                 from [01m[K/usr/local/include/unitree/common/dds/dds_factory_model.hpp:5[m[K,
                 from [01m[K/usr/local/include/unitree/robot/channel/channel_factory.hpp:4[m[K,
                 from [01m[K/usr/local/include/unitree/robot/channel/channel_labor.hpp:4[m[K,
                 from [01m[K/usr/local/include/unitree/robot/client/client_stub.hpp:5[m[K,
                 from [01m[K/usr/local/include/unitree/robot/client/client_base.hpp:4[m[K,
                 from [01m[K/usr/local/include/unitree/robot/client/client.hpp:4[m[K,
                 from [01m[K/usr/local/include/unitree/robot/h1/loco/h1_loco_client.hpp:6[m[K,
                 from [01m[K/home/robot/nav2_ws/src/h1_sport_sdk/src/sub_cmdvel.cpp:3[m[K:
[01m[K/usr/local/include/ddscxx/org/eclipse/cyclonedds/domain/DomainParticipantDelegate.hpp:[m[K At global scope:
[01m[K/usr/local/include/ddscxx/org/eclipse/cyclonedds/domain/DomainParticipantDelegate.hpp:120:24:[m[K [01;31m[Kerror: [m[K‘[01m[Kdds_typeinfo_t[m[K’ does not name a type; did you mean ‘[01m[Kdds_sample_info_t[m[K’?
  120 |                  const [01;31m[Kdds_typeinfo_t[m[K *type_info,
      |                        [01;31m[K^~~~~~~~~~~~~~[m[K
      |                        [32m[Kdds_sample_info_t[m[K
In file included from [01m[K/opt/ros/foxy/include/dds/ddsrt/rusage.h:33[m[K,
                 from [01m[K/opt/ros/foxy/include/dds/ddsi/q_log.h:19[m[K,
                 from [01m[K/opt/ros/foxy/include/dds/ddsi/ddsi_xqos.h:20[m[K,
                 from [01m[K/usr/local/include/dds/ddsi/ddsi_sertype.h:18[m[K,
                 from [01m[K/usr/local/include/ddscxx/dds/topic/detail/TTopicImpl.hpp:155[m[K,
                 from [01m[K/usr/local/include/ddscxx/dds/topic/detail/BuiltinTopic.hpp:23[m[K,
                 from [01m[K/usr/local/include/ddscxx/dds/topic/BuiltinTopic.hpp:22[m[K,
                 from [01m[K/usr/local/include/ddscxx/org/eclipse/cyclonedds/sub/AnyDataReaderDelegate.hpp:36[m[K,
                 from [01m[K/usr/local/include/ddscxx/dds/topic/detail/ContentFilteredTopic.hpp:31[m[K,
                 from [01m[K/usr/local/include/ddscxx/dds/topic/ContentFilteredTopic.hpp:22[m[K,
                 from [01m[K/usr/local/include/ddscxx/dds/topic/ddstopic.hpp:25[m[K,
                 from [01m[K/usr/local/include/ddscxx/dds/dds.hpp:35[m[K,
                 from [01m[K/usr/local/include/unitree/common/dds/dds_entity.hpp:4[m[K,
                 from [01m[K/usr/local/include/unitree/common/dds/dds_topic_channel.hpp:4[m[K,
                 from [01m[K/usr/local/include/unitree/common/dds/dds_factory_model.hpp:5[m[K,
                 from [01m[K/usr/local/include/unitree/robot/channel/channel_factory.hpp:4[m[K,
                 from [01m[K/usr/local/include/unitree/robot/channel/channel_labor.hpp:4[m[K,
                 from [01m[K/usr/local/include/unitree/robot/client/client_stub.hpp:5[m[K,
                 from [01m[K/usr/local/include/unitree/robot/client/client_base.hpp:4[m[K,
                 from [01m[K/usr/local/include/unitree/robot/client/client.hpp:4[m[K,
                 from [01m[K/usr/local/include/unitree/robot/h1/loco/h1_loco_client.hpp:6[m[K,
                 from [01m[K/home/robot/nav2_ws/src/h1_sport_sdk/src/sub_cmdvel.cpp:3[m[K:
[01m[K/opt/ros/foxy/include/dds/ddsrt/threads.h:71:3:[m[K [01;31m[Kerror: [m[K‘[01m[KDDSRT_SCHED_DEFAULT[m[K’ conflicts with a previous declaration
   71 |   [01;31m[KDDSRT_SCHED_DEFAULT[m[K,
      |   [01;31m[K^~~~~~~~~~~~~~~~~~~[m[K
In file included from [01m[K/usr/local/include/dds/ddsi/ddsi_config.h:19[m[K,
                 from [01m[K/usr/local/include/ddscxx/dds/domain/TDomainParticipant.hpp:24[m[K,
                 from [01m[K/usr/local/include/ddscxx/dds/domain/detail/TDomainParticipantImpl.hpp:22[m[K,
                 from [01m[K/usr/local/include/ddscxx/dds/domain/detail/DomainParticipant.hpp:22[m[K,
                 from [01m[K/usr/local/include/ddscxx/dds/domain/DomainParticipant.hpp:22[m[K,
                 from [01m[K/usr/local/include/ddscxx/dds/domain/find.hpp:22[m[K,
                 from [01m[K/usr/local/include/ddscxx/dds/domain/ddsdomain.hpp:21[m[K,
                 from [01m[K/usr/local/include/ddscxx/dds/dds.hpp:34[m[K,
                 from [01m[K/usr/local/include/unitree/common/dds/dds_entity.hpp:4[m[K,
                 from [01m[K/usr/local/include/unitree/common/dds/dds_topic_channel.hpp:4[m[K,
                 from [01m[K/usr/local/include/unitree/common/dds/dds_factory_model.hpp:5[m[K,
                 from [01m[K/usr/local/include/unitree/robot/channel/channel_factory.hpp:4[m[K,
                 from [01m[K/usr/local/include/unitree/robot/channel/channel_labor.hpp:4[m[K,
                 from [01m[K/usr/local/include/unitree/robot/client/client_stub.hpp:5[m[K,
                 from [01m[K/usr/local/include/unitree/robot/client/client_base.hpp:4[m[K,
                 from [01m[K/usr/local/include/unitree/robot/client/client.hpp:4[m[K,
                 from [01m[K/usr/local/include/unitree/robot/h1/loco/h1_loco_client.hpp:6[m[K,
                 from [01m[K/home/robot/nav2_ws/src/h1_sport_sdk/src/sub_cmdvel.cpp:3[m[K:
[01m[K/usr/local/include/dds/ddsrt/sched.h:28:3:[m[K [01;36m[Knote: [m[Kprevious declaration ‘[01m[Kddsrt_sched_t DDSRT_SCHED_DEFAULT[m[K’
   28 |   [01;36m[KDDSRT_SCHED_DEFAULT[m[K,
      |   [01;36m[K^~~~~~~~~~~~~~~~~~~[m[K
In file included from [01m[K/opt/ros/foxy/include/dds/ddsrt/rusage.h:33[m[K,
                 from [01m[K/opt/ros/foxy/include/dds/ddsi/q_log.h:19[m[K,
                 from [01m[K/opt/ros/foxy/include/dds/ddsi/ddsi_xqos.h:20[m[K,
                 from [01m[K/usr/local/include/dds/ddsi/ddsi_sertype.h:18[m[K,
                 from [01m[K/usr/local/include/ddscxx/dds/topic/detail/TTopicImpl.hpp:155[m[K,
                 from [01m[K/usr/local/include/ddscxx/dds/topic/detail/BuiltinTopic.hpp:23[m[K,
                 from [01m[K/usr/local/include/ddscxx/dds/topic/BuiltinTopic.hpp:22[m[K,
                 from [01m[K/usr/local/include/ddscxx/org/eclipse/cyclonedds/sub/AnyDataReaderDelegate.hpp:36[m[K,
                 from [01m[K/usr/local/include/ddscxx/dds/topic/detail/ContentFilteredTopic.hpp:31[m[K,
                 from [01m[K/usr/local/include/ddscxx/dds/topic/ContentFilteredTopic.hpp:22[m[K,
                 from [01m[K/usr/local/include/ddscxx/dds/topic/ddstopic.hpp:25[m[K,
                 from [01m[K/usr/local/include/ddscxx/dds/dds.hpp:35[m[K,
                 from [01m[K/usr/local/include/unitree/common/dds/dds_entity.hpp:4[m[K,
                 from [01m[K/usr/local/include/unitree/common/dds/dds_topic_channel.hpp:4[m[K,
                 from [01m[K/usr/local/include/unitree/common/dds/dds_factory_model.hpp:5[m[K,
                 from [01m[K/usr/local/include/unitree/robot/channel/channel_factory.hpp:4[m[K,
                 from [01m[K/usr/local/include/unitree/robot/channel/channel_labor.hpp:4[m[K,
                 from [01m[K/usr/local/include/unitree/robot/client/client_stub.hpp:5[m[K,
                 from [01m[K/usr/local/include/unitree/robot/client/client_base.hpp:4[m[K,
                 from [01m[K/usr/local/include/unitree/robot/client/client.hpp:4[m[K,
                 from [01m[K/usr/local/include/unitree/robot/h1/loco/h1_loco_client.hpp:6[m[K,
                 from [01m[K/home/robot/nav2_ws/src/h1_sport_sdk/src/sub_cmdvel.cpp:3[m[K:
[01m[K/opt/ros/foxy/include/dds/ddsrt/threads.h:78:3:[m[K [01;31m[Kerror: [m[K‘[01m[KDDSRT_SCHED_REALTIME[m[K’ conflicts with a previous declaration
   78 |   [01;31m[KDDSRT_SCHED_REALTIME[m[K,
      |   [01;31m[K^~~~~~~~~~~~~~~~~~~~[m[K
In file included from [01m[K/usr/local/include/dds/ddsi/ddsi_config.h:19[m[K,
                 from [01m[K/usr/local/include/ddscxx/dds/domain/TDomainParticipant.hpp:24[m[K,
                 from [01m[K/usr/local/include/ddscxx/dds/domain/detail/TDomainParticipantImpl.hpp:22[m[K,
                 from [01m[K/usr/local/include/ddscxx/dds/domain/detail/DomainParticipant.hpp:22[m[K,
                 from [01m[K/usr/local/include/ddscxx/dds/domain/DomainParticipant.hpp:22[m[K,
                 from [01m[K/usr/local/include/ddscxx/dds/domain/find.hpp:22[m[K,
                 from [01m[K/usr/local/include/ddscxx/dds/domain/ddsdomain.hpp:21[m[K,
                 from [01m[K/usr/local/include/ddscxx/dds/dds.hpp:34[m[K,
                 from [01m[K/usr/local/include/unitree/common/dds/dds_entity.hpp:4[m[K,
                 from [01m[K/usr/local/include/unitree/common/dds/dds_topic_channel.hpp:4[m[K,
                 from [01m[K/usr/local/include/unitree/common/dds/dds_factory_model.hpp:5[m[K,
                 from [01m[K/usr/local/include/unitree/robot/channel/channel_factory.hpp:4[m[K,
                 from [01m[K/usr/local/include/unitree/robot/channel/channel_labor.hpp:4[m[K,
                 from [01m[K/usr/local/include/unitree/robot/client/client_stub.hpp:5[m[K,
                 from [01m[K/usr/local/include/unitree/robot/client/client_base.hpp:4[m[K,
                 from [01m[K/usr/local/include/unitree/robot/client/client.hpp:4[m[K,
                 from [01m[K/usr/local/include/unitree/robot/h1/loco/h1_loco_client.hpp:6[m[K,
                 from [01m[K/home/robot/nav2_ws/src/h1_sport_sdk/src/sub_cmdvel.cpp:3[m[K:
[01m[K/usr/local/include/dds/ddsrt/sched.h:35:3:[m[K [01;36m[Knote: [m[Kprevious declaration ‘[01m[Kddsrt_sched_t DDSRT_SCHED_REALTIME[m[K’
   35 |   [01;36m[KDDSRT_SCHED_REALTIME[m[K,
      |   [01;36m[K^~~~~~~~~~~~~~~~~~~~[m[K
In file included from [01m[K/opt/ros/foxy/include/dds/ddsrt/rusage.h:33[m[K,
                 from [01m[K/opt/ros/foxy/include/dds/ddsi/q_log.h:19[m[K,
                 from [01m[K/opt/ros/foxy/include/dds/ddsi/ddsi_xqos.h:20[m[K,
                 from [01m[K/usr/local/include/dds/ddsi/ddsi_sertype.h:18[m[K,
                 from [01m[K/usr/local/include/ddscxx/dds/topic/detail/TTopicImpl.hpp:155[m[K,
                 from [01m[K/usr/local/include/ddscxx/dds/topic/detail/BuiltinTopic.hpp:23[m[K,
                 from [01m[K/usr/local/include/ddscxx/dds/topic/BuiltinTopic.hpp:22[m[K,
                 from [01m[K/usr/local/include/ddscxx/org/eclipse/cyclonedds/sub/AnyDataReaderDelegate.hpp:36[m[K,
                 from [01m[K/usr/local/include/ddscxx/dds/topic/detail/ContentFilteredTopic.hpp:31[m[K,
                 from [01m[K/usr/local/include/ddscxx/dds/topic/ContentFilteredTopic.hpp:22[m[K,
                 from [01m[K/usr/local/include/ddscxx/dds/topic/ddstopic.hpp:25[m[K,
                 from [01m[K/usr/local/include/ddscxx/dds/dds.hpp:35[m[K,
                 from [01m[K/usr/local/include/unitree/common/dds/dds_entity.hpp:4[m[K,
                 from [01m[K/usr/local/include/unitree/common/dds/dds_topic_channel.hpp:4[m[K,
                 from [01m[K/usr/local/include/unitree/common/dds/dds_factory_model.hpp:5[m[K,
                 from [01m[K/usr/local/include/unitree/robot/channel/channel_factory.hpp:4[m[K,
                 from [01m[K/usr/local/include/unitree/robot/channel/channel_labor.hpp:4[m[K,
                 from [01m[K/usr/local/include/unitree/robot/client/client_stub.hpp:5[m[K,
                 from [01m[K/usr/local/include/unitree/robot/client/client_base.hpp:4[m[K,
                 from [01m[K/usr/local/include/unitree/robot/client/client.hpp:4[m[K,
                 from [01m[K/usr/local/include/unitree/robot/h1/loco/h1_loco_client.hpp:6[m[K,
                 from [01m[K/home/robot/nav2_ws/src/h1_sport_sdk/src/sub_cmdvel.cpp:3[m[K:
[01m[K/opt/ros/foxy/include/dds/ddsrt/threads.h:84:3:[m[K [01;31m[Kerror: [m[K‘[01m[KDDSRT_SCHED_TIMESHARE[m[K’ conflicts with a previous declaration
   84 |   [01;31m[KDDSRT_SCHED_TIMESHARE[m[K
      |   [01;31m[K^~~~~~~~~~~~~~~~~~~~~[m[K
In file included from [01m[K/usr/local/include/dds/ddsi/ddsi_config.h:19[m[K,
                 from [01m[K/usr/local/include/ddscxx/dds/domain/TDomainParticipant.hpp:24[m[K,
                 from [01m[K/usr/local/include/ddscxx/dds/domain/detail/TDomainParticipantImpl.hpp:22[m[K,
                 from [01m[K/usr/local/include/ddscxx/dds/domain/detail/DomainParticipant.hpp:22[m[K,
                 from [01m[K/usr/local/include/ddscxx/dds/domain/DomainParticipant.hpp:22[m[K,
                 from [01m[K/usr/local/include/ddscxx/dds/domain/find.hpp:22[m[K,
                 from [01m[K/usr/local/include/ddscxx/dds/domain/ddsdomain.hpp:21[m[K,
                 from [01m[K/usr/local/include/ddscxx/dds/dds.hpp:34[m[K,
                 from [01m[K/usr/local/include/unitree/common/dds/dds_entity.hpp:4[m[K,
                 from [01m[K/usr/local/include/unitree/common/dds/dds_topic_channel.hpp:4[m[K,
                 from [01m[K/usr/local/include/unitree/common/dds/dds_factory_model.hpp:5[m[K,
                 from [01m[K/usr/local/include/unitree/robot/channel/channel_factory.hpp:4[m[K,
                 from [01m[K/usr/local/include/unitree/robot/channel/channel_labor.hpp:4[m[K,
                 from [01m[K/usr/local/include/unitree/robot/client/client_stub.hpp:5[m[K,
                 from [01m[K/usr/local/include/unitree/robot/client/client_base.hpp:4[m[K,
                 from [01m[K/usr/local/include/unitree/robot/client/client.hpp:4[m[K,
                 from [01m[K/usr/local/include/unitree/robot/h1/loco/h1_loco_client.hpp:6[m[K,
                 from [01m[K/home/robot/nav2_ws/src/h1_sport_sdk/src/sub_cmdvel.cpp:3[m[K:
[01m[K/usr/local/include/dds/ddsrt/sched.h:41:3:[m[K [01;36m[Knote: [m[Kprevious declaration ‘[01m[Kddsrt_sched_t DDSRT_SCHED_TIMESHARE[m[K’
   41 |   [01;36m[KDDSRT_SCHED_TIMESHARE[m[K
      |   [01;36m[K^~~~~~~~~~~~~~~~~~~~~[m[K
In file included from [01m[K/opt/ros/foxy/include/dds/ddsrt/rusage.h:33[m[K,
                 from [01m[K/opt/ros/foxy/include/dds/ddsi/q_log.h:19[m[K,
                 from [01m[K/opt/ros/foxy/include/dds/ddsi/ddsi_xqos.h:20[m[K,
                 from [01m[K/usr/local/include/dds/ddsi/ddsi_sertype.h:18[m[K,
                 from [01m[K/usr/local/include/ddscxx/dds/topic/detail/TTopicImpl.hpp:155[m[K,
                 from [01m[K/usr/local/include/ddscxx/dds/topic/detail/BuiltinTopic.hpp:23[m[K,
                 from [01m[K/usr/local/include/ddscxx/dds/topic/BuiltinTopic.hpp:22[m[K,
                 from [01m[K/usr/local/include/ddscxx/org/eclipse/cyclonedds/sub/AnyDataReaderDelegate.hpp:36[m[K,
                 from [01m[K/usr/local/include/ddscxx/dds/topic/detail/ContentFilteredTopic.hpp:31[m[K,
                 from [01m[K/usr/local/include/ddscxx/dds/topic/ContentFilteredTopic.hpp:22[m[K,
                 from [01m[K/usr/local/include/ddscxx/dds/topic/ddstopic.hpp:25[m[K,
                 from [01m[K/usr/local/include/ddscxx/dds/dds.hpp:35[m[K,
                 from [01m[K/usr/local/include/unitree/common/dds/dds_entity.hpp:4[m[K,
                 from [01m[K/usr/local/include/unitree/common/dds/dds_topic_channel.hpp:4[m[K,
                 from [01m[K/usr/local/include/unitree/common/dds/dds_factory_model.hpp:5[m[K,
                 from [01m[K/usr/local/include/unitree/robot/channel/channel_factory.hpp:4[m[K,
                 from [01m[K/usr/local/include/unitree/robot/channel/channel_labor.hpp:4[m[K,
                 from [01m[K/usr/local/include/unitree/robot/client/client_stub.hpp:5[m[K,
                 from [01m[K/usr/local/include/unitree/robot/client/client_base.hpp:4[m[K,
                 from [01m[K/usr/local/include/unitree/robot/client/client.hpp:4[m[K,
                 from [01m[K/usr/local/include/unitree/robot/h1/loco/h1_loco_client.hpp:6[m[K,
                 from [01m[K/home/robot/nav2_ws/src/h1_sport_sdk/src/sub_cmdvel.cpp:3[m[K:
[01m[K/opt/ros/foxy/include/dds/ddsrt/threads.h:85:3:[m[K [01;31m[Kerror: [m[Kconflicting declaration ‘[01m[Ktypedef enum ddsrt_sched_t ddsrt_sched_t[m[K’
   85 | } [01;31m[Kddsrt_sched_t[m[K;
      |   [01;31m[K^~~~~~~~~~~~~[m[K
In file included from [01m[K/usr/local/include/dds/ddsi/ddsi_config.h:19[m[K,
                 from [01m[K/usr/local/include/ddscxx/dds/domain/TDomainParticipant.hpp:24[m[K,
                 from [01m[K/usr/local/include/ddscxx/dds/domain/detail/TDomainParticipantImpl.hpp:22[m[K,
                 from [01m[K/usr/local/include/ddscxx/dds/domain/detail/DomainParticipant.hpp:22[m[K,
                 from [01m[K/usr/local/include/ddscxx/dds/domain/DomainParticipant.hpp:22[m[K,
                 from [01m[K/usr/local/include/ddscxx/dds/domain/find.hpp:22[m[K,
                 from [01m[K/usr/local/include/ddscxx/dds/domain/ddsdomain.hpp:21[m[K,
                 from [01m[K/usr/local/include/ddscxx/dds/dds.hpp:34[m[K,
                 from [01m[K/usr/local/include/unitree/common/dds/dds_entity.hpp:4[m[K,
                 from [01m[K/usr/local/include/unitree/common/dds/dds_topic_channel.hpp:4[m[K,
                 from [01m[K/usr/local/include/unitree/common/dds/dds_factory_model.hpp:5[m[K,
                 from [01m[K/usr/local/include/unitree/robot/channel/channel_factory.hpp:4[m[K,
                 from [01m[K/usr/local/include/unitree/robot/channel/channel_labor.hpp:4[m[K,
                 from [01m[K/usr/local/include/unitree/robot/client/client_stub.hpp:5[m[K,
                 from [01m[K/usr/local/include/unitree/robot/client/client_base.hpp:4[m[K,
                 from [01m[K/usr/local/include/unitree/robot/client/client.hpp:4[m[K,
                 from [01m[K/usr/local/include/unitree/robot/h1/loco/h1_loco_client.hpp:6[m[K,
                 from [01m[K/home/robot/nav2_ws/src/h1_sport_sdk/src/sub_cmdvel.cpp:3[m[K:
[01m[K/usr/local/include/dds/ddsrt/sched.h:42:3:[m[K [01;36m[Knote: [m[Kprevious declaration as ‘[01m[Ktypedef enum ddsrt_sched_t ddsrt_sched_t[m[K’
   42 | } [01;36m[Kddsrt_sched_t[m[K;
      |   [01;36m[K^~~~~~~~~~~~~[m[K
In file included from [01m[K/usr/local/include/ddscxx/dds/topic/detail/TTopicImpl.hpp:155[m[K,
                 from [01m[K/usr/local/include/ddscxx/dds/topic/detail/BuiltinTopic.hpp:23[m[K,
                 from [01m[K/usr/local/include/ddscxx/dds/topic/BuiltinTopic.hpp:22[m[K,
                 from [01m[K/usr/local/include/ddscxx/org/eclipse/cyclonedds/sub/AnyDataReaderDelegate.hpp:36[m[K,
                 from [01m[K/usr/local/include/ddscxx/dds/topic/detail/ContentFilteredTopic.hpp:31[m[K,
                 from [01m[K/usr/local/include/ddscxx/dds/topic/ContentFilteredTopic.hpp:22[m[K,
                 from [01m[K/usr/local/include/ddscxx/dds/topic/ddstopic.hpp:25[m[K,
                 from [01m[K/usr/local/include/ddscxx/dds/dds.hpp:35[m[K,
                 from [01m[K/usr/local/include/unitree/common/dds/dds_entity.hpp:4[m[K,
                 from [01m[K/usr/local/include/unitree/common/dds/dds_topic_channel.hpp:4[m[K,
                 from [01m[K/usr/local/include/unitree/common/dds/dds_factory_model.hpp:5[m[K,
                 from [01m[K/usr/local/include/unitree/robot/channel/channel_factory.hpp:4[m[K,
                 from [01m[K/usr/local/include/unitree/robot/channel/channel_labor.hpp:4[m[K,
                 from [01m[K/usr/local/include/unitree/robot/client/client_stub.hpp:5[m[K,
                 from [01m[K/usr/local/include/unitree/robot/client/client_base.hpp:4[m[K,
                 from [01m[K/usr/local/include/unitree/robot/client/client.hpp:4[m[K,
                 from [01m[K/usr/local/include/unitree/robot/h1/loco/h1_loco_client.hpp:6[m[K,
                 from [01m[K/home/robot/nav2_ws/src/h1_sport_sdk/src/sub_cmdvel.cpp:3[m[K:
[01m[K/usr/local/include/dds/ddsi/ddsi_sertype.h:138:93:[m[K [01;31m[Kerror: [m[K‘[01m[Kdds_data_representation_id_t[m[K’ has not been declared
  138 | typedef struct ddsi_sertype * (*ddsi_sertype_derive_t) (const struct ddsi_sertype *sertype, [01;31m[Kdds_data_representation_id_t[m[K data_representation, dds_type_consistency_enforcement_qospolicy_t tce_qos);
      |                                                                                             [01;31m[K^~~~~~~~~~~~~~~~~~~~~~~~~~~~[m[K
[01m[K/usr/local/include/dds/ddsi/ddsi_sertype.h:138:143:[m[K [01;31m[Kerror: [m[K‘[01m[Kdds_type_consistency_enforcement_qospolicy_t[m[K’ has not been declared
  138 | typedef struct ddsi_sertype * (*ddsi_sertype_derive_t) (const struct ddsi_sertype *sertype, dds_data_representation_id_t data_representation, [01;31m[Kdds_type_consistency_enforcement_qospolicy_t[m[K tce_qos);
      |                                                                                                                                               [01;31m[K^~~~~~~~~~~~~~~~~~~~~~~~~~~~~~~~~~~~~~~~~~~~[m[K
[01m[K/usr/local/include/dds/ddsi/ddsi_sertype.h:202:1:[m[K [01;31m[Kerror: [m[K‘[01m[KDDS_INLINE_EXPORT[m[K’ does not name a type; did you mean ‘[01m[KDDS_NO_EXPORT[m[K’?
  202 | [01;31m[KDDS_INLINE_EXPORT[m[K inline void ddsi_sertype_free (struct ddsi_sertype *tp) {
      | [01;31m[K^~~~~~~~~~~~~~~~~[m[K
      | [32m[KDDS_NO_EXPORT[m[K
[01m[K/usr/local/include/dds/ddsi/ddsi_sertype.h:205:1:[m[K [01;31m[Kerror: [m[K‘[01m[KDDS_INLINE_EXPORT[m[K’ does not name a type; did you mean ‘[01m[KDDS_NO_EXPORT[m[K’?
  205 | [01;31m[KDDS_INLINE_EXPORT[m[K inline void ddsi_sertype_zero_samples (const struct ddsi_sertype *tp, void *samples, size_t count) {
      | [01;31m[K^~~~~~~~~~~~~~~~~[m[K
      | [32m[KDDS_NO_EXPORT[m[K
[01m[K/usr/local/include/dds/ddsi/ddsi_sertype.h:208:1:[m[K [01;31m[Kerror: [m[K‘[01m[KDDS_INLINE_EXPORT[m[K’ does not name a type; did you mean ‘[01m[KDDS_NO_EXPORT[m[K’?
  208 | [01;31m[KDDS_INLINE_EXPORT[m[K inline void ddsi_sertype_realloc_samples (void **ptrs, const struct ddsi_sertype *tp, void *old, size_t oldcount, size_t count)
      | [01;31m[K^~~~~~~~~~~~~~~~~[m[K
      | [32m[KDDS_NO_EXPORT[m[K
[01m[K/usr/local/include/dds/ddsi/ddsi_sertype.h:212:1:[m[K [01;31m[Kerror: [m[K‘[01m[KDDS_INLINE_EXPORT[m[K’ does not name a type; did you mean ‘[01m[KDDS_NO_EXPORT[m[K’?
  212 | [01;31m[KDDS_INLINE_EXPORT[m[K inline void ddsi_sertype_free_samples (const struct ddsi_sertype *tp, void **ptrs, size_t count, dds_free_op_t op) {
      | [01;31m[K^~~~~~~~~~~~~~~~~[m[K
      | [32m[KDDS_NO_EXPORT[m[K
[01m[K/usr/local/include/dds/ddsi/ddsi_sertype.h:215:1:[m[K [01;31m[Kerror: [m[K‘[01m[KDDS_INLINE_EXPORT[m[K’ does not name a type; did you mean ‘[01m[KDDS_NO_EXPORT[m[K’?
  215 | [01;31m[KDDS_INLINE_EXPORT[m[K inline void ddsi_sertype_zero_sample (const struct ddsi_sertype *tp, void *sample) {
      | [01;31m[K^~~~~~~~~~~~~~~~~[m[K
      | [32m[KDDS_NO_EXPORT[m[K
[01m[K/usr/local/include/dds/ddsi/ddsi_sertype.h:218:1:[m[K [01;31m[Kerror: [m[K‘[01m[KDDS_INLINE_EXPORT[m[K’ does not name a type; did you mean ‘[01m[KDDS_NO_EXPORT[m[K’?
  218 | [01;31m[KDDS_INLINE_EXPORT[m[K inline void *ddsi_sertype_alloc_sample (const struct ddsi_sertype *tp) {
      | [01;31m[K^~~~~~~~~~~~~~~~~[m[K
      | [32m[KDDS_NO_EXPORT[m[K
[01m[K/usr/local/include/dds/ddsi/ddsi_sertype.h:223:1:[m[K [01;31m[Kerror: [m[K‘[01m[KDDS_INLINE_EXPORT[m[K’ does not name a type; did you mean ‘[01m[KDDS_NO_EXPORT[m[K’?
  223 | [01;31m[KDDS_INLINE_EXPORT[m[K inline void ddsi_sertype_free_sample (const struct ddsi_sertype *tp, void *sample, dds_free_op_t op) {
      | [01;31m[K^~~~~~~~~~~~~~~~~[m[K
      | [32m[KDDS_NO_EXPORT[m[K
[01m[K/usr/local/include/dds/ddsi/ddsi_sertype.h:226:1:[m[K [01;31m[Kerror: [m[K‘[01m[KDDS_INLINE_EXPORT[m[K’ does not name a type; did you mean ‘[01m[KDDS_NO_EXPORT[m[K’?
  226 | [01;31m[KDDS_INLINE_EXPORT[m[K inline ddsi_typeid_t * ddsi_sertype_typeid (const struct ddsi_sertype *tp, ddsi_typeid_kind_t kind)
      | [01;31m[K^~~~~~~~~~~~~~~~~[m[K
      | [32m[KDDS_NO_EXPORT[m[K
[01m[K/usr/local/include/dds/ddsi/ddsi_sertype.h:232:1:[m[K [01;31m[Kerror: [m[K‘[01m[KDDS_INLINE_EXPORT[m[K’ does not name a type; did you mean ‘[01m[KDDS_NO_EXPORT[m[K’?
  232 | [01;31m[KDDS_INLINE_EXPORT[m[K inline ddsi_typemap_t * ddsi_sertype_typemap (const struct ddsi_sertype *tp)
      | [01;31m[K^~~~~~~~~~~~~~~~~[m[K
      | [32m[KDDS_NO_EXPORT[m[K
[01m[K/usr/local/include/dds/ddsi/ddsi_sertype.h:238:1:[m[K [01;31m[Kerror: [m[K‘[01m[KDDS_INLINE_EXPORT[m[K’ does not name a type; did you mean ‘[01m[KDDS_NO_EXPORT[m[K’?
  238 | [01;31m[KDDS_INLINE_EXPORT[m[K inline ddsi_typeinfo_t *ddsi_sertype_typeinfo (const struct ddsi_sertype *tp)
      | [01;31m[K^~~~~~~~~~~~~~~~~[m[K
      | [32m[KDDS_NO_EXPORT[m[K
[01m[K/usr/local/include/dds/ddsi/ddsi_sertype.h:244:1:[m[K [01;31m[Kerror: [m[K‘[01m[KDDS_INLINE_EXPORT[m[K’ does not name a type; did you mean ‘[01m[KDDS_NO_EXPORT[m[K’?
  244 | [01;31m[KDDS_INLINE_EXPORT[m[K inline struct ddsi_sertype * ddsi_sertype_derive_sertype (const struct ddsi_sertype *base_sertype, dds_data_representation_id_t data_representation, dds_type_consistency_enforcement_qospolicy_t tce_qos) {
      | [01;31m[K^~~~~~~~~~~~~~~~~[m[K
      | [32m[KDDS_NO_EXPORT[m[K
[01m[K/usr/local/include/dds/ddsi/ddsi_sertype.h:250:1:[m[K [01;31m[Kerror: [m[K‘[01m[KDDS_INLINE_EXPORT[m[K’ does not name a type; did you mean ‘[01m[KDDS_NO_EXPORT[m[K’?
  250 | [01;31m[KDDS_INLINE_EXPORT[m[K inline size_t
      | [01;31m[K^~~~~~~~~~~~~~~~~[m[K
      | [32m[KDDS_NO_EXPORT[m[K
[01m[K/usr/local/include/dds/ddsi/ddsi_sertype.h:256:1:[m[K [01;31m[Kerror: [m[K‘[01m[KDDS_INLINE_EXPORT[m[K’ does not name a type; did you mean ‘[01m[KDDS_NO_EXPORT[m[K’?
  256 | [01;31m[KDDS_INLINE_EXPORT[m[K inline bool
      | [01;31m[K^~~~~~~~~~~~~~~~~[m[K
      | [32m[KDDS_NO_EXPORT[m[K
In file included from [01m[K/usr/local/include/ddscxx/dds/topic/detail/BuiltinTopic.hpp:23[m[K,
                 from [01m[K/usr/local/include/ddscxx/dds/topic/BuiltinTopic.hpp:22[m[K,
                 from [01m[K/usr/local/include/ddscxx/org/eclipse/cyclonedds/sub/AnyDataReaderDelegate.hpp:36[m[K,
                 from [01m[K/usr/local/include/ddscxx/dds/topic/detail/ContentFilteredTopic.hpp:31[m[K,
                 from [01m[K/usr/local/include/ddscxx/dds/topic/ContentFilteredTopic.hpp:22[m[K,
                 from [01m[K/usr/local/include/ddscxx/dds/topic/ddstopic.hpp:25[m[K,
                 from [01m[K/usr/local/include/ddscxx/dds/dds.hpp:35[m[K,
                 from [01m[K/usr/local/include/unitree/common/dds/dds_entity.hpp:4[m[K,
                 from [01m[K/usr/local/include/unitree/common/dds/dds_topic_channel.hpp:4[m[K,
                 from [01m[K/usr/local/include/unitree/common/dds/dds_factory_model.hpp:5[m[K,
                 from [01m[K/usr/local/include/unitree/robot/channel/channel_factory.hpp:4[m[K,
                 from [01m[K/usr/local/include/unitree/robot/channel/channel_labor.hpp:4[m[K,
                 from [01m[K/usr/local/include/unitree/robot/client/client_stub.hpp:5[m[K,
                 from [01m[K/usr/local/include/unitree/robot/client/client_base.hpp:4[m[K,
                 from [01m[K/usr/local/include/unitree/robot/client/client.hpp:4[m[K,
                 from [01m[K/usr/local/include/unitree/robot/h1/loco/h1_loco_client.hpp:6[m[K,
                 from [01m[K/home/robot/nav2_ws/src/h1_sport_sdk/src/sub_cmdvel.cpp:3[m[K:
[01m[K/usr/local/include/ddscxx/dds/topic/detail/TTopicImpl.hpp:[m[K In constructor ‘[01m[Kdds::topic::detail::Topic<T>::Topic(const DomainParticipant&, const string&, const string&, const TopicQos&, dds::topic::TopicListener<T>*, const dds::core::status::StatusMask&)[m[K’:
[01m[K/usr/local/include/ddscxx/dds/topic/detail/TTopicImpl.hpp:178:31:[m[K [01;31m[Kerror: [m[Kthere are no arguments to ‘[01m[Kdds_create_topic_sertype[m[K’ that depend on a template parameter, so a declaration of ‘[01m[Kdds_create_topic_sertype[m[K’ must be available [[01;31m[K-fpermissive[m[K]
  178 |     dds_entity_t ddsc_topic = [01;31m[Kdds_create_topic_sertype[m[K(
      |                               [01;31m[K^~~~~~~~~~~~~~~~~~~~~~~~[m[K
[01m[K/usr/local/include/ddscxx/dds/topic/detail/TTopicImpl.hpp:184:26:[m[K [01;31m[Kerror: [m[Kcannot convert ‘[01m[Korg::eclipse::cyclonedds::topic::ddsi_sertype*[m[K’ to ‘[01m[Kddsi_sertype*[m[K’
  184 |       ddsi_sertype_unref([01;31m[Kser_type_[m[K);
      |                          [01;31m[K^~~~~~~~~[m[K
      |                          [01;31m[K|[m[K
      |                          [01;31m[Korg::eclipse::cyclonedds::topic::ddsi_sertype*[m[K
In file included from [01m[K/usr/local/include/ddscxx/dds/topic/detail/TTopicImpl.hpp:155[m[K,
                 from [01m[K/usr/local/include/ddscxx/dds/topic/detail/BuiltinTopic.hpp:23[m[K,
                 from [01m[K/usr/local/include/ddscxx/dds/topic/BuiltinTopic.hpp:22[m[K,
                 from [01m[K/usr/local/include/ddscxx/org/eclipse/cyclonedds/sub/AnyDataReaderDelegate.hpp:36[m[K,
                 from [01m[K/usr/local/include/ddscxx/dds/topic/detail/ContentFilteredTopic.hpp:31[m[K,
                 from [01m[K/usr/local/include/ddscxx/dds/topic/ContentFilteredTopic.hpp:22[m[K,
                 from [01m[K/usr/local/include/ddscxx/dds/topic/ddstopic.hpp:25[m[K,
                 from [01m[K/usr/local/include/ddscxx/dds/dds.hpp:35[m[K,
                 from [01m[K/usr/local/include/unitree/common/dds/dds_entity.hpp:4[m[K,
                 from [01m[K/usr/local/include/unitree/common/dds/dds_topic_channel.hpp:4[m[K,
                 from [01m[K/usr/local/include/unitree/common/dds/dds_factory_model.hpp:5[m[K,
                 from [01m[K/usr/local/include/unitree/robot/channel/channel_factory.hpp:4[m[K,
                 from [01m[K/usr/local/include/unitree/robot/channel/channel_labor.hpp:4[m[K,
                 from [01m[K/usr/local/include/unitree/robot/client/client_stub.hpp:5[m[K,
                 from [01m[K/usr/local/include/unitree/robot/client/client_base.hpp:4[m[K,
                 from [01m[K/usr/local/include/unitree/robot/client/client.hpp:4[m[K,
                 from [01m[K/usr/local/include/unitree/robot/h1/loco/h1_loco_client.hpp:6[m[K,
                 from [01m[K/home/robot/nav2_ws/src/h1_sport_sdk/src/sub_cmdvel.cpp:3[m[K:
[01m[K/usr/local/include/dds/ddsi/ddsi_sertype.h:190:58:[m[K [01;36m[Knote: [m[K  initializing argument 1 of ‘[01m[Kvoid ddsi_sertype_unref(ddsi_sertype*)[m[K’
  190 | DDS_EXPORT void ddsi_sertype_unref ([01;36m[Kstruct ddsi_sertype *tp[m[K); /* tp->gv->sertypes_lock may not be held */
      |                                     [01;36m[K~~~~~~~~~~~~~~~~~~~~~^~[m[K
In file included from [01m[K/usr/local/include/ddscxx/org/eclipse/cyclonedds/topic/datatopic.hpp:26[m[K,
                 from [01m[K/usr/local/include/unitree/robot/internal/internal_idl_decl/RequestIdentity_.hpp:63[m[K,
                 from [01m[K/usr/local/include/unitree/robot/internal/internal_idl_decl/RequestHeader_.hpp:12[m[K,
                 from [01m[K/usr/local/include/unitree/robot/internal/internal_idl_decl/Request_.hpp:12[m[K,
                 from [01m[K/usr/local/include/unitree/robot/internal/internal_request_response.hpp:4[m[K,
                 from [01m[K/usr/local/include/unitree/robot/internal/internal.hpp:6[m[K,
                 from [01m[K/usr/local/include/unitree/robot/future/request_future.hpp:5[m[K,
                 from [01m[K/usr/local/include/unitree/robot/client/client_stub.hpp:4[m[K,
                 from [01m[K/usr/local/include/unitree/robot/client/client_base.hpp:4[m[K,
                 from [01m[K/usr/local/include/unitree/robot/client/client.hpp:4[m[K,
                 from [01m[K/usr/local/include/unitree/robot/h1/loco/h1_loco_client.hpp:6[m[K,
                 from [01m[K/home/robot/nav2_ws/src/h1_sport_sdk/src/sub_cmdvel.cpp:3[m[K:
[01m[K/usr/local/include/ddscxx/org/eclipse/cyclonedds/topic/TopicTraits.hpp:266:19:[m[K [01;36m[Knote: [m[Kclass type ‘[01m[Korg::eclipse::cyclonedds::topic::ddsi_sertype[m[K’ is incomplete
  266 |     static struct [01;36m[Kddsi_sertype[m[K* deriveSertype(const struct ddsi_sertype *, dds_data_representation_id_t data_representation, dds_type_consistency_enforcement_qospolicy_t)
      |                   [01;36m[K^~~~~~~~~~~~[m[K
In file included from [01m[K/usr/local/include/ddscxx/dds/topic/detail/BuiltinTopic.hpp:23[m[K,
                 from [01m[K/usr/local/include/ddscxx/dds/topic/BuiltinTopic.hpp:22[m[K,
                 from [01m[K/usr/local/include/ddscxx/org/eclipse/cyclonedds/sub/AnyDataReaderDelegate.hpp:36[m[K,
                 from [01m[K/usr/local/include/ddscxx/dds/topic/detail/ContentFilteredTopic.hpp:31[m[K,
                 from [01m[K/usr/local/include/ddscxx/dds/topic/ContentFilteredTopic.hpp:22[m[K,
                 from [01m[K/usr/local/include/ddscxx/dds/topic/ddstopic.hpp:25[m[K,
                 from [01m[K/usr/local/include/ddscxx/dds/dds.hpp:35[m[K,
                 from [01m[K/usr/local/include/unitree/common/dds/dds_entity.hpp:4[m[K,
                 from [01m[K/usr/local/include/unitree/common/dds/dds_topic_channel.hpp:4[m[K,
                 from [01m[K/usr/local/include/unitree/common/dds/dds_factory_model.hpp:5[m[K,
                 from [01m[K/usr/local/include/unitree/robot/channel/channel_factory.hpp:4[m[K,
                 from [01m[K/usr/local/include/unitree/robot/channel/channel_labor.hpp:4[m[K,
                 from [01m[K/usr/local/include/unitree/robot/client/client_stub.hpp:5[m[K,
                 from [01m[K/usr/local/include/unitree/robot/client/client_base.hpp:4[m[K,
                 from [01m[K/usr/local/include/unitree/robot/client/client.hpp:4[m[K,
                 from [01m[K/usr/local/include/unitree/robot/h1/loco/h1_loco_client.hpp:6[m[K,
                 from [01m[K/home/robot/nav2_ws/src/h1_sport_sdk/src/sub_cmdvel.cpp:3[m[K:
[01m[K/usr/local/include/ddscxx/dds/topic/detail/TTopicImpl.hpp:[m[K In static member function ‘[01m[Kstatic dds::topic::Topic<T, dds::topic::detail::Topic> dds::topic::detail::Topic<T>::discover_topic(const DomainParticipant&, const string&, const dds::core::Duration&)[m[K’:
[01m[K/usr/local/include/ddscxx/dds/topic/detail/TTopicImpl.hpp:311:21:[m[K [01;31m[Kerror: [m[K‘[01m[Kdds_typeinfo_t[m[K’ was not declared in this scope; did you mean ‘[01m[Kddsi_typeinfo_t[m[K’?
  311 |     std::unique_ptr<[01;31m[Kdds_typeinfo_t[m[K, std::function<void(dds_typeinfo_t *)> >
      |                     [01;31m[K^~~~~~~~~~~~~~[m[K
      |                     [32m[Kddsi_typeinfo_t[m[K
[01m[K/usr/local/include/ddscxx/dds/topic/detail/TTopicImpl.hpp:311:73:[m[K [01;31m[Kerror: [m[Ktemplate argument 1 is invalid
  311 |     std::unique_ptr<dds_typeinfo_t, std::function<void(dds_typeinfo_t *)[01;31m[K>[m[K >
      |                                                                         [01;31m[K^[m[K
[01m[K/usr/local/include/ddscxx/dds/topic/detail/TTopicImpl.hpp:311:75:[m[K [01;31m[Kerror: [m[Ktemplate argument 1 is invalid
  311 |     std::unique_ptr<dds_typeinfo_t, std::function<void(dds_typeinfo_t *)> [01;31m[K>[m[K
      |                                                                           [01;31m[K^[m[K
[01m[K/usr/local/include/ddscxx/dds/topic/detail/TTopicImpl.hpp:311:75:[m[K [01;31m[Kerror: [m[Ktemplate argument 2 is invalid
[01m[K/usr/local/include/ddscxx/dds/topic/detail/TTopicImpl.hpp:313:20:[m[K [01;31m[Kerror: [m[K‘[01m[Kdds_typeinfo_t[m[K’ is not a type
  313 |                 []([01;31m[Kdds_typeinfo_t[m[K *ti) { static_cast<void>(dds_free_typeinfo(ti)); });
      |                    [01;31m[K^~~~~~~~~~~~~~[m[K
[01m[K/usr/local/include/ddscxx/dds/topic/detail/TTopicImpl.hpp:[m[K In lambda function:
[01m[K/usr/local/include/ddscxx/dds/topic/detail/TTopicImpl.hpp:313:60:[m[K [01;31m[Kerror: [m[Kthere are no arguments to ‘[01m[Kdds_free_typeinfo[m[K’ that depend on a template parameter, so a declaration of ‘[01m[Kdds_free_typeinfo[m[K’ must be available [[01;31m[K-fpermissive[m[K]
  313 |                 [](dds_typeinfo_t *ti) { static_cast<void>([01;31m[Kdds_free_typeinfo[m[K(ti)); });
      |                                                            [01;31m[K^~~~~~~~~~~~~~~~~[m[K
[01m[K/usr/local/include/ddscxx/dds/topic/detail/TTopicImpl.hpp:[m[K In static member function ‘[01m[Kstatic dds::topic::Topic<T, dds::topic::detail::Topic> dds::topic::detail::Topic<T>::discover_topic(const DomainParticipant&, const string&, const dds::core::Duration&)[m[K’:
[01m[K/usr/local/include/ddscxx/dds/topic/detail/TTopicImpl.hpp:313:85:[m[K [01;31m[Kerror: [m[Kexpression list treated as compound expression in initializer [[01;31m[K-fpermissive[m[K]
  313 |                 [](dds_typeinfo_t *ti) { static_cast<void>(dds_free_typeinfo(ti)); }[01;31m[K)[m[K;
      |                                                                                     [01;31m[K^[m[K
[01m[K/usr/local/include/ddscxx/dds/topic/detail/TTopicImpl.hpp:314:75:[m[K [01;31m[Kerror: [m[Krequest for member ‘[01m[Kget[m[K’ in ‘[01m[Ktype_info[m[K’, which is of non-class type ‘[01m[Kint[m[K’
  314 |     dds_entity_t ddsc_topic = dp.delegate()->lookup_topic(name, type_info.[01;31m[Kget[m[K(), timeout);
      |                                                                           [01;31m[K^~~[m[K
In file included from [01m[K/usr/local/include/ddscxx/dds/topic/ContentFilteredTopic.hpp:22[m[K,
                 from [01m[K/usr/local/include/ddscxx/dds/topic/ddstopic.hpp:25[m[K,
                 from [01m[K/usr/local/include/ddscxx/dds/dds.hpp:35[m[K,
                 from [01m[K/usr/local/include/unitree/common/dds/dds_entity.hpp:4[m[K,
                 from [01m[K/usr/local/include/unitree/common/dds/dds_topic_channel.hpp:4[m[K,
                 from [01m[K/usr/local/include/unitree/common/dds/dds_factory_model.hpp:5[m[K,
                 from [01m[K/usr/local/include/unitree/robot/channel/channel_factory.hpp:4[m[K,
                 from [01m[K/usr/local/include/unitree/robot/channel/channel_labor.hpp:4[m[K,
                 from [01m[K/usr/local/include/unitree/robot/client/client_stub.hpp:5[m[K,
                 from [01m[K/usr/local/include/unitree/robot/client/client_base.hpp:4[m[K,
                 from [01m[K/usr/local/include/unitree/robot/client/client.hpp:4[m[K,
                 from [01m[K/usr/local/include/unitree/robot/h1/loco/h1_loco_client.hpp:6[m[K,
                 from [01m[K/home/robot/nav2_ws/src/h1_sport_sdk/src/sub_cmdvel.cpp:3[m[K:
[01m[K/usr/local/include/ddscxx/dds/topic/detail/ContentFilteredTopic.hpp:[m[K At global scope:
[01m[K/usr/local/include/ddscxx/dds/topic/detail/ContentFilteredTopic.hpp:439:52:[m[K [01;31m[Kerror: [m[K‘[01m[Kdds_topic_filter[m[K’ has not been declared
  439 |     void filter_function_internal(Functor && func, [01;31m[Kdds_topic_filter[m[K * flt)
      |                                                    [01;31m[K^~~~~~~~~~~~~~~~[m[K
[01m[K/usr/local/include/ddscxx/dds/topic/detail/ContentFilteredTopic.hpp:[m[K In member function ‘[01m[Kvoid dds::topic::detail::ContentFilteredTopic<T>::filter_function(Functor&&)[m[K’:
[01m[K/usr/local/include/ddscxx/dds/topic/detail/ContentFilteredTopic.hpp:413:9:[m[K [01;31m[Kerror: [m[K‘[01m[Kdds_topic_filter[m[K’ was not declared in this scope; did you mean ‘[01m[Kdds_topic_filter_fn[m[K’?
  413 |         [01;31m[Kdds_topic_filter[m[K flt;
      |         [01;31m[K^~~~~~~~~~~~~~~~[m[K
      |         [32m[Kdds_topic_filter_fn[m[K
[01m[K/usr/local/include/ddscxx/dds/topic/detail/ContentFilteredTopic.hpp:414:9:[m[K [01;31m[Kerror: [m[K‘[01m[Kflt[m[K’ was not declared in this scope
  414 |         [01;31m[Kflt[m[K.mode = DDS_TOPIC_FILTER_SAMPLE_ARG;
      |         [01;31m[K^~~[m[K
[01m[K/usr/local/include/ddscxx/dds/topic/detail/ContentFilteredTopic.hpp:414:20:[m[K [01;31m[Kerror: [m[K‘[01m[KDDS_TOPIC_FILTER_SAMPLE_ARG[m[K’ was not declared in this scope; did you mean ‘[01m[KDDS_TOPIC_FILTER_HPP_[m[K’?
  414 |         flt.mode = [01;31m[KDDS_TOPIC_FILTER_SAMPLE_ARG[m[K;
      |                    [01;31m[K^~~~~~~~~~~~~~~~~~~~~~~~~~~[m[K
      |                    [32m[KDDS_TOPIC_FILTER_HPP_[m[K
[01m[K/usr/local/include/ddscxx/dds/topic/detail/ContentFilteredTopic.hpp:[m[K In member function ‘[01m[Kvoid dds::topic::detail::ContentFilteredTopic<T>::filter_function(Functor&&)[m[K’:
[01m[K/usr/local/include/ddscxx/dds/topic/detail/ContentFilteredTopic.hpp:422:9:[m[K [01;31m[Kerror: [m[K‘[01m[Kdds_topic_filter[m[K’ was not declared in this scope; did you mean ‘[01m[Kdds_topic_filter_fn[m[K’?
  422 |         [01;31m[Kdds_topic_filter[m[K flt;
      |         [01;31m[K^~~~~~~~~~~~~~~~[m[K
      |         [32m[Kdds_topic_filter_fn[m[K
[01m[K/usr/local/include/ddscxx/dds/topic/detail/ContentFilteredTopic.hpp:423:9:[m[K [01;31m[Kerror: [m[K‘[01m[Kflt[m[K’ was not declared in this scope
  423 |         [01;31m[Kflt[m[K.mode = DDS_TOPIC_FILTER_SAMPLEINFO_ARG;
      |         [01;31m[K^~~[m[K
[01m[K/usr/local/include/ddscxx/dds/topic/detail/ContentFilteredTopic.hpp:423:20:[m[K [01;31m[Kerror: [m[K‘[01m[KDDS_TOPIC_FILTER_SAMPLEINFO_ARG[m[K’ was not declared in this scope
  423 |         flt.mode = [01;31m[KDDS_TOPIC_FILTER_SAMPLEINFO_ARG[m[K;
      |                    [01;31m[K^~~~~~~~~~~~~~~~~~~~~~~~~~~~~~~[m[K
[01m[K/usr/local/include/ddscxx/dds/topic/detail/ContentFilteredTopic.hpp:[m[K In member function ‘[01m[Kvoid dds::topic::detail::ContentFilteredTopic<T>::filter_function(Functor&&)[m[K’:
[01m[K/usr/local/include/ddscxx/dds/topic/detail/ContentFilteredTopic.hpp:431:9:[m[K [01;31m[Kerror: [m[K‘[01m[Kdds_topic_filter[m[K’ was not declared in this scope; did you mean ‘[01m[Kdds_topic_filter_fn[m[K’?
  431 |         [01;31m[Kdds_topic_filter[m[K flt;
      |         [01;31m[K^~~~~~~~~~~~~~~~[m[K
      |         [32m[Kdds_topic_filter_fn[m[K
[01m[K/usr/local/include/ddscxx/dds/topic/detail/ContentFilteredTopic.hpp:432:9:[m[K [01;31m[Kerror: [m[K‘[01m[Kflt[m[K’ was not declared in this scope
  432 |         [01;31m[Kflt[m[K.mode = DDS_TOPIC_FILTER_SAMPLE_SAMPLEINFO_ARG;
      |         [01;31m[K^~~[m[K
[01m[K/usr/local/include/ddscxx/dds/topic/detail/ContentFilteredTopic.hpp:432:20:[m[K [01;31m[Kerror: [m[K‘[01m[KDDS_TOPIC_FILTER_SAMPLE_SAMPLEINFO_ARG[m[K’ was not declared in this scope
  432 |         flt.mode = [01;31m[KDDS_TOPIC_FILTER_SAMPLE_SAMPLEINFO_ARG[m[K;
      |                    [01;31m[K^~~~~~~~~~~~~~~~~~~~~~~~~~~~~~~~~~~~~~[m[K
[01m[K/usr/local/include/ddscxx/dds/topic/detail/ContentFilteredTopic.hpp:[m[K In member function ‘[01m[Kvoid dds::topic::detail::ContentFilteredTopic<T>::filter_function_internal(Functor&&, int*)[m[K’:
[01m[K/usr/local/include/ddscxx/dds/topic/detail/ContentFilteredTopic.hpp:455:14:[m[K [01;31m[Kerror: [m[Krequest for member ‘[01m[Karg[m[K’ in ‘[01m[Kflt->[m[K’, which is of non-class type ‘[01m[Kint[m[K’
  455 |         flt->[01;31m[Karg[m[K = myFunctor;
      |              [01;31m[K^~~[m[K
[01m[K/usr/local/include/ddscxx/dds/topic/detail/ContentFilteredTopic.hpp:456:9:[m[K [01;31m[Kerror: [m[Kthere are no arguments to ‘[01m[Kdds_set_topic_filter_extended[m[K’ that depend on a template parameter, so a declaration of ‘[01m[Kdds_set_topic_filter_extended[m[K’ must be available [[01;31m[K-fpermissive[m[K]
  456 |         [01;31m[Kdds_set_topic_filter_extended[m[K(cfTopic, flt);
      |         [01;31m[K^~~~~~~~~~~~~~~~~~~~~~~~~~~~~[m[K
[01m[K/home/robot/nav2_ws/src/h1_sport_sdk/src/sub_cmdvel.cpp:[m[K In member function ‘[01m[Kvoid SportNode::check_keyboard_input()[m[K’:
[01m[K/home/robot/nav2_ws/src/h1_sport_sdk/src/sub_cmdvel.cpp:24:52:[m[K [01;31m[Kerror: [m[K‘[01m[Kargs[m[K’ was not declared in this scope
   24 |                                                    [01;31m[Kargs[m[K["network_interface"]);
      |                                                    [01;31m[K^~~~[m[K
make[2]: *** [CMakeFiles/sport_node.dir/build.make:63：CMakeFiles/sport_node.dir/src/sub_cmdvel.cpp.o] 错误 1
make[1]: *** [CMakeFiles/Makefile2:78：CMakeFiles/sport_node.dir/all] 错误 2
make: *** [Makefile:141：all] 错误 2
