[0.029s] Invoking command in '/home/robot/nav2_ws/src/build/cartographer_ros_msgs': CMAKE_PREFIX_PATH=/home/robot/nav2_ws/install/examples_rclpy_minimal_subscriber:/home/robot/nav2_ws/install/examples_rclpy_minimal_service:/home/robot/nav2_ws/install/examples_rclpy_minimal_publisher:/home/robot/nav2_ws/install/examples_rclpy_minimal_client:/home/robot/nav2_ws/install/examples_rclpy_minimal_action_server:/home/robot/nav2_ws/install/examples_rclpy_minimal_action_client:/home/robot/nav2_ws/install/examples_rclpy_executors:/opt/ros/foxy:${CMAKE_PREFIX_PATH} /usr/bin/cmake /home/robot/nav2_ws/src/cartographer_ros/cartographer_ros_msgs -DCMAKE_INSTALL_PREFIX=/home/robot/nav2_ws/src/install/cartographer_ros_msgs
[0.173s] -- The C compiler identification is GNU 9.4.0
[0.173s] -- The CXX compiler identification is GNU 9.4.0
[0.173s] -- Check for working C compiler: /usr/bin/cc
[0.173s] -- Check for working C compiler: /usr/bin/cc -- works
[0.174s] -- Detecting C compiler ABI info
[0.174s] -- Detecting C compiler ABI info - done
[0.174s] -- Detecting C compile features
[0.174s] -- Detecting C compile features - done
[0.174s] -- Check for working CXX compiler: /usr/bin/c++
[0.181s] -- Check for working CXX compiler: /usr/bin/c++ -- works
[0.181s] -- Detecting CXX compiler ABI info
[0.216s] -- Detecting CXX compiler ABI info - done
[0.222s] -- Detecting CXX compile features
[0.222s] -- Detecting CXX compile features - done
[0.223s] -- Found ament_cmake: 0.9.12 (/opt/ros/foxy/share/ament_cmake/cmake)
[0.238s] -- Found PythonInterp: /usr/bin/python3 (found suitable version "3.8.10", minimum required is "3") 
[0.238s] -- Using PYTHON_EXECUTABLE: /usr/bin/python3
[0.345s] -- Found geometry_msgs: 2.0.5 (/opt/ros/foxy/share/geometry_msgs/cmake)
[0.363s] -- Using all available rosidl_typesupport_c: rosidl_typesupport_fastrtps_c;rosidl_typesupport_introspection_c
[0.367s] -- Found rosidl_adapter: 1.3.1 (/opt/ros/foxy/share/rosidl_adapter/cmake)
[0.418s] -- Found OpenSSL: /usr/lib/x86_64-linux-gnu/libcrypto.so (found version "1.1.1f")  
[0.439s] -- Found FastRTPS: /opt/ros/foxy/include  
[0.526s] -- Using all available rosidl_typesupport_cpp: rosidl_typesupport_fastrtps_cpp;rosidl_typesupport_introspection_cpp
[0.595s] -- Found rosidl_default_generators: 1.0.1 (/opt/ros/foxy/share/rosidl_default_generators/cmake)
[0.646s] -- Found PythonInterp: /usr/bin/python3 (found version "3.8.10") 
[1.092s] -- Found ament_cmake_cppcheck: 0.9.8 (/opt/ros/foxy/share/ament_cmake_cppcheck/cmake)
[1.097s] -- Found ament_cmake_cpplint: 0.9.8 (/opt/ros/foxy/share/ament_cmake_cpplint/cmake)
[1.101s] -- Found ament_cmake_uncrustify: 0.9.8 (/opt/ros/foxy/share/ament_cmake_uncrustify/cmake)
[1.108s] -- Found ament_cmake_ros: 0.9.2 (/opt/ros/foxy/share/ament_cmake_ros/cmake)
[1.554s] -- Using all available rosidl_typesupport_c: rosidl_typesupport_fastrtps_c;rosidl_typesupport_introspection_c
[1.732s] -- Using all available rosidl_typesupport_cpp: rosidl_typesupport_fastrtps_cpp;rosidl_typesupport_introspection_cpp
[1.779s] -- Found PythonInterp: /usr/bin/python3 (found suitable version "3.8.10", minimum required is "3.5") 
[1.781s] -- Found python_cmake_module: 0.8.1 (/opt/ros/foxy/share/python_cmake_module/cmake)
[1.806s] -- Found PythonLibs: /usr/lib/x86_64-linux-gnu/libpython3.8.so (found suitable version "3.8.10", minimum required is "3.5") 
[1.806s] -- Using PYTHON_EXECUTABLE: /usr/bin/python3
[1.806s] -- Using PYTHON_INCLUDE_DIRS: /usr/include/python3.8
[1.806s] -- Using PYTHON_LIBRARIES: /usr/lib/x86_64-linux-gnu/libpython3.8.so
[1.850s] -- Found PythonExtra: .so  
[2.213s] -- Found ament_cmake_flake8: 0.9.8 (/opt/ros/foxy/share/ament_cmake_flake8/cmake)
[2.215s] -- Found ament_cmake_pep257: 0.9.8 (/opt/ros/foxy/share/ament_cmake_pep257/cmake)
[2.237s] -- Configuring done
[2.309s] -- Generating done
[2.311s] -- Build files have been written to: /home/robot/nav2_ws/src/build/cartographer_ros_msgs
[2.331s] Invoked command in '/home/robot/nav2_ws/src/build/cartographer_ros_msgs' returned '0': CMAKE_PREFIX_PATH=/home/robot/nav2_ws/install/examples_rclpy_minimal_subscriber:/home/robot/nav2_ws/install/examples_rclpy_minimal_service:/home/robot/nav2_ws/install/examples_rclpy_minimal_publisher:/home/robot/nav2_ws/install/examples_rclpy_minimal_client:/home/robot/nav2_ws/install/examples_rclpy_minimal_action_server:/home/robot/nav2_ws/install/examples_rclpy_minimal_action_client:/home/robot/nav2_ws/install/examples_rclpy_executors:/opt/ros/foxy:${CMAKE_PREFIX_PATH} /usr/bin/cmake /home/robot/nav2_ws/src/cartographer_ros/cartographer_ros_msgs -DCMAKE_INSTALL_PREFIX=/home/robot/nav2_ws/src/install/cartographer_ros_msgs
[2.332s] Invoking command in '/home/robot/nav2_ws/src/build/cartographer_ros_msgs': CMAKE_PREFIX_PATH=/home/robot/nav2_ws/install/examples_rclpy_minimal_subscriber:/home/robot/nav2_ws/install/examples_rclpy_minimal_service:/home/robot/nav2_ws/install/examples_rclpy_minimal_publisher:/home/robot/nav2_ws/install/examples_rclpy_minimal_client:/home/robot/nav2_ws/install/examples_rclpy_minimal_action_server:/home/robot/nav2_ws/install/examples_rclpy_minimal_action_client:/home/robot/nav2_ws/install/examples_rclpy_executors:/opt/ros/foxy:${CMAKE_PREFIX_PATH} /usr/bin/cmake --build /home/robot/nav2_ws/src/build/cartographer_ros_msgs -- -j32 -l32
[2.427s] [35m[1mScanning dependencies of target cartographer_ros_msgs__cpp[0m
[2.441s] [  1%] [34m[1mGenerating C code for ROS interfaces[0m
[2.464s] [  1%] [34m[1mGenerating C++ code for ROS interfaces[0m
[4.396s] [  1%] Built target cartographer_ros_msgs__cpp
[4.439s] [  2%] [34m[1mGenerating C++ type support dispatch for ROS interfaces[0m
[4.460s] [  3%] [34m[1mGenerating C++ type support for eProsima Fast-RTPS[0m
[4.532s] [  3%] [34m[1mGenerating C++ introspection for ROS interfaces[0m
[4.721s] [35m[1mScanning dependencies of target cartographer_ros_msgs__rosidl_generator_c[0m
[4.816s] [  4%] [32mBuilding C object CMakeFiles/cartographer_ros_msgs__rosidl_generator_c.dir/rosidl_generator_c/cartographer_ros_msgs/msg/detail/landmark_entry__functions.c.o[0m
[4.822s] [  4%] [32mBuilding C object CMakeFiles/cartographer_ros_msgs__rosidl_generator_c.dir/rosidl_generator_c/cartographer_ros_msgs/msg/detail/landmark_list__functions.c.o[0m
[4.838s] [  5%] [32mBuilding C object CMakeFiles/cartographer_ros_msgs__rosidl_generator_c.dir/rosidl_generator_c/cartographer_ros_msgs/msg/detail/sensor_topics__functions.c.o[0m
[4.864s] [  6%] [32mBuilding C object CMakeFiles/cartographer_ros_msgs__rosidl_generator_c.dir/rosidl_generator_c/cartographer_ros_msgs/msg/detail/status_code__functions.c.o[0m
[4.949s] [  7%] [32mBuilding C object CMakeFiles/cartographer_ros_msgs__rosidl_generator_c.dir/rosidl_generator_c/cartographer_ros_msgs/msg/detail/status_response__functions.c.o[0m
[4.988s] [  8%] [32mBuilding C object CMakeFiles/cartographer_ros_msgs__rosidl_generator_c.dir/rosidl_generator_c/cartographer_ros_msgs/msg/detail/submap_entry__functions.c.o[0m
[5.016s] [  8%] [32mBuilding C object CMakeFiles/cartographer_ros_msgs__rosidl_generator_c.dir/rosidl_generator_c/cartographer_ros_msgs/msg/detail/submap_list__functions.c.o[0m
[5.045s] [  9%] [32mBuilding C object CMakeFiles/cartographer_ros_msgs__rosidl_generator_c.dir/rosidl_generator_c/cartographer_ros_msgs/msg/detail/submap_texture__functions.c.o[0m
[5.072s] [ 10%] [32mBuilding C object CMakeFiles/cartographer_ros_msgs__rosidl_generator_c.dir/rosidl_generator_c/cartographer_ros_msgs/msg/detail/trajectory_options__functions.c.o[0m
[5.175s] [ 12%] [32mBuilding C object CMakeFiles/cartographer_ros_msgs__rosidl_generator_c.dir/rosidl_generator_c/cartographer_ros_msgs/srv/detail/finish_trajectory__functions.c.o[0m
[5.175s] [ 12%] [32mBuilding C object CMakeFiles/cartographer_ros_msgs__rosidl_generator_c.dir/rosidl_generator_c/cartographer_ros_msgs/srv/detail/start_trajectory__functions.c.o[0m
[5.179s] [ 12%] [32mBuilding C object CMakeFiles/cartographer_ros_msgs__rosidl_generator_c.dir/rosidl_generator_c/cartographer_ros_msgs/srv/detail/submap_query__functions.c.o[0m
[5.204s] [ 13%] [32mBuilding C object CMakeFiles/cartographer_ros_msgs__rosidl_generator_c.dir/rosidl_generator_c/cartographer_ros_msgs/srv/detail/write_state__functions.c.o[0m
[5.400s] [ 14%] [32m[1mLinking C shared library libcartographer_ros_msgs__rosidl_generator_c.so[0m
[5.542s] [ 14%] Built target cartographer_ros_msgs__rosidl_generator_c
[5.603s] [ 15%] [34m[1mGenerating C type support dispatch for ROS interfaces[0m
[5.604s] [ 16%] [34m[1mGenerating C introspection for ROS interfaces[0m
[5.917s] [35m[1mScanning dependencies of target cartographer_ros_msgs__rosidl_typesupport_cpp[0m
[6.012s] [ 17%] [32mBuilding CXX object CMakeFiles/cartographer_ros_msgs__rosidl_typesupport_cpp.dir/rosidl_typesupport_cpp/cartographer_ros_msgs/msg/landmark_entry__type_support.cpp.o[0m
[6.026s] [ 17%] [32mBuilding CXX object CMakeFiles/cartographer_ros_msgs__rosidl_typesupport_cpp.dir/rosidl_typesupport_cpp/cartographer_ros_msgs/msg/sensor_topics__type_support.cpp.o[0m
[6.028s] [ 18%] [32mBuilding CXX object CMakeFiles/cartographer_ros_msgs__rosidl_typesupport_cpp.dir/rosidl_typesupport_cpp/cartographer_ros_msgs/msg/landmark_list__type_support.cpp.o[0m
[6.028s] [35m[1mScanning dependencies of target cartographer_ros_msgs__rosidl_typesupport_introspection_cpp[0m
[6.047s] [ 19%] [32mBuilding CXX object CMakeFiles/cartographer_ros_msgs__rosidl_typesupport_cpp.dir/rosidl_typesupport_cpp/cartographer_ros_msgs/msg/status_code__type_support.cpp.o[0m
[6.095s] [ 20%] [32mBuilding CXX object CMakeFiles/cartographer_ros_msgs__rosidl_typesupport_introspection_cpp.dir/rosidl_typesupport_introspection_cpp/cartographer_ros_msgs/msg/detail/landmark_entry__type_support.cpp.o[0m
[6.100s] [ 21%] [32mBuilding CXX object CMakeFiles/cartographer_ros_msgs__rosidl_typesupport_cpp.dir/rosidl_typesupport_cpp/cartographer_ros_msgs/msg/status_response__type_support.cpp.o[0m
[6.125s] [ 22%] [32mBuilding CXX object CMakeFiles/cartographer_ros_msgs__rosidl_typesupport_cpp.dir/rosidl_typesupport_cpp/cartographer_ros_msgs/msg/submap_entry__type_support.cpp.o[0m
[6.140s] [ 23%] [32mBuilding CXX object CMakeFiles/cartographer_ros_msgs__rosidl_typesupport_cpp.dir/rosidl_typesupport_cpp/cartographer_ros_msgs/msg/submap_list__type_support.cpp.o[0m
[6.143s] [ 24%] [32mBuilding CXX object CMakeFiles/cartographer_ros_msgs__rosidl_typesupport_introspection_cpp.dir/rosidl_typesupport_introspection_cpp/cartographer_ros_msgs/msg/detail/landmark_list__type_support.cpp.o[0m
[6.146s] [ 24%] [32mBuilding CXX object CMakeFiles/cartographer_ros_msgs__rosidl_typesupport_cpp.dir/rosidl_typesupport_cpp/cartographer_ros_msgs/msg/submap_texture__type_support.cpp.o[0m
[6.193s] [ 25%] [32mBuilding CXX object CMakeFiles/cartographer_ros_msgs__rosidl_typesupport_introspection_cpp.dir/rosidl_typesupport_introspection_cpp/cartographer_ros_msgs/msg/detail/sensor_topics__type_support.cpp.o[0m
[6.213s] [ 26%] [32mBuilding CXX object CMakeFiles/cartographer_ros_msgs__rosidl_typesupport_introspection_cpp.dir/rosidl_typesupport_introspection_cpp/cartographer_ros_msgs/msg/detail/status_code__type_support.cpp.o[0m
[6.233s] [ 27%] [32mBuilding CXX object CMakeFiles/cartographer_ros_msgs__rosidl_typesupport_cpp.dir/rosidl_typesupport_cpp/cartographer_ros_msgs/msg/trajectory_options__type_support.cpp.o[0m
[6.253s] [ 28%] [32mBuilding CXX object CMakeFiles/cartographer_ros_msgs__rosidl_typesupport_cpp.dir/rosidl_typesupport_cpp/cartographer_ros_msgs/srv/finish_trajectory__type_support.cpp.o[0m
[6.294s] [ 29%] [32mBuilding CXX object CMakeFiles/cartographer_ros_msgs__rosidl_typesupport_cpp.dir/rosidl_typesupport_cpp/cartographer_ros_msgs/srv/start_trajectory__type_support.cpp.o[0m
[6.313s] [ 29%] [32mBuilding CXX object CMakeFiles/cartographer_ros_msgs__rosidl_typesupport_introspection_cpp.dir/rosidl_typesupport_introspection_cpp/cartographer_ros_msgs/msg/detail/status_response__type_support.cpp.o[0m
[6.321s] [ 30%] [32mBuilding CXX object CMakeFiles/cartographer_ros_msgs__rosidl_typesupport_introspection_cpp.dir/rosidl_typesupport_introspection_cpp/cartographer_ros_msgs/msg/detail/submap_entry__type_support.cpp.o[0m
[6.323s] [ 31%] [32mBuilding CXX object CMakeFiles/cartographer_ros_msgs__rosidl_typesupport_introspection_cpp.dir/rosidl_typesupport_introspection_cpp/cartographer_ros_msgs/msg/detail/submap_list__type_support.cpp.o[0m
[6.349s] [ 32%] [32mBuilding CXX object CMakeFiles/cartographer_ros_msgs__rosidl_typesupport_introspection_cpp.dir/rosidl_typesupport_introspection_cpp/cartographer_ros_msgs/msg/detail/submap_texture__type_support.cpp.o[0m
[6.374s] [ 33%] [32mBuilding CXX object CMakeFiles/cartographer_ros_msgs__rosidl_typesupport_introspection_cpp.dir/rosidl_typesupport_introspection_cpp/cartographer_ros_msgs/msg/detail/trajectory_options__type_support.cpp.o[0m
[6.384s] [ 34%] [32mBuilding CXX object CMakeFiles/cartographer_ros_msgs__rosidl_typesupport_cpp.dir/rosidl_typesupport_cpp/cartographer_ros_msgs/srv/submap_query__type_support.cpp.o[0m
[6.411s] [ 34%] [32mBuilding CXX object CMakeFiles/cartographer_ros_msgs__rosidl_typesupport_cpp.dir/rosidl_typesupport_cpp/cartographer_ros_msgs/srv/write_state__type_support.cpp.o[0m
[6.435s] [ 34%] [32mBuilding CXX object CMakeFiles/cartographer_ros_msgs__rosidl_typesupport_introspection_cpp.dir/rosidl_typesupport_introspection_cpp/cartographer_ros_msgs/srv/detail/finish_trajectory__type_support.cpp.o[0m
[6.484s] [ 35%] [32mBuilding CXX object CMakeFiles/cartographer_ros_msgs__rosidl_typesupport_introspection_cpp.dir/rosidl_typesupport_introspection_cpp/cartographer_ros_msgs/srv/detail/start_trajectory__type_support.cpp.o[0m
[6.532s] [ 36%] [32mBuilding CXX object CMakeFiles/cartographer_ros_msgs__rosidl_typesupport_introspection_cpp.dir/rosidl_typesupport_introspection_cpp/cartographer_ros_msgs/srv/detail/submap_query__type_support.cpp.o[0m
[6.538s] [35m[1mScanning dependencies of target cartographer_ros_msgs__rosidl_typesupport_fastrtps_cpp[0m
[6.555s] [ 37%] [32mBuilding CXX object CMakeFiles/cartographer_ros_msgs__rosidl_typesupport_introspection_cpp.dir/rosidl_typesupport_introspection_cpp/cartographer_ros_msgs/srv/detail/write_state__type_support.cpp.o[0m
[6.619s] [ 38%] [32mBuilding CXX object CMakeFiles/cartographer_ros_msgs__rosidl_typesupport_fastrtps_cpp.dir/rosidl_typesupport_fastrtps_cpp/cartographer_ros_msgs/msg/detail/dds_fastrtps/landmark_entry__type_support.cpp.o[0m
[6.643s] [ 39%] [32mBuilding CXX object CMakeFiles/cartographer_ros_msgs__rosidl_typesupport_fastrtps_cpp.dir/rosidl_typesupport_fastrtps_cpp/cartographer_ros_msgs/msg/detail/dds_fastrtps/landmark_list__type_support.cpp.o[0m
[6.715s] [ 40%] [32mBuilding CXX object CMakeFiles/cartographer_ros_msgs__rosidl_typesupport_fastrtps_cpp.dir/rosidl_typesupport_fastrtps_cpp/cartographer_ros_msgs/msg/detail/dds_fastrtps/sensor_topics__type_support.cpp.o[0m
[6.720s] [ 40%] [32mBuilding CXX object CMakeFiles/cartographer_ros_msgs__rosidl_typesupport_fastrtps_cpp.dir/rosidl_typesupport_fastrtps_cpp/cartographer_ros_msgs/msg/detail/dds_fastrtps/status_code__type_support.cpp.o[0m
[6.738s] [ 41%] [32mBuilding CXX object CMakeFiles/cartographer_ros_msgs__rosidl_typesupport_fastrtps_cpp.dir/rosidl_typesupport_fastrtps_cpp/cartographer_ros_msgs/msg/detail/dds_fastrtps/status_response__type_support.cpp.o[0m
[6.792s] [ 42%] [32mBuilding CXX object CMakeFiles/cartographer_ros_msgs__rosidl_typesupport_fastrtps_cpp.dir/rosidl_typesupport_fastrtps_cpp/cartographer_ros_msgs/msg/detail/dds_fastrtps/submap_entry__type_support.cpp.o[0m
[6.806s] [ 43%] [32mBuilding CXX object CMakeFiles/cartographer_ros_msgs__rosidl_typesupport_fastrtps_cpp.dir/rosidl_typesupport_fastrtps_cpp/cartographer_ros_msgs/msg/detail/dds_fastrtps/submap_list__type_support.cpp.o[0m
[6.832s] [ 44%] [32mBuilding CXX object CMakeFiles/cartographer_ros_msgs__rosidl_typesupport_fastrtps_cpp.dir/rosidl_typesupport_fastrtps_cpp/cartographer_ros_msgs/msg/detail/dds_fastrtps/submap_texture__type_support.cpp.o[0m
[6.840s] [ 44%] [32mBuilding CXX object CMakeFiles/cartographer_ros_msgs__rosidl_typesupport_fastrtps_cpp.dir/rosidl_typesupport_fastrtps_cpp/cartographer_ros_msgs/msg/detail/dds_fastrtps/trajectory_options__type_support.cpp.o[0m
[6.873s] [ 45%] [32m[1mLinking CXX shared library libcartographer_ros_msgs__rosidl_typesupport_cpp.so[0m
[6.914s] [ 46%] [32mBuilding CXX object CMakeFiles/cartographer_ros_msgs__rosidl_typesupport_fastrtps_cpp.dir/rosidl_typesupport_fastrtps_cpp/cartographer_ros_msgs/srv/detail/dds_fastrtps/finish_trajectory__type_support.cpp.o[0m
[6.937s] [ 47%] [32mBuilding CXX object CMakeFiles/cartographer_ros_msgs__rosidl_typesupport_fastrtps_cpp.dir/rosidl_typesupport_fastrtps_cpp/cartographer_ros_msgs/srv/detail/dds_fastrtps/start_trajectory__type_support.cpp.o[0m
[6.951s] [ 48%] [32mBuilding CXX object CMakeFiles/cartographer_ros_msgs__rosidl_typesupport_fastrtps_cpp.dir/rosidl_typesupport_fastrtps_cpp/cartographer_ros_msgs/srv/detail/dds_fastrtps/write_state__type_support.cpp.o[0m
[6.951s] [ 49%] [32mBuilding CXX object CMakeFiles/cartographer_ros_msgs__rosidl_typesupport_fastrtps_cpp.dir/rosidl_typesupport_fastrtps_cpp/cartographer_ros_msgs/srv/detail/dds_fastrtps/submap_query__type_support.cpp.o[0m
[7.019s] [ 49%] Built target cartographer_ros_msgs__rosidl_typesupport_cpp
[7.071s] [35m[1mScanning dependencies of target cartographer_ros_msgs__rosidl_typesupport_c[0m
[7.097s] [ 50%] [32m[1mLinking CXX shared library libcartographer_ros_msgs__rosidl_typesupport_introspection_cpp.so[0m
[7.145s] [ 50%] [32mBuilding CXX object CMakeFiles/cartographer_ros_msgs__rosidl_typesupport_c.dir/rosidl_typesupport_c/cartographer_ros_msgs/msg/landmark_entry__type_support.cpp.o[0m
[7.169s] [ 51%] [32mBuilding CXX object CMakeFiles/cartographer_ros_msgs__rosidl_typesupport_c.dir/rosidl_typesupport_c/cartographer_ros_msgs/msg/landmark_list__type_support.cpp.o[0m
[7.175s] [ 52%] [32mBuilding CXX object CMakeFiles/cartographer_ros_msgs__rosidl_typesupport_c.dir/rosidl_typesupport_c/cartographer_ros_msgs/msg/sensor_topics__type_support.cpp.o[0m
[7.204s] [ 53%] [32mBuilding CXX object CMakeFiles/cartographer_ros_msgs__rosidl_typesupport_c.dir/rosidl_typesupport_c/cartographer_ros_msgs/msg/status_code__type_support.cpp.o[0m
[7.268s] [ 54%] [32mBuilding CXX object CMakeFiles/cartographer_ros_msgs__rosidl_typesupport_c.dir/rosidl_typesupport_c/cartographer_ros_msgs/msg/status_response__type_support.cpp.o[0m
[7.304s] [ 54%] [32mBuilding CXX object CMakeFiles/cartographer_ros_msgs__rosidl_typesupport_c.dir/rosidl_typesupport_c/cartographer_ros_msgs/msg/submap_entry__type_support.cpp.o[0m
[7.310s] [ 54%] Built target cartographer_ros_msgs__rosidl_typesupport_introspection_cpp
[7.329s] [ 55%] [32mBuilding CXX object CMakeFiles/cartographer_ros_msgs__rosidl_typesupport_c.dir/rosidl_typesupport_c/cartographer_ros_msgs/msg/submap_list__type_support.cpp.o[0m
[7.350s] [ 56%] [32mBuilding CXX object CMakeFiles/cartographer_ros_msgs__rosidl_typesupport_c.dir/rosidl_typesupport_c/cartographer_ros_msgs/msg/submap_texture__type_support.cpp.o[0m
[7.360s] [ 57%] [32mBuilding CXX object CMakeFiles/cartographer_ros_msgs__rosidl_typesupport_c.dir/rosidl_typesupport_c/cartographer_ros_msgs/msg/trajectory_options__type_support.cpp.o[0m
[7.395s] [ 58%] [32mBuilding CXX object CMakeFiles/cartographer_ros_msgs__rosidl_typesupport_c.dir/rosidl_typesupport_c/cartographer_ros_msgs/srv/finish_trajectory__type_support.cpp.o[0m
[7.424s] [ 58%] [32mBuilding CXX object CMakeFiles/cartographer_ros_msgs__rosidl_typesupport_c.dir/rosidl_typesupport_c/cartographer_ros_msgs/srv/start_trajectory__type_support.cpp.o[0m
[7.436s] [35m[1mScanning dependencies of target cartographer_ros_msgs__rosidl_typesupport_introspection_c[0m
[7.436s] [ 59%] [32mBuilding CXX object CMakeFiles/cartographer_ros_msgs__rosidl_typesupport_c.dir/rosidl_typesupport_c/cartographer_ros_msgs/srv/submap_query__type_support.cpp.o[0m
[7.444s] [ 60%] [32mBuilding CXX object CMakeFiles/cartographer_ros_msgs__rosidl_typesupport_c.dir/rosidl_typesupport_c/cartographer_ros_msgs/srv/write_state__type_support.cpp.o[0m
[7.507s] [ 61%] [32mBuilding C object CMakeFiles/cartographer_ros_msgs__rosidl_typesupport_introspection_c.dir/rosidl_typesupport_introspection_c/cartographer_ros_msgs/msg/detail/landmark_entry__type_support.c.o[0m
[7.516s] [ 62%] [32mBuilding C object CMakeFiles/cartographer_ros_msgs__rosidl_typesupport_introspection_c.dir/rosidl_typesupport_introspection_c/cartographer_ros_msgs/msg/detail/landmark_list__type_support.c.o[0m
[7.545s] [ 62%] [32mBuilding C object CMakeFiles/cartographer_ros_msgs__rosidl_typesupport_introspection_c.dir/rosidl_typesupport_introspection_c/cartographer_ros_msgs/msg/detail/sensor_topics__type_support.c.o[0m
[7.546s] [ 63%] [32m[1mLinking CXX shared library libcartographer_ros_msgs__rosidl_typesupport_c.so[0m
[7.572s] [ 64%] [32mBuilding C object CMakeFiles/cartographer_ros_msgs__rosidl_typesupport_introspection_c.dir/rosidl_typesupport_introspection_c/cartographer_ros_msgs/msg/detail/status_code__type_support.c.o[0m
[7.596s] [ 65%] [32mBuilding C object CMakeFiles/cartographer_ros_msgs__rosidl_typesupport_introspection_c.dir/rosidl_typesupport_introspection_c/cartographer_ros_msgs/msg/detail/status_response__type_support.c.o[0m
[7.625s] [ 66%] [32mBuilding C object CMakeFiles/cartographer_ros_msgs__rosidl_typesupport_introspection_c.dir/rosidl_typesupport_introspection_c/cartographer_ros_msgs/msg/detail/submap_entry__type_support.c.o[0m
[7.648s] [ 66%] Built target cartographer_ros_msgs__rosidl_typesupport_c
[7.665s] [ 66%] [32mBuilding C object CMakeFiles/cartographer_ros_msgs__rosidl_typesupport_introspection_c.dir/rosidl_typesupport_introspection_c/cartographer_ros_msgs/msg/detail/submap_texture__type_support.c.o[0m
[7.671s] [ 66%] [32m[1mLinking CXX shared library libcartographer_ros_msgs__rosidl_typesupport_fastrtps_cpp.so[0m
[7.675s] [ 67%] [32mBuilding C object CMakeFiles/cartographer_ros_msgs__rosidl_typesupport_introspection_c.dir/rosidl_typesupport_introspection_c/cartographer_ros_msgs/msg/detail/submap_list__type_support.c.o[0m
[7.679s] [ 68%] [32mBuilding C object CMakeFiles/cartographer_ros_msgs__rosidl_typesupport_introspection_c.dir/rosidl_typesupport_introspection_c/cartographer_ros_msgs/msg/detail/trajectory_options__type_support.c.o[0m
[7.717s] [ 70%] [32mBuilding C object CMakeFiles/cartographer_ros_msgs__rosidl_typesupport_introspection_c.dir/rosidl_typesupport_introspection_c/cartographer_ros_msgs/srv/detail/start_trajectory__type_support.c.o[0m
[7.717s] [ 70%] [32mBuilding C object CMakeFiles/cartographer_ros_msgs__rosidl_typesupport_introspection_c.dir/rosidl_typesupport_introspection_c/cartographer_ros_msgs/srv/detail/finish_trajectory__type_support.c.o[0m
[7.729s] [ 71%] [32mBuilding C object CMakeFiles/cartographer_ros_msgs__rosidl_typesupport_introspection_c.dir/rosidl_typesupport_introspection_c/cartographer_ros_msgs/srv/detail/submap_query__type_support.c.o[0m
[7.752s] [ 71%] [32mBuilding C object CMakeFiles/cartographer_ros_msgs__rosidl_typesupport_introspection_c.dir/rosidl_typesupport_introspection_c/cartographer_ros_msgs/srv/detail/write_state__type_support.c.o[0m
[7.887s] [ 72%] [32m[1mLinking C shared library libcartographer_ros_msgs__rosidl_typesupport_introspection_c.so[0m
[7.907s] [ 72%] Built target cartographer_ros_msgs__rosidl_typesupport_fastrtps_cpp
[7.957s] [ 72%] Built target cartographer_ros_msgs__rosidl_typesupport_introspection_c
[7.974s] [ 73%] [34m[1mGenerating C type support for eProsima Fast-RTPS[0m
[9.906s] [35m[1mScanning dependencies of target cartographer_ros_msgs__rosidl_typesupport_fastrtps_c[0m
[9.950s] [ 74%] [32mBuilding CXX object CMakeFiles/cartographer_ros_msgs__rosidl_typesupport_fastrtps_c.dir/rosidl_typesupport_fastrtps_c/cartographer_ros_msgs/msg/detail/landmark_entry__type_support_c.cpp.o[0m
[9.968s] [ 75%] [32mBuilding CXX object CMakeFiles/cartographer_ros_msgs__rosidl_typesupport_fastrtps_c.dir/rosidl_typesupport_fastrtps_c/cartographer_ros_msgs/msg/detail/sensor_topics__type_support_c.cpp.o[0m
[9.991s] [ 75%] [32mBuilding CXX object CMakeFiles/cartographer_ros_msgs__rosidl_typesupport_fastrtps_c.dir/rosidl_typesupport_fastrtps_c/cartographer_ros_msgs/msg/detail/landmark_list__type_support_c.cpp.o[0m
[10.013s] [ 76%] [32mBuilding CXX object CMakeFiles/cartographer_ros_msgs__rosidl_typesupport_fastrtps_c.dir/rosidl_typesupport_fastrtps_c/cartographer_ros_msgs/msg/detail/status_code__type_support_c.cpp.o[0m
[10.014s] [ 77%] [32mBuilding CXX object CMakeFiles/cartographer_ros_msgs__rosidl_typesupport_fastrtps_c.dir/rosidl_typesupport_fastrtps_c/cartographer_ros_msgs/msg/detail/status_response__type_support_c.cpp.o[0m
[10.043s] [ 78%] [32mBuilding CXX object CMakeFiles/cartographer_ros_msgs__rosidl_typesupport_fastrtps_c.dir/rosidl_typesupport_fastrtps_c/cartographer_ros_msgs/msg/detail/submap_entry__type_support_c.cpp.o[0m
[10.057s] [ 78%] [32mBuilding CXX object CMakeFiles/cartographer_ros_msgs__rosidl_typesupport_fastrtps_c.dir/rosidl_typesupport_fastrtps_c/cartographer_ros_msgs/msg/detail/submap_list__type_support_c.cpp.o[0m
[10.132s] [ 79%] [32mBuilding CXX object CMakeFiles/cartographer_ros_msgs__rosidl_typesupport_fastrtps_c.dir/rosidl_typesupport_fastrtps_c/cartographer_ros_msgs/msg/detail/submap_texture__type_support_c.cpp.o[0m
[10.164s] [ 80%] [32mBuilding CXX object CMakeFiles/cartographer_ros_msgs__rosidl_typesupport_fastrtps_c.dir/rosidl_typesupport_fastrtps_c/cartographer_ros_msgs/msg/detail/trajectory_options__type_support_c.cpp.o[0m
[10.177s] [ 81%] [32mBuilding CXX object CMakeFiles/cartographer_ros_msgs__rosidl_typesupport_fastrtps_c.dir/rosidl_typesupport_fastrtps_c/cartographer_ros_msgs/srv/detail/finish_trajectory__type_support_c.cpp.o[0m
[10.234s] [ 82%] [32mBuilding CXX object CMakeFiles/cartographer_ros_msgs__rosidl_typesupport_fastrtps_c.dir/rosidl_typesupport_fastrtps_c/cartographer_ros_msgs/srv/detail/start_trajectory__type_support_c.cpp.o[0m
[10.236s] [ 82%] [32mBuilding CXX object CMakeFiles/cartographer_ros_msgs__rosidl_typesupport_fastrtps_c.dir/rosidl_typesupport_fastrtps_c/cartographer_ros_msgs/srv/detail/submap_query__type_support_c.cpp.o[0m
[10.256s] [ 83%] [32mBuilding CXX object CMakeFiles/cartographer_ros_msgs__rosidl_typesupport_fastrtps_c.dir/rosidl_typesupport_fastrtps_c/cartographer_ros_msgs/srv/detail/write_state__type_support_c.cpp.o[0m
[10.878s] [ 84%] [32m[1mLinking CXX shared library libcartographer_ros_msgs__rosidl_typesupport_fastrtps_c.so[0m
[11.069s] [ 84%] Built target cartographer_ros_msgs__rosidl_typesupport_fastrtps_c
[11.117s] [35m[1mScanning dependencies of target cartographer_ros_msgs[0m
[11.167s] [ 84%] Built target cartographer_ros_msgs
[11.196s] [35m[1mScanning dependencies of target cartographer_ros_msgs__py[0m
[11.261s] [ 85%] [34m[1mGenerating Python code for ROS interfaces[0m
[13.599s] [ 85%] Built target cartographer_ros_msgs__py
[13.634s] [35m[1mScanning dependencies of target cartographer_ros_msgs__python[0m
[13.767s] [ 86%] [32mBuilding C object CMakeFiles/cartographer_ros_msgs__python.dir/rosidl_generator_py/cartographer_ros_msgs/msg/_landmark_list_s.c.o[0m
[13.772s] [ 87%] [32mBuilding C object CMakeFiles/cartographer_ros_msgs__python.dir/rosidl_generator_py/cartographer_ros_msgs/msg/_landmark_entry_s.c.o[0m
[13.778s] [ 87%] [32mBuilding C object CMakeFiles/cartographer_ros_msgs__python.dir/rosidl_generator_py/cartographer_ros_msgs/msg/_sensor_topics_s.c.o[0m
[13.794s] [ 88%] [32mBuilding C object CMakeFiles/cartographer_ros_msgs__python.dir/rosidl_generator_py/cartographer_ros_msgs/msg/_status_code_s.c.o[0m
[13.867s] [ 89%] [32mBuilding C object CMakeFiles/cartographer_ros_msgs__python.dir/rosidl_generator_py/cartographer_ros_msgs/msg/_status_response_s.c.o[0m
[13.870s] [ 90%] [32mBuilding C object CMakeFiles/cartographer_ros_msgs__python.dir/rosidl_generator_py/cartographer_ros_msgs/msg/_submap_entry_s.c.o[0m
[13.899s] [ 91%] [32mBuilding C object CMakeFiles/cartographer_ros_msgs__python.dir/rosidl_generator_py/cartographer_ros_msgs/msg/_submap_list_s.c.o[0m
[13.903s] [ 91%] [32mBuilding C object CMakeFiles/cartographer_ros_msgs__python.dir/rosidl_generator_py/cartographer_ros_msgs/msg/_submap_texture_s.c.o[0m
[13.952s] [ 92%] [32mBuilding C object CMakeFiles/cartographer_ros_msgs__python.dir/rosidl_generator_py/cartographer_ros_msgs/msg/_trajectory_options_s.c.o[0m
[13.961s] [ 93%] [32mBuilding C object CMakeFiles/cartographer_ros_msgs__python.dir/rosidl_generator_py/cartographer_ros_msgs/srv/_finish_trajectory_s.c.o[0m
[13.973s] [ 94%] [32mBuilding C object CMakeFiles/cartographer_ros_msgs__python.dir/rosidl_generator_py/cartographer_ros_msgs/srv/_start_trajectory_s.c.o[0m
[14.008s] [ 95%] [32mBuilding C object CMakeFiles/cartographer_ros_msgs__python.dir/rosidl_generator_py/cartographer_ros_msgs/srv/_submap_query_s.c.o[0m
[14.016s] [ 95%] [32mBuilding C object CMakeFiles/cartographer_ros_msgs__python.dir/rosidl_generator_py/cartographer_ros_msgs/srv/_write_state_s.c.o[0m
[14.164s] [ 96%] [32m[1mLinking C shared library rosidl_generator_py/cartographer_ros_msgs/libcartographer_ros_msgs__python.so[0m
[14.250s] [ 96%] Built target cartographer_ros_msgs__python
[14.269s] [35m[1mScanning dependencies of target cartographer_ros_msgs__rosidl_typesupport_fastrtps_c__pyext[0m
[14.297s] [35m[1mScanning dependencies of target cartographer_ros_msgs__rosidl_typesupport_c__pyext[0m
[14.301s] [35m[1mScanning dependencies of target cartographer_ros_msgs__rosidl_typesupport_introspection_c__pyext[0m
[14.313s] [ 97%] [32mBuilding C object CMakeFiles/cartographer_ros_msgs__rosidl_typesupport_fastrtps_c__pyext.dir/rosidl_generator_py/cartographer_ros_msgs/_cartographer_ros_msgs_s.ep.rosidl_typesupport_fastrtps_c.c.o[0m
[14.332s] [ 98%] [32mBuilding C object CMakeFiles/cartographer_ros_msgs__rosidl_typesupport_introspection_c__pyext.dir/rosidl_generator_py/cartographer_ros_msgs/_cartographer_ros_msgs_s.ep.rosidl_typesupport_introspection_c.c.o[0m
[14.343s] [ 99%] [32mBuilding C object CMakeFiles/cartographer_ros_msgs__rosidl_typesupport_c__pyext.dir/rosidl_generator_py/cartographer_ros_msgs/_cartographer_ros_msgs_s.ep.rosidl_typesupport_c.c.o[0m
[14.436s] [100%] [32m[1mLinking C shared library rosidl_generator_py/cartographer_ros_msgs/cartographer_ros_msgs_s__rosidl_typesupport_introspection_c.cpython-38-x86_64-linux-gnu.so[0m
[14.480s] [100%] [32m[1mLinking CXX shared library rosidl_generator_py/cartographer_ros_msgs/cartographer_ros_msgs_s__rosidl_typesupport_fastrtps_c.cpython-38-x86_64-linux-gnu.so[0m
[14.492s] [100%] Built target cartographer_ros_msgs__rosidl_typesupport_introspection_c__pyext
[14.507s] [100%] [32m[1mLinking C shared library rosidl_generator_py/cartographer_ros_msgs/cartographer_ros_msgs_s__rosidl_typesupport_c.cpython-38-x86_64-linux-gnu.so[0m
[14.550s] [100%] Built target cartographer_ros_msgs__rosidl_typesupport_c__pyext
[14.551s] [100%] Built target cartographer_ros_msgs__rosidl_typesupport_fastrtps_c__pyext
[14.563s] Invoked command in '/home/robot/nav2_ws/src/build/cartographer_ros_msgs' returned '0': CMAKE_PREFIX_PATH=/home/robot/nav2_ws/install/examples_rclpy_minimal_subscriber:/home/robot/nav2_ws/install/examples_rclpy_minimal_service:/home/robot/nav2_ws/install/examples_rclpy_minimal_publisher:/home/robot/nav2_ws/install/examples_rclpy_minimal_client:/home/robot/nav2_ws/install/examples_rclpy_minimal_action_server:/home/robot/nav2_ws/install/examples_rclpy_minimal_action_client:/home/robot/nav2_ws/install/examples_rclpy_executors:/opt/ros/foxy:${CMAKE_PREFIX_PATH} /usr/bin/cmake --build /home/robot/nav2_ws/src/build/cartographer_ros_msgs -- -j32 -l32
[14.690s] Invoking command in '/home/robot/nav2_ws/src/build/cartographer_ros_msgs': CMAKE_PREFIX_PATH=/home/robot/nav2_ws/install/examples_rclpy_minimal_subscriber:/home/robot/nav2_ws/install/examples_rclpy_minimal_service:/home/robot/nav2_ws/install/examples_rclpy_minimal_publisher:/home/robot/nav2_ws/install/examples_rclpy_minimal_client:/home/robot/nav2_ws/install/examples_rclpy_minimal_action_server:/home/robot/nav2_ws/install/examples_rclpy_minimal_action_client:/home/robot/nav2_ws/install/examples_rclpy_executors:/opt/ros/foxy:${CMAKE_PREFIX_PATH} /usr/bin/cmake --install /home/robot/nav2_ws/src/build/cartographer_ros_msgs
[14.698s] -- Install configuration: ""
[14.698s] -- Installing: /home/robot/nav2_ws/src/install/cartographer_ros_msgs/share/ament_index/resource_index/rosidl_interfaces/cartographer_ros_msgs
[14.698s] -- Installing: /home/robot/nav2_ws/src/install/cartographer_ros_msgs/include/cartographer_ros_msgs
[14.698s] -- Installing: /home/robot/nav2_ws/src/install/cartographer_ros_msgs/include/cartographer_ros_msgs/srv
[14.698s] -- Installing: /home/robot/nav2_ws/src/install/cartographer_ros_msgs/include/cartographer_ros_msgs/srv/finish_trajectory.h
[14.698s] -- Installing: /home/robot/nav2_ws/src/install/cartographer_ros_msgs/include/cartographer_ros_msgs/srv/write_state.h
[14.698s] -- Installing: /home/robot/nav2_ws/src/install/cartographer_ros_msgs/include/cartographer_ros_msgs/srv/detail
[14.698s] -- Installing: /home/robot/nav2_ws/src/install/cartographer_ros_msgs/include/cartographer_ros_msgs/srv/detail/submap_query__functions.h
[14.698s] -- Installing: /home/robot/nav2_ws/src/install/cartographer_ros_msgs/include/cartographer_ros_msgs/srv/detail/finish_trajectory__struct.h
[14.699s] -- Installing: /home/robot/nav2_ws/src/install/cartographer_ros_msgs/include/cartographer_ros_msgs/srv/detail/submap_query__functions.c
[14.699s] -- Installing: /home/robot/nav2_ws/src/install/cartographer_ros_msgs/include/cartographer_ros_msgs/srv/detail/finish_trajectory__functions.c
[14.699s] -- Installing: /home/robot/nav2_ws/src/install/cartographer_ros_msgs/include/cartographer_ros_msgs/srv/detail/write_state__functions.c
[14.699s] -- Installing: /home/robot/nav2_ws/src/install/cartographer_ros_msgs/include/cartographer_ros_msgs/srv/detail/write_state__functions.h
[14.699s] -- Installing: /home/robot/nav2_ws/src/install/cartographer_ros_msgs/include/cartographer_ros_msgs/srv/detail/submap_query__struct.h
[14.699s] -- Installing: /home/robot/nav2_ws/src/install/cartographer_ros_msgs/include/cartographer_ros_msgs/srv/detail/start_trajectory__struct.h
[14.699s] -- Installing: /home/robot/nav2_ws/src/install/cartographer_ros_msgs/include/cartographer_ros_msgs/srv/detail/finish_trajectory__functions.h
[14.699s] -- Installing: /home/robot/nav2_ws/src/install/cartographer_ros_msgs/include/cartographer_ros_msgs/srv/detail/write_state__type_support.h
[14.699s] -- Installing: /home/robot/nav2_ws/src/install/cartographer_ros_msgs/include/cartographer_ros_msgs/srv/detail/write_state__struct.h
[14.699s] -- Installing: /home/robot/nav2_ws/src/install/cartographer_ros_msgs/include/cartographer_ros_msgs/srv/detail/start_trajectory__type_support.h
[14.699s] -- Installing: /home/robot/nav2_ws/src/install/cartographer_ros_msgs/include/cartographer_ros_msgs/srv/detail/start_trajectory__functions.h
[14.699s] -- Installing: /home/robot/nav2_ws/src/install/cartographer_ros_msgs/include/cartographer_ros_msgs/srv/detail/finish_trajectory__type_support.h
[14.699s] -- Installing: /home/robot/nav2_ws/src/install/cartographer_ros_msgs/include/cartographer_ros_msgs/srv/detail/start_trajectory__functions.c
[14.699s] -- Installing: /home/robot/nav2_ws/src/install/cartographer_ros_msgs/include/cartographer_ros_msgs/srv/detail/submap_query__type_support.h
[14.699s] -- Installing: /home/robot/nav2_ws/src/install/cartographer_ros_msgs/include/cartographer_ros_msgs/srv/submap_query.h
[14.699s] -- Installing: /home/robot/nav2_ws/src/install/cartographer_ros_msgs/include/cartographer_ros_msgs/srv/start_trajectory.h
[14.699s] -- Installing: /home/robot/nav2_ws/src/install/cartographer_ros_msgs/include/cartographer_ros_msgs/msg
[14.699s] -- Installing: /home/robot/nav2_ws/src/install/cartographer_ros_msgs/include/cartographer_ros_msgs/msg/rosidl_generator_c__visibility_control.h
[14.699s] -- Installing: /home/robot/nav2_ws/src/install/cartographer_ros_msgs/include/cartographer_ros_msgs/msg/submap_entry.h
[14.699s] -- Installing: /home/robot/nav2_ws/src/install/cartographer_ros_msgs/include/cartographer_ros_msgs/msg/trajectory_options.h
[14.699s] -- Installing: /home/robot/nav2_ws/src/install/cartographer_ros_msgs/include/cartographer_ros_msgs/msg/submap_texture.h
[14.699s] -- Installing: /home/robot/nav2_ws/src/install/cartographer_ros_msgs/include/cartographer_ros_msgs/msg/status_response.h
[14.700s] -- Installing: /home/robot/nav2_ws/src/install/cartographer_ros_msgs/include/cartographer_ros_msgs/msg/detail
[14.700s] -- Installing: /home/robot/nav2_ws/src/install/cartographer_ros_msgs/include/cartographer_ros_msgs/msg/detail/status_code__struct.h
[14.700s] -- Installing: /home/robot/nav2_ws/src/install/cartographer_ros_msgs/include/cartographer_ros_msgs/msg/detail/status_response__type_support.h
[14.700s] -- Installing: /home/robot/nav2_ws/src/install/cartographer_ros_msgs/include/cartographer_ros_msgs/msg/detail/trajectory_options__struct.h
[14.700s] -- Installing: /home/robot/nav2_ws/src/install/cartographer_ros_msgs/include/cartographer_ros_msgs/msg/detail/status_code__functions.c
[14.700s] -- Installing: /home/robot/nav2_ws/src/install/cartographer_ros_msgs/include/cartographer_ros_msgs/msg/detail/trajectory_options__functions.c
[14.700s] -- Installing: /home/robot/nav2_ws/src/install/cartographer_ros_msgs/include/cartographer_ros_msgs/msg/detail/status_code__functions.h
[14.700s] -- Installing: /home/robot/nav2_ws/src/install/cartographer_ros_msgs/include/cartographer_ros_msgs/msg/detail/trajectory_options__type_support.h
[14.700s] -- Installing: /home/robot/nav2_ws/src/install/cartographer_ros_msgs/include/cartographer_ros_msgs/msg/detail/submap_texture__functions.h
[14.700s] -- Installing: /home/robot/nav2_ws/src/install/cartographer_ros_msgs/include/cartographer_ros_msgs/msg/detail/submap_texture__functions.c
[14.700s] -- Installing: /home/robot/nav2_ws/src/install/cartographer_ros_msgs/include/cartographer_ros_msgs/msg/detail/submap_list__type_support.h
[14.700s] -- Installing: /home/robot/nav2_ws/src/install/cartographer_ros_msgs/include/cartographer_ros_msgs/msg/detail/landmark_list__functions.c
[14.700s] -- Installing: /home/robot/nav2_ws/src/install/cartographer_ros_msgs/include/cartographer_ros_msgs/msg/detail/submap_list__struct.h
[14.700s] -- Installing: /home/robot/nav2_ws/src/install/cartographer_ros_msgs/include/cartographer_ros_msgs/msg/detail/submap_list__functions.h
[14.700s] -- Installing: /home/robot/nav2_ws/src/install/cartographer_ros_msgs/include/cartographer_ros_msgs/msg/detail/submap_list__functions.c
[14.700s] -- Installing: /home/robot/nav2_ws/src/install/cartographer_ros_msgs/include/cartographer_ros_msgs/msg/detail/submap_texture__struct.h
[14.700s] -- Installing: /home/robot/nav2_ws/src/install/cartographer_ros_msgs/include/cartographer_ros_msgs/msg/detail/landmark_entry__functions.h
[14.701s] -- Installing: /home/robot/nav2_ws/src/install/cartographer_ros_msgs/include/cartographer_ros_msgs/msg/detail/status_code__type_support.h
[14.701s] -- Installing: /home/robot/nav2_ws/src/install/cartographer_ros_msgs/include/cartographer_ros_msgs/msg/detail/sensor_topics__type_support.h
[14.701s] -- Installing: /home/robot/nav2_ws/src/install/cartographer_ros_msgs/include/cartographer_ros_msgs/msg/detail/submap_texture__type_support.h
[14.701s] -- Installing: /home/robot/nav2_ws/src/install/cartographer_ros_msgs/include/cartographer_ros_msgs/msg/detail/status_response__functions.h
[14.701s] -- Installing: /home/robot/nav2_ws/src/install/cartographer_ros_msgs/include/cartographer_ros_msgs/msg/detail/landmark_list__struct.h
[14.701s] -- Installing: /home/robot/nav2_ws/src/install/cartographer_ros_msgs/include/cartographer_ros_msgs/msg/detail/submap_entry__functions.h
[14.701s] -- Installing: /home/robot/nav2_ws/src/install/cartographer_ros_msgs/include/cartographer_ros_msgs/msg/detail/submap_entry__functions.c
[14.701s] -- Installing: /home/robot/nav2_ws/src/install/cartographer_ros_msgs/include/cartographer_ros_msgs/msg/detail/landmark_list__functions.h
[14.701s] -- Installing: /home/robot/nav2_ws/src/install/cartographer_ros_msgs/include/cartographer_ros_msgs/msg/detail/trajectory_options__functions.h
[14.701s] -- Installing: /home/robot/nav2_ws/src/install/cartographer_ros_msgs/include/cartographer_ros_msgs/msg/detail/sensor_topics__struct.h
[14.701s] -- Installing: /home/robot/nav2_ws/src/install/cartographer_ros_msgs/include/cartographer_ros_msgs/msg/detail/status_response__struct.h
[14.701s] -- Installing: /home/robot/nav2_ws/src/install/cartographer_ros_msgs/include/cartographer_ros_msgs/msg/detail/status_response__functions.c
[14.701s] -- Installing: /home/robot/nav2_ws/src/install/cartographer_ros_msgs/include/cartographer_ros_msgs/msg/detail/sensor_topics__functions.h
[14.701s] -- Installing: /home/robot/nav2_ws/src/install/cartographer_ros_msgs/include/cartographer_ros_msgs/msg/detail/submap_entry__type_support.h
[14.702s] -- Installing: /home/robot/nav2_ws/src/install/cartographer_ros_msgs/include/cartographer_ros_msgs/msg/detail/sensor_topics__functions.c
[14.702s] -- Installing: /home/robot/nav2_ws/src/install/cartographer_ros_msgs/include/cartographer_ros_msgs/msg/detail/landmark_entry__struct.h
[14.702s] -- Installing: /home/robot/nav2_ws/src/install/cartographer_ros_msgs/include/cartographer_ros_msgs/msg/detail/submap_entry__struct.h
[14.702s] -- Installing: /home/robot/nav2_ws/src/install/cartographer_ros_msgs/include/cartographer_ros_msgs/msg/detail/landmark_list__type_support.h
[14.702s] -- Installing: /home/robot/nav2_ws/src/install/cartographer_ros_msgs/include/cartographer_ros_msgs/msg/detail/landmark_entry__functions.c
[14.702s] -- Installing: /home/robot/nav2_ws/src/install/cartographer_ros_msgs/include/cartographer_ros_msgs/msg/detail/landmark_entry__type_support.h
[14.702s] -- Installing: /home/robot/nav2_ws/src/install/cartographer_ros_msgs/include/cartographer_ros_msgs/msg/sensor_topics.h
[14.702s] -- Installing: /home/robot/nav2_ws/src/install/cartographer_ros_msgs/include/cartographer_ros_msgs/msg/submap_list.h
[14.702s] -- Installing: /home/robot/nav2_ws/src/install/cartographer_ros_msgs/include/cartographer_ros_msgs/msg/status_code.h
[14.702s] -- Installing: /home/robot/nav2_ws/src/install/cartographer_ros_msgs/include/cartographer_ros_msgs/msg/landmark_list.h
[14.702s] -- Installing: /home/robot/nav2_ws/src/install/cartographer_ros_msgs/include/cartographer_ros_msgs/msg/landmark_entry.h
[14.702s] -- Installing: /home/robot/nav2_ws/src/install/cartographer_ros_msgs/share/cartographer_ros_msgs/environment/library_path.sh
[14.702s] -- Installing: /home/robot/nav2_ws/src/install/cartographer_ros_msgs/share/cartographer_ros_msgs/environment/library_path.dsv
[14.702s] -- Installing: /home/robot/nav2_ws/src/install/cartographer_ros_msgs/lib/libcartographer_ros_msgs__rosidl_generator_c.so
[14.703s] -- Set runtime path of "/home/robot/nav2_ws/src/install/cartographer_ros_msgs/lib/libcartographer_ros_msgs__rosidl_generator_c.so" to ""
[14.703s] -- Up-to-date: /home/robot/nav2_ws/src/install/cartographer_ros_msgs/include/cartographer_ros_msgs
[14.703s] -- Up-to-date: /home/robot/nav2_ws/src/install/cartographer_ros_msgs/include/cartographer_ros_msgs/srv
[14.703s] -- Up-to-date: /home/robot/nav2_ws/src/install/cartographer_ros_msgs/include/cartographer_ros_msgs/srv/detail
[14.703s] -- Installing: /home/robot/nav2_ws/src/install/cartographer_ros_msgs/include/cartographer_ros_msgs/srv/detail/start_trajectory__rosidl_typesupport_fastrtps_c.h
[14.703s] -- Installing: /home/robot/nav2_ws/src/install/cartographer_ros_msgs/include/cartographer_ros_msgs/srv/detail/submap_query__rosidl_typesupport_fastrtps_c.h
[14.703s] -- Installing: /home/robot/nav2_ws/src/install/cartographer_ros_msgs/include/cartographer_ros_msgs/srv/detail/finish_trajectory__rosidl_typesupport_fastrtps_c.h
[14.703s] -- Installing: /home/robot/nav2_ws/src/install/cartographer_ros_msgs/include/cartographer_ros_msgs/srv/detail/write_state__rosidl_typesupport_fastrtps_c.h
[14.703s] -- Up-to-date: /home/robot/nav2_ws/src/install/cartographer_ros_msgs/include/cartographer_ros_msgs/msg
[14.703s] -- Up-to-date: /home/robot/nav2_ws/src/install/cartographer_ros_msgs/include/cartographer_ros_msgs/msg/detail
[14.703s] -- Installing: /home/robot/nav2_ws/src/install/cartographer_ros_msgs/include/cartographer_ros_msgs/msg/detail/submap_texture__rosidl_typesupport_fastrtps_c.h
[14.704s] -- Installing: /home/robot/nav2_ws/src/install/cartographer_ros_msgs/include/cartographer_ros_msgs/msg/detail/landmark_entry__rosidl_typesupport_fastrtps_c.h
[14.704s] -- Installing: /home/robot/nav2_ws/src/install/cartographer_ros_msgs/include/cartographer_ros_msgs/msg/detail/submap_entry__rosidl_typesupport_fastrtps_c.h
[14.704s] -- Installing: /home/robot/nav2_ws/src/install/cartographer_ros_msgs/include/cartographer_ros_msgs/msg/detail/status_response__rosidl_typesupport_fastrtps_c.h
[14.704s] -- Installing: /home/robot/nav2_ws/src/install/cartographer_ros_msgs/include/cartographer_ros_msgs/msg/detail/submap_list__rosidl_typesupport_fastrtps_c.h
[14.704s] -- Installing: /home/robot/nav2_ws/src/install/cartographer_ros_msgs/include/cartographer_ros_msgs/msg/detail/trajectory_options__rosidl_typesupport_fastrtps_c.h
[14.704s] -- Installing: /home/robot/nav2_ws/src/install/cartographer_ros_msgs/include/cartographer_ros_msgs/msg/detail/landmark_list__rosidl_typesupport_fastrtps_c.h
[14.704s] -- Installing: /home/robot/nav2_ws/src/install/cartographer_ros_msgs/include/cartographer_ros_msgs/msg/detail/status_code__rosidl_typesupport_fastrtps_c.h
[14.704s] -- Installing: /home/robot/nav2_ws/src/install/cartographer_ros_msgs/include/cartographer_ros_msgs/msg/detail/sensor_topics__rosidl_typesupport_fastrtps_c.h
[14.704s] -- Installing: /home/robot/nav2_ws/src/install/cartographer_ros_msgs/include/cartographer_ros_msgs/msg/rosidl_typesupport_fastrtps_c__visibility_control.h
[14.704s] -- Installing: /home/robot/nav2_ws/src/install/cartographer_ros_msgs/lib/libcartographer_ros_msgs__rosidl_typesupport_fastrtps_c.so
[14.704s] -- Set runtime path of "/home/robot/nav2_ws/src/install/cartographer_ros_msgs/lib/libcartographer_ros_msgs__rosidl_typesupport_fastrtps_c.so" to ""
[14.704s] -- Up-to-date: /home/robot/nav2_ws/src/install/cartographer_ros_msgs/include/cartographer_ros_msgs
[14.704s] -- Up-to-date: /home/robot/nav2_ws/src/install/cartographer_ros_msgs/include/cartographer_ros_msgs/srv
[14.704s] -- Up-to-date: /home/robot/nav2_ws/src/install/cartographer_ros_msgs/include/cartographer_ros_msgs/srv/detail
[14.704s] -- Installing: /home/robot/nav2_ws/src/install/cartographer_ros_msgs/include/cartographer_ros_msgs/srv/detail/start_trajectory__rosidl_typesupport_fastrtps_cpp.hpp
[14.705s] -- Installing: /home/robot/nav2_ws/src/install/cartographer_ros_msgs/include/cartographer_ros_msgs/srv/detail/finish_trajectory__rosidl_typesupport_fastrtps_cpp.hpp
[14.705s] -- Installing: /home/robot/nav2_ws/src/install/cartographer_ros_msgs/include/cartographer_ros_msgs/srv/detail/submap_query__rosidl_typesupport_fastrtps_cpp.hpp
[14.705s] -- Installing: /home/robot/nav2_ws/src/install/cartographer_ros_msgs/include/cartographer_ros_msgs/srv/detail/write_state__rosidl_typesupport_fastrtps_cpp.hpp
[14.705s] -- Installing: /home/robot/nav2_ws/src/install/cartographer_ros_msgs/include/cartographer_ros_msgs/srv/detail/dds_fastrtps
[14.705s] -- Up-to-date: /home/robot/nav2_ws/src/install/cartographer_ros_msgs/include/cartographer_ros_msgs/msg
[14.705s] -- Installing: /home/robot/nav2_ws/src/install/cartographer_ros_msgs/include/cartographer_ros_msgs/msg/rosidl_typesupport_fastrtps_cpp__visibility_control.h
[14.705s] -- Up-to-date: /home/robot/nav2_ws/src/install/cartographer_ros_msgs/include/cartographer_ros_msgs/msg/detail
[14.705s] -- Installing: /home/robot/nav2_ws/src/install/cartographer_ros_msgs/include/cartographer_ros_msgs/msg/detail/status_code__rosidl_typesupport_fastrtps_cpp.hpp
[14.705s] -- Installing: /home/robot/nav2_ws/src/install/cartographer_ros_msgs/include/cartographer_ros_msgs/msg/detail/submap_list__rosidl_typesupport_fastrtps_cpp.hpp
[14.705s] -- Installing: /home/robot/nav2_ws/src/install/cartographer_ros_msgs/include/cartographer_ros_msgs/msg/detail/landmark_entry__rosidl_typesupport_fastrtps_cpp.hpp
[14.705s] -- Installing: /home/robot/nav2_ws/src/install/cartographer_ros_msgs/include/cartographer_ros_msgs/msg/detail/sensor_topics__rosidl_typesupport_fastrtps_cpp.hpp
[14.705s] -- Installing: /home/robot/nav2_ws/src/install/cartographer_ros_msgs/include/cartographer_ros_msgs/msg/detail/submap_entry__rosidl_typesupport_fastrtps_cpp.hpp
[14.705s] -- Installing: /home/robot/nav2_ws/src/install/cartographer_ros_msgs/include/cartographer_ros_msgs/msg/detail/dds_fastrtps
[14.705s] -- Installing: /home/robot/nav2_ws/src/install/cartographer_ros_msgs/include/cartographer_ros_msgs/msg/detail/landmark_list__rosidl_typesupport_fastrtps_cpp.hpp
[14.705s] -- Installing: /home/robot/nav2_ws/src/install/cartographer_ros_msgs/include/cartographer_ros_msgs/msg/detail/submap_texture__rosidl_typesupport_fastrtps_cpp.hpp
[14.705s] -- Installing: /home/robot/nav2_ws/src/install/cartographer_ros_msgs/include/cartographer_ros_msgs/msg/detail/status_response__rosidl_typesupport_fastrtps_cpp.hpp
[14.706s] -- Installing: /home/robot/nav2_ws/src/install/cartographer_ros_msgs/include/cartographer_ros_msgs/msg/detail/trajectory_options__rosidl_typesupport_fastrtps_cpp.hpp
[14.706s] -- Installing: /home/robot/nav2_ws/src/install/cartographer_ros_msgs/lib/libcartographer_ros_msgs__rosidl_typesupport_fastrtps_cpp.so
[14.706s] -- Set runtime path of "/home/robot/nav2_ws/src/install/cartographer_ros_msgs/lib/libcartographer_ros_msgs__rosidl_typesupport_fastrtps_cpp.so" to ""
[14.706s] -- Up-to-date: /home/robot/nav2_ws/src/install/cartographer_ros_msgs/include/cartographer_ros_msgs
[14.706s] -- Up-to-date: /home/robot/nav2_ws/src/install/cartographer_ros_msgs/include/cartographer_ros_msgs/srv
[14.706s] -- Up-to-date: /home/robot/nav2_ws/src/install/cartographer_ros_msgs/include/cartographer_ros_msgs/srv/detail
[14.706s] -- Installing: /home/robot/nav2_ws/src/install/cartographer_ros_msgs/include/cartographer_ros_msgs/srv/detail/finish_trajectory__rosidl_typesupport_introspection_c.h
[14.706s] -- Installing: /home/robot/nav2_ws/src/install/cartographer_ros_msgs/include/cartographer_ros_msgs/srv/detail/start_trajectory__rosidl_typesupport_introspection_c.h
[14.706s] -- Installing: /home/robot/nav2_ws/src/install/cartographer_ros_msgs/include/cartographer_ros_msgs/srv/detail/submap_query__type_support.c
[14.706s] -- Installing: /home/robot/nav2_ws/src/install/cartographer_ros_msgs/include/cartographer_ros_msgs/srv/detail/start_trajectory__type_support.c
[14.706s] -- Installing: /home/robot/nav2_ws/src/install/cartographer_ros_msgs/include/cartographer_ros_msgs/srv/detail/submap_query__rosidl_typesupport_introspection_c.h
[14.706s] -- Installing: /home/robot/nav2_ws/src/install/cartographer_ros_msgs/include/cartographer_ros_msgs/srv/detail/write_state__rosidl_typesupport_introspection_c.h
[14.707s] -- Installing: /home/robot/nav2_ws/src/install/cartographer_ros_msgs/include/cartographer_ros_msgs/srv/detail/finish_trajectory__type_support.c
[14.707s] -- Installing: /home/robot/nav2_ws/src/install/cartographer_ros_msgs/include/cartographer_ros_msgs/srv/detail/write_state__type_support.c
[14.707s] -- Up-to-date: /home/robot/nav2_ws/src/install/cartographer_ros_msgs/include/cartographer_ros_msgs/msg
[14.707s] -- Up-to-date: /home/robot/nav2_ws/src/install/cartographer_ros_msgs/include/cartographer_ros_msgs/msg/detail
[14.707s] -- Installing: /home/robot/nav2_ws/src/install/cartographer_ros_msgs/include/cartographer_ros_msgs/msg/detail/submap_list__type_support.c
[14.707s] -- Installing: /home/robot/nav2_ws/src/install/cartographer_ros_msgs/include/cartographer_ros_msgs/msg/detail/landmark_entry__rosidl_typesupport_introspection_c.h
[14.707s] -- Installing: /home/robot/nav2_ws/src/install/cartographer_ros_msgs/include/cartographer_ros_msgs/msg/detail/landmark_entry__type_support.c
[14.707s] -- Installing: /home/robot/nav2_ws/src/install/cartographer_ros_msgs/include/cartographer_ros_msgs/msg/detail/status_response__rosidl_typesupport_introspection_c.h
[14.707s] -- Installing: /home/robot/nav2_ws/src/install/cartographer_ros_msgs/include/cartographer_ros_msgs/msg/detail/landmark_list__rosidl_typesupport_introspection_c.h
[14.707s] -- Installing: /home/robot/nav2_ws/src/install/cartographer_ros_msgs/include/cartographer_ros_msgs/msg/detail/status_code__rosidl_typesupport_introspection_c.h
[14.707s] -- Installing: /home/robot/nav2_ws/src/install/cartographer_ros_msgs/include/cartographer_ros_msgs/msg/detail/submap_entry__type_support.c
[14.707s] -- Installing: /home/robot/nav2_ws/src/install/cartographer_ros_msgs/include/cartographer_ros_msgs/msg/detail/submap_texture__rosidl_typesupport_introspection_c.h
[14.707s] -- Installing: /home/robot/nav2_ws/src/install/cartographer_ros_msgs/include/cartographer_ros_msgs/msg/detail/sensor_topics__type_support.c
[14.707s] -- Installing: /home/robot/nav2_ws/src/install/cartographer_ros_msgs/include/cartographer_ros_msgs/msg/detail/submap_texture__type_support.c
[14.707s] -- Installing: /home/robot/nav2_ws/src/install/cartographer_ros_msgs/include/cartographer_ros_msgs/msg/detail/trajectory_options__rosidl_typesupport_introspection_c.h
[14.707s] -- Installing: /home/robot/nav2_ws/src/install/cartographer_ros_msgs/include/cartographer_ros_msgs/msg/detail/status_response__type_support.c
[14.707s] -- Installing: /home/robot/nav2_ws/src/install/cartographer_ros_msgs/include/cartographer_ros_msgs/msg/detail/status_code__type_support.c
[14.708s] -- Installing: /home/robot/nav2_ws/src/install/cartographer_ros_msgs/include/cartographer_ros_msgs/msg/detail/trajectory_options__type_support.c
[14.708s] -- Installing: /home/robot/nav2_ws/src/install/cartographer_ros_msgs/include/cartographer_ros_msgs/msg/detail/sensor_topics__rosidl_typesupport_introspection_c.h
[14.708s] -- Installing: /home/robot/nav2_ws/src/install/cartographer_ros_msgs/include/cartographer_ros_msgs/msg/detail/submap_list__rosidl_typesupport_introspection_c.h
[14.708s] -- Installing: /home/robot/nav2_ws/src/install/cartographer_ros_msgs/include/cartographer_ros_msgs/msg/detail/landmark_list__type_support.c
[14.708s] -- Installing: /home/robot/nav2_ws/src/install/cartographer_ros_msgs/include/cartographer_ros_msgs/msg/detail/submap_entry__rosidl_typesupport_introspection_c.h
[14.708s] -- Installing: /home/robot/nav2_ws/src/install/cartographer_ros_msgs/include/cartographer_ros_msgs/msg/rosidl_typesupport_introspection_c__visibility_control.h
[14.708s] -- Installing: /home/robot/nav2_ws/src/install/cartographer_ros_msgs/lib/libcartographer_ros_msgs__rosidl_typesupport_introspection_c.so
[14.708s] -- Set runtime path of "/home/robot/nav2_ws/src/install/cartographer_ros_msgs/lib/libcartographer_ros_msgs__rosidl_typesupport_introspection_c.so" to ""
[14.708s] -- Installing: /home/robot/nav2_ws/src/install/cartographer_ros_msgs/lib/libcartographer_ros_msgs__rosidl_typesupport_c.so
[14.708s] -- Set runtime path of "/home/robot/nav2_ws/src/install/cartographer_ros_msgs/lib/libcartographer_ros_msgs__rosidl_typesupport_c.so" to ""
[14.708s] -- Up-to-date: /home/robot/nav2_ws/src/install/cartographer_ros_msgs/include/cartographer_ros_msgs
[14.709s] -- Up-to-date: /home/robot/nav2_ws/src/install/cartographer_ros_msgs/include/cartographer_ros_msgs/srv
[14.709s] -- Installing: /home/robot/nav2_ws/src/install/cartographer_ros_msgs/include/cartographer_ros_msgs/srv/start_trajectory.hpp
[14.709s] -- Installing: /home/robot/nav2_ws/src/install/cartographer_ros_msgs/include/cartographer_ros_msgs/srv/submap_query.hpp
[14.709s] -- Installing: /home/robot/nav2_ws/src/install/cartographer_ros_msgs/include/cartographer_ros_msgs/srv/finish_trajectory.hpp
[14.709s] -- Up-to-date: /home/robot/nav2_ws/src/install/cartographer_ros_msgs/include/cartographer_ros_msgs/srv/detail
[14.709s] -- Installing: /home/robot/nav2_ws/src/install/cartographer_ros_msgs/include/cartographer_ros_msgs/srv/detail/submap_query__struct.hpp
[14.709s] -- Installing: /home/robot/nav2_ws/src/install/cartographer_ros_msgs/include/cartographer_ros_msgs/srv/detail/submap_query__type_support.hpp
[14.709s] -- Installing: /home/robot/nav2_ws/src/install/cartographer_ros_msgs/include/cartographer_ros_msgs/srv/detail/start_trajectory__struct.hpp
[14.709s] -- Installing: /home/robot/nav2_ws/src/install/cartographer_ros_msgs/include/cartographer_ros_msgs/srv/detail/start_trajectory__traits.hpp
[14.709s] -- Installing: /home/robot/nav2_ws/src/install/cartographer_ros_msgs/include/cartographer_ros_msgs/srv/detail/write_state__traits.hpp
[14.709s] -- Installing: /home/robot/nav2_ws/src/install/cartographer_ros_msgs/include/cartographer_ros_msgs/srv/detail/finish_trajectory__builder.hpp
[14.709s] -- Installing: /home/robot/nav2_ws/src/install/cartographer_ros_msgs/include/cartographer_ros_msgs/srv/detail/write_state__type_support.hpp
[14.709s] -- Installing: /home/robot/nav2_ws/src/install/cartographer_ros_msgs/include/cartographer_ros_msgs/srv/detail/write_state__builder.hpp
[14.709s] -- Installing: /home/robot/nav2_ws/src/install/cartographer_ros_msgs/include/cartographer_ros_msgs/srv/detail/finish_trajectory__struct.hpp
[14.709s] -- Installing: /home/robot/nav2_ws/src/install/cartographer_ros_msgs/include/cartographer_ros_msgs/srv/detail/write_state__struct.hpp
[14.709s] -- Installing: /home/robot/nav2_ws/src/install/cartographer_ros_msgs/include/cartographer_ros_msgs/srv/detail/finish_trajectory__type_support.hpp
[14.710s] -- Installing: /home/robot/nav2_ws/src/install/cartographer_ros_msgs/include/cartographer_ros_msgs/srv/detail/start_trajectory__builder.hpp
[14.710s] -- Installing: /home/robot/nav2_ws/src/install/cartographer_ros_msgs/include/cartographer_ros_msgs/srv/detail/finish_trajectory__traits.hpp
[14.710s] -- Installing: /home/robot/nav2_ws/src/install/cartographer_ros_msgs/include/cartographer_ros_msgs/srv/detail/start_trajectory__type_support.hpp
[14.710s] -- Installing: /home/robot/nav2_ws/src/install/cartographer_ros_msgs/include/cartographer_ros_msgs/srv/detail/submap_query__traits.hpp
[14.710s] -- Installing: /home/robot/nav2_ws/src/install/cartographer_ros_msgs/include/cartographer_ros_msgs/srv/detail/submap_query__builder.hpp
[14.710s] -- Installing: /home/robot/nav2_ws/src/install/cartographer_ros_msgs/include/cartographer_ros_msgs/srv/write_state.hpp
[14.710s] -- Up-to-date: /home/robot/nav2_ws/src/install/cartographer_ros_msgs/include/cartographer_ros_msgs/msg
[14.710s] -- Installing: /home/robot/nav2_ws/src/install/cartographer_ros_msgs/include/cartographer_ros_msgs/msg/landmark_entry.hpp
[14.710s] -- Installing: /home/robot/nav2_ws/src/install/cartographer_ros_msgs/include/cartographer_ros_msgs/msg/landmark_list.hpp
[14.710s] -- Installing: /home/robot/nav2_ws/src/install/cartographer_ros_msgs/include/cartographer_ros_msgs/msg/status_code.hpp
[14.710s] -- Installing: /home/robot/nav2_ws/src/install/cartographer_ros_msgs/include/cartographer_ros_msgs/msg/submap_list.hpp
[14.710s] -- Installing: /home/robot/nav2_ws/src/install/cartographer_ros_msgs/include/cartographer_ros_msgs/msg/trajectory_options.hpp
[14.710s] -- Installing: /home/robot/nav2_ws/src/install/cartographer_ros_msgs/include/cartographer_ros_msgs/msg/sensor_topics.hpp
[14.710s] -- Up-to-date: /home/robot/nav2_ws/src/install/cartographer_ros_msgs/include/cartographer_ros_msgs/msg/detail
[14.710s] -- Installing: /home/robot/nav2_ws/src/install/cartographer_ros_msgs/include/cartographer_ros_msgs/msg/detail/submap_list__traits.hpp
[14.710s] -- Installing: /home/robot/nav2_ws/src/install/cartographer_ros_msgs/include/cartographer_ros_msgs/msg/detail/landmark_entry__type_support.hpp
[14.710s] -- Installing: /home/robot/nav2_ws/src/install/cartographer_ros_msgs/include/cartographer_ros_msgs/msg/detail/submap_list__type_support.hpp
[14.711s] -- Installing: /home/robot/nav2_ws/src/install/cartographer_ros_msgs/include/cartographer_ros_msgs/msg/detail/status_response__type_support.hpp
[14.711s] -- Installing: /home/robot/nav2_ws/src/install/cartographer_ros_msgs/include/cartographer_ros_msgs/msg/detail/sensor_topics__traits.hpp
[14.711s] -- Installing: /home/robot/nav2_ws/src/install/cartographer_ros_msgs/include/cartographer_ros_msgs/msg/detail/sensor_topics__builder.hpp
[14.711s] -- Installing: /home/robot/nav2_ws/src/install/cartographer_ros_msgs/include/cartographer_ros_msgs/msg/detail/status_code__struct.hpp
[14.711s] -- Installing: /home/robot/nav2_ws/src/install/cartographer_ros_msgs/include/cartographer_ros_msgs/msg/detail/submap_list__struct.hpp
[14.711s] -- Installing: /home/robot/nav2_ws/src/install/cartographer_ros_msgs/include/cartographer_ros_msgs/msg/detail/submap_texture__struct.hpp
[14.711s] -- Installing: /home/robot/nav2_ws/src/install/cartographer_ros_msgs/include/cartographer_ros_msgs/msg/detail/landmark_entry__struct.hpp
[14.711s] -- Installing: /home/robot/nav2_ws/src/install/cartographer_ros_msgs/include/cartographer_ros_msgs/msg/detail/submap_texture__builder.hpp
[14.711s] -- Installing: /home/robot/nav2_ws/src/install/cartographer_ros_msgs/include/cartographer_ros_msgs/msg/detail/status_response__struct.hpp
[14.711s] -- Installing: /home/robot/nav2_ws/src/install/cartographer_ros_msgs/include/cartographer_ros_msgs/msg/detail/status_response__traits.hpp
[14.711s] -- Installing: /home/robot/nav2_ws/src/install/cartographer_ros_msgs/include/cartographer_ros_msgs/msg/detail/trajectory_options__struct.hpp
[14.711s] -- Installing: /home/robot/nav2_ws/src/install/cartographer_ros_msgs/include/cartographer_ros_msgs/msg/detail/trajectory_options__builder.hpp
[14.711s] -- Installing: /home/robot/nav2_ws/src/install/cartographer_ros_msgs/include/cartographer_ros_msgs/msg/detail/landmark_list__builder.hpp
[14.711s] -- Installing: /home/robot/nav2_ws/src/install/cartographer_ros_msgs/include/cartographer_ros_msgs/msg/detail/sensor_topics__type_support.hpp
[14.711s] -- Installing: /home/robot/nav2_ws/src/install/cartographer_ros_msgs/include/cartographer_ros_msgs/msg/detail/trajectory_options__traits.hpp
[14.711s] -- Installing: /home/robot/nav2_ws/src/install/cartographer_ros_msgs/include/cartographer_ros_msgs/msg/detail/status_code__builder.hpp
[14.712s] -- Installing: /home/robot/nav2_ws/src/install/cartographer_ros_msgs/include/cartographer_ros_msgs/msg/detail/landmark_entry__traits.hpp
[14.712s] -- Installing: /home/robot/nav2_ws/src/install/cartographer_ros_msgs/include/cartographer_ros_msgs/msg/detail/status_code__traits.hpp
[14.712s] -- Installing: /home/robot/nav2_ws/src/install/cartographer_ros_msgs/include/cartographer_ros_msgs/msg/detail/submap_texture__type_support.hpp
[14.712s] -- Installing: /home/robot/nav2_ws/src/install/cartographer_ros_msgs/include/cartographer_ros_msgs/msg/detail/status_response__builder.hpp
[14.712s] -- Installing: /home/robot/nav2_ws/src/install/cartographer_ros_msgs/include/cartographer_ros_msgs/msg/detail/landmark_list__traits.hpp
[14.712s] -- Installing: /home/robot/nav2_ws/src/install/cartographer_ros_msgs/include/cartographer_ros_msgs/msg/detail/submap_entry__struct.hpp
[14.712s] -- Installing: /home/robot/nav2_ws/src/install/cartographer_ros_msgs/include/cartographer_ros_msgs/msg/detail/submap_entry__type_support.hpp
[14.712s] -- Installing: /home/robot/nav2_ws/src/install/cartographer_ros_msgs/include/cartographer_ros_msgs/msg/detail/submap_entry__traits.hpp
[14.712s] -- Installing: /home/robot/nav2_ws/src/install/cartographer_ros_msgs/include/cartographer_ros_msgs/msg/detail/landmark_list__struct.hpp
[14.712s] -- Installing: /home/robot/nav2_ws/src/install/cartographer_ros_msgs/include/cartographer_ros_msgs/msg/detail/submap_texture__traits.hpp
[14.712s] -- Installing: /home/robot/nav2_ws/src/install/cartographer_ros_msgs/include/cartographer_ros_msgs/msg/detail/landmark_list__type_support.hpp
[14.712s] -- Installing: /home/robot/nav2_ws/src/install/cartographer_ros_msgs/include/cartographer_ros_msgs/msg/detail/submap_entry__builder.hpp
[14.712s] -- Installing: /home/robot/nav2_ws/src/install/cartographer_ros_msgs/include/cartographer_ros_msgs/msg/detail/submap_list__builder.hpp
[14.712s] -- Installing: /home/robot/nav2_ws/src/install/cartographer_ros_msgs/include/cartographer_ros_msgs/msg/detail/status_code__type_support.hpp
[14.712s] -- Installing: /home/robot/nav2_ws/src/install/cartographer_ros_msgs/include/cartographer_ros_msgs/msg/detail/landmark_entry__builder.hpp
[14.712s] -- Installing: /home/robot/nav2_ws/src/install/cartographer_ros_msgs/include/cartographer_ros_msgs/msg/detail/trajectory_options__type_support.hpp
[14.712s] -- Installing: /home/robot/nav2_ws/src/install/cartographer_ros_msgs/include/cartographer_ros_msgs/msg/detail/sensor_topics__struct.hpp
[14.713s] -- Installing: /home/robot/nav2_ws/src/install/cartographer_ros_msgs/include/cartographer_ros_msgs/msg/submap_texture.hpp
[14.713s] -- Installing: /home/robot/nav2_ws/src/install/cartographer_ros_msgs/include/cartographer_ros_msgs/msg/submap_entry.hpp
[14.713s] -- Installing: /home/robot/nav2_ws/src/install/cartographer_ros_msgs/include/cartographer_ros_msgs/msg/rosidl_generator_cpp__visibility_control.hpp
[14.713s] -- Installing: /home/robot/nav2_ws/src/install/cartographer_ros_msgs/include/cartographer_ros_msgs/msg/status_response.hpp
[14.713s] -- Up-to-date: /home/robot/nav2_ws/src/install/cartographer_ros_msgs/include/cartographer_ros_msgs
[14.713s] -- Up-to-date: /home/robot/nav2_ws/src/install/cartographer_ros_msgs/include/cartographer_ros_msgs/srv
[14.713s] -- Up-to-date: /home/robot/nav2_ws/src/install/cartographer_ros_msgs/include/cartographer_ros_msgs/srv/detail
[14.713s] -- Installing: /home/robot/nav2_ws/src/install/cartographer_ros_msgs/include/cartographer_ros_msgs/srv/detail/write_state__type_support.cpp
[14.713s] -- Installing: /home/robot/nav2_ws/src/install/cartographer_ros_msgs/include/cartographer_ros_msgs/srv/detail/finish_trajectory__rosidl_typesupport_introspection_cpp.hpp
[14.713s] -- Installing: /home/robot/nav2_ws/src/install/cartographer_ros_msgs/include/cartographer_ros_msgs/srv/detail/submap_query__type_support.cpp
[14.713s] -- Installing: /home/robot/nav2_ws/src/install/cartographer_ros_msgs/include/cartographer_ros_msgs/srv/detail/start_trajectory__rosidl_typesupport_introspection_cpp.hpp
[14.713s] -- Installing: /home/robot/nav2_ws/src/install/cartographer_ros_msgs/include/cartographer_ros_msgs/srv/detail/submap_query__rosidl_typesupport_introspection_cpp.hpp
[14.713s] -- Installing: /home/robot/nav2_ws/src/install/cartographer_ros_msgs/include/cartographer_ros_msgs/srv/detail/write_state__rosidl_typesupport_introspection_cpp.hpp
[14.713s] -- Installing: /home/robot/nav2_ws/src/install/cartographer_ros_msgs/include/cartographer_ros_msgs/srv/detail/start_trajectory__type_support.cpp
[14.714s] -- Installing: /home/robot/nav2_ws/src/install/cartographer_ros_msgs/include/cartographer_ros_msgs/srv/detail/finish_trajectory__type_support.cpp
[14.714s] -- Up-to-date: /home/robot/nav2_ws/src/install/cartographer_ros_msgs/include/cartographer_ros_msgs/msg
[14.714s] -- Up-to-date: /home/robot/nav2_ws/src/install/cartographer_ros_msgs/include/cartographer_ros_msgs/msg/detail
[14.714s] -- Installing: /home/robot/nav2_ws/src/install/cartographer_ros_msgs/include/cartographer_ros_msgs/msg/detail/submap_list__type_support.cpp
[14.714s] -- Installing: /home/robot/nav2_ws/src/install/cartographer_ros_msgs/include/cartographer_ros_msgs/msg/detail/landmark_list__type_support.cpp
[14.714s] -- Installing: /home/robot/nav2_ws/src/install/cartographer_ros_msgs/include/cartographer_ros_msgs/msg/detail/submap_texture__type_support.cpp
[14.714s] -- Installing: /home/robot/nav2_ws/src/install/cartographer_ros_msgs/include/cartographer_ros_msgs/msg/detail/submap_list__rosidl_typesupport_introspection_cpp.hpp
[14.714s] -- Installing: /home/robot/nav2_ws/src/install/cartographer_ros_msgs/include/cartographer_ros_msgs/msg/detail/submap_entry__rosidl_typesupport_introspection_cpp.hpp
[14.714s] -- Installing: /home/robot/nav2_ws/src/install/cartographer_ros_msgs/include/cartographer_ros_msgs/msg/detail/trajectory_options__rosidl_typesupport_introspection_cpp.hpp
[14.714s] -- Installing: /home/robot/nav2_ws/src/install/cartographer_ros_msgs/include/cartographer_ros_msgs/msg/detail/landmark_list__rosidl_typesupport_introspection_cpp.hpp
[14.714s] -- Installing: /home/robot/nav2_ws/src/install/cartographer_ros_msgs/include/cartographer_ros_msgs/msg/detail/submap_texture__rosidl_typesupport_introspection_cpp.hpp
[14.714s] -- Installing: /home/robot/nav2_ws/src/install/cartographer_ros_msgs/include/cartographer_ros_msgs/msg/detail/status_code__type_support.cpp
[14.714s] -- Installing: /home/robot/nav2_ws/src/install/cartographer_ros_msgs/include/cartographer_ros_msgs/msg/detail/submap_entry__type_support.cpp
[14.714s] -- Installing: /home/robot/nav2_ws/src/install/cartographer_ros_msgs/include/cartographer_ros_msgs/msg/detail/sensor_topics__rosidl_typesupport_introspection_cpp.hpp
[14.714s] -- Installing: /home/robot/nav2_ws/src/install/cartographer_ros_msgs/include/cartographer_ros_msgs/msg/detail/sensor_topics__type_support.cpp
[14.714s] -- Installing: /home/robot/nav2_ws/src/install/cartographer_ros_msgs/include/cartographer_ros_msgs/msg/detail/status_response__rosidl_typesupport_introspection_cpp.hpp
[14.714s] -- Installing: /home/robot/nav2_ws/src/install/cartographer_ros_msgs/include/cartographer_ros_msgs/msg/detail/status_response__type_support.cpp
[14.715s] -- Installing: /home/robot/nav2_ws/src/install/cartographer_ros_msgs/include/cartographer_ros_msgs/msg/detail/landmark_entry__rosidl_typesupport_introspection_cpp.hpp
[14.715s] -- Installing: /home/robot/nav2_ws/src/install/cartographer_ros_msgs/include/cartographer_ros_msgs/msg/detail/status_code__rosidl_typesupport_introspection_cpp.hpp
[14.715s] -- Installing: /home/robot/nav2_ws/src/install/cartographer_ros_msgs/include/cartographer_ros_msgs/msg/detail/trajectory_options__type_support.cpp
[14.715s] -- Installing: /home/robot/nav2_ws/src/install/cartographer_ros_msgs/include/cartographer_ros_msgs/msg/detail/landmark_entry__type_support.cpp
[14.715s] -- Installing: /home/robot/nav2_ws/src/install/cartographer_ros_msgs/lib/libcartographer_ros_msgs__rosidl_typesupport_introspection_cpp.so
[14.715s] -- Set runtime path of "/home/robot/nav2_ws/src/install/cartographer_ros_msgs/lib/libcartographer_ros_msgs__rosidl_typesupport_introspection_cpp.so" to ""
[14.715s] -- Installing: /home/robot/nav2_ws/src/install/cartographer_ros_msgs/lib/libcartographer_ros_msgs__rosidl_typesupport_cpp.so
[14.716s] -- Set runtime path of "/home/robot/nav2_ws/src/install/cartographer_ros_msgs/lib/libcartographer_ros_msgs__rosidl_typesupport_cpp.so" to ""
[14.716s] -- Installing: /home/robot/nav2_ws/src/install/cartographer_ros_msgs/share/cartographer_ros_msgs/environment/pythonpath.sh
[14.716s] -- Installing: /home/robot/nav2_ws/src/install/cartographer_ros_msgs/share/cartographer_ros_msgs/environment/pythonpath.dsv
[14.716s] -- Installing: /home/robot/nav2_ws/src/install/cartographer_ros_msgs/lib/python3.8/site-packages/cartographer_ros_msgs/__init__.py
[14.736s] Compiling '/home/robot/nav2_ws/src/install/cartographer_ros_msgs/lib/python3.8/site-packages/cartographer_ros_msgs/__init__.py'...
[14.738s] -- Installing: /home/robot/nav2_ws/src/install/cartographer_ros_msgs/lib/python3.8/site-packages/cartographer_ros_msgs/msg
[14.738s] -- Installing: /home/robot/nav2_ws/src/install/cartographer_ros_msgs/lib/python3.8/site-packages/cartographer_ros_msgs/msg/_submap_entry_s.c
[14.738s] -- Installing: /home/robot/nav2_ws/src/install/cartographer_ros_msgs/lib/python3.8/site-packages/cartographer_ros_msgs/msg/_sensor_topics_s.c
[14.738s] -- Installing: /home/robot/nav2_ws/src/install/cartographer_ros_msgs/lib/python3.8/site-packages/cartographer_ros_msgs/msg/_submap_texture_s.c
[14.739s] -- Installing: /home/robot/nav2_ws/src/install/cartographer_ros_msgs/lib/python3.8/site-packages/cartographer_ros_msgs/msg/_status_response_s.c
[14.739s] -- Installing: /home/robot/nav2_ws/src/install/cartographer_ros_msgs/lib/python3.8/site-packages/cartographer_ros_msgs/msg/_landmark_list.py
[14.739s] -- Installing: /home/robot/nav2_ws/src/install/cartographer_ros_msgs/lib/python3.8/site-packages/cartographer_ros_msgs/msg/_status_code.py
[14.739s] -- Installing: /home/robot/nav2_ws/src/install/cartographer_ros_msgs/lib/python3.8/site-packages/cartographer_ros_msgs/msg/_landmark_entry_s.c
[14.739s] -- Installing: /home/robot/nav2_ws/src/install/cartographer_ros_msgs/lib/python3.8/site-packages/cartographer_ros_msgs/msg/_submap_list.py
[14.739s] -- Installing: /home/robot/nav2_ws/src/install/cartographer_ros_msgs/lib/python3.8/site-packages/cartographer_ros_msgs/msg/_trajectory_options_s.c
[14.739s] -- Installing: /home/robot/nav2_ws/src/install/cartographer_ros_msgs/lib/python3.8/site-packages/cartographer_ros_msgs/msg/_submap_list_s.c
[14.739s] -- Installing: /home/robot/nav2_ws/src/install/cartographer_ros_msgs/lib/python3.8/site-packages/cartographer_ros_msgs/msg/_landmark_list_s.c
[14.739s] -- Installing: /home/robot/nav2_ws/src/install/cartographer_ros_msgs/lib/python3.8/site-packages/cartographer_ros_msgs/msg/_landmark_entry.py
[14.739s] -- Installing: /home/robot/nav2_ws/src/install/cartographer_ros_msgs/lib/python3.8/site-packages/cartographer_ros_msgs/msg/__init__.py
[14.739s] -- Installing: /home/robot/nav2_ws/src/install/cartographer_ros_msgs/lib/python3.8/site-packages/cartographer_ros_msgs/msg/_status_code_s.c
[14.739s] -- Installing: /home/robot/nav2_ws/src/install/cartographer_ros_msgs/lib/python3.8/site-packages/cartographer_ros_msgs/msg/_submap_texture.py
[14.739s] -- Installing: /home/robot/nav2_ws/src/install/cartographer_ros_msgs/lib/python3.8/site-packages/cartographer_ros_msgs/msg/_trajectory_options.py
[14.739s] -- Installing: /home/robot/nav2_ws/src/install/cartographer_ros_msgs/lib/python3.8/site-packages/cartographer_ros_msgs/msg/_sensor_topics.py
[14.739s] -- Installing: /home/robot/nav2_ws/src/install/cartographer_ros_msgs/lib/python3.8/site-packages/cartographer_ros_msgs/msg/_status_response.py
[14.739s] -- Installing: /home/robot/nav2_ws/src/install/cartographer_ros_msgs/lib/python3.8/site-packages/cartographer_ros_msgs/msg/_submap_entry.py
[14.740s] -- Installing: /home/robot/nav2_ws/src/install/cartographer_ros_msgs/lib/python3.8/site-packages/cartographer_ros_msgs/srv
[14.740s] -- Installing: /home/robot/nav2_ws/src/install/cartographer_ros_msgs/lib/python3.8/site-packages/cartographer_ros_msgs/srv/_finish_trajectory.py
[14.740s] -- Installing: /home/robot/nav2_ws/src/install/cartographer_ros_msgs/lib/python3.8/site-packages/cartographer_ros_msgs/srv/_submap_query_s.c
[14.740s] -- Installing: /home/robot/nav2_ws/src/install/cartographer_ros_msgs/lib/python3.8/site-packages/cartographer_ros_msgs/srv/_start_trajectory_s.c
[14.740s] -- Installing: /home/robot/nav2_ws/src/install/cartographer_ros_msgs/lib/python3.8/site-packages/cartographer_ros_msgs/srv/_write_state.py
[14.740s] -- Installing: /home/robot/nav2_ws/src/install/cartographer_ros_msgs/lib/python3.8/site-packages/cartographer_ros_msgs/srv/_start_trajectory.py
[14.740s] -- Installing: /home/robot/nav2_ws/src/install/cartographer_ros_msgs/lib/python3.8/site-packages/cartographer_ros_msgs/srv/__init__.py
[14.740s] -- Installing: /home/robot/nav2_ws/src/install/cartographer_ros_msgs/lib/python3.8/site-packages/cartographer_ros_msgs/srv/_write_state_s.c
[14.740s] -- Installing: /home/robot/nav2_ws/src/install/cartographer_ros_msgs/lib/python3.8/site-packages/cartographer_ros_msgs/srv/_finish_trajectory_s.c
[14.740s] -- Installing: /home/robot/nav2_ws/src/install/cartographer_ros_msgs/lib/python3.8/site-packages/cartographer_ros_msgs/srv/_submap_query.py
[14.740s] -- Installing: /home/robot/nav2_ws/src/install/cartographer_ros_msgs/lib/python3.8/site-packages/cartographer_ros_msgs/cartographer_ros_msgs_s__rosidl_typesupport_fastrtps_c.cpython-38-x86_64-linux-gnu.so
[14.741s] -- Set runtime path of "/home/robot/nav2_ws/src/install/cartographer_ros_msgs/lib/python3.8/site-packages/cartographer_ros_msgs/cartographer_ros_msgs_s__rosidl_typesupport_fastrtps_c.cpython-38-x86_64-linux-gnu.so" to ""
[14.741s] -- Installing: /home/robot/nav2_ws/src/install/cartographer_ros_msgs/lib/python3.8/site-packages/cartographer_ros_msgs/cartographer_ros_msgs_s__rosidl_typesupport_introspection_c.cpython-38-x86_64-linux-gnu.so
[14.741s] -- Set runtime path of "/home/robot/nav2_ws/src/install/cartographer_ros_msgs/lib/python3.8/site-packages/cartographer_ros_msgs/cartographer_ros_msgs_s__rosidl_typesupport_introspection_c.cpython-38-x86_64-linux-gnu.so" to ""
[14.741s] -- Installing: /home/robot/nav2_ws/src/install/cartographer_ros_msgs/lib/python3.8/site-packages/cartographer_ros_msgs/cartographer_ros_msgs_s__rosidl_typesupport_c.cpython-38-x86_64-linux-gnu.so
[14.742s] -- Set runtime path of "/home/robot/nav2_ws/src/install/cartographer_ros_msgs/lib/python3.8/site-packages/cartographer_ros_msgs/cartographer_ros_msgs_s__rosidl_typesupport_c.cpython-38-x86_64-linux-gnu.so" to ""
[14.742s] -- Installing: /home/robot/nav2_ws/src/install/cartographer_ros_msgs/lib/libcartographer_ros_msgs__python.so
[14.742s] -- Set runtime path of "/home/robot/nav2_ws/src/install/cartographer_ros_msgs/lib/libcartographer_ros_msgs__python.so" to ""
[14.742s] -- Installing: /home/robot/nav2_ws/src/install/cartographer_ros_msgs/share/cartographer_ros_msgs/msg/LandmarkEntry.idl
[14.742s] -- Installing: /home/robot/nav2_ws/src/install/cartographer_ros_msgs/share/cartographer_ros_msgs/msg/LandmarkList.idl
[14.743s] -- Installing: /home/robot/nav2_ws/src/install/cartographer_ros_msgs/share/cartographer_ros_msgs/msg/SensorTopics.idl
[14.743s] -- Installing: /home/robot/nav2_ws/src/install/cartographer_ros_msgs/share/cartographer_ros_msgs/msg/StatusCode.idl
[14.743s] -- Installing: /home/robot/nav2_ws/src/install/cartographer_ros_msgs/share/cartographer_ros_msgs/msg/StatusResponse.idl
[14.743s] -- Installing: /home/robot/nav2_ws/src/install/cartographer_ros_msgs/share/cartographer_ros_msgs/msg/SubmapEntry.idl
[14.743s] -- Installing: /home/robot/nav2_ws/src/install/cartographer_ros_msgs/share/cartographer_ros_msgs/msg/SubmapList.idl
[14.743s] -- Installing: /home/robot/nav2_ws/src/install/cartographer_ros_msgs/share/cartographer_ros_msgs/msg/SubmapTexture.idl
[14.743s] -- Installing: /home/robot/nav2_ws/src/install/cartographer_ros_msgs/share/cartographer_ros_msgs/msg/TrajectoryOptions.idl
[14.743s] -- Installing: /home/robot/nav2_ws/src/install/cartographer_ros_msgs/share/cartographer_ros_msgs/srv/FinishTrajectory.idl
[14.743s] -- Installing: /home/robot/nav2_ws/src/install/cartographer_ros_msgs/share/cartographer_ros_msgs/srv/StartTrajectory.idl
[14.743s] -- Installing: /home/robot/nav2_ws/src/install/cartographer_ros_msgs/share/cartographer_ros_msgs/srv/SubmapQuery.idl
[14.744s] -- Installing: /home/robot/nav2_ws/src/install/cartographer_ros_msgs/share/cartographer_ros_msgs/srv/WriteState.idl
[14.744s] -- Installing: /home/robot/nav2_ws/src/install/cartographer_ros_msgs/share/cartographer_ros_msgs/msg/LandmarkEntry.msg
[14.744s] -- Installing: /home/robot/nav2_ws/src/install/cartographer_ros_msgs/share/cartographer_ros_msgs/msg/LandmarkList.msg
[14.744s] -- Installing: /home/robot/nav2_ws/src/install/cartographer_ros_msgs/share/cartographer_ros_msgs/msg/SensorTopics.msg
[14.744s] -- Installing: /home/robot/nav2_ws/src/install/cartographer_ros_msgs/share/cartographer_ros_msgs/msg/StatusCode.msg
[14.744s] -- Installing: /home/robot/nav2_ws/src/install/cartographer_ros_msgs/share/cartographer_ros_msgs/msg/StatusResponse.msg
[14.744s] -- Installing: /home/robot/nav2_ws/src/install/cartographer_ros_msgs/share/cartographer_ros_msgs/msg/SubmapEntry.msg
[14.744s] -- Installing: /home/robot/nav2_ws/src/install/cartographer_ros_msgs/share/cartographer_ros_msgs/msg/SubmapList.msg
[14.744s] -- Installing: /home/robot/nav2_ws/src/install/cartographer_ros_msgs/share/cartographer_ros_msgs/msg/SubmapTexture.msg
[14.744s] -- Installing: /home/robot/nav2_ws/src/install/cartographer_ros_msgs/share/cartographer_ros_msgs/msg/TrajectoryOptions.msg
[14.744s] -- Installing: /home/robot/nav2_ws/src/install/cartographer_ros_msgs/share/cartographer_ros_msgs/srv/FinishTrajectory.srv
[14.745s] -- Installing: /home/robot/nav2_ws/src/install/cartographer_ros_msgs/share/cartographer_ros_msgs/srv/FinishTrajectory_Request.msg
[14.745s] -- Installing: /home/robot/nav2_ws/src/install/cartographer_ros_msgs/share/cartographer_ros_msgs/srv/FinishTrajectory_Response.msg
[14.745s] -- Installing: /home/robot/nav2_ws/src/install/cartographer_ros_msgs/share/cartographer_ros_msgs/srv/StartTrajectory.srv
[14.745s] -- Installing: /home/robot/nav2_ws/src/install/cartographer_ros_msgs/share/cartographer_ros_msgs/srv/StartTrajectory_Request.msg
[14.745s] -- Installing: /home/robot/nav2_ws/src/install/cartographer_ros_msgs/share/cartographer_ros_msgs/srv/StartTrajectory_Response.msg
[14.745s] -- Installing: /home/robot/nav2_ws/src/install/cartographer_ros_msgs/share/cartographer_ros_msgs/srv/SubmapQuery.srv
[14.745s] -- Installing: /home/robot/nav2_ws/src/install/cartographer_ros_msgs/share/cartographer_ros_msgs/srv/SubmapQuery_Request.msg
[14.745s] -- Installing: /home/robot/nav2_ws/src/install/cartographer_ros_msgs/share/cartographer_ros_msgs/srv/SubmapQuery_Response.msg
[14.745s] -- Installing: /home/robot/nav2_ws/src/install/cartographer_ros_msgs/share/cartographer_ros_msgs/srv/WriteState.srv
[14.745s] -- Installing: /home/robot/nav2_ws/src/install/cartographer_ros_msgs/share/cartographer_ros_msgs/srv/WriteState_Request.msg
[14.745s] -- Installing: /home/robot/nav2_ws/src/install/cartographer_ros_msgs/share/cartographer_ros_msgs/srv/WriteState_Response.msg
[14.746s] -- Installing: /home/robot/nav2_ws/src/install/cartographer_ros_msgs/share/ament_index/resource_index/package_run_dependencies/cartographer_ros_msgs
[14.746s] -- Installing: /home/robot/nav2_ws/src/install/cartographer_ros_msgs/share/ament_index/resource_index/parent_prefix_path/cartographer_ros_msgs
[14.746s] -- Installing: /home/robot/nav2_ws/src/install/cartographer_ros_msgs/share/cartographer_ros_msgs/environment/ament_prefix_path.sh
[14.746s] -- Installing: /home/robot/nav2_ws/src/install/cartographer_ros_msgs/share/cartographer_ros_msgs/environment/ament_prefix_path.dsv
[14.746s] -- Installing: /home/robot/nav2_ws/src/install/cartographer_ros_msgs/share/cartographer_ros_msgs/environment/path.sh
[14.746s] -- Installing: /home/robot/nav2_ws/src/install/cartographer_ros_msgs/share/cartographer_ros_msgs/environment/path.dsv
[14.746s] -- Installing: /home/robot/nav2_ws/src/install/cartographer_ros_msgs/share/cartographer_ros_msgs/local_setup.bash
[14.746s] -- Installing: /home/robot/nav2_ws/src/install/cartographer_ros_msgs/share/cartographer_ros_msgs/local_setup.sh
[14.747s] -- Installing: /home/robot/nav2_ws/src/install/cartographer_ros_msgs/share/cartographer_ros_msgs/local_setup.zsh
[14.747s] -- Installing: /home/robot/nav2_ws/src/install/cartographer_ros_msgs/share/cartographer_ros_msgs/local_setup.dsv
[14.747s] -- Installing: /home/robot/nav2_ws/src/install/cartographer_ros_msgs/share/cartographer_ros_msgs/package.dsv
[14.747s] -- Installing: /home/robot/nav2_ws/src/install/cartographer_ros_msgs/share/ament_index/resource_index/packages/cartographer_ros_msgs
[14.747s] -- Installing: /home/robot/nav2_ws/src/install/cartographer_ros_msgs/share/cartographer_ros_msgs/cmake/cartographer_ros_msgs__rosidl_generator_cExport.cmake
[14.747s] -- Installing: /home/robot/nav2_ws/src/install/cartographer_ros_msgs/share/cartographer_ros_msgs/cmake/cartographer_ros_msgs__rosidl_generator_cExport-noconfig.cmake
[14.747s] -- Installing: /home/robot/nav2_ws/src/install/cartographer_ros_msgs/share/cartographer_ros_msgs/cmake/cartographer_ros_msgs__rosidl_typesupport_introspection_cExport.cmake
[14.747s] -- Installing: /home/robot/nav2_ws/src/install/cartographer_ros_msgs/share/cartographer_ros_msgs/cmake/cartographer_ros_msgs__rosidl_typesupport_introspection_cExport-noconfig.cmake
[14.747s] -- Installing: /home/robot/nav2_ws/src/install/cartographer_ros_msgs/share/cartographer_ros_msgs/cmake/cartographer_ros_msgs__rosidl_typesupport_cExport.cmake
[14.748s] -- Installing: /home/robot/nav2_ws/src/install/cartographer_ros_msgs/share/cartographer_ros_msgs/cmake/cartographer_ros_msgs__rosidl_typesupport_cExport-noconfig.cmake
[14.748s] -- Installing: /home/robot/nav2_ws/src/install/cartographer_ros_msgs/share/cartographer_ros_msgs/cmake/cartographer_ros_msgs__rosidl_generator_cppExport.cmake
[14.748s] -- Installing: /home/robot/nav2_ws/src/install/cartographer_ros_msgs/share/cartographer_ros_msgs/cmake/cartographer_ros_msgs__rosidl_typesupport_introspection_cppExport.cmake
[14.748s] -- Installing: /home/robot/nav2_ws/src/install/cartographer_ros_msgs/share/cartographer_ros_msgs/cmake/cartographer_ros_msgs__rosidl_typesupport_introspection_cppExport-noconfig.cmake
[14.748s] -- Installing: /home/robot/nav2_ws/src/install/cartographer_ros_msgs/share/cartographer_ros_msgs/cmake/cartographer_ros_msgs__rosidl_typesupport_cppExport.cmake
[14.748s] -- Installing: /home/robot/nav2_ws/src/install/cartographer_ros_msgs/share/cartographer_ros_msgs/cmake/cartographer_ros_msgs__rosidl_typesupport_cppExport-noconfig.cmake
[14.748s] -- Installing: /home/robot/nav2_ws/src/install/cartographer_ros_msgs/share/cartographer_ros_msgs/cmake/rosidl_cmake-extras.cmake
[14.748s] -- Installing: /home/robot/nav2_ws/src/install/cartographer_ros_msgs/share/cartographer_ros_msgs/cmake/ament_cmake_export_dependencies-extras.cmake
[14.748s] -- Installing: /home/robot/nav2_ws/src/install/cartographer_ros_msgs/share/cartographer_ros_msgs/cmake/ament_cmake_export_libraries-extras.cmake
[14.749s] -- Installing: /home/robot/nav2_ws/src/install/cartographer_ros_msgs/share/cartographer_ros_msgs/cmake/ament_cmake_export_targets-extras.cmake
[14.749s] -- Installing: /home/robot/nav2_ws/src/install/cartographer_ros_msgs/share/cartographer_ros_msgs/cmake/ament_cmake_export_include_directories-extras.cmake
[14.749s] -- Installing: /home/robot/nav2_ws/src/install/cartographer_ros_msgs/share/cartographer_ros_msgs/cmake/rosidl_cmake_export_typesupport_libraries-extras.cmake
[14.749s] -- Installing: /home/robot/nav2_ws/src/install/cartographer_ros_msgs/share/cartographer_ros_msgs/cmake/rosidl_cmake_export_typesupport_targets-extras.cmake
[14.749s] -- Installing: /home/robot/nav2_ws/src/install/cartographer_ros_msgs/share/cartographer_ros_msgs/cmake/cartographer_ros_msgsConfig.cmake
[14.749s] -- Installing: /home/robot/nav2_ws/src/install/cartographer_ros_msgs/share/cartographer_ros_msgs/cmake/cartographer_ros_msgsConfig-version.cmake
[14.749s] -- Installing: /home/robot/nav2_ws/src/install/cartographer_ros_msgs/share/cartographer_ros_msgs/package.xml
[14.751s] Invoked command in '/home/robot/nav2_ws/src/build/cartographer_ros_msgs' returned '0': CMAKE_PREFIX_PATH=/home/robot/nav2_ws/install/examples_rclpy_minimal_subscriber:/home/robot/nav2_ws/install/examples_rclpy_minimal_service:/home/robot/nav2_ws/install/examples_rclpy_minimal_publisher:/home/robot/nav2_ws/install/examples_rclpy_minimal_client:/home/robot/nav2_ws/install/examples_rclpy_minimal_action_server:/home/robot/nav2_ws/install/examples_rclpy_minimal_action_client:/home/robot/nav2_ws/install/examples_rclpy_executors:/opt/ros/foxy:${CMAKE_PREFIX_PATH} /usr/bin/cmake --install /home/robot/nav2_ws/src/build/cartographer_ros_msgs
