[0.030s] Invoking command in '/home/robot/nav2_ws/src/build/cartographer': CMAKE_PREFIX_PATH=/home/robot/nav2_ws/install/examples_rclpy_minimal_subscriber:/home/robot/nav2_ws/install/examples_rclpy_minimal_service:/home/robot/nav2_ws/install/examples_rclpy_minimal_publisher:/home/robot/nav2_ws/install/examples_rclpy_minimal_client:/home/robot/nav2_ws/install/examples_rclpy_minimal_action_server:/home/robot/nav2_ws/install/examples_rclpy_minimal_action_client:/home/robot/nav2_ws/install/examples_rclpy_executors:/opt/ros/foxy:${CMAKE_PREFIX_PATH} /usr/bin/cmake /home/robot/nav2_ws/src/cartographer -DCMAKE_INSTALL_PREFIX=/home/robot/nav2_ws/src/install/cartographer
[0.175s] -- The C compiler identification is GNU 9.4.0
[0.176s] -- The CXX compiler identification is GNU 9.4.0
[0.176s] -- Check for working C compiler: /usr/bin/cc
[0.176s] -- Check for working C compiler: /usr/bin/cc -- works
[0.176s] -- Detecting C compiler ABI info
[0.176s] -- Detecting C compiler ABI info - done
[0.176s] -- Detecting C compile features
[0.176s] -- Detecting C compile features - done
[0.176s] -- Check for working CXX compiler: /usr/bin/c++
[0.191s] -- Check for working CXX compiler: /usr/bin/c++ -- works
[0.192s] -- Detecting CXX compiler ABI info
[0.229s] -- Detecting CXX compiler ABI info - done
[0.237s] -- Detecting CXX compile features
[0.237s] -- Detecting CXX compile features - done
[0.238s] -- Build type: Release
[0.243s] æ–‡ä»¶ /home/robot/nav2_ws/src/build/cartographer/AllFiles.cmake å’Œ - ä¸åŒ
[0.277s] -- Found PythonInterp: /usr/bin/python (found version "3.8.10") 
[0.278s] -- Looking for pthread.h
[0.311s] -- Looking for pthread.h - found
[0.311s] -- Performing Test CMAKE_HAVE_LIBC_PTHREAD
[0.344s] -- Performing Test CMAKE_HAVE_LIBC_PTHREAD - Failed
[0.344s] -- Looking for pthread_create in pthreads
[0.372s] -- Looking for pthread_create in pthreads - not found
[0.372s] -- Looking for pthread_create in pthread
[0.408s] -- Looking for pthread_create in pthread - found
[0.409s] -- Found Threads: TRUE  
[0.413s] -- Found GMock: gmock_main;-lpthread  
[0.428s] -- Found Boost: /usr/lib/x86_64-linux-gnu/cmake/Boost-1.71.0/BoostConfig.cmake (found version "1.71.0") found components: iostreams 
[0.438s] -- Found installed version of Eigen: /usr/lib/cmake/eigen3
[0.439s] -- Found required Ceres dependency: Eigen version 3.3.7 in /usr/include/eigen3
[0.443s] -- Found required Ceres dependency: glog
[0.453s] -- Found installed version of gflags: /usr/lib/x86_64-linux-gnu/cmake/gflags
[0.453s] -- Detected gflags version: 2.2.2
[0.455s] -- Found required Ceres dependency: gflags
[0.456s] -- Found Ceres version: 1.14.0 installed in: /usr with components: [EigenSparse, SparseLinearAlgebraLibrary, LAPACK, SuiteSparse, CXSparse, SchurSpecializations, OpenMP, Multithreading]
[0.480s] -- Found Lua: /usr/lib/x86_64-linux-gnu/liblua5.2.so;/usr/lib/x86_64-linux-gnu/libm.so (found version "5.2.4") 
[0.498s] -- Found Protobuf: /usr/lib/x86_64-linux-gnu/libprotobuf.so;-lpthread (found suitable version "3.6.1", minimum required is "3.0.0") 
[0.501s] -- Found PkgConfig: /usr/bin/pkg-config (found version "0.29.1") 
[0.501s] -- Checking for one of the modules 'cairo>=1.12.16'
[0.581s] -- Found Sphinx: /usr/bin/sphinx-build  
[0.665s] -- Configuring done
[0.962s] -- Generating done
[0.985s] -- Build files have been written to: /home/robot/nav2_ws/src/build/cartographer
[0.996s] Invoked command in '/home/robot/nav2_ws/src/build/cartographer' returned '0': CMAKE_PREFIX_PATH=/home/robot/nav2_ws/install/examples_rclpy_minimal_subscriber:/home/robot/nav2_ws/install/examples_rclpy_minimal_service:/home/robot/nav2_ws/install/examples_rclpy_minimal_publisher:/home/robot/nav2_ws/install/examples_rclpy_minimal_client:/home/robot/nav2_ws/install/examples_rclpy_minimal_action_server:/home/robot/nav2_ws/install/examples_rclpy_minimal_action_client:/home/robot/nav2_ws/install/examples_rclpy_executors:/opt/ros/foxy:${CMAKE_PREFIX_PATH} /usr/bin/cmake /home/robot/nav2_ws/src/cartographer -DCMAKE_INSTALL_PREFIX=/home/robot/nav2_ws/src/install/cartographer
[0.998s] Invoking command in '/home/robot/nav2_ws/src/build/cartographer': CMAKE_PREFIX_PATH=/home/robot/nav2_ws/install/examples_rclpy_minimal_subscriber:/home/robot/nav2_ws/install/examples_rclpy_minimal_service:/home/robot/nav2_ws/install/examples_rclpy_minimal_publisher:/home/robot/nav2_ws/install/examples_rclpy_minimal_client:/home/robot/nav2_ws/install/examples_rclpy_minimal_action_server:/home/robot/nav2_ws/install/examples_rclpy_minimal_action_client:/home/robot/nav2_ws/install/examples_rclpy_executors:/opt/ros/foxy:${CMAKE_PREFIX_PATH} /usr/bin/cmake --build /home/robot/nav2_ws/src/build/cartographer -- -j32 -l32
[1.098s] [35m[1mScanning dependencies of target gtest[0m
[1.129s] [  1%] [34m[1mRunning C++ protocol buffer compiler on /home/robot/nav2_ws/src/cartographer/cartographer/transform/proto/transform.proto[0m
[1.146s] [35m[1mScanning dependencies of target cartographer_detect_changes[0m
[1.160s] [  1%] [34m[1mRunning C++ protocol buffer compiler on /home/robot/nav2_ws/src/cartographer/cartographer/common/proto/ceres_solver_options.proto[0m
[1.164s] [  2%] [32mBuilding CXX object googletest/CMakeFiles/gtest.dir/src/gtest-all.cc.o[0m
[1.178s] [  2%] [34m[1mRunning C++ protocol buffer compiler on /home/robot/nav2_ws/src/cartographer/cartographer/ground_truth/proto/relations.proto[0m
[1.179s] [35m[1mScanning dependencies of target build_doc[0m
[1.200s] [  3%] [34m[1mRunning C++ protocol buffer compiler on /home/robot/nav2_ws/src/cartographer/cartographer/mapping/proto/2d/cell_limits.proto[0m
[1.213s] [  3%] [34m[1mRunning C++ protocol buffer compiler on /home/robot/nav2_ws/src/cartographer/cartographer/mapping/proto/2d/grid_2d.proto[0m
[1.241s] [  3%] [34m[1mBuilding documentation.[0m
[1.253s] [  3%] Built target cartographer_detect_changes
[1.301s] [  3%] [34m[1mRunning C++ protocol buffer compiler on /home/robot/nav2_ws/src/cartographer/cartographer/mapping/proto/2d/grid_2d_options.proto[0m
[1.315s] [  4%] [34m[1mRunning C++ protocol buffer compiler on /home/robot/nav2_ws/src/cartographer/cartographer/mapping/proto/2d/local_trajectory_builder_options_2d.proto[0m
[1.324s] [  4%] [34m[1mRunning C++ protocol buffer compiler on /home/robot/nav2_ws/src/cartographer/cartographer/mapping/proto/2d/map_limits.proto[0m
[1.350s] [  4%] [34m[1mRunning C++ protocol buffer compiler on /home/robot/nav2_ws/src/cartographer/cartographer/mapping/proto/2d/probability_grid.proto[0m
[1.416s] [  4%] [34m[1mRunning C++ protocol buffer compiler on /home/robot/nav2_ws/src/cartographer/cartographer/mapping/proto/2d/probability_grid_range_data_inserter_options_2d.proto[0m
[1.434s] [  5%] [34m[1mRunning C++ protocol buffer compiler on /home/robot/nav2_ws/src/cartographer/cartographer/mapping/proto/2d/submaps_options_2d.proto[0m
[1.456s] [  5%] [34m[1mRunning C++ protocol buffer compiler on /home/robot/nav2_ws/src/cartographer/cartographer/mapping/proto/3d/hybrid_grid.proto[0m
[1.514s] [  5%] [34m[1mRunning C++ protocol buffer compiler on /home/robot/nav2_ws/src/cartographer/cartographer/mapping/proto/3d/local_trajectory_builder_options_3d.proto[0m
[1.530s] [  6%] [34m[1mRunning C++ protocol buffer compiler on /home/robot/nav2_ws/src/cartographer/cartographer/mapping/proto/3d/range_data_inserter_options_3d.proto[0m
[1.546s] [  6%] [34m[1mRunning C++ protocol buffer compiler on /home/robot/nav2_ws/src/cartographer/cartographer/mapping/proto/3d/submaps_options_3d.proto[0m
[1.638s] [  6%] [34m[1mRunning C++ protocol buffer compiler on /home/robot/nav2_ws/src/cartographer/cartographer/mapping/proto/connected_components.proto[0m
[1.643s] [  6%] [34m[1mRunning C++ protocol buffer compiler on /home/robot/nav2_ws/src/cartographer/cartographer/mapping/proto/internal/legacy_serialized_data.proto[0m
[1.666s] [  6%] [34m[1mRunning C++ protocol buffer compiler on /home/robot/nav2_ws/src/cartographer/cartographer/mapping/proto/motion_filter_options.proto[0m
[1.672s] [  7%] [34m[1mRunning C++ protocol buffer compiler on /home/robot/nav2_ws/src/cartographer/cartographer/mapping/proto/map_builder_options.proto[0m
[1.690s] [  7%] [34m[1mRunning C++ protocol buffer compiler on /home/robot/nav2_ws/src/cartographer/cartographer/mapping/proto/pose_graph.proto[0m
[1.744s] [  8%] [34m[1mRunning C++ protocol buffer compiler on /home/robot/nav2_ws/src/cartographer/cartographer/mapping/proto/pose_graph/constraint_builder_options.proto[0m
[1.758s] [  8%] [34m[1mRunning C++ protocol buffer compiler on /home/robot/nav2_ws/src/cartographer/cartographer/mapping/proto/pose_graph_options.proto[0m
[1.762s] [  8%] [34m[1mRunning C++ protocol buffer compiler on /home/robot/nav2_ws/src/cartographer/cartographer/mapping/proto/pose_graph/optimization_problem_options.proto[0m
[1.765s] [  8%] [34m[1mRunning C++ protocol buffer compiler on /home/robot/nav2_ws/src/cartographer/cartographer/mapping/proto/scan_matching/ceres_scan_matcher_options_2d.proto[0m
[1.782s] [  9%] [34m[1mRunning C++ protocol buffer compiler on /home/robot/nav2_ws/src/cartographer/cartographer/mapping/proto/range_data_inserter_options.proto[0m
[1.809s] [  9%] [34m[1mRunning C++ protocol buffer compiler on /home/robot/nav2_ws/src/cartographer/cartographer/mapping/proto/scan_matching/ceres_scan_matcher_options_3d.proto[0m
[1.852s] [01mRunning Sphinx v1.8.5[39;49;00m
[1.871s] [  9%] [34m[1mRunning C++ protocol buffer compiler on /home/robot/nav2_ws/src/cartographer/cartographer/mapping/proto/scan_matching/fast_correlative_scan_matcher_options_2d.proto[0m
[1.878s] [ 10%] [34m[1mRunning C++ protocol buffer compiler on /home/robot/nav2_ws/src/cartographer/cartographer/mapping/proto/scan_matching/fast_correlative_scan_matcher_options_3d.proto[0m
[1.899s] [ 10%] [34m[1mRunning C++ protocol buffer compiler on /home/robot/nav2_ws/src/cartographer/cartographer/mapping/proto/scan_matching/real_time_correlative_scan_matcher_options.proto[0m
[1.910s] [ 10%] [34m[1mRunning C++ protocol buffer compiler on /home/robot/nav2_ws/src/cartographer/cartographer/mapping/proto/serialization.proto[0m
[1.916s] [ 11%] [34m[1mRunning C++ protocol buffer compiler on /home/robot/nav2_ws/src/cartographer/cartographer/mapping/proto/submap.proto[0m
[1.917s] [ 11%] [34m[1mRunning C++ protocol buffer compiler on /home/robot/nav2_ws/src/cartographer/cartographer/mapping/proto/submap_visualization.proto[0m
[1.932s] [ 11%] [34m[1mRunning C++ protocol buffer compiler on /home/robot/nav2_ws/src/cartographer/cartographer/mapping/proto/trajectory_builder_options.proto[0m
[1.934s] [ 11%] [34m[1mRunning C++ protocol buffer compiler on /home/robot/nav2_ws/src/cartographer/cartographer/mapping/proto/trajectory.proto[0m
[2.008s] [ 12%] [34m[1mRunning C++ protocol buffer compiler on /home/robot/nav2_ws/src/cartographer/cartographer/sensor/proto/adaptive_voxel_filter_options.proto[0m
[2.009s] [ 12%] [34m[1mRunning C++ protocol buffer compiler on /home/robot/nav2_ws/src/cartographer/cartographer/mapping/proto/trajectory_node_data.proto[0m
[2.028s] [ 12%] [34m[1mRunning C++ protocol buffer compiler on /home/robot/nav2_ws/src/cartographer/cartographer/sensor/proto/sensor.proto[0m
[2.061s] making output directory...
[2.064s] [01mbuilding [mo]: [39;49;00mtargets for 0 po files that are out of date
[2.065s] [01mbuilding [html][39;49;00m: targets for 5 source files that are out of date
[2.065s] [01mupdating environment: [39;49;00m5 added, 0 changed, 0 removed
[2.133s] [01mreading sources... [39;49;00m[ 20%] [35mconfiguration[39;49;00m                                        
[2.139s] [01mreading sources... [39;49;00m[ 40%] [35mcost_functions[39;49;00m                                       
[2.151s] [01mreading sources... [39;49;00m[ 60%] [35mevaluation[39;49;00m                                           
[2.176s] [01mreading sources... [39;49;00m[ 80%] [35mindex[39;49;00m                                                
[2.183s] [01mreading sources... [39;49;00m[100%] [35mterminology[39;49;00m                                          
[2.183s] 
[2.183s] [01mlooking for now-outdated files... [39;49;00mnone found
[2.183s] [01mpickling environment... [39;49;00mdone
[2.184s] [01mchecking consistency... [39;49;00mdone
[2.185s] [01mpreparing documents... [39;49;00mdone
[2.267s] [01mwriting output... [39;49;00m[ 20%] [32mconfiguration[39;49;00m                                         
[2.272s] [01mwriting output... [39;49;00m[ 40%] [32mcost_functions[39;49;00m                                        
[2.284s] [01mwriting output... [39;49;00m[ 60%] [32mevaluation[39;49;00m                                            
[2.292s] [01mwriting output... [39;49;00m[ 80%] [32mindex[39;49;00m                                                 
[2.296s] [01mwriting output... [39;49;00m[100%] [32mterminology[39;49;00m                                           
[2.296s] 
[2.304s] [01mgenerating indices...[39;49;00m genindex
[2.308s] [01mwriting additional pages...[39;49;00m search
[2.308s] [01mcopying images... [39;49;00m[ 50%] [33mautogenerate_groundtruth.png[39;49;00m                          
[2.308s] [01mcopying images... [39;49;00m[100%] [33mhigh_level_system_overview.png[39;49;00m                        
[2.308s] 
[2.321s] [01mcopying static files... [39;49;00mdone
[2.337s] [01mcopying extra files... [39;49;00mdone
[2.339s] [01mdumping search index in English (code: en) ... [39;49;00mdone
[2.339s] [01mdumping object inventory... [39;49;00mdone
[2.339s] [01mbuild succeeded.[39;49;00m
[2.339s] 
[2.339s] The HTML pages are in html.
[2.465s] [35m[1mScanning dependencies of target cartographer[0m
[2.469s] [ 12%] Built target build_doc
[3.092s] [ 12%] [32mBuilding CXX object CMakeFiles/cartographer.dir/cartographer/common/configuration_file_resolver.cc.o[0m
[3.113s] [ 12%] [32mBuilding CXX object CMakeFiles/cartographer.dir/cartographer/common/ceres_solver_options.cc.o[0m
[3.113s] [ 13%] [32mBuilding CXX object CMakeFiles/cartographer.dir/cartographer/common/fixed_ratio_sampler.cc.o[0m
[3.138s] [ 13%] [32mBuilding CXX object CMakeFiles/cartographer.dir/cartographer/common/internal/testing/thread_pool_for_testing.cc.o[0m
[3.139s] [ 13%] [32mBuilding CXX object CMakeFiles/cartographer.dir/cartographer/common/histogram.cc.o[0m
[3.218s] [ 13%] [32mBuilding CXX object CMakeFiles/cartographer.dir/cartographer/common/lua_parameter_dictionary.cc.o[0m
[3.230s] [ 14%] [32mBuilding CXX object CMakeFiles/cartographer.dir/cartographer/common/task.cc.o[0m
[3.245s] [ 14%] [32mBuilding CXX object CMakeFiles/cartographer.dir/cartographer/common/thread_pool.cc.o[0m
[3.296s] [ 14%] [32mBuilding CXX object CMakeFiles/cartographer.dir/cartographer/common/time.cc.o[0m
[3.306s] [ 15%] [32mBuilding CXX object CMakeFiles/cartographer.dir/cartographer/ground_truth/relations_text_file.cc.o[0m
[3.332s] [ 15%] [32mBuilding CXX object CMakeFiles/cartographer.dir/cartographer/io/color.cc.o[0m
[3.414s] [ 15%] [32mBuilding CXX object CMakeFiles/cartographer.dir/cartographer/io/coloring_points_processor.cc.o[0m
[3.445s] [ 15%] [32mBuilding CXX object CMakeFiles/cartographer.dir/cartographer/io/counting_points_processor.cc.o[0m
[3.452s] [ 16%] [32mBuilding CXX object CMakeFiles/cartographer.dir/cartographer/io/draw_trajectories.cc.o[0m
[3.510s] [ 16%] [32mBuilding CXX object CMakeFiles/cartographer.dir/cartographer/io/file_writer.cc.o[0m
[3.532s] [ 16%] [32mBuilding CXX object CMakeFiles/cartographer.dir/cartographer/io/fixed_ratio_sampling_points_processor.cc.o[0m
[3.550s] [ 17%] [32mBuilding CXX object CMakeFiles/cartographer.dir/cartographer/io/frame_id_filtering_points_processor.cc.o[0m
[3.627s] [ 17%] [32mBuilding CXX object CMakeFiles/cartographer.dir/cartographer/io/hybrid_grid_points_processor.cc.o[0m
[3.628s] [ 17%] [32mBuilding CXX object CMakeFiles/cartographer.dir/cartographer/io/image.cc.o[0m
[3.640s] [ 18%] [32mBuilding CXX object CMakeFiles/cartographer.dir/cartographer/io/intensity_to_color_points_processor.cc.o[0m
[3.647s] [ 18%] [32mBuilding CXX object CMakeFiles/cartographer.dir/cartographer/io/internal/in_memory_proto_stream.cc.o[0m
[3.677s] [ 18%] [32mBuilding CXX object CMakeFiles/cartographer.dir/cartographer/io/internal/mapping_state_serialization.cc.o[0m
[3.767s] [ 18%] [32mBuilding CXX object CMakeFiles/cartographer.dir/cartographer/io/min_max_range_filtering_points_processor.cc.o[0m
[3.789s] [ 19%] [32mBuilding CXX object CMakeFiles/cartographer.dir/cartographer/io/outlier_removing_points_processor.cc.o[0m
[3.789s] [ 19%] [32mBuilding CXX object CMakeFiles/cartographer.dir/cartographer/io/pcd_writing_points_processor.cc.o[0m
[3.790s] [ 19%] [32mBuilding CXX object CMakeFiles/cartographer.dir/cartographer/io/ply_writing_points_processor.cc.o[0m
[3.859s] [ 20%] [32mBuilding CXX object CMakeFiles/cartographer.dir/cartographer/io/points_batch.cc.o[0m
[3.883s] [ 20%] [32mBuilding CXX object CMakeFiles/cartographer.dir/cartographer/io/points_processor_pipeline_builder.cc.o[0m
[3.930s] [ 20%] [32mBuilding CXX object CMakeFiles/cartographer.dir/cartographer/io/probability_grid_points_processor.cc.o[0m
[3.956s] [ 20%] [32mBuilding CXX object CMakeFiles/cartographer.dir/cartographer/io/proto_stream.cc.o[0m
[3.992s] [ 21%] [32mBuilding CXX object CMakeFiles/cartographer.dir/cartographer/io/proto_stream_deserializer.cc.o[0m
[4.710s] [ 21%] [32mBuilding CXX object CMakeFiles/cartographer.dir/cartographer/io/serialization_format_migration.cc.o[0m
[4.833s] [ 21%] [32mBuilding CXX object CMakeFiles/cartographer.dir/cartographer/io/submap_painter.cc.o[0m
[4.912s] [ 22%] [32mBuilding CXX object CMakeFiles/cartographer.dir/cartographer/io/xray_points_processor.cc.o[0m
[4.924s] [ 22%] [32mBuilding CXX object CMakeFiles/cartographer.dir/cartographer/io/xyz_writing_points_processor.cc.o[0m
[5.348s] [ 22%] [32mBuilding CXX object CMakeFiles/cartographer.dir/cartographer/mapping/2d/grid_2d.cc.o[0m
[5.396s] [ 22%] [32mBuilding CXX object CMakeFiles/cartographer.dir/cartographer/mapping/2d/probability_grid.cc.o[0m
[5.509s] [ 23%] [32mBuilding CXX object CMakeFiles/cartographer.dir/cartographer/mapping/2d/probability_grid_range_data_inserter_2d.cc.o[0m
[5.536s] [ 23%] [32mBuilding CXX object CMakeFiles/cartographer.dir/cartographer/mapping/3d/range_data_inserter_3d.cc.o[0m
[5.543s] [ 23%] [32mBuilding CXX object CMakeFiles/cartographer.dir/cartographer/mapping/2d/submap_2d.cc.o[0m
[5.644s] [ 24%] [32mBuilding CXX object CMakeFiles/cartographer.dir/cartographer/mapping/3d/submap_3d.cc.o[0m
[5.847s] [ 24%] [32mBuilding CXX object CMakeFiles/cartographer.dir/cartographer/mapping/detect_floors.cc.o[0m
[5.936s] [ 24%] [32mBuilding CXX object CMakeFiles/cartographer.dir/cartographer/mapping/imu_tracker.cc.o[0m
[5.949s] [ 25%] [32mBuilding CXX object CMakeFiles/cartographer.dir/cartographer/mapping/internal/2d/local_slam_result_2d.cc.o[0m
[6.004s] [ 25%] [32mBuilding CXX object CMakeFiles/cartographer.dir/cartographer/mapping/internal/2d/local_trajectory_builder_2d.cc.o[0m
[6.066s] [ 25%] [32mBuilding CXX object CMakeFiles/cartographer.dir/cartographer/mapping/internal/2d/local_trajectory_builder_options_2d.cc.o[0m
[6.388s] [ 25%] [32mBuilding CXX object CMakeFiles/cartographer.dir/cartographer/mapping/internal/2d/overlapping_submaps_trimmer_2d.cc.o[0m
[6.476s] [ 26%] [32mBuilding CXX object CMakeFiles/cartographer.dir/cartographer/mapping/internal/2d/pose_graph_2d.cc.o[0m
[6.536s] [ 26%] [32mBuilding CXX object CMakeFiles/cartographer.dir/cartographer/mapping/internal/2d/scan_matching/ceres_scan_matcher_2d.cc.o[0m
[6.547s] [ 26%] [32mBuilding CXX object CMakeFiles/cartographer.dir/cartographer/mapping/internal/2d/ray_casting.cc.o[0m
[6.646s] [ 27%] [32mBuilding CXX object CMakeFiles/cartographer.dir/cartographer/mapping/internal/2d/scan_matching/correlative_scan_matcher_2d.cc.o[0m
[6.736s] [ 27%] [32mBuilding CXX object CMakeFiles/cartographer.dir/cartographer/mapping/internal/2d/scan_matching/fast_correlative_scan_matcher_2d.cc.o[0m
[6.806s] [ 27%] [32mBuilding CXX object CMakeFiles/cartographer.dir/cartographer/mapping/internal/2d/scan_matching/real_time_correlative_scan_matcher_2d.cc.o[0m
[7.101s] [ 27%] [32mBuilding CXX object CMakeFiles/cartographer.dir/cartographer/mapping/internal/3d/local_slam_result_3d.cc.o[0m
[7.186s] [ 28%] [32mBuilding CXX object CMakeFiles/cartographer.dir/cartographer/mapping/internal/3d/local_trajectory_builder_3d.cc.o[0m
[7.282s] [ 28%] [32mBuilding CXX object CMakeFiles/cartographer.dir/cartographer/mapping/internal/3d/local_trajectory_builder_options_3d.cc.o[0m
[7.440s] [ 28%] [32mBuilding CXX object CMakeFiles/cartographer.dir/cartographer/mapping/internal/3d/pose_graph_3d.cc.o[0m
[7.593s] [ 29%] [32mBuilding CXX object CMakeFiles/cartographer.dir/cartographer/mapping/internal/3d/scan_matching/ceres_scan_matcher_3d.cc.o[0m
[7.625s] [ 29%] [32mBuilding CXX object CMakeFiles/cartographer.dir/cartographer/mapping/internal/3d/scan_matching/fast_correlative_scan_matcher_3d.cc.o[0m
[7.689s] [ 29%] [32mBuilding CXX object CMakeFiles/cartographer.dir/cartographer/mapping/internal/3d/scan_matching/low_resolution_matcher.cc.o[0m
[7.917s] [ 30%] [32mBuilding CXX object CMakeFiles/cartographer.dir/cartographer/mapping/internal/3d/scan_matching/precomputation_grid_3d.cc.o[0m
[8.205s] [ 30%] [32mBuilding CXX object CMakeFiles/cartographer.dir/cartographer/mapping/internal/3d/scan_matching/real_time_correlative_scan_matcher_3d.cc.o[0m
[8.744s] [ 30%] [32mBuilding CXX object CMakeFiles/cartographer.dir/cartographer/mapping/internal/3d/scan_matching/rotational_scan_matcher.cc.o[0m
[8.865s] [ 30%] [32mBuilding CXX object CMakeFiles/cartographer.dir/cartographer/mapping/internal/collated_trajectory_builder.cc.o[0m
[9.021s] [ 31%] [32mBuilding CXX object CMakeFiles/cartographer.dir/cartographer/mapping/internal/connected_components.cc.o[0m
[9.180s] [ 31%] [32mBuilding CXX object CMakeFiles/cartographer.dir/cartographer/mapping/internal/constraints/constraint_builder.cc.o[0m
[9.339s] [ 31%] [32mBuilding CXX object CMakeFiles/cartographer.dir/cartographer/mapping/internal/constraints/constraint_builder_2d.cc.o[0m
[9.353s] [ 32%] [32mBuilding CXX object CMakeFiles/cartographer.dir/cartographer/mapping/internal/constraints/constraint_builder_3d.cc.o[0m
[9.655s] [ 32%] [32mBuilding CXX object CMakeFiles/cartographer.dir/cartographer/mapping/internal/global_trajectory_builder.cc.o[0m
[9.660s] [ 32%] [32mBuilding CXX object CMakeFiles/cartographer.dir/cartographer/mapping/internal/motion_filter.cc.o[0m
[9.702s] [ 32%] [32mBuilding CXX object CMakeFiles/cartographer.dir/cartographer/mapping/internal/optimization/ceres_pose.cc.o[0m
[9.772s] [ 33%] [32mBuilding CXX object CMakeFiles/cartographer.dir/cartographer/mapping/internal/optimization/cost_functions/spa_cost_function_2d.cc.o[0m
[9.828s] [ 33%] [32m[1mLinking CXX static library ../lib/libgtest.a[0m
[9.892s] [ 33%] [32mBuilding CXX object CMakeFiles/cartographer.dir/cartographer/mapping/internal/optimization/optimization_problem_2d.cc.o[0m
[9.939s] [ 33%] Built target gtest
[9.984s] [ 33%] [32mBuilding CXX object CMakeFiles/cartographer.dir/cartographer/mapping/internal/optimization/optimization_problem_3d.cc.o[0m
[10.001s] [ 34%] [32mBuilding CXX object CMakeFiles/cartographer.dir/cartographer/mapping/internal/optimization/optimization_problem_options.cc.o[0m
[10.073s] [ 34%] [32mBuilding CXX object CMakeFiles/cartographer.dir/cartographer/mapping/internal/range_data_collator.cc.o[0m
[10.076s] [35m[1mScanning dependencies of target gmock[0m
[10.147s] [ 34%] [32mBuilding CXX object gmock/CMakeFiles/gmock.dir/src/gmock-all.cc.o[0m
[10.151s] [ 34%] [32mBuilding CXX object CMakeFiles/cartographer.dir/cartographer/mapping/internal/scan_matching/real_time_correlative_scan_matcher.cc.o[0m
[10.386s] [ 35%] [32mBuilding CXX object CMakeFiles/cartographer.dir/cartographer/mapping/internal/submap_controller.cc.o[0m
[10.440s] [ 35%] [32mBuilding CXX object CMakeFiles/cartographer.dir/cartographer/mapping/internal/trajectory_connectivity_state.cc.o[0m
[10.624s] [ 35%] [32mBuilding CXX object CMakeFiles/cartographer.dir/cartographer/mapping/map_builder.cc.o[0m
[10.630s] [ 35%] [32mBuilding CXX object CMakeFiles/cartographer.dir/cartographer/mapping/pose_extrapolator.cc.o[0m
[10.996s] [ 36%] [32mBuilding CXX object CMakeFiles/cartographer.dir/cartographer/mapping/pose_graph.cc.o[0m
[11.048s] [ 36%] [32mBuilding CXX object CMakeFiles/cartographer.dir/cartographer/mapping/pose_graph_trimmer.cc.o[0m
[11.233s] [ 36%] [32mBuilding CXX object CMakeFiles/cartographer.dir/cartographer/mapping/probability_values.cc.o[0m
[11.325s] [ 37%] [32mBuilding CXX object CMakeFiles/cartographer.dir/cartographer/mapping/range_data_inserter_interface.cc.o[0m
[11.334s] [ 37%] [32mBuilding CXX object CMakeFiles/cartographer.dir/cartographer/mapping/trajectory_builder_interface.cc.o[0m
[11.459s] [ 37%] [32mBuilding CXX object CMakeFiles/cartographer.dir/cartographer/mapping/trajectory_node.cc.o[0m
[11.461s] [ 37%] [32mBuilding CXX object CMakeFiles/cartographer.dir/cartographer/metrics/counter.cc.o[0m
[11.467s] [ 38%] [32mBuilding CXX object CMakeFiles/cartographer.dir/cartographer/metrics/gauge.cc.o[0m
[11.585s] [ 38%] [32mBuilding CXX object CMakeFiles/cartographer.dir/cartographer/metrics/histogram.cc.o[0m
[11.591s] [ 38%] [32mBuilding CXX object CMakeFiles/cartographer.dir/cartographer/metrics/register.cc.o[0m
[11.624s] [ 39%] [32mBuilding CXX object CMakeFiles/cartographer.dir/cartographer/sensor/compressed_point_cloud.cc.o[0m
[11.629s] [ 39%] [32mBuilding CXX object CMakeFiles/cartographer.dir/cartographer/sensor/fixed_frame_pose_data.cc.o[0m
[11.675s] [ 39%] [32mBuilding CXX object CMakeFiles/cartographer.dir/cartographer/sensor/imu_data.cc.o[0m
[11.711s] [ 40%] [32mBuilding CXX object CMakeFiles/cartographer.dir/cartographer/sensor/internal/collator.cc.o[0m
[11.786s] [ 40%] [32mBuilding CXX object CMakeFiles/cartographer.dir/cartographer/sensor/internal/ordered_multi_queue.cc.o[0m
[11.795s] [ 40%] [32mBuilding CXX object CMakeFiles/cartographer.dir/cartographer/sensor/internal/trajectory_collator.cc.o[0m
[11.884s] [ 40%] [32mBuilding CXX object CMakeFiles/cartographer.dir/cartographer/sensor/internal/voxel_filter.cc.o[0m
[11.998s] [ 41%] [32mBuilding CXX object CMakeFiles/cartographer.dir/cartographer/sensor/landmark_data.cc.o[0m
[12.375s] [ 42%] [32m[1mLinking CXX static library ../lib/libgmock.a[0m
[12.410s] [ 42%] Built target gmock
[12.415s] [ 42%] [32mBuilding CXX object CMakeFiles/cartographer.dir/cartographer/sensor/odometry_data.cc.o[0m
[12.431s] [35m[1mScanning dependencies of target gmock_main[0m
[12.492s] [ 42%] [32mBuilding CXX object CMakeFiles/cartographer.dir/cartographer/sensor/point_cloud.cc.o[0m
[12.494s] [ 42%] [32mBuilding CXX object gmock/CMakeFiles/gmock_main.dir/src/gmock_main.cc.o[0m
[12.526s] [ 43%] [32mBuilding CXX object CMakeFiles/cartographer.dir/cartographer/sensor/range_data.cc.o[0m
[12.644s] [ 43%] [32mBuilding CXX object CMakeFiles/cartographer.dir/cartographer/sensor/timed_point_cloud_data.cc.o[0m
[12.677s] [ 43%] [32mBuilding CXX object CMakeFiles/cartographer.dir/cartographer/transform/rigid_transform.cc.o[0m
[12.679s] [ 43%] [32mBuilding CXX object CMakeFiles/cartographer.dir/cartographer/transform/timestamped_transform.cc.o[0m
[12.705s] [ 44%] [32mBuilding CXX object CMakeFiles/cartographer.dir/cartographer/transform/transform.cc.o[0m
[12.739s] [ 44%] [32mBuilding CXX object CMakeFiles/cartographer.dir/cartographer/transform/transform_interpolation_buffer.cc.o[0m
[13.024s] [ 44%] [32mBuilding CXX object CMakeFiles/cartographer.dir/cartographer/common/proto/ceres_solver_options.pb.cc.o[0m
[13.135s] [ 45%] [32mBuilding CXX object CMakeFiles/cartographer.dir/cartographer/ground_truth/proto/relations.pb.cc.o[0m
[13.213s] [ 45%] [32mBuilding CXX object CMakeFiles/cartographer.dir/cartographer/mapping/proto/2d/grid_2d.pb.cc.o[0m
[13.222s] [ 45%] [32mBuilding CXX object CMakeFiles/cartographer.dir/cartographer/mapping/proto/2d/cell_limits.pb.cc.o[0m
[13.232s] [ 45%] [32m[1mLinking CXX static library ../lib/libgmock_main.a[0m
[13.255s] [ 46%] [32mBuilding CXX object CMakeFiles/cartographer.dir/cartographer/mapping/proto/2d/local_trajectory_builder_options_2d.pb.cc.o[0m
[13.264s] [ 46%] [32mBuilding CXX object CMakeFiles/cartographer.dir/cartographer/mapping/proto/2d/grid_2d_options.pb.cc.o[0m
[13.265s] [ 46%] Built target gmock_main
[13.276s] [ 46%] [32mBuilding CXX object CMakeFiles/cartographer.dir/cartographer/mapping/proto/2d/map_limits.pb.cc.o[0m
[13.412s] [ 46%] [32mBuilding CXX object CMakeFiles/cartographer.dir/cartographer/mapping/proto/2d/probability_grid.pb.cc.o[0m
[13.451s] [ 47%] [32mBuilding CXX object CMakeFiles/cartographer.dir/cartographer/mapping/proto/2d/probability_grid_range_data_inserter_options_2d.pb.cc.o[0m
[13.465s] [ 47%] [32mBuilding CXX object CMakeFiles/cartographer.dir/cartographer/mapping/proto/2d/submaps_options_2d.pb.cc.o[0m
[13.503s] [ 47%] [32mBuilding CXX object CMakeFiles/cartographer.dir/cartographer/mapping/proto/3d/hybrid_grid.pb.cc.o[0m
[13.690s] [ 48%] [32mBuilding CXX object CMakeFiles/cartographer.dir/cartographer/mapping/proto/3d/local_trajectory_builder_options_3d.pb.cc.o[0m
[13.838s] [ 48%] [32mBuilding CXX object CMakeFiles/cartographer.dir/cartographer/mapping/proto/3d/range_data_inserter_options_3d.pb.cc.o[0m
[13.892s] [ 48%] [32mBuilding CXX object CMakeFiles/cartographer.dir/cartographer/mapping/proto/3d/submaps_options_3d.pb.cc.o[0m
[13.932s] [ 49%] [32mBuilding CXX object CMakeFiles/cartographer.dir/cartographer/mapping/proto/internal/legacy_serialized_data.pb.cc.o[0m
[13.948s] [ 49%] [32mBuilding CXX object CMakeFiles/cartographer.dir/cartographer/mapping/proto/connected_components.pb.cc.o[0m
[13.978s] [ 49%] [32mBuilding CXX object CMakeFiles/cartographer.dir/cartographer/mapping/proto/map_builder_options.pb.cc.o[0m
[13.986s] [ 49%] [32mBuilding CXX object CMakeFiles/cartographer.dir/cartographer/mapping/proto/motion_filter_options.pb.cc.o[0m
[14.024s] [ 50%] [32mBuilding CXX object CMakeFiles/cartographer.dir/cartographer/mapping/proto/pose_graph.pb.cc.o[0m
[14.048s] [ 50%] [32mBuilding CXX object CMakeFiles/cartographer.dir/cartographer/mapping/proto/pose_graph/constraint_builder_options.pb.cc.o[0m
[14.053s] [ 50%] [32mBuilding CXX object CMakeFiles/cartographer.dir/cartographer/mapping/proto/pose_graph/optimization_problem_options.pb.cc.o[0m
[14.062s] [ 50%] [32mBuilding CXX object CMakeFiles/cartographer.dir/cartographer/mapping/proto/pose_graph_options.pb.cc.o[0m
[14.116s] [ 50%] [32mBuilding CXX object CMakeFiles/cartographer.dir/cartographer/mapping/proto/scan_matching/ceres_scan_matcher_options_3d.pb.cc.o[0m
[14.117s] [ 51%] [32mBuilding CXX object CMakeFiles/cartographer.dir/cartographer/mapping/proto/range_data_inserter_options.pb.cc.o[0m
[14.122s] [ 51%] [32mBuilding CXX object CMakeFiles/cartographer.dir/cartographer/mapping/proto/scan_matching/ceres_scan_matcher_options_2d.pb.cc.o[0m
[14.175s] [ 52%] [32mBuilding CXX object CMakeFiles/cartographer.dir/cartographer/mapping/proto/scan_matching/fast_correlative_scan_matcher_options_2d.pb.cc.o[0m
[14.205s] [ 52%] [32mBuilding CXX object CMakeFiles/cartographer.dir/cartographer/mapping/proto/scan_matching/fast_correlative_scan_matcher_options_3d.pb.cc.o[0m
[14.223s] [ 52%] [32mBuilding CXX object CMakeFiles/cartographer.dir/cartographer/mapping/proto/scan_matching/real_time_correlative_scan_matcher_options.pb.cc.o[0m
[14.243s] [ 53%] [32mBuilding CXX object CMakeFiles/cartographer.dir/cartographer/mapping/proto/serialization.pb.cc.o[0m
[14.318s] [ 53%] [32mBuilding CXX object CMakeFiles/cartographer.dir/cartographer/mapping/proto/submap.pb.cc.o[0m
[14.319s] [ 53%] [32mBuilding CXX object CMakeFiles/cartographer.dir/cartographer/mapping/proto/submap_visualization.pb.cc.o[0m
[14.420s] [ 53%] [32mBuilding CXX object CMakeFiles/cartographer.dir/cartographer/mapping/proto/trajectory.pb.cc.o[0m
[14.422s] [ 54%] [32mBuilding CXX object CMakeFiles/cartographer.dir/cartographer/mapping/proto/trajectory_builder_options.pb.cc.o[0m
[14.436s] [ 54%] [32mBuilding CXX object CMakeFiles/cartographer.dir/cartographer/mapping/proto/trajectory_node_data.pb.cc.o[0m
[14.462s] [ 54%] [32mBuilding CXX object CMakeFiles/cartographer.dir/cartographer/sensor/proto/adaptive_voxel_filter_options.pb.cc.o[0m
[14.471s] [ 55%] [32mBuilding CXX object CMakeFiles/cartographer.dir/cartographer/sensor/proto/sensor.pb.cc.o[0m
[14.481s] [ 55%] [32mBuilding CXX object CMakeFiles/cartographer.dir/cartographer/transform/proto/transform.pb.cc.o[0m
[17.313s] [ 55%] [32m[1mLinking CXX static library libcartographer.a[0m
[17.354s] [ 55%] Built target cartographer
[17.358s] [35m[1mScanning dependencies of target cartographer_test_library[0m
[17.359s] [35m[1mScanning dependencies of target cartographer_migrate_serialization_format[0m
[17.359s] [35m[1mScanning dependencies of target cartographer_compute_relations_metrics[0m
[17.359s] [35m[1mScanning dependencies of target cartographer_autogenerate_ground_truth[0m
[17.363s] [ 56%] [32mBuilding CXX object CMakeFiles/cartographer_migrate_serialization_format.dir/cartographer/io/migrate_serialization_format_main.cc.o[0m
[17.374s] [ 57%] [32mBuilding CXX object CMakeFiles/cartographer_test_library.dir/cartographer/io/fake_file_writer_test.cc.o[0m
[17.374s] [ 57%] [32mBuilding CXX object CMakeFiles/cartographer_test_library.dir/cartographer/io/fake_file_writer.cc.o[0m
[17.375s] [ 57%] [32mBuilding CXX object CMakeFiles/cartographer_compute_relations_metrics.dir/cartographer/ground_truth/compute_relations_metrics_main.cc.o[0m
[17.375s] [ 57%] [32mBuilding CXX object CMakeFiles/cartographer_test_library.dir/cartographer/mapping/internal/testing/test_helpers.cc.o[0m
[17.375s] [ 58%] [32mBuilding CXX object CMakeFiles/cartographer_autogenerate_ground_truth.dir/cartographer/ground_truth/autogenerate_ground_truth_main.cc.o[0m
[17.866s] [ 58%] [32m[1mLinking CXX executable cartographer_migrate_serialization_format[0m
[17.925s] [ 58%] Built target cartographer_migrate_serialization_format
[18.549s] [ 58%] [32m[1mLinking CXX executable cartographer_autogenerate_ground_truth[0m
[18.586s] [ 58%] [32m[1mLinking CXX executable cartographer_compute_relations_metrics[0m
[18.606s] [ 58%] [32m[1mLinking CXX static library libcartographer_test_library.a[0m
[18.610s] [ 58%] Built target cartographer_autogenerate_ground_truth
[18.620s] [ 58%] Built target cartographer_test_library
[18.624s] [35m[1mScanning dependencies of target cartographer.transform.transform_test[0m
[18.625s] [35m[1mScanning dependencies of target cartographer.sensor.range_data_test[0m
[18.625s] [35m[1mScanning dependencies of target cartographer.sensor.internal.voxel_filter_test[0m
[18.625s] [35m[1mScanning dependencies of target cartographer.mapping.2d.probability_grid_test[0m
[18.625s] [35m[1mScanning dependencies of target cartographer.mapping.3d.range_data_inserter_3d_test[0m
[18.625s] [35m[1mScanning dependencies of target cartographer.sensor.landmark_data_test[0m
[18.627s] [35m[1mScanning dependencies of target cartographer.mapping.pose_graph_test[0m
[18.627s] [35m[1mScanning dependencies of target cartographer.mapping.internal.constraints.constraint_builder_3d_test[0m
[18.627s] [35m[1mScanning dependencies of target cartographer.mapping.2d.map_limits_test[0m
[18.627s] [35m[1mScanning dependencies of target cartographer.io.proto_stream_deserializer_test[0m
[18.627s] [35m[1mScanning dependencies of target cartographer.mapping.3d.submap_3d_test[0m
[18.627s] [35m[1mScanning dependencies of target cartographer.mapping.3d.hybrid_grid_test[0m
[18.627s] [35m[1mScanning dependencies of target cartographer.io.points_processor_pipeline_builder_test[0m
[18.627s] [35m[1mScanning dependencies of target cartographer.mapping.2d.range_data_inserter_2d_test[0m
[18.628s] [35m[1mScanning dependencies of target cartographer.common.lockless_queue_test[0m
[18.628s] [35m[1mScanning dependencies of target cartographer.common.fixed_ratio_sampler_test[0m
[18.628s] [35m[1mScanning dependencies of target cartographer.io.serialization_format_migration_test[0m
[18.628s] [35m[1mScanning dependencies of target cartographer.common.rate_timer_test[0m
[18.628s] [35m[1mScanning dependencies of target cartographer.mapping.trajectory_node_test[0m
[18.628s] [35m[1mScanning dependencies of target cartographer.mapping.submaps_test[0m
[18.628s] [35m[1mScanning dependencies of target cartographer.mapping.internal.optimization.cost_functions.spa_cost_function_2d_test[0m
[18.629s] [35m[1mScanning dependencies of target cartographer.mapping.internal.2d.scan_matching.ceres_scan_matcher_2d_test[0m
[18.629s] [35m[1mScanning dependencies of target cartographer.mapping.internal.motion_filter_test[0m
[18.629s] [35m[1mScanning dependencies of target cartographer.common.blocking_queue_test[0m
[18.629s] [35m[1mScanning dependencies of target cartographer.sensor.point_cloud_test[0m
[18.629s] [35m[1mScanning dependencies of target cartographer.common.lua_parameter_dictionary_test[0m
[18.629s] [35m[1mScanning dependencies of target cartographer.transform.transform_interpolation_buffer_test[0m
[18.630s] [35m[1mScanning dependencies of target cartographer.io.fake_file_writer_test[0m
[18.630s] [35m[1mScanning dependencies of target cartographer.mapping.internal.3d.scan_matching.ceres_scan_matcher_3d_test[0m
[18.641s] [ 58%] [32mBuilding CXX object CMakeFiles/cartographer.common.blocking_queue_test.dir/cartographer/common/blocking_queue_test.cc.o[0m
[18.641s] [35m[1mScanning dependencies of target cartographer.io.proto_stream_test[0m
[18.642s] [ 58%] [32mBuilding CXX object CMakeFiles/cartographer.common.lua_parameter_dictionary_test.dir/cartographer/common/lua_parameter_dictionary_test.cc.o[0m
[18.643s] [ 58%] [32mBuilding CXX object CMakeFiles/cartographer.io.proto_stream_deserializer_test.dir/cartographer/io/proto_stream_deserializer_test.cc.o[0m
[18.646s] [ 58%] [32mBuilding CXX object CMakeFiles/cartographer.io.serialization_format_migration_test.dir/cartographer/io/serialization_format_migration_test.cc.o[0m
[18.647s] [ 58%] [32mBuilding CXX object CMakeFiles/cartographer.common.lockless_queue_test.dir/cartographer/common/lockless_queue_test.cc.o[0m
[18.647s] [ 58%] [32mBuilding CXX object CMakeFiles/cartographer.transform.transform_test.dir/cartographer/transform/transform_test.cc.o[0m
[18.650s] [ 58%] [32mBuilding CXX object CMakeFiles/cartographer.io.points_processor_pipeline_builder_test.dir/cartographer/io/points_processor_pipeline_builder_test.cc.o[0m
[18.654s] [ 59%] [32mBuilding CXX object CMakeFiles/cartographer.io.proto_stream_test.dir/cartographer/io/proto_stream_test.cc.o[0m
[18.654s] [ 59%] [32mBuilding CXX object CMakeFiles/cartographer.mapping.3d.range_data_inserter_3d_test.dir/cartographer/mapping/3d/range_data_inserter_3d_test.cc.o[0m
[18.657s] [35m[1mScanning dependencies of target cartographer.common.math_test[0m
[18.657s] [ 60%] [32mBuilding CXX object CMakeFiles/cartographer.common.fixed_ratio_sampler_test.dir/cartographer/common/fixed_ratio_sampler_test.cc.o[0m
[18.657s] [ 60%] [32mBuilding CXX object CMakeFiles/cartographer.mapping.2d.map_limits_test.dir/cartographer/mapping/2d/map_limits_test.cc.o[0m
[18.658s] [ 61%] [32mBuilding CXX object CMakeFiles/cartographer.sensor.point_cloud_test.dir/cartographer/sensor/point_cloud_test.cc.o[0m
[18.658s] [ 61%] [32mBuilding CXX object CMakeFiles/cartographer.mapping.3d.submap_3d_test.dir/cartographer/mapping/3d/submap_3d_test.cc.o[0m
[18.659s] [ 62%] [32mBuilding CXX object CMakeFiles/cartographer.mapping.3d.hybrid_grid_test.dir/cartographer/mapping/3d/hybrid_grid_test.cc.o[0m
[18.659s] [ 60%] [32mBuilding CXX object CMakeFiles/cartographer.io.fake_file_writer_test.dir/cartographer/io/fake_file_writer_test.cc.o[0m
[18.659s] [ 60%] [32mBuilding CXX object CMakeFiles/cartographer.sensor.range_data_test.dir/cartographer/sensor/range_data_test.cc.o[0m
[18.659s] [ 62%] [32mBuilding CXX object CMakeFiles/cartographer.sensor.landmark_data_test.dir/cartographer/sensor/landmark_data_test.cc.o[0m
[18.660s] [ 62%] [32mBuilding CXX object CMakeFiles/cartographer.mapping.internal.optimization.cost_functions.spa_cost_function_2d_test.dir/cartographer/mapping/internal/optimization/cost_functions/spa_cost_function_2d_test.cc.o[0m
[18.660s] [ 62%] [32mBuilding CXX object CMakeFiles/cartographer.sensor.internal.voxel_filter_test.dir/cartographer/sensor/internal/voxel_filter_test.cc.o[0m
[18.661s] [ 62%] [32mBuilding CXX object CMakeFiles/cartographer.transform.transform_interpolation_buffer_test.dir/cartographer/transform/transform_interpolation_buffer_test.cc.o[0m
[18.661s] [ 62%] Built target cartographer_compute_relations_metrics
[18.661s] [ 63%] [32mBuilding CXX object CMakeFiles/cartographer.mapping.internal.constraints.constraint_builder_3d_test.dir/cartographer/mapping/internal/constraints/constraint_builder_3d_test.cc.o[0m
[18.662s] [ 64%] [32mBuilding CXX object CMakeFiles/cartographer.mapping.pose_graph_test.dir/cartographer/mapping/pose_graph_test.cc.o[0m
[18.662s] [ 64%] [32mBuilding CXX object CMakeFiles/cartographer.mapping.internal.motion_filter_test.dir/cartographer/mapping/internal/motion_filter_test.cc.o[0m
[18.662s] [ 64%] [32mBuilding CXX object CMakeFiles/cartographer.mapping.internal.3d.scan_matching.ceres_scan_matcher_3d_test.dir/cartographer/mapping/internal/3d/scan_matching/ceres_scan_matcher_3d_test.cc.o[0m
[18.663s] [ 64%] [32mBuilding CXX object CMakeFiles/cartographer.mapping.2d.range_data_inserter_2d_test.dir/cartographer/mapping/2d/range_data_inserter_2d_test.cc.o[0m
[18.664s] [ 64%] [32mBuilding CXX object CMakeFiles/cartographer.mapping.submaps_test.dir/cartographer/mapping/submaps_test.cc.o[0m
[18.666s] [ 64%] [32mBuilding CXX object CMakeFiles/cartographer.mapping.internal.2d.scan_matching.ceres_scan_matcher_2d_test.dir/cartographer/mapping/internal/2d/scan_matching/ceres_scan_matcher_2d_test.cc.o[0m
[18.667s] [ 65%] [32mBuilding CXX object CMakeFiles/cartographer.common.rate_timer_test.dir/cartographer/common/rate_timer_test.cc.o[0m
[18.667s] [ 65%] [32mBuilding CXX object CMakeFiles/cartographer.mapping.trajectory_node_test.dir/cartographer/mapping/trajectory_node_test.cc.o[0m
[18.671s] [35m[1mScanning dependencies of target cartographer.io.internal.in_memory_proto_stream_test[0m
[18.674s] [ 65%] [32mBuilding CXX object CMakeFiles/cartographer.mapping.2d.probability_grid_test.dir/cartographer/mapping/2d/probability_grid_test.cc.o[0m
[18.681s] [ 65%] [32mBuilding CXX object CMakeFiles/cartographer.common.math_test.dir/cartographer/common/math_test.cc.o[0m
[18.717s] [ 65%] [32mBuilding CXX object CMakeFiles/cartographer.io.internal.in_memory_proto_stream_test.dir/cartographer/io/internal/in_memory_proto_stream_test.cc.o[0m
[19.460s] [ 66%] [32m[1mLinking CXX executable cartographer.common.lockless_queue_test[0m
[19.674s] [ 66%] Built target cartographer.common.lockless_queue_test
[19.728s] [35m[1mScanning dependencies of target cartographer.mapping.internal.3d.scan_matching.fast_correlative_scan_matcher_3d_test[0m
[19.822s] [ 66%] [32mBuilding CXX object CMakeFiles/cartographer.mapping.internal.3d.scan_matching.fast_correlative_scan_matcher_3d_test.dir/cartographer/mapping/internal/3d/scan_matching/fast_correlative_scan_matcher_3d_test.cc.o[0m
[19.911s] [ 66%] [32m[1mLinking CXX executable cartographer.common.fixed_ratio_sampler_test[0m
[19.996s] [ 66%] Built target cartographer.common.fixed_ratio_sampler_test
[20.004s] [35m[1mScanning dependencies of target cartographer.common.optional_test[0m
[20.037s] [ 66%] [32mBuilding CXX object CMakeFiles/cartographer.common.optional_test.dir/cartographer/common/optional_test.cc.o[0m
[20.116s] [ 66%] [32m[1mLinking CXX executable cartographer.io.proto_stream_test[0m
[20.230s] [ 67%] [32m[1mLinking CXX executable cartographer.common.math_test[0m
[20.235s] [ 67%] Built target cartographer.io.proto_stream_test
[20.243s] [35m[1mScanning dependencies of target cartographer.mapping.id_test[0m
[20.243s] [ 67%] [32m[1mLinking CXX executable cartographer.common.rate_timer_test[0m
[20.264s] [ 68%] [32mBuilding CXX object CMakeFiles/cartographer.mapping.id_test.dir/cartographer/mapping/id_test.cc.o[0m
[20.320s] [ 68%] Built target cartographer.common.math_test
[20.327s] [35m[1mScanning dependencies of target cartographer.mapping.2d.submap_2d_test[0m
[20.342s] [ 68%] Built target cartographer.common.rate_timer_test
[20.350s] [35m[1mScanning dependencies of target cartographer.mapping.internal.2d.overlapping_submaps_trimmer_2d_test[0m
[20.387s] [ 69%] [32mBuilding CXX object CMakeFiles/cartographer.mapping.2d.submap_2d_test.dir/cartographer/mapping/2d/submap_2d_test.cc.o[0m
[20.430s] [ 70%] [32m[1mLinking CXX executable cartographer.io.points_processor_pipeline_builder_test[0m
[20.434s] [ 71%] [32mBuilding CXX object CMakeFiles/cartographer.mapping.internal.2d.overlapping_submaps_trimmer_2d_test.dir/cartographer/mapping/internal/2d/overlapping_submaps_trimmer_2d_test.cc.o[0m
[20.534s] [ 72%] [32m[1mLinking CXX executable cartographer.io.fake_file_writer_test[0m
[20.570s] [ 72%] Built target cartographer.io.points_processor_pipeline_builder_test
[20.577s] [35m[1mScanning dependencies of target cartographer.mapping.internal.optimization.optimization_problem_3d_test[0m
[20.622s] [ 72%] Built target cartographer.io.fake_file_writer_test
[20.631s] [35m[1mScanning dependencies of target cartographer.common.configuration_files_test[0m
[20.644s] [ 73%] [32mBuilding CXX object CMakeFiles/cartographer.mapping.internal.optimization.optimization_problem_3d_test.dir/cartographer/mapping/internal/optimization/optimization_problem_3d_test.cc.o[0m
[20.668s] [ 74%] [32m[1mLinking CXX executable cartographer.mapping.submaps_test[0m
[20.676s] [ 74%] [32mBuilding CXX object CMakeFiles/cartographer.common.configuration_files_test.dir/cartographer/common/configuration_files_test.cc.o[0m
[20.699s] [ 74%] [32m[1mLinking CXX executable cartographer.common.optional_test[0m
[20.719s] [ 74%] [32m[1mLinking CXX executable cartographer.io.proto_stream_deserializer_test[0m
[20.783s] [ 74%] Built target cartographer.common.optional_test
[20.784s] [ 74%] Built target cartographer.mapping.submaps_test
[20.790s] [35m[1mScanning dependencies of target cartographer.mapping.internal.2d.scan_matching.correlative_scan_matcher_test[0m
[20.790s] [35m[1mScanning dependencies of target cartographer.common.thread_pool_test[0m
[20.819s] [ 75%] [32mBuilding CXX object CMakeFiles/cartographer.common.thread_pool_test.dir/cartographer/common/thread_pool_test.cc.o[0m
[20.821s] [ 75%] [32mBuilding CXX object CMakeFiles/cartographer.mapping.internal.2d.scan_matching.correlative_scan_matcher_test.dir/cartographer/mapping/internal/2d/scan_matching/correlative_scan_matcher_test.cc.o[0m
[20.866s] [ 75%] Built target cartographer.io.proto_stream_deserializer_test
[20.866s] [ 75%] [32m[1mLinking CXX executable cartographer.common.lua_parameter_dictionary_test[0m
[20.873s] [ 76%] [32m[1mLinking CXX executable cartographer.common.blocking_queue_test[0m
[20.879s] [35m[1mScanning dependencies of target cartographer.mapping.internal.2d.pose_graph_2d_test[0m
[20.901s] [ 76%] [32m[1mLinking CXX executable cartographer.io.internal.in_memory_proto_stream_test[0m
[20.906s] [ 77%] [32m[1mLinking CXX executable cartographer.mapping.internal.motion_filter_test[0m
[20.919s] [ 77%] [32mBuilding CXX object CMakeFiles/cartographer.mapping.internal.2d.pose_graph_2d_test.dir/cartographer/mapping/internal/2d/pose_graph_2d_test.cc.o[0m
[20.930s] [ 78%] [32m[1mLinking CXX executable cartographer.io.serialization_format_migration_test[0m
[20.973s] [ 78%] Built target cartographer.common.lua_parameter_dictionary_test
[20.981s] [35m[1mScanning dependencies of target cartographer.mapping.internal.3d.pose_graph_3d_test[0m
[20.984s] [ 78%] Built target cartographer.common.blocking_queue_test
[20.993s] [35m[1mScanning dependencies of target cartographer.mapping.pose_graph_trimmer_test[0m
[21.028s] [ 78%] [32m[1mLinking CXX executable cartographer.mapping.pose_graph_test[0m
[21.032s] [ 78%] Built target cartographer.io.internal.in_memory_proto_stream_test
[21.032s] [ 78%] [32mBuilding CXX object CMakeFiles/cartographer.mapping.pose_graph_trimmer_test.dir/cartographer/mapping/pose_graph_trimmer_test.cc.o[0m
[21.040s] [ 78%] [32m[1mLinking CXX executable cartographer.sensor.point_cloud_test[0m
[21.042s] [35m[1mScanning dependencies of target cartographer.mapping.internal.2d.scan_matching.real_time_correlative_scan_matcher_2d_test[0m
[21.044s] [ 78%] [32mBuilding CXX object CMakeFiles/cartographer.mapping.internal.3d.pose_graph_3d_test.dir/cartographer/mapping/internal/3d/pose_graph_3d_test.cc.o[0m
[21.051s] [ 78%] Built target cartographer.mapping.internal.motion_filter_test
[21.060s] [35m[1mScanning dependencies of target cartographer.mapping.internal.range_data_collator_test[0m
[21.082s] [ 79%] [32mBuilding CXX object CMakeFiles/cartographer.mapping.internal.2d.scan_matching.real_time_correlative_scan_matcher_2d_test.dir/cartographer/mapping/internal/2d/scan_matching/real_time_correlative_scan_matcher_2d_test.cc.o[0m
[21.082s] [ 79%] Built target cartographer.io.serialization_format_migration_test
[21.092s] [ 79%] [32m[1mLinking CXX executable cartographer.mapping.3d.submap_3d_test[0m
[21.098s] [ 79%] [32m[1mLinking CXX executable cartographer.mapping.2d.map_limits_test[0m
[21.104s] [35m[1mScanning dependencies of target cartographer.mapping.internal.3d.local_trajectory_builder_3d_test[0m
[21.120s] [ 79%] [32mBuilding CXX object CMakeFiles/cartographer.mapping.internal.range_data_collator_test.dir/cartographer/mapping/internal/range_data_collator_test.cc.o[0m
[21.155s] [ 79%] [32mBuilding CXX object CMakeFiles/cartographer.mapping.internal.3d.local_trajectory_builder_3d_test.dir/cartographer/mapping/internal/3d/local_trajectory_builder_3d_test.cc.o[0m
[21.168s] [ 79%] Built target cartographer.sensor.point_cloud_test
[21.178s] [35m[1mScanning dependencies of target cartographer.mapping.internal.3d.scan_matching.rotation_delta_cost_functor_3d_test[0m
[21.188s] [ 79%] Built target cartographer.mapping.2d.map_limits_test
[21.213s] [35m[1mScanning dependencies of target cartographer.mapping.internal.3d.scan_matching.interpolated_grid_test[0m
[21.224s] [ 79%] [32mBuilding CXX object CMakeFiles/cartographer.mapping.internal.3d.scan_matching.rotation_delta_cost_functor_3d_test.dir/cartographer/mapping/internal/3d/scan_matching/rotation_delta_cost_functor_3d_test.cc.o[0m
[21.229s] [ 79%] Built target cartographer.mapping.pose_graph_test
[21.232s] [ 79%] [32m[1mLinking CXX executable cartographer.sensor.range_data_test[0m
[21.239s] [35m[1mScanning dependencies of target cartographer.mapping.internal.3d.scan_matching.real_time_correlative_scan_matcher_3d_test[0m
[21.260s] [ 80%] [32mBuilding CXX object CMakeFiles/cartographer.mapping.internal.3d.scan_matching.interpolated_grid_test.dir/cartographer/mapping/internal/3d/scan_matching/interpolated_grid_test.cc.o[0m
[21.260s] [ 81%] [32m[1mLinking CXX executable cartographer.mapping.2d.probability_grid_test[0m
[21.275s] [ 81%] Built target cartographer.mapping.3d.submap_3d_test
[21.282s] [35m[1mScanning dependencies of target cartographer.sensor.internal.trajectory_collator_test[0m
[21.287s] [ 82%] [32mBuilding CXX object CMakeFiles/cartographer.mapping.internal.3d.scan_matching.real_time_correlative_scan_matcher_3d_test.dir/cartographer/mapping/internal/3d/scan_matching/real_time_correlative_scan_matcher_3d_test.cc.o[0m
[21.332s] [ 82%] Built target cartographer.sensor.range_data_test
[21.347s] [ 82%] [32mBuilding CXX object CMakeFiles/cartographer.sensor.internal.trajectory_collator_test.dir/cartographer/sensor/internal/trajectory_collator_test.cc.o[0m
[21.352s] [35m[1mScanning dependencies of target cartographer.mapping.internal.3d.scan_matching.precomputation_grid_3d_test[0m
[21.396s] [ 82%] [32mBuilding CXX object CMakeFiles/cartographer.mapping.internal.3d.scan_matching.precomputation_grid_3d_test.dir/cartographer/mapping/internal/3d/scan_matching/precomputation_grid_3d_test.cc.o[0m
[21.408s] [ 82%] Built target cartographer.mapping.2d.probability_grid_test
[21.412s] [ 82%] [32m[1mLinking CXX executable cartographer.mapping.2d.range_data_inserter_2d_test[0m
[21.444s] [35m[1mScanning dependencies of target cartographer.mapping.probability_values_test[0m
[21.522s] [ 83%] [32mBuilding CXX object CMakeFiles/cartographer.mapping.probability_values_test.dir/cartographer/mapping/probability_values_test.cc.o[0m
[21.533s] [ 83%] Built target cartographer.mapping.2d.range_data_inserter_2d_test
[21.542s] [35m[1mScanning dependencies of target cartographer.mapping.map_builder_test[0m
[21.544s] [ 83%] [32m[1mLinking CXX executable cartographer.mapping.internal.2d.scan_matching.ceres_scan_matcher_2d_test[0m
[21.584s] [ 83%] [32mBuilding CXX object CMakeFiles/cartographer.mapping.map_builder_test.dir/cartographer/mapping/map_builder_test.cc.o[0m
[21.642s] [ 84%] [32m[1mLinking CXX executable cartographer.mapping.3d.range_data_inserter_3d_test[0m
[21.681s] [ 84%] [32m[1mLinking CXX executable cartographer.transform.transform_test[0m
[21.737s] [ 84%] [32m[1mLinking CXX executable cartographer.sensor.internal.voxel_filter_test[0m
[21.772s] [ 84%] Built target cartographer.mapping.internal.2d.scan_matching.ceres_scan_matcher_2d_test
[21.780s] [35m[1mScanning dependencies of target cartographer.sensor.map_by_time_test[0m
[21.791s] [ 84%] Built target cartographer.mapping.3d.range_data_inserter_3d_test
[21.798s] [ 84%] [32mBuilding CXX object CMakeFiles/cartographer.sensor.map_by_time_test.dir/cartographer/sensor/map_by_time_test.cc.o[0m
[21.815s] [ 84%] Built target cartographer.transform.transform_test
[21.824s] [35m[1mScanning dependencies of target cartographer.sensor.internal.ordered_multi_queue_test[0m
[21.824s] [35m[1mScanning dependencies of target cartographer.mapping.internal.3d.scan_matching.rotational_scan_matcher_test[0m
[21.859s] [ 84%] [32mBuilding CXX object CMakeFiles/cartographer.mapping.internal.3d.scan_matching.rotational_scan_matcher_test.dir/cartographer/mapping/internal/3d/scan_matching/rotational_scan_matcher_test.cc.o[0m
[21.867s] [ 84%] Built target cartographer.sensor.internal.voxel_filter_test
[21.901s] [35m[1mScanning dependencies of target cartographer.sensor.compressed_point_cloud_test[0m
[21.914s] [ 85%] [32mBuilding CXX object CMakeFiles/cartographer.sensor.internal.ordered_multi_queue_test.dir/cartographer/sensor/internal/ordered_multi_queue_test.cc.o[0m
[21.932s] [ 85%] [32mBuilding CXX object CMakeFiles/cartographer.sensor.compressed_point_cloud_test.dir/cartographer/sensor/compressed_point_cloud_test.cc.o[0m
[22.063s] [ 85%] [32m[1mLinking CXX executable cartographer.mapping.internal.optimization.cost_functions.spa_cost_function_2d_test[0m
[22.076s] [ 86%] [32m[1mLinking CXX executable cartographer.transform.transform_interpolation_buffer_test[0m
[22.077s] [ 86%] [32m[1mLinking CXX executable cartographer.mapping.trajectory_node_test[0m
[22.168s] [ 86%] Built target cartographer.mapping.internal.optimization.cost_functions.spa_cost_function_2d_test
[22.200s] [ 86%] Built target cartographer.mapping.trajectory_node_test
[22.202s] [35m[1mScanning dependencies of target cartographer.mapping.internal.connected_components_test[0m
[22.211s] [35m[1mScanning dependencies of target cartographer.mapping.internal.2d.scan_matching.fast_correlative_scan_matcher_2d_test[0m
[22.246s] [ 86%] [32mBuilding CXX object CMakeFiles/cartographer.mapping.internal.2d.scan_matching.fast_correlative_scan_matcher_2d_test.dir/cartographer/mapping/internal/2d/scan_matching/fast_correlative_scan_matcher_2d_test.cc.o[0m
[22.250s] [ 87%] [32mBuilding CXX object CMakeFiles/cartographer.mapping.internal.connected_components_test.dir/cartographer/mapping/internal/connected_components_test.cc.o[0m
[22.287s] [ 87%] Built target cartographer.transform.transform_interpolation_buffer_test
[22.319s] [ 87%] [32m[1mLinking CXX executable cartographer.mapping.3d.hybrid_grid_test[0m
[22.335s] [35m[1mScanning dependencies of target cartographer.mapping.internal.constraints.constraint_builder_2d_test[0m
[22.386s] [ 87%] [32mBuilding CXX object CMakeFiles/cartographer.mapping.internal.constraints.constraint_builder_2d_test.dir/cartographer/mapping/internal/constraints/constraint_builder_2d_test.cc.o[0m
[22.525s] [ 87%] Built target cartographer.mapping.3d.hybrid_grid_test
[22.534s] [35m[1mScanning dependencies of target cartographer.transform.rigid_transform_test[0m
[22.571s] [ 88%] [32mBuilding CXX object CMakeFiles/cartographer.transform.rigid_transform_test.dir/cartographer/transform/rigid_transform_test.cc.o[0m
[22.644s] [ 88%] [32m[1mLinking CXX executable cartographer.common.thread_pool_test[0m
[22.747s] [ 88%] Built target cartographer.common.thread_pool_test
[22.754s] [35m[1mScanning dependencies of target cartographer.common.task_test[0m
[22.758s] [ 88%] [32m[1mLinking CXX executable cartographer.common.configuration_files_test[0m
[22.780s] [ 88%] [32mBuilding CXX object CMakeFiles/cartographer.common.task_test.dir/cartographer/common/task_test.cc.o[0m
[23.035s] [ 88%] [32m[1mLinking CXX executable cartographer.mapping.id_test[0m
[23.035s] [ 88%] Built target cartographer.common.configuration_files_test
[23.040s] [ 89%] [32m[1mLinking CXX executable cartographer.sensor.landmark_data_test[0m
[23.044s] [35m[1mScanning dependencies of target cartographer.mapping.imu_tracker_test[0m
[23.111s] [ 89%] [32mBuilding CXX object CMakeFiles/cartographer.mapping.imu_tracker_test.dir/cartographer/mapping/imu_tracker_test.cc.o[0m
[23.134s] [ 89%] [32m[1mLinking CXX executable cartographer.mapping.2d.submap_2d_test[0m
[23.145s] [ 90%] [32m[1mLinking CXX executable cartographer.mapping.internal.2d.scan_matching.correlative_scan_matcher_test[0m
[23.145s] [ 90%] Built target cartographer.mapping.id_test
[23.167s] [35m[1mScanning dependencies of target cartographer.mapping.internal.optimization.cost_functions.landmark_cost_function_2d_test[0m
[23.170s] [ 90%] Built target cartographer.sensor.landmark_data_test
[23.177s] [35m[1mScanning dependencies of target cartographer.sensor.internal.collator_test[0m
[23.219s] [ 90%] [32mBuilding CXX object CMakeFiles/cartographer.sensor.internal.collator_test.dir/cartographer/sensor/internal/collator_test.cc.o[0m
[23.224s] [ 90%] [32mBuilding CXX object CMakeFiles/cartographer.mapping.internal.optimization.cost_functions.landmark_cost_function_2d_test.dir/cartographer/mapping/internal/optimization/cost_functions/landmark_cost_function_2d_test.cc.o[0m
[23.258s] [ 90%] [32m[1mLinking CXX executable cartographer.mapping.probability_values_test[0m
[23.305s] [ 90%] Built target cartographer.mapping.internal.2d.scan_matching.correlative_scan_matcher_test
[23.309s] [ 90%] Built target cartographer.mapping.2d.submap_2d_test
[23.328s] [35m[1mScanning dependencies of target cartographer.mapping.internal.optimization.cost_functions.landmark_cost_function_3d_test[0m
[23.354s] [35m[1mScanning dependencies of target cartographer.mapping.2d.xy_index_test[0m
[23.368s] [ 90%] Built target cartographer.mapping.probability_values_test
[23.375s] [ 90%] [32mBuilding CXX object CMakeFiles/cartographer.mapping.internal.optimization.cost_functions.landmark_cost_function_3d_test.dir/cartographer/mapping/internal/optimization/cost_functions/landmark_cost_function_3d_test.cc.o[0m
[23.384s] [35m[1mScanning dependencies of target cartographer.mapping.internal.trajectory_connectivity_state_test[0m
[23.412s] [ 90%] [32mBuilding CXX object CMakeFiles/cartographer.mapping.2d.xy_index_test.dir/cartographer/mapping/2d/xy_index_test.cc.o[0m
[23.442s] [ 91%] [32mBuilding CXX object CMakeFiles/cartographer.mapping.internal.trajectory_connectivity_state_test.dir/cartographer/mapping/internal/trajectory_connectivity_state_test.cc.o[0m
[23.480s] [ 92%] [32m[1mLinking CXX executable cartographer.mapping.internal.3d.scan_matching.rotation_delta_cost_functor_3d_test[0m
[23.559s] [ 92%] [32m[1mLinking CXX executable cartographer.mapping.internal.optimization.optimization_problem_3d_test[0m
[23.602s] [ 92%] Built target cartographer.mapping.internal.3d.scan_matching.rotation_delta_cost_functor_3d_test
[23.603s] [ 93%] [32m[1mLinking CXX executable cartographer.mapping.internal.3d.scan_matching.ceres_scan_matcher_3d_test[0m
[23.623s] [35m[1mScanning dependencies of target cartographer.mapping.pose_extrapolator_test[0m
[23.684s] [ 93%] [32mBuilding CXX object CMakeFiles/cartographer.mapping.pose_extrapolator_test.dir/cartographer/mapping/pose_extrapolator_test.cc.o[0m
[23.735s] [ 93%] Built target cartographer.mapping.internal.optimization.optimization_problem_3d_test
[23.739s] [ 93%] Built target cartographer.mapping.internal.3d.scan_matching.ceres_scan_matcher_3d_test
[23.761s] [ 93%] [32m[1mLinking CXX executable cartographer.mapping.internal.constraints.constraint_builder_3d_test[0m
[23.825s] [ 93%] [32m[1mLinking CXX executable cartographer.mapping.pose_graph_trimmer_test[0m
[23.886s] [ 93%] [32m[1mLinking CXX executable cartographer.mapping.internal.2d.scan_matching.real_time_correlative_scan_matcher_2d_test[0m
[23.907s] [ 93%] Built target cartographer.mapping.pose_graph_trimmer_test
[23.950s] [ 93%] [32m[1mLinking CXX executable cartographer.sensor.map_by_time_test[0m
[23.966s] [ 93%] Built target cartographer.mapping.internal.constraints.constraint_builder_3d_test
[24.012s] [ 93%] Built target cartographer.mapping.internal.2d.scan_matching.real_time_correlative_scan_matcher_2d_test
[24.037s] [ 93%] Built target cartographer.sensor.map_by_time_test
[24.123s] [ 94%] [32m[1mLinking CXX executable cartographer.sensor.internal.trajectory_collator_test[0m
[24.134s] [ 94%] [32m[1mLinking CXX executable cartographer.mapping.internal.3d.scan_matching.interpolated_grid_test[0m
[24.211s] [ 94%] Built target cartographer.sensor.internal.trajectory_collator_test
[24.214s] [ 94%] Built target cartographer.mapping.internal.3d.scan_matching.interpolated_grid_test
[24.275s] [ 94%] [32m[1mLinking CXX executable cartographer.mapping.internal.range_data_collator_test[0m
[24.287s] [ 94%] [32m[1mLinking CXX executable cartographer.mapping.internal.connected_components_test[0m
[24.294s] [ 94%] [32m[1mLinking CXX executable cartographer.mapping.internal.3d.scan_matching.precomputation_grid_3d_test[0m
[24.306s] [ 94%] [32m[1mLinking CXX executable cartographer.mapping.internal.2d.overlapping_submaps_trimmer_2d_test[0m
[24.346s] [ 94%] [32m[1mLinking CXX executable cartographer.mapping.internal.3d.scan_matching.rotational_scan_matcher_test[0m
[24.348s] [ 94%] Built target cartographer.mapping.internal.3d.scan_matching.precomputation_grid_3d_test
[24.366s] [ 94%] Built target cartographer.mapping.internal.range_data_collator_test
[24.384s] [ 94%] Built target cartographer.mapping.internal.connected_components_test
[24.401s] [ 94%] Built target cartographer.mapping.internal.3d.scan_matching.rotational_scan_matcher_test
[24.447s] [ 94%] Built target cartographer.mapping.internal.2d.overlapping_submaps_trimmer_2d_test
[24.531s] [ 95%] [32m[1mLinking CXX executable cartographer.sensor.compressed_point_cloud_test[0m
[24.586s] [ 95%] [32m[1mLinking CXX executable cartographer.mapping.internal.3d.scan_matching.real_time_correlative_scan_matcher_3d_test[0m
[24.587s] [ 95%] Built target cartographer.sensor.compressed_point_cloud_test
[24.641s] [ 95%] Built target cartographer.mapping.internal.3d.scan_matching.real_time_correlative_scan_matcher_3d_test
[24.851s] [ 95%] [32m[1mLinking CXX executable cartographer.mapping.internal.3d.scan_matching.fast_correlative_scan_matcher_3d_test[0m
[24.891s] [ 95%] [32m[1mLinking CXX executable cartographer.sensor.internal.ordered_multi_queue_test[0m
[24.938s] [ 95%] Built target cartographer.sensor.internal.ordered_multi_queue_test
[24.949s] [ 95%] Built target cartographer.mapping.internal.3d.scan_matching.fast_correlative_scan_matcher_3d_test
[25.026s] [ 96%] [32m[1mLinking CXX executable cartographer.mapping.internal.3d.local_trajectory_builder_3d_test[0m
[25.129s] [ 96%] Built target cartographer.mapping.internal.3d.local_trajectory_builder_3d_test
[25.219s] [ 96%] [32m[1mLinking CXX executable cartographer.mapping.2d.xy_index_test[0m
[25.225s] [ 97%] [32m[1mLinking CXX executable cartographer.mapping.map_builder_test[0m
[25.269s] [ 97%] Built target cartographer.mapping.2d.xy_index_test
[25.311s] [ 98%] [32m[1mLinking CXX executable cartographer.mapping.internal.2d.pose_graph_2d_test[0m
[25.376s] [ 98%] Built target cartographer.mapping.map_builder_test
[25.381s] [ 98%] [32m[1mLinking CXX executable cartographer.mapping.internal.constraints.constraint_builder_2d_test[0m
[25.425s] [ 98%] Built target cartographer.mapping.internal.2d.pose_graph_2d_test
[25.442s] [ 98%] [32m[1mLinking CXX executable cartographer.mapping.internal.2d.scan_matching.fast_correlative_scan_matcher_2d_test[0m
[25.461s] [ 98%] [32m[1mLinking CXX executable cartographer.common.task_test[0m
[25.489s] [ 98%] Built target cartographer.mapping.internal.constraints.constraint_builder_2d_test
[25.506s] [ 98%] Built target cartographer.mapping.internal.2d.scan_matching.fast_correlative_scan_matcher_2d_test
[25.509s] [ 98%] Built target cartographer.common.task_test
[25.536s] [ 98%] [32m[1mLinking CXX executable cartographer.mapping.internal.trajectory_connectivity_state_test[0m
[25.586s] [ 98%] Built target cartographer.mapping.internal.trajectory_connectivity_state_test
[25.772s] [ 98%] [32m[1mLinking CXX executable cartographer.mapping.internal.3d.pose_graph_3d_test[0m
[25.883s] [ 98%] Built target cartographer.mapping.internal.3d.pose_graph_3d_test
[26.115s] [ 98%] [32m[1mLinking CXX executable cartographer.sensor.internal.collator_test[0m
[26.161s] [ 98%] Built target cartographer.sensor.internal.collator_test
[26.210s] [100%] [32m[1mLinking CXX executable cartographer.mapping.internal.optimization.cost_functions.landmark_cost_function_3d_test[0m
[26.258s] [100%] Built target cartographer.mapping.internal.optimization.cost_functions.landmark_cost_function_3d_test
[26.928s] [100%] [32m[1mLinking CXX executable cartographer.mapping.internal.optimization.cost_functions.landmark_cost_function_2d_test[0m
[26.975s] [100%] Built target cartographer.mapping.internal.optimization.cost_functions.landmark_cost_function_2d_test
[27.171s] [100%] [32m[1mLinking CXX executable cartographer.transform.rigid_transform_test[0m
[27.203s] [100%] [32m[1mLinking CXX executable cartographer.mapping.imu_tracker_test[0m
[27.219s] [100%] Built target cartographer.transform.rigid_transform_test
[27.250s] [100%] Built target cartographer.mapping.imu_tracker_test
[29.212s] [100%] [32m[1mLinking CXX executable cartographer.mapping.pose_extrapolator_test[0m
[29.259s] [100%] Built target cartographer.mapping.pose_extrapolator_test
[29.267s] Invoked command in '/home/robot/nav2_ws/src/build/cartographer' returned '0': CMAKE_PREFIX_PATH=/home/robot/nav2_ws/install/examples_rclpy_minimal_subscriber:/home/robot/nav2_ws/install/examples_rclpy_minimal_service:/home/robot/nav2_ws/install/examples_rclpy_minimal_publisher:/home/robot/nav2_ws/install/examples_rclpy_minimal_client:/home/robot/nav2_ws/install/examples_rclpy_minimal_action_server:/home/robot/nav2_ws/install/examples_rclpy_minimal_action_client:/home/robot/nav2_ws/install/examples_rclpy_executors:/opt/ros/foxy:${CMAKE_PREFIX_PATH} /usr/bin/cmake --build /home/robot/nav2_ws/src/build/cartographer -- -j32 -l32
[30.239s] Invoking command in '/home/robot/nav2_ws/src/build/cartographer': CMAKE_PREFIX_PATH=/home/robot/nav2_ws/install/examples_rclpy_minimal_subscriber:/home/robot/nav2_ws/install/examples_rclpy_minimal_service:/home/robot/nav2_ws/install/examples_rclpy_minimal_publisher:/home/robot/nav2_ws/install/examples_rclpy_minimal_client:/home/robot/nav2_ws/install/examples_rclpy_minimal_action_server:/home/robot/nav2_ws/install/examples_rclpy_minimal_action_client:/home/robot/nav2_ws/install/examples_rclpy_executors:/opt/ros/foxy:${CMAKE_PREFIX_PATH} /usr/bin/cmake --install /home/robot/nav2_ws/src/build/cartographer
[30.254s] -- Install configuration: "Release"
[30.255s] -- Installing: /home/robot/nav2_ws/src/install/cartographer/share/cartographer/package.xml
[30.255s] -- Installing: /home/robot/nav2_ws/src/install/cartographer/share/cartographer//configuration_files
[30.255s] -- Installing: /home/robot/nav2_ws/src/install/cartographer/share/cartographer//configuration_files/trajectory_builder_2d.lua
[30.255s] -- Installing: /home/robot/nav2_ws/src/install/cartographer/share/cartographer//configuration_files/trajectory_builder_3d.lua
[30.255s] -- Installing: /home/robot/nav2_ws/src/install/cartographer/share/cartographer//configuration_files/map_builder.lua
[30.255s] -- Installing: /home/robot/nav2_ws/src/install/cartographer/share/cartographer//configuration_files/pose_graph.lua
[30.255s] -- Installing: /home/robot/nav2_ws/src/install/cartographer/share/cartographer//configuration_files/map_builder_server.lua
[30.255s] -- Installing: /home/robot/nav2_ws/src/install/cartographer/share/cartographer//configuration_files/trajectory_builder.lua
[30.255s] -- Installing: /home/robot/nav2_ws/src/install/cartographer/share/cartographer//cmake
[30.255s] -- Installing: /home/robot/nav2_ws/src/install/cartographer/share/cartographer//cmake/modules
[30.255s] -- Installing: /home/robot/nav2_ws/src/install/cartographer/share/cartographer//cmake/modules/FindLuaGoogle.cmake
[30.256s] -- Installing: /home/robot/nav2_ws/src/install/cartographer/share/cartographer//cmake/modules/FindSphinx.cmake
[30.256s] -- Installing: /home/robot/nav2_ws/src/install/cartographer/share/cartographer//cmake/modules/FindGMock.cmake
[30.256s] -- Installing: /home/robot/nav2_ws/src/install/cartographer/share/cartographer//cmake/functions.cmake
[30.256s] -- Installing: /home/robot/nav2_ws/src/install/cartographer/bin/cartographer_autogenerate_ground_truth
[30.257s] -- Installing: /home/robot/nav2_ws/src/install/cartographer/bin/cartographer_compute_relations_metrics
[30.258s] -- Installing: /home/robot/nav2_ws/src/install/cartographer/bin/cartographer_migrate_serialization_format
[30.259s] -- Installing: /home/robot/nav2_ws/src/install/cartographer/lib/libcartographer.a
[30.263s] -- Installing: /home/robot/nav2_ws/src/install/cartographer/include/cartographer/common/blocking_queue.h
[30.263s] -- Installing: /home/robot/nav2_ws/src/install/cartographer/include/cartographer/common/ceres_solver_options.h
[30.263s] -- Installing: /home/robot/nav2_ws/src/install/cartographer/include/cartographer/common/configuration_file_resolver.h
[30.263s] -- Installing: /home/robot/nav2_ws/src/install/cartographer/include/cartographer/common/fixed_ratio_sampler.h
[30.263s] -- Installing: /home/robot/nav2_ws/src/install/cartographer/include/cartographer/common/histogram.h
[30.263s] -- Installing: /home/robot/nav2_ws/src/install/cartographer/include/cartographer/common/lockless_queue.h
[30.263s] -- Installing: /home/robot/nav2_ws/src/install/cartographer/include/cartographer/common/lua.h
[30.263s] -- Installing: /home/robot/nav2_ws/src/install/cartographer/include/cartographer/common/lua_parameter_dictionary.h
[30.263s] -- Installing: /home/robot/nav2_ws/src/install/cartographer/include/cartographer/common/make_unique.h
[30.263s] -- Installing: /home/robot/nav2_ws/src/install/cartographer/include/cartographer/common/math.h
[30.263s] -- Installing: /home/robot/nav2_ws/src/install/cartographer/include/cartographer/common/mutex.h
[30.263s] -- Installing: /home/robot/nav2_ws/src/install/cartographer/include/cartographer/common/optional.h
[30.263s] -- Installing: /home/robot/nav2_ws/src/install/cartographer/include/cartographer/common/port.h
[30.263s] -- Installing: /home/robot/nav2_ws/src/install/cartographer/include/cartographer/common/rate_timer.h
[30.263s] -- Installing: /home/robot/nav2_ws/src/install/cartographer/include/cartographer/common/task.h
[30.263s] -- Installing: /home/robot/nav2_ws/src/install/cartographer/include/cartographer/common/thread_pool.h
[30.263s] -- Installing: /home/robot/nav2_ws/src/install/cartographer/include/cartographer/common/time.h
[30.263s] -- Installing: /home/robot/nav2_ws/src/install/cartographer/include/cartographer/ground_truth/relations_text_file.h
[30.263s] -- Installing: /home/robot/nav2_ws/src/install/cartographer/include/cartographer/io/color.h
[30.263s] -- Installing: /home/robot/nav2_ws/src/install/cartographer/include/cartographer/io/coloring_points_processor.h
[30.263s] -- Installing: /home/robot/nav2_ws/src/install/cartographer/include/cartographer/io/counting_points_processor.h
[30.263s] -- Installing: /home/robot/nav2_ws/src/install/cartographer/include/cartographer/io/draw_trajectories.h
[30.263s] -- Installing: /home/robot/nav2_ws/src/install/cartographer/include/cartographer/io/file_writer.h
[30.263s] -- Installing: /home/robot/nav2_ws/src/install/cartographer/include/cartographer/io/fixed_ratio_sampling_points_processor.h
[30.263s] -- Installing: /home/robot/nav2_ws/src/install/cartographer/include/cartographer/io/frame_id_filtering_points_processor.h
[30.263s] -- Installing: /home/robot/nav2_ws/src/install/cartographer/include/cartographer/io/hybrid_grid_points_processor.h
[30.263s] -- Installing: /home/robot/nav2_ws/src/install/cartographer/include/cartographer/io/image.h
[30.263s] -- Installing: /home/robot/nav2_ws/src/install/cartographer/include/cartographer/io/intensity_to_color_points_processor.h
[30.264s] -- Installing: /home/robot/nav2_ws/src/install/cartographer/include/cartographer/io/min_max_range_filtering_points_processor.h
[30.264s] -- Installing: /home/robot/nav2_ws/src/install/cartographer/include/cartographer/io/null_points_processor.h
[30.264s] -- Installing: /home/robot/nav2_ws/src/install/cartographer/include/cartographer/io/outlier_removing_points_processor.h
[30.264s] -- Installing: /home/robot/nav2_ws/src/install/cartographer/include/cartographer/io/pcd_writing_points_processor.h
[30.264s] -- Installing: /home/robot/nav2_ws/src/install/cartographer/include/cartographer/io/ply_writing_points_processor.h
[30.264s] -- Installing: /home/robot/nav2_ws/src/install/cartographer/include/cartographer/io/points_batch.h
[30.264s] -- Installing: /home/robot/nav2_ws/src/install/cartographer/include/cartographer/io/points_processor.h
[30.264s] -- Installing: /home/robot/nav2_ws/src/install/cartographer/include/cartographer/io/points_processor_pipeline_builder.h
[30.264s] -- Installing: /home/robot/nav2_ws/src/install/cartographer/include/cartographer/io/probability_grid_points_processor.h
[30.264s] -- Installing: /home/robot/nav2_ws/src/install/cartographer/include/cartographer/io/proto_stream.h
[30.264s] -- Installing: /home/robot/nav2_ws/src/install/cartographer/include/cartographer/io/proto_stream_deserializer.h
[30.264s] -- Installing: /home/robot/nav2_ws/src/install/cartographer/include/cartographer/io/proto_stream_interface.h
[30.264s] -- Installing: /home/robot/nav2_ws/src/install/cartographer/include/cartographer/io/serialization_format_migration.h
[30.264s] -- Installing: /home/robot/nav2_ws/src/install/cartographer/include/cartographer/io/submap_painter.h
[30.264s] -- Installing: /home/robot/nav2_ws/src/install/cartographer/include/cartographer/io/xray_points_processor.h
[30.264s] -- Installing: /home/robot/nav2_ws/src/install/cartographer/include/cartographer/io/xyz_writing_points_processor.h
[30.264s] -- Installing: /home/robot/nav2_ws/src/install/cartographer/include/cartographer/mapping/2d/grid_2d.h
[30.264s] -- Installing: /home/robot/nav2_ws/src/install/cartographer/include/cartographer/mapping/2d/map_limits.h
[30.264s] -- Installing: /home/robot/nav2_ws/src/install/cartographer/include/cartographer/mapping/2d/probability_grid.h
[30.264s] -- Installing: /home/robot/nav2_ws/src/install/cartographer/include/cartographer/mapping/2d/probability_grid_range_data_inserter_2d.h
[30.264s] -- Installing: /home/robot/nav2_ws/src/install/cartographer/include/cartographer/mapping/2d/submap_2d.h
[30.264s] -- Installing: /home/robot/nav2_ws/src/install/cartographer/include/cartographer/mapping/2d/xy_index.h
[30.264s] -- Installing: /home/robot/nav2_ws/src/install/cartographer/include/cartographer/mapping/3d/hybrid_grid.h
[30.264s] -- Installing: /home/robot/nav2_ws/src/install/cartographer/include/cartographer/mapping/3d/range_data_inserter_3d.h
[30.264s] -- Installing: /home/robot/nav2_ws/src/install/cartographer/include/cartographer/mapping/3d/submap_3d.h
[30.264s] -- Installing: /home/robot/nav2_ws/src/install/cartographer/include/cartographer/mapping/detect_floors.h
[30.264s] -- Installing: /home/robot/nav2_ws/src/install/cartographer/include/cartographer/mapping/grid_interface.h
[30.264s] -- Installing: /home/robot/nav2_ws/src/install/cartographer/include/cartographer/mapping/id.h
[30.264s] -- Installing: /home/robot/nav2_ws/src/install/cartographer/include/cartographer/mapping/imu_tracker.h
[30.264s] -- Installing: /home/robot/nav2_ws/src/install/cartographer/include/cartographer/mapping/local_slam_result_data.h
[30.264s] -- Installing: /home/robot/nav2_ws/src/install/cartographer/include/cartographer/mapping/map_builder.h
[30.264s] -- Installing: /home/robot/nav2_ws/src/install/cartographer/include/cartographer/mapping/map_builder_interface.h
[30.264s] -- Installing: /home/robot/nav2_ws/src/install/cartographer/include/cartographer/mapping/pose_extrapolator.h
[30.264s] -- Installing: /home/robot/nav2_ws/src/install/cartographer/include/cartographer/mapping/pose_graph.h
[30.264s] -- Installing: /home/robot/nav2_ws/src/install/cartographer/include/cartographer/mapping/pose_graph_interface.h
[30.265s] -- Installing: /home/robot/nav2_ws/src/install/cartographer/include/cartographer/mapping/pose_graph_trimmer.h
[30.265s] -- Installing: /home/robot/nav2_ws/src/install/cartographer/include/cartographer/mapping/probability_values.h
[30.265s] -- Installing: /home/robot/nav2_ws/src/install/cartographer/include/cartographer/mapping/range_data_inserter_interface.h
[30.265s] -- Installing: /home/robot/nav2_ws/src/install/cartographer/include/cartographer/mapping/submaps.h
[30.265s] -- Installing: /home/robot/nav2_ws/src/install/cartographer/include/cartographer/mapping/trajectory_builder_interface.h
[30.265s] -- Installing: /home/robot/nav2_ws/src/install/cartographer/include/cartographer/mapping/trajectory_node.h
[30.265s] -- Installing: /home/robot/nav2_ws/src/install/cartographer/include/cartographer/metrics/counter.h
[30.265s] -- Installing: /home/robot/nav2_ws/src/install/cartographer/include/cartographer/metrics/family_factory.h
[30.265s] -- Installing: /home/robot/nav2_ws/src/install/cartographer/include/cartographer/metrics/gauge.h
[30.265s] -- Installing: /home/robot/nav2_ws/src/install/cartographer/include/cartographer/metrics/histogram.h
[30.265s] -- Installing: /home/robot/nav2_ws/src/install/cartographer/include/cartographer/metrics/register.h
[30.265s] -- Installing: /home/robot/nav2_ws/src/install/cartographer/include/cartographer/sensor/collator_interface.h
[30.265s] -- Installing: /home/robot/nav2_ws/src/install/cartographer/include/cartographer/sensor/compressed_point_cloud.h
[30.265s] -- Installing: /home/robot/nav2_ws/src/install/cartographer/include/cartographer/sensor/data.h
[30.265s] -- Installing: /home/robot/nav2_ws/src/install/cartographer/include/cartographer/sensor/fixed_frame_pose_data.h
[30.265s] -- Installing: /home/robot/nav2_ws/src/install/cartographer/include/cartographer/sensor/imu_data.h
[30.265s] -- Installing: /home/robot/nav2_ws/src/install/cartographer/include/cartographer/sensor/landmark_data.h
[30.265s] -- Installing: /home/robot/nav2_ws/src/install/cartographer/include/cartographer/sensor/map_by_time.h
[30.265s] -- Installing: /home/robot/nav2_ws/src/install/cartographer/include/cartographer/sensor/odometry_data.h
[30.265s] -- Installing: /home/robot/nav2_ws/src/install/cartographer/include/cartographer/sensor/point_cloud.h
[30.265s] -- Installing: /home/robot/nav2_ws/src/install/cartographer/include/cartographer/sensor/range_data.h
[30.265s] -- Installing: /home/robot/nav2_ws/src/install/cartographer/include/cartographer/sensor/timed_point_cloud_data.h
[30.265s] -- Installing: /home/robot/nav2_ws/src/install/cartographer/include/cartographer/transform/rigid_transform.h
[30.265s] -- Installing: /home/robot/nav2_ws/src/install/cartographer/include/cartographer/transform/timestamped_transform.h
[30.265s] -- Installing: /home/robot/nav2_ws/src/install/cartographer/include/cartographer/transform/transform.h
[30.265s] -- Installing: /home/robot/nav2_ws/src/install/cartographer/include/cartographer/transform/transform_interpolation_buffer.h
[30.265s] -- Installing: /home/robot/nav2_ws/src/install/cartographer/include/cartographer/common/lua_parameter_dictionary_test_helpers.h
[30.265s] -- Installing: /home/robot/nav2_ws/src/install/cartographer/include/cartographer/io/fake_file_writer.h
[30.265s] -- Installing: /home/robot/nav2_ws/src/install/cartographer/include/cartographer/transform/rigid_transform_test_helpers.h
[30.266s] -- Installing: /home/robot/nav2_ws/src/install/cartographer/include/cartographer/common/proto/ceres_solver_options.pb.h
[30.266s] -- Installing: /home/robot/nav2_ws/src/install/cartographer/include/cartographer/ground_truth/proto/relations.pb.h
[30.266s] -- Installing: /home/robot/nav2_ws/src/install/cartographer/include/cartographer/mapping/proto/2d/cell_limits.pb.h
[30.266s] -- Installing: /home/robot/nav2_ws/src/install/cartographer/include/cartographer/mapping/proto/2d/grid_2d.pb.h
[30.266s] -- Installing: /home/robot/nav2_ws/src/install/cartographer/include/cartographer/mapping/proto/2d/grid_2d_options.pb.h
[30.266s] -- Installing: /home/robot/nav2_ws/src/install/cartographer/include/cartographer/mapping/proto/2d/local_trajectory_builder_options_2d.pb.h
[30.266s] -- Installing: /home/robot/nav2_ws/src/install/cartographer/include/cartographer/mapping/proto/2d/map_limits.pb.h
[30.266s] -- Installing: /home/robot/nav2_ws/src/install/cartographer/include/cartographer/mapping/proto/2d/probability_grid.pb.h
[30.266s] -- Installing: /home/robot/nav2_ws/src/install/cartographer/include/cartographer/mapping/proto/2d/probability_grid_range_data_inserter_options_2d.pb.h
[30.266s] -- Installing: /home/robot/nav2_ws/src/install/cartographer/include/cartographer/mapping/proto/2d/submaps_options_2d.pb.h
[30.266s] -- Installing: /home/robot/nav2_ws/src/install/cartographer/include/cartographer/mapping/proto/3d/hybrid_grid.pb.h
[30.266s] -- Installing: /home/robot/nav2_ws/src/install/cartographer/include/cartographer/mapping/proto/3d/local_trajectory_builder_options_3d.pb.h
[30.266s] -- Installing: /home/robot/nav2_ws/src/install/cartographer/include/cartographer/mapping/proto/3d/range_data_inserter_options_3d.pb.h
[30.266s] -- Installing: /home/robot/nav2_ws/src/install/cartographer/include/cartographer/mapping/proto/3d/submaps_options_3d.pb.h
[30.266s] -- Installing: /home/robot/nav2_ws/src/install/cartographer/include/cartographer/mapping/proto/connected_components.pb.h
[30.266s] -- Installing: /home/robot/nav2_ws/src/install/cartographer/include/cartographer/mapping/proto/internal/legacy_serialized_data.pb.h
[30.266s] -- Installing: /home/robot/nav2_ws/src/install/cartographer/include/cartographer/mapping/proto/map_builder_options.pb.h
[30.266s] -- Installing: /home/robot/nav2_ws/src/install/cartographer/include/cartographer/mapping/proto/motion_filter_options.pb.h
[30.266s] -- Installing: /home/robot/nav2_ws/src/install/cartographer/include/cartographer/mapping/proto/pose_graph.pb.h
[30.266s] -- Installing: /home/robot/nav2_ws/src/install/cartographer/include/cartographer/mapping/proto/pose_graph/constraint_builder_options.pb.h
[30.266s] -- Installing: /home/robot/nav2_ws/src/install/cartographer/include/cartographer/mapping/proto/pose_graph/optimization_problem_options.pb.h
[30.266s] -- Installing: /home/robot/nav2_ws/src/install/cartographer/include/cartographer/mapping/proto/pose_graph_options.pb.h
[30.267s] -- Installing: /home/robot/nav2_ws/src/install/cartographer/include/cartographer/mapping/proto/range_data_inserter_options.pb.h
[30.267s] -- Installing: /home/robot/nav2_ws/src/install/cartographer/include/cartographer/mapping/proto/scan_matching/ceres_scan_matcher_options_2d.pb.h
[30.267s] -- Installing: /home/robot/nav2_ws/src/install/cartographer/include/cartographer/mapping/proto/scan_matching/ceres_scan_matcher_options_3d.pb.h
[30.267s] -- Installing: /home/robot/nav2_ws/src/install/cartographer/include/cartographer/mapping/proto/scan_matching/fast_correlative_scan_matcher_options_2d.pb.h
[30.267s] -- Installing: /home/robot/nav2_ws/src/install/cartographer/include/cartographer/mapping/proto/scan_matching/fast_correlative_scan_matcher_options_3d.pb.h
[30.267s] -- Installing: /home/robot/nav2_ws/src/install/cartographer/include/cartographer/mapping/proto/scan_matching/real_time_correlative_scan_matcher_options.pb.h
[30.267s] -- Installing: /home/robot/nav2_ws/src/install/cartographer/include/cartographer/mapping/proto/serialization.pb.h
[30.267s] -- Installing: /home/robot/nav2_ws/src/install/cartographer/include/cartographer/mapping/proto/submap.pb.h
[30.267s] -- Installing: /home/robot/nav2_ws/src/install/cartographer/include/cartographer/mapping/proto/submap_visualization.pb.h
[30.267s] -- Installing: /home/robot/nav2_ws/src/install/cartographer/include/cartographer/mapping/proto/trajectory.pb.h
[30.267s] -- Installing: /home/robot/nav2_ws/src/install/cartographer/include/cartographer/mapping/proto/trajectory_builder_options.pb.h
[30.267s] -- Installing: /home/robot/nav2_ws/src/install/cartographer/include/cartographer/mapping/proto/trajectory_node_data.pb.h
[30.267s] -- Installing: /home/robot/nav2_ws/src/install/cartographer/include/cartographer/sensor/proto/adaptive_voxel_filter_options.pb.h
[30.267s] -- Installing: /home/robot/nav2_ws/src/install/cartographer/include/cartographer/sensor/proto/sensor.pb.h
[30.267s] -- Installing: /home/robot/nav2_ws/src/install/cartographer/include/cartographer/transform/proto/transform.pb.h
[30.267s] -- Installing: /home/robot/nav2_ws/src/install/cartographer/share/cartographer/cmake/CartographerTargets.cmake
[30.267s] -- Installing: /home/robot/nav2_ws/src/install/cartographer/share/cartographer/cmake/CartographerTargets-release.cmake
[30.267s] -- Installing: /home/robot/nav2_ws/src/install/cartographer/share/cartographer/cartographer-config.cmake
[30.268s] Invoked command in '/home/robot/nav2_ws/src/build/cartographer' returned '0': CMAKE_PREFIX_PATH=/home/robot/nav2_ws/install/examples_rclpy_minimal_subscriber:/home/robot/nav2_ws/install/examples_rclpy_minimal_service:/home/robot/nav2_ws/install/examples_rclpy_minimal_publisher:/home/robot/nav2_ws/install/examples_rclpy_minimal_client:/home/robot/nav2_ws/install/examples_rclpy_minimal_action_server:/home/robot/nav2_ws/install/examples_rclpy_minimal_action_client:/home/robot/nav2_ws/install/examples_rclpy_executors:/opt/ros/foxy:${CMAKE_PREFIX_PATH} /usr/bin/cmake --install /home/robot/nav2_ws/src/build/cartographer
