[0.095s] DEBUG:colcon:Command line arguments: ['/usr/bin/colcon', 'build']
[0.095s] DEBUG:colcon:Parsed command line arguments: Namespace(allow_overriding=[], ament_cmake_args=None, base_paths=['.'], build_base='build', catkin_cmake_args=None, catkin_skip_building_tests=False, cmake_args=None, cmake_clean_cache=False, cmake_clean_first=False, cmake_force_configure=False, cmake_target=None, cmake_target_skip_unavailable=False, continue_on_error=False, event_handlers=None, executor='parallel', ignore_user_meta=False, install_base='install', log_base=None, log_level=None, main=<bound method BuildVerb.main of <colcon_core.verb.build.BuildVerb object at 0x7f907ae0b6d0>>, merge_install=False, metas=['./colcon.meta'], packages_above=None, packages_above_and_dependencies=None, packages_above_depth=None, packages_end=None, packages_ignore=None, packages_ignore_regex=None, packages_select=None, packages_select_build_failed=False, packages_select_by_dep=None, packages_select_regex=None, packages_select_test_failures=False, packages_skip=None, packages_skip_build_finished=False, packages_skip_by_dep=None, packages_skip_regex=None, packages_skip_test_passed=False, packages_skip_up_to=None, packages_start=None, packages_up_to=None, packages_up_to_regex=None, parallel_workers=32, paths=None, symlink_install=False, test_result_base=None, verb_extension=<colcon_core.verb.build.BuildVerb object at 0x7f907ae0b6d0>, verb_name='build', verb_parser=<colcon_defaults.argument_parser.defaults.DefaultArgumentsDecorator object at 0x7f907ae0be20>)
[0.177s] Level 1:colcon.colcon_core.package_discovery:discover_packages(colcon_meta) check parameters
[0.178s] Level 1:colcon.colcon_core.package_discovery:discover_packages(recursive) check parameters
[0.178s] Level 1:colcon.colcon_core.package_discovery:discover_packages(ignore) check parameters
[0.178s] Level 1:colcon.colcon_core.package_discovery:discover_packages(path) check parameters
[0.178s] Level 1:colcon.colcon_core.package_discovery:discover_packages(colcon_meta) discover
[0.178s] Level 1:colcon.colcon_core.package_discovery:discover_packages(recursive) discover
[0.178s] INFO:colcon.colcon_core.package_discovery:Crawling recursively for packages in '/home/robot/nav2_ws'
[0.178s] Level 1:colcon.colcon_core.package_identification:_identify(.) by extensions ['ignore', 'ignore_ament_install']
[0.178s] Level 1:colcon.colcon_core.package_identification:_identify(.) by extension 'ignore'
[0.178s] Level 1:colcon.colcon_core.package_identification:_identify(.) by extension 'ignore_ament_install'
[0.178s] Level 1:colcon.colcon_core.package_identification:_identify(.) by extensions ['colcon_pkg']
[0.178s] Level 1:colcon.colcon_core.package_identification:_identify(.) by extension 'colcon_pkg'
[0.178s] Level 1:colcon.colcon_core.package_identification:_identify(.) by extensions ['colcon_meta']
[0.178s] Level 1:colcon.colcon_core.package_identification:_identify(.) by extension 'colcon_meta'
[0.178s] Level 1:colcon.colcon_core.package_identification:_identify(.) by extensions ['ros']
[0.178s] Level 1:colcon.colcon_core.package_identification:_identify(.) by extension 'ros'
[0.183s] Level 1:colcon.colcon_core.package_identification:_identify(.) by extensions ['cmake', 'python']
[0.183s] Level 1:colcon.colcon_core.package_identification:_identify(.) by extension 'cmake'
[0.183s] Level 1:colcon.colcon_core.package_identification:_identify(.) by extension 'python'
[0.183s] Level 1:colcon.colcon_core.package_identification:_identify(.) by extensions ['python_setup_py']
[0.183s] Level 1:colcon.colcon_core.package_identification:_identify(.) by extension 'python_setup_py'
[0.183s] Level 1:colcon.colcon_core.package_identification:_identify(build) by extensions ['ignore', 'ignore_ament_install']
[0.183s] Level 1:colcon.colcon_core.package_identification:_identify(build) by extension 'ignore'
[0.183s] Level 1:colcon.colcon_core.package_identification:_identify(build) ignored
[0.183s] Level 1:colcon.colcon_core.package_identification:_identify(install) by extensions ['ignore', 'ignore_ament_install']
[0.183s] Level 1:colcon.colcon_core.package_identification:_identify(install) by extension 'ignore'
[0.183s] Level 1:colcon.colcon_core.package_identification:_identify(install) ignored
[0.183s] Level 1:colcon.colcon_core.package_identification:_identify(log) by extensions ['ignore', 'ignore_ament_install']
[0.183s] Level 1:colcon.colcon_core.package_identification:_identify(log) by extension 'ignore'
[0.183s] Level 1:colcon.colcon_core.package_identification:_identify(log) ignored
[0.183s] Level 1:colcon.colcon_core.package_identification:_identify(src) by extensions ['ignore', 'ignore_ament_install']
[0.183s] Level 1:colcon.colcon_core.package_identification:_identify(src) by extension 'ignore'
[0.183s] Level 1:colcon.colcon_core.package_identification:_identify(src) by extension 'ignore_ament_install'
[0.183s] Level 1:colcon.colcon_core.package_identification:_identify(src) by extensions ['colcon_pkg']
[0.183s] Level 1:colcon.colcon_core.package_identification:_identify(src) by extension 'colcon_pkg'
[0.183s] Level 1:colcon.colcon_core.package_identification:_identify(src) by extensions ['colcon_meta']
[0.183s] Level 1:colcon.colcon_core.package_identification:_identify(src) by extension 'colcon_meta'
[0.183s] Level 1:colcon.colcon_core.package_identification:_identify(src) by extensions ['ros']
[0.183s] Level 1:colcon.colcon_core.package_identification:_identify(src) by extension 'ros'
[0.183s] Level 1:colcon.colcon_core.package_identification:_identify(src) by extensions ['cmake', 'python']
[0.183s] Level 1:colcon.colcon_core.package_identification:_identify(src) by extension 'cmake'
[0.183s] Level 1:colcon.colcon_core.package_identification:_identify(src) by extension 'python'
[0.183s] Level 1:colcon.colcon_core.package_identification:_identify(src) by extensions ['python_setup_py']
[0.183s] Level 1:colcon.colcon_core.package_identification:_identify(src) by extension 'python_setup_py'
[0.183s] Level 1:colcon.colcon_core.package_identification:_identify(src/car2) by extensions ['ignore', 'ignore_ament_install']
[0.183s] Level 1:colcon.colcon_core.package_identification:_identify(src/car2) by extension 'ignore'
[0.183s] Level 1:colcon.colcon_core.package_identification:_identify(src/car2) by extension 'ignore_ament_install'
[0.183s] Level 1:colcon.colcon_core.package_identification:_identify(src/car2) by extensions ['colcon_pkg']
[0.183s] Level 1:colcon.colcon_core.package_identification:_identify(src/car2) by extension 'colcon_pkg'
[0.183s] Level 1:colcon.colcon_core.package_identification:_identify(src/car2) by extensions ['colcon_meta']
[0.183s] Level 1:colcon.colcon_core.package_identification:_identify(src/car2) by extension 'colcon_meta'
[0.183s] Level 1:colcon.colcon_core.package_identification:_identify(src/car2) by extensions ['ros']
[0.183s] Level 1:colcon.colcon_core.package_identification:_identify(src/car2) by extension 'ros'
[0.184s] DEBUG:colcon.colcon_core.package_identification:Package 'src/car2' with type 'ros.ament_cmake' and name 'car2'
[0.184s] Level 1:colcon.colcon_core.package_identification:_identify(src/h1_sport) by extensions ['ignore', 'ignore_ament_install']
[0.185s] Level 1:colcon.colcon_core.package_identification:_identify(src/h1_sport) by extension 'ignore'
[0.185s] Level 1:colcon.colcon_core.package_identification:_identify(src/h1_sport) by extension 'ignore_ament_install'
[0.185s] Level 1:colcon.colcon_core.package_identification:_identify(src/h1_sport) by extensions ['colcon_pkg']
[0.185s] Level 1:colcon.colcon_core.package_identification:_identify(src/h1_sport) by extension 'colcon_pkg'
[0.185s] Level 1:colcon.colcon_core.package_identification:_identify(src/h1_sport) by extensions ['colcon_meta']
[0.185s] Level 1:colcon.colcon_core.package_identification:_identify(src/h1_sport) by extension 'colcon_meta'
[0.185s] Level 1:colcon.colcon_core.package_identification:_identify(src/h1_sport) by extensions ['ros']
[0.185s] Level 1:colcon.colcon_core.package_identification:_identify(src/h1_sport) by extension 'ros'
[0.185s] DEBUG:colcon.colcon_core.package_identification:Package 'src/h1_sport' with type 'ros.ament_cmake' and name 'h1_sport'
[0.185s] Level 1:colcon.colcon_core.package_identification:_identify(src/hello_world_msgs) by extensions ['ignore', 'ignore_ament_install']
[0.185s] Level 1:colcon.colcon_core.package_identification:_identify(src/hello_world_msgs) by extension 'ignore'
[0.185s] Level 1:colcon.colcon_core.package_identification:_identify(src/hello_world_msgs) by extension 'ignore_ament_install'
[0.185s] Level 1:colcon.colcon_core.package_identification:_identify(src/hello_world_msgs) by extensions ['colcon_pkg']
[0.185s] Level 1:colcon.colcon_core.package_identification:_identify(src/hello_world_msgs) by extension 'colcon_pkg'
[0.185s] Level 1:colcon.colcon_core.package_identification:_identify(src/hello_world_msgs) by extensions ['colcon_meta']
[0.185s] Level 1:colcon.colcon_core.package_identification:_identify(src/hello_world_msgs) by extension 'colcon_meta'
[0.185s] Level 1:colcon.colcon_core.package_identification:_identify(src/hello_world_msgs) by extensions ['ros']
[0.185s] Level 1:colcon.colcon_core.package_identification:_identify(src/hello_world_msgs) by extension 'ros'
[0.185s] DEBUG:colcon.colcon_core.package_identification:Package 'src/hello_world_msgs' with type 'ros.ament_cmake' and name 'hello_world_msgs'
[0.185s] Level 1:colcon.colcon_core.package_identification:_identify(src/ros2_socket_sender) by extensions ['ignore', 'ignore_ament_install']
[0.185s] Level 1:colcon.colcon_core.package_identification:_identify(src/ros2_socket_sender) by extension 'ignore'
[0.185s] Level 1:colcon.colcon_core.package_identification:_identify(src/ros2_socket_sender) by extension 'ignore_ament_install'
[0.185s] Level 1:colcon.colcon_core.package_identification:_identify(src/ros2_socket_sender) by extensions ['colcon_pkg']
[0.185s] Level 1:colcon.colcon_core.package_identification:_identify(src/ros2_socket_sender) by extension 'colcon_pkg'
[0.185s] Level 1:colcon.colcon_core.package_identification:_identify(src/ros2_socket_sender) by extensions ['colcon_meta']
[0.185s] Level 1:colcon.colcon_core.package_identification:_identify(src/ros2_socket_sender) by extension 'colcon_meta'
[0.185s] Level 1:colcon.colcon_core.package_identification:_identify(src/ros2_socket_sender) by extensions ['ros']
[0.185s] Level 1:colcon.colcon_core.package_identification:_identify(src/ros2_socket_sender) by extension 'ros'
[0.186s] DEBUG:colcon.colcon_core.package_identification:Package 'src/ros2_socket_sender' with type 'ros.ament_cmake' and name 'ros2_socket_sender'
[0.186s] Level 1:colcon.colcon_core.package_identification:_identify(src/sdk2_user_cmake_example) by extensions ['ignore', 'ignore_ament_install']
[0.186s] Level 1:colcon.colcon_core.package_identification:_identify(src/sdk2_user_cmake_example) by extension 'ignore'
[0.186s] Level 1:colcon.colcon_core.package_identification:_identify(src/sdk2_user_cmake_example) by extension 'ignore_ament_install'
[0.186s] Level 1:colcon.colcon_core.package_identification:_identify(src/sdk2_user_cmake_example) by extensions ['colcon_pkg']
[0.186s] Level 1:colcon.colcon_core.package_identification:_identify(src/sdk2_user_cmake_example) by extension 'colcon_pkg'
[0.186s] Level 1:colcon.colcon_core.package_identification:_identify(src/sdk2_user_cmake_example) by extensions ['colcon_meta']
[0.186s] Level 1:colcon.colcon_core.package_identification:_identify(src/sdk2_user_cmake_example) by extension 'colcon_meta'
[0.186s] Level 1:colcon.colcon_core.package_identification:_identify(src/sdk2_user_cmake_example) by extensions ['ros']
[0.186s] Level 1:colcon.colcon_core.package_identification:_identify(src/sdk2_user_cmake_example) by extension 'ros'
[0.186s] Level 1:colcon.colcon_core.package_identification:_identify(src/sdk2_user_cmake_example) by extensions ['cmake', 'python']
[0.186s] Level 1:colcon.colcon_core.package_identification:_identify(src/sdk2_user_cmake_example) by extension 'cmake'
[0.187s] Level 1:colcon.colcon_core.package_identification:_identify(src/sdk2_user_cmake_example) by extension 'python'
[0.187s] DEBUG:colcon.colcon_core.package_identification:Package 'src/sdk2_user_cmake_example' with type 'cmake' and name 'sdk2_user'
[0.187s] Level 1:colcon.colcon_core.package_identification:_identify(src/unitree_sdk2) by extensions ['ignore', 'ignore_ament_install']
[0.187s] Level 1:colcon.colcon_core.package_identification:_identify(src/unitree_sdk2) by extension 'ignore'
[0.187s] Level 1:colcon.colcon_core.package_identification:_identify(src/unitree_sdk2) by extension 'ignore_ament_install'
[0.187s] Level 1:colcon.colcon_core.package_identification:_identify(src/unitree_sdk2) by extensions ['colcon_pkg']
[0.187s] Level 1:colcon.colcon_core.package_identification:_identify(src/unitree_sdk2) by extension 'colcon_pkg'
[0.187s] Level 1:colcon.colcon_core.package_identification:_identify(src/unitree_sdk2) by extensions ['colcon_meta']
[0.187s] Level 1:colcon.colcon_core.package_identification:_identify(src/unitree_sdk2) by extension 'colcon_meta'
[0.187s] Level 1:colcon.colcon_core.package_identification:_identify(src/unitree_sdk2) by extensions ['ros']
[0.187s] Level 1:colcon.colcon_core.package_identification:_identify(src/unitree_sdk2) by extension 'ros'
[0.187s] Level 1:colcon.colcon_core.package_identification:_identify(src/unitree_sdk2) by extensions ['cmake', 'python']
[0.187s] Level 1:colcon.colcon_core.package_identification:_identify(src/unitree_sdk2) by extension 'cmake'
[0.193s] Level 1:colcon.colcon_core.package_identification:_identify(src/unitree_sdk2) by extension 'python'
[0.193s] DEBUG:colcon.colcon_core.package_identification:Package 'src/unitree_sdk2' with type 'cmake' and name 'unitree_sdk2'
[0.193s] Level 1:colcon.colcon_core.package_identification:_identify(src/village_wang) by extensions ['ignore', 'ignore_ament_install']
[0.193s] Level 1:colcon.colcon_core.package_identification:_identify(src/village_wang) by extension 'ignore'
[0.193s] Level 1:colcon.colcon_core.package_identification:_identify(src/village_wang) by extension 'ignore_ament_install'
[0.193s] Level 1:colcon.colcon_core.package_identification:_identify(src/village_wang) by extensions ['colcon_pkg']
[0.193s] Level 1:colcon.colcon_core.package_identification:_identify(src/village_wang) by extension 'colcon_pkg'
[0.193s] Level 1:colcon.colcon_core.package_identification:_identify(src/village_wang) by extensions ['colcon_meta']
[0.193s] Level 1:colcon.colcon_core.package_identification:_identify(src/village_wang) by extension 'colcon_meta'
[0.193s] Level 1:colcon.colcon_core.package_identification:_identify(src/village_wang) by extensions ['ros']
[0.193s] Level 1:colcon.colcon_core.package_identification:_identify(src/village_wang) by extension 'ros'
[0.193s] DEBUG:colcon.colcon_core.package_identification:Package 'src/village_wang' with type 'ros.ament_cmake' and name 'village_wang'
[0.193s] Level 1:colcon.colcon_core.package_discovery:discover_packages(recursive) using defaults
[0.193s] Level 1:colcon.colcon_core.package_discovery:discover_packages(ignore) discover
[0.193s] Level 1:colcon.colcon_core.package_discovery:discover_packages(ignore) using defaults
[0.193s] Level 1:colcon.colcon_core.package_discovery:discover_packages(path) discover
[0.193s] Level 1:colcon.colcon_core.package_discovery:discover_packages(path) using defaults
[0.202s] Level 1:colcon.colcon_core.package_discovery:discover_packages(prefix_path) check parameters
[0.202s] Level 1:colcon.colcon_core.package_discovery:discover_packages(prefix_path) discover
[0.203s] DEBUG:colcon.colcon_installed_package_information.package_discovery:Found 24 installed packages in /home/robot/nav2_ws/install
[0.204s] DEBUG:colcon.colcon_installed_package_information.package_discovery:Found 380 installed packages in /opt/ros/foxy
[0.205s] Level 1:colcon.colcon_core.package_discovery:discover_packages(prefix_path) using defaults
[0.231s] Level 5:colcon.colcon_core.verb:set package 'car2' build argument 'cmake_args' from command line to 'None'
[0.231s] Level 5:colcon.colcon_core.verb:set package 'car2' build argument 'cmake_target' from command line to 'None'
[0.231s] Level 5:colcon.colcon_core.verb:set package 'car2' build argument 'cmake_target_skip_unavailable' from command line to 'False'
[0.231s] Level 5:colcon.colcon_core.verb:set package 'car2' build argument 'cmake_clean_cache' from command line to 'False'
[0.231s] Level 5:colcon.colcon_core.verb:set package 'car2' build argument 'cmake_clean_first' from command line to 'False'
[0.231s] Level 5:colcon.colcon_core.verb:set package 'car2' build argument 'cmake_force_configure' from command line to 'False'
[0.231s] Level 5:colcon.colcon_core.verb:set package 'car2' build argument 'ament_cmake_args' from command line to 'None'
[0.231s] Level 5:colcon.colcon_core.verb:set package 'car2' build argument 'catkin_cmake_args' from command line to 'None'
[0.231s] Level 5:colcon.colcon_core.verb:set package 'car2' build argument 'catkin_skip_building_tests' from command line to 'False'
[0.231s] DEBUG:colcon.colcon_core.verb:Building package 'car2' with the following arguments: {'ament_cmake_args': None, 'build_base': '/home/robot/nav2_ws/build/car2', 'catkin_cmake_args': None, 'catkin_skip_building_tests': False, 'cmake_args': None, 'cmake_clean_cache': False, 'cmake_clean_first': False, 'cmake_force_configure': False, 'cmake_target': None, 'cmake_target_skip_unavailable': False, 'install_base': '/home/robot/nav2_ws/install/car2', 'merge_install': False, 'path': '/home/robot/nav2_ws/src/car2', 'symlink_install': False, 'test_result_base': None}
[0.231s] Level 5:colcon.colcon_core.verb:set package 'h1_sport' build argument 'cmake_args' from command line to 'None'
[0.231s] Level 5:colcon.colcon_core.verb:set package 'h1_sport' build argument 'cmake_target' from command line to 'None'
[0.231s] Level 5:colcon.colcon_core.verb:set package 'h1_sport' build argument 'cmake_target_skip_unavailable' from command line to 'False'
[0.231s] Level 5:colcon.colcon_core.verb:set package 'h1_sport' build argument 'cmake_clean_cache' from command line to 'False'
[0.231s] Level 5:colcon.colcon_core.verb:set package 'h1_sport' build argument 'cmake_clean_first' from command line to 'False'
[0.231s] Level 5:colcon.colcon_core.verb:set package 'h1_sport' build argument 'cmake_force_configure' from command line to 'False'
[0.231s] Level 5:colcon.colcon_core.verb:set package 'h1_sport' build argument 'ament_cmake_args' from command line to 'None'
[0.231s] Level 5:colcon.colcon_core.verb:set package 'h1_sport' build argument 'catkin_cmake_args' from command line to 'None'
[0.231s] Level 5:colcon.colcon_core.verb:set package 'h1_sport' build argument 'catkin_skip_building_tests' from command line to 'False'
[0.231s] DEBUG:colcon.colcon_core.verb:Building package 'h1_sport' with the following arguments: {'ament_cmake_args': None, 'build_base': '/home/robot/nav2_ws/build/h1_sport', 'catkin_cmake_args': None, 'catkin_skip_building_tests': False, 'cmake_args': None, 'cmake_clean_cache': False, 'cmake_clean_first': False, 'cmake_force_configure': False, 'cmake_target': None, 'cmake_target_skip_unavailable': False, 'install_base': '/home/robot/nav2_ws/install/h1_sport', 'merge_install': False, 'path': '/home/robot/nav2_ws/src/h1_sport', 'symlink_install': False, 'test_result_base': None}
[0.231s] Level 5:colcon.colcon_core.verb:set package 'hello_world_msgs' build argument 'cmake_args' from command line to 'None'
[0.231s] Level 5:colcon.colcon_core.verb:set package 'hello_world_msgs' build argument 'cmake_target' from command line to 'None'
[0.231s] Level 5:colcon.colcon_core.verb:set package 'hello_world_msgs' build argument 'cmake_target_skip_unavailable' from command line to 'False'
[0.231s] Level 5:colcon.colcon_core.verb:set package 'hello_world_msgs' build argument 'cmake_clean_cache' from command line to 'False'
[0.231s] Level 5:colcon.colcon_core.verb:set package 'hello_world_msgs' build argument 'cmake_clean_first' from command line to 'False'
[0.231s] Level 5:colcon.colcon_core.verb:set package 'hello_world_msgs' build argument 'cmake_force_configure' from command line to 'False'
[0.231s] Level 5:colcon.colcon_core.verb:set package 'hello_world_msgs' build argument 'ament_cmake_args' from command line to 'None'
[0.231s] Level 5:colcon.colcon_core.verb:set package 'hello_world_msgs' build argument 'catkin_cmake_args' from command line to 'None'
[0.231s] Level 5:colcon.colcon_core.verb:set package 'hello_world_msgs' build argument 'catkin_skip_building_tests' from command line to 'False'
[0.231s] DEBUG:colcon.colcon_core.verb:Building package 'hello_world_msgs' with the following arguments: {'ament_cmake_args': None, 'build_base': '/home/robot/nav2_ws/build/hello_world_msgs', 'catkin_cmake_args': None, 'catkin_skip_building_tests': False, 'cmake_args': None, 'cmake_clean_cache': False, 'cmake_clean_first': False, 'cmake_force_configure': False, 'cmake_target': None, 'cmake_target_skip_unavailable': False, 'install_base': '/home/robot/nav2_ws/install/hello_world_msgs', 'merge_install': False, 'path': '/home/robot/nav2_ws/src/hello_world_msgs', 'symlink_install': False, 'test_result_base': None}
[0.232s] Level 5:colcon.colcon_core.verb:set package 'ros2_socket_sender' build argument 'cmake_args' from command line to 'None'
[0.232s] Level 5:colcon.colcon_core.verb:set package 'ros2_socket_sender' build argument 'cmake_target' from command line to 'None'
[0.232s] Level 5:colcon.colcon_core.verb:set package 'ros2_socket_sender' build argument 'cmake_target_skip_unavailable' from command line to 'False'
[0.232s] Level 5:colcon.colcon_core.verb:set package 'ros2_socket_sender' build argument 'cmake_clean_cache' from command line to 'False'
[0.232s] Level 5:colcon.colcon_core.verb:set package 'ros2_socket_sender' build argument 'cmake_clean_first' from command line to 'False'
[0.232s] Level 5:colcon.colcon_core.verb:set package 'ros2_socket_sender' build argument 'cmake_force_configure' from command line to 'False'
[0.232s] Level 5:colcon.colcon_core.verb:set package 'ros2_socket_sender' build argument 'ament_cmake_args' from command line to 'None'
[0.232s] Level 5:colcon.colcon_core.verb:set package 'ros2_socket_sender' build argument 'catkin_cmake_args' from command line to 'None'
[0.232s] Level 5:colcon.colcon_core.verb:set package 'ros2_socket_sender' build argument 'catkin_skip_building_tests' from command line to 'False'
[0.232s] DEBUG:colcon.colcon_core.verb:Building package 'ros2_socket_sender' with the following arguments: {'ament_cmake_args': None, 'build_base': '/home/robot/nav2_ws/build/ros2_socket_sender', 'catkin_cmake_args': None, 'catkin_skip_building_tests': False, 'cmake_args': None, 'cmake_clean_cache': False, 'cmake_clean_first': False, 'cmake_force_configure': False, 'cmake_target': None, 'cmake_target_skip_unavailable': False, 'install_base': '/home/robot/nav2_ws/install/ros2_socket_sender', 'merge_install': False, 'path': '/home/robot/nav2_ws/src/ros2_socket_sender', 'symlink_install': False, 'test_result_base': None}
[0.232s] Level 5:colcon.colcon_core.verb:set package 'unitree_sdk2' build argument 'cmake_args' from command line to 'None'
[0.232s] Level 5:colcon.colcon_core.verb:set package 'unitree_sdk2' build argument 'cmake_target' from command line to 'None'
[0.232s] Level 5:colcon.colcon_core.verb:set package 'unitree_sdk2' build argument 'cmake_target_skip_unavailable' from command line to 'False'
[0.232s] Level 5:colcon.colcon_core.verb:set package 'unitree_sdk2' build argument 'cmake_clean_cache' from command line to 'False'
[0.232s] Level 5:colcon.colcon_core.verb:set package 'unitree_sdk2' build argument 'cmake_clean_first' from command line to 'False'
[0.232s] Level 5:colcon.colcon_core.verb:set package 'unitree_sdk2' build argument 'cmake_force_configure' from command line to 'False'
[0.232s] Level 5:colcon.colcon_core.verb:set package 'unitree_sdk2' build argument 'ament_cmake_args' from command line to 'None'
[0.232s] Level 5:colcon.colcon_core.verb:set package 'unitree_sdk2' build argument 'catkin_cmake_args' from command line to 'None'
[0.232s] Level 5:colcon.colcon_core.verb:set package 'unitree_sdk2' build argument 'catkin_skip_building_tests' from command line to 'False'
[0.232s] DEBUG:colcon.colcon_core.verb:Building package 'unitree_sdk2' with the following arguments: {'ament_cmake_args': None, 'build_base': '/home/robot/nav2_ws/build/unitree_sdk2', 'catkin_cmake_args': None, 'catkin_skip_building_tests': False, 'cmake_args': None, 'cmake_clean_cache': False, 'cmake_clean_first': False, 'cmake_force_configure': False, 'cmake_target': None, 'cmake_target_skip_unavailable': False, 'install_base': '/home/robot/nav2_ws/install/unitree_sdk2', 'merge_install': False, 'path': '/home/robot/nav2_ws/src/unitree_sdk2', 'symlink_install': False, 'test_result_base': None}
[0.232s] Level 5:colcon.colcon_core.verb:set package 'village_wang' build argument 'cmake_args' from command line to 'None'
[0.232s] Level 5:colcon.colcon_core.verb:set package 'village_wang' build argument 'cmake_target' from command line to 'None'
[0.232s] Level 5:colcon.colcon_core.verb:set package 'village_wang' build argument 'cmake_target_skip_unavailable' from command line to 'False'
[0.232s] Level 5:colcon.colcon_core.verb:set package 'village_wang' build argument 'cmake_clean_cache' from command line to 'False'
[0.232s] Level 5:colcon.colcon_core.verb:set package 'village_wang' build argument 'cmake_clean_first' from command line to 'False'
[0.232s] Level 5:colcon.colcon_core.verb:set package 'village_wang' build argument 'cmake_force_configure' from command line to 'False'
[0.232s] Level 5:colcon.colcon_core.verb:set package 'village_wang' build argument 'ament_cmake_args' from command line to 'None'
[0.232s] Level 5:colcon.colcon_core.verb:set package 'village_wang' build argument 'catkin_cmake_args' from command line to 'None'
[0.232s] Level 5:colcon.colcon_core.verb:set package 'village_wang' build argument 'catkin_skip_building_tests' from command line to 'False'
[0.232s] DEBUG:colcon.colcon_core.verb:Building package 'village_wang' with the following arguments: {'ament_cmake_args': None, 'build_base': '/home/robot/nav2_ws/build/village_wang', 'catkin_cmake_args': None, 'catkin_skip_building_tests': False, 'cmake_args': None, 'cmake_clean_cache': False, 'cmake_clean_first': False, 'cmake_force_configure': False, 'cmake_target': None, 'cmake_target_skip_unavailable': False, 'install_base': '/home/robot/nav2_ws/install/village_wang', 'merge_install': False, 'path': '/home/robot/nav2_ws/src/village_wang', 'symlink_install': False, 'test_result_base': None}
[0.232s] Level 5:colcon.colcon_core.verb:set package 'sdk2_user' build argument 'cmake_args' from command line to 'None'
[0.232s] Level 5:colcon.colcon_core.verb:set package 'sdk2_user' build argument 'cmake_target' from command line to 'None'
[0.232s] Level 5:colcon.colcon_core.verb:set package 'sdk2_user' build argument 'cmake_target_skip_unavailable' from command line to 'False'
[0.232s] Level 5:colcon.colcon_core.verb:set package 'sdk2_user' build argument 'cmake_clean_cache' from command line to 'False'
[0.232s] Level 5:colcon.colcon_core.verb:set package 'sdk2_user' build argument 'cmake_clean_first' from command line to 'False'
[0.232s] Level 5:colcon.colcon_core.verb:set package 'sdk2_user' build argument 'cmake_force_configure' from command line to 'False'
[0.232s] Level 5:colcon.colcon_core.verb:set package 'sdk2_user' build argument 'ament_cmake_args' from command line to 'None'
[0.232s] Level 5:colcon.colcon_core.verb:set package 'sdk2_user' build argument 'catkin_cmake_args' from command line to 'None'
[0.232s] Level 5:colcon.colcon_core.verb:set package 'sdk2_user' build argument 'catkin_skip_building_tests' from command line to 'False'
[0.232s] DEBUG:colcon.colcon_core.verb:Building package 'sdk2_user' with the following arguments: {'ament_cmake_args': None, 'build_base': '/home/robot/nav2_ws/build/sdk2_user', 'catkin_cmake_args': None, 'catkin_skip_building_tests': False, 'cmake_args': None, 'cmake_clean_cache': False, 'cmake_clean_first': False, 'cmake_force_configure': False, 'cmake_target': None, 'cmake_target_skip_unavailable': False, 'install_base': '/home/robot/nav2_ws/install/sdk2_user', 'merge_install': False, 'path': '/home/robot/nav2_ws/src/sdk2_user_cmake_example', 'symlink_install': False, 'test_result_base': None}
[0.232s] INFO:colcon.colcon_core.executor:Executing jobs using 'parallel' executor
[0.233s] DEBUG:colcon.colcon_parallel_executor.executor.parallel:run_until_complete
[0.233s] INFO:colcon.colcon_cmake.task.cmake.build:Building CMake package in '/home/robot/nav2_ws/src/unitree_sdk2'
[0.234s] INFO:colcon.colcon_core.plugin_system:Skipping extension 'colcon_core.shell.bat': Not used on non-Windows systems
[0.234s] INFO:colcon.colcon_core.shell:Skip shell extension 'powershell' for command environment: Not usable outside of PowerShell
[0.234s] DEBUG:colcon.colcon_core.shell:Skip shell extension 'dsv' for command environment
[0.237s] INFO:colcon.colcon_ros.task.ament_cmake.build:Building ROS package in '/home/robot/nav2_ws/src/car2' with build type 'ament_cmake'
[0.237s] INFO:colcon.colcon_cmake.task.cmake.build:Building CMake package in '/home/robot/nav2_ws/src/car2'
[0.237s] INFO:colcon.colcon_core.shell:Skip shell extension 'powershell' for command environment: Not usable outside of PowerShell
[0.237s] DEBUG:colcon.colcon_core.shell:Skip shell extension 'dsv' for command environment
[0.239s] INFO:colcon.colcon_ros.task.ament_cmake.build:Building ROS package in '/home/robot/nav2_ws/src/h1_sport' with build type 'ament_cmake'
[0.239s] INFO:colcon.colcon_cmake.task.cmake.build:Building CMake package in '/home/robot/nav2_ws/src/h1_sport'
[0.239s] INFO:colcon.colcon_core.shell:Skip shell extension 'powershell' for command environment: Not usable outside of PowerShell
[0.239s] DEBUG:colcon.colcon_core.shell:Skip shell extension 'dsv' for command environment
[0.242s] INFO:colcon.colcon_ros.task.ament_cmake.build:Building ROS package in '/home/robot/nav2_ws/src/hello_world_msgs' with build type 'ament_cmake'
[0.242s] INFO:colcon.colcon_cmake.task.cmake.build:Building CMake package in '/home/robot/nav2_ws/src/hello_world_msgs'
[0.242s] INFO:colcon.colcon_core.shell:Skip shell extension 'powershell' for command environment: Not usable outside of PowerShell
[0.242s] DEBUG:colcon.colcon_core.shell:Skip shell extension 'dsv' for command environment
[0.244s] INFO:colcon.colcon_ros.task.ament_cmake.build:Building ROS package in '/home/robot/nav2_ws/src/ros2_socket_sender' with build type 'ament_cmake'
[0.244s] INFO:colcon.colcon_cmake.task.cmake.build:Building CMake package in '/home/robot/nav2_ws/src/ros2_socket_sender'
[0.244s] INFO:colcon.colcon_core.shell:Skip shell extension 'powershell' for command environment: Not usable outside of PowerShell
[0.244s] DEBUG:colcon.colcon_core.shell:Skip shell extension 'dsv' for command environment
[0.246s] INFO:colcon.colcon_ros.task.ament_cmake.build:Building ROS package in '/home/robot/nav2_ws/src/village_wang' with build type 'ament_cmake'
[0.247s] INFO:colcon.colcon_cmake.task.cmake.build:Building CMake package in '/home/robot/nav2_ws/src/village_wang'
[0.247s] INFO:colcon.colcon_core.shell:Skip shell extension 'powershell' for command environment: Not usable outside of PowerShell
[0.247s] DEBUG:colcon.colcon_core.shell:Skip shell extension 'dsv' for command environment
[0.252s] DEBUG:colcon.colcon_core.event_handler.log_command:Invoking command in '/home/robot/nav2_ws/build/unitree_sdk2': /usr/bin/cmake --build /home/robot/nav2_ws/build/unitree_sdk2 -- -j32 -l32
[0.254s] DEBUG:colcon.colcon_core.event_handler.log_command:Invoking command in '/home/robot/nav2_ws/build/car2': CMAKE_PREFIX_PATH=${CMAKE_PREFIX_PATH}:/home/robot/nav2_ws/install/examples_rclpy_minimal_subscriber:/home/robot/nav2_ws/install/examples_rclpy_minimal_service:/home/robot/nav2_ws/install/examples_rclpy_minimal_publisher:/home/robot/nav2_ws/install/examples_rclpy_minimal_client:/home/robot/nav2_ws/install/examples_rclpy_minimal_action_server:/home/robot/nav2_ws/install/examples_rclpy_minimal_action_client:/home/robot/nav2_ws/install/examples_rclpy_executors:/opt/ros/foxy /usr/bin/cmake --build /home/robot/nav2_ws/build/car2 -- -j32 -l32
[0.256s] DEBUG:colcon.colcon_core.event_handler.log_command:Invoking command in '/home/robot/nav2_ws/build/h1_sport': CMAKE_PREFIX_PATH=${CMAKE_PREFIX_PATH}:/home/robot/nav2_ws/install/examples_rclpy_minimal_subscriber:/home/robot/nav2_ws/install/examples_rclpy_minimal_service:/home/robot/nav2_ws/install/examples_rclpy_minimal_publisher:/home/robot/nav2_ws/install/examples_rclpy_minimal_client:/home/robot/nav2_ws/install/examples_rclpy_minimal_action_server:/home/robot/nav2_ws/install/examples_rclpy_minimal_action_client:/home/robot/nav2_ws/install/examples_rclpy_executors:/opt/ros/foxy /usr/bin/cmake --build /home/robot/nav2_ws/build/h1_sport -- -j32 -l32
[0.257s] DEBUG:colcon.colcon_core.event_handler.log_command:Invoking command in '/home/robot/nav2_ws/build/hello_world_msgs': CMAKE_PREFIX_PATH=${CMAKE_PREFIX_PATH}:/home/robot/nav2_ws/install/examples_rclpy_minimal_subscriber:/home/robot/nav2_ws/install/examples_rclpy_minimal_service:/home/robot/nav2_ws/install/examples_rclpy_minimal_publisher:/home/robot/nav2_ws/install/examples_rclpy_minimal_client:/home/robot/nav2_ws/install/examples_rclpy_minimal_action_server:/home/robot/nav2_ws/install/examples_rclpy_minimal_action_client:/home/robot/nav2_ws/install/examples_rclpy_executors:/opt/ros/foxy /usr/bin/cmake --build /home/robot/nav2_ws/build/hello_world_msgs -- -j32 -l32
[0.260s] DEBUG:colcon.colcon_core.event_handler.log_command:Invoking command in '/home/robot/nav2_ws/build/ros2_socket_sender': CMAKE_PREFIX_PATH=${CMAKE_PREFIX_PATH}:/home/robot/nav2_ws/install/examples_rclpy_minimal_subscriber:/home/robot/nav2_ws/install/examples_rclpy_minimal_service:/home/robot/nav2_ws/install/examples_rclpy_minimal_publisher:/home/robot/nav2_ws/install/examples_rclpy_minimal_client:/home/robot/nav2_ws/install/examples_rclpy_minimal_action_server:/home/robot/nav2_ws/install/examples_rclpy_minimal_action_client:/home/robot/nav2_ws/install/examples_rclpy_executors:/opt/ros/foxy /usr/bin/cmake --build /home/robot/nav2_ws/build/ros2_socket_sender -- -j32 -l32
[0.264s] DEBUG:colcon.colcon_core.event_handler.log_command:Invoking command in '/home/robot/nav2_ws/build/village_wang': CMAKE_PREFIX_PATH=${CMAKE_PREFIX_PATH}:/home/robot/nav2_ws/install/examples_rclpy_minimal_subscriber:/home/robot/nav2_ws/install/examples_rclpy_minimal_service:/home/robot/nav2_ws/install/examples_rclpy_minimal_publisher:/home/robot/nav2_ws/install/examples_rclpy_minimal_client:/home/robot/nav2_ws/install/examples_rclpy_minimal_action_server:/home/robot/nav2_ws/install/examples_rclpy_minimal_action_client:/home/robot/nav2_ws/install/examples_rclpy_executors:/opt/ros/foxy /usr/bin/cmake --build /home/robot/nav2_ws/build/village_wang -- -j32 -l32
[0.271s] DEBUG:colcon.colcon_core.event_handler.log_command:Invoked command in '/home/robot/nav2_ws/build/car2' returned '0': CMAKE_PREFIX_PATH=${CMAKE_PREFIX_PATH}:/home/robot/nav2_ws/install/examples_rclpy_minimal_subscriber:/home/robot/nav2_ws/install/examples_rclpy_minimal_service:/home/robot/nav2_ws/install/examples_rclpy_minimal_publisher:/home/robot/nav2_ws/install/examples_rclpy_minimal_client:/home/robot/nav2_ws/install/examples_rclpy_minimal_action_server:/home/robot/nav2_ws/install/examples_rclpy_minimal_action_client:/home/robot/nav2_ws/install/examples_rclpy_executors:/opt/ros/foxy /usr/bin/cmake --build /home/robot/nav2_ws/build/car2 -- -j32 -l32
[0.297s] DEBUG:colcon.colcon_core.event_handler.log_command:Invoking command in '/home/robot/nav2_ws/build/car2': CMAKE_PREFIX_PATH=${CMAKE_PREFIX_PATH}:/home/robot/nav2_ws/install/examples_rclpy_minimal_subscriber:/home/robot/nav2_ws/install/examples_rclpy_minimal_service:/home/robot/nav2_ws/install/examples_rclpy_minimal_publisher:/home/robot/nav2_ws/install/examples_rclpy_minimal_client:/home/robot/nav2_ws/install/examples_rclpy_minimal_action_server:/home/robot/nav2_ws/install/examples_rclpy_minimal_action_client:/home/robot/nav2_ws/install/examples_rclpy_executors:/opt/ros/foxy /usr/bin/cmake --install /home/robot/nav2_ws/build/car2
[0.299s] DEBUG:colcon.colcon_core.event_handler.log_command:Invoked command in '/home/robot/nav2_ws/build/h1_sport' returned '0': CMAKE_PREFIX_PATH=${CMAKE_PREFIX_PATH}:/home/robot/nav2_ws/install/examples_rclpy_minimal_subscriber:/home/robot/nav2_ws/install/examples_rclpy_minimal_service:/home/robot/nav2_ws/install/examples_rclpy_minimal_publisher:/home/robot/nav2_ws/install/examples_rclpy_minimal_client:/home/robot/nav2_ws/install/examples_rclpy_minimal_action_server:/home/robot/nav2_ws/install/examples_rclpy_minimal_action_client:/home/robot/nav2_ws/install/examples_rclpy_executors:/opt/ros/foxy /usr/bin/cmake --build /home/robot/nav2_ws/build/h1_sport -- -j32 -l32
[0.303s] Level 1:colcon.colcon_core.environment:create_environment_scripts_only(car2)
[0.304s] DEBUG:colcon.colcon_core.event_handler.log_command:Invoked command in '/home/robot/nav2_ws/build/car2' returned '0': CMAKE_PREFIX_PATH=${CMAKE_PREFIX_PATH}:/home/robot/nav2_ws/install/examples_rclpy_minimal_subscriber:/home/robot/nav2_ws/install/examples_rclpy_minimal_service:/home/robot/nav2_ws/install/examples_rclpy_minimal_publisher:/home/robot/nav2_ws/install/examples_rclpy_minimal_client:/home/robot/nav2_ws/install/examples_rclpy_minimal_action_server:/home/robot/nav2_ws/install/examples_rclpy_minimal_action_client:/home/robot/nav2_ws/install/examples_rclpy_executors:/opt/ros/foxy /usr/bin/cmake --install /home/robot/nav2_ws/build/car2
[0.305s] Level 1:colcon.colcon_core.environment:checking '/home/robot/nav2_ws/install/car2' for CMake module files
[0.305s] Level 1:colcon.colcon_core.environment:checking '/home/robot/nav2_ws/install/car2' for CMake config files
[0.305s] Level 1:colcon.colcon_core.shell:create_environment_hook('car2', 'cmake_prefix_path')
[0.306s] INFO:colcon.colcon_core.shell:Creating environment hook '/home/robot/nav2_ws/install/car2/share/car2/hook/cmake_prefix_path.ps1'
[0.306s] INFO:colcon.colcon_core.shell:Creating environment descriptor '/home/robot/nav2_ws/install/car2/share/car2/hook/cmake_prefix_path.dsv'
[0.306s] INFO:colcon.colcon_core.shell:Creating environment hook '/home/robot/nav2_ws/install/car2/share/car2/hook/cmake_prefix_path.sh'
[0.306s] Level 1:colcon.colcon_core.environment:checking '/home/robot/nav2_ws/install/car2/bin'
[0.306s] Level 1:colcon.colcon_core.environment:checking '/home/robot/nav2_ws/install/car2/lib/pkgconfig/car2.pc'
[0.307s] Level 1:colcon.colcon_core.environment:checking '/home/robot/nav2_ws/install/car2/lib/python3.8/site-packages'
[0.307s] Level 1:colcon.colcon_core.environment:checking '/home/robot/nav2_ws/install/car2/bin'
[0.307s] INFO:colcon.colcon_core.shell:Creating package script '/home/robot/nav2_ws/install/car2/share/car2/package.ps1'
[0.307s] INFO:colcon.colcon_core.shell:Creating package descriptor '/home/robot/nav2_ws/install/car2/share/car2/package.dsv'
[0.307s] INFO:colcon.colcon_core.shell:Creating package script '/home/robot/nav2_ws/install/car2/share/car2/package.sh'
[0.307s] INFO:colcon.colcon_core.shell:Creating package script '/home/robot/nav2_ws/install/car2/share/car2/package.bash'
[0.308s] INFO:colcon.colcon_core.shell:Creating package script '/home/robot/nav2_ws/install/car2/share/car2/package.zsh'
[0.308s] Level 1:colcon.colcon_core.environment:create_file_with_runtime_dependencies(/home/robot/nav2_ws/install/car2/share/colcon-core/packages/car2)
[0.311s] DEBUG:colcon.colcon_core.event_handler.log_command:Invoking command in '/home/robot/nav2_ws/build/h1_sport': CMAKE_PREFIX_PATH=${CMAKE_PREFIX_PATH}:/home/robot/nav2_ws/install/examples_rclpy_minimal_subscriber:/home/robot/nav2_ws/install/examples_rclpy_minimal_service:/home/robot/nav2_ws/install/examples_rclpy_minimal_publisher:/home/robot/nav2_ws/install/examples_rclpy_minimal_client:/home/robot/nav2_ws/install/examples_rclpy_minimal_action_server:/home/robot/nav2_ws/install/examples_rclpy_minimal_action_client:/home/robot/nav2_ws/install/examples_rclpy_executors:/opt/ros/foxy /usr/bin/cmake --install /home/robot/nav2_ws/build/h1_sport
[0.312s] DEBUG:colcon.colcon_core.event_handler.log_command:Invoked command in '/home/robot/nav2_ws/build/unitree_sdk2' returned '0': /usr/bin/cmake --build /home/robot/nav2_ws/build/unitree_sdk2 -- -j32 -l32
[0.313s] DEBUG:colcon.colcon_core.event_handler.log_command:Invoked command in '/home/robot/nav2_ws/build/village_wang' returned '0': CMAKE_PREFIX_PATH=${CMAKE_PREFIX_PATH}:/home/robot/nav2_ws/install/examples_rclpy_minimal_subscriber:/home/robot/nav2_ws/install/examples_rclpy_minimal_service:/home/robot/nav2_ws/install/examples_rclpy_minimal_publisher:/home/robot/nav2_ws/install/examples_rclpy_minimal_client:/home/robot/nav2_ws/install/examples_rclpy_minimal_action_server:/home/robot/nav2_ws/install/examples_rclpy_minimal_action_client:/home/robot/nav2_ws/install/examples_rclpy_executors:/opt/ros/foxy /usr/bin/cmake --build /home/robot/nav2_ws/build/village_wang -- -j32 -l32
[0.315s] Level 1:colcon.colcon_core.environment:create_environment_scripts_only(h1_sport)
[0.315s] Level 1:colcon.colcon_core.environment:checking '/home/robot/nav2_ws/install/h1_sport' for CMake module files
[0.316s] DEBUG:colcon.colcon_core.event_handler.log_command:Invoked command in '/home/robot/nav2_ws/build/h1_sport' returned '0': CMAKE_PREFIX_PATH=${CMAKE_PREFIX_PATH}:/home/robot/nav2_ws/install/examples_rclpy_minimal_subscriber:/home/robot/nav2_ws/install/examples_rclpy_minimal_service:/home/robot/nav2_ws/install/examples_rclpy_minimal_publisher:/home/robot/nav2_ws/install/examples_rclpy_minimal_client:/home/robot/nav2_ws/install/examples_rclpy_minimal_action_server:/home/robot/nav2_ws/install/examples_rclpy_minimal_action_client:/home/robot/nav2_ws/install/examples_rclpy_executors:/opt/ros/foxy /usr/bin/cmake --install /home/robot/nav2_ws/build/h1_sport
[0.317s] Level 1:colcon.colcon_core.environment:checking '/home/robot/nav2_ws/install/h1_sport' for CMake config files
[0.317s] Level 1:colcon.colcon_core.shell:create_environment_hook('h1_sport', 'cmake_prefix_path')
[0.317s] INFO:colcon.colcon_core.shell:Creating environment hook '/home/robot/nav2_ws/install/h1_sport/share/h1_sport/hook/cmake_prefix_path.ps1'
[0.318s] INFO:colcon.colcon_core.shell:Creating environment descriptor '/home/robot/nav2_ws/install/h1_sport/share/h1_sport/hook/cmake_prefix_path.dsv'
[0.318s] INFO:colcon.colcon_core.shell:Creating environment hook '/home/robot/nav2_ws/install/h1_sport/share/h1_sport/hook/cmake_prefix_path.sh'
[0.318s] Level 1:colcon.colcon_core.environment:checking '/home/robot/nav2_ws/install/h1_sport/lib'
[0.318s] Level 1:colcon.colcon_core.environment:checking '/home/robot/nav2_ws/install/h1_sport/bin'
[0.318s] Level 1:colcon.colcon_core.environment:checking '/home/robot/nav2_ws/install/h1_sport/lib/pkgconfig/h1_sport.pc'
[0.319s] Level 1:colcon.colcon_core.environment:checking '/home/robot/nav2_ws/install/h1_sport/lib/python3.8/site-packages'
[0.319s] Level 1:colcon.colcon_core.environment:checking '/home/robot/nav2_ws/install/h1_sport/bin'
[0.319s] INFO:colcon.colcon_core.shell:Creating package script '/home/robot/nav2_ws/install/h1_sport/share/h1_sport/package.ps1'
[0.319s] INFO:colcon.colcon_core.shell:Creating package descriptor '/home/robot/nav2_ws/install/h1_sport/share/h1_sport/package.dsv'
[0.319s] INFO:colcon.colcon_core.shell:Creating package script '/home/robot/nav2_ws/install/h1_sport/share/h1_sport/package.sh'
[0.320s] INFO:colcon.colcon_core.shell:Creating package script '/home/robot/nav2_ws/install/h1_sport/share/h1_sport/package.bash'
[0.320s] INFO:colcon.colcon_core.shell:Creating package script '/home/robot/nav2_ws/install/h1_sport/share/h1_sport/package.zsh'
[0.320s] Level 1:colcon.colcon_core.environment:create_file_with_runtime_dependencies(/home/robot/nav2_ws/install/h1_sport/share/colcon-core/packages/h1_sport)
[0.321s] Level 1:colcon.colcon_core.environment:create_environment_scripts_only(car2)
[0.322s] Level 1:colcon.colcon_core.environment:checking '/home/robot/nav2_ws/install/car2' for CMake module files
[0.322s] Level 1:colcon.colcon_core.environment:checking '/home/robot/nav2_ws/install/car2' for CMake config files
[0.322s] Level 1:colcon.colcon_core.shell:create_environment_hook('car2', 'cmake_prefix_path')
[0.322s] INFO:colcon.colcon_core.shell:Creating environment hook '/home/robot/nav2_ws/install/car2/share/car2/hook/cmake_prefix_path.ps1'
[0.322s] INFO:colcon.colcon_core.shell:Creating environment descriptor '/home/robot/nav2_ws/install/car2/share/car2/hook/cmake_prefix_path.dsv'
[0.322s] INFO:colcon.colcon_core.shell:Creating environment hook '/home/robot/nav2_ws/install/car2/share/car2/hook/cmake_prefix_path.sh'
[0.322s] Level 1:colcon.colcon_core.environment:checking '/home/robot/nav2_ws/install/car2/bin'
[0.322s] Level 1:colcon.colcon_core.environment:checking '/home/robot/nav2_ws/install/car2/lib/pkgconfig/car2.pc'
[0.323s] Level 1:colcon.colcon_core.environment:checking '/home/robot/nav2_ws/install/car2/lib/python3.8/site-packages'
[0.323s] Level 1:colcon.colcon_core.environment:checking '/home/robot/nav2_ws/install/car2/bin'
[0.323s] INFO:colcon.colcon_core.shell:Creating package script '/home/robot/nav2_ws/install/car2/share/car2/package.ps1'
[0.323s] INFO:colcon.colcon_core.shell:Creating package descriptor '/home/robot/nav2_ws/install/car2/share/car2/package.dsv'
[0.323s] INFO:colcon.colcon_core.shell:Creating package script '/home/robot/nav2_ws/install/car2/share/car2/package.sh'
[0.323s] INFO:colcon.colcon_core.shell:Creating package script '/home/robot/nav2_ws/install/car2/share/car2/package.bash'
[0.323s] INFO:colcon.colcon_core.shell:Creating package script '/home/robot/nav2_ws/install/car2/share/car2/package.zsh'
[0.324s] Level 1:colcon.colcon_core.environment:create_file_with_runtime_dependencies(/home/robot/nav2_ws/install/car2/share/colcon-core/packages/car2)
[0.325s] DEBUG:colcon.colcon_core.event_handler.log_command:Invoking command in '/home/robot/nav2_ws/build/village_wang': CMAKE_PREFIX_PATH=${CMAKE_PREFIX_PATH}:/home/robot/nav2_ws/install/examples_rclpy_minimal_subscriber:/home/robot/nav2_ws/install/examples_rclpy_minimal_service:/home/robot/nav2_ws/install/examples_rclpy_minimal_publisher:/home/robot/nav2_ws/install/examples_rclpy_minimal_client:/home/robot/nav2_ws/install/examples_rclpy_minimal_action_server:/home/robot/nav2_ws/install/examples_rclpy_minimal_action_client:/home/robot/nav2_ws/install/examples_rclpy_executors:/opt/ros/foxy /usr/bin/cmake --install /home/robot/nav2_ws/build/village_wang
[0.328s] DEBUG:colcon.colcon_core.event_handler.log_command:Invoking command in '/home/robot/nav2_ws/build/unitree_sdk2': /usr/bin/cmake --install /home/robot/nav2_ws/build/unitree_sdk2
[0.330s] Level 1:colcon.colcon_core.environment:create_environment_scripts_only(h1_sport)
[0.330s] Level 1:colcon.colcon_core.environment:checking '/home/robot/nav2_ws/install/h1_sport' for CMake module files
[0.331s] Level 1:colcon.colcon_core.environment:checking '/home/robot/nav2_ws/install/h1_sport' for CMake config files
[0.333s] Level 1:colcon.colcon_core.shell:create_environment_hook('h1_sport', 'cmake_prefix_path')
[0.333s] INFO:colcon.colcon_core.shell:Creating environment hook '/home/robot/nav2_ws/install/h1_sport/share/h1_sport/hook/cmake_prefix_path.ps1'
[0.334s] INFO:colcon.colcon_core.shell:Creating environment descriptor '/home/robot/nav2_ws/install/h1_sport/share/h1_sport/hook/cmake_prefix_path.dsv'
[0.335s] INFO:colcon.colcon_core.shell:Creating environment hook '/home/robot/nav2_ws/install/h1_sport/share/h1_sport/hook/cmake_prefix_path.sh'
[0.335s] Level 1:colcon.colcon_core.environment:checking '/home/robot/nav2_ws/install/h1_sport/lib'
[0.336s] Level 1:colcon.colcon_core.environment:checking '/home/robot/nav2_ws/install/h1_sport/bin'
[0.336s] Level 1:colcon.colcon_core.environment:checking '/home/robot/nav2_ws/install/h1_sport/lib/pkgconfig/h1_sport.pc'
[0.336s] Level 1:colcon.colcon_core.environment:checking '/home/robot/nav2_ws/install/h1_sport/lib/python3.8/site-packages'
[0.336s] Level 1:colcon.colcon_core.environment:checking '/home/robot/nav2_ws/install/h1_sport/bin'
[0.336s] INFO:colcon.colcon_core.shell:Creating package script '/home/robot/nav2_ws/install/h1_sport/share/h1_sport/package.ps1'
[0.338s] INFO:colcon.colcon_core.shell:Creating package descriptor '/home/robot/nav2_ws/install/h1_sport/share/h1_sport/package.dsv'
[0.338s] INFO:colcon.colcon_core.shell:Creating package script '/home/robot/nav2_ws/install/h1_sport/share/h1_sport/package.sh'
[0.339s] INFO:colcon.colcon_core.shell:Creating package script '/home/robot/nav2_ws/install/h1_sport/share/h1_sport/package.bash'
[0.340s] INFO:colcon.colcon_core.shell:Creating package script '/home/robot/nav2_ws/install/h1_sport/share/h1_sport/package.zsh'
[0.341s] Level 1:colcon.colcon_core.environment:create_file_with_runtime_dependencies(/home/robot/nav2_ws/install/h1_sport/share/colcon-core/packages/h1_sport)
[0.343s] Level 1:colcon.colcon_core.environment:create_environment_scripts_only(village_wang)
[0.343s] Level 1:colcon.colcon_core.environment:checking '/home/robot/nav2_ws/install/village_wang' for CMake module files
[0.345s] Level 1:colcon.colcon_core.environment:checking '/home/robot/nav2_ws/install/village_wang' for CMake config files
[0.350s] Level 1:colcon.colcon_core.shell:create_environment_hook('village_wang', 'cmake_prefix_path')
[0.350s] INFO:colcon.colcon_core.shell:Creating environment hook '/home/robot/nav2_ws/install/village_wang/share/village_wang/hook/cmake_prefix_path.ps1'
[0.351s] INFO:colcon.colcon_core.shell:Creating environment descriptor '/home/robot/nav2_ws/install/village_wang/share/village_wang/hook/cmake_prefix_path.dsv'
[0.352s] INFO:colcon.colcon_core.shell:Creating environment hook '/home/robot/nav2_ws/install/village_wang/share/village_wang/hook/cmake_prefix_path.sh'
[0.352s] Level 1:colcon.colcon_core.environment:checking '/home/robot/nav2_ws/install/village_wang/lib'
[0.352s] Level 1:colcon.colcon_core.environment:checking '/home/robot/nav2_ws/install/village_wang/bin'
[0.352s] Level 1:colcon.colcon_core.environment:checking '/home/robot/nav2_ws/install/village_wang/lib/pkgconfig/village_wang.pc'
[0.352s] Level 1:colcon.colcon_core.environment:checking '/home/robot/nav2_ws/install/village_wang/lib/python3.8/site-packages'
[0.352s] Level 1:colcon.colcon_core.environment:checking '/home/robot/nav2_ws/install/village_wang/bin'
[0.352s] INFO:colcon.colcon_core.shell:Creating package script '/home/robot/nav2_ws/install/village_wang/share/village_wang/package.ps1'
[0.353s] INFO:colcon.colcon_core.shell:Creating package descriptor '/home/robot/nav2_ws/install/village_wang/share/village_wang/package.dsv'
[0.353s] INFO:colcon.colcon_core.shell:Creating package script '/home/robot/nav2_ws/install/village_wang/share/village_wang/package.sh'
[0.353s] INFO:colcon.colcon_core.shell:Creating package script '/home/robot/nav2_ws/install/village_wang/share/village_wang/package.bash'
[0.353s] INFO:colcon.colcon_core.shell:Creating package script '/home/robot/nav2_ws/install/village_wang/share/village_wang/package.zsh'
[0.354s] Level 1:colcon.colcon_core.environment:create_file_with_runtime_dependencies(/home/robot/nav2_ws/install/village_wang/share/colcon-core/packages/village_wang)
[0.355s] Level 1:colcon.colcon_core.environment:create_environment_scripts_only(unitree_sdk2)
[0.356s] Level 1:colcon.colcon_core.environment:checking '/home/robot/nav2_ws/install/unitree_sdk2' for CMake module files
[0.357s] Level 1:colcon.colcon_core.environment:checking '/home/robot/nav2_ws/install/unitree_sdk2' for CMake config files
[0.367s] DEBUG:colcon.colcon_core.event_handler.log_command:Invoked command in '/home/robot/nav2_ws/build/village_wang' returned '0': CMAKE_PREFIX_PATH=${CMAKE_PREFIX_PATH}:/home/robot/nav2_ws/install/examples_rclpy_minimal_subscriber:/home/robot/nav2_ws/install/examples_rclpy_minimal_service:/home/robot/nav2_ws/install/examples_rclpy_minimal_publisher:/home/robot/nav2_ws/install/examples_rclpy_minimal_client:/home/robot/nav2_ws/install/examples_rclpy_minimal_action_server:/home/robot/nav2_ws/install/examples_rclpy_minimal_action_client:/home/robot/nav2_ws/install/examples_rclpy_executors:/opt/ros/foxy /usr/bin/cmake --install /home/robot/nav2_ws/build/village_wang
[0.368s] DEBUG:colcon.colcon_core.event_handler.log_command:Invoked command in '/home/robot/nav2_ws/build/unitree_sdk2' returned '0': /usr/bin/cmake --install /home/robot/nav2_ws/build/unitree_sdk2
[0.368s] Level 1:colcon.colcon_core.shell:create_environment_hook('unitree_sdk2', 'cmake_prefix_path')
[0.369s] INFO:colcon.colcon_core.shell:Creating environment hook '/home/robot/nav2_ws/install/unitree_sdk2/share/unitree_sdk2/hook/cmake_prefix_path.ps1'
[0.369s] INFO:colcon.colcon_core.shell:Creating environment descriptor '/home/robot/nav2_ws/install/unitree_sdk2/share/unitree_sdk2/hook/cmake_prefix_path.dsv'
[0.369s] INFO:colcon.colcon_core.shell:Creating environment hook '/home/robot/nav2_ws/install/unitree_sdk2/share/unitree_sdk2/hook/cmake_prefix_path.sh'
[0.370s] Level 1:colcon.colcon_core.environment:checking '/home/robot/nav2_ws/install/unitree_sdk2/lib'
[0.370s] Level 1:colcon.colcon_core.shell:create_environment_hook('unitree_sdk2', 'ld_library_path_lib')
[0.370s] INFO:colcon.colcon_core.shell:Creating environment hook '/home/robot/nav2_ws/install/unitree_sdk2/share/unitree_sdk2/hook/ld_library_path_lib.ps1'
[0.370s] INFO:colcon.colcon_core.shell:Creating environment descriptor '/home/robot/nav2_ws/install/unitree_sdk2/share/unitree_sdk2/hook/ld_library_path_lib.dsv'
[0.370s] INFO:colcon.colcon_core.shell:Creating environment hook '/home/robot/nav2_ws/install/unitree_sdk2/share/unitree_sdk2/hook/ld_library_path_lib.sh'
[0.370s] Level 1:colcon.colcon_core.environment:checking '/home/robot/nav2_ws/install/unitree_sdk2/bin'
[0.371s] Level 1:colcon.colcon_core.environment:checking '/home/robot/nav2_ws/install/unitree_sdk2/lib/pkgconfig/unitree_sdk2.pc'
[0.371s] Level 1:colcon.colcon_core.environment:checking '/home/robot/nav2_ws/install/unitree_sdk2/lib/python3.8/site-packages'
[0.371s] Level 1:colcon.colcon_core.environment:checking '/home/robot/nav2_ws/install/unitree_sdk2/bin'
[0.371s] INFO:colcon.colcon_core.shell:Creating package script '/home/robot/nav2_ws/install/unitree_sdk2/share/unitree_sdk2/package.ps1'
[0.371s] INFO:colcon.colcon_core.shell:Creating package descriptor '/home/robot/nav2_ws/install/unitree_sdk2/share/unitree_sdk2/package.dsv'
[0.372s] INFO:colcon.colcon_core.shell:Creating package script '/home/robot/nav2_ws/install/unitree_sdk2/share/unitree_sdk2/package.sh'
[0.372s] INFO:colcon.colcon_core.shell:Creating package script '/home/robot/nav2_ws/install/unitree_sdk2/share/unitree_sdk2/package.bash'
[0.372s] INFO:colcon.colcon_core.shell:Creating package script '/home/robot/nav2_ws/install/unitree_sdk2/share/unitree_sdk2/package.zsh'
[0.372s] Level 1:colcon.colcon_core.environment:create_file_with_runtime_dependencies(/home/robot/nav2_ws/install/unitree_sdk2/share/colcon-core/packages/unitree_sdk2)
[0.373s] INFO:colcon.colcon_cmake.task.cmake.build:Building CMake package in '/home/robot/nav2_ws/src/sdk2_user_cmake_example'
[0.373s] INFO:colcon.colcon_core.shell:Skip shell extension 'powershell' for command environment: Not usable outside of PowerShell
[0.373s] DEBUG:colcon.colcon_core.shell:Skip shell extension 'dsv' for command environment
[0.377s] DEBUG:colcon.colcon_core.event_handler.log_command:Invoked command in '/home/robot/nav2_ws/build/hello_world_msgs' returned '0': CMAKE_PREFIX_PATH=${CMAKE_PREFIX_PATH}:/home/robot/nav2_ws/install/examples_rclpy_minimal_subscriber:/home/robot/nav2_ws/install/examples_rclpy_minimal_service:/home/robot/nav2_ws/install/examples_rclpy_minimal_publisher:/home/robot/nav2_ws/install/examples_rclpy_minimal_client:/home/robot/nav2_ws/install/examples_rclpy_minimal_action_server:/home/robot/nav2_ws/install/examples_rclpy_minimal_action_client:/home/robot/nav2_ws/install/examples_rclpy_executors:/opt/ros/foxy /usr/bin/cmake --build /home/robot/nav2_ws/build/hello_world_msgs -- -j32 -l32
[0.379s] Level 1:colcon.colcon_core.environment:create_environment_scripts_only(village_wang)
[0.379s] Level 1:colcon.colcon_core.environment:checking '/home/robot/nav2_ws/install/village_wang' for CMake module files
[0.379s] Level 1:colcon.colcon_core.environment:checking '/home/robot/nav2_ws/install/village_wang' for CMake config files
[0.379s] Level 1:colcon.colcon_core.shell:create_environment_hook('village_wang', 'cmake_prefix_path')
[0.379s] INFO:colcon.colcon_core.shell:Creating environment hook '/home/robot/nav2_ws/install/village_wang/share/village_wang/hook/cmake_prefix_path.ps1'
[0.379s] INFO:colcon.colcon_core.shell:Creating environment descriptor '/home/robot/nav2_ws/install/village_wang/share/village_wang/hook/cmake_prefix_path.dsv'
[0.379s] INFO:colcon.colcon_core.shell:Creating environment hook '/home/robot/nav2_ws/install/village_wang/share/village_wang/hook/cmake_prefix_path.sh'
[0.380s] Level 1:colcon.colcon_core.environment:checking '/home/robot/nav2_ws/install/village_wang/lib'
[0.380s] Level 1:colcon.colcon_core.environment:checking '/home/robot/nav2_ws/install/village_wang/bin'
[0.380s] Level 1:colcon.colcon_core.environment:checking '/home/robot/nav2_ws/install/village_wang/lib/pkgconfig/village_wang.pc'
[0.380s] Level 1:colcon.colcon_core.environment:checking '/home/robot/nav2_ws/install/village_wang/lib/python3.8/site-packages'
[0.380s] Level 1:colcon.colcon_core.environment:checking '/home/robot/nav2_ws/install/village_wang/bin'
[0.380s] INFO:colcon.colcon_core.shell:Creating package script '/home/robot/nav2_ws/install/village_wang/share/village_wang/package.ps1'
[0.380s] INFO:colcon.colcon_core.shell:Creating package descriptor '/home/robot/nav2_ws/install/village_wang/share/village_wang/package.dsv'
[0.380s] INFO:colcon.colcon_core.shell:Creating package script '/home/robot/nav2_ws/install/village_wang/share/village_wang/package.sh'
[0.380s] INFO:colcon.colcon_core.shell:Creating package script '/home/robot/nav2_ws/install/village_wang/share/village_wang/package.bash'
[0.380s] INFO:colcon.colcon_core.shell:Creating package script '/home/robot/nav2_ws/install/village_wang/share/village_wang/package.zsh'
[0.381s] Level 1:colcon.colcon_core.environment:create_file_with_runtime_dependencies(/home/robot/nav2_ws/install/village_wang/share/colcon-core/packages/village_wang)
[0.382s] DEBUG:colcon.colcon_core.event_handler.log_command:Invoking command in '/home/robot/nav2_ws/build/sdk2_user': CMAKE_PREFIX_PATH=/home/robot/nav2_ws/install/unitree_sdk2:/home/robot/nav2_ws/install/village_wang:/home/robot/nav2_ws/install/ros2_socket_sender:/home/robot/nav2_ws/install/hello_world_msgs:/home/robot/nav2_ws/install/h1_sport_sdk:/home/robot/nav2_ws/install/h1_sport:/home/robot/nav2_ws/install/examples_rclcpp_multithreaded_executor:/home/robot/nav2_ws/install/examples_rclcpp_minimal_timer:/home/robot/nav2_ws/install/examples_rclcpp_minimal_subscriber:/home/robot/nav2_ws/install/examples_rclcpp_minimal_service:/home/robot/nav2_ws/install/examples_rclcpp_minimal_publisher:/home/robot/nav2_ws/install/examples_rclcpp_minimal_composition:/home/robot/nav2_ws/install/examples_rclcpp_minimal_client:/home/robot/nav2_ws/install/examples_rclcpp_minimal_action_server:/home/robot/nav2_ws/install/examples_rclcpp_minimal_action_client:/home/robot/nav2_ws/install/car2 LD_LIBRARY_PATH=/home/robot/nav2_ws/install/unitree_sdk2/lib:/home/robot/nav2_ws/install/hello_world_msgs/lib:/home/robot/nav2_ws/install/examples_rclcpp_minimal_composition/lib:/usr/lib/x86_64-linux-gnu/gazebo-11/plugins:/opt/ros/foxy/opt/yaml_cpp_vendor/lib:/opt/ros/foxy/opt/rviz_ogre_vendor/lib:/opt/ros/foxy/lib/x86_64-linux-gnu:/opt/ros/foxy/lib:/usr/local/cuda-11.6/lib64:/usr/local/cuda-11.6/lib64 /usr/bin/cmake --build /home/robot/nav2_ws/build/sdk2_user -- -j32 -l32
[0.398s] DEBUG:colcon.colcon_core.event_handler.log_command:Invoking command in '/home/robot/nav2_ws/build/hello_world_msgs': CMAKE_PREFIX_PATH=${CMAKE_PREFIX_PATH}:/home/robot/nav2_ws/install/examples_rclpy_minimal_subscriber:/home/robot/nav2_ws/install/examples_rclpy_minimal_service:/home/robot/nav2_ws/install/examples_rclpy_minimal_publisher:/home/robot/nav2_ws/install/examples_rclpy_minimal_client:/home/robot/nav2_ws/install/examples_rclpy_minimal_action_server:/home/robot/nav2_ws/install/examples_rclpy_minimal_action_client:/home/robot/nav2_ws/install/examples_rclpy_executors:/opt/ros/foxy /usr/bin/cmake --install /home/robot/nav2_ws/build/hello_world_msgs
[0.407s] DEBUG:colcon.colcon_core.event_handler.log_command:Invoked command in '/home/robot/nav2_ws/build/sdk2_user' returned '0': CMAKE_PREFIX_PATH=/home/robot/nav2_ws/install/unitree_sdk2:/home/robot/nav2_ws/install/village_wang:/home/robot/nav2_ws/install/ros2_socket_sender:/home/robot/nav2_ws/install/hello_world_msgs:/home/robot/nav2_ws/install/h1_sport_sdk:/home/robot/nav2_ws/install/h1_sport:/home/robot/nav2_ws/install/examples_rclcpp_multithreaded_executor:/home/robot/nav2_ws/install/examples_rclcpp_minimal_timer:/home/robot/nav2_ws/install/examples_rclcpp_minimal_subscriber:/home/robot/nav2_ws/install/examples_rclcpp_minimal_service:/home/robot/nav2_ws/install/examples_rclcpp_minimal_publisher:/home/robot/nav2_ws/install/examples_rclcpp_minimal_composition:/home/robot/nav2_ws/install/examples_rclcpp_minimal_client:/home/robot/nav2_ws/install/examples_rclcpp_minimal_action_server:/home/robot/nav2_ws/install/examples_rclcpp_minimal_action_client:/home/robot/nav2_ws/install/car2 LD_LIBRARY_PATH=/home/robot/nav2_ws/install/unitree_sdk2/lib:/home/robot/nav2_ws/install/hello_world_msgs/lib:/home/robot/nav2_ws/install/examples_rclcpp_minimal_composition/lib:/usr/lib/x86_64-linux-gnu/gazebo-11/plugins:/opt/ros/foxy/opt/yaml_cpp_vendor/lib:/opt/ros/foxy/opt/rviz_ogre_vendor/lib:/opt/ros/foxy/lib/x86_64-linux-gnu:/opt/ros/foxy/lib:/usr/local/cuda-11.6/lib64:/usr/local/cuda-11.6/lib64 /usr/bin/cmake --build /home/robot/nav2_ws/build/sdk2_user -- -j32 -l32
[0.417s] WARNING:colcon.colcon_cmake.task.cmake.build:Could not run installation step for package 'sdk2_user' because it has no 'install' target
[0.418s] Level 1:colcon.colcon_core.environment:create_environment_scripts_only(sdk2_user)
[0.418s] Level 1:colcon.colcon_core.environment:checking '/home/robot/nav2_ws/install/sdk2_user' for CMake module files
[0.418s] Level 1:colcon.colcon_core.environment:checking '/home/robot/nav2_ws/install/sdk2_user' for CMake config files
[0.419s] Level 1:colcon.colcon_core.environment:checking '/home/robot/nav2_ws/install/sdk2_user/bin'
[0.419s] Level 1:colcon.colcon_core.environment:checking '/home/robot/nav2_ws/install/sdk2_user/lib/pkgconfig/sdk2_user.pc'
[0.419s] Level 1:colcon.colcon_core.environment:checking '/home/robot/nav2_ws/install/sdk2_user/lib/python3.8/site-packages'
[0.419s] Level 1:colcon.colcon_core.environment:checking '/home/robot/nav2_ws/install/sdk2_user/bin'
[0.419s] INFO:colcon.colcon_core.shell:Creating package script '/home/robot/nav2_ws/install/sdk2_user/share/sdk2_user/package.ps1'
[0.419s] INFO:colcon.colcon_core.shell:Creating package descriptor '/home/robot/nav2_ws/install/sdk2_user/share/sdk2_user/package.dsv'
[0.420s] INFO:colcon.colcon_core.shell:Creating package script '/home/robot/nav2_ws/install/sdk2_user/share/sdk2_user/package.sh'
[0.420s] INFO:colcon.colcon_core.shell:Creating package script '/home/robot/nav2_ws/install/sdk2_user/share/sdk2_user/package.bash'
[0.420s] INFO:colcon.colcon_core.shell:Creating package script '/home/robot/nav2_ws/install/sdk2_user/share/sdk2_user/package.zsh'
[0.420s] Level 1:colcon.colcon_core.environment:create_file_with_runtime_dependencies(/home/robot/nav2_ws/install/sdk2_user/share/colcon-core/packages/sdk2_user)
[0.424s] Level 1:colcon.colcon_core.environment:create_environment_scripts_only(hello_world_msgs)
[0.424s] Level 1:colcon.colcon_core.environment:checking '/home/robot/nav2_ws/install/hello_world_msgs' for CMake module files
[0.425s] DEBUG:colcon.colcon_core.event_handler.log_command:Invoked command in '/home/robot/nav2_ws/build/hello_world_msgs' returned '0': CMAKE_PREFIX_PATH=${CMAKE_PREFIX_PATH}:/home/robot/nav2_ws/install/examples_rclpy_minimal_subscriber:/home/robot/nav2_ws/install/examples_rclpy_minimal_service:/home/robot/nav2_ws/install/examples_rclpy_minimal_publisher:/home/robot/nav2_ws/install/examples_rclpy_minimal_client:/home/robot/nav2_ws/install/examples_rclpy_minimal_action_server:/home/robot/nav2_ws/install/examples_rclpy_minimal_action_client:/home/robot/nav2_ws/install/examples_rclpy_executors:/opt/ros/foxy /usr/bin/cmake --install /home/robot/nav2_ws/build/hello_world_msgs
[0.425s] Level 1:colcon.colcon_core.environment:checking '/home/robot/nav2_ws/install/hello_world_msgs' for CMake config files
[0.425s] Level 1:colcon.colcon_core.shell:create_environment_hook('hello_world_msgs', 'cmake_prefix_path')
[0.426s] INFO:colcon.colcon_core.shell:Creating environment hook '/home/robot/nav2_ws/install/hello_world_msgs/share/hello_world_msgs/hook/cmake_prefix_path.ps1'
[0.426s] INFO:colcon.colcon_core.shell:Creating environment descriptor '/home/robot/nav2_ws/install/hello_world_msgs/share/hello_world_msgs/hook/cmake_prefix_path.dsv'
[0.426s] INFO:colcon.colcon_core.shell:Creating environment hook '/home/robot/nav2_ws/install/hello_world_msgs/share/hello_world_msgs/hook/cmake_prefix_path.sh'
[0.426s] Level 1:colcon.colcon_core.environment:checking '/home/robot/nav2_ws/install/hello_world_msgs/lib'
[0.426s] Level 1:colcon.colcon_core.shell:create_environment_hook('hello_world_msgs', 'ld_library_path_lib')
[0.427s] INFO:colcon.colcon_core.shell:Creating environment hook '/home/robot/nav2_ws/install/hello_world_msgs/share/hello_world_msgs/hook/ld_library_path_lib.ps1'
[0.427s] INFO:colcon.colcon_core.shell:Creating environment descriptor '/home/robot/nav2_ws/install/hello_world_msgs/share/hello_world_msgs/hook/ld_library_path_lib.dsv'
[0.427s] INFO:colcon.colcon_core.shell:Creating environment hook '/home/robot/nav2_ws/install/hello_world_msgs/share/hello_world_msgs/hook/ld_library_path_lib.sh'
[0.427s] Level 1:colcon.colcon_core.environment:checking '/home/robot/nav2_ws/install/hello_world_msgs/bin'
[0.427s] Level 1:colcon.colcon_core.environment:checking '/home/robot/nav2_ws/install/hello_world_msgs/lib/pkgconfig/hello_world_msgs.pc'
[0.427s] Level 1:colcon.colcon_core.environment:checking '/home/robot/nav2_ws/install/hello_world_msgs/lib/python3.8/site-packages'
[0.427s] Level 1:colcon.colcon_core.shell:create_environment_hook('hello_world_msgs', 'pythonpath')
[0.428s] INFO:colcon.colcon_core.shell:Creating environment hook '/home/robot/nav2_ws/install/hello_world_msgs/share/hello_world_msgs/hook/pythonpath.ps1'
[0.428s] INFO:colcon.colcon_core.shell:Creating environment descriptor '/home/robot/nav2_ws/install/hello_world_msgs/share/hello_world_msgs/hook/pythonpath.dsv'
[0.428s] INFO:colcon.colcon_core.shell:Creating environment hook '/home/robot/nav2_ws/install/hello_world_msgs/share/hello_world_msgs/hook/pythonpath.sh'
[0.428s] Level 1:colcon.colcon_core.environment:checking '/home/robot/nav2_ws/install/hello_world_msgs/bin'
[0.429s] INFO:colcon.colcon_core.shell:Creating package script '/home/robot/nav2_ws/install/hello_world_msgs/share/hello_world_msgs/package.ps1'
[0.429s] INFO:colcon.colcon_core.shell:Creating package descriptor '/home/robot/nav2_ws/install/hello_world_msgs/share/hello_world_msgs/package.dsv'
[0.429s] INFO:colcon.colcon_core.shell:Creating package script '/home/robot/nav2_ws/install/hello_world_msgs/share/hello_world_msgs/package.sh'
[0.429s] INFO:colcon.colcon_core.shell:Creating package script '/home/robot/nav2_ws/install/hello_world_msgs/share/hello_world_msgs/package.bash'
[0.430s] INFO:colcon.colcon_core.shell:Creating package script '/home/robot/nav2_ws/install/hello_world_msgs/share/hello_world_msgs/package.zsh'
[0.430s] Level 1:colcon.colcon_core.environment:create_file_with_runtime_dependencies(/home/robot/nav2_ws/install/hello_world_msgs/share/colcon-core/packages/hello_world_msgs)
[0.450s] Level 1:colcon.colcon_core.environment:create_environment_scripts_only(hello_world_msgs)
[0.450s] Level 1:colcon.colcon_core.environment:checking '/home/robot/nav2_ws/install/hello_world_msgs' for CMake module files
[0.451s] Level 1:colcon.colcon_core.environment:checking '/home/robot/nav2_ws/install/hello_world_msgs' for CMake config files
[0.451s] Level 1:colcon.colcon_core.shell:create_environment_hook('hello_world_msgs', 'cmake_prefix_path')
[0.451s] INFO:colcon.colcon_core.shell:Creating environment hook '/home/robot/nav2_ws/install/hello_world_msgs/share/hello_world_msgs/hook/cmake_prefix_path.ps1'
[0.452s] INFO:colcon.colcon_core.shell:Creating environment descriptor '/home/robot/nav2_ws/install/hello_world_msgs/share/hello_world_msgs/hook/cmake_prefix_path.dsv'
[0.452s] INFO:colcon.colcon_core.shell:Creating environment hook '/home/robot/nav2_ws/install/hello_world_msgs/share/hello_world_msgs/hook/cmake_prefix_path.sh'
[0.452s] Level 1:colcon.colcon_core.environment:checking '/home/robot/nav2_ws/install/hello_world_msgs/lib'
[0.452s] Level 1:colcon.colcon_core.shell:create_environment_hook('hello_world_msgs', 'ld_library_path_lib')
[0.452s] INFO:colcon.colcon_core.shell:Creating environment hook '/home/robot/nav2_ws/install/hello_world_msgs/share/hello_world_msgs/hook/ld_library_path_lib.ps1'
[0.452s] INFO:colcon.colcon_core.shell:Creating environment descriptor '/home/robot/nav2_ws/install/hello_world_msgs/share/hello_world_msgs/hook/ld_library_path_lib.dsv'
[0.452s] INFO:colcon.colcon_core.shell:Creating environment hook '/home/robot/nav2_ws/install/hello_world_msgs/share/hello_world_msgs/hook/ld_library_path_lib.sh'
[0.452s] Level 1:colcon.colcon_core.environment:checking '/home/robot/nav2_ws/install/hello_world_msgs/bin'
[0.452s] Level 1:colcon.colcon_core.environment:checking '/home/robot/nav2_ws/install/hello_world_msgs/lib/pkgconfig/hello_world_msgs.pc'
[0.452s] Level 1:colcon.colcon_core.environment:checking '/home/robot/nav2_ws/install/hello_world_msgs/lib/python3.8/site-packages'
[0.453s] Level 1:colcon.colcon_core.shell:create_environment_hook('hello_world_msgs', 'pythonpath')
[0.453s] INFO:colcon.colcon_core.shell:Creating environment hook '/home/robot/nav2_ws/install/hello_world_msgs/share/hello_world_msgs/hook/pythonpath.ps1'
[0.453s] INFO:colcon.colcon_core.shell:Creating environment descriptor '/home/robot/nav2_ws/install/hello_world_msgs/share/hello_world_msgs/hook/pythonpath.dsv'
[0.453s] INFO:colcon.colcon_core.shell:Creating environment hook '/home/robot/nav2_ws/install/hello_world_msgs/share/hello_world_msgs/hook/pythonpath.sh'
[0.453s] Level 1:colcon.colcon_core.environment:checking '/home/robot/nav2_ws/install/hello_world_msgs/bin'
[0.453s] INFO:colcon.colcon_core.shell:Creating package script '/home/robot/nav2_ws/install/hello_world_msgs/share/hello_world_msgs/package.ps1'
[0.453s] INFO:colcon.colcon_core.shell:Creating package descriptor '/home/robot/nav2_ws/install/hello_world_msgs/share/hello_world_msgs/package.dsv'
[0.453s] INFO:colcon.colcon_core.shell:Creating package script '/home/robot/nav2_ws/install/hello_world_msgs/share/hello_world_msgs/package.sh'
[0.454s] INFO:colcon.colcon_core.shell:Creating package script '/home/robot/nav2_ws/install/hello_world_msgs/share/hello_world_msgs/package.bash'
[0.454s] INFO:colcon.colcon_core.shell:Creating package script '/home/robot/nav2_ws/install/hello_world_msgs/share/hello_world_msgs/package.zsh'
[0.454s] Level 1:colcon.colcon_core.environment:create_file_with_runtime_dependencies(/home/robot/nav2_ws/install/hello_world_msgs/share/colcon-core/packages/hello_world_msgs)
[2.243s] DEBUG:colcon.colcon_core.event_handler.log_command:Invoked command in '/home/robot/nav2_ws/build/ros2_socket_sender' returned '0': CMAKE_PREFIX_PATH=${CMAKE_PREFIX_PATH}:/home/robot/nav2_ws/install/examples_rclpy_minimal_subscriber:/home/robot/nav2_ws/install/examples_rclpy_minimal_service:/home/robot/nav2_ws/install/examples_rclpy_minimal_publisher:/home/robot/nav2_ws/install/examples_rclpy_minimal_client:/home/robot/nav2_ws/install/examples_rclpy_minimal_action_server:/home/robot/nav2_ws/install/examples_rclpy_minimal_action_client:/home/robot/nav2_ws/install/examples_rclpy_executors:/opt/ros/foxy /usr/bin/cmake --build /home/robot/nav2_ws/build/ros2_socket_sender -- -j32 -l32
[2.254s] DEBUG:colcon.colcon_core.event_handler.log_command:Invoking command in '/home/robot/nav2_ws/build/ros2_socket_sender': CMAKE_PREFIX_PATH=${CMAKE_PREFIX_PATH}:/home/robot/nav2_ws/install/examples_rclpy_minimal_subscriber:/home/robot/nav2_ws/install/examples_rclpy_minimal_service:/home/robot/nav2_ws/install/examples_rclpy_minimal_publisher:/home/robot/nav2_ws/install/examples_rclpy_minimal_client:/home/robot/nav2_ws/install/examples_rclpy_minimal_action_server:/home/robot/nav2_ws/install/examples_rclpy_minimal_action_client:/home/robot/nav2_ws/install/examples_rclpy_executors:/opt/ros/foxy /usr/bin/cmake --install /home/robot/nav2_ws/build/ros2_socket_sender
[2.264s] Level 1:colcon.colcon_core.environment:create_environment_scripts_only(ros2_socket_sender)
[2.265s] Level 1:colcon.colcon_core.environment:checking '/home/robot/nav2_ws/install/ros2_socket_sender' for CMake module files
[2.266s] Level 1:colcon.colcon_core.environment:checking '/home/robot/nav2_ws/install/ros2_socket_sender' for CMake config files
[2.266s] DEBUG:colcon.colcon_core.event_handler.log_command:Invoked command in '/home/robot/nav2_ws/build/ros2_socket_sender' returned '0': CMAKE_PREFIX_PATH=${CMAKE_PREFIX_PATH}:/home/robot/nav2_ws/install/examples_rclpy_minimal_subscriber:/home/robot/nav2_ws/install/examples_rclpy_minimal_service:/home/robot/nav2_ws/install/examples_rclpy_minimal_publisher:/home/robot/nav2_ws/install/examples_rclpy_minimal_client:/home/robot/nav2_ws/install/examples_rclpy_minimal_action_server:/home/robot/nav2_ws/install/examples_rclpy_minimal_action_client:/home/robot/nav2_ws/install/examples_rclpy_executors:/opt/ros/foxy /usr/bin/cmake --install /home/robot/nav2_ws/build/ros2_socket_sender
[2.266s] Level 1:colcon.colcon_core.shell:create_environment_hook('ros2_socket_sender', 'cmake_prefix_path')
[2.267s] INFO:colcon.colcon_core.shell:Creating environment hook '/home/robot/nav2_ws/install/ros2_socket_sender/share/ros2_socket_sender/hook/cmake_prefix_path.ps1'
[2.267s] INFO:colcon.colcon_core.shell:Creating environment descriptor '/home/robot/nav2_ws/install/ros2_socket_sender/share/ros2_socket_sender/hook/cmake_prefix_path.dsv'
[2.268s] INFO:colcon.colcon_core.shell:Creating environment hook '/home/robot/nav2_ws/install/ros2_socket_sender/share/ros2_socket_sender/hook/cmake_prefix_path.sh'
[2.268s] Level 1:colcon.colcon_core.environment:checking '/home/robot/nav2_ws/install/ros2_socket_sender/lib'
[2.268s] Level 1:colcon.colcon_core.environment:checking '/home/robot/nav2_ws/install/ros2_socket_sender/bin'
[2.268s] Level 1:colcon.colcon_core.environment:checking '/home/robot/nav2_ws/install/ros2_socket_sender/lib/pkgconfig/ros2_socket_sender.pc'
[2.268s] Level 1:colcon.colcon_core.environment:checking '/home/robot/nav2_ws/install/ros2_socket_sender/lib/python3.8/site-packages'
[2.268s] Level 1:colcon.colcon_core.environment:checking '/home/robot/nav2_ws/install/ros2_socket_sender/bin'
[2.269s] INFO:colcon.colcon_core.shell:Creating package script '/home/robot/nav2_ws/install/ros2_socket_sender/share/ros2_socket_sender/package.ps1'
[2.269s] INFO:colcon.colcon_core.shell:Creating package descriptor '/home/robot/nav2_ws/install/ros2_socket_sender/share/ros2_socket_sender/package.dsv'
[2.269s] INFO:colcon.colcon_core.shell:Creating package script '/home/robot/nav2_ws/install/ros2_socket_sender/share/ros2_socket_sender/package.sh'
[2.269s] INFO:colcon.colcon_core.shell:Creating package script '/home/robot/nav2_ws/install/ros2_socket_sender/share/ros2_socket_sender/package.bash'
[2.269s] INFO:colcon.colcon_core.shell:Creating package script '/home/robot/nav2_ws/install/ros2_socket_sender/share/ros2_socket_sender/package.zsh'
[2.270s] Level 1:colcon.colcon_core.environment:create_file_with_runtime_dependencies(/home/robot/nav2_ws/install/ros2_socket_sender/share/colcon-core/packages/ros2_socket_sender)
[2.290s] Level 1:colcon.colcon_core.environment:create_environment_scripts_only(ros2_socket_sender)
[2.290s] Level 1:colcon.colcon_core.environment:checking '/home/robot/nav2_ws/install/ros2_socket_sender' for CMake module files
[2.291s] Level 1:colcon.colcon_core.environment:checking '/home/robot/nav2_ws/install/ros2_socket_sender' for CMake config files
[2.291s] Level 1:colcon.colcon_core.shell:create_environment_hook('ros2_socket_sender', 'cmake_prefix_path')
[2.291s] INFO:colcon.colcon_core.shell:Creating environment hook '/home/robot/nav2_ws/install/ros2_socket_sender/share/ros2_socket_sender/hook/cmake_prefix_path.ps1'
[2.292s] INFO:colcon.colcon_core.shell:Creating environment descriptor '/home/robot/nav2_ws/install/ros2_socket_sender/share/ros2_socket_sender/hook/cmake_prefix_path.dsv'
[2.292s] INFO:colcon.colcon_core.shell:Creating environment hook '/home/robot/nav2_ws/install/ros2_socket_sender/share/ros2_socket_sender/hook/cmake_prefix_path.sh'
[2.293s] Level 1:colcon.colcon_core.environment:checking '/home/robot/nav2_ws/install/ros2_socket_sender/lib'
[2.293s] Level 1:colcon.colcon_core.environment:checking '/home/robot/nav2_ws/install/ros2_socket_sender/bin'
[2.293s] Level 1:colcon.colcon_core.environment:checking '/home/robot/nav2_ws/install/ros2_socket_sender/lib/pkgconfig/ros2_socket_sender.pc'
[2.293s] Level 1:colcon.colcon_core.environment:checking '/home/robot/nav2_ws/install/ros2_socket_sender/lib/python3.8/site-packages'
[2.293s] Level 1:colcon.colcon_core.environment:checking '/home/robot/nav2_ws/install/ros2_socket_sender/bin'
[2.294s] INFO:colcon.colcon_core.shell:Creating package script '/home/robot/nav2_ws/install/ros2_socket_sender/share/ros2_socket_sender/package.ps1'
[2.294s] INFO:colcon.colcon_core.shell:Creating package descriptor '/home/robot/nav2_ws/install/ros2_socket_sender/share/ros2_socket_sender/package.dsv'
[2.295s] INFO:colcon.colcon_core.shell:Creating package script '/home/robot/nav2_ws/install/ros2_socket_sender/share/ros2_socket_sender/package.sh'
[2.295s] INFO:colcon.colcon_core.shell:Creating package script '/home/robot/nav2_ws/install/ros2_socket_sender/share/ros2_socket_sender/package.bash'
[2.296s] INFO:colcon.colcon_core.shell:Creating package script '/home/robot/nav2_ws/install/ros2_socket_sender/share/ros2_socket_sender/package.zsh'
[2.296s] Level 1:colcon.colcon_core.environment:create_file_with_runtime_dependencies(/home/robot/nav2_ws/install/ros2_socket_sender/share/colcon-core/packages/ros2_socket_sender)
[2.297s] DEBUG:colcon.colcon_parallel_executor.executor.parallel:closing loop
[2.297s] DEBUG:colcon.colcon_parallel_executor.executor.parallel:loop closed
[2.297s] DEBUG:colcon.colcon_parallel_executor.executor.parallel:run_until_complete finished with '0'
[2.297s] DEBUG:colcon.colcon_core.event_reactor:joining thread
[2.316s] INFO:colcon.colcon_core.plugin_system:Skipping extension 'colcon_notification.desktop_notification.terminal_notifier': Not used on non-Darwin systems
[2.316s] INFO:colcon.colcon_core.plugin_system:Skipping extension 'colcon_notification.desktop_notification.win32': Not used on non-Windows systems
[2.317s] INFO:colcon.colcon_notification.desktop_notification:Sending desktop notification using 'notify2'
[2.328s] DEBUG:colcon.colcon_core.event_reactor:joined thread
[2.329s] INFO:colcon.colcon_core.shell:Creating prefix script '/home/robot/nav2_ws/install/local_setup.ps1'
[2.329s] INFO:colcon.colcon_core.shell:Creating prefix util module '/home/robot/nav2_ws/install/_local_setup_util_ps1.py'
[2.329s] INFO:colcon.colcon_core.shell:Creating prefix chain script '/home/robot/nav2_ws/install/setup.ps1'
[2.330s] INFO:colcon.colcon_core.shell:Creating prefix script '/home/robot/nav2_ws/install/local_setup.sh'
[2.330s] INFO:colcon.colcon_core.shell:Creating prefix util module '/home/robot/nav2_ws/install/_local_setup_util_sh.py'
[2.330s] INFO:colcon.colcon_core.shell:Creating prefix chain script '/home/robot/nav2_ws/install/setup.sh'
[2.331s] INFO:colcon.colcon_core.shell:Creating prefix script '/home/robot/nav2_ws/install/local_setup.bash'
[2.331s] INFO:colcon.colcon_core.shell:Creating prefix chain script '/home/robot/nav2_ws/install/setup.bash'
[2.332s] INFO:colcon.colcon_core.shell:Creating prefix script '/home/robot/nav2_ws/install/local_setup.zsh'
[2.332s] INFO:colcon.colcon_core.shell:Creating prefix chain script '/home/robot/nav2_ws/install/setup.zsh'
