[  1%] [32mBuilding CXX object example/helloworld/CMakeFiles/chen_test_subscriber.dir/test_subscriber.cpp.o[0m
[  4%] Built target test_jsonize
[  8%] Built target go2_robot_state_client
[ 12%] Built target test_subscriber
[ 17%] Built target test_publisher
[ 20%] Built target go2_video_client
[ 24%] Built target go2_sport_client
[ 32%] Built target g1_23dof_ankle_track
[ 32%] Built target advanced_gamepad
[ 33%] Built target b2_stand_example
[ 37%] Built target b2_sport_client
[ 40%] Built target h1_low_level_example
[ 43%] Built target go2_trajectory_follow
[ 46%] Built target h1_arm_sdk_dds_example
[ 50%] Built target go2_low_level
[ 53%] Built target go2_stand_example
[ 56%] Built target h1_2_ankle_track
[ 59%] Built target h1_27dof_example
[ 62%] Built target state_machine_example
[ 66%] Built target g1_arm5_sdk_dds_example
[ 69%] Built target h1_2_arm_sdk_dds_example
[ 72%] Built target g1_dual_arm_example
[ 79%] Built target g1_29dof_example
[ 79%] Built target g1_23dof_example
[ 87%] Built target h1_loco_client
[ 87%] Built target g1_arm7_sdk_dds_example
[ 88%] Built target go2_vui_client
[ 91%] Built target g1_loco_client
[ 95%] Built target go2w_stand_example
[ 98%] Built target go2w_sport_client
