running egg_info
creating ../../../../../build/examples_rclpy_minimal_publisher/examples_rclpy_minimal_publisher.egg-info
writing manifest file '../../../../../build/examples_rclpy_minimal_publisher/examples_rclpy_minimal_publisher.egg-info/SOURCES.txt'
writing manifest file '../../../../../build/examples_rclpy_minimal_publisher/examples_rclpy_minimal_publisher.egg-info/SOURCES.txt'
running build
running build_py
creating /home/robot/nav2_ws/build/examples_rclpy_minimal_publisher/build
creating /home/robot/nav2_ws/build/examples_rclpy_minimal_publisher/build/lib
creating /home/robot/nav2_ws/build/examples_rclpy_minimal_publisher/build/lib/examples_rclpy_minimal_publisher
copying examples_rclpy_minimal_publisher/publisher_local_function.py -> /home/robot/nav2_ws/build/examples_rclpy_minimal_publisher/build/lib/examples_rclpy_minimal_publisher
copying examples_rclpy_minimal_publisher/__init__.py -> /home/robot/nav2_ws/build/examples_rclpy_minimal_publisher/build/lib/examples_rclpy_minimal_publisher
copying examples_rclpy_minimal_publisher/publisher_old_school.py -> /home/robot/nav2_ws/build/examples_rclpy_minimal_publisher/build/lib/examples_rclpy_minimal_publisher
copying examples_rclpy_minimal_publisher/publisher_member_function.py -> /home/robot/nav2_ws/build/examples_rclpy_minimal_publisher/build/lib/examples_rclpy_minimal_publisher
running install
running install_lib
creating /home/robot/nav2_ws/install/examples_rclpy_minimal_publisher/lib/python3.8/site-packages/examples_rclpy_minimal_publisher
byte-compiling /home/robot/nav2_ws/install/examples_rclpy_minimal_publisher/lib/python3.8/site-packages/examples_rclpy_minimal_publisher/publisher_local_function.py to publisher_local_function.cpython-38.pyc
byte-compiling /home/robot/nav2_ws/install/examples_rclpy_minimal_publisher/lib/python3.8/site-packages/examples_rclpy_minimal_publisher/__init__.py to __init__.cpython-38.pyc
byte-compiling /home/robot/nav2_ws/install/examples_rclpy_minimal_publisher/lib/python3.8/site-packages/examples_rclpy_minimal_publisher/publisher_old_school.py to publisher_old_school.cpython-38.pyc
byte-compiling /home/robot/nav2_ws/install/examples_rclpy_minimal_publisher/lib/python3.8/site-packages/examples_rclpy_minimal_publisher/publisher_member_function.py to publisher_member_function.cpython-38.pyc
running install_data
creating /home/robot/nav2_ws/install/examples_rclpy_minimal_publisher/share/ament_index
creating /home/robot/nav2_ws/install/examples_rclpy_minimal_publisher/share/ament_index/resource_index
creating /home/robot/nav2_ws/install/examples_rclpy_minimal_publisher/share/ament_index/resource_index/packages
copying resource/examples_rclpy_minimal_publisher -> /home/robot/nav2_ws/install/examples_rclpy_minimal_publisher/share/ament_index/resource_index/packages
copying package.xml -> /home/robot/nav2_ws/install/examples_rclpy_minimal_publisher/share/examples_rclpy_minimal_publisher
running install_egg_info
Copying ../../../../../build/examples_rclpy_minimal_publisher/examples_rclpy_minimal_publisher.egg-info to /home/robot/nav2_ws/install/examples_rclpy_minimal_publisher/lib/python3.8/site-packages/examples_rclpy_minimal_publisher-0.9.4-py3.8.egg-info
running install_scripts
writing list of installed files to '/home/robot/nav2_ws/build/examples_rclpy_minimal_publisher/install.log'
