[1.206s] Invoking command in '/home/robot/nav2_ws/src/examples/rclpy/topics/minimal_publisher': PYTHONPATH=/home/robot/nav2_ws/build/examples_rclpy_minimal_publisher/prefix_override:/home/robot/nav2_ws/install/examples_rclpy_minimal_publisher/lib/python3.8/site-packages:${PYTHONPATH} /usr/bin/python3 -W ignore:setup.py install is deprecated setup.py egg_info --egg-base ../../../../../build/examples_rclpy_minimal_publisher build --build-base /home/robot/nav2_ws/build/examples_rclpy_minimal_publisher/build install --record /home/robot/nav2_ws/build/examples_rclpy_minimal_publisher/install.log --install-scripts $base/lib/examples_rclpy_minimal_publisher --single-version-externally-managed install_data
[1.354s] /home/robot/.local/lib/python3.8/site-packages/setuptools/dist.py:723: UserWarning: Usage of dash-separated 'script-dir' will not be supported in future versions. Please use the underscore name 'script_dir' instead
[1.354s]   warnings.warn(
[1.372s] running egg_info
[1.373s] creating ../../../../../build/examples_rclpy_minimal_publisher/examples_rclpy_minimal_publisher.egg-info
[1.374s] writing manifest file '../../../../../build/examples_rclpy_minimal_publisher/examples_rclpy_minimal_publisher.egg-info/SOURCES.txt'
[1.376s] writing manifest file '../../../../../build/examples_rclpy_minimal_publisher/examples_rclpy_minimal_publisher.egg-info/SOURCES.txt'
[1.376s] running build
[1.376s] running build_py
[1.376s] creating /home/robot/nav2_ws/build/examples_rclpy_minimal_publisher/build
[1.376s] creating /home/robot/nav2_ws/build/examples_rclpy_minimal_publisher/build/lib
[1.376s] creating /home/robot/nav2_ws/build/examples_rclpy_minimal_publisher/build/lib/examples_rclpy_minimal_publisher
[1.376s] copying examples_rclpy_minimal_publisher/publisher_local_function.py -> /home/robot/nav2_ws/build/examples_rclpy_minimal_publisher/build/lib/examples_rclpy_minimal_publisher
[1.376s] copying examples_rclpy_minimal_publisher/__init__.py -> /home/robot/nav2_ws/build/examples_rclpy_minimal_publisher/build/lib/examples_rclpy_minimal_publisher
[1.376s] copying examples_rclpy_minimal_publisher/publisher_old_school.py -> /home/robot/nav2_ws/build/examples_rclpy_minimal_publisher/build/lib/examples_rclpy_minimal_publisher
[1.376s] copying examples_rclpy_minimal_publisher/publisher_member_function.py -> /home/robot/nav2_ws/build/examples_rclpy_minimal_publisher/build/lib/examples_rclpy_minimal_publisher
[1.376s] running install
[1.378s] running install_lib
[1.378s] creating /home/robot/nav2_ws/install/examples_rclpy_minimal_publisher/lib/python3.8/site-packages/examples_rclpy_minimal_publisher
[1.378s] byte-compiling /home/robot/nav2_ws/install/examples_rclpy_minimal_publisher/lib/python3.8/site-packages/examples_rclpy_minimal_publisher/publisher_local_function.py to publisher_local_function.cpython-38.pyc
[1.379s] byte-compiling /home/robot/nav2_ws/install/examples_rclpy_minimal_publisher/lib/python3.8/site-packages/examples_rclpy_minimal_publisher/__init__.py to __init__.cpython-38.pyc
[1.379s] byte-compiling /home/robot/nav2_ws/install/examples_rclpy_minimal_publisher/lib/python3.8/site-packages/examples_rclpy_minimal_publisher/publisher_old_school.py to publisher_old_school.cpython-38.pyc
[1.379s] byte-compiling /home/robot/nav2_ws/install/examples_rclpy_minimal_publisher/lib/python3.8/site-packages/examples_rclpy_minimal_publisher/publisher_member_function.py to publisher_member_function.cpython-38.pyc
[1.379s] running install_data
[1.379s] creating /home/robot/nav2_ws/install/examples_rclpy_minimal_publisher/share/ament_index
[1.379s] creating /home/robot/nav2_ws/install/examples_rclpy_minimal_publisher/share/ament_index/resource_index
[1.379s] creating /home/robot/nav2_ws/install/examples_rclpy_minimal_publisher/share/ament_index/resource_index/packages
[1.379s] copying resource/examples_rclpy_minimal_publisher -> /home/robot/nav2_ws/install/examples_rclpy_minimal_publisher/share/ament_index/resource_index/packages
[1.380s] copying package.xml -> /home/robot/nav2_ws/install/examples_rclpy_minimal_publisher/share/examples_rclpy_minimal_publisher
[1.380s] running install_egg_info
[1.380s] Copying ../../../../../build/examples_rclpy_minimal_publisher/examples_rclpy_minimal_publisher.egg-info to /home/robot/nav2_ws/install/examples_rclpy_minimal_publisher/lib/python3.8/site-packages/examples_rclpy_minimal_publisher-0.9.4-py3.8.egg-info
[1.381s] running install_scripts
[1.393s] writing list of installed files to '/home/robot/nav2_ws/build/examples_rclpy_minimal_publisher/install.log'
[1.416s] Invoked command in '/home/robot/nav2_ws/src/examples/rclpy/topics/minimal_publisher' returned '0': PYTHONPATH=/home/robot/nav2_ws/build/examples_rclpy_minimal_publisher/prefix_override:/home/robot/nav2_ws/install/examples_rclpy_minimal_publisher/lib/python3.8/site-packages:${PYTHONPATH} /usr/bin/python3 -W ignore:setup.py install is deprecated setup.py egg_info --egg-base ../../../../../build/examples_rclpy_minimal_publisher build --build-base /home/robot/nav2_ws/build/examples_rclpy_minimal_publisher/build install --record /home/robot/nav2_ws/build/examples_rclpy_minimal_publisher/install.log --install-scripts $base/lib/examples_rclpy_minimal_publisher --single-version-externally-managed install_data
