[0.008s] Invoking command in '/home/robot/nav2_ws/build/h1_sport_sdk': CMAKE_PREFIX_PATH=/opt/ros/foxy /usr/bin/cmake /home/robot/nav2_ws/src/h1_sport_sdk -DCMAKE_INSTALL_PREFIX=/home/robot/nav2_ws/install/h1_sport_sdk
[0.014s] -- Found ament_cmake: 0.9.12 (/opt/ros/foxy/share/ament_cmake/cmake)
[0.024s] -- Using PYTHON_EXECUTABLE: /usr/bin/python3
[0.108s] -- Found rclcpp: 2.4.3 (/opt/ros/foxy/share/rclcpp/cmake)
[0.123s] -- Using all available rosidl_typesupport_c: rosidl_typesupport_fastrtps_c;rosidl_typesupport_introspection_c
[0.125s] -- Found rosidl_adapter: 1.3.1 (/opt/ros/foxy/share/rosidl_adapter/cmake)
[0.177s] -- Using all available rosidl_typesupport_cpp: rosidl_typesupport_fastrtps_cpp;rosidl_typesupport_introspection_cpp
[0.199s] -- Found rmw_implementation_cmake: 1.0.4 (/opt/ros/foxy/share/rmw_implementation_cmake/cmake)
[0.199s] -- Using RMW implementation 'rmw_fastrtps_cpp' as default
[0.266s] CMake Error at CMakeLists.txt:25 (find_package):
[0.266s]   By not providing "Findunitree_api.cmake" in CMAKE_MODULE_PATH this project
[0.266s]   has asked CMake to find a package configuration file provided by
[0.266s]   "unitree_api", but CMake did not find one.
[0.266s] 
[0.266s]   Could not find a package configuration file provided by "unitree_api" with
[0.266s]   any of the following names:
[0.266s] 
[0.266s]     unitree_apiConfig.cmake
[0.267s]     unitree_api-config.cmake
[0.267s] 
[0.267s]   Add the installation prefix of "unitree_api" to CMAKE_PREFIX_PATH or set
[0.267s]   "unitree_api_DIR" to a directory containing one of the above files.  If
[0.267s]   "unitree_api" provides a separate development package or SDK, be sure it
[0.267s]   has been installed.
[0.267s] 
[0.267s] 
[0.267s] -- Configuring incomplete, errors occurred!
[0.267s] See also "/home/robot/nav2_ws/build/h1_sport_sdk/CMakeFiles/CMakeOutput.log".
[0.267s] See also "/home/robot/nav2_ws/build/h1_sport_sdk/CMakeFiles/CMakeError.log".
[0.270s] Invoked command in '/home/robot/nav2_ws/build/h1_sport_sdk' returned '1': CMAKE_PREFIX_PATH=/opt/ros/foxy /usr/bin/cmake /home/robot/nav2_ws/src/h1_sport_sdk -DCMAKE_INSTALL_PREFIX=/home/robot/nav2_ws/install/h1_sport_sdk
