[0.005s] Invoking command in '/home/robot/nav2_ws/build/h1_sport': CMAKE_PREFIX_PATH=/opt/ros/foxy /usr/bin/cmake --build /home/robot/nav2_ws/build/h1_sport -- -j32 -l32
[0.021s] [35m[1mScanning dependencies of target demo[0m
[0.025s] [ 50%] [32mBuilding CXX object CMakeFiles/demo.dir/src/demo.cpp.o[0m
[0.631s] [100%] [32m[1mLinking CXX executable demo[0m
[0.668s] [100%] Built target demo
[0.673s] Invoked command in '/home/robot/nav2_ws/build/h1_sport' returned '0': CMAKE_PREFIX_PATH=/opt/ros/foxy /usr/bin/cmake --build /home/robot/nav2_ws/build/h1_sport -- -j32 -l32
[0.688s] Invoking command in '/home/robot/nav2_ws/build/h1_sport': CMAKE_PREFIX_PATH=/opt/ros/foxy /usr/bin/cmake --install /home/robot/nav2_ws/build/h1_sport
[0.693s] -- Install configuration: ""
[0.693s] -- Up-to-date: /home/robot/nav2_ws/install/h1_sport/share/ament_index/resource_index/package_run_dependencies/h1_sport
[0.693s] -- Installing: /home/robot/nav2_ws/install/h1_sport/share/ament_index/resource_index/parent_prefix_path/h1_sport
[0.693s] -- Up-to-date: /home/robot/nav2_ws/install/h1_sport/share/h1_sport/environment/ament_prefix_path.sh
[0.693s] -- Installing: /home/robot/nav2_ws/install/h1_sport/share/h1_sport/environment/ament_prefix_path.dsv
[0.693s] -- Up-to-date: /home/robot/nav2_ws/install/h1_sport/share/h1_sport/environment/path.sh
[0.693s] -- Installing: /home/robot/nav2_ws/install/h1_sport/share/h1_sport/environment/path.dsv
[0.693s] -- Up-to-date: /home/robot/nav2_ws/install/h1_sport/share/h1_sport/local_setup.bash
[0.693s] -- Up-to-date: /home/robot/nav2_ws/install/h1_sport/share/h1_sport/local_setup.sh
[0.693s] -- Up-to-date: /home/robot/nav2_ws/install/h1_sport/share/h1_sport/local_setup.zsh
[0.693s] -- Installing: /home/robot/nav2_ws/install/h1_sport/share/h1_sport/local_setup.dsv
[0.693s] -- Up-to-date: /home/robot/nav2_ws/install/h1_sport/share/h1_sport/package.dsv
[0.693s] -- Up-to-date: /home/robot/nav2_ws/install/h1_sport/share/ament_index/resource_index/packages/h1_sport
[0.693s] -- Up-to-date: /home/robot/nav2_ws/install/h1_sport/share/h1_sport/cmake/h1_sportConfig.cmake
[0.693s] -- Up-to-date: /home/robot/nav2_ws/install/h1_sport/share/h1_sport/cmake/h1_sportConfig-version.cmake
[0.693s] -- Up-to-date: /home/robot/nav2_ws/install/h1_sport/share/h1_sport/package.xml
[0.693s] -- Installing: /home/robot/nav2_ws/install/h1_sport/lib/h1_sport/demo
[0.694s] Invoked command in '/home/robot/nav2_ws/build/h1_sport' returned '0': CMAKE_PREFIX_PATH=/opt/ros/foxy /usr/bin/cmake --install /home/robot/nav2_ws/build/h1_sport
