[35m[1mScanning dependencies of target socket_sender[0m
[ 50%] [32mBuilding CXX object CMakeFiles/socket_sender.dir/src/demo.cpp.o[0m
[100%] [32m[1mLinking CXX executable socket_sender[0m
[100%] Built target socket_sender
-- Install configuration: ""
-- Up-to-date: /home/robot/nav2_ws/install/ros2_socket_sender/share/ament_index/resource_index/package_run_dependencies/ros2_socket_sender
-- Up-to-date: /home/robot/nav2_ws/install/ros2_socket_sender/share/ament_index/resource_index/parent_prefix_path/ros2_socket_sender
-- Up-to-date: /home/robot/nav2_ws/install/ros2_socket_sender/share/ros2_socket_sender/environment/ament_prefix_path.sh
-- Up-to-date: /home/robot/nav2_ws/install/ros2_socket_sender/share/ros2_socket_sender/environment/ament_prefix_path.dsv
-- Up-to-date: /home/robot/nav2_ws/install/ros2_socket_sender/share/ros2_socket_sender/environment/path.sh
-- Up-to-date: /home/robot/nav2_ws/install/ros2_socket_sender/share/ros2_socket_sender/environment/path.dsv
-- Up-to-date: /home/robot/nav2_ws/install/ros2_socket_sender/share/ros2_socket_sender/local_setup.bash
-- Up-to-date: /home/robot/nav2_ws/install/ros2_socket_sender/share/ros2_socket_sender/local_setup.sh
-- Up-to-date: /home/robot/nav2_ws/install/ros2_socket_sender/share/ros2_socket_sender/local_setup.zsh
-- Up-to-date: /home/robot/nav2_ws/install/ros2_socket_sender/share/ros2_socket_sender/local_setup.dsv
-- Installing: /home/robot/nav2_ws/install/ros2_socket_sender/share/ros2_socket_sender/package.dsv
-- Up-to-date: /home/robot/nav2_ws/install/ros2_socket_sender/share/ament_index/resource_index/packages/ros2_socket_sender
-- Up-to-date: /home/robot/nav2_ws/install/ros2_socket_sender/share/ros2_socket_sender/cmake/ros2_socket_senderConfig.cmake
-- Up-to-date: /home/robot/nav2_ws/install/ros2_socket_sender/share/ros2_socket_sender/cmake/ros2_socket_senderConfig-version.cmake
-- Up-to-date: /home/robot/nav2_ws/install/ros2_socket_sender/share/ros2_socket_sender/package.xml
-- Installing: /home/robot/nav2_ws/install/ros2_socket_sender/lib/ros2_socket_sender/socket_sender
-- Set runtime path of "/home/robot/nav2_ws/install/ros2_socket_sender/lib/ros2_socket_sender/socket_sender" to ""
