[0.017s] Invoking command in '/home/robot/nav2_ws/build/village_wang': CMAKE_PREFIX_PATH=${CMAKE_PREFIX_PATH}:/home/robot/nav2_ws/install/examples_rclpy_minimal_subscriber:/home/robot/nav2_ws/install/examples_rclpy_minimal_service:/home/robot/nav2_ws/install/examples_rclpy_minimal_publisher:/home/robot/nav2_ws/install/examples_rclpy_minimal_client:/home/robot/nav2_ws/install/examples_rclpy_minimal_action_server:/home/robot/nav2_ws/install/examples_rclpy_minimal_action_client:/home/robot/nav2_ws/install/examples_rclpy_executors:/opt/ros/foxy /usr/bin/cmake --build /home/robot/nav2_ws/build/village_wang -- -j32 -l32
[0.051s] [ 33%] Built target wang3_node
[0.052s] [ 66%] Built target wang2_node
[0.058s] [100%] Built target li3_node
[0.066s] Invoked command in '/home/robot/nav2_ws/build/village_wang' returned '0': CMAKE_PREFIX_PATH=${CMAKE_PREFIX_PATH}:/home/robot/nav2_ws/install/examples_rclpy_minimal_subscriber:/home/robot/nav2_ws/install/examples_rclpy_minimal_service:/home/robot/nav2_ws/install/examples_rclpy_minimal_publisher:/home/robot/nav2_ws/install/examples_rclpy_minimal_client:/home/robot/nav2_ws/install/examples_rclpy_minimal_action_server:/home/robot/nav2_ws/install/examples_rclpy_minimal_action_client:/home/robot/nav2_ws/install/examples_rclpy_executors:/opt/ros/foxy /usr/bin/cmake --build /home/robot/nav2_ws/build/village_wang -- -j32 -l32
[0.079s] Invoking command in '/home/robot/nav2_ws/build/village_wang': CMAKE_PREFIX_PATH=${CMAKE_PREFIX_PATH}:/home/robot/nav2_ws/install/examples_rclpy_minimal_subscriber:/home/robot/nav2_ws/install/examples_rclpy_minimal_service:/home/robot/nav2_ws/install/examples_rclpy_minimal_publisher:/home/robot/nav2_ws/install/examples_rclpy_minimal_client:/home/robot/nav2_ws/install/examples_rclpy_minimal_action_server:/home/robot/nav2_ws/install/examples_rclpy_minimal_action_client:/home/robot/nav2_ws/install/examples_rclpy_executors:/opt/ros/foxy /usr/bin/cmake --install /home/robot/nav2_ws/build/village_wang
[0.083s] -- Install configuration: ""
[0.083s] -- Up-to-date: /home/robot/nav2_ws/install/village_wang/share/ament_index/resource_index/package_run_dependencies/village_wang
[0.083s] -- Up-to-date: /home/robot/nav2_ws/install/village_wang/share/ament_index/resource_index/parent_prefix_path/village_wang
[0.083s] -- Up-to-date: /home/robot/nav2_ws/install/village_wang/share/village_wang/environment/ament_prefix_path.sh
[0.084s] -- Up-to-date: /home/robot/nav2_ws/install/village_wang/share/village_wang/environment/ament_prefix_path.dsv
[0.084s] -- Up-to-date: /home/robot/nav2_ws/install/village_wang/share/village_wang/environment/path.sh
[0.084s] -- Up-to-date: /home/robot/nav2_ws/install/village_wang/share/village_wang/environment/path.dsv
[0.084s] -- Up-to-date: /home/robot/nav2_ws/install/village_wang/share/village_wang/local_setup.bash
[0.084s] -- Up-to-date: /home/robot/nav2_ws/install/village_wang/share/village_wang/local_setup.sh
[0.084s] -- Up-to-date: /home/robot/nav2_ws/install/village_wang/share/village_wang/local_setup.zsh
[0.084s] -- Up-to-date: /home/robot/nav2_ws/install/village_wang/share/village_wang/local_setup.dsv
[0.084s] -- Installing: /home/robot/nav2_ws/install/village_wang/share/village_wang/package.dsv
[0.084s] -- Up-to-date: /home/robot/nav2_ws/install/village_wang/share/ament_index/resource_index/packages/village_wang
[0.084s] -- Up-to-date: /home/robot/nav2_ws/install/village_wang/share/village_wang/cmake/village_wangConfig.cmake
[0.084s] -- Up-to-date: /home/robot/nav2_ws/install/village_wang/share/village_wang/cmake/village_wangConfig-version.cmake
[0.084s] -- Up-to-date: /home/robot/nav2_ws/install/village_wang/share/village_wang/package.xml
[0.084s] -- Up-to-date: /home/robot/nav2_ws/install/village_wang/lib/village_wang/wang2_node
[0.084s] -- Up-to-date: /home/robot/nav2_ws/install/village_wang/lib/village_wang/wang3_node
[0.084s] -- Up-to-date: /home/robot/nav2_ws/install/village_wang/lib/village_wang/li3_node
[0.121s] Invoked command in '/home/robot/nav2_ws/build/village_wang' returned '0': CMAKE_PREFIX_PATH=${CMAKE_PREFIX_PATH}:/home/robot/nav2_ws/install/examples_rclpy_minimal_subscriber:/home/robot/nav2_ws/install/examples_rclpy_minimal_service:/home/robot/nav2_ws/install/examples_rclpy_minimal_publisher:/home/robot/nav2_ws/install/examples_rclpy_minimal_client:/home/robot/nav2_ws/install/examples_rclpy_minimal_action_server:/home/robot/nav2_ws/install/examples_rclpy_minimal_action_client:/home/robot/nav2_ws/install/examples_rclpy_executors:/opt/ros/foxy /usr/bin/cmake --install /home/robot/nav2_ws/build/village_wang
