[0.006s] Invoking command in '/home/robot/nav2_ws/build/h1_sport': CMAKE_PREFIX_PATH=${CMAKE_PREFIX_PATH}:/home/robot/nav2_ws/install/examples_rclpy_minimal_subscriber:/home/robot/nav2_ws/install/examples_rclpy_minimal_service:/home/robot/nav2_ws/install/examples_rclpy_minimal_publisher:/home/robot/nav2_ws/install/examples_rclpy_minimal_client:/home/robot/nav2_ws/install/examples_rclpy_minimal_action_server:/home/robot/nav2_ws/install/examples_rclpy_minimal_action_client:/home/robot/nav2_ws/install/examples_rclpy_executors:/opt/ros/foxy /usr/bin/cmake --build /home/robot/nav2_ws/build/h1_sport -- -j32 -l32
[0.024s] [35m[1mScanning dependencies of target demo[0m
[0.037s] [ 50%] [32mBuilding CXX object CMakeFiles/demo.dir/src/demo.cpp.o[0m
[0.523s] [01m[K/home/robot/nav2_ws/src/h1_sport/src/demo.cpp:[m[K In constructor ‘[01m[KSportCmdPublisher::SportCmdPublisher()[m[K’:
[0.523s] [01m[K/home/robot/nav2_ws/src/h1_sport/src/demo.cpp:17:96:[m[K [01;31m[Kerror: [m[Kno match for ‘[01m[Koperator=[m[K’ (operand types are ‘[01m[Krclcpp::Publisher<std_msgs::msg::String_<std::allocator<void> > >::SharedPtr[m[K’ {aka ‘[01m[Kstd::shared_ptr<rclcpp::Publisher<std_msgs::msg::String_<std::allocator<void> > > >[m[K’} and ‘[01m[Kstd::shared_ptr<rclcpp::Publisher<hello_world_msgs::msg::HelloWorld_<std::allocator<void> >, std::allocator<void> > >[m[K’)
[0.523s]    17 |         publisher_ = this->create_publisher<hello_world_msgs::msg::HelloWorld>("/sport_cmd", 10[01;31m[K)[m[K;
[0.523s]       |                                                                                                [01;31m[K^[m[K
[0.523s] In file included from [01m[K/usr/include/c++/9/memory:81[m[K,
[0.523s]                  from [01m[K/opt/ros/foxy/include/rclcpp/rclcpp.hpp:144[m[K,
[0.523s]                  from [01m[K/home/robot/nav2_ws/src/h1_sport/src/demo.cpp:1[m[K:
[0.523s] [01m[K/usr/include/c++/9/bits/shared_ptr.h:309:19:[m[K [01;36m[Knote: [m[Kcandidate: ‘[01m[Kstd::shared_ptr<_Tp>& std::shared_ptr<_Tp>::operator=(const std::shared_ptr<_Tp>&) [with _Tp = rclcpp::Publisher<std_msgs::msg::String_<std::allocator<void> > >][m[K’
[0.523s]   309 |       shared_ptr& [01;36m[Koperator[m[K=(const shared_ptr&) noexcept = default;
[0.523s]       |                   [01;36m[K^~~~~~~~[m[K
[0.523s] [01m[K/usr/include/c++/9/bits/shared_ptr.h:309:29:[m[K [01;36m[Knote: [m[K  no known conversion for argument 1 from ‘[01m[Kstd::shared_ptr<rclcpp::Publisher<hello_world_msgs::msg::HelloWorld_<std::allocator<void> >, std::allocator<void> > >[m[K’ to ‘[01m[Kconst std::shared_ptr<rclcpp::Publisher<std_msgs::msg::String_<std::allocator<void> > > >&[m[K’
[0.523s]   309 |       shared_ptr& operator=([01;36m[Kconst shared_ptr&[m[K) noexcept = default;
[0.523s]       |                             [01;36m[K^~~~~~~~~~~~~~~~~[m[K
[0.523s] [01m[K/usr/include/c++/9/bits/shared_ptr.h:313:2:[m[K [01;36m[Knote: [m[Kcandidate: ‘[01m[Ktemplate<class _Yp> std::shared_ptr<_Tp>::_Assignable<const std::shared_ptr<_Yp>&> std::shared_ptr<_Tp>::operator=(const std::shared_ptr<_Yp>&) [with _Yp = _Yp; _Tp = rclcpp::Publisher<std_msgs::msg::String_<std::allocator<void> > >][m[K’
[0.523s]   313 |  [01;36m[Koperator[m[K=(const shared_ptr<_Yp>& __r) noexcept
[0.523s]       |  [01;36m[K^~~~~~~~[m[K
[0.523s] [01m[K/usr/include/c++/9/bits/shared_ptr.h:313:2:[m[K [01;36m[Knote: [m[K  template argument deduction/substitution failed:
[0.524s] /usr/include/c++/9/bits/shared_ptr.h: In substitution of ‘[01m[Ktemplate<class _Tp> template<class _Arg> using _Assignable = typename std::enable_if<std::is_assignable<std::__shared_ptr<_Tp>&, _Arg>::value, std::shared_ptr<_Tp>&>::type [with _Arg = const std::shared_ptr<rclcpp::Publisher<hello_world_msgs::msg::HelloWorld_<std::allocator<void> >, std::allocator<void> > >&; _Tp = rclcpp::Publisher<std_msgs::msg::String_<std::allocator<void> > >][m[K’:
[0.524s] [01m[K/usr/include/c++/9/bits/shared_ptr.h:313:2:[m[K   required by substitution of ‘[01m[Ktemplate<class _Yp> std::shared_ptr<rclcpp::Publisher<std_msgs::msg::String_<std::allocator<void> > > >::_Assignable<const std::shared_ptr<_Tp>&> std::shared_ptr<rclcpp::Publisher<std_msgs::msg::String_<std::allocator<void> > > >::operator=<_Yp>(const std::shared_ptr<_Tp>&) [with _Yp = rclcpp::Publisher<hello_world_msgs::msg::HelloWorld_<std::allocator<void> >, std::allocator<void> >][m[K’
[0.524s] [01m[K/home/robot/nav2_ws/src/h1_sport/src/demo.cpp:17:96:[m[K   required from here
[0.524s] [01m[K/usr/include/c++/9/bits/shared_ptr.h:111:8:[m[K [01;31m[Kerror: [m[Kno type named ‘[01m[Ktype[m[K’ in ‘[01m[Kstruct std::enable_if<false, std::shared_ptr<rclcpp::Publisher<std_msgs::msg::String_<std::allocator<void> > > >&>[m[K’
[0.524s]   111 |  using [01;31m[K_Assignable[m[K = typename enable_if<
[0.524s]       |        [01;31m[K^~~~~~~~~~~[m[K
[0.524s] [01m[K/usr/include/c++/9/bits/shared_ptr.h:324:2:[m[K [01;36m[Knote: [m[Kcandidate: ‘[01m[Ktemplate<class _Yp> std::shared_ptr<_Tp>::_Assignable<std::auto_ptr<_Up> > std::shared_ptr<_Tp>::operator=(std::auto_ptr<_Up>&&) [with _Yp = _Yp; _Tp = rclcpp::Publisher<std_msgs::msg::String_<std::allocator<void> > >][m[K’
[0.524s]   324 |  [01;36m[Koperator[m[K=(auto_ptr<_Yp>&& __r)
[0.524s]       |  [01;36m[K^~~~~~~~[m[K
[0.524s] [01m[K/usr/include/c++/9/bits/shared_ptr.h:324:2:[m[K [01;36m[Knote: [m[K  template argument deduction/substitution failed:
[0.524s] [01m[K/home/robot/nav2_ws/src/h1_sport/src/demo.cpp:17:96:[m[K [01;36m[Knote: [m[K  ‘[01m[Kstd::shared_ptr<rclcpp::Publisher<hello_world_msgs::msg::HelloWorld_<std::allocator<void> >, std::allocator<void> > >[m[K’ is not derived from ‘[01m[Kstd::auto_ptr<_Up>[m[K’
[0.524s]    17 |         publisher_ = this->create_publisher<hello_world_msgs::msg::HelloWorld>("/sport_cmd", 10[01;36m[K)[m[K;
[0.524s]       |                                                                                                [01;36m[K^[m[K
[0.524s] In file included from [01m[K/usr/include/c++/9/memory:81[m[K,
[0.524s]                  from [01m[K/opt/ros/foxy/include/rclcpp/rclcpp.hpp:144[m[K,
[0.524s]                  from [01m[K/home/robot/nav2_ws/src/h1_sport/src/demo.cpp:1[m[K:
[0.524s] [01m[K/usr/include/c++/9/bits/shared_ptr.h:333:7:[m[K [01;36m[Knote: [m[Kcandidate: ‘[01m[Kstd::shared_ptr<_Tp>& std::shared_ptr<_Tp>::operator=(std::shared_ptr<_Tp>&&) [with _Tp = rclcpp::Publisher<std_msgs::msg::String_<std::allocator<void> > >][m[K’
[0.524s]   333 |       [01;36m[Koperator[m[K=(shared_ptr&& __r) noexcept
[0.524s]       |       [01;36m[K^~~~~~~~[m[K
[0.524s] [01m[K/usr/include/c++/9/bits/shared_ptr.h:333:30:[m[K [01;36m[Knote: [m[K  no known conversion for argument 1 from ‘[01m[Kstd::shared_ptr<rclcpp::Publisher<hello_world_msgs::msg::HelloWorld_<std::allocator<void> >, std::allocator<void> > >[m[K’ to ‘[01m[Kstd::shared_ptr<rclcpp::Publisher<std_msgs::msg::String_<std::allocator<void> > > >&&[m[K’
[0.524s]   333 |       operator=([01;36m[Kshared_ptr&& __r[m[K) noexcept
[0.524s]       |                 [01;36m[K~~~~~~~~~~~~~^~~[m[K
[0.524s] [01m[K/usr/include/c++/9/bits/shared_ptr.h:341:2:[m[K [01;36m[Knote: [m[Kcandidate: ‘[01m[Ktemplate<class _Yp> std::shared_ptr<_Tp>::_Assignable<std::shared_ptr<_Yp> > std::shared_ptr<_Tp>::operator=(std::shared_ptr<_Yp>&&) [with _Yp = _Yp; _Tp = rclcpp::Publisher<std_msgs::msg::String_<std::allocator<void> > >][m[K’
[0.524s]   341 |  [01;36m[Koperator[m[K=(shared_ptr<_Yp>&& __r) noexcept
[0.524s]       |  [01;36m[K^~~~~~~~[m[K
[0.524s] [01m[K/usr/include/c++/9/bits/shared_ptr.h:341:2:[m[K [01;36m[Knote: [m[K  template argument deduction/substitution failed:
[0.524s] /usr/include/c++/9/bits/shared_ptr.h: In substitution of ‘[01m[Ktemplate<class _Tp> template<class _Arg> using _Assignable = typename std::enable_if<std::is_assignable<std::__shared_ptr<_Tp>&, _Arg>::value, std::shared_ptr<_Tp>&>::type [with _Arg = std::shared_ptr<rclcpp::Publisher<hello_world_msgs::msg::HelloWorld_<std::allocator<void> >, std::allocator<void> > >; _Tp = rclcpp::Publisher<std_msgs::msg::String_<std::allocator<void> > >][m[K’:
[0.524s] [01m[K/usr/include/c++/9/bits/shared_ptr.h:341:2:[m[K   required by substitution of ‘[01m[Ktemplate<class _Yp> std::shared_ptr<rclcpp::Publisher<std_msgs::msg::String_<std::allocator<void> > > >::_Assignable<std::shared_ptr<_Tp> > std::shared_ptr<rclcpp::Publisher<std_msgs::msg::String_<std::allocator<void> > > >::operator=<_Yp>(std::shared_ptr<_Tp>&&) [with _Yp = rclcpp::Publisher<hello_world_msgs::msg::HelloWorld_<std::allocator<void> >, std::allocator<void> >][m[K’
[0.524s] [01m[K/home/robot/nav2_ws/src/h1_sport/src/demo.cpp:17:96:[m[K   required from here
[0.524s] [01m[K/usr/include/c++/9/bits/shared_ptr.h:111:8:[m[K [01;31m[Kerror: [m[Kno type named ‘[01m[Ktype[m[K’ in ‘[01m[Kstruct std::enable_if<false, std::shared_ptr<rclcpp::Publisher<std_msgs::msg::String_<std::allocator<void> > > >&>[m[K’
[0.524s]   111 |  using [01;31m[K_Assignable[m[K = typename enable_if<
[0.524s]       |        [01;31m[K^~~~~~~~~~~[m[K
[0.524s] [01m[K/usr/include/c++/9/bits/shared_ptr.h:349:2:[m[K [01;36m[Knote: [m[Kcandidate: ‘[01m[Ktemplate<class _Yp, class _Del> std::shared_ptr<_Tp>::_Assignable<std::unique_ptr<_Up, _Ep> > std::shared_ptr<_Tp>::operator=(std::unique_ptr<_Up, _Ep>&&) [with _Yp = _Yp; _Del = _Del; _Tp = rclcpp::Publisher<std_msgs::msg::String_<std::allocator<void> > >][m[K’
[0.524s]   349 |  [01;36m[Koperator[m[K=(unique_ptr<_Yp, _Del>&& __r)
[0.524s]       |  [01;36m[K^~~~~~~~[m[K
[0.524s] [01m[K/usr/include/c++/9/bits/shared_ptr.h:349:2:[m[K [01;36m[Knote: [m[K  template argument deduction/substitution failed:
[0.524s] [01m[K/home/robot/nav2_ws/src/h1_sport/src/demo.cpp:17:96:[m[K [01;36m[Knote: [m[K  ‘[01m[Kstd::shared_ptr<rclcpp::Publisher<hello_world_msgs::msg::HelloWorld_<std::allocator<void> >, std::allocator<void> > >[m[K’ is not derived from ‘[01m[Kstd::unique_ptr<_Tp, _Dp>[m[K’
[0.524s]    17 |         publisher_ = this->create_publisher<hello_world_msgs::msg::HelloWorld>("/sport_cmd", 10[01;36m[K)[m[K;
[0.524s]       |                                                                                                [01;36m[K^[m[K
[0.860s] make[2]: *** [CMakeFiles/demo.dir/build.make:63：CMakeFiles/demo.dir/src/demo.cpp.o] 错误 1
[0.860s] make[1]: *** [CMakeFiles/Makefile2:78：CMakeFiles/demo.dir/all] 错误 2
[0.861s] make: *** [Makefile:141：all] 错误 2
[0.862s] Invoked command in '/home/robot/nav2_ws/build/h1_sport' returned '2': CMAKE_PREFIX_PATH=${CMAKE_PREFIX_PATH}:/home/robot/nav2_ws/install/examples_rclpy_minimal_subscriber:/home/robot/nav2_ws/install/examples_rclpy_minimal_service:/home/robot/nav2_ws/install/examples_rclpy_minimal_publisher:/home/robot/nav2_ws/install/examples_rclpy_minimal_client:/home/robot/nav2_ws/install/examples_rclpy_minimal_action_server:/home/robot/nav2_ws/install/examples_rclpy_minimal_action_client:/home/robot/nav2_ws/install/examples_rclpy_executors:/opt/ros/foxy /usr/bin/cmake --build /home/robot/nav2_ws/build/h1_sport -- -j32 -l32
