[0.150s] Invoking command in '/home/robot/nav2_ws/src/build/ros2_socket_sender': CMAKE_PREFIX_PATH=/home/robot/nav2_ws/install/examples_rclpy_minimal_subscriber:/home/robot/nav2_ws/install/examples_rclpy_minimal_service:/home/robot/nav2_ws/install/examples_rclpy_minimal_publisher:/home/robot/nav2_ws/install/examples_rclpy_minimal_client:/home/robot/nav2_ws/install/examples_rclpy_minimal_action_server:/home/robot/nav2_ws/install/examples_rclpy_minimal_action_client:/home/robot/nav2_ws/install/examples_rclpy_executors:/opt/ros/foxy:${CMAKE_PREFIX_PATH} /usr/bin/cmake /home/robot/nav2_ws/src/ros2_socket_sender -DCMAKE_INSTALL_PREFIX=/home/robot/nav2_ws/src/install/ros2_socket_sender
[0.175s] -- The C compiler identification is GNU 9.4.0
[0.208s] -- The CXX compiler identification is GNU 9.4.0
[0.212s] -- Check for working C compiler: /usr/bin/cc
[0.241s] -- Check for working C compiler: /usr/bin/cc -- works
[0.241s] -- Detecting C compiler ABI info
[0.278s] -- Detecting C compiler ABI info - done
[0.287s] -- Detecting C compile features
[0.287s] -- Detecting C compile features - done
[0.288s] -- Check for working CXX compiler: /usr/bin/c++
[0.325s] -- Check for working CXX compiler: /usr/bin/c++ -- works
[0.326s] -- Detecting CXX compiler ABI info
[0.360s] -- Detecting CXX compiler ABI info - done
[0.368s] -- Detecting CXX compile features
[0.369s] -- Detecting CXX compile features - done
[0.371s] -- Found ament_cmake: 0.9.12 (/opt/ros/foxy/share/ament_cmake/cmake)
[0.385s] -- Found PythonInterp: /usr/bin/python3 (found suitable version "3.8.10", minimum required is "3") 
[0.385s] -- Using PYTHON_EXECUTABLE: /usr/bin/python3
[0.530s] -- Found std_msgs: 2.0.5 (/opt/ros/foxy/share/std_msgs/cmake)
[0.555s] -- Using all available rosidl_typesupport_c: rosidl_typesupport_fastrtps_c;rosidl_typesupport_introspection_c
[0.561s] -- Found rosidl_adapter: 1.3.1 (/opt/ros/foxy/share/rosidl_adapter/cmake)
[0.865s] -- Found OpenSSL: /usr/lib/x86_64-linux-gnu/libcrypto.so (found version "1.1.1f")  
[0.915s] -- Found FastRTPS: /opt/ros/foxy/include  
[1.023s] -- Using all available rosidl_typesupport_cpp: rosidl_typesupport_fastrtps_cpp;rosidl_typesupport_introspection_cpp
[1.061s] -- Found rclcpp: 2.4.3 (/opt/ros/foxy/share/rclcpp/cmake)
[1.105s] -- Found rmw_implementation_cmake: 1.0.4 (/opt/ros/foxy/share/rmw_implementation_cmake/cmake)
[1.108s] -- Using RMW implementation 'rmw_fastrtps_cpp' as default
[1.109s] -- Looking for pthread.h
[1.369s] -- Looking for pthread.h - found
[1.369s] -- Performing Test CMAKE_HAVE_LIBC_PTHREAD
[1.645s] -- Performing Test CMAKE_HAVE_LIBC_PTHREAD - Failed
[1.645s] -- Looking for pthread_create in pthreads
[1.915s] -- Looking for pthread_create in pthreads - not found
[1.915s] -- Looking for pthread_create in pthread
[2.179s] -- Looking for pthread_create in pthread - found
[2.179s] -- Found Threads: TRUE  
[2.288s] -- Found ament_lint_auto: 0.9.8 (/opt/ros/foxy/share/ament_lint_auto/cmake)
[2.350s] -- Added test 'copyright' to check source files copyright and LICENSE
[2.351s] -- Added test 'cppcheck' to perform static code analysis on C / C++ code
[2.351s] -- Configured cppcheck include dirs: 
[2.351s] -- Configured cppcheck exclude dirs and/or files: 
[2.352s] -- Added test 'cpplint' to check C / C++ code against the Google style
[2.352s] -- Configured cpplint exclude dirs and/or files: 
[2.358s] -- Added test 'lint_cmake' to check CMake code style
[2.359s] -- Added test 'uncrustify' to check C / C++ code style
[2.359s] -- Configured uncrustify additional arguments: 
[2.359s] -- Added test 'xmllint' to check XML markup files
[2.363s] -- Configuring done
[2.368s] -- Generating done
[2.369s] -- Build files have been written to: /home/robot/nav2_ws/src/build/ros2_socket_sender
[2.377s] Invoked command in '/home/robot/nav2_ws/src/build/ros2_socket_sender' returned '0': CMAKE_PREFIX_PATH=/home/robot/nav2_ws/install/examples_rclpy_minimal_subscriber:/home/robot/nav2_ws/install/examples_rclpy_minimal_service:/home/robot/nav2_ws/install/examples_rclpy_minimal_publisher:/home/robot/nav2_ws/install/examples_rclpy_minimal_client:/home/robot/nav2_ws/install/examples_rclpy_minimal_action_server:/home/robot/nav2_ws/install/examples_rclpy_minimal_action_client:/home/robot/nav2_ws/install/examples_rclpy_executors:/opt/ros/foxy:${CMAKE_PREFIX_PATH} /usr/bin/cmake /home/robot/nav2_ws/src/ros2_socket_sender -DCMAKE_INSTALL_PREFIX=/home/robot/nav2_ws/src/install/ros2_socket_sender
[2.377s] Invoking command in '/home/robot/nav2_ws/src/build/ros2_socket_sender': CMAKE_PREFIX_PATH=/home/robot/nav2_ws/install/examples_rclpy_minimal_subscriber:/home/robot/nav2_ws/install/examples_rclpy_minimal_service:/home/robot/nav2_ws/install/examples_rclpy_minimal_publisher:/home/robot/nav2_ws/install/examples_rclpy_minimal_client:/home/robot/nav2_ws/install/examples_rclpy_minimal_action_server:/home/robot/nav2_ws/install/examples_rclpy_minimal_action_client:/home/robot/nav2_ws/install/examples_rclpy_executors:/opt/ros/foxy:${CMAKE_PREFIX_PATH} /usr/bin/cmake --build /home/robot/nav2_ws/src/build/ros2_socket_sender -- -j32 -l32
[2.473s] [35m[1mScanning dependencies of target socket_sender[0m
[2.500s] [ 50%] [32mBuilding CXX object CMakeFiles/socket_sender.dir/src/demo.cpp.o[0m
[7.635s] [100%] [32m[1mLinking CXX executable socket_sender[0m
[7.941s] [100%] Built target socket_sender
[7.965s] Invoked command in '/home/robot/nav2_ws/src/build/ros2_socket_sender' returned '0': CMAKE_PREFIX_PATH=/home/robot/nav2_ws/install/examples_rclpy_minimal_subscriber:/home/robot/nav2_ws/install/examples_rclpy_minimal_service:/home/robot/nav2_ws/install/examples_rclpy_minimal_publisher:/home/robot/nav2_ws/install/examples_rclpy_minimal_client:/home/robot/nav2_ws/install/examples_rclpy_minimal_action_server:/home/robot/nav2_ws/install/examples_rclpy_minimal_action_client:/home/robot/nav2_ws/install/examples_rclpy_executors:/opt/ros/foxy:${CMAKE_PREFIX_PATH} /usr/bin/cmake --build /home/robot/nav2_ws/src/build/ros2_socket_sender -- -j32 -l32
[8.175s] Invoking command in '/home/robot/nav2_ws/src/build/ros2_socket_sender': CMAKE_PREFIX_PATH=/home/robot/nav2_ws/install/examples_rclpy_minimal_subscriber:/home/robot/nav2_ws/install/examples_rclpy_minimal_service:/home/robot/nav2_ws/install/examples_rclpy_minimal_publisher:/home/robot/nav2_ws/install/examples_rclpy_minimal_client:/home/robot/nav2_ws/install/examples_rclpy_minimal_action_server:/home/robot/nav2_ws/install/examples_rclpy_minimal_action_client:/home/robot/nav2_ws/install/examples_rclpy_executors:/opt/ros/foxy:${CMAKE_PREFIX_PATH} /usr/bin/cmake --install /home/robot/nav2_ws/src/build/ros2_socket_sender
[8.211s] -- Install configuration: ""
[8.211s] -- Installing: /home/robot/nav2_ws/src/install/ros2_socket_sender/share/ament_index/resource_index/package_run_dependencies/ros2_socket_sender
[8.211s] -- Installing: /home/robot/nav2_ws/src/install/ros2_socket_sender/share/ament_index/resource_index/parent_prefix_path/ros2_socket_sender
[8.211s] -- Installing: /home/robot/nav2_ws/src/install/ros2_socket_sender/share/ros2_socket_sender/environment/ament_prefix_path.sh
[8.211s] -- Installing: /home/robot/nav2_ws/src/install/ros2_socket_sender/share/ros2_socket_sender/environment/ament_prefix_path.dsv
[8.211s] -- Installing: /home/robot/nav2_ws/src/install/ros2_socket_sender/share/ros2_socket_sender/environment/path.sh
[8.211s] -- Installing: /home/robot/nav2_ws/src/install/ros2_socket_sender/share/ros2_socket_sender/environment/path.dsv
[8.211s] -- Installing: /home/robot/nav2_ws/src/install/ros2_socket_sender/share/ros2_socket_sender/local_setup.bash
[8.212s] -- Installing: /home/robot/nav2_ws/src/install/ros2_socket_sender/share/ros2_socket_sender/local_setup.sh
[8.212s] -- Installing: /home/robot/nav2_ws/src/install/ros2_socket_sender/share/ros2_socket_sender/local_setup.zsh
[8.212s] -- Installing: /home/robot/nav2_ws/src/install/ros2_socket_sender/share/ros2_socket_sender/local_setup.dsv
[8.212s] -- Installing: /home/robot/nav2_ws/src/install/ros2_socket_sender/share/ros2_socket_sender/package.dsv
[8.212s] -- Installing: /home/robot/nav2_ws/src/install/ros2_socket_sender/share/ament_index/resource_index/packages/ros2_socket_sender
[8.212s] -- Installing: /home/robot/nav2_ws/src/install/ros2_socket_sender/share/ros2_socket_sender/cmake/ros2_socket_senderConfig.cmake
[8.212s] -- Installing: /home/robot/nav2_ws/src/install/ros2_socket_sender/share/ros2_socket_sender/cmake/ros2_socket_senderConfig-version.cmake
[8.212s] -- Installing: /home/robot/nav2_ws/src/install/ros2_socket_sender/share/ros2_socket_sender/package.xml
[8.212s] -- Installing: /home/robot/nav2_ws/src/install/ros2_socket_sender/lib/ros2_socket_sender/socket_sender
[8.212s] -- Set runtime path of "/home/robot/nav2_ws/src/install/ros2_socket_sender/lib/ros2_socket_sender/socket_sender" to ""
[8.225s] Invoked command in '/home/robot/nav2_ws/src/build/ros2_socket_sender' returned '0': CMAKE_PREFIX_PATH=/home/robot/nav2_ws/install/examples_rclpy_minimal_subscriber:/home/robot/nav2_ws/install/examples_rclpy_minimal_service:/home/robot/nav2_ws/install/examples_rclpy_minimal_publisher:/home/robot/nav2_ws/install/examples_rclpy_minimal_client:/home/robot/nav2_ws/install/examples_rclpy_minimal_action_server:/home/robot/nav2_ws/install/examples_rclpy_minimal_action_client:/home/robot/nav2_ws/install/examples_rclpy_executors:/opt/ros/foxy:${CMAKE_PREFIX_PATH} /usr/bin/cmake --install /home/robot/nav2_ws/src/build/ros2_socket_sender
