[0.149s] Invoking command in '/home/robot/nav2_ws/src/build/hello_world_msgs': CMAKE_PREFIX_PATH=/home/robot/nav2_ws/install/examples_rclpy_minimal_subscriber:/home/robot/nav2_ws/install/examples_rclpy_minimal_service:/home/robot/nav2_ws/install/examples_rclpy_minimal_publisher:/home/robot/nav2_ws/install/examples_rclpy_minimal_client:/home/robot/nav2_ws/install/examples_rclpy_minimal_action_server:/home/robot/nav2_ws/install/examples_rclpy_minimal_action_client:/home/robot/nav2_ws/install/examples_rclpy_executors:/opt/ros/foxy:${CMAKE_PREFIX_PATH} /usr/bin/cmake /home/robot/nav2_ws/src/hello_world_msgs -DCMAKE_INSTALL_PREFIX=/home/robot/nav2_ws/src/install/hello_world_msgs
[0.175s] -- The C compiler identification is GNU 9.4.0
[0.200s] -- The CXX compiler identification is GNU 9.4.0
[0.204s] -- Check for working C compiler: /usr/bin/cc
[0.234s] -- Check for working C compiler: /usr/bin/cc -- works
[0.235s] -- Detecting C compiler ABI info
[0.266s] -- Detecting C compiler ABI info - done
[0.274s] -- Detecting C compile features
[0.274s] -- Detecting C compile features - done
[0.276s] -- Check for working CXX compiler: /usr/bin/c++
[0.311s] -- Check for working CXX compiler: /usr/bin/c++ -- works
[0.312s] -- Detecting CXX compiler ABI info
[0.348s] -- Detecting CXX compiler ABI info - done
[0.356s] -- Detecting CXX compile features
[0.357s] -- Detecting CXX compile features - done
[0.359s] -- Found ament_cmake: 0.9.12 (/opt/ros/foxy/share/ament_cmake/cmake)
[0.375s] -- Found PythonInterp: /usr/bin/python3 (found suitable version "3.8.10", minimum required is "3") 
[0.375s] -- Using PYTHON_EXECUTABLE: /usr/bin/python3
[0.522s] -- Found std_msgs: 2.0.5 (/opt/ros/foxy/share/std_msgs/cmake)
[0.549s] -- Using all available rosidl_typesupport_c: rosidl_typesupport_fastrtps_c;rosidl_typesupport_introspection_c
[0.555s] -- Found rosidl_adapter: 1.3.1 (/opt/ros/foxy/share/rosidl_adapter/cmake)
[0.884s] -- Found OpenSSL: /usr/lib/x86_64-linux-gnu/libcrypto.so (found version "1.1.1f")  
[0.949s] -- Found FastRTPS: /opt/ros/foxy/include  
[1.088s] -- Using all available rosidl_typesupport_cpp: rosidl_typesupport_fastrtps_cpp;rosidl_typesupport_introspection_cpp
[1.160s] -- Found sensor_msgs: 2.0.5 (/opt/ros/foxy/share/sensor_msgs/cmake)
[1.358s] -- Found rosidl_default_generators: 1.0.1 (/opt/ros/foxy/share/rosidl_default_generators/cmake)
[1.427s] -- Found PythonInterp: /usr/bin/python3 (found version "3.8.10") 
[1.781s] -- Found ament_cmake_ros: 0.9.2 (/opt/ros/foxy/share/ament_cmake_ros/cmake)
[2.285s] -- Using all available rosidl_typesupport_c: rosidl_typesupport_fastrtps_c;rosidl_typesupport_introspection_c
[2.458s] -- Using all available rosidl_typesupport_cpp: rosidl_typesupport_fastrtps_cpp;rosidl_typesupport_introspection_cpp
[2.516s] -- Found PythonInterp: /usr/bin/python3 (found suitable version "3.8.10", minimum required is "3.5") 
[2.518s] -- Found python_cmake_module: 0.8.1 (/opt/ros/foxy/share/python_cmake_module/cmake)
[2.572s] -- Found PythonLibs: /usr/lib/x86_64-linux-gnu/libpython3.8.so (found suitable version "3.8.10", minimum required is "3.5") 
[2.572s] -- Using PYTHON_EXECUTABLE: /usr/bin/python3
[2.572s] -- Using PYTHON_INCLUDE_DIRS: /usr/include/python3.8
[2.572s] -- Using PYTHON_LIBRARIES: /usr/lib/x86_64-linux-gnu/libpython3.8.so
[2.597s] -- Found PythonExtra: .so  
[2.978s] -- Found ament_lint_auto: 0.9.8 (/opt/ros/foxy/share/ament_lint_auto/cmake)
[3.001s] -- Added test 'copyright' to check source files copyright and LICENSE
[3.003s] -- Added test 'lint_cmake' to check CMake code style
[3.004s] -- Added test 'xmllint' to check XML markup files
[3.008s] -- Configuring done
[3.105s] -- Generating done
[3.108s] -- Build files have been written to: /home/robot/nav2_ws/src/build/hello_world_msgs
[3.127s] Invoked command in '/home/robot/nav2_ws/src/build/hello_world_msgs' returned '0': CMAKE_PREFIX_PATH=/home/robot/nav2_ws/install/examples_rclpy_minimal_subscriber:/home/robot/nav2_ws/install/examples_rclpy_minimal_service:/home/robot/nav2_ws/install/examples_rclpy_minimal_publisher:/home/robot/nav2_ws/install/examples_rclpy_minimal_client:/home/robot/nav2_ws/install/examples_rclpy_minimal_action_server:/home/robot/nav2_ws/install/examples_rclpy_minimal_action_client:/home/robot/nav2_ws/install/examples_rclpy_executors:/opt/ros/foxy:${CMAKE_PREFIX_PATH} /usr/bin/cmake /home/robot/nav2_ws/src/hello_world_msgs -DCMAKE_INSTALL_PREFIX=/home/robot/nav2_ws/src/install/hello_world_msgs
[3.129s] Invoking command in '/home/robot/nav2_ws/src/build/hello_world_msgs': CMAKE_PREFIX_PATH=/home/robot/nav2_ws/install/examples_rclpy_minimal_subscriber:/home/robot/nav2_ws/install/examples_rclpy_minimal_service:/home/robot/nav2_ws/install/examples_rclpy_minimal_publisher:/home/robot/nav2_ws/install/examples_rclpy_minimal_client:/home/robot/nav2_ws/install/examples_rclpy_minimal_action_server:/home/robot/nav2_ws/install/examples_rclpy_minimal_action_client:/home/robot/nav2_ws/install/examples_rclpy_executors:/opt/ros/foxy:${CMAKE_PREFIX_PATH} /usr/bin/cmake --build /home/robot/nav2_ws/src/build/hello_world_msgs -- -j32 -l32
[3.264s] [  3%] [34m[1mGenerating C code for ROS interfaces[0m
[3.291s] [35m[1mScanning dependencies of target hello_world_msgs__cpp[0m
[3.321s] [  6%] [34m[1mGenerating C++ code for ROS interfaces[0m
[3.633s] [35m[1mScanning dependencies of target hello_world_msgs__rosidl_generator_c[0m
[3.701s] [  9%] [32mBuilding C object CMakeFiles/hello_world_msgs__rosidl_generator_c.dir/rosidl_generator_c/hello_world_msgs/msg/detail/hello_world__functions.c.o[0m
[3.770s] [  9%] Built target hello_world_msgs__cpp
[3.836s] [ 12%] [34m[1mGenerating C++ type support dispatch for ROS interfaces[0m
[3.843s] [ 16%] [32m[1mLinking C shared library libhello_world_msgs__rosidl_generator_c.so[0m
[3.856s] [ 19%] [34m[1mGenerating C++ type support for eProsima Fast-RTPS[0m
[3.880s] [ 22%] [34m[1mGenerating C++ introspection for ROS interfaces[0m
[3.992s] [ 22%] Built target hello_world_msgs__rosidl_generator_c
[4.065s] [ 25%] [34m[1mGenerating C introspection for ROS interfaces[0m
[4.065s] [ 29%] [34m[1mGenerating C type support dispatch for ROS interfaces[0m
[4.177s] [35m[1mScanning dependencies of target hello_world_msgs__rosidl_typesupport_cpp[0m
[4.220s] [35m[1mScanning dependencies of target hello_world_msgs__rosidl_typesupport_fastrtps_cpp[0m
[4.222s] [ 32%] [32mBuilding CXX object CMakeFiles/hello_world_msgs__rosidl_typesupport_cpp.dir/rosidl_typesupport_cpp/hello_world_msgs/msg/hello_world__type_support.cpp.o[0m
[4.272s] [35m[1mScanning dependencies of target hello_world_msgs__rosidl_typesupport_introspection_cpp[0m
[4.285s] [ 35%] [32mBuilding CXX object CMakeFiles/hello_world_msgs__rosidl_typesupport_fastrtps_cpp.dir/rosidl_typesupport_fastrtps_cpp/hello_world_msgs/msg/detail/dds_fastrtps/hello_world__type_support.cpp.o[0m
[4.327s] [ 38%] [32mBuilding CXX object CMakeFiles/hello_world_msgs__rosidl_typesupport_introspection_cpp.dir/rosidl_typesupport_introspection_cpp/hello_world_msgs/msg/detail/hello_world__type_support.cpp.o[0m
[4.408s] [35m[1mScanning dependencies of target hello_world_msgs__rosidl_typesupport_c[0m
[4.461s] [35m[1mScanning dependencies of target hello_world_msgs__rosidl_typesupport_introspection_c[0m
[4.489s] [ 41%] [32mBuilding CXX object CMakeFiles/hello_world_msgs__rosidl_typesupport_c.dir/rosidl_typesupport_c/hello_world_msgs/msg/hello_world__type_support.cpp.o[0m
[4.556s] [ 45%] [32mBuilding C object CMakeFiles/hello_world_msgs__rosidl_typesupport_introspection_c.dir/rosidl_typesupport_introspection_c/hello_world_msgs/msg/detail/hello_world__type_support.c.o[0m
[4.596s] [ 48%] [32m[1mLinking CXX shared library libhello_world_msgs__rosidl_typesupport_c.so[0m
[4.685s] [ 51%] [32m[1mLinking C shared library libhello_world_msgs__rosidl_typesupport_introspection_c.so[0m
[4.774s] [ 51%] Built target hello_world_msgs__rosidl_typesupport_c
[4.788s] [ 54%] [32m[1mLinking CXX shared library libhello_world_msgs__rosidl_typesupport_cpp.so[0m
[4.819s] [ 54%] Built target hello_world_msgs__rosidl_typesupport_introspection_c
[4.840s] [ 58%] [32m[1mLinking CXX shared library libhello_world_msgs__rosidl_typesupport_introspection_cpp.so[0m
[4.970s] [ 58%] Built target hello_world_msgs__rosidl_typesupport_cpp
[4.995s] [ 58%] Built target hello_world_msgs__rosidl_typesupport_introspection_cpp
[5.024s] [ 61%] [32m[1mLinking CXX shared library libhello_world_msgs__rosidl_typesupport_fastrtps_cpp.so[0m
[5.228s] [ 61%] Built target hello_world_msgs__rosidl_typesupport_fastrtps_cpp
[5.300s] [ 64%] [34m[1mGenerating C type support for eProsima Fast-RTPS[0m
[5.698s] [35m[1mScanning dependencies of target hello_world_msgs__rosidl_typesupport_fastrtps_c[0m
[5.791s] [ 67%] [32mBuilding CXX object CMakeFiles/hello_world_msgs__rosidl_typesupport_fastrtps_c.dir/rosidl_typesupport_fastrtps_c/hello_world_msgs/msg/detail/hello_world__type_support_c.cpp.o[0m
[6.113s] [ 70%] [32m[1mLinking CXX shared library libhello_world_msgs__rosidl_typesupport_fastrtps_c.so[0m
[6.354s] [ 70%] Built target hello_world_msgs__rosidl_typesupport_fastrtps_c
[6.380s] [35m[1mScanning dependencies of target hello_world_msgs[0m
[6.460s] [ 70%] Built target hello_world_msgs
[6.530s] [35m[1mScanning dependencies of target hello_world_msgs__py[0m
[6.596s] [ 74%] [34m[1mGenerating Python code for ROS interfaces[0m
[7.323s] [ 74%] Built target hello_world_msgs__py
[7.400s] [35m[1mScanning dependencies of target hello_world_msgs__python[0m
[7.467s] [ 77%] [32mBuilding C object CMakeFiles/hello_world_msgs__python.dir/rosidl_generator_py/hello_world_msgs/msg/_hello_world_s.c.o[0m
[7.641s] [ 80%] [32m[1mLinking C shared library rosidl_generator_py/hello_world_msgs/libhello_world_msgs__python.so[0m
[7.814s] [ 80%] Built target hello_world_msgs__python
[7.868s] [35m[1mScanning dependencies of target hello_world_msgs__rosidl_typesupport_c__pyext[0m
[7.891s] [35m[1mScanning dependencies of target hello_world_msgs__rosidl_typesupport_introspection_c__pyext[0m
[7.914s] [ 83%] [32mBuilding C object CMakeFiles/hello_world_msgs__rosidl_typesupport_c__pyext.dir/rosidl_generator_py/hello_world_msgs/_hello_world_msgs_s.ep.rosidl_typesupport_c.c.o[0m
[7.923s] [35m[1mScanning dependencies of target hello_world_msgs__rosidl_typesupport_fastrtps_c__pyext[0m
[7.947s] [ 87%] [32mBuilding C object CMakeFiles/hello_world_msgs__rosidl_typesupport_introspection_c__pyext.dir/rosidl_generator_py/hello_world_msgs/_hello_world_msgs_s.ep.rosidl_typesupport_introspection_c.c.o[0m
[7.986s] [ 90%] [32mBuilding C object CMakeFiles/hello_world_msgs__rosidl_typesupport_fastrtps_c__pyext.dir/rosidl_generator_py/hello_world_msgs/_hello_world_msgs_s.ep.rosidl_typesupport_fastrtps_c.c.o[0m
[8.046s] [ 93%] [32m[1mLinking C shared library rosidl_generator_py/hello_world_msgs/hello_world_msgs_s__rosidl_typesupport_c.cpython-38-x86_64-linux-gnu.so[0m
[8.067s] [ 96%] [32m[1mLinking CXX shared library rosidl_generator_py/hello_world_msgs/hello_world_msgs_s__rosidl_typesupport_fastrtps_c.cpython-38-x86_64-linux-gnu.so[0m
[8.133s] [ 96%] Built target hello_world_msgs__rosidl_typesupport_c__pyext
[8.140s] [100%] [32m[1mLinking C shared library rosidl_generator_py/hello_world_msgs/hello_world_msgs_s__rosidl_typesupport_introspection_c.cpython-38-x86_64-linux-gnu.so[0m
[8.148s] [100%] Built target hello_world_msgs__rosidl_typesupport_fastrtps_c__pyext
[8.193s] [100%] Built target hello_world_msgs__rosidl_typesupport_introspection_c__pyext
[8.218s] Invoked command in '/home/robot/nav2_ws/src/build/hello_world_msgs' returned '0': CMAKE_PREFIX_PATH=/home/robot/nav2_ws/install/examples_rclpy_minimal_subscriber:/home/robot/nav2_ws/install/examples_rclpy_minimal_service:/home/robot/nav2_ws/install/examples_rclpy_minimal_publisher:/home/robot/nav2_ws/install/examples_rclpy_minimal_client:/home/robot/nav2_ws/install/examples_rclpy_minimal_action_server:/home/robot/nav2_ws/install/examples_rclpy_minimal_action_client:/home/robot/nav2_ws/install/examples_rclpy_executors:/opt/ros/foxy:${CMAKE_PREFIX_PATH} /usr/bin/cmake --build /home/robot/nav2_ws/src/build/hello_world_msgs -- -j32 -l32
[9.020s] Invoking command in '/home/robot/nav2_ws/src/build/hello_world_msgs': CMAKE_PREFIX_PATH=/home/robot/nav2_ws/install/examples_rclpy_minimal_subscriber:/home/robot/nav2_ws/install/examples_rclpy_minimal_service:/home/robot/nav2_ws/install/examples_rclpy_minimal_publisher:/home/robot/nav2_ws/install/examples_rclpy_minimal_client:/home/robot/nav2_ws/install/examples_rclpy_minimal_action_server:/home/robot/nav2_ws/install/examples_rclpy_minimal_action_client:/home/robot/nav2_ws/install/examples_rclpy_executors:/opt/ros/foxy:${CMAKE_PREFIX_PATH} /usr/bin/cmake --install /home/robot/nav2_ws/src/build/hello_world_msgs
[9.058s] -- Install configuration: ""
[9.058s] -- Installing: /home/robot/nav2_ws/src/install/hello_world_msgs/share/ament_index/resource_index/rosidl_interfaces/hello_world_msgs
[9.058s] -- Installing: /home/robot/nav2_ws/src/install/hello_world_msgs/include/hello_world_msgs
[9.058s] -- Installing: /home/robot/nav2_ws/src/install/hello_world_msgs/include/hello_world_msgs/msg
[9.058s] -- Installing: /home/robot/nav2_ws/src/install/hello_world_msgs/include/hello_world_msgs/msg/rosidl_generator_c__visibility_control.h
[9.058s] -- Installing: /home/robot/nav2_ws/src/install/hello_world_msgs/include/hello_world_msgs/msg/hello_world.h
[9.058s] -- Installing: /home/robot/nav2_ws/src/install/hello_world_msgs/include/hello_world_msgs/msg/detail
[9.058s] -- Installing: /home/robot/nav2_ws/src/install/hello_world_msgs/include/hello_world_msgs/msg/detail/hello_world__functions.c
[9.058s] -- Installing: /home/robot/nav2_ws/src/install/hello_world_msgs/include/hello_world_msgs/msg/detail/hello_world__struct.h
[9.058s] -- Installing: /home/robot/nav2_ws/src/install/hello_world_msgs/include/hello_world_msgs/msg/detail/hello_world__type_support.h
[9.058s] -- Installing: /home/robot/nav2_ws/src/install/hello_world_msgs/include/hello_world_msgs/msg/detail/hello_world__functions.h
[9.058s] -- Installing: /home/robot/nav2_ws/src/install/hello_world_msgs/share/hello_world_msgs/environment/library_path.sh
[9.058s] -- Installing: /home/robot/nav2_ws/src/install/hello_world_msgs/share/hello_world_msgs/environment/library_path.dsv
[9.058s] -- Installing: /home/robot/nav2_ws/src/install/hello_world_msgs/lib/libhello_world_msgs__rosidl_generator_c.so
[9.058s] -- Set runtime path of "/home/robot/nav2_ws/src/install/hello_world_msgs/lib/libhello_world_msgs__rosidl_generator_c.so" to ""
[9.058s] -- Up-to-date: /home/robot/nav2_ws/src/install/hello_world_msgs/include/hello_world_msgs
[9.058s] -- Up-to-date: /home/robot/nav2_ws/src/install/hello_world_msgs/include/hello_world_msgs/msg
[9.058s] -- Up-to-date: /home/robot/nav2_ws/src/install/hello_world_msgs/include/hello_world_msgs/msg/detail
[9.058s] -- Installing: /home/robot/nav2_ws/src/install/hello_world_msgs/include/hello_world_msgs/msg/detail/hello_world__rosidl_typesupport_fastrtps_c.h
[9.058s] -- Installing: /home/robot/nav2_ws/src/install/hello_world_msgs/include/hello_world_msgs/msg/rosidl_typesupport_fastrtps_c__visibility_control.h
[9.059s] -- Installing: /home/robot/nav2_ws/src/install/hello_world_msgs/lib/libhello_world_msgs__rosidl_typesupport_fastrtps_c.so
[9.059s] -- Set runtime path of "/home/robot/nav2_ws/src/install/hello_world_msgs/lib/libhello_world_msgs__rosidl_typesupport_fastrtps_c.so" to ""
[9.059s] -- Up-to-date: /home/robot/nav2_ws/src/install/hello_world_msgs/include/hello_world_msgs
[9.060s] -- Up-to-date: /home/robot/nav2_ws/src/install/hello_world_msgs/include/hello_world_msgs/msg
[9.060s] -- Installing: /home/robot/nav2_ws/src/install/hello_world_msgs/include/hello_world_msgs/msg/rosidl_typesupport_fastrtps_cpp__visibility_control.h
[9.060s] -- Up-to-date: /home/robot/nav2_ws/src/install/hello_world_msgs/include/hello_world_msgs/msg/detail
[9.060s] -- Installing: /home/robot/nav2_ws/src/install/hello_world_msgs/include/hello_world_msgs/msg/detail/hello_world__rosidl_typesupport_fastrtps_cpp.hpp
[9.060s] -- Installing: /home/robot/nav2_ws/src/install/hello_world_msgs/include/hello_world_msgs/msg/detail/dds_fastrtps
[9.060s] -- Installing: /home/robot/nav2_ws/src/install/hello_world_msgs/lib/libhello_world_msgs__rosidl_typesupport_fastrtps_cpp.so
[9.061s] -- Set runtime path of "/home/robot/nav2_ws/src/install/hello_world_msgs/lib/libhello_world_msgs__rosidl_typesupport_fastrtps_cpp.so" to ""
[9.062s] -- Up-to-date: /home/robot/nav2_ws/src/install/hello_world_msgs/include/hello_world_msgs
[9.062s] -- Up-to-date: /home/robot/nav2_ws/src/install/hello_world_msgs/include/hello_world_msgs/msg
[9.062s] -- Up-to-date: /home/robot/nav2_ws/src/install/hello_world_msgs/include/hello_world_msgs/msg/detail
[9.062s] -- Installing: /home/robot/nav2_ws/src/install/hello_world_msgs/include/hello_world_msgs/msg/detail/hello_world__type_support.c
[9.062s] -- Installing: /home/robot/nav2_ws/src/install/hello_world_msgs/include/hello_world_msgs/msg/detail/hello_world__rosidl_typesupport_introspection_c.h
[9.063s] -- Installing: /home/robot/nav2_ws/src/install/hello_world_msgs/include/hello_world_msgs/msg/rosidl_typesupport_introspection_c__visibility_control.h
[9.063s] -- Installing: /home/robot/nav2_ws/src/install/hello_world_msgs/lib/libhello_world_msgs__rosidl_typesupport_introspection_c.so
[9.065s] -- Set runtime path of "/home/robot/nav2_ws/src/install/hello_world_msgs/lib/libhello_world_msgs__rosidl_typesupport_introspection_c.so" to ""
[9.066s] -- Installing: /home/robot/nav2_ws/src/install/hello_world_msgs/lib/libhello_world_msgs__rosidl_typesupport_c.so
[9.073s] -- Set runtime path of "/home/robot/nav2_ws/src/install/hello_world_msgs/lib/libhello_world_msgs__rosidl_typesupport_c.so" to ""
[9.074s] -- Up-to-date: /home/robot/nav2_ws/src/install/hello_world_msgs/include/hello_world_msgs
[9.074s] -- Up-to-date: /home/robot/nav2_ws/src/install/hello_world_msgs/include/hello_world_msgs/msg
[9.074s] -- Up-to-date: /home/robot/nav2_ws/src/install/hello_world_msgs/include/hello_world_msgs/msg/detail
[9.074s] -- Installing: /home/robot/nav2_ws/src/install/hello_world_msgs/include/hello_world_msgs/msg/detail/hello_world__traits.hpp
[9.074s] -- Installing: /home/robot/nav2_ws/src/install/hello_world_msgs/include/hello_world_msgs/msg/detail/hello_world__type_support.hpp
[9.074s] -- Installing: /home/robot/nav2_ws/src/install/hello_world_msgs/include/hello_world_msgs/msg/detail/hello_world__builder.hpp
[9.074s] -- Installing: /home/robot/nav2_ws/src/install/hello_world_msgs/include/hello_world_msgs/msg/detail/hello_world__struct.hpp
[9.075s] -- Installing: /home/robot/nav2_ws/src/install/hello_world_msgs/include/hello_world_msgs/msg/hello_world.hpp
[9.075s] -- Installing: /home/robot/nav2_ws/src/install/hello_world_msgs/include/hello_world_msgs/msg/rosidl_generator_cpp__visibility_control.hpp
[9.075s] -- Up-to-date: /home/robot/nav2_ws/src/install/hello_world_msgs/include/hello_world_msgs
[9.075s] -- Up-to-date: /home/robot/nav2_ws/src/install/hello_world_msgs/include/hello_world_msgs/msg
[9.075s] -- Up-to-date: /home/robot/nav2_ws/src/install/hello_world_msgs/include/hello_world_msgs/msg/detail
[9.075s] -- Installing: /home/robot/nav2_ws/src/install/hello_world_msgs/include/hello_world_msgs/msg/detail/hello_world__rosidl_typesupport_introspection_cpp.hpp
[9.075s] -- Installing: /home/robot/nav2_ws/src/install/hello_world_msgs/include/hello_world_msgs/msg/detail/hello_world__type_support.cpp
[9.076s] -- Installing: /home/robot/nav2_ws/src/install/hello_world_msgs/lib/libhello_world_msgs__rosidl_typesupport_introspection_cpp.so
[9.076s] -- Set runtime path of "/home/robot/nav2_ws/src/install/hello_world_msgs/lib/libhello_world_msgs__rosidl_typesupport_introspection_cpp.so" to ""
[9.076s] -- Installing: /home/robot/nav2_ws/src/install/hello_world_msgs/lib/libhello_world_msgs__rosidl_typesupport_cpp.so
[9.077s] -- Set runtime path of "/home/robot/nav2_ws/src/install/hello_world_msgs/lib/libhello_world_msgs__rosidl_typesupport_cpp.so" to ""
[9.077s] -- Installing: /home/robot/nav2_ws/src/install/hello_world_msgs/share/hello_world_msgs/environment/pythonpath.sh
[9.077s] -- Installing: /home/robot/nav2_ws/src/install/hello_world_msgs/share/hello_world_msgs/environment/pythonpath.dsv
[9.077s] -- Installing: /home/robot/nav2_ws/src/install/hello_world_msgs/lib/python3.8/site-packages/hello_world_msgs/__init__.py
[9.134s] Compiling '/home/robot/nav2_ws/src/install/hello_world_msgs/lib/python3.8/site-packages/hello_world_msgs/__init__.py'...
[9.153s] -- Installing: /home/robot/nav2_ws/src/install/hello_world_msgs/lib/python3.8/site-packages/hello_world_msgs/msg
[9.153s] -- Installing: /home/robot/nav2_ws/src/install/hello_world_msgs/lib/python3.8/site-packages/hello_world_msgs/msg/_hello_world.py
[9.154s] -- Installing: /home/robot/nav2_ws/src/install/hello_world_msgs/lib/python3.8/site-packages/hello_world_msgs/msg/_hello_world_s.c
[9.154s] -- Installing: /home/robot/nav2_ws/src/install/hello_world_msgs/lib/python3.8/site-packages/hello_world_msgs/msg/__init__.py
[9.154s] -- Installing: /home/robot/nav2_ws/src/install/hello_world_msgs/lib/python3.8/site-packages/hello_world_msgs/hello_world_msgs_s__rosidl_typesupport_fastrtps_c.cpython-38-x86_64-linux-gnu.so
[9.154s] -- Set runtime path of "/home/robot/nav2_ws/src/install/hello_world_msgs/lib/python3.8/site-packages/hello_world_msgs/hello_world_msgs_s__rosidl_typesupport_fastrtps_c.cpython-38-x86_64-linux-gnu.so" to ""
[9.154s] -- Installing: /home/robot/nav2_ws/src/install/hello_world_msgs/lib/python3.8/site-packages/hello_world_msgs/hello_world_msgs_s__rosidl_typesupport_introspection_c.cpython-38-x86_64-linux-gnu.so
[9.155s] -- Set runtime path of "/home/robot/nav2_ws/src/install/hello_world_msgs/lib/python3.8/site-packages/hello_world_msgs/hello_world_msgs_s__rosidl_typesupport_introspection_c.cpython-38-x86_64-linux-gnu.so" to ""
[9.155s] -- Installing: /home/robot/nav2_ws/src/install/hello_world_msgs/lib/python3.8/site-packages/hello_world_msgs/hello_world_msgs_s__rosidl_typesupport_c.cpython-38-x86_64-linux-gnu.so
[9.155s] -- Set runtime path of "/home/robot/nav2_ws/src/install/hello_world_msgs/lib/python3.8/site-packages/hello_world_msgs/hello_world_msgs_s__rosidl_typesupport_c.cpython-38-x86_64-linux-gnu.so" to ""
[9.155s] -- Installing: /home/robot/nav2_ws/src/install/hello_world_msgs/lib/libhello_world_msgs__python.so
[9.156s] -- Set runtime path of "/home/robot/nav2_ws/src/install/hello_world_msgs/lib/libhello_world_msgs__python.so" to ""
[9.156s] -- Installing: /home/robot/nav2_ws/src/install/hello_world_msgs/share/hello_world_msgs/msg/HelloWorld.idl
[9.156s] -- Installing: /home/robot/nav2_ws/src/install/hello_world_msgs/share/hello_world_msgs/msg/HelloWorld.msg
[9.156s] -- Installing: /home/robot/nav2_ws/src/install/hello_world_msgs/share/ament_index/resource_index/package_run_dependencies/hello_world_msgs
[9.156s] -- Installing: /home/robot/nav2_ws/src/install/hello_world_msgs/share/ament_index/resource_index/parent_prefix_path/hello_world_msgs
[9.156s] -- Installing: /home/robot/nav2_ws/src/install/hello_world_msgs/share/hello_world_msgs/environment/ament_prefix_path.sh
[9.156s] -- Installing: /home/robot/nav2_ws/src/install/hello_world_msgs/share/hello_world_msgs/environment/ament_prefix_path.dsv
[9.156s] -- Installing: /home/robot/nav2_ws/src/install/hello_world_msgs/share/hello_world_msgs/environment/path.sh
[9.156s] -- Installing: /home/robot/nav2_ws/src/install/hello_world_msgs/share/hello_world_msgs/environment/path.dsv
[9.157s] -- Installing: /home/robot/nav2_ws/src/install/hello_world_msgs/share/hello_world_msgs/local_setup.bash
[9.157s] -- Installing: /home/robot/nav2_ws/src/install/hello_world_msgs/share/hello_world_msgs/local_setup.sh
[9.157s] -- Installing: /home/robot/nav2_ws/src/install/hello_world_msgs/share/hello_world_msgs/local_setup.zsh
[9.157s] -- Installing: /home/robot/nav2_ws/src/install/hello_world_msgs/share/hello_world_msgs/local_setup.dsv
[9.157s] -- Installing: /home/robot/nav2_ws/src/install/hello_world_msgs/share/hello_world_msgs/package.dsv
[9.157s] -- Installing: /home/robot/nav2_ws/src/install/hello_world_msgs/share/ament_index/resource_index/packages/hello_world_msgs
[9.157s] -- Installing: /home/robot/nav2_ws/src/install/hello_world_msgs/share/hello_world_msgs/cmake/hello_world_msgs__rosidl_generator_cExport.cmake
[9.157s] -- Installing: /home/robot/nav2_ws/src/install/hello_world_msgs/share/hello_world_msgs/cmake/hello_world_msgs__rosidl_generator_cExport-noconfig.cmake
[9.157s] -- Installing: /home/robot/nav2_ws/src/install/hello_world_msgs/share/hello_world_msgs/cmake/hello_world_msgs__rosidl_typesupport_introspection_cExport.cmake
[9.158s] -- Installing: /home/robot/nav2_ws/src/install/hello_world_msgs/share/hello_world_msgs/cmake/hello_world_msgs__rosidl_typesupport_introspection_cExport-noconfig.cmake
[9.158s] -- Installing: /home/robot/nav2_ws/src/install/hello_world_msgs/share/hello_world_msgs/cmake/hello_world_msgs__rosidl_typesupport_cExport.cmake
[9.158s] -- Installing: /home/robot/nav2_ws/src/install/hello_world_msgs/share/hello_world_msgs/cmake/hello_world_msgs__rosidl_typesupport_cExport-noconfig.cmake
[9.158s] -- Installing: /home/robot/nav2_ws/src/install/hello_world_msgs/share/hello_world_msgs/cmake/hello_world_msgs__rosidl_generator_cppExport.cmake
[9.158s] -- Installing: /home/robot/nav2_ws/src/install/hello_world_msgs/share/hello_world_msgs/cmake/hello_world_msgs__rosidl_typesupport_introspection_cppExport.cmake
[9.158s] -- Installing: /home/robot/nav2_ws/src/install/hello_world_msgs/share/hello_world_msgs/cmake/hello_world_msgs__rosidl_typesupport_introspection_cppExport-noconfig.cmake
[9.158s] -- Installing: /home/robot/nav2_ws/src/install/hello_world_msgs/share/hello_world_msgs/cmake/hello_world_msgs__rosidl_typesupport_cppExport.cmake
[9.158s] -- Installing: /home/robot/nav2_ws/src/install/hello_world_msgs/share/hello_world_msgs/cmake/hello_world_msgs__rosidl_typesupport_cppExport-noconfig.cmake
[9.159s] -- Installing: /home/robot/nav2_ws/src/install/hello_world_msgs/share/hello_world_msgs/cmake/rosidl_cmake-extras.cmake
[9.159s] -- Installing: /home/robot/nav2_ws/src/install/hello_world_msgs/share/hello_world_msgs/cmake/ament_cmake_export_dependencies-extras.cmake
[9.159s] -- Installing: /home/robot/nav2_ws/src/install/hello_world_msgs/share/hello_world_msgs/cmake/ament_cmake_export_libraries-extras.cmake
[9.159s] -- Installing: /home/robot/nav2_ws/src/install/hello_world_msgs/share/hello_world_msgs/cmake/ament_cmake_export_targets-extras.cmake
[9.159s] -- Installing: /home/robot/nav2_ws/src/install/hello_world_msgs/share/hello_world_msgs/cmake/ament_cmake_export_include_directories-extras.cmake
[9.159s] -- Installing: /home/robot/nav2_ws/src/install/hello_world_msgs/share/hello_world_msgs/cmake/rosidl_cmake_export_typesupport_libraries-extras.cmake
[9.159s] -- Installing: /home/robot/nav2_ws/src/install/hello_world_msgs/share/hello_world_msgs/cmake/rosidl_cmake_export_typesupport_targets-extras.cmake
[9.159s] -- Installing: /home/robot/nav2_ws/src/install/hello_world_msgs/share/hello_world_msgs/cmake/hello_world_msgsConfig.cmake
[9.159s] -- Installing: /home/robot/nav2_ws/src/install/hello_world_msgs/share/hello_world_msgs/cmake/hello_world_msgsConfig-version.cmake
[9.159s] -- Installing: /home/robot/nav2_ws/src/install/hello_world_msgs/share/hello_world_msgs/package.xml
[9.162s] Invoked command in '/home/robot/nav2_ws/src/build/hello_world_msgs' returned '0': CMAKE_PREFIX_PATH=/home/robot/nav2_ws/install/examples_rclpy_minimal_subscriber:/home/robot/nav2_ws/install/examples_rclpy_minimal_service:/home/robot/nav2_ws/install/examples_rclpy_minimal_publisher:/home/robot/nav2_ws/install/examples_rclpy_minimal_client:/home/robot/nav2_ws/install/examples_rclpy_minimal_action_server:/home/robot/nav2_ws/install/examples_rclpy_minimal_action_client:/home/robot/nav2_ws/install/examples_rclpy_executors:/opt/ros/foxy:${CMAKE_PREFIX_PATH} /usr/bin/cmake --install /home/robot/nav2_ws/src/build/hello_world_msgs
