[0.829s] Invoking command in '/home/robot/nav2_ws/build/village_wang': CMAKE_PREFIX_PATH=/opt/ros/foxy /usr/bin/cmake /home/robot/nav2_ws/src/village_wang -DCMAKE_INSTALL_PREFIX=/home/robot/nav2_ws/install/village_wang
[0.852s] -- The C compiler identification is GNU 9.4.0
[0.874s] -- The CXX compiler identification is GNU 9.4.0
[0.878s] -- Check for working C compiler: /usr/bin/cc
[0.913s] -- Check for working C compiler: /usr/bin/cc -- works
[0.913s] -- Detecting C compiler ABI info
[0.950s] -- Detecting C compiler ABI info - done
[0.958s] -- Detecting C compile features
[0.958s] -- Detecting C compile features - done
[0.961s] -- Check for working CXX compiler: /usr/bin/c++
[0.994s] -- Check for working CXX compiler: /usr/bin/c++ -- works
[0.995s] -- Detecting CXX compiler ABI info
[1.030s] -- Detecting CXX compiler ABI info - done
[1.039s] -- Detecting CXX compile features
[1.040s] -- Detecting CXX compile features - done
[1.041s] -- Found ament_cmake: 0.9.12 (/opt/ros/foxy/share/ament_cmake/cmake)
[1.055s] -- Found PythonInterp: /usr/bin/python3 (found suitable version "3.8.10", minimum required is "3") 
[1.055s] -- Using PYTHON_EXECUTABLE: /usr/bin/python3
[1.156s] -- Found rclcpp: 2.4.3 (/opt/ros/foxy/share/rclcpp/cmake)
[1.190s] -- Using all available rosidl_typesupport_c: rosidl_typesupport_fastrtps_c;rosidl_typesupport_introspection_c
[1.195s] -- Found rosidl_adapter: 1.3.1 (/opt/ros/foxy/share/rosidl_adapter/cmake)
[1.228s] -- Found OpenSSL: /usr/lib/x86_64-linux-gnu/libcrypto.so (found version "1.1.1f")  
[1.242s] -- Found FastRTPS: /opt/ros/foxy/include  
[1.277s] -- Using all available rosidl_typesupport_cpp: rosidl_typesupport_fastrtps_cpp;rosidl_typesupport_introspection_cpp
[1.302s] -- Found rmw_implementation_cmake: 1.0.4 (/opt/ros/foxy/share/rmw_implementation_cmake/cmake)
[1.302s] -- Using RMW implementation 'rmw_fastrtps_cpp' as default
[1.303s] -- Looking for pthread.h
[1.331s] -- Looking for pthread.h - found
[1.332s] -- Performing Test CMAKE_HAVE_LIBC_PTHREAD
[1.360s] -- Performing Test CMAKE_HAVE_LIBC_PTHREAD - Failed
[1.360s] -- Looking for pthread_create in pthreads
[1.390s] -- Looking for pthread_create in pthreads - not found
[1.390s] -- Looking for pthread_create in pthread
[1.437s] -- Looking for pthread_create in pthread - found
[1.438s] -- Found Threads: TRUE  
[1.511s] -- Found ament_lint_auto: 0.9.8 (/opt/ros/foxy/share/ament_lint_auto/cmake)
[1.543s] -- Added test 'copyright' to check source files copyright and LICENSE
[1.543s] -- Added test 'cppcheck' to perform static code analysis on C / C++ code
[1.543s] -- Configured cppcheck include dirs: 
[1.543s] -- Configured cppcheck exclude dirs and/or files: 
[1.543s] -- Added test 'cpplint' to check C / C++ code against the Google style
[1.544s] -- Configured cpplint exclude dirs and/or files: 
[1.544s] -- Added test 'lint_cmake' to check CMake code style
[1.544s] -- Added test 'uncrustify' to check C / C++ code style
[1.544s] -- Configured uncrustify additional arguments: 
[1.544s] -- Added test 'xmllint' to check XML markup files
[1.546s] -- Configuring done
[1.548s] -- Generating done
[1.549s] -- Build files have been written to: /home/robot/nav2_ws/build/village_wang
[1.553s] Invoked command in '/home/robot/nav2_ws/build/village_wang' returned '0': CMAKE_PREFIX_PATH=/opt/ros/foxy /usr/bin/cmake /home/robot/nav2_ws/src/village_wang -DCMAKE_INSTALL_PREFIX=/home/robot/nav2_ws/install/village_wang
[1.554s] Invoking command in '/home/robot/nav2_ws/build/village_wang': CMAKE_PREFIX_PATH=/opt/ros/foxy /usr/bin/cmake --build /home/robot/nav2_ws/build/village_wang -- -j32 -l32
[1.569s] [35m[1mScanning dependencies of target wang2_node[0m
[1.582s] [ 50%] [32mBuilding CXX object CMakeFiles/wang2_node.dir/src/wang2.cpp.o[0m
[2.204s] [100%] [32m[1mLinking CXX executable wang2_node[0m
[2.249s] [100%] Built target wang2_node
[2.254s] Invoked command in '/home/robot/nav2_ws/build/village_wang' returned '0': CMAKE_PREFIX_PATH=/opt/ros/foxy /usr/bin/cmake --build /home/robot/nav2_ws/build/village_wang -- -j32 -l32
[2.263s] Invoking command in '/home/robot/nav2_ws/build/village_wang': CMAKE_PREFIX_PATH=/opt/ros/foxy /usr/bin/cmake --install /home/robot/nav2_ws/build/village_wang
[2.266s] -- Install configuration: ""
[2.266s] -- Installing: /home/robot/nav2_ws/install/village_wang/share/ament_index/resource_index/package_run_dependencies/village_wang
[2.267s] -- Installing: /home/robot/nav2_ws/install/village_wang/share/ament_index/resource_index/parent_prefix_path/village_wang
[2.267s] -- Installing: /home/robot/nav2_ws/install/village_wang/share/village_wang/environment/ament_prefix_path.sh
[2.267s] -- Installing: /home/robot/nav2_ws/install/village_wang/share/village_wang/environment/ament_prefix_path.dsv
[2.267s] -- Installing: /home/robot/nav2_ws/install/village_wang/share/village_wang/environment/path.sh
[2.267s] -- Installing: /home/robot/nav2_ws/install/village_wang/share/village_wang/environment/path.dsv
[2.267s] -- Installing: /home/robot/nav2_ws/install/village_wang/share/village_wang/local_setup.bash
[2.267s] -- Installing: /home/robot/nav2_ws/install/village_wang/share/village_wang/local_setup.sh
[2.267s] -- Installing: /home/robot/nav2_ws/install/village_wang/share/village_wang/local_setup.zsh
[2.267s] -- Installing: /home/robot/nav2_ws/install/village_wang/share/village_wang/local_setup.dsv
[2.267s] -- Installing: /home/robot/nav2_ws/install/village_wang/share/village_wang/package.dsv
[2.267s] -- Installing: /home/robot/nav2_ws/install/village_wang/share/ament_index/resource_index/packages/village_wang
[2.267s] -- Installing: /home/robot/nav2_ws/install/village_wang/share/village_wang/cmake/village_wangConfig.cmake
[2.267s] -- Installing: /home/robot/nav2_ws/install/village_wang/share/village_wang/cmake/village_wangConfig-version.cmake
[2.267s] -- Installing: /home/robot/nav2_ws/install/village_wang/share/village_wang/package.xml
[2.267s] -- Installing: /home/robot/nav2_ws/install/village_wang/lib/village_wang/wang2_node
[2.267s] -- Set runtime path of "/home/robot/nav2_ws/install/village_wang/lib/village_wang/wang2_node" to ""
[2.268s] Invoked command in '/home/robot/nav2_ws/build/village_wang' returned '0': CMAKE_PREFIX_PATH=/opt/ros/foxy /usr/bin/cmake --install /home/robot/nav2_ws/build/village_wang
