[0.093s] DEBUG:colcon:Command line arguments: ['/usr/bin/colcon', 'build', '--packages-select', 'ros2_socket_sender']
[0.094s] DEBUG:colcon:Parsed command line arguments: Namespace(allow_overriding=[], ament_cmake_args=None, base_paths=['.'], build_base='build', catkin_cmake_args=None, catkin_skip_building_tests=False, cmake_args=None, cmake_clean_cache=False, cmake_clean_first=False, cmake_force_configure=False, cmake_target=None, cmake_target_skip_unavailable=False, continue_on_error=False, event_handlers=None, executor='parallel', ignore_user_meta=False, install_base='install', log_base=None, log_level=None, main=<bound method BuildVerb.main of <colcon_core.verb.build.BuildVerb object at 0x7f3af18c56d0>>, merge_install=False, metas=['./colcon.meta'], packages_above=None, packages_above_and_dependencies=None, packages_above_depth=None, packages_end=None, packages_ignore=None, packages_ignore_regex=None, packages_select=['ros2_socket_sender'], packages_select_build_failed=False, packages_select_by_dep=None, packages_select_regex=None, packages_select_test_failures=False, packages_skip=None, packages_skip_build_finished=False, packages_skip_by_dep=None, packages_skip_regex=None, packages_skip_test_passed=False, packages_skip_up_to=None, packages_start=None, packages_up_to=None, packages_up_to_regex=None, parallel_workers=32, paths=None, symlink_install=False, test_result_base=None, verb_extension=<colcon_core.verb.build.BuildVerb object at 0x7f3af18c56d0>, verb_name='build', verb_parser=<colcon_defaults.argument_parser.defaults.DefaultArgumentsDecorator object at 0x7f3af18c5e20>)
[0.175s] Level 1:colcon.colcon_core.package_discovery:discover_packages(colcon_meta) check parameters
[0.175s] Level 1:colcon.colcon_core.package_discovery:discover_packages(recursive) check parameters
[0.175s] Level 1:colcon.colcon_core.package_discovery:discover_packages(ignore) check parameters
[0.175s] Level 1:colcon.colcon_core.package_discovery:discover_packages(path) check parameters
[0.175s] Level 1:colcon.colcon_core.package_discovery:discover_packages(colcon_meta) discover
[0.175s] Level 1:colcon.colcon_core.package_discovery:discover_packages(recursive) discover
[0.175s] INFO:colcon.colcon_core.package_discovery:Crawling recursively for packages in '/home/robot/nav2_ws'
[0.175s] Level 1:colcon.colcon_core.package_identification:_identify(.) by extensions ['ignore', 'ignore_ament_install']
[0.175s] Level 1:colcon.colcon_core.package_identification:_identify(.) by extension 'ignore'
[0.175s] Level 1:colcon.colcon_core.package_identification:_identify(.) by extension 'ignore_ament_install'
[0.175s] Level 1:colcon.colcon_core.package_identification:_identify(.) by extensions ['colcon_pkg']
[0.175s] Level 1:colcon.colcon_core.package_identification:_identify(.) by extension 'colcon_pkg'
[0.175s] Level 1:colcon.colcon_core.package_identification:_identify(.) by extensions ['colcon_meta']
[0.175s] Level 1:colcon.colcon_core.package_identification:_identify(.) by extension 'colcon_meta'
[0.176s] Level 1:colcon.colcon_core.package_identification:_identify(.) by extensions ['ros']
[0.176s] Level 1:colcon.colcon_core.package_identification:_identify(.) by extension 'ros'
[0.180s] Level 1:colcon.colcon_core.package_identification:_identify(.) by extensions ['cmake', 'python']
[0.180s] Level 1:colcon.colcon_core.package_identification:_identify(.) by extension 'cmake'
[0.180s] Level 1:colcon.colcon_core.package_identification:_identify(.) by extension 'python'
[0.181s] Level 1:colcon.colcon_core.package_identification:_identify(.) by extensions ['python_setup_py']
[0.181s] Level 1:colcon.colcon_core.package_identification:_identify(.) by extension 'python_setup_py'
[0.181s] Level 1:colcon.colcon_core.package_identification:_identify(build) by extensions ['ignore', 'ignore_ament_install']
[0.181s] Level 1:colcon.colcon_core.package_identification:_identify(build) by extension 'ignore'
[0.181s] Level 1:colcon.colcon_core.package_identification:_identify(build) ignored
[0.181s] Level 1:colcon.colcon_core.package_identification:_identify(install) by extensions ['ignore', 'ignore_ament_install']
[0.181s] Level 1:colcon.colcon_core.package_identification:_identify(install) by extension 'ignore'
[0.181s] Level 1:colcon.colcon_core.package_identification:_identify(install) ignored
[0.181s] Level 1:colcon.colcon_core.package_identification:_identify(log) by extensions ['ignore', 'ignore_ament_install']
[0.181s] Level 1:colcon.colcon_core.package_identification:_identify(log) by extension 'ignore'
[0.181s] Level 1:colcon.colcon_core.package_identification:_identify(log) ignored
[0.181s] Level 1:colcon.colcon_core.package_identification:_identify(src) by extensions ['ignore', 'ignore_ament_install']
[0.181s] Level 1:colcon.colcon_core.package_identification:_identify(src) by extension 'ignore'
[0.181s] Level 1:colcon.colcon_core.package_identification:_identify(src) by extension 'ignore_ament_install'
[0.181s] Level 1:colcon.colcon_core.package_identification:_identify(src) by extensions ['colcon_pkg']
[0.181s] Level 1:colcon.colcon_core.package_identification:_identify(src) by extension 'colcon_pkg'
[0.181s] Level 1:colcon.colcon_core.package_identification:_identify(src) by extensions ['colcon_meta']
[0.181s] Level 1:colcon.colcon_core.package_identification:_identify(src) by extension 'colcon_meta'
[0.181s] Level 1:colcon.colcon_core.package_identification:_identify(src) by extensions ['ros']
[0.181s] Level 1:colcon.colcon_core.package_identification:_identify(src) by extension 'ros'
[0.181s] Level 1:colcon.colcon_core.package_identification:_identify(src) by extensions ['cmake', 'python']
[0.181s] Level 1:colcon.colcon_core.package_identification:_identify(src) by extension 'cmake'
[0.181s] Level 1:colcon.colcon_core.package_identification:_identify(src) by extension 'python'
[0.181s] Level 1:colcon.colcon_core.package_identification:_identify(src) by extensions ['python_setup_py']
[0.181s] Level 1:colcon.colcon_core.package_identification:_identify(src) by extension 'python_setup_py'
[0.181s] Level 1:colcon.colcon_core.package_identification:_identify(src/car2) by extensions ['ignore', 'ignore_ament_install']
[0.181s] Level 1:colcon.colcon_core.package_identification:_identify(src/car2) by extension 'ignore'
[0.181s] Level 1:colcon.colcon_core.package_identification:_identify(src/car2) by extension 'ignore_ament_install'
[0.181s] Level 1:colcon.colcon_core.package_identification:_identify(src/car2) by extensions ['colcon_pkg']
[0.181s] Level 1:colcon.colcon_core.package_identification:_identify(src/car2) by extension 'colcon_pkg'
[0.181s] Level 1:colcon.colcon_core.package_identification:_identify(src/car2) by extensions ['colcon_meta']
[0.181s] Level 1:colcon.colcon_core.package_identification:_identify(src/car2) by extension 'colcon_meta'
[0.181s] Level 1:colcon.colcon_core.package_identification:_identify(src/car2) by extensions ['ros']
[0.181s] Level 1:colcon.colcon_core.package_identification:_identify(src/car2) by extension 'ros'
[0.182s] DEBUG:colcon.colcon_core.package_identification:Package 'src/car2' with type 'ros.ament_cmake' and name 'car2'
[0.182s] Level 1:colcon.colcon_core.package_identification:_identify(src/h1_sport) by extensions ['ignore', 'ignore_ament_install']
[0.182s] Level 1:colcon.colcon_core.package_identification:_identify(src/h1_sport) by extension 'ignore'
[0.182s] Level 1:colcon.colcon_core.package_identification:_identify(src/h1_sport) by extension 'ignore_ament_install'
[0.182s] Level 1:colcon.colcon_core.package_identification:_identify(src/h1_sport) by extensions ['colcon_pkg']
[0.182s] Level 1:colcon.colcon_core.package_identification:_identify(src/h1_sport) by extension 'colcon_pkg'
[0.182s] Level 1:colcon.colcon_core.package_identification:_identify(src/h1_sport) by extensions ['colcon_meta']
[0.183s] Level 1:colcon.colcon_core.package_identification:_identify(src/h1_sport) by extension 'colcon_meta'
[0.183s] Level 1:colcon.colcon_core.package_identification:_identify(src/h1_sport) by extensions ['ros']
[0.183s] Level 1:colcon.colcon_core.package_identification:_identify(src/h1_sport) by extension 'ros'
[0.183s] DEBUG:colcon.colcon_core.package_identification:Package 'src/h1_sport' with type 'ros.ament_cmake' and name 'h1_sport'
[0.183s] Level 1:colcon.colcon_core.package_identification:_identify(src/hello_world_msgs) by extensions ['ignore', 'ignore_ament_install']
[0.183s] Level 1:colcon.colcon_core.package_identification:_identify(src/hello_world_msgs) by extension 'ignore'
[0.183s] Level 1:colcon.colcon_core.package_identification:_identify(src/hello_world_msgs) by extension 'ignore_ament_install'
[0.183s] Level 1:colcon.colcon_core.package_identification:_identify(src/hello_world_msgs) by extensions ['colcon_pkg']
[0.183s] Level 1:colcon.colcon_core.package_identification:_identify(src/hello_world_msgs) by extension 'colcon_pkg'
[0.183s] Level 1:colcon.colcon_core.package_identification:_identify(src/hello_world_msgs) by extensions ['colcon_meta']
[0.183s] Level 1:colcon.colcon_core.package_identification:_identify(src/hello_world_msgs) by extension 'colcon_meta'
[0.183s] Level 1:colcon.colcon_core.package_identification:_identify(src/hello_world_msgs) by extensions ['ros']
[0.183s] Level 1:colcon.colcon_core.package_identification:_identify(src/hello_world_msgs) by extension 'ros'
[0.183s] DEBUG:colcon.colcon_core.package_identification:Package 'src/hello_world_msgs' with type 'ros.ament_cmake' and name 'hello_world_msgs'
[0.183s] Level 1:colcon.colcon_core.package_identification:_identify(src/ros2_socket_sender) by extensions ['ignore', 'ignore_ament_install']
[0.183s] Level 1:colcon.colcon_core.package_identification:_identify(src/ros2_socket_sender) by extension 'ignore'
[0.183s] Level 1:colcon.colcon_core.package_identification:_identify(src/ros2_socket_sender) by extension 'ignore_ament_install'
[0.183s] Level 1:colcon.colcon_core.package_identification:_identify(src/ros2_socket_sender) by extensions ['colcon_pkg']
[0.183s] Level 1:colcon.colcon_core.package_identification:_identify(src/ros2_socket_sender) by extension 'colcon_pkg'
[0.183s] Level 1:colcon.colcon_core.package_identification:_identify(src/ros2_socket_sender) by extensions ['colcon_meta']
[0.183s] Level 1:colcon.colcon_core.package_identification:_identify(src/ros2_socket_sender) by extension 'colcon_meta'
[0.183s] Level 1:colcon.colcon_core.package_identification:_identify(src/ros2_socket_sender) by extensions ['ros']
[0.183s] Level 1:colcon.colcon_core.package_identification:_identify(src/ros2_socket_sender) by extension 'ros'
[0.183s] DEBUG:colcon.colcon_core.package_identification:Package 'src/ros2_socket_sender' with type 'ros.ament_cmake' and name 'ros2_socket_sender'
[0.184s] Level 1:colcon.colcon_core.package_identification:_identify(src/sdk2_user_cmake_example) by extensions ['ignore', 'ignore_ament_install']
[0.184s] Level 1:colcon.colcon_core.package_identification:_identify(src/sdk2_user_cmake_example) by extension 'ignore'
[0.184s] Level 1:colcon.colcon_core.package_identification:_identify(src/sdk2_user_cmake_example) by extension 'ignore_ament_install'
[0.184s] Level 1:colcon.colcon_core.package_identification:_identify(src/sdk2_user_cmake_example) by extensions ['colcon_pkg']
[0.184s] Level 1:colcon.colcon_core.package_identification:_identify(src/sdk2_user_cmake_example) by extension 'colcon_pkg'
[0.184s] Level 1:colcon.colcon_core.package_identification:_identify(src/sdk2_user_cmake_example) by extensions ['colcon_meta']
[0.184s] Level 1:colcon.colcon_core.package_identification:_identify(src/sdk2_user_cmake_example) by extension 'colcon_meta'
[0.184s] Level 1:colcon.colcon_core.package_identification:_identify(src/sdk2_user_cmake_example) by extensions ['ros']
[0.184s] Level 1:colcon.colcon_core.package_identification:_identify(src/sdk2_user_cmake_example) by extension 'ros'
[0.184s] Level 1:colcon.colcon_core.package_identification:_identify(src/sdk2_user_cmake_example) by extensions ['cmake', 'python']
[0.184s] Level 1:colcon.colcon_core.package_identification:_identify(src/sdk2_user_cmake_example) by extension 'cmake'
[0.185s] Level 1:colcon.colcon_core.package_identification:_identify(src/sdk2_user_cmake_example) by extension 'python'
[0.185s] DEBUG:colcon.colcon_core.package_identification:Package 'src/sdk2_user_cmake_example' with type 'cmake' and name 'sdk2_user'
[0.185s] Level 1:colcon.colcon_core.package_identification:_identify(src/unitree_sdk2) by extensions ['ignore', 'ignore_ament_install']
[0.185s] Level 1:colcon.colcon_core.package_identification:_identify(src/unitree_sdk2) by extension 'ignore'
[0.185s] Level 1:colcon.colcon_core.package_identification:_identify(src/unitree_sdk2) by extension 'ignore_ament_install'
[0.185s] Level 1:colcon.colcon_core.package_identification:_identify(src/unitree_sdk2) by extensions ['colcon_pkg']
[0.185s] Level 1:colcon.colcon_core.package_identification:_identify(src/unitree_sdk2) by extension 'colcon_pkg'
[0.185s] Level 1:colcon.colcon_core.package_identification:_identify(src/unitree_sdk2) by extensions ['colcon_meta']
[0.185s] Level 1:colcon.colcon_core.package_identification:_identify(src/unitree_sdk2) by extension 'colcon_meta'
[0.185s] Level 1:colcon.colcon_core.package_identification:_identify(src/unitree_sdk2) by extensions ['ros']
[0.185s] Level 1:colcon.colcon_core.package_identification:_identify(src/unitree_sdk2) by extension 'ros'
[0.185s] Level 1:colcon.colcon_core.package_identification:_identify(src/unitree_sdk2) by extensions ['cmake', 'python']
[0.185s] Level 1:colcon.colcon_core.package_identification:_identify(src/unitree_sdk2) by extension 'cmake'
[0.191s] Level 1:colcon.colcon_core.package_identification:_identify(src/unitree_sdk2) by extension 'python'
[0.191s] DEBUG:colcon.colcon_core.package_identification:Package 'src/unitree_sdk2' with type 'cmake' and name 'unitree_sdk2'
[0.191s] Level 1:colcon.colcon_core.package_identification:_identify(src/village_wang) by extensions ['ignore', 'ignore_ament_install']
[0.191s] Level 1:colcon.colcon_core.package_identification:_identify(src/village_wang) by extension 'ignore'
[0.191s] Level 1:colcon.colcon_core.package_identification:_identify(src/village_wang) by extension 'ignore_ament_install'
[0.191s] Level 1:colcon.colcon_core.package_identification:_identify(src/village_wang) by extensions ['colcon_pkg']
[0.191s] Level 1:colcon.colcon_core.package_identification:_identify(src/village_wang) by extension 'colcon_pkg'
[0.191s] Level 1:colcon.colcon_core.package_identification:_identify(src/village_wang) by extensions ['colcon_meta']
[0.191s] Level 1:colcon.colcon_core.package_identification:_identify(src/village_wang) by extension 'colcon_meta'
[0.191s] Level 1:colcon.colcon_core.package_identification:_identify(src/village_wang) by extensions ['ros']
[0.191s] Level 1:colcon.colcon_core.package_identification:_identify(src/village_wang) by extension 'ros'
[0.191s] DEBUG:colcon.colcon_core.package_identification:Package 'src/village_wang' with type 'ros.ament_cmake' and name 'village_wang'
[0.191s] Level 1:colcon.colcon_core.package_discovery:discover_packages(recursive) using defaults
[0.191s] Level 1:colcon.colcon_core.package_discovery:discover_packages(ignore) discover
[0.191s] Level 1:colcon.colcon_core.package_discovery:discover_packages(ignore) using defaults
[0.191s] Level 1:colcon.colcon_core.package_discovery:discover_packages(path) discover
[0.191s] Level 1:colcon.colcon_core.package_discovery:discover_packages(path) using defaults
[0.200s] INFO:colcon.colcon_core.package_selection:Skipping not selected package 'car2' in 'src/car2'
[0.200s] INFO:colcon.colcon_core.package_selection:Skipping not selected package 'h1_sport' in 'src/h1_sport'
[0.200s] INFO:colcon.colcon_core.package_selection:Skipping not selected package 'hello_world_msgs' in 'src/hello_world_msgs'
[0.200s] INFO:colcon.colcon_core.package_selection:Skipping not selected package 'unitree_sdk2' in 'src/unitree_sdk2'
[0.200s] INFO:colcon.colcon_core.package_selection:Skipping not selected package 'village_wang' in 'src/village_wang'
[0.200s] INFO:colcon.colcon_core.package_selection:Skipping not selected package 'sdk2_user' in 'src/sdk2_user_cmake_example'
[0.200s] Level 1:colcon.colcon_core.package_discovery:discover_packages(prefix_path) check parameters
[0.200s] Level 1:colcon.colcon_core.package_discovery:discover_packages(prefix_path) discover
[0.201s] DEBUG:colcon.colcon_installed_package_information.package_discovery:Found 24 installed packages in /home/robot/nav2_ws/install
[0.202s] DEBUG:colcon.colcon_installed_package_information.package_discovery:Found 380 installed packages in /opt/ros/foxy
[0.203s] Level 1:colcon.colcon_core.package_discovery:discover_packages(prefix_path) using defaults
[0.228s] Level 5:colcon.colcon_core.verb:set package 'ros2_socket_sender' build argument 'cmake_args' from command line to 'None'
[0.228s] Level 5:colcon.colcon_core.verb:set package 'ros2_socket_sender' build argument 'cmake_target' from command line to 'None'
[0.228s] Level 5:colcon.colcon_core.verb:set package 'ros2_socket_sender' build argument 'cmake_target_skip_unavailable' from command line to 'False'
[0.228s] Level 5:colcon.colcon_core.verb:set package 'ros2_socket_sender' build argument 'cmake_clean_cache' from command line to 'False'
[0.228s] Level 5:colcon.colcon_core.verb:set package 'ros2_socket_sender' build argument 'cmake_clean_first' from command line to 'False'
[0.228s] Level 5:colcon.colcon_core.verb:set package 'ros2_socket_sender' build argument 'cmake_force_configure' from command line to 'False'
[0.228s] Level 5:colcon.colcon_core.verb:set package 'ros2_socket_sender' build argument 'ament_cmake_args' from command line to 'None'
[0.228s] Level 5:colcon.colcon_core.verb:set package 'ros2_socket_sender' build argument 'catkin_cmake_args' from command line to 'None'
[0.228s] Level 5:colcon.colcon_core.verb:set package 'ros2_socket_sender' build argument 'catkin_skip_building_tests' from command line to 'False'
[0.228s] DEBUG:colcon.colcon_core.verb:Building package 'ros2_socket_sender' with the following arguments: {'ament_cmake_args': None, 'build_base': '/home/robot/nav2_ws/build/ros2_socket_sender', 'catkin_cmake_args': None, 'catkin_skip_building_tests': False, 'cmake_args': None, 'cmake_clean_cache': False, 'cmake_clean_first': False, 'cmake_force_configure': False, 'cmake_target': None, 'cmake_target_skip_unavailable': False, 'install_base': '/home/robot/nav2_ws/install/ros2_socket_sender', 'merge_install': False, 'path': '/home/robot/nav2_ws/src/ros2_socket_sender', 'symlink_install': False, 'test_result_base': None}
[0.228s] INFO:colcon.colcon_core.executor:Executing jobs using 'parallel' executor
[0.229s] DEBUG:colcon.colcon_parallel_executor.executor.parallel:run_until_complete
[0.229s] INFO:colcon.colcon_ros.task.ament_cmake.build:Building ROS package in '/home/robot/nav2_ws/src/ros2_socket_sender' with build type 'ament_cmake'
[0.229s] INFO:colcon.colcon_cmake.task.cmake.build:Building CMake package in '/home/robot/nav2_ws/src/ros2_socket_sender'
[0.230s] INFO:colcon.colcon_core.plugin_system:Skipping extension 'colcon_core.shell.bat': Not used on non-Windows systems
[0.230s] INFO:colcon.colcon_core.shell:Skip shell extension 'powershell' for command environment: Not usable outside of PowerShell
[0.230s] DEBUG:colcon.colcon_core.shell:Skip shell extension 'dsv' for command environment
[0.236s] DEBUG:colcon.colcon_core.event_handler.log_command:Invoking command in '/home/robot/nav2_ws/build/ros2_socket_sender': CMAKE_PREFIX_PATH=${CMAKE_PREFIX_PATH}:/home/robot/nav2_ws/install/examples_rclpy_minimal_subscriber:/home/robot/nav2_ws/install/examples_rclpy_minimal_service:/home/robot/nav2_ws/install/examples_rclpy_minimal_publisher:/home/robot/nav2_ws/install/examples_rclpy_minimal_client:/home/robot/nav2_ws/install/examples_rclpy_minimal_action_server:/home/robot/nav2_ws/install/examples_rclpy_minimal_action_client:/home/robot/nav2_ws/install/examples_rclpy_executors:/opt/ros/foxy /usr/bin/cmake --build /home/robot/nav2_ws/build/ros2_socket_sender -- -j32 -l32
[2.168s] DEBUG:colcon.colcon_core.event_handler.log_command:Invoked command in '/home/robot/nav2_ws/build/ros2_socket_sender' returned '0': CMAKE_PREFIX_PATH=${CMAKE_PREFIX_PATH}:/home/robot/nav2_ws/install/examples_rclpy_minimal_subscriber:/home/robot/nav2_ws/install/examples_rclpy_minimal_service:/home/robot/nav2_ws/install/examples_rclpy_minimal_publisher:/home/robot/nav2_ws/install/examples_rclpy_minimal_client:/home/robot/nav2_ws/install/examples_rclpy_minimal_action_server:/home/robot/nav2_ws/install/examples_rclpy_minimal_action_client:/home/robot/nav2_ws/install/examples_rclpy_executors:/opt/ros/foxy /usr/bin/cmake --build /home/robot/nav2_ws/build/ros2_socket_sender -- -j32 -l32
[2.182s] DEBUG:colcon.colcon_core.event_handler.log_command:Invoking command in '/home/robot/nav2_ws/build/ros2_socket_sender': CMAKE_PREFIX_PATH=${CMAKE_PREFIX_PATH}:/home/robot/nav2_ws/install/examples_rclpy_minimal_subscriber:/home/robot/nav2_ws/install/examples_rclpy_minimal_service:/home/robot/nav2_ws/install/examples_rclpy_minimal_publisher:/home/robot/nav2_ws/install/examples_rclpy_minimal_client:/home/robot/nav2_ws/install/examples_rclpy_minimal_action_server:/home/robot/nav2_ws/install/examples_rclpy_minimal_action_client:/home/robot/nav2_ws/install/examples_rclpy_executors:/opt/ros/foxy /usr/bin/cmake --install /home/robot/nav2_ws/build/ros2_socket_sender
[2.187s] Level 1:colcon.colcon_core.environment:create_environment_scripts_only(ros2_socket_sender)
[2.187s] DEBUG:colcon.colcon_core.event_handler.log_command:Invoked command in '/home/robot/nav2_ws/build/ros2_socket_sender' returned '0': CMAKE_PREFIX_PATH=${CMAKE_PREFIX_PATH}:/home/robot/nav2_ws/install/examples_rclpy_minimal_subscriber:/home/robot/nav2_ws/install/examples_rclpy_minimal_service:/home/robot/nav2_ws/install/examples_rclpy_minimal_publisher:/home/robot/nav2_ws/install/examples_rclpy_minimal_client:/home/robot/nav2_ws/install/examples_rclpy_minimal_action_server:/home/robot/nav2_ws/install/examples_rclpy_minimal_action_client:/home/robot/nav2_ws/install/examples_rclpy_executors:/opt/ros/foxy /usr/bin/cmake --install /home/robot/nav2_ws/build/ros2_socket_sender
[2.188s] Level 1:colcon.colcon_core.environment:checking '/home/robot/nav2_ws/install/ros2_socket_sender' for CMake module files
[2.188s] Level 1:colcon.colcon_core.environment:checking '/home/robot/nav2_ws/install/ros2_socket_sender' for CMake config files
[2.189s] Level 1:colcon.colcon_core.shell:create_environment_hook('ros2_socket_sender', 'cmake_prefix_path')
[2.189s] INFO:colcon.colcon_core.shell:Creating environment hook '/home/robot/nav2_ws/install/ros2_socket_sender/share/ros2_socket_sender/hook/cmake_prefix_path.ps1'
[2.189s] INFO:colcon.colcon_core.shell:Creating environment descriptor '/home/robot/nav2_ws/install/ros2_socket_sender/share/ros2_socket_sender/hook/cmake_prefix_path.dsv'
[2.189s] INFO:colcon.colcon_core.shell:Creating environment hook '/home/robot/nav2_ws/install/ros2_socket_sender/share/ros2_socket_sender/hook/cmake_prefix_path.sh'
[2.189s] Level 1:colcon.colcon_core.environment:checking '/home/robot/nav2_ws/install/ros2_socket_sender/lib'
[2.190s] Level 1:colcon.colcon_core.environment:checking '/home/robot/nav2_ws/install/ros2_socket_sender/bin'
[2.190s] Level 1:colcon.colcon_core.environment:checking '/home/robot/nav2_ws/install/ros2_socket_sender/lib/pkgconfig/ros2_socket_sender.pc'
[2.190s] Level 1:colcon.colcon_core.environment:checking '/home/robot/nav2_ws/install/ros2_socket_sender/lib/python3.8/site-packages'
[2.190s] Level 1:colcon.colcon_core.environment:checking '/home/robot/nav2_ws/install/ros2_socket_sender/bin'
[2.190s] INFO:colcon.colcon_core.shell:Creating package script '/home/robot/nav2_ws/install/ros2_socket_sender/share/ros2_socket_sender/package.ps1'
[2.190s] INFO:colcon.colcon_core.shell:Creating package descriptor '/home/robot/nav2_ws/install/ros2_socket_sender/share/ros2_socket_sender/package.dsv'
[2.190s] INFO:colcon.colcon_core.shell:Creating package script '/home/robot/nav2_ws/install/ros2_socket_sender/share/ros2_socket_sender/package.sh'
[2.191s] INFO:colcon.colcon_core.shell:Creating package script '/home/robot/nav2_ws/install/ros2_socket_sender/share/ros2_socket_sender/package.bash'
[2.191s] INFO:colcon.colcon_core.shell:Creating package script '/home/robot/nav2_ws/install/ros2_socket_sender/share/ros2_socket_sender/package.zsh'
[2.191s] Level 1:colcon.colcon_core.environment:create_file_with_runtime_dependencies(/home/robot/nav2_ws/install/ros2_socket_sender/share/colcon-core/packages/ros2_socket_sender)
[2.207s] Level 1:colcon.colcon_core.environment:create_environment_scripts_only(ros2_socket_sender)
[2.207s] Level 1:colcon.colcon_core.environment:checking '/home/robot/nav2_ws/install/ros2_socket_sender' for CMake module files
[2.208s] Level 1:colcon.colcon_core.environment:checking '/home/robot/nav2_ws/install/ros2_socket_sender' for CMake config files
[2.208s] Level 1:colcon.colcon_core.shell:create_environment_hook('ros2_socket_sender', 'cmake_prefix_path')
[2.208s] INFO:colcon.colcon_core.shell:Creating environment hook '/home/robot/nav2_ws/install/ros2_socket_sender/share/ros2_socket_sender/hook/cmake_prefix_path.ps1'
[2.209s] INFO:colcon.colcon_core.shell:Creating environment descriptor '/home/robot/nav2_ws/install/ros2_socket_sender/share/ros2_socket_sender/hook/cmake_prefix_path.dsv'
[2.209s] INFO:colcon.colcon_core.shell:Creating environment hook '/home/robot/nav2_ws/install/ros2_socket_sender/share/ros2_socket_sender/hook/cmake_prefix_path.sh'
[2.210s] Level 1:colcon.colcon_core.environment:checking '/home/robot/nav2_ws/install/ros2_socket_sender/lib'
[2.210s] Level 1:colcon.colcon_core.environment:checking '/home/robot/nav2_ws/install/ros2_socket_sender/bin'
[2.210s] Level 1:colcon.colcon_core.environment:checking '/home/robot/nav2_ws/install/ros2_socket_sender/lib/pkgconfig/ros2_socket_sender.pc'
[2.210s] Level 1:colcon.colcon_core.environment:checking '/home/robot/nav2_ws/install/ros2_socket_sender/lib/python3.8/site-packages'
[2.210s] Level 1:colcon.colcon_core.environment:checking '/home/robot/nav2_ws/install/ros2_socket_sender/bin'
[2.210s] INFO:colcon.colcon_core.shell:Creating package script '/home/robot/nav2_ws/install/ros2_socket_sender/share/ros2_socket_sender/package.ps1'
[2.211s] INFO:colcon.colcon_core.shell:Creating package descriptor '/home/robot/nav2_ws/install/ros2_socket_sender/share/ros2_socket_sender/package.dsv'
[2.211s] INFO:colcon.colcon_core.shell:Creating package script '/home/robot/nav2_ws/install/ros2_socket_sender/share/ros2_socket_sender/package.sh'
[2.211s] INFO:colcon.colcon_core.shell:Creating package script '/home/robot/nav2_ws/install/ros2_socket_sender/share/ros2_socket_sender/package.bash'
[2.212s] INFO:colcon.colcon_core.shell:Creating package script '/home/robot/nav2_ws/install/ros2_socket_sender/share/ros2_socket_sender/package.zsh'
[2.212s] Level 1:colcon.colcon_core.environment:create_file_with_runtime_dependencies(/home/robot/nav2_ws/install/ros2_socket_sender/share/colcon-core/packages/ros2_socket_sender)
[2.212s] DEBUG:colcon.colcon_parallel_executor.executor.parallel:closing loop
[2.213s] DEBUG:colcon.colcon_parallel_executor.executor.parallel:loop closed
[2.213s] DEBUG:colcon.colcon_parallel_executor.executor.parallel:run_until_complete finished with '0'
[2.213s] DEBUG:colcon.colcon_core.event_reactor:joining thread
[2.217s] INFO:colcon.colcon_core.plugin_system:Skipping extension 'colcon_notification.desktop_notification.terminal_notifier': Not used on non-Darwin systems
[2.217s] INFO:colcon.colcon_core.plugin_system:Skipping extension 'colcon_notification.desktop_notification.win32': Not used on non-Windows systems
[2.217s] INFO:colcon.colcon_notification.desktop_notification:Sending desktop notification using 'notify2'
[2.230s] DEBUG:colcon.colcon_core.event_reactor:joined thread
[2.230s] INFO:colcon.colcon_core.shell:Creating prefix script '/home/robot/nav2_ws/install/local_setup.ps1'
[2.231s] INFO:colcon.colcon_core.shell:Creating prefix util module '/home/robot/nav2_ws/install/_local_setup_util_ps1.py'
[2.231s] INFO:colcon.colcon_core.shell:Creating prefix chain script '/home/robot/nav2_ws/install/setup.ps1'
[2.232s] INFO:colcon.colcon_core.shell:Creating prefix script '/home/robot/nav2_ws/install/local_setup.sh'
[2.232s] INFO:colcon.colcon_core.shell:Creating prefix util module '/home/robot/nav2_ws/install/_local_setup_util_sh.py'
[2.232s] INFO:colcon.colcon_core.shell:Creating prefix chain script '/home/robot/nav2_ws/install/setup.sh'
[2.233s] INFO:colcon.colcon_core.shell:Creating prefix script '/home/robot/nav2_ws/install/local_setup.bash'
[2.233s] INFO:colcon.colcon_core.shell:Creating prefix chain script '/home/robot/nav2_ws/install/setup.bash'
[2.234s] INFO:colcon.colcon_core.shell:Creating prefix script '/home/robot/nav2_ws/install/local_setup.zsh'
[2.234s] INFO:colcon.colcon_core.shell:Creating prefix chain script '/home/robot/nav2_ws/install/setup.zsh'
