[ 50%] [32mBuilding CXX object CMakeFiles/demo.dir/src/demo.cpp.o[0m
[01m[K/home/robot/nav2_ws/src/h1_sport/src/demo.cpp:[m[K In function ‘[01m[Kvoid MessageHandlerNode(const void*)[m[K’:
[01m[K/home/robot/nav2_ws/src/h1_sport/src/demo.cpp:27:5:[m[K [01;31m[Kerror: [m[K‘[01m[KLOG[m[K’ was not declared in this scope; did you mean ‘[01m[KELOG[m[K’?
   27 |     [01;31m[KLOG[m[K()<< "res " << pmsg->data() << std::endl;
      |     [01;31m[K^~~[m[K
      |     [32m[KELOG[m[K
[01m[K/home/robot/nav2_ws/src/h1_sport/src/demo.cpp:[m[K In function ‘[01m[Kint main(int, char**)[m[K’:
[01m[K/home/robot/nav2_ws/src/h1_sport/src/demo.cpp:40:137:[m[K [01;31m[Kerror: [m[Kno matching function for call to ‘[01m[Kstd::shared_ptr<unitree::robot::ChannelSubscriber<std_msgs::msg::dds_::String_> >::shared_ptr(const char [13])[m[K’
   40 |         std::shared_ptr<ChannelSubscriber<std_msgs::msg::dds_::String_>>(new ChannelSubscriberPtr<std_msgs::msg::dds_::String_>(SUBTOPIC[01;31m[K)[m[K);
      |                                                                                                                                         [01;31m[K^[m[K
In file included from [01m[K/usr/include/c++/9/memory:81[m[K,
                 from [01m[K/usr/local/include/ddscxx/dds/core/detail/ref_traits.hpp:21[m[K,
                 from [01m[K/usr/local/include/ddscxx/dds/core/ref_traits.hpp:53[m[K,
                 from [01m[K/usr/local/include/ddscxx/dds/core/refmacros.hpp:23[m[K,
                 from [01m[K/usr/local/include/ddscxx/dds/core/Reference.hpp:23[m[K,
                 from [01m[K/usr/local/include/ddscxx/dds/core/detail/ReferenceImpl.hpp:22[m[K,
                 from [01m[K/usr/local/include/ddscxx/dds/core/detail/TEntityImpl.hpp:22[m[K,
                 from [01m[K/usr/local/include/ddscxx/dds/core/detail/Entity.hpp:22[m[K,
                 from [01m[K/usr/local/include/ddscxx/dds/core/Entity.hpp:22[m[K,
                 from [01m[K/usr/local/include/ddscxx/dds/core/ddscore.hpp:28[m[K,
                 from [01m[K/usr/local/include/ddscxx/dds/dds.hpp:33[m[K,
                 from [01m[K/usr/local/include/unitree/common/dds/dds_entity.hpp:4[m[K,
                 from [01m[K/usr/local/include/unitree/common/dds/dds_topic_channel.hpp:4[m[K,
                 from [01m[K/usr/local/include/unitree/common/dds/dds_easy_model.hpp:4[m[K,
                 from [01m[K/home/robot/nav2_ws/src/h1_sport/src/demo.cpp:4[m[K:
[01m[K/usr/include/c++/9/bits/shared_ptr.h:367:7:[m[K [01;36m[Knote: [m[Kcandidate: ‘[01m[Kstd::shared_ptr<_Tp>::shared_ptr(const std::weak_ptr<_Tp>&, std::nothrow_t) [with _Tp = unitree::robot::ChannelSubscriber<std_msgs::msg::dds_::String_>][m[K’
  367 |       [01;36m[Kshared_ptr[m[K(const weak_ptr<_Tp>& __r, std::nothrow_t)
      |       [01;36m[K^~~~~~~~~~[m[K
[01m[K/usr/include/c++/9/bits/shared_ptr.h:367:7:[m[K [01;36m[Knote: [m[K  candidate expects 2 arguments, 1 provided
[01m[K/usr/include/c++/9/bits/shared_ptr.h:358:2:[m[K [01;36m[Knote: [m[Kcandidate: ‘[01m[Ktemplate<class _Alloc, class ... _Args> std::shared_ptr<_Tp>::shared_ptr(std::_Sp_alloc_shared_tag<_Tp>, _Args&& ...)[m[K’
  358 |  [01;36m[Kshared_ptr[m[K(_Sp_alloc_shared_tag<_Alloc> __tag, _Args&&... __args)
      |  [01;36m[K^~~~~~~~~~[m[K
[01m[K/usr/include/c++/9/bits/shared_ptr.h:358:2:[m[K [01;36m[Knote: [m[K  template argument deduction/substitution failed:
[01m[K/home/robot/nav2_ws/src/h1_sport/src/demo.cpp:40:137:[m[K [01;36m[Knote: [m[K  mismatched types ‘[01m[Kstd::_Sp_alloc_shared_tag<_Tp>[m[K’ and ‘[01m[Kconst char*[m[K’
   40 |         std::shared_ptr<ChannelSubscriber<std_msgs::msg::dds_::String_>>(new ChannelSubscriberPtr<std_msgs::msg::dds_::String_>(SUBTOPIC[01;36m[K)[m[K);
      |                                                                                                                                         [01;36m[K^[m[K
In file included from [01m[K/usr/include/c++/9/memory:81[m[K,
                 from [01m[K/usr/local/include/ddscxx/dds/core/detail/ref_traits.hpp:21[m[K,
                 from [01m[K/usr/local/include/ddscxx/dds/core/ref_traits.hpp:53[m[K,
                 from [01m[K/usr/local/include/ddscxx/dds/core/refmacros.hpp:23[m[K,
                 from [01m[K/usr/local/include/ddscxx/dds/core/Reference.hpp:23[m[K,
                 from [01m[K/usr/local/include/ddscxx/dds/core/detail/ReferenceImpl.hpp:22[m[K,
                 from [01m[K/usr/local/include/ddscxx/dds/core/detail/TEntityImpl.hpp:22[m[K,
                 from [01m[K/usr/local/include/ddscxx/dds/core/detail/Entity.hpp:22[m[K,
                 from [01m[K/usr/local/include/ddscxx/dds/core/Entity.hpp:22[m[K,
                 from [01m[K/usr/local/include/ddscxx/dds/core/ddscore.hpp:28[m[K,
                 from [01m[K/usr/local/include/ddscxx/dds/dds.hpp:33[m[K,
                 from [01m[K/usr/local/include/unitree/common/dds/dds_entity.hpp:4[m[K,
                 from [01m[K/usr/local/include/unitree/common/dds/dds_topic_channel.hpp:4[m[K,
                 from [01m[K/usr/local/include/unitree/common/dds/dds_easy_model.hpp:4[m[K,
                 from [01m[K/home/robot/nav2_ws/src/h1_sport/src/demo.cpp:4[m[K:
[01m[K/usr/include/c++/9/bits/shared_ptr.h:307:17:[m[K [01;36m[Knote: [m[Kcandidate: ‘[01m[Kconstexpr std::shared_ptr<_Tp>::shared_ptr(std::nullptr_t) [with _Tp = unitree::robot::ChannelSubscriber<std_msgs::msg::dds_::String_>; std::nullptr_t = std::nullptr_t][m[K’
  307 |       constexpr [01;36m[Kshared_ptr[m[K(nullptr_t) noexcept : shared_ptr() { }
      |                 [01;36m[K^~~~~~~~~~[m[K
[01m[K/usr/include/c++/9/bits/shared_ptr.h:307:28:[m[K [01;36m[Knote: [m[K  no known conversion for argument 1 from ‘[01m[Kconst char [13][m[K’ to ‘[01m[Kstd::nullptr_t[m[K’
  307 |       constexpr shared_ptr([01;36m[Knullptr_t[m[K) noexcept : shared_ptr() { }
      |                            [01;36m[K^~~~~~~~~[m[K
[01m[K/usr/include/c++/9/bits/shared_ptr.h:290:2:[m[K [01;36m[Knote: [m[Kcandidate: ‘[01m[Ktemplate<class _Yp, class _Del, class> std::shared_ptr<_Tp>::shared_ptr(std::unique_ptr<_Up, _Ep>&&)[m[K’
  290 |  [01;36m[Kshared_ptr[m[K(unique_ptr<_Yp, _Del>&& __r)
      |  [01;36m[K^~~~~~~~~~[m[K
[01m[K/usr/include/c++/9/bits/shared_ptr.h:290:2:[m[K [01;36m[Knote: [m[K  template argument deduction/substitution failed:
[01m[K/home/robot/nav2_ws/src/h1_sport/src/demo.cpp:40:137:[m[K [01;36m[Knote: [m[K  mismatched types ‘[01m[Kstd::unique_ptr<_Tp, _Dp>[m[K’ and ‘[01m[Kconst char [13][m[K’
   40 |         std::shared_ptr<ChannelSubscriber<std_msgs::msg::dds_::String_>>(new ChannelSubscriberPtr<std_msgs::msg::dds_::String_>(SUBTOPIC[01;36m[K)[m[K);
      |                                                                                                                                         [01;36m[K^[m[K
In file included from [01m[K/usr/include/c++/9/memory:81[m[K,
                 from [01m[K/usr/local/include/ddscxx/dds/core/detail/ref_traits.hpp:21[m[K,
                 from [01m[K/usr/local/include/ddscxx/dds/core/ref_traits.hpp:53[m[K,
                 from [01m[K/usr/local/include/ddscxx/dds/core/refmacros.hpp:23[m[K,
                 from [01m[K/usr/local/include/ddscxx/dds/core/Reference.hpp:23[m[K,
                 from [01m[K/usr/local/include/ddscxx/dds/core/detail/ReferenceImpl.hpp:22[m[K,
                 from [01m[K/usr/local/include/ddscxx/dds/core/detail/TEntityImpl.hpp:22[m[K,
                 from [01m[K/usr/local/include/ddscxx/dds/core/detail/Entity.hpp:22[m[K,
                 from [01m[K/usr/local/include/ddscxx/dds/core/Entity.hpp:22[m[K,
                 from [01m[K/usr/local/include/ddscxx/dds/core/ddscore.hpp:28[m[K,
                 from [01m[K/usr/local/include/ddscxx/dds/dds.hpp:33[m[K,
                 from [01m[K/usr/local/include/unitree/common/dds/dds_entity.hpp:4[m[K,
                 from [01m[K/usr/local/include/unitree/common/dds/dds_topic_channel.hpp:4[m[K,
                 from [01m[K/usr/local/include/unitree/common/dds/dds_easy_model.hpp:4[m[K,
                 from [01m[K/home/robot/nav2_ws/src/h1_sport/src/demo.cpp:4[m[K:
[01m[K/usr/include/c++/9/bits/shared_ptr.h:282:2:[m[K [01;36m[Knote: [m[Kcandidate: ‘[01m[Ktemplate<class _Yp, class> std::shared_ptr<_Tp>::shared_ptr(std::auto_ptr<_Up>&&)[m[K’
  282 |  [01;36m[Kshared_ptr[m[K(auto_ptr<_Yp>&& __r);
      |  [01;36m[K^~~~~~~~~~[m[K
[01m[K/usr/include/c++/9/bits/shared_ptr.h:282:2:[m[K [01;36m[Knote: [m[K  template argument deduction/substitution failed:
[01m[K/home/robot/nav2_ws/src/h1_sport/src/demo.cpp:40:137:[m[K [01;36m[Knote: [m[K  mismatched types ‘[01m[Kstd::auto_ptr<_Up>[m[K’ and ‘[01m[Kconst char [13][m[K’
   40 |         std::shared_ptr<ChannelSubscriber<std_msgs::msg::dds_::String_>>(new ChannelSubscriberPtr<std_msgs::msg::dds_::String_>(SUBTOPIC[01;36m[K)[m[K);
      |                                                                                                                                         [01;36m[K^[m[K
In file included from [01m[K/usr/include/c++/9/memory:81[m[K,
                 from [01m[K/usr/local/include/ddscxx/dds/core/detail/ref_traits.hpp:21[m[K,
                 from [01m[K/usr/local/include/ddscxx/dds/core/ref_traits.hpp:53[m[K,
                 from [01m[K/usr/local/include/ddscxx/dds/core/refmacros.hpp:23[m[K,
                 from [01m[K/usr/local/include/ddscxx/dds/core/Reference.hpp:23[m[K,
                 from [01m[K/usr/local/include/ddscxx/dds/core/detail/ReferenceImpl.hpp:22[m[K,
                 from [01m[K/usr/local/include/ddscxx/dds/core/detail/TEntityImpl.hpp:22[m[K,
                 from [01m[K/usr/local/include/ddscxx/dds/core/detail/Entity.hpp:22[m[K,
                 from [01m[K/usr/local/include/ddscxx/dds/core/Entity.hpp:22[m[K,
                 from [01m[K/usr/local/include/ddscxx/dds/core/ddscore.hpp:28[m[K,
                 from [01m[K/usr/local/include/ddscxx/dds/dds.hpp:33[m[K,
                 from [01m[K/usr/local/include/unitree/common/dds/dds_entity.hpp:4[m[K,
                 from [01m[K/usr/local/include/unitree/common/dds/dds_topic_channel.hpp:4[m[K,
                 from [01m[K/usr/local/include/unitree/common/dds/dds_easy_model.hpp:4[m[K,
                 from [01m[K/home/robot/nav2_ws/src/h1_sport/src/demo.cpp:4[m[K:
[01m[K/usr/include/c++/9/bits/shared_ptr.h:275:11:[m[K [01;36m[Knote: [m[Kcandidate: ‘[01m[Ktemplate<class _Yp, class> std::shared_ptr<_Tp>::shared_ptr(const std::weak_ptr<_Yp>&)[m[K’
  275 |  explicit [01;36m[Kshared_ptr[m[K(const weak_ptr<_Yp>& __r)
      |           [01;36m[K^~~~~~~~~~[m[K
[01m[K/usr/include/c++/9/bits/shared_ptr.h:275:11:[m[K [01;36m[Knote: [m[K  template argument deduction/substitution failed:
[01m[K/home/robot/nav2_ws/src/h1_sport/src/demo.cpp:40:137:[m[K [01;36m[Knote: [m[K  mismatched types ‘[01m[Kconst std::weak_ptr<_Tp>[m[K’ and ‘[01m[Kconst char [13][m[K’
   40 |         std::shared_ptr<ChannelSubscriber<std_msgs::msg::dds_::String_>>(new ChannelSubscriberPtr<std_msgs::msg::dds_::String_>(SUBTOPIC[01;36m[K)[m[K);
      |                                                                                                                                         [01;36m[K^[m[K
In file included from [01m[K/usr/include/c++/9/memory:81[m[K,
                 from [01m[K/usr/local/include/ddscxx/dds/core/detail/ref_traits.hpp:21[m[K,
                 from [01m[K/usr/local/include/ddscxx/dds/core/ref_traits.hpp:53[m[K,
                 from [01m[K/usr/local/include/ddscxx/dds/core/refmacros.hpp:23[m[K,
                 from [01m[K/usr/local/include/ddscxx/dds/core/Reference.hpp:23[m[K,
                 from [01m[K/usr/local/include/ddscxx/dds/core/detail/ReferenceImpl.hpp:22[m[K,
                 from [01m[K/usr/local/include/ddscxx/dds/core/detail/TEntityImpl.hpp:22[m[K,
                 from [01m[K/usr/local/include/ddscxx/dds/core/detail/Entity.hpp:22[m[K,
                 from [01m[K/usr/local/include/ddscxx/dds/core/Entity.hpp:22[m[K,
                 from [01m[K/usr/local/include/ddscxx/dds/core/ddscore.hpp:28[m[K,
                 from [01m[K/usr/local/include/ddscxx/dds/dds.hpp:33[m[K,
                 from [01m[K/usr/local/include/unitree/common/dds/dds_entity.hpp:4[m[K,
                 from [01m[K/usr/local/include/unitree/common/dds/dds_topic_channel.hpp:4[m[K,
                 from [01m[K/usr/local/include/unitree/common/dds/dds_easy_model.hpp:4[m[K,
                 from [01m[K/home/robot/nav2_ws/src/h1_sport/src/demo.cpp:4[m[K:
[01m[K/usr/include/c++/9/bits/shared_ptr.h:263:2:[m[K [01;36m[Knote: [m[Kcandidate: ‘[01m[Ktemplate<class _Yp, class> std::shared_ptr<_Tp>::shared_ptr(std::shared_ptr<_Yp>&&)[m[K’
  263 |  [01;36m[Kshared_ptr[m[K(shared_ptr<_Yp>&& __r) noexcept
      |  [01;36m[K^~~~~~~~~~[m[K
[01m[K/usr/include/c++/9/bits/shared_ptr.h:263:2:[m[K [01;36m[Knote: [m[K  template argument deduction/substitution failed:
[01m[K/home/robot/nav2_ws/src/h1_sport/src/demo.cpp:40:137:[m[K [01;36m[Knote: [m[K  mismatched types ‘[01m[Kstd::shared_ptr<_Tp>[m[K’ and ‘[01m[Kconst char [13][m[K’
   40 |         std::shared_ptr<ChannelSubscriber<std_msgs::msg::dds_::String_>>(new ChannelSubscriberPtr<std_msgs::msg::dds_::String_>(SUBTOPIC[01;36m[K)[m[K);
      |                                                                                                                                         [01;36m[K^[m[K
In file included from [01m[K/usr/include/c++/9/memory:81[m[K,
                 from [01m[K/usr/local/include/ddscxx/dds/core/detail/ref_traits.hpp:21[m[K,
                 from [01m[K/usr/local/include/ddscxx/dds/core/ref_traits.hpp:53[m[K,
                 from [01m[K/usr/local/include/ddscxx/dds/core/refmacros.hpp:23[m[K,
                 from [01m[K/usr/local/include/ddscxx/dds/core/Reference.hpp:23[m[K,
                 from [01m[K/usr/local/include/ddscxx/dds/core/detail/ReferenceImpl.hpp:22[m[K,
                 from [01m[K/usr/local/include/ddscxx/dds/core/detail/TEntityImpl.hpp:22[m[K,
                 from [01m[K/usr/local/include/ddscxx/dds/core/detail/Entity.hpp:22[m[K,
                 from [01m[K/usr/local/include/ddscxx/dds/core/Entity.hpp:22[m[K,
                 from [01m[K/usr/local/include/ddscxx/dds/core/ddscore.hpp:28[m[K,
                 from [01m[K/usr/local/include/ddscxx/dds/dds.hpp:33[m[K,
                 from [01m[K/usr/local/include/unitree/common/dds/dds_entity.hpp:4[m[K,
                 from [01m[K/usr/local/include/unitree/common/dds/dds_topic_channel.hpp:4[m[K,
                 from [01m[K/usr/local/include/unitree/common/dds/dds_easy_model.hpp:4[m[K,
                 from [01m[K/home/robot/nav2_ws/src/h1_sport/src/demo.cpp:4[m[K:
[01m[K/usr/include/c++/9/bits/shared_ptr.h:254:7:[m[K [01;36m[Knote: [m[Kcandidate: ‘[01m[Kstd::shared_ptr<_Tp>::shared_ptr(std::shared_ptr<_Tp>&&) [with _Tp = unitree::robot::ChannelSubscriber<std_msgs::msg::dds_::String_>][m[K’
  254 |       [01;36m[Kshared_ptr[m[K(shared_ptr&& __r) noexcept
      |       [01;36m[K^~~~~~~~~~[m[K
[01m[K/usr/include/c++/9/bits/shared_ptr.h:254:31:[m[K [01;36m[Knote: [m[K  no known conversion for argument 1 from ‘[01m[Kconst char [13][m[K’ to ‘[01m[Kstd::shared_ptr<unitree::robot::ChannelSubscriber<std_msgs::msg::dds_::String_> >&&[m[K’
  254 |       shared_ptr([01;36m[Kshared_ptr&& __r[m[K) noexcept
      |                  [01;36m[K~~~~~~~~~~~~~^~~[m[K
[01m[K/usr/include/c++/9/bits/shared_ptr.h:246:2:[m[K [01;36m[Knote: [m[Kcandidate: ‘[01m[Ktemplate<class _Yp, class> std::shared_ptr<_Tp>::shared_ptr(const std::shared_ptr<_Yp>&)[m[K’
  246 |  [01;36m[Kshared_ptr[m[K(const shared_ptr<_Yp>& __r) noexcept
      |  [01;36m[K^~~~~~~~~~[m[K
[01m[K/usr/include/c++/9/bits/shared_ptr.h:246:2:[m[K [01;36m[Knote: [m[K  template argument deduction/substitution failed:
[01m[K/home/robot/nav2_ws/src/h1_sport/src/demo.cpp:40:137:[m[K [01;36m[Knote: [m[K  mismatched types ‘[01m[Kconst std::shared_ptr<_Tp>[m[K’ and ‘[01m[Kconst char [13][m[K’
   40 |         std::shared_ptr<ChannelSubscriber<std_msgs::msg::dds_::String_>>(new ChannelSubscriberPtr<std_msgs::msg::dds_::String_>(SUBTOPIC[01;36m[K)[m[K);
      |                                                                                                                                         [01;36m[K^[m[K
In file included from [01m[K/usr/include/c++/9/memory:81[m[K,
                 from [01m[K/usr/local/include/ddscxx/dds/core/detail/ref_traits.hpp:21[m[K,
                 from [01m[K/usr/local/include/ddscxx/dds/core/ref_traits.hpp:53[m[K,
                 from [01m[K/usr/local/include/ddscxx/dds/core/refmacros.hpp:23[m[K,
                 from [01m[K/usr/local/include/ddscxx/dds/core/Reference.hpp:23[m[K,
                 from [01m[K/usr/local/include/ddscxx/dds/core/detail/ReferenceImpl.hpp:22[m[K,
                 from [01m[K/usr/local/include/ddscxx/dds/core/detail/TEntityImpl.hpp:22[m[K,
                 from [01m[K/usr/local/include/ddscxx/dds/core/detail/Entity.hpp:22[m[K,
                 from [01m[K/usr/local/include/ddscxx/dds/core/Entity.hpp:22[m[K,
                 from [01m[K/usr/local/include/ddscxx/dds/core/ddscore.hpp:28[m[K,
                 from [01m[K/usr/local/include/ddscxx/dds/dds.hpp:33[m[K,
                 from [01m[K/usr/local/include/unitree/common/dds/dds_entity.hpp:4[m[K,
                 from [01m[K/usr/local/include/unitree/common/dds/dds_topic_channel.hpp:4[m[K,
                 from [01m[K/usr/local/include/unitree/common/dds/dds_easy_model.hpp:4[m[K,
                 from [01m[K/home/robot/nav2_ws/src/h1_sport/src/demo.cpp:4[m[K:
[01m[K/usr/include/c++/9/bits/shared_ptr.h:234:2:[m[K [01;36m[Knote: [m[Kcandidate: ‘[01m[Ktemplate<class _Yp> std::shared_ptr<_Tp>::shared_ptr(const std::shared_ptr<_Yp>&, std::shared_ptr<_Tp>::element_type*)[m[K’
  234 |  [01;36m[Kshared_ptr[m[K(const shared_ptr<_Yp>& __r, element_type* __p) noexcept
      |  [01;36m[K^~~~~~~~~~[m[K
[01m[K/usr/include/c++/9/bits/shared_ptr.h:234:2:[m[K [01;36m[Knote: [m[K  template argument deduction/substitution failed:
[01m[K/home/robot/nav2_ws/src/h1_sport/src/demo.cpp:40:137:[m[K [01;36m[Knote: [m[K  mismatched types ‘[01m[Kconst std::shared_ptr<_Tp>[m[K’ and ‘[01m[Kconst char [13][m[K’
   40 |         std::shared_ptr<ChannelSubscriber<std_msgs::msg::dds_::String_>>(new ChannelSubscriberPtr<std_msgs::msg::dds_::String_>(SUBTOPIC[01;36m[K)[m[K);
      |                                                                                                                                         [01;36m[K^[m[K
In file included from [01m[K/usr/include/c++/9/memory:81[m[K,
                 from [01m[K/usr/local/include/ddscxx/dds/core/detail/ref_traits.hpp:21[m[K,
                 from [01m[K/usr/local/include/ddscxx/dds/core/ref_traits.hpp:53[m[K,
                 from [01m[K/usr/local/include/ddscxx/dds/core/refmacros.hpp:23[m[K,
                 from [01m[K/usr/local/include/ddscxx/dds/core/Reference.hpp:23[m[K,
                 from [01m[K/usr/local/include/ddscxx/dds/core/detail/ReferenceImpl.hpp:22[m[K,
                 from [01m[K/usr/local/include/ddscxx/dds/core/detail/TEntityImpl.hpp:22[m[K,
                 from [01m[K/usr/local/include/ddscxx/dds/core/detail/Entity.hpp:22[m[K,
                 from [01m[K/usr/local/include/ddscxx/dds/core/Entity.hpp:22[m[K,
                 from [01m[K/usr/local/include/ddscxx/dds/core/ddscore.hpp:28[m[K,
                 from [01m[K/usr/local/include/ddscxx/dds/dds.hpp:33[m[K,
                 from [01m[K/usr/local/include/unitree/common/dds/dds_entity.hpp:4[m[K,
                 from [01m[K/usr/local/include/unitree/common/dds/dds_topic_channel.hpp:4[m[K,
                 from [01m[K/usr/local/include/unitree/common/dds/dds_easy_model.hpp:4[m[K,
                 from [01m[K/home/robot/nav2_ws/src/h1_sport/src/demo.cpp:4[m[K:
[01m[K/usr/include/c++/9/bits/shared_ptr.h:212:2:[m[K [01;36m[Knote: [m[Kcandidate: ‘[01m[Ktemplate<class _Deleter, class _Alloc> std::shared_ptr<_Tp>::shared_ptr(std::nullptr_t, _Deleter, _Alloc)[m[K’
  212 |  [01;36m[Kshared_ptr[m[K(nullptr_t __p, _Deleter __d, _Alloc __a)
      |  [01;36m[K^~~~~~~~~~[m[K
[01m[K/usr/include/c++/9/bits/shared_ptr.h:212:2:[m[K [01;36m[Knote: [m[K  template argument deduction/substitution failed:
[01m[K/home/robot/nav2_ws/src/h1_sport/src/demo.cpp:40:137:[m[K [01;36m[Knote: [m[K  candidate expects 3 arguments, 1 provided
   40 |         std::shared_ptr<ChannelSubscriber<std_msgs::msg::dds_::String_>>(new ChannelSubscriberPtr<std_msgs::msg::dds_::String_>(SUBTOPIC[01;36m[K)[m[K);
      |                                                                                                                                         [01;36m[K^[m[K
In file included from [01m[K/usr/include/c++/9/memory:81[m[K,
                 from [01m[K/usr/local/include/ddscxx/dds/core/detail/ref_traits.hpp:21[m[K,
                 from [01m[K/usr/local/include/ddscxx/dds/core/ref_traits.hpp:53[m[K,
                 from [01m[K/usr/local/include/ddscxx/dds/core/refmacros.hpp:23[m[K,
                 from [01m[K/usr/local/include/ddscxx/dds/core/Reference.hpp:23[m[K,
                 from [01m[K/usr/local/include/ddscxx/dds/core/detail/ReferenceImpl.hpp:22[m[K,
                 from [01m[K/usr/local/include/ddscxx/dds/core/detail/TEntityImpl.hpp:22[m[K,
                 from [01m[K/usr/local/include/ddscxx/dds/core/detail/Entity.hpp:22[m[K,
                 from [01m[K/usr/local/include/ddscxx/dds/core/Entity.hpp:22[m[K,
                 from [01m[K/usr/local/include/ddscxx/dds/core/ddscore.hpp:28[m[K,
                 from [01m[K/usr/local/include/ddscxx/dds/dds.hpp:33[m[K,
                 from [01m[K/usr/local/include/unitree/common/dds/dds_entity.hpp:4[m[K,
                 from [01m[K/usr/local/include/unitree/common/dds/dds_topic_channel.hpp:4[m[K,
                 from [01m[K/usr/local/include/unitree/common/dds/dds_easy_model.hpp:4[m[K,
                 from [01m[K/home/robot/nav2_ws/src/h1_sport/src/demo.cpp:4[m[K:
[01m[K/usr/include/c++/9/bits/shared_ptr.h:193:2:[m[K [01;36m[Knote: [m[Kcandidate: ‘[01m[Ktemplate<class _Yp, class _Deleter, class _Alloc, class> std::shared_ptr<_Tp>::shared_ptr(_Yp*, _Deleter, _Alloc)[m[K’
  193 |  [01;36m[Kshared_ptr[m[K(_Yp* __p, _Deleter __d, _Alloc __a)
      |  [01;36m[K^~~~~~~~~~[m[K
[01m[K/usr/include/c++/9/bits/shared_ptr.h:193:2:[m[K [01;36m[Knote: [m[K  template argument deduction/substitution failed:
[01m[K/home/robot/nav2_ws/src/h1_sport/src/demo.cpp:40:137:[m[K [01;36m[Knote: [m[K  candidate expects 3 arguments, 1 provided
   40 |         std::shared_ptr<ChannelSubscriber<std_msgs::msg::dds_::String_>>(new ChannelSubscriberPtr<std_msgs::msg::dds_::String_>(SUBTOPIC[01;36m[K)[m[K);
      |                                                                                                                                         [01;36m[K^[m[K
In file included from [01m[K/usr/include/c++/9/memory:81[m[K,
                 from [01m[K/usr/local/include/ddscxx/dds/core/detail/ref_traits.hpp:21[m[K,
                 from [01m[K/usr/local/include/ddscxx/dds/core/ref_traits.hpp:53[m[K,
                 from [01m[K/usr/local/include/ddscxx/dds/core/refmacros.hpp:23[m[K,
                 from [01m[K/usr/local/include/ddscxx/dds/core/Reference.hpp:23[m[K,
                 from [01m[K/usr/local/include/ddscxx/dds/core/detail/ReferenceImpl.hpp:22[m[K,
                 from [01m[K/usr/local/include/ddscxx/dds/core/detail/TEntityImpl.hpp:22[m[K,
                 from [01m[K/usr/local/include/ddscxx/dds/core/detail/Entity.hpp:22[m[K,
                 from [01m[K/usr/local/include/ddscxx/dds/core/Entity.hpp:22[m[K,
                 from [01m[K/usr/local/include/ddscxx/dds/core/ddscore.hpp:28[m[K,
                 from [01m[K/usr/local/include/ddscxx/dds/dds.hpp:33[m[K,
                 from [01m[K/usr/local/include/unitree/common/dds/dds_entity.hpp:4[m[K,
                 from [01m[K/usr/local/include/unitree/common/dds/dds_topic_channel.hpp:4[m[K,
                 from [01m[K/usr/local/include/unitree/common/dds/dds_easy_model.hpp:4[m[K,
                 from [01m[K/home/robot/nav2_ws/src/h1_sport/src/demo.cpp:4[m[K:
[01m[K/usr/include/c++/9/bits/shared_ptr.h:173:2:[m[K [01;36m[Knote: [m[Kcandidate: ‘[01m[Ktemplate<class _Deleter> std::shared_ptr<_Tp>::shared_ptr(std::nullptr_t, _Deleter)[m[K’
  173 |  [01;36m[Kshared_ptr[m[K(nullptr_t __p, _Deleter __d)
      |  [01;36m[K^~~~~~~~~~[m[K
[01m[K/usr/include/c++/9/bits/shared_ptr.h:173:2:[m[K [01;36m[Knote: [m[K  template argument deduction/substitution failed:
[01m[K/home/robot/nav2_ws/src/h1_sport/src/demo.cpp:40:137:[m[K [01;36m[Knote: [m[K  candidate expects 2 arguments, 1 provided
   40 |         std::shared_ptr<ChannelSubscriber<std_msgs::msg::dds_::String_>>(new ChannelSubscriberPtr<std_msgs::msg::dds_::String_>(SUBTOPIC[01;36m[K)[m[K);
      |                                                                                                                                         [01;36m[K^[m[K
In file included from [01m[K/usr/include/c++/9/memory:81[m[K,
                 from [01m[K/usr/local/include/ddscxx/dds/core/detail/ref_traits.hpp:21[m[K,
                 from [01m[K/usr/local/include/ddscxx/dds/core/ref_traits.hpp:53[m[K,
                 from [01m[K/usr/local/include/ddscxx/dds/core/refmacros.hpp:23[m[K,
                 from [01m[K/usr/local/include/ddscxx/dds/core/Reference.hpp:23[m[K,
                 from [01m[K/usr/local/include/ddscxx/dds/core/detail/ReferenceImpl.hpp:22[m[K,
                 from [01m[K/usr/local/include/ddscxx/dds/core/detail/TEntityImpl.hpp:22[m[K,
                 from [01m[K/usr/local/include/ddscxx/dds/core/detail/Entity.hpp:22[m[K,
                 from [01m[K/usr/local/include/ddscxx/dds/core/Entity.hpp:22[m[K,
                 from [01m[K/usr/local/include/ddscxx/dds/core/ddscore.hpp:28[m[K,
                 from [01m[K/usr/local/include/ddscxx/dds/dds.hpp:33[m[K,
                 from [01m[K/usr/local/include/unitree/common/dds/dds_entity.hpp:4[m[K,
                 from [01m[K/usr/local/include/unitree/common/dds/dds_topic_channel.hpp:4[m[K,
                 from [01m[K/usr/local/include/unitree/common/dds/dds_easy_model.hpp:4[m[K,
                 from [01m[K/home/robot/nav2_ws/src/h1_sport/src/demo.cpp:4[m[K:
[01m[K/usr/include/c++/9/bits/shared_ptr.h:156:2:[m[K [01;36m[Knote: [m[Kcandidate: ‘[01m[Ktemplate<class _Yp, class _Deleter, class> std::shared_ptr<_Tp>::shared_ptr(_Yp*, _Deleter)[m[K’
  156 |  [01;36m[Kshared_ptr[m[K(_Yp* __p, _Deleter __d)
      |  [01;36m[K^~~~~~~~~~[m[K
[01m[K/usr/include/c++/9/bits/shared_ptr.h:156:2:[m[K [01;36m[Knote: [m[K  template argument deduction/substitution failed:
[01m[K/home/robot/nav2_ws/src/h1_sport/src/demo.cpp:40:137:[m[K [01;36m[Knote: [m[K  candidate expects 2 arguments, 1 provided
   40 |         std::shared_ptr<ChannelSubscriber<std_msgs::msg::dds_::String_>>(new ChannelSubscriberPtr<std_msgs::msg::dds_::String_>(SUBTOPIC[01;36m[K)[m[K);
      |                                                                                                                                         [01;36m[K^[m[K
In file included from [01m[K/usr/include/c++/9/memory:81[m[K,
                 from [01m[K/usr/local/include/ddscxx/dds/core/detail/ref_traits.hpp:21[m[K,
                 from [01m[K/usr/local/include/ddscxx/dds/core/ref_traits.hpp:53[m[K,
                 from [01m[K/usr/local/include/ddscxx/dds/core/refmacros.hpp:23[m[K,
                 from [01m[K/usr/local/include/ddscxx/dds/core/Reference.hpp:23[m[K,
                 from [01m[K/usr/local/include/ddscxx/dds/core/detail/ReferenceImpl.hpp:22[m[K,
                 from [01m[K/usr/local/include/ddscxx/dds/core/detail/TEntityImpl.hpp:22[m[K,
                 from [01m[K/usr/local/include/ddscxx/dds/core/detail/Entity.hpp:22[m[K,
                 from [01m[K/usr/local/include/ddscxx/dds/core/Entity.hpp:22[m[K,
                 from [01m[K/usr/local/include/ddscxx/dds/core/ddscore.hpp:28[m[K,
                 from [01m[K/usr/local/include/ddscxx/dds/dds.hpp:33[m[K,
                 from [01m[K/usr/local/include/unitree/common/dds/dds_entity.hpp:4[m[K,
                 from [01m[K/usr/local/include/unitree/common/dds/dds_topic_channel.hpp:4[m[K,
                 from [01m[K/usr/local/include/unitree/common/dds/dds_easy_model.hpp:4[m[K,
                 from [01m[K/home/robot/nav2_ws/src/h1_sport/src/demo.cpp:4[m[K:
[01m[K/usr/include/c++/9/bits/shared_ptr.h:139:2:[m[K [01;36m[Knote: [m[Kcandidate: ‘[01m[Ktemplate<class _Yp, class> std::shared_ptr<_Tp>::shared_ptr(_Yp*)[m[K’
  139 |  [01;36m[Kshared_ptr[m[K(_Yp* __p) : __shared_ptr<_Tp>(__p) { }
      |  [01;36m[K^~~~~~~~~~[m[K
[01m[K/usr/include/c++/9/bits/shared_ptr.h:139:2:[m[K [01;36m[Knote: [m[K  template argument deduction/substitution failed:
/usr/include/c++/9/bits/shared_ptr.h: In substitution of ‘[01m[Ktemplate<class _Tp> template<class ... _Args> using _Constructible = typename std::enable_if<std::is_constructible<std::__shared_ptr<_Tp>, _Args ...>::value>::type [with _Args = {const char*}; _Tp = unitree::robot::ChannelSubscriber<std_msgs::msg::dds_::String_>][m[K’:
[01m[K/usr/include/c++/9/bits/shared_ptr.h:137:30:[m[K   required from here
[01m[K/usr/include/c++/9/bits/shared_ptr.h:106:8:[m[K [01;31m[Kerror: [m[Kno type named ‘[01m[Ktype[m[K’ in ‘[01m[Kstruct std::enable_if<false, void>[m[K’
  106 |  using [01;31m[K_Constructible[m[K = typename enable_if<
      |        [01;31m[K^~~~~~~~~~~~~~[m[K
[01m[K/usr/include/c++/9/bits/shared_ptr.h:129:7:[m[K [01;36m[Knote: [m[Kcandidate: ‘[01m[Kstd::shared_ptr<_Tp>::shared_ptr(const std::shared_ptr<_Tp>&) [with _Tp = unitree::robot::ChannelSubscriber<std_msgs::msg::dds_::String_>][m[K’
  129 |       [01;36m[Kshared_ptr[m[K(const shared_ptr&) noexcept = default;
      |       [01;36m[K^~~~~~~~~~[m[K
[01m[K/usr/include/c++/9/bits/shared_ptr.h:129:18:[m[K [01;36m[Knote: [m[K  no known conversion for argument 1 from ‘[01m[Kconst char [13][m[K’ to ‘[01m[Kconst std::shared_ptr<unitree::robot::ChannelSubscriber<std_msgs::msg::dds_::String_> >&[m[K’
  129 |       shared_ptr([01;36m[Kconst shared_ptr&[m[K) noexcept = default;
      |                  [01;36m[K^~~~~~~~~~~~~~~~~[m[K
[01m[K/usr/include/c++/9/bits/shared_ptr.h:127:17:[m[K [01;36m[Knote: [m[Kcandidate: ‘[01m[Kconstexpr std::shared_ptr<_Tp>::shared_ptr() [with _Tp = unitree::robot::ChannelSubscriber<std_msgs::msg::dds_::String_>][m[K’
  127 |       constexpr [01;36m[Kshared_ptr[m[K() noexcept : __shared_ptr<_Tp>() { }
      |                 [01;36m[K^~~~~~~~~~[m[K
[01m[K/usr/include/c++/9/bits/shared_ptr.h:127:17:[m[K [01;36m[Knote: [m[K  candidate expects 0 arguments, 1 provided
make[2]: *** [CMakeFiles/demo.dir/build.make:63：CMakeFiles/demo.dir/src/demo.cpp.o] 错误 1
make[1]: *** [CMakeFiles/Makefile2:78：CMakeFiles/demo.dir/all] 错误 2
make: *** [Makefile:141：all] 错误 2
