[0.004s] Invoking command in '/home/robot/nav2_ws/cyclonedds_ws/build/cyclonedds': /usr/bin/cmake /home/robot/nav2_ws/cyclonedds_ws/src/cyclonedds -DBUILD_IDLC=AUTO -DCMAKE_INSTALL_PREFIX=/home/robot/nav2_ws/cyclonedds_ws/install/cyclonedds
[0.025s] -- The C compiler identification is GNU 9.4.0
[0.027s] -- Check for working C compiler: /usr/bin/cc
[0.055s] -- Check for working C compiler: /usr/bin/cc -- works
[0.055s] -- Detecting C compiler ABI info
[0.081s] -- Detecting C compiler ABI info - done
[0.086s] -- Detecting C compile features
[0.086s] -- Detecting C compile features - done
[0.086s] -- Setting build type to 'RelWithDebInfo' as none was specified.
[0.088s] -- Looking for getopt.h
[0.115s] -- Looking for getopt.h - found
[0.149s] -- Building with OpenSSL support
[0.152s] -- Looking for stdint.h
[0.181s] -- Looking for stdint.h - found
[0.181s] -- Looking for inttypes.h
[0.209s] -- Looking for inttypes.h - found
[0.209s] -- Looking for sys/types.h
[0.237s] -- Looking for sys/types.h - found
[0.237s] -- Looking for stdint.h
[0.265s] -- Looking for stdint.h - found
[0.265s] -- Looking for stddef.h
[0.292s] -- Looking for stddef.h - found
[0.292s] -- Check size of intmax_t
[0.321s] -- Check size of intmax_t - done
[0.321s] -- Looking for stpcpy
[0.349s] -- Looking for stpcpy - found
[0.349s] -- Looking for strlcpy
[0.360s] -- Looking for strlcpy - not found
[0.360s] -- Looking for strlcat
[0.370s] -- Looking for strlcat - not found
[0.371s] -- Performing Test COMPILER_HAS_HIDDEN_VISIBILITY
[0.398s] -- Performing Test COMPILER_HAS_HIDDEN_VISIBILITY - Success
[0.398s] -- Performing Test COMPILER_HAS_HIDDEN_INLINE_VISIBILITY
[0.425s] -- Performing Test COMPILER_HAS_HIDDEN_INLINE_VISIBILITY - Failed
[0.425s] -- Performing Test COMPILER_HAS_DEPRECATED_ATTR
[0.452s] -- Performing Test COMPILER_HAS_DEPRECATED_ATTR - Success
[0.455s] -- Looking for gethostname
[0.482s] -- Looking for gethostname - found
[0.483s] -- Looking for inet_ntop
[0.512s] -- Looking for inet_ntop - found
[0.512s] -- Looking for inet_pton
[0.541s] -- Looking for inet_pton - found
[0.541s] -- Looking for getaddrinfo
[0.570s] -- Looking for getaddrinfo - found
[0.570s] -- Looking for gethostbyname_r
[0.599s] -- Looking for gethostbyname_r - found
[0.600s] -- Check size of struct sockaddr_in6
[0.629s] -- Check size of struct sockaddr_in6 - done
[0.629s] -- Looking for pthread.h
[0.658s] -- Looking for pthread.h - found
[0.658s] -- Performing Test CMAKE_HAVE_LIBC_PTHREAD
[0.687s] -- Performing Test CMAKE_HAVE_LIBC_PTHREAD - Failed
[0.688s] -- Looking for pthread_create in pthreads
[0.710s] -- Looking for pthread_create in pthreads - not found
[0.711s] -- Looking for pthread_create in pthread
[0.739s] -- Looking for pthread_create in pthread - found
[0.740s] -- Found Threads: TRUE  
[0.740s] -- Looking for clock_gettime in c
[0.768s] -- Looking for clock_gettime in c - found
[0.893s] -- Configuring done
[0.919s] -- Generating done
[0.920s] -- Build files have been written to: /home/robot/nav2_ws/cyclonedds_ws/build/cyclonedds
[0.924s] Invoked command in '/home/robot/nav2_ws/cyclonedds_ws/build/cyclonedds' returned '0': /usr/bin/cmake /home/robot/nav2_ws/cyclonedds_ws/src/cyclonedds -DBUILD_IDLC=AUTO -DCMAKE_INSTALL_PREFIX=/home/robot/nav2_ws/cyclonedds_ws/install/cyclonedds
[0.924s] Invoking command in '/home/robot/nav2_ws/cyclonedds_ws/build/cyclonedds': /usr/bin/cmake --build /home/robot/nav2_ws/cyclonedds_ws/build/cyclonedds -- -j32 -l32
[0.942s] [35m[1mScanning dependencies of target _confgen[0m
[0.942s] [35m[1mScanning dependencies of target idlpp[0m
[0.942s] [  1%] [34m[1mGenerating src/md5.c[0m
[0.942s] [  1%] [34m[1mGenerating include/idl/misc.h[0m
[0.942s] [  1%] [34m[1mGenerating include/idl/endian.h[0m
[0.942s] [  2%] [34m[1mGenerating include/idl/attributes.h[0m
[0.942s] [35m[1mScanning dependencies of target ddsrt-internal[0m
[0.943s] [  2%] [34m[1mGenerating include/idl/md5.h[0m
[0.945s] [  2%] Built target _confgen
[0.947s] [  2%] [32mBuilding C object src/tools/idlpp/CMakeFiles/idlpp.dir/src/eval.c.o[0m
[0.949s] [  3%] [32mBuilding C object src/tools/idlpp/CMakeFiles/idlpp.dir/src/support.c.o[0m
[0.950s] [  4%] [32mBuilding C object src/tools/idlpp/CMakeFiles/idlpp.dir/src/directive.c.o[0m
[0.950s] [  5%] [32mBuilding C object src/tools/idlpp/CMakeFiles/idlpp.dir/src/expand.c.o[0m
[0.950s] [  5%] [32mBuilding C object src/tools/idlpp/CMakeFiles/idlpp.dir/src/main.c.o[0m
[0.950s] [  5%] [32mBuilding C object src/tools/idlpp/CMakeFiles/idlpp.dir/src/mbchar.c.o[0m
[0.950s] [  5%] [32mBuilding C object src/tools/idlpp/CMakeFiles/idlpp.dir/src/system.c.o[0m
[0.951s] [35m[1mScanning dependencies of target ddsc[0m
[0.952s] [  5%] [32mBuilding C object src/ddsrt/CMakeFiles/ddsrt-internal.dir/src/avl.c.o[0m
[0.952s] [35m[1mScanning dependencies of target idl[0m
[0.952s] [  6%] [32mBuilding C object src/ddsrt/CMakeFiles/ddsrt-internal.dir/src/atomics.c.o[0m
[0.952s] [  6%] [32mBuilding C object src/ddsrt/CMakeFiles/ddsrt-internal.dir/src/bswap.c.o[0m
[0.953s] [  6%] [32mBuilding C object src/ddsrt/CMakeFiles/ddsrt-internal.dir/src/log.c.o[0m
[0.954s] [  6%] [32mBuilding C object src/ddsrt/CMakeFiles/ddsrt-internal.dir/src/fibheap.c.o[0m
[0.955s] [  7%] [32mBuilding C object src/ddsrt/CMakeFiles/ddsrt-internal.dir/src/io.c.o[0m
[0.955s] [  8%] [32mBuilding C object src/ddsrt/CMakeFiles/ddsrt-internal.dir/src/retcode.c.o[0m
[0.955s] [  8%] [32mBuilding C object src/ddsrt/CMakeFiles/ddsrt-internal.dir/src/strtod.c.o[0m
[0.955s] [  8%] [32mBuilding C object src/ddsrt/CMakeFiles/ddsrt-internal.dir/src/strtol.c.o[0m
[0.955s] [  9%] [32mBuilding C object src/ddsrt/CMakeFiles/ddsrt-internal.dir/src/mh3.c.o[0m
[0.955s] [ 10%] [32mBuilding C object src/ddsrt/CMakeFiles/ddsrt-internal.dir/src/circlist.c.o[0m
[0.955s] [ 10%] [32mBuilding C object src/ddsrt/CMakeFiles/ddsrt-internal.dir/src/environ.c.o[0m
[0.956s] [ 10%] [32mBuilding C object src/ddsrt/CMakeFiles/ddsrt-internal.dir/src/md5.c.o[0m
[0.956s] [ 11%] [32mBuilding C object src/ddsrt/CMakeFiles/ddsrt-internal.dir/src/expand_vars.c.o[0m
[0.956s] [ 11%] [32mBuilding C object src/ddsrt/CMakeFiles/ddsrt-internal.dir/src/string.c.o[0m
[0.956s] [ 12%] [32mBuilding C object src/ddsrt/CMakeFiles/ddsrt-internal.dir/src/xmlparser.c.o[0m
[0.956s] [ 12%] [32mBuilding C object src/ddsrt/CMakeFiles/ddsrt-internal.dir/src/hopscotch.c.o[0m
[0.956s] [ 12%] [32mBuilding C object src/ddsrt/CMakeFiles/ddsrt-internal.dir/src/threads.c.o[0m
[0.957s] [ 13%] [32mBuilding C object src/ddsrt/CMakeFiles/ddsrt-internal.dir/src/sockets.c.o[0m
[0.957s] [ 13%] [32mBuilding C object src/ddsrt/CMakeFiles/ddsrt-internal.dir/src/cdtors.c.o[0m
[0.961s] [ 13%] [32mBuilding C object src/idl/CMakeFiles/idl.dir/src/symbol.c.o[0m
[0.961s] [ 14%] [32mBuilding C object src/ddsrt/CMakeFiles/ddsrt-internal.dir/src/random.c.o[0m
[0.962s] [ 14%] [32mBuilding C object src/ddsrt/CMakeFiles/ddsrt-internal.dir/src/ifaddrs.c.o[0m
[0.963s] [ 15%] [32mBuilding C object src/idl/CMakeFiles/idl.dir/src/directive.c.o[0m
[0.980s] [ 15%] [32mBuilding C object src/ddsrt/CMakeFiles/ddsrt-internal.dir/src/time.c.o[0m
[0.983s] [ 16%] [32mBuilding C object src/ddsrt/CMakeFiles/ddsrt-internal.dir/src/ifaddrs/posix/ifaddrs.c.o[0m
[1.005s] [ 16%] [32mBuilding C object src/idl/CMakeFiles/idl.dir/src/scanner.c.o[0m
[1.005s] [ 16%] [32mBuilding C object src/ddsrt/CMakeFiles/ddsrt-internal.dir/src/sockets/posix/gethostname.c.o[0m
[1.005s] [ 17%] [32mBuilding C object src/idl/CMakeFiles/idl.dir/src/processor.c.o[0m
[1.011s] [ 17%] [32mBuilding C object src/ddsrt/CMakeFiles/ddsrt-internal.dir/src/sockets/posix/socket.c.o[0m
[1.018s] [ 18%] [32mBuilding C object src/idl/CMakeFiles/idl.dir/src/string.c.o[0m
[1.021s] [ 18%] [32mBuilding C object src/idl/CMakeFiles/idl.dir/src/file.c.o[0m
[1.021s] [ 18%] [32mBuilding C object src/idl/CMakeFiles/idl.dir/src/annotation.c.o[0m
[1.021s] [ 18%] [32mBuilding C object src/idl/CMakeFiles/idl.dir/src/scope.c.o[0m
[1.021s] [ 18%] [32mBuilding C object src/ddsrt/CMakeFiles/ddsrt-internal.dir/src/dynlib/posix/dynlib.c.o[0m
[1.021s] [ 19%] [32mBuilding C object src/ddsrt/CMakeFiles/ddsrt-internal.dir/src/heap/posix/heap.c.o[0m
[1.024s] [ 19%] [32mBuilding C object src/idl/CMakeFiles/idl.dir/src/expression.c.o[0m
[1.030s] [ 19%] [32mBuilding C object src/ddsrt/CMakeFiles/ddsrt-internal.dir/src/process/posix/process.c.o[0m
[1.030s] [ 20%] [32mBuilding C object src/ddsrt/CMakeFiles/ddsrt-internal.dir/src/filesystem/posix/filesystem.c.o[0m
[1.036s] [ 21%] [32mBuilding C object src/ddsrt/CMakeFiles/ddsrt-internal.dir/src/random/posix/random.c.o[0m
[1.037s] [ 22%] [32mBuilding C object src/idl/CMakeFiles/idl.dir/src/tree.c.o[0m
[1.037s] [ 22%] [32mBuilding C object src/ddsrt/CMakeFiles/ddsrt-internal.dir/src/environ/posix/environ.c.o[0m
[1.039s] [ 22%] [32mBuilding C object src/ddsrt/CMakeFiles/ddsrt-internal.dir/src/sync/posix/sync.c.o[0m
[1.045s] [ 22%] [32mBuilding C object src/ddsrt/CMakeFiles/ddsrt-internal.dir/src/threads/posix/threads.c.o[0m
[1.056s] [ 22%] [32mBuilding C object src/idl/CMakeFiles/idl.dir/src/visit.c.o[0m
[1.065s] [ 23%] [32mBuilding C object src/idl/CMakeFiles/idl.dir/src/keylist.c.o[0m
[1.065s] [ 25%] [32mBuilding C object src/idl/CMakeFiles/idl.dir/src/parser.c.o[0m
[1.065s] [ 25%] [32mBuilding C object src/ddsrt/CMakeFiles/ddsrt-internal.dir/src/rusage/posix/rusage.c.o[0m
[1.068s] [ 25%] [32mBuilding C object src/idl/CMakeFiles/idl.dir/src/print.c.o[0m
[1.069s] [ 25%] [32mBuilding C object src/idl/CMakeFiles/idl.dir/src/hashid.c.o[0m
[1.069s] [ 26%] [32mBuilding C object src/ddsrt/CMakeFiles/ddsrt-internal.dir/src/netstat/linux/netstat.c.o[0m
[1.078s] [ 26%] [32mBuilding C object src/idl/CMakeFiles/idl.dir/src/md5.c.o[0m
[1.092s] [ 26%] [32mBuilding C object src/ddsrt/CMakeFiles/ddsrt-internal.dir/src/time/posix/time.c.o[0m
[1.118s] [ 26%] [32mBuilding C object src/core/CMakeFiles/ddsc.dir/ddsi/src/ddsi_eth.c.o[0m
[1.119s] [ 27%] [32mBuilding C object src/core/CMakeFiles/ddsc.dir/ddsi/src/ddsi_udp.c.o[0m
[1.119s] [ 27%] [32mBuilding C object src/core/CMakeFiles/ddsc.dir/ddsi/src/ddsi_tran.c.o[0m
[1.119s] [ 28%] [32mBuilding C object src/core/CMakeFiles/ddsc.dir/ddsi/src/ddsi_vnet.c.o[0m
[1.119s] [ 28%] [32mBuilding C object src/core/CMakeFiles/ddsc.dir/ddsi/src/ddsi_mcgroup.c.o[0m
[1.119s] [ 29%] [32mBuilding C object src/core/CMakeFiles/ddsc.dir/ddsi/src/ddsi_ssl.c.o[0m
[1.119s] [ 29%] [32mBuilding C object src/core/CMakeFiles/ddsc.dir/ddsi/src/ddsi_raweth.c.o[0m
[1.120s] [ 29%] [32mBuilding C object src/core/CMakeFiles/ddsc.dir/ddsi/src/ddsi_ipaddr.c.o[0m
[1.120s] [ 29%] [32mBuilding C object src/core/CMakeFiles/ddsc.dir/ddsi/src/ddsi_tcp.c.o[0m
[1.122s] [ 29%] [32mBuilding C object src/core/CMakeFiles/ddsc.dir/ddsi/src/ddsi_security_omg.c.o[0m
[1.123s] [ 30%] [32mBuilding C object src/core/CMakeFiles/ddsc.dir/ddsi/src/ddsi_security_util.c.o[0m
[1.131s] [ 30%] [32mBuilding C object src/core/CMakeFiles/ddsc.dir/ddsi/src/ddsi_portmapping.c.o[0m
[1.132s] [ 31%] [32mBuilding C object src/core/CMakeFiles/ddsc.dir/ddsi/src/ddsi_handshake.c.o[0m
[1.137s] [ 31%] [32mBuilding C object src/core/CMakeFiles/ddsc.dir/ddsi/src/ddsi_serdata.c.o[0m
[1.159s] [ 32%] [32mBuilding C object src/core/CMakeFiles/ddsc.dir/ddsi/src/ddsi_serdata_default.c.o[0m
[1.177s] [ 33%] [32mBuilding C object src/core/CMakeFiles/ddsc.dir/ddsi/src/ddsi_serdata_pserop.c.o[0m
[1.177s] [ 33%] [32mBuilding C object src/core/CMakeFiles/ddsc.dir/ddsi/src/ddsi_serdata_plist.c.o[0m
[1.177s] [ 33%] [32mBuilding C object src/core/CMakeFiles/ddsc.dir/ddsi/src/ddsi_sertype.c.o[0m
[1.177s] [ 33%] [32mBuilding C object src/core/CMakeFiles/ddsc.dir/ddsi/src/ddsi_sertopic.c.o[0m
[1.178s] [ 33%] [32mBuilding C object src/core/CMakeFiles/ddsc.dir/ddsi/src/ddsi_sertype_plist.c.o[0m
[1.178s] [ 34%] [32mBuilding C object src/core/CMakeFiles/ddsc.dir/ddsi/src/ddsi_sertype_pserop.c.o[0m
[1.178s] [ 34%] [32mBuilding C object src/core/CMakeFiles/ddsc.dir/ddsi/src/ddsi_sertype_default.c.o[0m
[1.193s] [ 34%] [32mBuilding C object src/core/CMakeFiles/ddsc.dir/ddsi/src/ddsi_iid.c.o[0m
[1.193s] [ 34%] [32mBuilding C object src/core/CMakeFiles/ddsc.dir/ddsi/src/ddsi_tkmap.c.o[0m
[1.194s] [ 35%] [32mBuilding C object src/core/CMakeFiles/ddsc.dir/ddsi/src/ddsi_statistics.c.o[0m
[1.199s] [ 35%] [32mBuilding C object src/core/CMakeFiles/ddsc.dir/ddsi/src/ddsi_threadmon.c.o[0m
[1.199s] [ 36%] [32mBuilding C object src/core/CMakeFiles/ddsc.dir/ddsi/src/ddsi_rhc.c.o[0m
[1.200s] [ 37%] [32mBuilding C object src/core/CMakeFiles/ddsc.dir/ddsi/src/ddsi_vendor.c.o[0m
[1.226s] [ 37%] [32m[1mLinking C static library ../../lib/libddsrt-internal.a[0m
[1.232s] [ 37%] [32mBuilding C object src/core/CMakeFiles/ddsc.dir/ddsi/src/ddsi_entity_index.c.o[0m
[1.233s] [ 37%] [32mBuilding C object src/core/CMakeFiles/ddsc.dir/ddsi/src/ddsi_deliver_locally.c.o[0m
[1.253s] [ 37%] [32mBuilding C object src/core/CMakeFiles/ddsc.dir/ddsi/src/ddsi_pmd.c.o[0m
[1.253s] [ 38%] [32mBuilding C object src/core/CMakeFiles/ddsc.dir/ddsi/src/ddsi_deadline.c.o[0m
[1.253s] [ 38%] [32mBuilding C object src/core/CMakeFiles/ddsc.dir/ddsi/src/ddsi_cdrstream.c.o[0m
[1.253s] [ 38%] Built target ddsrt-internal
[1.253s] [ 39%] [32mBuilding C object src/core/CMakeFiles/ddsc.dir/ddsi/src/ddsi_plist.c.o[0m
[1.256s] [ 39%] [32mBuilding C object src/core/CMakeFiles/ddsc.dir/ddsi/src/ddsi_config.c.o[0m
[1.257s] [ 39%] [32mBuilding C object src/core/CMakeFiles/ddsc.dir/ddsi/src/ddsi_acknack.c.o[0m
[1.257s] [ 40%] [32mBuilding C object src/core/CMakeFiles/ddsc.dir/ddsi/src/ddsi_time.c.o[0m
[1.258s] [ 40%] [32mBuilding C object src/core/CMakeFiles/ddsc.dir/ddsi/src/ddsi_ownip.c.o[0m
[1.261s] [ 41%] [32mBuilding C object src/core/CMakeFiles/ddsc.dir/ddsi/src/ddsi_list_genptr.c.o[0m
[1.286s] [ 41%] [32mBuilding C object src/core/CMakeFiles/ddsc.dir/ddsi/src/ddsi_wraddrset.c.o[0m
[1.290s] [ 41%] [32mBuilding C object src/core/CMakeFiles/ddsc.dir/ddsi/src/ddsi_entity.c.o[0m
[1.292s] [ 42%] [32mBuilding C object src/core/CMakeFiles/ddsc.dir/ddsi/src/ddsi_typelib.c.o[0m
[1.296s] [ 42%] [32mBuilding C object src/core/CMakeFiles/ddsc.dir/ddsi/src/ddsi_entity_match.c.o[0m
[1.305s] [ 43%] [32mBuilding C object src/core/CMakeFiles/ddsc.dir/ddsi/src/ddsi_participant.c.o[0m
[1.322s] [ 43%] [32mBuilding C object src/core/CMakeFiles/ddsc.dir/ddsi/src/ddsi_proxy_participant.c.o[0m
[1.326s] [ 43%] [32mBuilding C object src/core/CMakeFiles/ddsc.dir/ddsi/src/ddsi_endpoint.c.o[0m
[1.334s] [ 43%] [32mBuilding C object src/core/CMakeFiles/ddsc.dir/ddsi/src/q_bitset_inlines.c.o[0m
[1.334s] [ 43%] [32mBuilding C object src/core/CMakeFiles/ddsc.dir/ddsi/src/ddsi_proxy_endpoint.c.o[0m
[1.334s] [ 43%] [32mBuilding C object src/core/CMakeFiles/ddsc.dir/ddsi/src/q_bswap.c.o[0m
[1.334s] [ 44%] [32mBuilding C object src/core/CMakeFiles/ddsc.dir/ddsi/src/q_addrset.c.o[0m
[1.339s] [ 45%] [32mBuilding C object src/core/CMakeFiles/ddsc.dir/ddsi/src/ddsi_topic.c.o[0m
[1.342s] [ 45%] [32mBuilding C object src/core/CMakeFiles/ddsc.dir/ddsi/src/q_debmon.c.o[0m
[1.344s] [ 45%] [32mBuilding C object src/core/CMakeFiles/ddsc.dir/ddsi/src/q_init.c.o[0m
[1.345s] [ 46%] [32mBuilding C object src/core/CMakeFiles/ddsc.dir/ddsi/src/q_gc.c.o[0m
[1.350s] [ 47%] [32mBuilding C object src/core/CMakeFiles/ddsc.dir/ddsi/src/q_ddsi_discovery.c.o[0m
[1.362s] [ 47%] [32mBuilding C object src/core/CMakeFiles/ddsc.dir/ddsi/src/q_lat_estim.c.o[0m
[1.362s] [ 48%] [32mBuilding C object src/core/CMakeFiles/ddsc.dir/ddsi/src/q_lease.c.o[0m
[1.362s] [ 48%] [32mBuilding C object src/core/CMakeFiles/ddsc.dir/ddsi/src/q_misc.c.o[0m
[1.372s] [ 49%] [32mBuilding C object src/core/CMakeFiles/ddsc.dir/ddsi/src/q_receive.c.o[0m
[1.382s] [ 49%] [32mBuilding C object src/core/CMakeFiles/ddsc.dir/ddsi/src/q_qosmatch.c.o[0m
[1.382s] [ 50%] [32mBuilding C object src/core/CMakeFiles/ddsc.dir/ddsi/src/q_pcap.c.o[0m
[1.383s] [ 50%] [32mBuilding C object src/core/CMakeFiles/ddsc.dir/ddsi/src/q_radmin.c.o[0m
[1.411s] [ 50%] [32mBuilding C object src/core/CMakeFiles/ddsc.dir/ddsi/src/q_sockwaitset.c.o[0m
[1.411s] [ 50%] [32mBuilding C object src/core/CMakeFiles/ddsc.dir/ddsi/src/q_thread.c.o[0m
[1.429s] [ 51%] [32mBuilding C object src/core/CMakeFiles/ddsc.dir/ddsi/src/q_inverse_uint32_set.c.o[0m
[1.429s] [ 51%] [32mBuilding C object src/core/CMakeFiles/ddsc.dir/ddsi/src/q_transmit.c.o[0m
[1.434s] [ 52%] [32mBuilding C object src/core/CMakeFiles/ddsc.dir/ddsi/src/q_whc.c.o[0m
[1.438s] [ 52%] [32mBuilding C object src/core/CMakeFiles/ddsc.dir/ddsi/src/q_xmsg.c.o[0m
[1.451s] [ 52%] [32mBuilding C object src/core/CMakeFiles/ddsc.dir/ddsi/src/q_xevent.c.o[0m
[1.453s] [ 53%] [32mBuilding C object src/core/CMakeFiles/ddsc.dir/ddsi/src/q_freelist.c.o[0m
[1.460s] [ 53%] [32mBuilding C object src/core/CMakeFiles/ddsc.dir/ddsi/src/sysdeps.c.o[0m
[1.467s] [ 54%] [32mBuilding C object src/core/CMakeFiles/ddsc.dir/ddsi/src/ddsi_lifespan.c.o[0m
[1.479s] [ 54%] [32mBuilding C object src/core/CMakeFiles/ddsc.dir/ddsi/src/ddsi_xt_typeinfo.c.o[0m
[1.485s] [ 54%] [32mBuilding C object src/core/CMakeFiles/ddsc.dir/ddsi/src/ddsi_xt_typelookup.c.o[0m
[1.491s] [ 55%] [32mBuilding C object src/core/CMakeFiles/ddsc.dir/ddsi/src/ddsi_xt_typemap.c.o[0m
[1.505s] [ 56%] [32mBuilding C object src/core/CMakeFiles/ddsc.dir/ddsi/src/ddsi_typelookup.c.o[0m
[1.505s] [ 56%] [32m[1mLinking C static library ../../../lib/libidlpp.a[0m
[1.507s] [ 57%] [32mBuilding C object src/core/CMakeFiles/ddsc.dir/ddsi/src/ddsi_security_exchange.c.o[0m
[1.507s] [ 57%] [32mBuilding C object src/core/CMakeFiles/ddsc.dir/ddsi/src/ddsi_typewrap.c.o[0m
[1.507s] [ 57%] [32mBuilding C object src/core/CMakeFiles/ddsc.dir/ddsi/src/ddsi_security_msg.c.o[0m
[1.510s] [ 58%] [32mBuilding C object src/core/CMakeFiles/ddsc.dir/ddsi/src/ddsi_typebuilder.c.o[0m
[1.516s] [ 58%] [32mBuilding C object src/core/CMakeFiles/ddsc.dir/ddsc/src/dds_alloc.c.o[0m
[1.521s] [ 58%] [32mBuilding C object src/core/CMakeFiles/ddsc.dir/ddsi/defconfig.c.o[0m
[1.523s] [ 59%] [32mBuilding C object src/core/CMakeFiles/ddsc.dir/ddsc/src/dds_builtin.c.o[0m
[1.527s] [ 59%] Built target idlpp
[1.528s] [ 59%] [32mBuilding C object src/core/CMakeFiles/ddsc.dir/ddsc/src/dds_coherent.c.o[0m
[1.534s] [ 60%] [32mBuilding C object src/core/CMakeFiles/ddsc.dir/ddsc/src/dds_participant.c.o[0m
[1.535s] [ 60%] [32mBuilding C object src/core/CMakeFiles/ddsc.dir/ddsc/src/dds_writer.c.o[0m
[1.537s] [ 61%] [32mBuilding C object src/core/CMakeFiles/ddsc.dir/ddsc/src/dds_init.c.o[0m
[1.550s] [ 61%] [32mBuilding C object src/core/CMakeFiles/ddsc.dir/ddsc/src/dds_reader.c.o[0m
[1.562s] [ 61%] [32mBuilding C object src/core/CMakeFiles/ddsc.dir/ddsc/src/dds_publisher.c.o[0m
[1.574s] [ 61%] [32mBuilding C object src/core/CMakeFiles/ddsc.dir/ddsc/src/dds_rhc.c.o[0m
[1.594s] [ 62%] [32mBuilding C object src/core/CMakeFiles/ddsc.dir/ddsc/src/dds_rhc_default.c.o[0m
[1.605s] [ 62%] [32mBuilding C object src/core/CMakeFiles/ddsc.dir/ddsc/src/dds_qos.c.o[0m
[1.606s] [ 63%] [32mBuilding C object src/core/CMakeFiles/ddsc.dir/ddsc/src/dds_instance.c.o[0m
[1.606s] [ 63%] [32mBuilding C object src/core/CMakeFiles/ddsc.dir/ddsc/src/dds_domain.c.o[0m
[1.608s] [ 63%] [32mBuilding C object src/core/CMakeFiles/ddsc.dir/ddsc/src/dds_handles.c.o[0m
[1.619s] [ 64%] [32mBuilding C object src/core/CMakeFiles/ddsc.dir/ddsc/src/dds_querycond.c.o[0m
[1.621s] [ 65%] [32mBuilding C object src/core/CMakeFiles/ddsc.dir/ddsc/src/dds_entity.c.o[0m
[1.629s] [ 65%] [32mBuilding C object src/core/CMakeFiles/ddsc.dir/ddsc/src/dds_topic.c.o[0m
[1.639s] [ 65%] [32m[1mLinking C shared library ../../lib/libcycloneddsidl.so[0m
[1.642s] [ 66%] [32mBuilding C object src/core/CMakeFiles/ddsc.dir/ddsc/src/dds_listener.c.o[0m
[1.642s] [ 66%] [32mBuilding C object src/core/CMakeFiles/ddsc.dir/ddsc/src/dds_read.c.o[0m
[1.646s] [ 66%] [32mBuilding C object src/core/CMakeFiles/ddsc.dir/ddsc/src/dds_matched.c.o[0m
[1.649s] [ 66%] [32mBuilding C object src/core/CMakeFiles/ddsc.dir/ddsc/src/dds_waitset.c.o[0m
[1.659s] [ 66%] [32mBuilding C object src/core/CMakeFiles/ddsc.dir/ddsc/src/dds_readcond.c.o[0m
[1.670s] [ 67%] [32mBuilding C object src/core/CMakeFiles/ddsc.dir/ddsc/src/dds_guardcond.c.o[0m
[1.685s] [ 67%] [32mBuilding C object src/core/CMakeFiles/ddsc.dir/ddsc/src/dds_statistics.c.o[0m
[1.690s] [ 68%] [32mBuilding C object src/core/CMakeFiles/ddsc.dir/ddsc/src/dds_subscriber.c.o[0m
[1.702s] [ 68%] [32mBuilding C object src/core/CMakeFiles/ddsc.dir/ddsc/src/dds_write.c.o[0m
[1.711s] [ 68%] [32mBuilding C object src/core/CMakeFiles/ddsc.dir/ddsc/src/dds_whc.c.o[0m
[1.727s] [ 69%] [32mBuilding C object src/core/CMakeFiles/ddsc.dir/ddsc/src/dds_whc_builtintopic.c.o[0m
[1.739s] [ 69%] [32mBuilding C object src/core/CMakeFiles/ddsc.dir/ddsc/src/dds_serdata_builtintopic.c.o[0m
[1.741s] [ 70%] [32mBuilding C object src/core/CMakeFiles/ddsc.dir/ddsc/src/dds_sertype_builtintopic.c.o[0m
[1.742s] [ 70%] [32mBuilding C object src/core/CMakeFiles/ddsc.dir/ddsc/src/dds_data_allocator.c.o[0m
[1.748s] [ 71%] [32mBuilding C object src/core/CMakeFiles/ddsc.dir/ddsc/src/dds_loan.c.o[0m
[1.748s] [ 71%] [32mBuilding C object src/core/CMakeFiles/ddsc.dir/__/security/core/src/dds_security_serialize.c.o[0m
[1.748s] [ 71%] Built target idl
[1.755s] [ 71%] [32mBuilding C object src/core/CMakeFiles/ddsc.dir/__/security/core/src/dds_security_utils.c.o[0m
[1.773s] [ 71%] [32mBuilding C object src/core/CMakeFiles/ddsc.dir/__/security/core/src/dds_security_plugins.c.o[0m
[1.786s] [ 72%] [32mBuilding C object src/core/CMakeFiles/ddsc.dir/__/security/core/src/shared_secret.c.o[0m
[1.793s] [ 72%] [32mBuilding C object src/core/CMakeFiles/ddsc.dir/__/ddsrt/src/atomics.c.o[0m
[1.794s] [ 73%] [32mBuilding C object src/core/CMakeFiles/ddsc.dir/__/security/core/src/dds_security_timed_cb.c.o[0m
[1.795s] [ 73%] [32mBuilding C object src/core/CMakeFiles/ddsc.dir/__/ddsrt/src/avl.c.o[0m
[1.795s] [ 73%] [32mBuilding C object src/core/CMakeFiles/ddsc.dir/__/ddsrt/src/io.c.o[0m
[1.797s] [ 73%] [32mBuilding C object src/core/CMakeFiles/ddsc.dir/__/security/core/src/dds_security_fsm.c.o[0m
[1.801s] [ 74%] [32mBuilding C object src/core/CMakeFiles/ddsc.dir/__/ddsrt/src/bswap.c.o[0m
[1.802s] [ 75%] [32mBuilding C object src/core/CMakeFiles/ddsc.dir/__/ddsrt/src/log.c.o[0m
[1.812s] [ 75%] [32mBuilding C object src/core/CMakeFiles/ddsc.dir/__/ddsrt/src/strtod.c.o[0m
[1.813s] [ 76%] [32mBuilding C object src/core/CMakeFiles/ddsc.dir/__/ddsrt/src/strtol.c.o[0m
[1.816s] [ 76%] [32mBuilding C object src/core/CMakeFiles/ddsc.dir/__/ddsrt/src/mh3.c.o[0m
[1.818s] [ 76%] [32mBuilding C object src/core/CMakeFiles/ddsc.dir/__/ddsrt/src/retcode.c.o[0m
[1.821s] [ 77%] [32mBuilding C object src/core/CMakeFiles/ddsc.dir/__/ddsrt/src/environ.c.o[0m
[1.821s] [ 77%] [32mBuilding C object src/core/CMakeFiles/ddsc.dir/__/ddsrt/src/expand_vars.c.o[0m
[1.833s] [ 77%] [32mBuilding C object src/core/CMakeFiles/ddsc.dir/__/ddsrt/src/fibheap.c.o[0m
[1.841s] [ 78%] [32mBuilding C object src/core/CMakeFiles/ddsc.dir/__/ddsrt/src/hopscotch.c.o[0m
[1.847s] [ 78%] [32mBuilding C object src/core/CMakeFiles/ddsc.dir/__/ddsrt/src/circlist.c.o[0m
[1.855s] [ 78%] [32mBuilding C object src/core/CMakeFiles/ddsc.dir/__/ddsrt/src/threads.c.o[0m
[1.856s] [ 78%] [32mBuilding C object src/core/CMakeFiles/ddsc.dir/__/ddsrt/src/sockets.c.o[0m
[1.858s] [ 79%] [32mBuilding C object src/core/CMakeFiles/ddsc.dir/__/ddsrt/src/md5.c.o[0m
[1.864s] [ 79%] [32mBuilding C object src/core/CMakeFiles/ddsc.dir/__/ddsrt/src/xmlparser.c.o[0m
[1.866s] [ 79%] [32mBuilding C object src/core/CMakeFiles/ddsc.dir/__/ddsrt/src/ifaddrs.c.o[0m
[1.869s] [ 80%] [32mBuilding C object src/core/CMakeFiles/ddsc.dir/__/ddsrt/src/string.c.o[0m
[1.869s] [ 81%] [32mBuilding C object src/core/CMakeFiles/ddsc.dir/__/ddsrt/src/cdtors.c.o[0m
[1.875s] [ 82%] [32mBuilding C object src/core/CMakeFiles/ddsc.dir/__/ddsrt/src/sockets/posix/socket.c.o[0m
[1.875s] [ 82%] [32mBuilding C object src/core/CMakeFiles/ddsc.dir/__/ddsrt/src/ifaddrs/posix/ifaddrs.c.o[0m
[1.875s] [ 82%] [32mBuilding C object src/core/CMakeFiles/ddsc.dir/__/ddsrt/src/random.c.o[0m
[1.878s] [ 83%] [32mBuilding C object src/core/CMakeFiles/ddsc.dir/__/ddsrt/src/sockets/posix/gethostname.c.o[0m
[1.878s] [ 83%] [32mBuilding C object src/core/CMakeFiles/ddsc.dir/__/ddsrt/src/dynlib/posix/dynlib.c.o[0m
[1.878s] [ 83%] [32mBuilding C object src/core/CMakeFiles/ddsc.dir/__/ddsrt/src/heap/posix/heap.c.o[0m
[1.880s] [ 83%] [32mBuilding C object src/core/CMakeFiles/ddsc.dir/__/ddsrt/src/time.c.o[0m
[1.882s] [ 84%] [32mBuilding C object src/core/CMakeFiles/ddsc.dir/__/ddsrt/src/environ/posix/environ.c.o[0m
[1.892s] [ 84%] [32mBuilding C object src/core/CMakeFiles/ddsc.dir/__/ddsrt/src/filesystem/posix/filesystem.c.o[0m
[1.898s] [ 85%] [32mBuilding C object src/core/CMakeFiles/ddsc.dir/__/ddsrt/src/process/posix/process.c.o[0m
[1.899s] [ 86%] [32mBuilding C object src/core/CMakeFiles/ddsc.dir/__/ddsrt/src/threads/posix/threads.c.o[0m
[1.899s] [ 86%] [32mBuilding C object src/core/CMakeFiles/ddsc.dir/__/ddsrt/src/sync/posix/sync.c.o[0m
[1.901s] [ 86%] [32mBuilding C object src/core/CMakeFiles/ddsc.dir/__/ddsrt/src/netstat/linux/netstat.c.o[0m
[1.904s] [ 86%] [32mBuilding C object src/core/CMakeFiles/ddsc.dir/__/ddsrt/src/random/posix/random.c.o[0m
[1.917s] [ 86%] [32mBuilding C object src/core/CMakeFiles/ddsc.dir/__/ddsrt/src/time/posix/time.c.o[0m
[1.919s] [ 87%] [32mBuilding C object src/core/CMakeFiles/ddsc.dir/__/ddsrt/src/rusage/posix/rusage.c.o[0m
[2.430s] [ 87%] [32m[1mLinking C shared library ../../lib/libddsc.so[0m
[2.514s] [ 87%] Built target ddsc
[2.519s] [35m[1mScanning dependencies of target idlc[0m
[2.519s] [35m[1mScanning dependencies of target dds_security_auth[0m
[2.519s] [35m[1mScanning dependencies of target dds_security_ac[0m
[2.519s] [35m[1mScanning dependencies of target dds_security_crypto[0m
[2.529s] [ 88%] [32mBuilding C object src/tools/idlc/CMakeFiles/idlc.dir/src/idlc.c.o[0m
[2.529s] [ 88%] [32mBuilding C object src/tools/idlc/CMakeFiles/idlc.dir/src/plugin.c.o[0m
[2.530s] [ 88%] [32mBuilding C object src/tools/idlc/CMakeFiles/idlc.dir/src/descriptor.c.o[0m
[2.530s] [ 88%] [32mBuilding C object src/security/builtin_plugins/authentication/CMakeFiles/dds_security_auth.dir/__/__/openssl/src/openssl_support.c.o[0m
[2.530s] [ 88%] [32mBuilding C object src/tools/idlc/CMakeFiles/idlc.dir/src/generator.c.o[0m
[2.531s] [ 89%] [32mBuilding C object src/tools/idlc/CMakeFiles/idlc.dir/src/options.c.o[0m
[2.531s] [ 89%] [32mBuilding C object src/security/builtin_plugins/authentication/CMakeFiles/dds_security_auth.dir/src/authentication.c.o[0m
[2.531s] [ 90%] [32mBuilding C object src/security/builtin_plugins/authentication/CMakeFiles/dds_security_auth.dir/src/auth_utils.c.o[0m
[2.532s] [ 90%] [32mBuilding C object src/security/builtin_plugins/access_control/CMakeFiles/dds_security_ac.dir/__/__/openssl/src/openssl_support.c.o[0m
[2.532s] [ 90%] [32mBuilding C object src/security/builtin_plugins/access_control/CMakeFiles/dds_security_ac.dir/src/access_control_objects.c.o[0m
[2.532s] [ 90%] [32mBuilding C object src/security/builtin_plugins/access_control/CMakeFiles/dds_security_ac.dir/src/access_control.c.o[0m
[2.532s] [ 91%] [32mBuilding C object src/tools/idlc/CMakeFiles/idlc.dir/src/types.c.o[0m
[2.532s] [ 91%] [32mBuilding C object src/tools/idlc/CMakeFiles/idlc.dir/src/descriptor_type_meta.c.o[0m
[2.533s] [ 92%] [32mBuilding C object src/security/builtin_plugins/access_control/CMakeFiles/dds_security_ac.dir/src/access_control_utils.c.o[0m
[2.533s] [ 92%] [32mBuilding C object src/security/builtin_plugins/access_control/CMakeFiles/dds_security_ac.dir/src/access_control_parser.c.o[0m
[2.539s] [ 92%] [32mBuilding C object src/security/builtin_plugins/cryptographic/CMakeFiles/dds_security_crypto.dir/src/crypto_objects.c.o[0m
[2.539s] [ 93%] [32mBuilding C object src/security/builtin_plugins/cryptographic/CMakeFiles/dds_security_crypto.dir/src/crypto_key_exchange.c.o[0m
[2.539s] [ 93%] [32mBuilding C object src/security/builtin_plugins/cryptographic/CMakeFiles/dds_security_crypto.dir/src/crypto_cipher.c.o[0m
[2.539s] [ 94%] [32mBuilding C object src/security/builtin_plugins/cryptographic/CMakeFiles/dds_security_crypto.dir/src/crypto_utils.c.o[0m
[2.539s] [ 95%] [32mBuilding C object src/security/builtin_plugins/cryptographic/CMakeFiles/dds_security_crypto.dir/__/__/openssl/src/openssl_support.c.o[0m
[2.539s] [ 95%] [32mBuilding C object src/security/builtin_plugins/cryptographic/CMakeFiles/dds_security_crypto.dir/src/crypto_key_factory.c.o[0m
[2.539s] [ 95%] [32mBuilding C object src/security/builtin_plugins/cryptographic/CMakeFiles/dds_security_crypto.dir/src/crypto_transform.c.o[0m
[2.540s] [ 95%] [32mBuilding C object src/security/builtin_plugins/cryptographic/CMakeFiles/dds_security_crypto.dir/src/cryptography.c.o[0m
[2.768s] [ 96%] [32m[1mLinking C shared library ../../../../lib/libdds_security_ac.so[0m
[2.795s] [ 96%] Built target dds_security_ac
[2.800s] [ 97%] [32m[1mLinking C shared library ../../../../lib/libdds_security_crypto.so[0m
[2.828s] [ 97%] Built target dds_security_crypto
[2.875s] [ 97%] [32m[1mLinking C executable ../../../bin/idlc[0m
[2.876s] [ 97%] [32m[1mLinking C shared library ../../../../lib/libdds_security_auth.so[0m
[2.902s] [ 97%] Built target dds_security_auth
[2.902s] [ 97%] Built target idlc
[2.906s] [35m[1mScanning dependencies of target ddsperf_types_generate[0m
[2.909s] [ 97%] [34m[1mGenerating ddsperf_types.c, ddsperf_types.h[0m
[2.920s] [ 97%] Built target ddsperf_types_generate
[2.924s] [35m[1mScanning dependencies of target ddsperf[0m
[2.932s] [ 97%] [32mBuilding C object src/tools/ddsperf/CMakeFiles/ddsperf.dir/ddsperf.c.o[0m
[2.932s] [ 97%] [32mBuilding C object src/tools/ddsperf/CMakeFiles/ddsperf.dir/cputime.c.o[0m
[2.932s] [ 98%] [32mBuilding C object src/tools/ddsperf/CMakeFiles/ddsperf.dir/netload.c.o[0m
[2.932s] [ 99%] [32mBuilding C object src/tools/ddsperf/CMakeFiles/ddsperf.dir/ddsperf_types.c.o[0m
[2.932s] [ 99%] [32mBuilding C object src/tools/ddsperf/CMakeFiles/ddsperf.dir/async_listener.c.o[0m
[3.272s] [ 99%] [32m[1mLinking C executable ../../../bin/ddsperf[0m
[3.295s] [100%] Built target ddsperf
[3.301s] Invoked command in '/home/robot/nav2_ws/cyclonedds_ws/build/cyclonedds' returned '0': /usr/bin/cmake --build /home/robot/nav2_ws/cyclonedds_ws/build/cyclonedds -- -j32 -l32
[3.314s] Invoking command in '/home/robot/nav2_ws/cyclonedds_ws/build/cyclonedds': /usr/bin/cmake --install /home/robot/nav2_ws/cyclonedds_ws/build/cyclonedds
[3.317s] -- Install configuration: "RelWithDebInfo"
[3.317s] -- Installing: /home/robot/nav2_ws/cyclonedds_ws/install/cyclonedds/lib/cmake/CycloneDDS/CycloneDDSConfig.cmake
[3.317s] -- Installing: /home/robot/nav2_ws/cyclonedds_ws/install/cyclonedds/lib/cmake/CycloneDDS/CycloneDDSConfigVersion.cmake
[3.317s] -- Installing: /home/robot/nav2_ws/cyclonedds_ws/install/cyclonedds/lib/cmake/CycloneDDS/CycloneDDSTargets.cmake
[3.317s] -- Installing: /home/robot/nav2_ws/cyclonedds_ws/install/cyclonedds/lib/cmake/CycloneDDS/CycloneDDSTargets-relwithdebinfo.cmake
[3.317s] -- Installing: /home/robot/nav2_ws/cyclonedds_ws/install/cyclonedds/lib/pkgconfig/CycloneDDS.pc
[3.318s] -- Installing: /home/robot/nav2_ws/cyclonedds_ws/install/cyclonedds/include/idlc
[3.318s] -- Installing: /home/robot/nav2_ws/cyclonedds_ws/install/cyclonedds/include/idlc/generator.h
[3.318s] -- Installing: /home/robot/nav2_ws/cyclonedds_ws/install/cyclonedds/include/idlc/options.h
[3.318s] -- Installing: /home/robot/nav2_ws/cyclonedds_ws/install/cyclonedds/bin/idlc
[3.318s] -- Set runtime path of "/home/robot/nav2_ws/cyclonedds_ws/install/cyclonedds/bin/idlc" to "$ORIGIN/../lib"
[3.318s] -- Installing: /home/robot/nav2_ws/cyclonedds_ws/install/cyclonedds/lib/cmake/CycloneDDS/idlc/Generate.cmake
[3.318s] -- Installing: /home/robot/nav2_ws/cyclonedds_ws/install/cyclonedds/bin/ddsperf
[3.319s] -- Set runtime path of "/home/robot/nav2_ws/cyclonedds_ws/install/cyclonedds/bin/ddsperf" to "$ORIGIN/../lib"
[3.319s] -- Up-to-date: /home/robot/nav2_ws/cyclonedds_ws/install/cyclonedds/include
[3.319s] -- Installing: /home/robot/nav2_ws/cyclonedds_ws/install/cyclonedds/include/dds
[3.319s] -- Installing: /home/robot/nav2_ws/cyclonedds_ws/install/cyclonedds/include/dds/ddsrt
[3.319s] -- Installing: /home/robot/nav2_ws/cyclonedds_ws/install/cyclonedds/include/dds/ddsrt/filesystem.h
[3.319s] -- Installing: /home/robot/nav2_ws/cyclonedds_ws/install/cyclonedds/include/dds/ddsrt/sched.h
[3.319s] -- Installing: /home/robot/nav2_ws/cyclonedds_ws/install/cyclonedds/include/dds/ddsrt/arch.h
[3.319s] -- Installing: /home/robot/nav2_ws/cyclonedds_ws/install/cyclonedds/include/dds/ddsrt/time.h
[3.319s] -- Installing: /home/robot/nav2_ws/cyclonedds_ws/install/cyclonedds/include/dds/ddsrt/rusage.h
[3.319s] -- Installing: /home/robot/nav2_ws/cyclonedds_ws/install/cyclonedds/include/dds/ddsrt/filesystem
[3.319s] -- Installing: /home/robot/nav2_ws/cyclonedds_ws/install/cyclonedds/include/dds/ddsrt/filesystem/windows.h
[3.319s] -- Installing: /home/robot/nav2_ws/cyclonedds_ws/install/cyclonedds/include/dds/ddsrt/filesystem/posix.h
[3.319s] -- Installing: /home/robot/nav2_ws/cyclonedds_ws/install/cyclonedds/include/dds/ddsrt/random.h
[3.319s] -- Installing: /home/robot/nav2_ws/cyclonedds_ws/install/cyclonedds/include/dds/ddsrt/fibheap.h
[3.320s] -- Installing: /home/robot/nav2_ws/cyclonedds_ws/install/cyclonedds/include/dds/ddsrt/sockets.h
[3.320s] -- Installing: /home/robot/nav2_ws/cyclonedds_ws/install/cyclonedds/include/dds/ddsrt/threads
[3.320s] -- Installing: /home/robot/nav2_ws/cyclonedds_ws/install/cyclonedds/include/dds/ddsrt/threads/freertos.h
[3.320s] -- Installing: /home/robot/nav2_ws/cyclonedds_ws/install/cyclonedds/include/dds/ddsrt/threads/windows.h
[3.320s] -- Installing: /home/robot/nav2_ws/cyclonedds_ws/install/cyclonedds/include/dds/ddsrt/threads/posix.h
[3.320s] -- Installing: /home/robot/nav2_ws/cyclonedds_ws/install/cyclonedds/include/dds/ddsrt/xmlparser.h
[3.320s] -- Installing: /home/robot/nav2_ws/cyclonedds_ws/install/cyclonedds/include/dds/ddsrt/sockets
[3.320s] -- Installing: /home/robot/nav2_ws/cyclonedds_ws/install/cyclonedds/include/dds/ddsrt/sockets/windows.h
[3.320s] -- Installing: /home/robot/nav2_ws/cyclonedds_ws/install/cyclonedds/include/dds/ddsrt/sockets/posix.h
[3.320s] -- Installing: /home/robot/nav2_ws/cyclonedds_ws/install/cyclonedds/include/dds/ddsrt/ifaddrs.h
[3.320s] -- Installing: /home/robot/nav2_ws/cyclonedds_ws/install/cyclonedds/include/dds/ddsrt/endian.h
[3.320s] -- Installing: /home/robot/nav2_ws/cyclonedds_ws/install/cyclonedds/include/dds/ddsrt/environ.h
[3.320s] -- Installing: /home/robot/nav2_ws/cyclonedds_ws/install/cyclonedds/include/dds/ddsrt/bswap.h
[3.320s] -- Installing: /home/robot/nav2_ws/cyclonedds_ws/install/cyclonedds/include/dds/ddsrt/types
[3.320s] -- Installing: /home/robot/nav2_ws/cyclonedds_ws/install/cyclonedds/include/dds/ddsrt/types/vxworks.h
[3.320s] -- Installing: /home/robot/nav2_ws/cyclonedds_ws/install/cyclonedds/include/dds/ddsrt/types/windows.h
[3.320s] -- Installing: /home/robot/nav2_ws/cyclonedds_ws/install/cyclonedds/include/dds/ddsrt/types/posix.h
[3.321s] -- Installing: /home/robot/nav2_ws/cyclonedds_ws/install/cyclonedds/include/dds/ddsrt/types.h
[3.321s] -- Installing: /home/robot/nav2_ws/cyclonedds_ws/install/cyclonedds/include/dds/ddsrt/cdtors.h
[3.321s] -- Installing: /home/robot/nav2_ws/cyclonedds_ws/install/cyclonedds/include/dds/ddsrt/atomics
[3.321s] -- Installing: /home/robot/nav2_ws/cyclonedds_ws/install/cyclonedds/include/dds/ddsrt/atomics/sun.h
[3.321s] -- Installing: /home/robot/nav2_ws/cyclonedds_ws/install/cyclonedds/include/dds/ddsrt/atomics/msvc.h
[3.321s] -- Installing: /home/robot/nav2_ws/cyclonedds_ws/install/cyclonedds/include/dds/ddsrt/atomics/gcc.h
[3.321s] -- Installing: /home/robot/nav2_ws/cyclonedds_ws/install/cyclonedds/include/dds/ddsrt/atomics/arm.h
[3.321s] -- Installing: /home/robot/nav2_ws/cyclonedds_ws/install/cyclonedds/include/dds/ddsrt/threads.h
[3.321s] -- Installing: /home/robot/nav2_ws/cyclonedds_ws/install/cyclonedds/include/dds/ddsrt/mh3.h
[3.321s] -- Installing: /home/robot/nav2_ws/cyclonedds_ws/install/cyclonedds/include/dds/ddsrt/process.h
[3.321s] -- Installing: /home/robot/nav2_ws/cyclonedds_ws/install/cyclonedds/include/dds/ddsrt/circlist.h
[3.321s] -- Installing: /home/robot/nav2_ws/cyclonedds_ws/install/cyclonedds/include/dds/ddsrt/netstat.h
[3.321s] -- Installing: /home/robot/nav2_ws/cyclonedds_ws/install/cyclonedds/include/dds/ddsrt/expand_vars.h
[3.321s] -- Installing: /home/robot/nav2_ws/cyclonedds_ws/install/cyclonedds/include/dds/ddsrt/log.h
[3.321s] -- Installing: /home/robot/nav2_ws/cyclonedds_ws/install/cyclonedds/include/dds/ddsrt/countargs.h
[3.321s] -- Installing: /home/robot/nav2_ws/cyclonedds_ws/install/cyclonedds/include/dds/ddsrt/sync.h
[3.321s] -- Installing: /home/robot/nav2_ws/cyclonedds_ws/install/cyclonedds/include/dds/ddsrt/strtol.h
[3.322s] -- Installing: /home/robot/nav2_ws/cyclonedds_ws/install/cyclonedds/include/dds/ddsrt/static_assert.h
[3.322s] -- Installing: /home/robot/nav2_ws/cyclonedds_ws/install/cyclonedds/include/dds/ddsrt/retcode.h
[3.322s] -- Installing: /home/robot/nav2_ws/cyclonedds_ws/install/cyclonedds/include/dds/ddsrt/time
[3.322s] -- Installing: /home/robot/nav2_ws/cyclonedds_ws/install/cyclonedds/include/dds/ddsrt/time/freertos.h
[3.322s] -- Installing: /home/robot/nav2_ws/cyclonedds_ws/install/cyclonedds/include/dds/ddsrt/avl.h
[3.322s] -- Installing: /home/robot/nav2_ws/cyclonedds_ws/install/cyclonedds/include/dds/ddsrt/io.h
[3.322s] -- Installing: /home/robot/nav2_ws/cyclonedds_ws/install/cyclonedds/include/dds/ddsrt/strtod.h
[3.322s] -- Installing: /home/robot/nav2_ws/cyclonedds_ws/install/cyclonedds/include/dds/ddsrt/dynlib.h
[3.322s] -- Installing: /home/robot/nav2_ws/cyclonedds_ws/install/cyclonedds/include/dds/ddsrt/string.h
[3.322s] -- Installing: /home/robot/nav2_ws/cyclonedds_ws/install/cyclonedds/include/dds/ddsrt/misc.h
[3.322s] -- Installing: /home/robot/nav2_ws/cyclonedds_ws/install/cyclonedds/include/dds/ddsrt/hopscotch.h
[3.322s] -- Installing: /home/robot/nav2_ws/cyclonedds_ws/install/cyclonedds/include/dds/ddsrt/iovec.h
[3.322s] -- Installing: /home/robot/nav2_ws/cyclonedds_ws/install/cyclonedds/include/dds/ddsrt/sync
[3.322s] -- Installing: /home/robot/nav2_ws/cyclonedds_ws/install/cyclonedds/include/dds/ddsrt/sync/freertos.h
[3.322s] -- Installing: /home/robot/nav2_ws/cyclonedds_ws/install/cyclonedds/include/dds/ddsrt/sync/windows.h
[3.322s] -- Installing: /home/robot/nav2_ws/cyclonedds_ws/install/cyclonedds/include/dds/ddsrt/sync/posix.h
[3.322s] -- Installing: /home/robot/nav2_ws/cyclonedds_ws/install/cyclonedds/include/dds/ddsrt/heap.h
[3.322s] -- Installing: /home/robot/nav2_ws/cyclonedds_ws/install/cyclonedds/include/dds/ddsrt/align.h
[3.323s] -- Installing: /home/robot/nav2_ws/cyclonedds_ws/install/cyclonedds/include/dds/ddsrt/attributes.h
[3.323s] -- Installing: /home/robot/nav2_ws/cyclonedds_ws/install/cyclonedds/include/dds/ddsrt/md5.h
[3.323s] -- Installing: /home/robot/nav2_ws/cyclonedds_ws/install/cyclonedds/include/dds/ddsrt/atomics.h
[3.323s] -- Up-to-date: /home/robot/nav2_ws/cyclonedds_ws/install/cyclonedds/include
[3.323s] -- Up-to-date: /home/robot/nav2_ws/cyclonedds_ws/install/cyclonedds/include/dds
[3.323s] -- Installing: /home/robot/nav2_ws/cyclonedds_ws/install/cyclonedds/include/dds/config.h
[3.323s] -- Installing: /home/robot/nav2_ws/cyclonedds_ws/install/cyclonedds/include/dds/version.h
[3.323s] -- Installing: /home/robot/nav2_ws/cyclonedds_ws/install/cyclonedds/include/dds/features.h
[3.323s] -- Installing: /home/robot/nav2_ws/cyclonedds_ws/install/cyclonedds/include/idl
[3.323s] -- Installing: /home/robot/nav2_ws/cyclonedds_ws/install/cyclonedds/include/idl/file.h
[3.323s] -- Installing: /home/robot/nav2_ws/cyclonedds_ws/install/cyclonedds/include/idl/processor.h
[3.323s] -- Installing: /home/robot/nav2_ws/cyclonedds_ws/install/cyclonedds/include/idl/visit.h
[3.323s] -- Installing: /home/robot/nav2_ws/cyclonedds_ws/install/cyclonedds/include/idl/expression.h
[3.323s] -- Installing: /home/robot/nav2_ws/cyclonedds_ws/install/cyclonedds/include/idl/symbol.h
[3.323s] -- Installing: /home/robot/nav2_ws/cyclonedds_ws/install/cyclonedds/include/idl/scope.h
[3.323s] -- Installing: /home/robot/nav2_ws/cyclonedds_ws/install/cyclonedds/include/idl/tree.h
[3.323s] -- Installing: /home/robot/nav2_ws/cyclonedds_ws/install/cyclonedds/include/idl/retcode.h
[3.323s] -- Installing: /home/robot/nav2_ws/cyclonedds_ws/install/cyclonedds/include/idl/print.h
[3.324s] -- Installing: /home/robot/nav2_ws/cyclonedds_ws/install/cyclonedds/include/idl/string.h
[3.324s] -- Installing: /home/robot/nav2_ws/cyclonedds_ws/install/cyclonedds/include/idl/stream.h
[3.324s] -- Up-to-date: /home/robot/nav2_ws/cyclonedds_ws/install/cyclonedds/include/idl
[3.324s] -- Installing: /home/robot/nav2_ws/cyclonedds_ws/install/cyclonedds/include/idl/endian.h
[3.324s] -- Installing: /home/robot/nav2_ws/cyclonedds_ws/install/cyclonedds/include/idl/export.h
[3.324s] -- Installing: /home/robot/nav2_ws/cyclonedds_ws/install/cyclonedds/include/idl/misc.h
[3.324s] -- Installing: /home/robot/nav2_ws/cyclonedds_ws/install/cyclonedds/include/idl/version.h
[3.324s] -- Installing: /home/robot/nav2_ws/cyclonedds_ws/install/cyclonedds/include/idl/attributes.h
[3.324s] -- Installing: /home/robot/nav2_ws/cyclonedds_ws/install/cyclonedds/include/idl/md5.h
[3.324s] -- Installing: /home/robot/nav2_ws/cyclonedds_ws/install/cyclonedds/lib/libcycloneddsidl.so.0.10.5
[3.324s] -- Installing: /home/robot/nav2_ws/cyclonedds_ws/install/cyclonedds/lib/libcycloneddsidl.so.0
[3.324s] -- Set runtime path of "/home/robot/nav2_ws/cyclonedds_ws/install/cyclonedds/lib/libcycloneddsidl.so.0.10.5" to "$ORIGIN/../lib"
[3.324s] -- Installing: /home/robot/nav2_ws/cyclonedds_ws/install/cyclonedds/lib/libcycloneddsidl.so
[3.324s] -- Up-to-date: /home/robot/nav2_ws/cyclonedds_ws/install/cyclonedds/include
[3.324s] -- Up-to-date: /home/robot/nav2_ws/cyclonedds_ws/install/cyclonedds/include/dds
[3.324s] -- Installing: /home/robot/nav2_ws/cyclonedds_ws/install/cyclonedds/include/dds/security
[3.324s] -- Installing: /home/robot/nav2_ws/cyclonedds_ws/install/cyclonedds/include/dds/security/dds_security_api_types.h
[3.324s] -- Installing: /home/robot/nav2_ws/cyclonedds_ws/install/cyclonedds/include/dds/security/dds_security_api_cryptography.h
[3.324s] -- Installing: /home/robot/nav2_ws/cyclonedds_ws/install/cyclonedds/include/dds/security/dds_security_api_access_control.h
[3.324s] -- Installing: /home/robot/nav2_ws/cyclonedds_ws/install/cyclonedds/include/dds/security/dds_security_api_defs.h
[3.324s] -- Installing: /home/robot/nav2_ws/cyclonedds_ws/install/cyclonedds/include/dds/security/dds_security_api.h
[3.324s] -- Installing: /home/robot/nav2_ws/cyclonedds_ws/install/cyclonedds/include/dds/security/dds_security_api_err.h
[3.324s] -- Installing: /home/robot/nav2_ws/cyclonedds_ws/install/cyclonedds/include/dds/security/dds_security_api_authentication.h
[3.325s] -- Installing: /home/robot/nav2_ws/cyclonedds_ws/install/cyclonedds/include/dds/security/core/
[3.325s] -- Installing: /home/robot/nav2_ws/cyclonedds_ws/install/cyclonedds/include/dds/security/core//dds_security_fsm.h
[3.325s] -- Installing: /home/robot/nav2_ws/cyclonedds_ws/install/cyclonedds/include/dds/security/core//dds_security_serialize.h
[3.325s] -- Installing: /home/robot/nav2_ws/cyclonedds_ws/install/cyclonedds/include/dds/security/core//dds_security_utils.h
[3.325s] -- Installing: /home/robot/nav2_ws/cyclonedds_ws/install/cyclonedds/include/dds/security/core//dds_security_types.h
[3.325s] -- Installing: /home/robot/nav2_ws/cyclonedds_ws/install/cyclonedds/include/dds/security/core//dds_security_timed_cb.h
[3.325s] -- Installing: /home/robot/nav2_ws/cyclonedds_ws/install/cyclonedds/include/dds/security/core//shared_secret.h
[3.325s] -- Installing: /home/robot/nav2_ws/cyclonedds_ws/install/cyclonedds/include/dds/security/core//dds_security_plugins.h
[3.325s] -- Installing: /home/robot/nav2_ws/cyclonedds_ws/install/cyclonedds/lib/libdds_security_ac.so
[3.325s] -- Set runtime path of "/home/robot/nav2_ws/cyclonedds_ws/install/cyclonedds/lib/libdds_security_ac.so" to "$ORIGIN/../lib"
[3.325s] -- Installing: /home/robot/nav2_ws/cyclonedds_ws/install/cyclonedds/lib/libdds_security_auth.so
[3.325s] -- Set runtime path of "/home/robot/nav2_ws/cyclonedds_ws/install/cyclonedds/lib/libdds_security_auth.so" to "$ORIGIN/../lib"
[3.325s] -- Installing: /home/robot/nav2_ws/cyclonedds_ws/install/cyclonedds/lib/libdds_security_crypto.so
[3.325s] -- Set runtime path of "/home/robot/nav2_ws/cyclonedds_ws/install/cyclonedds/lib/libdds_security_crypto.so" to "$ORIGIN/../lib"
[3.325s] -- Up-to-date: /home/robot/nav2_ws/cyclonedds_ws/install/cyclonedds/include
[3.325s] -- Up-to-date: /home/robot/nav2_ws/cyclonedds_ws/install/cyclonedds/include/dds
[3.325s] -- Installing: /home/robot/nav2_ws/cyclonedds_ws/install/cyclonedds/include/dds/ddsi
[3.325s] -- Installing: /home/robot/nav2_ws/cyclonedds_ws/install/cyclonedds/include/dds/ddsi/q_protocol.h
[3.325s] -- Installing: /home/robot/nav2_ws/cyclonedds_ws/install/cyclonedds/include/dds/ddsi/q_inverse_uint32_set.h
[3.325s] -- Installing: /home/robot/nav2_ws/cyclonedds_ws/install/cyclonedds/include/dds/ddsi/q_feature_check.h
[3.325s] -- Installing: /home/robot/nav2_ws/cyclonedds_ws/install/cyclonedds/include/dds/ddsi/q_sockwaitset.h
[3.325s] -- Installing: /home/robot/nav2_ws/cyclonedds_ws/install/cyclonedds/include/dds/ddsi/ddsi_entity_match.h
[3.325s] -- Installing: /home/robot/nav2_ws/cyclonedds_ws/install/cyclonedds/include/dds/ddsi/ddsi_cfgunits.h
[3.325s] -- Installing: /home/robot/nav2_ws/cyclonedds_ws/install/cyclonedds/include/dds/ddsi/ddsi_ssl.h
[3.325s] -- Installing: /home/robot/nav2_ws/cyclonedds_ws/install/cyclonedds/include/dds/ddsi/ddsi_serdata_plist.h
[3.325s] -- Installing: /home/robot/nav2_ws/cyclonedds_ws/install/cyclonedds/include/dds/ddsi/ddsi_xqos.h
[3.325s] -- Installing: /home/robot/nav2_ws/cyclonedds_ws/install/cyclonedds/include/dds/ddsi/q_ddsi_discovery.h
[3.325s] -- Installing: /home/robot/nav2_ws/cyclonedds_ws/install/cyclonedds/include/dds/ddsi/q_radmin.h
[3.325s] -- Installing: /home/robot/nav2_ws/cyclonedds_ws/install/cyclonedds/include/dds/ddsi/ddsi_xt_typeinfo.idl
[3.325s] -- Installing: /home/robot/nav2_ws/cyclonedds_ws/install/cyclonedds/include/dds/ddsi/ddsi_ipaddr.h
[3.325s] -- Installing: /home/robot/nav2_ws/cyclonedds_ws/install/cyclonedds/include/dds/ddsi/ddsi_xt_typelookup.h
[3.325s] -- Installing: /home/robot/nav2_ws/cyclonedds_ws/install/cyclonedds/include/dds/ddsi/ddsi_security_exchange.h
[3.325s] -- Installing: /home/robot/nav2_ws/cyclonedds_ws/install/cyclonedds/include/dds/ddsi/ddsi_ownip.h
[3.325s] -- Installing: /home/robot/nav2_ws/cyclonedds_ws/install/cyclonedds/include/dds/ddsi/ddsi_plist.h
[3.325s] -- Installing: /home/robot/nav2_ws/cyclonedds_ws/install/cyclonedds/include/dds/ddsi/ddsi_lifespan.h
[3.325s] -- Installing: /home/robot/nav2_ws/cyclonedds_ws/install/cyclonedds/include/dds/ddsi/ddsi_entity.h
[3.325s] -- Installing: /home/robot/nav2_ws/cyclonedds_ws/install/cyclonedds/include/dds/ddsi/q_lat_estim.h
[3.325s] -- Installing: /home/robot/nav2_ws/cyclonedds_ws/install/cyclonedds/include/dds/ddsi/ddsi_security_util.h
[3.325s] -- Installing: /home/robot/nav2_ws/cyclonedds_ws/install/cyclonedds/include/dds/ddsi/ddsi_config_impl.h
[3.325s] -- Installing: /home/robot/nav2_ws/cyclonedds_ws/install/cyclonedds/include/dds/ddsi/ddsi_guid.h
[3.325s] -- Installing: /home/robot/nav2_ws/cyclonedds_ws/install/cyclonedds/include/dds/ddsi/q_xmsg.h
[3.325s] -- Installing: /home/robot/nav2_ws/cyclonedds_ws/install/cyclonedds/include/dds/ddsi/ddsi_serdata.h
[3.325s] -- Installing: /home/robot/nav2_ws/cyclonedds_ws/install/cyclonedds/include/dds/ddsi/ddsi_tcp.h
[3.325s] -- Installing: /home/robot/nav2_ws/cyclonedds_ws/install/cyclonedds/include/dds/ddsi/q_transmit.h
[3.325s] -- Installing: /home/robot/nav2_ws/cyclonedds_ws/install/cyclonedds/include/dds/ddsi/ddsi_iid.h
[3.325s] -- Installing: /home/robot/nav2_ws/cyclonedds_ws/install/cyclonedds/include/dds/ddsi/sysdeps.h
[3.326s] -- Installing: /home/robot/nav2_ws/cyclonedds_ws/install/cyclonedds/include/dds/ddsi/ddsi_sertopic.h
[3.326s] -- Installing: /home/robot/nav2_ws/cyclonedds_ws/install/cyclonedds/include/dds/ddsi/ddsi_typelookup.h
[3.326s] -- Installing: /home/robot/nav2_ws/cyclonedds_ws/install/cyclonedds/include/dds/ddsi/ddsi_locator.h
[3.326s] -- Installing: /home/robot/nav2_ws/cyclonedds_ws/install/cyclonedds/include/dds/ddsi/q_gc.h
[3.326s] -- Installing: /home/robot/nav2_ws/cyclonedds_ws/install/cyclonedds/include/dds/ddsi/q_log.h
[3.326s] -- Installing: /home/robot/nav2_ws/cyclonedds_ws/install/cyclonedds/include/dds/ddsi/q_xevent.h
[3.326s] -- Installing: /home/robot/nav2_ws/cyclonedds_ws/install/cyclonedds/include/dds/ddsi/ddsi_portmapping.h
[3.326s] -- Installing: /home/robot/nav2_ws/cyclonedds_ws/install/cyclonedds/include/dds/ddsi/ddsi_proxy_endpoint.h
[3.326s] -- Installing: /home/robot/nav2_ws/cyclonedds_ws/install/cyclonedds/include/dds/ddsi/ddsi_vendor.h
[3.326s] -- Installing: /home/robot/nav2_ws/cyclonedds_ws/install/cyclonedds/include/dds/ddsi/ddsi_serdata_pserop.h
[3.326s] -- Installing: /home/robot/nav2_ws/cyclonedds_ws/install/cyclonedds/include/dds/ddsi/q_misc.h
[3.326s] -- Installing: /home/robot/nav2_ws/cyclonedds_ws/install/cyclonedds/include/dds/ddsi/ddsi_keyhash.h
[3.326s] -- Installing: /home/robot/nav2_ws/cyclonedds_ws/install/cyclonedds/include/dds/ddsi/q_thread.h
[3.326s] -- Installing: /home/robot/nav2_ws/cyclonedds_ws/install/cyclonedds/include/dds/ddsi/ddsi_list_genptr.h
[3.326s] -- Installing: /home/robot/nav2_ws/cyclonedds_ws/install/cyclonedds/include/dds/ddsi/ddsi_time.h
[3.326s] -- Installing: /home/robot/nav2_ws/cyclonedds_ws/install/cyclonedds/include/dds/ddsi/ddsi_participant.h
[3.326s] -- Installing: /home/robot/nav2_ws/cyclonedds_ws/install/cyclonedds/include/dds/ddsi/ddsi_rhc.h
[3.326s] -- Installing: /home/robot/nav2_ws/cyclonedds_ws/install/cyclonedds/include/dds/ddsi/ddsi_udp.h
[3.326s] -- Installing: /home/robot/nav2_ws/cyclonedds_ws/install/cyclonedds/include/dds/ddsi/q_unused.h
[3.326s] -- Installing: /home/robot/nav2_ws/cyclonedds_ws/install/cyclonedds/include/dds/ddsi/ddsi_wraddrset.h
[3.326s] -- Installing: /home/robot/nav2_ws/cyclonedds_ws/install/cyclonedds/include/dds/ddsi/q_debmon.h
[3.326s] -- Installing: /home/robot/nav2_ws/cyclonedds_ws/install/cyclonedds/include/dds/ddsi/q_receive.h
[3.326s] -- Installing: /home/robot/nav2_ws/cyclonedds_ws/install/cyclonedds/include/dds/ddsi/q_rtps.h
[3.326s] -- Installing: /home/robot/nav2_ws/cyclonedds_ws/install/cyclonedds/include/dds/ddsi/ddsi_deliver_locally.h
[3.326s] -- Installing: /home/robot/nav2_ws/cyclonedds_ws/install/cyclonedds/include/dds/ddsi/q_freelist.h
[3.326s] -- Installing: /home/robot/nav2_ws/cyclonedds_ws/install/cyclonedds/include/dds/ddsi/ddsi_tkmap.h
[3.326s] -- Installing: /home/robot/nav2_ws/cyclonedds_ws/install/cyclonedds/include/dds/ddsi/ddsi_pmd.h
[3.326s] -- Installing: /home/robot/nav2_ws/cyclonedds_ws/install/cyclonedds/include/dds/ddsi/q_bswap.h
[3.326s] -- Installing: /home/robot/nav2_ws/cyclonedds_ws/install/cyclonedds/include/dds/ddsi/ddsi_config.h
[3.326s] -- Installing: /home/robot/nav2_ws/cyclonedds_ws/install/cyclonedds/include/dds/ddsi/ddsi_raweth.h
[3.326s] -- Installing: /home/robot/nav2_ws/cyclonedds_ws/install/cyclonedds/include/dds/ddsi/ddsi_shm_transport.h
[3.326s] -- Installing: /home/robot/nav2_ws/cyclonedds_ws/install/cyclonedds/include/dds/ddsi/ddsi_security_msg.h
[3.326s] -- Installing: /home/robot/nav2_ws/cyclonedds_ws/install/cyclonedds/include/dds/ddsi/q_lease.h
[3.326s] -- Installing: /home/robot/nav2_ws/cyclonedds_ws/install/cyclonedds/include/dds/ddsi/ddsi_topic.h
[3.326s] -- Installing: /home/robot/nav2_ws/cyclonedds_ws/install/cyclonedds/include/dds/ddsi/q_init.h
[3.326s] -- Installing: /home/robot/nav2_ws/cyclonedds_ws/install/cyclonedds/include/dds/ddsi/ddsi_xt_typemap.idl
[3.326s] -- Installing: /home/robot/nav2_ws/cyclonedds_ws/install/cyclonedds/include/dds/ddsi/q_qosmatch.h
[3.326s] -- Installing: /home/robot/nav2_ws/cyclonedds_ws/install/cyclonedds/include/dds/ddsi/q_whc.h
[3.326s] -- Installing: /home/robot/nav2_ws/cyclonedds_ws/install/cyclonedds/include/dds/ddsi/ddsi_plist_generic.h
[3.326s] -- Installing: /home/robot/nav2_ws/cyclonedds_ws/install/cyclonedds/include/dds/ddsi/ddsi_xt_typelookup.idl
[3.326s] -- Installing: /home/robot/nav2_ws/cyclonedds_ws/install/cyclonedds/include/dds/ddsi/ddsi_builtin_topic_if.h
[3.326s] -- Installing: /home/robot/nav2_ws/cyclonedds_ws/install/cyclonedds/include/dds/ddsi/ddsi_threadmon.h
[3.326s] -- Installing: /home/robot/nav2_ws/cyclonedds_ws/install/cyclonedds/include/dds/ddsi/ddsi_handshake.h
[3.326s] -- Installing: /home/robot/nav2_ws/cyclonedds_ws/install/cyclonedds/include/dds/ddsi/ddsi_serdata_default.h
[3.327s] -- Installing: /home/robot/nav2_ws/cyclonedds_ws/install/cyclonedds/include/dds/ddsi/ddsi_cdrstream.h
[3.327s] -- Installing: /home/robot/nav2_ws/cyclonedds_ws/install/cyclonedds/include/dds/ddsi/q_addrset.h
[3.327s] -- Installing: /home/robot/nav2_ws/cyclonedds_ws/install/cyclonedds/include/dds/ddsi/ddsi_typelib.h
[3.327s] -- Installing: /home/robot/nav2_ws/cyclonedds_ws/install/cyclonedds/include/dds/ddsi/ddsi_proxy_participant.h
[3.327s] -- Installing: /home/robot/nav2_ws/cyclonedds_ws/install/cyclonedds/include/dds/ddsi/ddsi_typebuilder.h
[3.327s] -- Installing: /home/robot/nav2_ws/cyclonedds_ws/install/cyclonedds/include/dds/ddsi/ddsi_list_tmpl.h
[3.327s] -- Installing: /home/robot/nav2_ws/cyclonedds_ws/install/cyclonedds/include/dds/ddsi/ddsi_typewrap.h
[3.327s] -- Installing: /home/robot/nav2_ws/cyclonedds_ws/install/cyclonedds/include/dds/ddsi/q_pcap.h
[3.327s] -- Installing: /home/robot/nav2_ws/cyclonedds_ws/install/cyclonedds/include/dds/ddsi/ddsi_vnet.h
[3.327s] -- Installing: /home/robot/nav2_ws/cyclonedds_ws/install/cyclonedds/include/dds/ddsi/ddsi_tran.h
[3.327s] -- Installing: /home/robot/nav2_ws/cyclonedds_ws/install/cyclonedds/include/dds/ddsi/ddsi_security_omg.h
[3.327s] -- Installing: /home/robot/nav2_ws/cyclonedds_ws/install/cyclonedds/include/dds/ddsi/q_hbcontrol.h
[3.327s] -- Installing: /home/robot/nav2_ws/cyclonedds_ws/install/cyclonedds/include/dds/ddsi/ddsi_domaingv.h
[3.327s] -- Installing: /home/robot/nav2_ws/cyclonedds_ws/install/cyclonedds/include/dds/ddsi/ddsi_deadline.h
[3.327s] -- Installing: /home/robot/nav2_ws/cyclonedds_ws/install/cyclonedds/include/dds/ddsi/ddsi_endpoint.h
[3.327s] -- Installing: /home/robot/nav2_ws/cyclonedds_ws/install/cyclonedds/include/dds/ddsi/ddsi_sertype.h
[3.327s] -- Installing: /home/robot/nav2_ws/cyclonedds_ws/install/cyclonedds/include/dds/ddsi/ddsi_acknack.h
[3.327s] -- Installing: /home/robot/nav2_ws/cyclonedds_ws/install/cyclonedds/include/dds/ddsi/ddsi_statistics.h
[3.327s] -- Installing: /home/robot/nav2_ws/cyclonedds_ws/install/cyclonedds/include/dds/ddsi/ddsi_cfgelems.h
[3.327s] -- Installing: /home/robot/nav2_ws/cyclonedds_ws/install/cyclonedds/include/dds/ddsi/ddsi_entity_index.h
[3.327s] -- Installing: /home/robot/nav2_ws/cyclonedds_ws/install/cyclonedds/include/dds/ddsi/ddsi_xt_typemap.h
[3.327s] -- Installing: /home/robot/nav2_ws/cyclonedds_ws/install/cyclonedds/include/dds/ddsi/ddsi_xt_impl.h
[3.327s] -- Installing: /home/robot/nav2_ws/cyclonedds_ws/install/cyclonedds/include/dds/ddsi/q_bitset.h
[3.327s] -- Installing: /home/robot/nav2_ws/cyclonedds_ws/install/cyclonedds/include/dds/ddsi/ddsi_mcgroup.h
[3.327s] -- Installing: /home/robot/nav2_ws/cyclonedds_ws/install/cyclonedds/include/dds/ddsi/ddsi_xt_typeinfo.h
[3.327s] -- Up-to-date: /home/robot/nav2_ws/cyclonedds_ws/install/cyclonedds/include
[3.327s] -- Up-to-date: /home/robot/nav2_ws/cyclonedds_ws/install/cyclonedds/include/dds
[3.327s] -- Installing: /home/robot/nav2_ws/cyclonedds_ws/install/cyclonedds/include/dds/ddsc
[3.327s] -- Installing: /home/robot/nav2_ws/cyclonedds_ws/install/cyclonedds/include/dds/ddsc/dds_public_qos.h
[3.327s] -- Installing: /home/robot/nav2_ws/cyclonedds_ws/install/cyclonedds/include/dds/ddsc/dds_basic_types.h
[3.327s] -- Installing: /home/robot/nav2_ws/cyclonedds_ws/install/cyclonedds/include/dds/ddsc/dds_loan_api.h
[3.327s] -- Installing: /home/robot/nav2_ws/cyclonedds_ws/install/cyclonedds/include/dds/ddsc/dds_internal_api.h
[3.327s] -- Installing: /home/robot/nav2_ws/cyclonedds_ws/install/cyclonedds/include/dds/ddsc/dds_data_allocator.h
[3.327s] -- Installing: /home/robot/nav2_ws/cyclonedds_ws/install/cyclonedds/include/dds/ddsc/dds_opcodes.h
[3.327s] -- Installing: /home/robot/nav2_ws/cyclonedds_ws/install/cyclonedds/include/dds/ddsc/dds_public_listener.h
[3.327s] -- Installing: /home/robot/nav2_ws/cyclonedds_ws/install/cyclonedds/include/dds/ddsc/dds_public_impl.h
[3.327s] -- Installing: /home/robot/nav2_ws/cyclonedds_ws/install/cyclonedds/include/dds/ddsc/dds_statistics.h
[3.327s] -- Installing: /home/robot/nav2_ws/cyclonedds_ws/install/cyclonedds/include/dds/ddsc/dds_public_status.h
[3.327s] -- Installing: /home/robot/nav2_ws/cyclonedds_ws/install/cyclonedds/include/dds/ddsc/dds_public_alloc.h
[3.327s] -- Installing: /home/robot/nav2_ws/cyclonedds_ws/install/cyclonedds/include/dds/ddsc/dds_rhc.h
[3.327s] -- Installing: /home/robot/nav2_ws/cyclonedds_ws/install/cyclonedds/include/dds/ddsc/dds_public_error.h
[3.327s] -- Installing: /home/robot/nav2_ws/cyclonedds_ws/install/cyclonedds/include/dds/ddsc/dds_public_qosdefs.h
[3.327s] -- Installing: /home/robot/nav2_ws/cyclonedds_ws/install/cyclonedds/include/dds/dds.h
[3.327s] -- Installing: /home/robot/nav2_ws/cyclonedds_ws/install/cyclonedds/include/ddsc
[3.327s] -- Installing: /home/robot/nav2_ws/cyclonedds_ws/install/cyclonedds/include/ddsc/dds.h
[3.327s] -- Up-to-date: /home/robot/nav2_ws/cyclonedds_ws/install/cyclonedds/include
[3.327s] -- Up-to-date: /home/robot/nav2_ws/cyclonedds_ws/install/cyclonedds/include/dds
[3.327s] -- Installing: /home/robot/nav2_ws/cyclonedds_ws/install/cyclonedds/include/dds/export.h
[3.327s] -- Installing: /home/robot/nav2_ws/cyclonedds_ws/install/cyclonedds/lib/libddsc.so.0.10.5
[3.330s] -- Installing: /home/robot/nav2_ws/cyclonedds_ws/install/cyclonedds/lib/libddsc.so.0
[3.330s] -- Set runtime path of "/home/robot/nav2_ws/cyclonedds_ws/install/cyclonedds/lib/libddsc.so.0.10.5" to "$ORIGIN/../lib"
[3.330s] -- Installing: /home/robot/nav2_ws/cyclonedds_ws/install/cyclonedds/lib/libddsc.so
[3.330s] -- Installing: /home/robot/nav2_ws/cyclonedds_ws/install/cyclonedds/share/doc/CycloneDDS/CONTRIBUTING.md
[3.330s] -- Installing: /home/robot/nav2_ws/cyclonedds_ws/install/cyclonedds/share/doc/CycloneDDS/CYCLONEDDS_QUALITY_DECLARATION.md
[3.330s] -- Installing: /home/robot/nav2_ws/cyclonedds_ws/install/cyclonedds/share/doc/CycloneDDS/LICENSE
[3.330s] -- Installing: /home/robot/nav2_ws/cyclonedds_ws/install/cyclonedds/share/doc/CycloneDDS/NOTICE.md
[3.330s] -- Installing: /home/robot/nav2_ws/cyclonedds_ws/install/cyclonedds/share/doc/CycloneDDS/README.md
[3.330s] -- Installing: /home/robot/nav2_ws/cyclonedds_ws/install/cyclonedds/share/doc/CycloneDDS/CHANGELOG.rst
[3.331s] Invoked command in '/home/robot/nav2_ws/cyclonedds_ws/build/cyclonedds' returned '0': /usr/bin/cmake --install /home/robot/nav2_ws/cyclonedds_ws/build/cyclonedds
