-- Found ament_cmake: 0.9.12 (/opt/ros/foxy/share/ament_cmake/cmake)
-- Using PYTHON_EXECUTABLE: /usr/bin/python3
-- Found ament_lint_auto: 0.9.8 (/opt/ros/foxy/share/ament_lint_auto/cmake)
-- Added test 'copyright' to check source files copyright and LICENSE
-- Added test 'cppcheck' to perform static code analysis on C / C++ code
-- Configured cppcheck include dirs: 
-- Configured cppcheck exclude dirs and/or files: 
-- Added test 'cpplint' to check C / C++ code against the Google style
-- Configured cpplint exclude dirs and/or files: 
-- Added test 'lint_cmake' to check CMake code style
-- Added test 'uncrustify' to check C / C++ code style
-- Configured uncrustify additional arguments: 
-- Added test 'xmllint' to check XML markup files
-- Configuring done
-- Generating done
-- Build files have been written to: /home/robot/nav2_ws/build/h1_sport
[35m[1mScanning dependencies of target demo[0m
[ 50%] [32mBuilding CXX object CMakeFiles/demo.dir/src/demo.cpp.o[0m
[01m[K/home/robot/nav2_ws/src/h1_sport/src/demo.cpp:13:27:[m[K [01;31m[Kerror: [m[Kconflicting declaration ‘[01m[Kchar** argc[m[K’
   13 | int main(int argc, [01;31m[Kchar** argc[m[K) {
      |                    [01;31m[K~~~~~~~^~~~[m[K
[01m[K/home/robot/nav2_ws/src/h1_sport/src/demo.cpp:13:14:[m[K [01;36m[Knote: [m[Kprevious declaration as ‘[01m[Kint argc[m[K’
   13 | int main([01;36m[Kint argc[m[K, char** argc) {
      |          [01;36m[K~~~~^~~~[m[K
[01m[K/home/robot/nav2_ws/src/h1_sport/src/demo.cpp:13:5:[m[K [01;35m[Kwarning: [m[K‘[01m[Kint main(int)[m[K’ takes only zero or two arguments [[01;35m[K-Wmain[m[K]
   13 | int [01;35m[Kmain[m[K(int argc, char** argc) {
      |     [01;35m[K^~~~[m[K
make[2]: *** [CMakeFiles/demo.dir/build.make:63：CMakeFiles/demo.dir/src/demo.cpp.o] 错误 1
make[1]: *** [CMakeFiles/Makefile2:78：CMakeFiles/demo.dir/all] 错误 2
make: *** [Makefile:141：all] 错误 2
