Determining if the strlcpy exist failed with the following output:
Change Dir: /home/robot/nav2_ws/cyclonedds_ws/build/cyclonedds/CMakeFiles/CMakeTmp

Run Build Command(s):/usr/bin/make cmTC_9dab1/fast && /usr/bin/make -f CMakeFiles/cmTC_9dab1.dir/build.make CMakeFiles/cmTC_9dab1.dir/build
make[1]: 进入目录“/home/robot/nav2_ws/cyclonedds_ws/build/cyclonedds/CMakeFiles/CMakeTmp”
Building C object CMakeFiles/cmTC_9dab1.dir/CheckSymbolExists.c.o
/usr/bin/cc   -std=gnu99 -o CMakeFiles/cmTC_9dab1.dir/CheckSymbolExists.c.o   -c /home/robot/nav2_ws/cyclonedds_ws/build/cyclonedds/CMakeFiles/CMakeTmp/CheckSymbolExists.c
/home/robot/nav2_ws/cyclonedds_ws/build/cyclonedds/CMakeFiles/CMakeTmp/CheckSymbolExists.c: In function ‘main’:
/home/robot/nav2_ws/cyclonedds_ws/build/cyclonedds/CMakeFiles/CMakeTmp/CheckSymbolExists.c:8:19: error: ‘strlcpy’ undeclared (first use in this function); did you mean ‘strncpy’?
    8 |   return ((int*)(&strlcpy))[argc];
      |                   ^~~~~~~
      |                   strncpy
/home/robot/nav2_ws/cyclonedds_ws/build/cyclonedds/CMakeFiles/CMakeTmp/CheckSymbolExists.c:8:19: note: each undeclared identifier is reported only once for each function it appears in
make[1]: *** [CMakeFiles/cmTC_9dab1.dir/build.make:66：CMakeFiles/cmTC_9dab1.dir/CheckSymbolExists.c.o] 错误 1
make[1]: 离开目录“/home/robot/nav2_ws/cyclonedds_ws/build/cyclonedds/CMakeFiles/CMakeTmp”
make: *** [Makefile:121：cmTC_9dab1/fast] 错误 2


File /home/robot/nav2_ws/cyclonedds_ws/build/cyclonedds/CMakeFiles/CMakeTmp/CheckSymbolExists.c:
/* */
#include <string.h>

int main(int argc, char** argv)
{
  (void)argv;
#ifndef strlcpy
  return ((int*)(&strlcpy))[argc];
#else
  (void)argc;
  return 0;
#endif
}
Determining if the strlcat exist failed with the following output:
Change Dir: /home/robot/nav2_ws/cyclonedds_ws/build/cyclonedds/CMakeFiles/CMakeTmp

Run Build Command(s):/usr/bin/make cmTC_0cbc5/fast && /usr/bin/make -f CMakeFiles/cmTC_0cbc5.dir/build.make CMakeFiles/cmTC_0cbc5.dir/build
make[1]: 进入目录“/home/robot/nav2_ws/cyclonedds_ws/build/cyclonedds/CMakeFiles/CMakeTmp”
Building C object CMakeFiles/cmTC_0cbc5.dir/CheckSymbolExists.c.o
/usr/bin/cc   -std=gnu99 -o CMakeFiles/cmTC_0cbc5.dir/CheckSymbolExists.c.o   -c /home/robot/nav2_ws/cyclonedds_ws/build/cyclonedds/CMakeFiles/CMakeTmp/CheckSymbolExists.c
/home/robot/nav2_ws/cyclonedds_ws/build/cyclonedds/CMakeFiles/CMakeTmp/CheckSymbolExists.c: In function ‘main’:
/home/robot/nav2_ws/cyclonedds_ws/build/cyclonedds/CMakeFiles/CMakeTmp/CheckSymbolExists.c:8:19: error: ‘strlcat’ undeclared (first use in this function); did you mean ‘strncat’?
    8 |   return ((int*)(&strlcat))[argc];
      |                   ^~~~~~~
      |                   strncat
/home/robot/nav2_ws/cyclonedds_ws/build/cyclonedds/CMakeFiles/CMakeTmp/CheckSymbolExists.c:8:19: note: each undeclared identifier is reported only once for each function it appears in
make[1]: *** [CMakeFiles/cmTC_0cbc5.dir/build.make:66：CMakeFiles/cmTC_0cbc5.dir/CheckSymbolExists.c.o] 错误 1
make[1]: 离开目录“/home/robot/nav2_ws/cyclonedds_ws/build/cyclonedds/CMakeFiles/CMakeTmp”
make: *** [Makefile:121：cmTC_0cbc5/fast] 错误 2


File /home/robot/nav2_ws/cyclonedds_ws/build/cyclonedds/CMakeFiles/CMakeTmp/CheckSymbolExists.c:
/* */
#include <string.h>

int main(int argc, char** argv)
{
  (void)argv;
#ifndef strlcat
  return ((int*)(&strlcat))[argc];
#else
  (void)argc;
  return 0;
#endif
}
Performing C SOURCE FILE Test COMPILER_HAS_HIDDEN_INLINE_VISIBILITY failed with the following output:
Change Dir: /home/robot/nav2_ws/cyclonedds_ws/build/cyclonedds/CMakeFiles/CMakeTmp

Run Build Command(s):/usr/bin/make cmTC_5258b/fast && /usr/bin/make -f CMakeFiles/cmTC_5258b.dir/build.make CMakeFiles/cmTC_5258b.dir/build
make[1]: Entering directory '/home/robot/nav2_ws/cyclonedds_ws/build/cyclonedds/CMakeFiles/CMakeTmp'
Building C object CMakeFiles/cmTC_5258b.dir/src.c.o
/usr/bin/cc   -DCOMPILER_HAS_HIDDEN_INLINE_VISIBILITY   -fvisibility-inlines-hidden -std=gnu99 -o CMakeFiles/cmTC_5258b.dir/src.c.o   -c /home/robot/nav2_ws/cyclonedds_ws/build/cyclonedds/CMakeFiles/CMakeTmp/src.c
cc1: warning: command line option '-fvisibility-inlines-hidden' is valid for C++/ObjC++ but not for C
Linking C executable cmTC_5258b
/usr/bin/cmake -E cmake_link_script CMakeFiles/cmTC_5258b.dir/link.txt --verbose=1
/usr/bin/cc  -DCOMPILER_HAS_HIDDEN_INLINE_VISIBILITY    CMakeFiles/cmTC_5258b.dir/src.c.o  -o cmTC_5258b 
make[1]: Leaving directory '/home/robot/nav2_ws/cyclonedds_ws/build/cyclonedds/CMakeFiles/CMakeTmp'


Source file was:
int main(void) { return 0; }
Performing C SOURCE FILE Test CMAKE_HAVE_LIBC_PTHREAD failed with the following output:
Change Dir: /home/robot/nav2_ws/cyclonedds_ws/build/cyclonedds/CMakeFiles/CMakeTmp

Run Build Command(s):/usr/bin/make cmTC_3f4e4/fast && /usr/bin/make -f CMakeFiles/cmTC_3f4e4.dir/build.make CMakeFiles/cmTC_3f4e4.dir/build
make[1]: 进入目录“/home/robot/nav2_ws/cyclonedds_ws/build/cyclonedds/CMakeFiles/CMakeTmp”
Building C object CMakeFiles/cmTC_3f4e4.dir/src.c.o
/usr/bin/cc   -DCMAKE_HAVE_LIBC_PTHREAD   -std=gnu99 -o CMakeFiles/cmTC_3f4e4.dir/src.c.o   -c /home/robot/nav2_ws/cyclonedds_ws/build/cyclonedds/CMakeFiles/CMakeTmp/src.c
Linking C executable cmTC_3f4e4
/usr/bin/cmake -E cmake_link_script CMakeFiles/cmTC_3f4e4.dir/link.txt --verbose=1
/usr/bin/cc  -DCMAKE_HAVE_LIBC_PTHREAD    CMakeFiles/cmTC_3f4e4.dir/src.c.o  -o cmTC_3f4e4 
/usr/bin/ld: CMakeFiles/cmTC_3f4e4.dir/src.c.o: in function `main':
src.c:(.text+0x46): undefined reference to `pthread_create'
/usr/bin/ld: src.c:(.text+0x52): undefined reference to `pthread_detach'
/usr/bin/ld: src.c:(.text+0x63): undefined reference to `pthread_join'
collect2: error: ld returned 1 exit status
make[1]: *** [CMakeFiles/cmTC_3f4e4.dir/build.make:87：cmTC_3f4e4] 错误 1
make[1]: 离开目录“/home/robot/nav2_ws/cyclonedds_ws/build/cyclonedds/CMakeFiles/CMakeTmp”
make: *** [Makefile:121：cmTC_3f4e4/fast] 错误 2


Source file was:
#include <pthread.h>

void* test_func(void* data)
{
  return data;
}

int main(void)
{
  pthread_t thread;
  pthread_create(&thread, NULL, test_func, NULL);
  pthread_detach(thread);
  pthread_join(thread, NULL);
  pthread_atfork(NULL, NULL, NULL);
  pthread_exit(NULL);

  return 0;
}

Determining if the function pthread_create exists in the pthreads failed with the following output:
Change Dir: /home/robot/nav2_ws/cyclonedds_ws/build/cyclonedds/CMakeFiles/CMakeTmp

Run Build Command(s):/usr/bin/make cmTC_cab5c/fast && /usr/bin/make -f CMakeFiles/cmTC_cab5c.dir/build.make CMakeFiles/cmTC_cab5c.dir/build
make[1]: 进入目录“/home/robot/nav2_ws/cyclonedds_ws/build/cyclonedds/CMakeFiles/CMakeTmp”
Building C object CMakeFiles/cmTC_cab5c.dir/CheckFunctionExists.c.o
/usr/bin/cc   -DCHECK_FUNCTION_EXISTS=pthread_create   -std=gnu99 -o CMakeFiles/cmTC_cab5c.dir/CheckFunctionExists.c.o   -c /usr/share/cmake-3.16/Modules/CheckFunctionExists.c
Linking C executable cmTC_cab5c
/usr/bin/cmake -E cmake_link_script CMakeFiles/cmTC_cab5c.dir/link.txt --verbose=1
/usr/bin/cc  -DCHECK_FUNCTION_EXISTS=pthread_create    CMakeFiles/cmTC_cab5c.dir/CheckFunctionExists.c.o  -o cmTC_cab5c  -lpthreads 
/usr/bin/ld: 找不到 -lpthreads
collect2: error: ld returned 1 exit status
make[1]: *** [CMakeFiles/cmTC_cab5c.dir/build.make:87：cmTC_cab5c] 错误 1
make[1]: 离开目录“/home/robot/nav2_ws/cyclonedds_ws/build/cyclonedds/CMakeFiles/CMakeTmp”
make: *** [Makefile:121：cmTC_cab5c/fast] 错误 2



