-- Found ament_cmake: 0.9.12 (/opt/ros/foxy/share/ament_cmake/cmake)
-- Using PYTHON_EXECUTABLE: /usr/bin/python3
-- Found rclcpp: 2.4.3 (/opt/ros/foxy/share/rclcpp/cmake)
-- Using all available rosidl_typesupport_c: rosidl_typesupport_fastrtps_c;rosidl_typesupport_introspection_c
-- Found rosidl_adapter: 1.3.1 (/opt/ros/foxy/share/rosidl_adapter/cmake)
-- Using all available rosidl_typesupport_cpp: rosidl_typesupport_fastrtps_cpp;rosidl_typesupport_introspection_cpp
-- Found rmw_implementation_cmake: 1.0.4 (/opt/ros/foxy/share/rmw_implementation_cmake/cmake)
-- Using RMW implementation 'rmw_fastrtps_cpp' as default
CMake Error at CMakeLists.txt:25 (find_package):
  By not providing "Findunitree_api.cmake" in CMAKE_MODULE_PATH this project
  has asked CMake to find a package configuration file provided by
  "unitree_api", but CMake did not find one.

  Could not find a package configuration file provided by "unitree_api" with
  any of the following names:

    unitree_apiConfig.cmake
    unitree_api-config.cmake

  Add the installation prefix of "unitree_api" to CMAKE_PREFIX_PATH or set
  "unitree_api_DIR" to a directory containing one of the above files.  If
  "unitree_api" provides a separate development package or SDK, be sure it
  has been installed.


-- Configuring incomplete, errors occurred!
See also "/home/robot/nav2_ws/build/h1_sport_sdk/CMakeFiles/CMakeOutput.log".
See also "/home/robot/nav2_ws/build/h1_sport_sdk/CMakeFiles/CMakeError.log".
