[0.042s] Invoking command in '/home/robot/nav2_ws/build/examples_rclcpp_minimal_timer': CMAKE_PREFIX_PATH=/opt/ros/foxy /usr/bin/cmake --build /home/robot/nav2_ws/build/examples_rclcpp_minimal_timer -- -j32 -l32
[0.856s] [ 50%] Built target timer_member_function
[0.856s] [100%] Built target timer_lambda
[0.866s] Invoked command in '/home/robot/nav2_ws/build/examples_rclcpp_minimal_timer' returned '0': CMAKE_PREFIX_PATH=/opt/ros/foxy /usr/bin/cmake --build /home/robot/nav2_ws/build/examples_rclcpp_minimal_timer -- -j32 -l32
[0.909s] Invoking command in '/home/robot/nav2_ws/build/examples_rclcpp_minimal_timer': CMAKE_PREFIX_PATH=/opt/ros/foxy /usr/bin/cmake --install /home/robot/nav2_ws/build/examples_rclcpp_minimal_timer
[0.929s] -- Install configuration: ""
[0.930s] -- Up-to-date: /home/robot/nav2_ws/install/examples_rclcpp_minimal_timer/lib/examples_rclcpp_minimal_timer/timer_lambda
[0.931s] -- Up-to-date: /home/robot/nav2_ws/install/examples_rclcpp_minimal_timer/lib/examples_rclcpp_minimal_timer/timer_member_function
[0.931s] -- Up-to-date: /home/robot/nav2_ws/install/examples_rclcpp_minimal_timer/share/ament_index/resource_index/package_run_dependencies/examples_rclcpp_minimal_timer
[0.931s] -- Up-to-date: /home/robot/nav2_ws/install/examples_rclcpp_minimal_timer/share/ament_index/resource_index/parent_prefix_path/examples_rclcpp_minimal_timer
[0.931s] -- Up-to-date: /home/robot/nav2_ws/install/examples_rclcpp_minimal_timer/share/examples_rclcpp_minimal_timer/environment/ament_prefix_path.sh
[0.931s] -- Up-to-date: /home/robot/nav2_ws/install/examples_rclcpp_minimal_timer/share/examples_rclcpp_minimal_timer/environment/ament_prefix_path.dsv
[0.931s] -- Up-to-date: /home/robot/nav2_ws/install/examples_rclcpp_minimal_timer/share/examples_rclcpp_minimal_timer/environment/path.sh
[0.931s] -- Up-to-date: /home/robot/nav2_ws/install/examples_rclcpp_minimal_timer/share/examples_rclcpp_minimal_timer/environment/path.dsv
[0.932s] -- Up-to-date: /home/robot/nav2_ws/install/examples_rclcpp_minimal_timer/share/examples_rclcpp_minimal_timer/local_setup.bash
[0.932s] -- Up-to-date: /home/robot/nav2_ws/install/examples_rclcpp_minimal_timer/share/examples_rclcpp_minimal_timer/local_setup.sh
[0.932s] -- Up-to-date: /home/robot/nav2_ws/install/examples_rclcpp_minimal_timer/share/examples_rclcpp_minimal_timer/local_setup.zsh
[0.932s] -- Up-to-date: /home/robot/nav2_ws/install/examples_rclcpp_minimal_timer/share/examples_rclcpp_minimal_timer/local_setup.dsv
[0.932s] -- Installing: /home/robot/nav2_ws/install/examples_rclcpp_minimal_timer/share/examples_rclcpp_minimal_timer/package.dsv
[0.932s] -- Up-to-date: /home/robot/nav2_ws/install/examples_rclcpp_minimal_timer/share/ament_index/resource_index/packages/examples_rclcpp_minimal_timer
[0.932s] -- Up-to-date: /home/robot/nav2_ws/install/examples_rclcpp_minimal_timer/share/examples_rclcpp_minimal_timer/cmake/examples_rclcpp_minimal_timerConfig.cmake
[0.933s] -- Up-to-date: /home/robot/nav2_ws/install/examples_rclcpp_minimal_timer/share/examples_rclcpp_minimal_timer/cmake/examples_rclcpp_minimal_timerConfig-version.cmake
[0.933s] -- Up-to-date: /home/robot/nav2_ws/install/examples_rclcpp_minimal_timer/share/examples_rclcpp_minimal_timer/package.xml
[0.964s] Invoked command in '/home/robot/nav2_ws/build/examples_rclcpp_minimal_timer' returned '0': CMAKE_PREFIX_PATH=/opt/ros/foxy /usr/bin/cmake --install /home/robot/nav2_ws/build/examples_rclcpp_minimal_timer
