-- The C compiler identification is GNU 9.4.0
-- The CXX compiler identification is GNU 9.4.0
-- Check for working C compiler: /usr/bin/cc
-- Check for working C compiler: /usr/bin/cc -- works
-- Detecting C compiler ABI info
-- Detecting C compiler ABI info - done
-- Detecting C compile features
-- Detecting C compile features - done
-- Check for working CXX compiler: /usr/bin/c++
-- Check for working CXX compiler: /usr/bin/c++ -- works
-- Detecting CXX compiler ABI info
-- Detecting CXX compiler ABI info - done
-- Detecting CXX compile features
-- Detecting CXX compile features - done
-- Found ament_cmake: 0.9.12 (/opt/ros/foxy/share/ament_cmake/cmake)
-- Found PythonInterp: /usr/bin/python3 (found suitable version "3.8.10", minimum required is "3") 
-- Using PYTHON_EXECUTABLE: /usr/bin/python3
-- Found ament_lint_auto: 0.9.8 (/opt/ros/foxy/share/ament_lint_auto/cmake)
-- Added test 'copyright' to check source files copyright and LICENSE
-- Added test 'cppcheck' to perform static code analysis on C / C++ code
-- Configured cppcheck include dirs: 
-- Configured cppcheck exclude dirs and/or files: 
-- Added test 'cpplint' to check C / C++ code against the Google style
-- Configured cpplint exclude dirs and/or files: 
-- Added test 'lint_cmake' to check CMake code style
-- Added test 'uncrustify' to check C / C++ code style
-- Configured uncrustify additional arguments: 
-- Added test 'xmllint' to check XML markup files
-- Configuring done
-- Generating done
-- Build files have been written to: /home/robot/nav2_ws/src/build/h1_sport
[35m[1mScanning dependencies of target demo[0m
[ 50%] [32mBuilding CXX object CMakeFiles/demo.dir/src/demo.cpp.o[0m
[100%] [32m[1mLinking CXX executable demo[0m
[100%] Built target demo
-- Install configuration: ""
-- Installing: /home/robot/nav2_ws/src/install/h1_sport/share/ament_index/resource_index/package_run_dependencies/h1_sport
-- Installing: /home/robot/nav2_ws/src/install/h1_sport/share/ament_index/resource_index/parent_prefix_path/h1_sport
-- Installing: /home/robot/nav2_ws/src/install/h1_sport/share/h1_sport/environment/ament_prefix_path.sh
-- Installing: /home/robot/nav2_ws/src/install/h1_sport/share/h1_sport/environment/ament_prefix_path.dsv
-- Installing: /home/robot/nav2_ws/src/install/h1_sport/share/h1_sport/environment/path.sh
-- Installing: /home/robot/nav2_ws/src/install/h1_sport/share/h1_sport/environment/path.dsv
-- Installing: /home/robot/nav2_ws/src/install/h1_sport/share/h1_sport/local_setup.bash
-- Installing: /home/robot/nav2_ws/src/install/h1_sport/share/h1_sport/local_setup.sh
-- Installing: /home/robot/nav2_ws/src/install/h1_sport/share/h1_sport/local_setup.zsh
-- Installing: /home/robot/nav2_ws/src/install/h1_sport/share/h1_sport/local_setup.dsv
-- Installing: /home/robot/nav2_ws/src/install/h1_sport/share/h1_sport/package.dsv
-- Installing: /home/robot/nav2_ws/src/install/h1_sport/share/ament_index/resource_index/packages/h1_sport
-- Installing: /home/robot/nav2_ws/src/install/h1_sport/share/h1_sport/cmake/h1_sportConfig.cmake
-- Installing: /home/robot/nav2_ws/src/install/h1_sport/share/h1_sport/cmake/h1_sportConfig-version.cmake
-- Installing: /home/robot/nav2_ws/src/install/h1_sport/share/h1_sport/package.xml
-- Installing: /home/robot/nav2_ws/src/install/h1_sport/lib/h1_sport/demo
