[0.006s] Invoking command in '/home/robot/nav2_ws/build/ros2_socket_sender': CMAKE_PREFIX_PATH=${CMAKE_PREFIX_PATH}:/home/robot/nav2_ws/install/examples_rclpy_minimal_subscriber:/home/robot/nav2_ws/install/examples_rclpy_minimal_service:/home/robot/nav2_ws/install/examples_rclpy_minimal_publisher:/home/robot/nav2_ws/install/examples_rclpy_minimal_client:/home/robot/nav2_ws/install/examples_rclpy_minimal_action_server:/home/robot/nav2_ws/install/examples_rclpy_minimal_action_client:/home/robot/nav2_ws/install/examples_rclpy_executors:/opt/ros/foxy /usr/bin/cmake --build /home/robot/nav2_ws/build/ros2_socket_sender -- -j32 -l32
[0.017s] -- Found ament_cmake: 0.9.12 (/opt/ros/foxy/share/ament_cmake/cmake)
[0.031s] -- Using PYTHON_EXECUTABLE: /usr/bin/python3
[0.121s] -- Found std_msgs: 2.0.5 (/opt/ros/foxy/share/std_msgs/cmake)
[0.131s] -- Using all available rosidl_typesupport_c: rosidl_typesupport_fastrtps_c;rosidl_typesupport_introspection_c
[0.133s] -- Found rosidl_adapter: 1.3.1 (/opt/ros/foxy/share/rosidl_adapter/cmake)
[0.190s] -- Using all available rosidl_typesupport_cpp: rosidl_typesupport_fastrtps_cpp;rosidl_typesupport_introspection_cpp
[0.209s] -- Found rclcpp: 2.4.3 (/opt/ros/foxy/share/rclcpp/cmake)
[0.225s] -- Found rmw_implementation_cmake: 1.0.4 (/opt/ros/foxy/share/rmw_implementation_cmake/cmake)
[0.226s] -- Using RMW implementation 'rmw_fastrtps_cpp' as default
[0.284s] -- Found ament_lint_auto: 0.9.8 (/opt/ros/foxy/share/ament_lint_auto/cmake)
[0.313s] -- Added test 'copyright' to check source files copyright and LICENSE
[0.313s] -- Added test 'cppcheck' to perform static code analysis on C / C++ code
[0.313s] -- Configured cppcheck include dirs: 
[0.313s] -- Configured cppcheck exclude dirs and/or files: 
[0.313s] -- Added test 'cpplint' to check C / C++ code against the Google style
[0.313s] -- Configured cpplint exclude dirs and/or files: 
[0.314s] -- Added test 'lint_cmake' to check CMake code style
[0.314s] -- Added test 'uncrustify' to check C / C++ code style
[0.314s] -- Configured uncrustify additional arguments: 
[0.314s] -- Added test 'xmllint' to check XML markup files
[0.315s] -- Configuring done
[0.316s] CMake Error at CMakeLists.txt:35 (add_executable):
[0.316s]   Cannot find source file:
[0.316s] 
[0.316s]     src/ros2_socket_sender.cpp
[0.316s] 
[0.316s]   Tried extensions .c .C .c++ .cc .cpp .cxx .cu .m .M .mm .h .hh .h++ .hm
[0.316s]   .hpp .hxx .in .txx
[0.316s] 
[0.316s] 
[0.316s] CMake Error at CMakeLists.txt:35 (add_executable):
[0.316s]   No SOURCES given to target: socket_sender
[0.316s] 
[0.316s] 
[0.316s] CMake Generate step failed.  Build files cannot be regenerated correctly.
[0.319s] make: *** [Makefile:222：cmake_check_build_system] 错误 1
[0.320s] Invoked command in '/home/robot/nav2_ws/build/ros2_socket_sender' returned '2': CMAKE_PREFIX_PATH=${CMAKE_PREFIX_PATH}:/home/robot/nav2_ws/install/examples_rclpy_minimal_subscriber:/home/robot/nav2_ws/install/examples_rclpy_minimal_service:/home/robot/nav2_ws/install/examples_rclpy_minimal_publisher:/home/robot/nav2_ws/install/examples_rclpy_minimal_client:/home/robot/nav2_ws/install/examples_rclpy_minimal_action_server:/home/robot/nav2_ws/install/examples_rclpy_minimal_action_client:/home/robot/nav2_ws/install/examples_rclpy_executors:/opt/ros/foxy /usr/bin/cmake --build /home/robot/nav2_ws/build/ros2_socket_sender -- -j32 -l32
