/home/robot/.local/lib/python3.8/site-packages/setuptools/dist.py:723: UserWarning: Usage of dash-separated 'script-dir' will not be supported in future versions. Please use the underscore name 'script_dir' instead
  warnings.warn(
running egg_info
creating ../../../../../build/examples_rclpy_minimal_action_server/examples_rclpy_minimal_action_server.egg-info
writing manifest file '../../../../../build/examples_rclpy_minimal_action_server/examples_rclpy_minimal_action_server.egg-info/SOURCES.txt'
writing manifest file '../../../../../build/examples_rclpy_minimal_action_server/examples_rclpy_minimal_action_server.egg-info/SOURCES.txt'
running build
running build_py
creating /home/robot/nav2_ws/build/examples_rclpy_minimal_action_server/build
creating /home/robot/nav2_ws/build/examples_rclpy_minimal_action_server/build/lib
creating /home/robot/nav2_ws/build/examples_rclpy_minimal_action_server/build/lib/examples_rclpy_minimal_action_server
copying examples_rclpy_minimal_action_server/server_defer.py -> /home/robot/nav2_ws/build/examples_rclpy_minimal_action_server/build/lib/examples_rclpy_minimal_action_server
copying examples_rclpy_minimal_action_server/server.py -> /home/robot/nav2_ws/build/examples_rclpy_minimal_action_server/build/lib/examples_rclpy_minimal_action_server
copying examples_rclpy_minimal_action_server/server_queue_goals.py -> /home/robot/nav2_ws/build/examples_rclpy_minimal_action_server/build/lib/examples_rclpy_minimal_action_server
copying examples_rclpy_minimal_action_server/__init__.py -> /home/robot/nav2_ws/build/examples_rclpy_minimal_action_server/build/lib/examples_rclpy_minimal_action_server
copying examples_rclpy_minimal_action_server/server_not_composable.py -> /home/robot/nav2_ws/build/examples_rclpy_minimal_action_server/build/lib/examples_rclpy_minimal_action_server
copying examples_rclpy_minimal_action_server/server_single_goal.py -> /home/robot/nav2_ws/build/examples_rclpy_minimal_action_server/build/lib/examples_rclpy_minimal_action_server
running install
running install_lib
creating /home/robot/nav2_ws/install/examples_rclpy_minimal_action_server/lib/python3.8/site-packages/examples_rclpy_minimal_action_server
byte-compiling /home/robot/nav2_ws/install/examples_rclpy_minimal_action_server/lib/python3.8/site-packages/examples_rclpy_minimal_action_server/server_defer.py to server_defer.cpython-38.pyc
byte-compiling /home/robot/nav2_ws/install/examples_rclpy_minimal_action_server/lib/python3.8/site-packages/examples_rclpy_minimal_action_server/server.py to server.cpython-38.pyc
byte-compiling /home/robot/nav2_ws/install/examples_rclpy_minimal_action_server/lib/python3.8/site-packages/examples_rclpy_minimal_action_server/server_queue_goals.py to server_queue_goals.cpython-38.pyc
byte-compiling /home/robot/nav2_ws/install/examples_rclpy_minimal_action_server/lib/python3.8/site-packages/examples_rclpy_minimal_action_server/__init__.py to __init__.cpython-38.pyc
byte-compiling /home/robot/nav2_ws/install/examples_rclpy_minimal_action_server/lib/python3.8/site-packages/examples_rclpy_minimal_action_server/server_not_composable.py to server_not_composable.cpython-38.pyc
byte-compiling /home/robot/nav2_ws/install/examples_rclpy_minimal_action_server/lib/python3.8/site-packages/examples_rclpy_minimal_action_server/server_single_goal.py to server_single_goal.cpython-38.pyc
running install_data
creating /home/robot/nav2_ws/install/examples_rclpy_minimal_action_server/share/ament_index
creating /home/robot/nav2_ws/install/examples_rclpy_minimal_action_server/share/ament_index/resource_index
creating /home/robot/nav2_ws/install/examples_rclpy_minimal_action_server/share/ament_index/resource_index/packages
copying resource/examples_rclpy_minimal_action_server -> /home/robot/nav2_ws/install/examples_rclpy_minimal_action_server/share/ament_index/resource_index/packages
copying package.xml -> /home/robot/nav2_ws/install/examples_rclpy_minimal_action_server/share/examples_rclpy_minimal_action_server
running install_egg_info
Copying ../../../../../build/examples_rclpy_minimal_action_server/examples_rclpy_minimal_action_server.egg-info to /home/robot/nav2_ws/install/examples_rclpy_minimal_action_server/lib/python3.8/site-packages/examples_rclpy_minimal_action_server-0.9.4-py3.8.egg-info
running install_scripts
writing list of installed files to '/home/robot/nav2_ws/build/examples_rclpy_minimal_action_server/install.log'
