[1.285s] Invoking command in '/home/robot/nav2_ws/src/examples/rclpy/actions/minimal_action_server': PYTHONPATH=/home/robot/nav2_ws/build/examples_rclpy_minimal_action_server/prefix_override:/home/robot/nav2_ws/install/examples_rclpy_minimal_action_server/lib/python3.8/site-packages:${PYTHONPATH} /usr/bin/python3 -W ignore:setup.py install is deprecated setup.py egg_info --egg-base ../../../../../build/examples_rclpy_minimal_action_server build --build-base /home/robot/nav2_ws/build/examples_rclpy_minimal_action_server/build install --record /home/robot/nav2_ws/build/examples_rclpy_minimal_action_server/install.log --install-scripts $base/lib/examples_rclpy_minimal_action_server --single-version-externally-managed install_data
[1.465s] /home/robot/.local/lib/python3.8/site-packages/setuptools/dist.py:723: UserWarning: Usage of dash-separated 'script-dir' will not be supported in future versions. Please use the underscore name 'script_dir' instead
[1.465s]   warnings.warn(
[1.487s] running egg_info
[1.488s] creating ../../../../../build/examples_rclpy_minimal_action_server/examples_rclpy_minimal_action_server.egg-info
[1.489s] writing manifest file '../../../../../build/examples_rclpy_minimal_action_server/examples_rclpy_minimal_action_server.egg-info/SOURCES.txt'
[1.491s] writing manifest file '../../../../../build/examples_rclpy_minimal_action_server/examples_rclpy_minimal_action_server.egg-info/SOURCES.txt'
[1.491s] running build
[1.491s] running build_py
[1.492s] creating /home/robot/nav2_ws/build/examples_rclpy_minimal_action_server/build
[1.492s] creating /home/robot/nav2_ws/build/examples_rclpy_minimal_action_server/build/lib
[1.492s] creating /home/robot/nav2_ws/build/examples_rclpy_minimal_action_server/build/lib/examples_rclpy_minimal_action_server
[1.492s] copying examples_rclpy_minimal_action_server/server_defer.py -> /home/robot/nav2_ws/build/examples_rclpy_minimal_action_server/build/lib/examples_rclpy_minimal_action_server
[1.492s] copying examples_rclpy_minimal_action_server/server.py -> /home/robot/nav2_ws/build/examples_rclpy_minimal_action_server/build/lib/examples_rclpy_minimal_action_server
[1.492s] copying examples_rclpy_minimal_action_server/server_queue_goals.py -> /home/robot/nav2_ws/build/examples_rclpy_minimal_action_server/build/lib/examples_rclpy_minimal_action_server
[1.492s] copying examples_rclpy_minimal_action_server/__init__.py -> /home/robot/nav2_ws/build/examples_rclpy_minimal_action_server/build/lib/examples_rclpy_minimal_action_server
[1.492s] copying examples_rclpy_minimal_action_server/server_not_composable.py -> /home/robot/nav2_ws/build/examples_rclpy_minimal_action_server/build/lib/examples_rclpy_minimal_action_server
[1.492s] copying examples_rclpy_minimal_action_server/server_single_goal.py -> /home/robot/nav2_ws/build/examples_rclpy_minimal_action_server/build/lib/examples_rclpy_minimal_action_server
[1.492s] running install
[1.494s] running install_lib
[1.494s] creating /home/robot/nav2_ws/install/examples_rclpy_minimal_action_server/lib/python3.8/site-packages/examples_rclpy_minimal_action_server
[1.495s] byte-compiling /home/robot/nav2_ws/install/examples_rclpy_minimal_action_server/lib/python3.8/site-packages/examples_rclpy_minimal_action_server/server_defer.py to server_defer.cpython-38.pyc
[1.495s] byte-compiling /home/robot/nav2_ws/install/examples_rclpy_minimal_action_server/lib/python3.8/site-packages/examples_rclpy_minimal_action_server/server.py to server.cpython-38.pyc
[1.496s] byte-compiling /home/robot/nav2_ws/install/examples_rclpy_minimal_action_server/lib/python3.8/site-packages/examples_rclpy_minimal_action_server/server_queue_goals.py to server_queue_goals.cpython-38.pyc
[1.496s] byte-compiling /home/robot/nav2_ws/install/examples_rclpy_minimal_action_server/lib/python3.8/site-packages/examples_rclpy_minimal_action_server/__init__.py to __init__.cpython-38.pyc
[1.496s] byte-compiling /home/robot/nav2_ws/install/examples_rclpy_minimal_action_server/lib/python3.8/site-packages/examples_rclpy_minimal_action_server/server_not_composable.py to server_not_composable.cpython-38.pyc
[1.497s] byte-compiling /home/robot/nav2_ws/install/examples_rclpy_minimal_action_server/lib/python3.8/site-packages/examples_rclpy_minimal_action_server/server_single_goal.py to server_single_goal.cpython-38.pyc
[1.497s] running install_data
[1.497s] creating /home/robot/nav2_ws/install/examples_rclpy_minimal_action_server/share/ament_index
[1.497s] creating /home/robot/nav2_ws/install/examples_rclpy_minimal_action_server/share/ament_index/resource_index
[1.497s] creating /home/robot/nav2_ws/install/examples_rclpy_minimal_action_server/share/ament_index/resource_index/packages
[1.497s] copying resource/examples_rclpy_minimal_action_server -> /home/robot/nav2_ws/install/examples_rclpy_minimal_action_server/share/ament_index/resource_index/packages
[1.497s] copying package.xml -> /home/robot/nav2_ws/install/examples_rclpy_minimal_action_server/share/examples_rclpy_minimal_action_server
[1.497s] running install_egg_info
[1.498s] Copying ../../../../../build/examples_rclpy_minimal_action_server/examples_rclpy_minimal_action_server.egg-info to /home/robot/nav2_ws/install/examples_rclpy_minimal_action_server/lib/python3.8/site-packages/examples_rclpy_minimal_action_server-0.9.4-py3.8.egg-info
[1.499s] running install_scripts
[1.514s] writing list of installed files to '/home/robot/nav2_ws/build/examples_rclpy_minimal_action_server/install.log'
[1.543s] Invoked command in '/home/robot/nav2_ws/src/examples/rclpy/actions/minimal_action_server' returned '0': PYTHONPATH=/home/robot/nav2_ws/build/examples_rclpy_minimal_action_server/prefix_override:/home/robot/nav2_ws/install/examples_rclpy_minimal_action_server/lib/python3.8/site-packages:${PYTHONPATH} /usr/bin/python3 -W ignore:setup.py install is deprecated setup.py egg_info --egg-base ../../../../../build/examples_rclpy_minimal_action_server build --build-base /home/robot/nav2_ws/build/examples_rclpy_minimal_action_server/build install --record /home/robot/nav2_ws/build/examples_rclpy_minimal_action_server/install.log --install-scripts $base/lib/examples_rclpy_minimal_action_server --single-version-externally-managed install_data
