[0.840s] Invoking command in '/home/robot/nav2_ws/build/h1_sport_sdk': CMAKE_PREFIX_PATH=/opt/ros/foxy /usr/bin/cmake /home/robot/nav2_ws/src/h1_sport_sdk -DCMAKE_INSTALL_PREFIX=/home/robot/nav2_ws/install/h1_sport_sdk
[0.864s] -- The C compiler identification is GNU 9.4.0
[0.888s] -- The CXX compiler identification is GNU 9.4.0
[0.892s] -- Check for working C compiler: /usr/bin/cc
[0.926s] -- Check for working C compiler: /usr/bin/cc -- works
[0.926s] -- Detecting C compiler ABI info
[0.960s] -- Detecting C compiler ABI info - done
[0.968s] -- Detecting C compile features
[0.968s] -- Detecting C compile features - done
[0.970s] -- Check for working CXX compiler: /usr/bin/c++
[1.004s] -- Check for working CXX compiler: /usr/bin/c++ -- works
[1.005s] -- Detecting CXX compiler ABI info
[1.040s] -- Detecting CXX compiler ABI info - done
[1.047s] -- Detecting CXX compile features
[1.048s] -- Detecting CXX compile features - done
[1.049s] -- Found ament_cmake: 0.9.12 (/opt/ros/foxy/share/ament_cmake/cmake)
[1.061s] -- Found PythonInterp: /usr/bin/python3 (found suitable version "3.8.10", minimum required is "3") 
[1.061s] -- Using PYTHON_EXECUTABLE: /usr/bin/python3
[1.165s] -- Found rclcpp: 2.4.3 (/opt/ros/foxy/share/rclcpp/cmake)
[1.196s] -- Using all available rosidl_typesupport_c: rosidl_typesupport_fastrtps_c;rosidl_typesupport_introspection_c
[1.199s] -- Found rosidl_adapter: 1.3.1 (/opt/ros/foxy/share/rosidl_adapter/cmake)
[1.237s] -- Found OpenSSL: /usr/lib/x86_64-linux-gnu/libcrypto.so (found version "1.1.1f")  
[1.252s] -- Found FastRTPS: /opt/ros/foxy/include  
[1.287s] -- Using all available rosidl_typesupport_cpp: rosidl_typesupport_fastrtps_cpp;rosidl_typesupport_introspection_cpp
[1.312s] -- Found rmw_implementation_cmake: 1.0.4 (/opt/ros/foxy/share/rmw_implementation_cmake/cmake)
[1.313s] -- Using RMW implementation 'rmw_fastrtps_cpp' as default
[1.313s] -- Looking for pthread.h
[1.349s] -- Looking for pthread.h - found
[1.349s] -- Performing Test CMAKE_HAVE_LIBC_PTHREAD
[1.408s] -- Performing Test CMAKE_HAVE_LIBC_PTHREAD - Failed
[1.408s] -- Looking for pthread_create in pthreads
[1.449s] -- Looking for pthread_create in pthreads - not found
[1.450s] -- Looking for pthread_create in pthread
[1.487s] -- Looking for pthread_create in pthread - found
[1.488s] -- Found Threads: TRUE  
[1.569s] CMake Error at CMakeLists.txt:25 (find_package):
[1.569s]   By not providing "Findunitree_api.cmake" in CMAKE_MODULE_PATH this project
[1.569s]   has asked CMake to find a package configuration file provided by
[1.570s]   "unitree_api", but CMake did not find one.
[1.570s] 
[1.570s]   Could not find a package configuration file provided by "unitree_api" with
[1.570s]   any of the following names:
[1.570s] 
[1.570s]     unitree_apiConfig.cmake
[1.570s]     unitree_api-config.cmake
[1.570s] 
[1.570s]   Add the installation prefix of "unitree_api" to CMAKE_PREFIX_PATH or set
[1.570s]   "unitree_api_DIR" to a directory containing one of the above files.  If
[1.570s]   "unitree_api" provides a separate development package or SDK, be sure it
[1.570s]   has been installed.
[1.570s] 
[1.570s] 
[1.570s] -- Configuring incomplete, errors occurred!
[1.570s] See also "/home/robot/nav2_ws/build/h1_sport_sdk/CMakeFiles/CMakeOutput.log".
[1.570s] See also "/home/robot/nav2_ws/build/h1_sport_sdk/CMakeFiles/CMakeError.log".
