[  3%] Built target test_jsonize
[  4%] [32mBuilding CXX object example/helloworld/CMakeFiles/chen_test_subscriber.dir/test_subscriber.cpp.o[0m
[ 11%] Built target h1_arm_sdk_dds_example
[ 11%] Built target state_machine_example
[ 14%] Built target b2_stand_example
[ 17%] Built target go2_video_client
[ 20%] Built target go2_vui_client
[ 25%] Built target go2_sport_client
[ 29%] Built target test_subscriber
[ 38%] Built target advanced_gamepad
[ 38%] Built target go2_stand_example
[ 46%] Built target test_publisher
[ 50%] Built target go2_low_level
[ 50%] Built target h1_2_arm_sdk_dds_example
[ 50%] Built target b2_sport_client
[ 53%] Built target h1_2_ankle_track
[ 59%] Built target h1_low_level_example
[ 59%] Built target go2_trajectory_follow
[ 62%] Built target g1_arm7_sdk_dds_example
[ 66%] Built target h1_27dof_example
[ 80%] Built target g1_arm5_sdk_dds_example
[ 80%] Built target g1_23dof_example
[ 80%] Built target h1_loco_client
[ 80%] Built target g1_23dof_ankle_track
[ 85%] Built target go2_robot_state_client
[ 88%] Built target g1_dual_arm_example
[ 88%] Built target g1_loco_client
[ 91%] Built target go2w_stand_example
[ 95%] Built target g1_29dof_example
[ 98%] Built target go2w_sport_client
