/home/robot/.local/lib/python3.8/site-packages/setuptools/dist.py:723: UserWarning: Usage of dash-separated 'script-dir' will not be supported in future versions. Please use the underscore name 'script_dir' instead
  warnings.warn(
running egg_info
creating ../build/h1_description/h1_description.egg-info
writing manifest file '../build/h1_description/h1_description.egg-info/SOURCES.txt'
writing manifest file '../build/h1_description/h1_description.egg-info/SOURCES.txt'
running build
running build_py
creating /home/robot/nav2_ws/src/build/h1_description/build
creating /home/robot/nav2_ws/src/build/h1_description/build/lib
creating /home/robot/nav2_ws/src/build/h1_description/build/lib/h1_description
copying h1_description/__init__.py -> /home/robot/nav2_ws/src/build/h1_description/build/lib/h1_description
running install
running install_lib
creating /home/robot/nav2_ws/src/install/h1_description/lib/python3.8/site-packages/h1_description
byte-compiling /home/robot/nav2_ws/src/install/h1_description/lib/python3.8/site-packages/h1_description/__init__.py to __init__.cpython-38.pyc
running install_data
creating /home/robot/nav2_ws/src/install/h1_description/share/ament_index
creating /home/robot/nav2_ws/src/install/h1_description/share/ament_index/resource_index
creating /home/robot/nav2_ws/src/install/h1_description/share/ament_index/resource_index/packages
copying resource/h1_description -> /home/robot/nav2_ws/src/install/h1_description/share/ament_index/resource_index/packages
copying package.xml -> /home/robot/nav2_ws/src/install/h1_description/share/h1_description
creating /home/robot/nav2_ws/src/install/h1_description/share/h1_description/launch
copying launch/display_rviz2.launch.py -> /home/robot/nav2_ws/src/install/h1_description/share/h1_description/launch
creating /home/robot/nav2_ws/src/install/h1_description/share/h1_description/urdf
copying urdf/h1.urdf -> /home/robot/nav2_ws/src/install/h1_description/share/h1_description/urdf
running install_egg_info
Copying ../build/h1_description/h1_description.egg-info to /home/robot/nav2_ws/src/install/h1_description/lib/python3.8/site-packages/h1_description-0.0.0-py3.8.egg-info
running install_scripts
writing list of installed files to '/home/robot/nav2_ws/src/build/h1_description/install.log'
