[0.011s] Invoking command in '/home/robot/nav2_ws/build/h1_sport_sdk': CMAKE_PREFIX_PATH=/opt/ros/foxy /usr/bin/cmake --build /home/robot/nav2_ws/build/h1_sport_sdk -- -j32 -l32
[0.026s] [35m[1mScanning dependencies of target sport_node[0m
[0.042s] [ 50%] [32mBuilding CXX object CMakeFiles/sport_node.dir/src/sub_cmdvel.cpp.o[0m
[0.784s] [100%] [32m[1mLinking CXX executable sport_node[0m
[0.839s] [100%] Built target sport_node
[0.845s] Invoked command in '/home/robot/nav2_ws/build/h1_sport_sdk' returned '0': CMAKE_PREFIX_PATH=/opt/ros/foxy /usr/bin/cmake --build /home/robot/nav2_ws/build/h1_sport_sdk -- -j32 -l32
[0.853s] Invoking command in '/home/robot/nav2_ws/build/h1_sport_sdk': CMAKE_PREFIX_PATH=/opt/ros/foxy /usr/bin/cmake --install /home/robot/nav2_ws/build/h1_sport_sdk
[0.857s] -- Install configuration: ""
[0.857s] -- Up-to-date: /home/robot/nav2_ws/install/h1_sport_sdk/share/ament_index/resource_index/package_run_dependencies/h1_sport_sdk
[0.857s] -- Up-to-date: /home/robot/nav2_ws/install/h1_sport_sdk/share/ament_index/resource_index/parent_prefix_path/h1_sport_sdk
[0.857s] -- Up-to-date: /home/robot/nav2_ws/install/h1_sport_sdk/share/h1_sport_sdk/environment/ament_prefix_path.sh
[0.857s] -- Up-to-date: /home/robot/nav2_ws/install/h1_sport_sdk/share/h1_sport_sdk/environment/ament_prefix_path.dsv
[0.857s] -- Up-to-date: /home/robot/nav2_ws/install/h1_sport_sdk/share/h1_sport_sdk/environment/path.sh
[0.857s] -- Up-to-date: /home/robot/nav2_ws/install/h1_sport_sdk/share/h1_sport_sdk/environment/path.dsv
[0.857s] -- Up-to-date: /home/robot/nav2_ws/install/h1_sport_sdk/share/h1_sport_sdk/local_setup.bash
[0.857s] -- Up-to-date: /home/robot/nav2_ws/install/h1_sport_sdk/share/h1_sport_sdk/local_setup.sh
[0.857s] -- Up-to-date: /home/robot/nav2_ws/install/h1_sport_sdk/share/h1_sport_sdk/local_setup.zsh
[0.857s] -- Up-to-date: /home/robot/nav2_ws/install/h1_sport_sdk/share/h1_sport_sdk/local_setup.dsv
[0.857s] -- Installing: /home/robot/nav2_ws/install/h1_sport_sdk/share/h1_sport_sdk/package.dsv
[0.857s] -- Up-to-date: /home/robot/nav2_ws/install/h1_sport_sdk/share/ament_index/resource_index/packages/h1_sport_sdk
[0.857s] -- Up-to-date: /home/robot/nav2_ws/install/h1_sport_sdk/share/h1_sport_sdk/cmake/h1_sport_sdkConfig.cmake
[0.857s] -- Up-to-date: /home/robot/nav2_ws/install/h1_sport_sdk/share/h1_sport_sdk/cmake/h1_sport_sdkConfig-version.cmake
[0.857s] -- Up-to-date: /home/robot/nav2_ws/install/h1_sport_sdk/share/h1_sport_sdk/package.xml
[0.858s] -- Installing: /home/robot/nav2_ws/install/h1_sport_sdk/lib/h1_sport_sdk/sport_node
[0.858s] -- Set runtime path of "/home/robot/nav2_ws/install/h1_sport_sdk/lib/h1_sport_sdk/sport_node" to ""
[0.858s] Invoked command in '/home/robot/nav2_ws/build/h1_sport_sdk' returned '0': CMAKE_PREFIX_PATH=/opt/ros/foxy /usr/bin/cmake --install /home/robot/nav2_ws/build/h1_sport_sdk
