[0.013s] Invoking command in '/home/robot/nav2_ws/build/hello_world_msgs': CMAKE_PREFIX_PATH=/opt/ros/foxy /usr/bin/cmake /home/robot/nav2_ws/src/hello_world_msgs -DCMAKE_INSTALL_PREFIX=/home/robot/nav2_ws/install/hello_world_msgs
[0.018s] -- Found ament_cmake: 0.9.12 (/opt/ros/foxy/share/ament_cmake/cmake)
[0.035s] -- Using PYTHON_EXECUTABLE: /usr/bin/python3
[0.121s] -- Found std_msgs: 2.0.5 (/opt/ros/foxy/share/std_msgs/cmake)
[0.130s] -- Using all available rosidl_typesupport_c: rosidl_typesupport_fastrtps_c;rosidl_typesupport_introspection_c
[0.132s] -- Found rosidl_adapter: 1.3.1 (/opt/ros/foxy/share/rosidl_adapter/cmake)
[0.184s] -- Using all available rosidl_typesupport_cpp: rosidl_typesupport_fastrtps_cpp;rosidl_typesupport_introspection_cpp
[0.203s] -- Found sensor_msgs: 2.0.5 (/opt/ros/foxy/share/sensor_msgs/cmake)
[0.253s] -- Found rosidl_default_generators: 1.0.1 (/opt/ros/foxy/share/rosidl_default_generators/cmake)
[0.268s] -- Found PythonInterp: /usr/bin/python3 (found version "3.8.10") 
[0.325s] CMake Error at /opt/ros/foxy/share/rosidl_cmake/cmake/rosidl_generate_interfaces.cmake:229 (message):
[0.325s]   Packages installing interfaces must include
[0.325s]   '<member_of_group>rosidl_interface_packages</member_of_group>' in their
[0.325s]   package.xml
[0.325s] Call Stack (most recent call first):
[0.325s]   CMakeLists.txt:25 (rosidl_generate_interfaces)
[0.325s] 
[0.325s] 
[0.326s] -- Configuring incomplete, errors occurred!
[0.326s] See also "/home/robot/nav2_ws/build/hello_world_msgs/CMakeFiles/CMakeOutput.log".
[0.330s] Invoked command in '/home/robot/nav2_ws/build/hello_world_msgs' returned '1': CMAKE_PREFIX_PATH=/opt/ros/foxy /usr/bin/cmake /home/robot/nav2_ws/src/hello_world_msgs -DCMAKE_INSTALL_PREFIX=/home/robot/nav2_ws/install/hello_world_msgs
