[0.839s] Invoking command in '/home/robot/nav2_ws/build/village_wang': CMAKE_PREFIX_PATH=/opt/ros/foxy /usr/bin/cmake --build /home/robot/nav2_ws/build/village_wang -- -j32 -l32
[0.850s] -- Found ament_cmake: 0.9.12 (/opt/ros/foxy/share/ament_cmake/cmake)
[0.860s] -- Using PYTHON_EXECUTABLE: /usr/bin/python3
[0.945s] -- Found rclcpp: 2.4.3 (/opt/ros/foxy/share/rclcpp/cmake)
[0.970s] -- Using all available rosidl_typesupport_c: rosidl_typesupport_fastrtps_c;rosidl_typesupport_introspection_c
[0.972s] -- Found rosidl_adapter: 1.3.1 (/opt/ros/foxy/share/rosidl_adapter/cmake)
[1.063s] -- Using all available rosidl_typesupport_cpp: rosidl_typesupport_fastrtps_cpp;rosidl_typesupport_introspection_cpp
[1.090s] -- Found rmw_implementation_cmake: 1.0.4 (/opt/ros/foxy/share/rmw_implementation_cmake/cmake)
[1.090s] -- Using RMW implementation 'rmw_fastrtps_cpp' as default
[1.154s] -- Found ament_lint_auto: 0.9.8 (/opt/ros/foxy/share/ament_lint_auto/cmake)
[1.182s] -- Added test 'copyright' to check source files copyright and LICENSE
[1.182s] -- Added test 'cppcheck' to perform static code analysis on C / C++ code
[1.183s] -- Configured cppcheck include dirs: 
[1.183s] -- Configured cppcheck exclude dirs and/or files: 
[1.183s] -- Added test 'cpplint' to check C / C++ code against the Google style
[1.183s] -- Configured cpplint exclude dirs and/or files: 
[1.183s] -- Added test 'lint_cmake' to check CMake code style
[1.183s] -- Added test 'uncrustify' to check C / C++ code style
[1.183s] -- Configured uncrustify additional arguments: 
[1.183s] -- Added test 'xmllint' to check XML markup files
[1.185s] -- Configuring done
[1.186s] CMake Error at CMakeLists.txt:44 (add_executable):
[1.186s]   Cannot find source file:
[1.186s] 
[1.186s]     src/sub_cmdvel.cpp
[1.186s] 
[1.186s]   Tried extensions .c .C .c++ .cc .cpp .cxx .cu .m .M .mm .h .hh .h++ .hm
[1.186s]   .hpp .hxx .in .txx
[1.186s] 
[1.186s] 
[1.186s] CMake Error at CMakeLists.txt:44 (add_executable):
[1.186s]   No SOURCES given to target: sport_node
[1.186s] 
[1.186s] 
[1.186s] CMake Generate step failed.  Build files cannot be regenerated correctly.
[1.189s] make: *** [Makefile:354：cmake_check_build_system] 错误 1
[1.190s] Invoked command in '/home/robot/nav2_ws/build/village_wang' returned '2': CMAKE_PREFIX_PATH=/opt/ros/foxy /usr/bin/cmake --build /home/robot/nav2_ws/build/village_wang -- -j32 -l32
