[0.005s] Invoking command in '/home/robot/nav2_ws/build/hello_world_msgs': /usr/bin/cmake /home/robot/nav2_ws/src/hello_world_msgs -DCMAKE_INSTALL_PREFIX=/home/robot/nav2_ws/install/hello_world_msgs
[0.048s] -- The C compiler identification is GNU 9.4.0
[0.095s] -- The CXX compiler identification is GNU 9.4.0
[0.100s] -- Check for working C compiler: /usr/bin/cc
[0.157s] -- Check for working C compiler: /usr/bin/cc -- works
[0.158s] -- Detecting C compiler ABI info
[0.237s] -- Detecting C compiler ABI info - done
[0.244s] -- Detecting C compile features
[0.244s] -- Detecting C compile features - done
[0.246s] -- Check for working CXX compiler: /usr/bin/c++
[0.278s] -- Check for working CXX compiler: /usr/bin/c++ -- works
[0.278s] -- Detecting CXX compiler ABI info
[0.330s] -- Detecting CXX compiler ABI info - done
[0.337s] -- Detecting CXX compile features
[0.338s] -- Detecting CXX compile features - done
[0.346s] CMake Error at CMakeLists.txt:19 (find_package):
[0.346s]   By not providing "Findament_cmake.cmake" in CMAKE_MODULE_PATH this project
[0.346s]   has asked CMake to find a package configuration file provided by
[0.346s]   "ament_cmake", but CMake did not find one.
[0.346s] 
[0.346s]   Could not find a package configuration file provided by "ament_cmake" with
[0.346s]   any of the following names:
[0.346s] 
[0.346s]     ament_cmakeConfig.cmake
[0.346s]     ament_cmake-config.cmake
[0.346s] 
[0.346s]   Add the installation prefix of "ament_cmake" to CMAKE_PREFIX_PATH or set
[0.346s]   "ament_cmake_DIR" to a directory containing one of the above files.  If
[0.346s]   "ament_cmake" provides a separate development package or SDK, be sure it
[0.346s]   has been installed.
[0.346s] 
[0.346s] 
[0.346s] -- Configuring incomplete, errors occurred!
[0.346s] See also "/home/robot/nav2_ws/build/hello_world_msgs/CMakeFiles/CMakeOutput.log".
[0.347s] Invoked command in '/home/robot/nav2_ws/build/hello_world_msgs' returned '1': /usr/bin/cmake /home/robot/nav2_ws/src/hello_world_msgs -DCMAKE_INSTALL_PREFIX=/home/robot/nav2_ws/install/hello_world_msgs
