[0.872s] Invoking command in '/home/robot/nav2_ws/build/village_wang': CMAKE_PREFIX_PATH=${CMAKE_PREFIX_PATH}:/home/robot/nav2_ws/install/examples_rclpy_minimal_subscriber:/home/robot/nav2_ws/install/examples_rclpy_minimal_service:/home/robot/nav2_ws/install/examples_rclpy_minimal_publisher:/home/robot/nav2_ws/install/examples_rclpy_minimal_client:/home/robot/nav2_ws/install/examples_rclpy_minimal_action_server:/home/robot/nav2_ws/install/examples_rclpy_minimal_action_client:/home/robot/nav2_ws/install/examples_rclpy_executors:/opt/ros/foxy /usr/bin/cmake --build /home/robot/nav2_ws/build/village_wang -- -j32 -l32
[0.895s] [ 75%] Built target wang3_node
[0.895s] [100%] Built target wang2_node
[0.932s] Invoked command in '/home/robot/nav2_ws/build/village_wang' returned '0': CMAKE_PREFIX_PATH=${CMAKE_PREFIX_PATH}:/home/robot/nav2_ws/install/examples_rclpy_minimal_subscriber:/home/robot/nav2_ws/install/examples_rclpy_minimal_service:/home/robot/nav2_ws/install/examples_rclpy_minimal_publisher:/home/robot/nav2_ws/install/examples_rclpy_minimal_client:/home/robot/nav2_ws/install/examples_rclpy_minimal_action_server:/home/robot/nav2_ws/install/examples_rclpy_minimal_action_client:/home/robot/nav2_ws/install/examples_rclpy_executors:/opt/ros/foxy /usr/bin/cmake --build /home/robot/nav2_ws/build/village_wang -- -j32 -l32
[0.999s] Invoking command in '/home/robot/nav2_ws/build/village_wang': CMAKE_PREFIX_PATH=${CMAKE_PREFIX_PATH}:/home/robot/nav2_ws/install/examples_rclpy_minimal_subscriber:/home/robot/nav2_ws/install/examples_rclpy_minimal_service:/home/robot/nav2_ws/install/examples_rclpy_minimal_publisher:/home/robot/nav2_ws/install/examples_rclpy_minimal_client:/home/robot/nav2_ws/install/examples_rclpy_minimal_action_server:/home/robot/nav2_ws/install/examples_rclpy_minimal_action_client:/home/robot/nav2_ws/install/examples_rclpy_executors:/opt/ros/foxy /usr/bin/cmake --install /home/robot/nav2_ws/build/village_wang
[1.006s] -- Install configuration: ""
[1.006s] -- Up-to-date: /home/robot/nav2_ws/install/village_wang/share/ament_index/resource_index/package_run_dependencies/village_wang
[1.006s] -- Up-to-date: /home/robot/nav2_ws/install/village_wang/share/ament_index/resource_index/parent_prefix_path/village_wang
[1.006s] -- Up-to-date: /home/robot/nav2_ws/install/village_wang/share/village_wang/environment/ament_prefix_path.sh
[1.006s] -- Up-to-date: /home/robot/nav2_ws/install/village_wang/share/village_wang/environment/ament_prefix_path.dsv
[1.006s] -- Up-to-date: /home/robot/nav2_ws/install/village_wang/share/village_wang/environment/path.sh
[1.006s] -- Up-to-date: /home/robot/nav2_ws/install/village_wang/share/village_wang/environment/path.dsv
[1.006s] -- Up-to-date: /home/robot/nav2_ws/install/village_wang/share/village_wang/local_setup.bash
[1.006s] -- Up-to-date: /home/robot/nav2_ws/install/village_wang/share/village_wang/local_setup.sh
[1.007s] -- Up-to-date: /home/robot/nav2_ws/install/village_wang/share/village_wang/local_setup.zsh
[1.007s] -- Up-to-date: /home/robot/nav2_ws/install/village_wang/share/village_wang/local_setup.dsv
[1.007s] -- Installing: /home/robot/nav2_ws/install/village_wang/share/village_wang/package.dsv
[1.007s] -- Up-to-date: /home/robot/nav2_ws/install/village_wang/share/ament_index/resource_index/packages/village_wang
[1.007s] -- Up-to-date: /home/robot/nav2_ws/install/village_wang/share/village_wang/cmake/village_wangConfig.cmake
[1.007s] -- Up-to-date: /home/robot/nav2_ws/install/village_wang/share/village_wang/cmake/village_wangConfig-version.cmake
[1.007s] -- Up-to-date: /home/robot/nav2_ws/install/village_wang/share/village_wang/package.xml
[1.007s] -- Up-to-date: /home/robot/nav2_ws/install/village_wang/lib/village_wang/wang2_node
[1.008s] -- Up-to-date: /home/robot/nav2_ws/install/village_wang/lib/village_wang/wang3_node
[1.033s] Invoked command in '/home/robot/nav2_ws/build/village_wang' returned '0': CMAKE_PREFIX_PATH=${CMAKE_PREFIX_PATH}:/home/robot/nav2_ws/install/examples_rclpy_minimal_subscriber:/home/robot/nav2_ws/install/examples_rclpy_minimal_service:/home/robot/nav2_ws/install/examples_rclpy_minimal_publisher:/home/robot/nav2_ws/install/examples_rclpy_minimal_client:/home/robot/nav2_ws/install/examples_rclpy_minimal_action_server:/home/robot/nav2_ws/install/examples_rclpy_minimal_action_client:/home/robot/nav2_ws/install/examples_rclpy_executors:/opt/ros/foxy /usr/bin/cmake --install /home/robot/nav2_ws/build/village_wang
