[0.012s] Invoking command in '/home/robot/nav2_ws/build/car2': CMAKE_PREFIX_PATH=${CMAKE_PREFIX_PATH}:/home/robot/nav2_ws/install/examples_rclpy_minimal_subscriber:/home/robot/nav2_ws/install/examples_rclpy_minimal_service:/home/robot/nav2_ws/install/examples_rclpy_minimal_publisher:/home/robot/nav2_ws/install/examples_rclpy_minimal_client:/home/robot/nav2_ws/install/examples_rclpy_minimal_action_server:/home/robot/nav2_ws/install/examples_rclpy_minimal_action_client:/home/robot/nav2_ws/install/examples_rclpy_executors:/opt/ros/foxy /usr/bin/cmake --build /home/robot/nav2_ws/build/car2 -- -j32 -l32
[0.027s] Invoked command in '/home/robot/nav2_ws/build/car2' returned '0': CMAKE_PREFIX_PATH=${CMAKE_PREFIX_PATH}:/home/robot/nav2_ws/install/examples_rclpy_minimal_subscriber:/home/robot/nav2_ws/install/examples_rclpy_minimal_service:/home/robot/nav2_ws/install/examples_rclpy_minimal_publisher:/home/robot/nav2_ws/install/examples_rclpy_minimal_client:/home/robot/nav2_ws/install/examples_rclpy_minimal_action_server:/home/robot/nav2_ws/install/examples_rclpy_minimal_action_client:/home/robot/nav2_ws/install/examples_rclpy_executors:/opt/ros/foxy /usr/bin/cmake --build /home/robot/nav2_ws/build/car2 -- -j32 -l32
[0.041s] Invoking command in '/home/robot/nav2_ws/build/car2': CMAKE_PREFIX_PATH=${CMAKE_PREFIX_PATH}:/home/robot/nav2_ws/install/examples_rclpy_minimal_subscriber:/home/robot/nav2_ws/install/examples_rclpy_minimal_service:/home/robot/nav2_ws/install/examples_rclpy_minimal_publisher:/home/robot/nav2_ws/install/examples_rclpy_minimal_client:/home/robot/nav2_ws/install/examples_rclpy_minimal_action_server:/home/robot/nav2_ws/install/examples_rclpy_minimal_action_client:/home/robot/nav2_ws/install/examples_rclpy_executors:/opt/ros/foxy /usr/bin/cmake --install /home/robot/nav2_ws/build/car2
[0.045s] -- Install configuration: ""
[0.045s] -- Up-to-date: /home/robot/nav2_ws/install/car2/share/ament_index/resource_index/package_run_dependencies/car2
[0.045s] -- Up-to-date: /home/robot/nav2_ws/install/car2/share/ament_index/resource_index/parent_prefix_path/car2
[0.045s] -- Up-to-date: /home/robot/nav2_ws/install/car2/share/car2/environment/ament_prefix_path.sh
[0.045s] -- Up-to-date: /home/robot/nav2_ws/install/car2/share/car2/environment/ament_prefix_path.dsv
[0.045s] -- Up-to-date: /home/robot/nav2_ws/install/car2/share/car2/environment/path.sh
[0.045s] -- Up-to-date: /home/robot/nav2_ws/install/car2/share/car2/environment/path.dsv
[0.045s] -- Up-to-date: /home/robot/nav2_ws/install/car2/share/car2/local_setup.bash
[0.045s] -- Up-to-date: /home/robot/nav2_ws/install/car2/share/car2/local_setup.sh
[0.045s] -- Up-to-date: /home/robot/nav2_ws/install/car2/share/car2/local_setup.zsh
[0.045s] -- Up-to-date: /home/robot/nav2_ws/install/car2/share/car2/local_setup.dsv
[0.045s] -- Installing: /home/robot/nav2_ws/install/car2/share/car2/package.dsv
[0.045s] -- Up-to-date: /home/robot/nav2_ws/install/car2/share/ament_index/resource_index/packages/car2
[0.045s] -- Up-to-date: /home/robot/nav2_ws/install/car2/share/car2/cmake/car2Config.cmake
[0.046s] -- Up-to-date: /home/robot/nav2_ws/install/car2/share/car2/cmake/car2Config-version.cmake
[0.046s] -- Up-to-date: /home/robot/nav2_ws/install/car2/share/car2/package.xml
[0.046s] -- Up-to-date: /home/robot/nav2_ws/install/car2/share/car2/config
[0.046s] -- Up-to-date: /home/robot/nav2_ws/install/car2/share/car2/config/fish_2d.lua
[0.046s] -- Up-to-date: /home/robot/nav2_ws/install/car2/share/car2/launch
[0.046s] -- Up-to-date: /home/robot/nav2_ws/install/car2/share/car2/launch/cartographer.launch.py
[0.046s] -- Up-to-date: /home/robot/nav2_ws/install/car2/share/car2/rviz
[0.046s] Invoked command in '/home/robot/nav2_ws/build/car2' returned '0': CMAKE_PREFIX_PATH=${CMAKE_PREFIX_PATH}:/home/robot/nav2_ws/install/examples_rclpy_minimal_subscriber:/home/robot/nav2_ws/install/examples_rclpy_minimal_service:/home/robot/nav2_ws/install/examples_rclpy_minimal_publisher:/home/robot/nav2_ws/install/examples_rclpy_minimal_client:/home/robot/nav2_ws/install/examples_rclpy_minimal_action_server:/home/robot/nav2_ws/install/examples_rclpy_minimal_action_client:/home/robot/nav2_ws/install/examples_rclpy_executors:/opt/ros/foxy /usr/bin/cmake --install /home/robot/nav2_ws/build/car2
