[1.218s] Invoking command in '/home/robot/nav2_ws/src/examples/rclpy/services/minimal_service': PYTHONPATH=/home/robot/nav2_ws/build/examples_rclpy_minimal_service/prefix_override:/home/robot/nav2_ws/install/examples_rclpy_minimal_service/lib/python3.8/site-packages:${PYTHONPATH} /usr/bin/python3 -W ignore:setup.py install is deprecated setup.py egg_info --egg-base ../../../../../build/examples_rclpy_minimal_service build --build-base /home/robot/nav2_ws/build/examples_rclpy_minimal_service/build install --record /home/robot/nav2_ws/build/examples_rclpy_minimal_service/install.log --install-scripts $base/lib/examples_rclpy_minimal_service --single-version-externally-managed install_data
[1.405s] /home/robot/.local/lib/python3.8/site-packages/setuptools/dist.py:723: UserWarning: Usage of dash-separated 'script-dir' will not be supported in future versions. Please use the underscore name 'script_dir' instead
[1.405s]   warnings.warn(
[1.427s] running egg_info
[1.428s] creating ../../../../../build/examples_rclpy_minimal_service/examples_rclpy_minimal_service.egg-info
[1.429s] writing manifest file '../../../../../build/examples_rclpy_minimal_service/examples_rclpy_minimal_service.egg-info/SOURCES.txt'
[1.431s] writing manifest file '../../../../../build/examples_rclpy_minimal_service/examples_rclpy_minimal_service.egg-info/SOURCES.txt'
[1.431s] running build
[1.431s] running build_py
[1.431s] creating /home/robot/nav2_ws/build/examples_rclpy_minimal_service/build
[1.431s] creating /home/robot/nav2_ws/build/examples_rclpy_minimal_service/build/lib
[1.431s] creating /home/robot/nav2_ws/build/examples_rclpy_minimal_service/build/lib/examples_rclpy_minimal_service
[1.431s] copying examples_rclpy_minimal_service/service_member_function.py -> /home/robot/nav2_ws/build/examples_rclpy_minimal_service/build/lib/examples_rclpy_minimal_service
[1.431s] copying examples_rclpy_minimal_service/__init__.py -> /home/robot/nav2_ws/build/examples_rclpy_minimal_service/build/lib/examples_rclpy_minimal_service
[1.431s] copying examples_rclpy_minimal_service/service.py -> /home/robot/nav2_ws/build/examples_rclpy_minimal_service/build/lib/examples_rclpy_minimal_service
[1.432s] running install
[1.434s] running install_lib
[1.434s] creating /home/robot/nav2_ws/install/examples_rclpy_minimal_service/lib/python3.8/site-packages/examples_rclpy_minimal_service
[1.434s] byte-compiling /home/robot/nav2_ws/install/examples_rclpy_minimal_service/lib/python3.8/site-packages/examples_rclpy_minimal_service/service_member_function.py to service_member_function.cpython-38.pyc
[1.434s] byte-compiling /home/robot/nav2_ws/install/examples_rclpy_minimal_service/lib/python3.8/site-packages/examples_rclpy_minimal_service/__init__.py to __init__.cpython-38.pyc
[1.435s] byte-compiling /home/robot/nav2_ws/install/examples_rclpy_minimal_service/lib/python3.8/site-packages/examples_rclpy_minimal_service/service.py to service.cpython-38.pyc
[1.435s] running install_data
[1.435s] creating /home/robot/nav2_ws/install/examples_rclpy_minimal_service/share/ament_index
[1.435s] creating /home/robot/nav2_ws/install/examples_rclpy_minimal_service/share/ament_index/resource_index
[1.435s] creating /home/robot/nav2_ws/install/examples_rclpy_minimal_service/share/ament_index/resource_index/packages
[1.435s] copying resource/examples_rclpy_minimal_service -> /home/robot/nav2_ws/install/examples_rclpy_minimal_service/share/ament_index/resource_index/packages
[1.435s] copying package.xml -> /home/robot/nav2_ws/install/examples_rclpy_minimal_service/share/examples_rclpy_minimal_service
[1.435s] running install_egg_info
[1.436s] Copying ../../../../../build/examples_rclpy_minimal_service/examples_rclpy_minimal_service.egg-info to /home/robot/nav2_ws/install/examples_rclpy_minimal_service/lib/python3.8/site-packages/examples_rclpy_minimal_service-0.9.4-py3.8.egg-info
[1.437s] running install_scripts
[1.452s] writing list of installed files to '/home/robot/nav2_ws/build/examples_rclpy_minimal_service/install.log'
[1.464s] Invoked command in '/home/robot/nav2_ws/src/examples/rclpy/services/minimal_service' returned '0': PYTHONPATH=/home/robot/nav2_ws/build/examples_rclpy_minimal_service/prefix_override:/home/robot/nav2_ws/install/examples_rclpy_minimal_service/lib/python3.8/site-packages:${PYTHONPATH} /usr/bin/python3 -W ignore:setup.py install is deprecated setup.py egg_info --egg-base ../../../../../build/examples_rclpy_minimal_service build --build-base /home/robot/nav2_ws/build/examples_rclpy_minimal_service/build install --record /home/robot/nav2_ws/build/examples_rclpy_minimal_service/install.log --install-scripts $base/lib/examples_rclpy_minimal_service --single-version-externally-managed install_data
