[0.009s] Invoking command in '/home/robot/nav2_ws/build/village_wang': CMAKE_PREFIX_PATH=/opt/ros/foxy /usr/bin/cmake --build /home/robot/nav2_ws/build/village_wang -- -j32 -l32
[0.020s] -- Found ament_cmake: 0.9.12 (/opt/ros/foxy/share/ament_cmake/cmake)
[0.030s] -- Using PYTHON_EXECUTABLE: /usr/bin/python3
[0.114s] -- Found rclcpp: 2.4.3 (/opt/ros/foxy/share/rclcpp/cmake)
[0.129s] -- Using all available rosidl_typesupport_c: rosidl_typesupport_fastrtps_c;rosidl_typesupport_introspection_c
[0.130s] -- Found rosidl_adapter: 1.3.1 (/opt/ros/foxy/share/rosidl_adapter/cmake)
[0.183s] -- Using all available rosidl_typesupport_cpp: rosidl_typesupport_fastrtps_cpp;rosidl_typesupport_introspection_cpp
[0.204s] -- Found rmw_implementation_cmake: 1.0.4 (/opt/ros/foxy/share/rmw_implementation_cmake/cmake)
[0.205s] -- Using RMW implementation 'rmw_fastrtps_cpp' as default
[0.269s] -- Found ament_lint_auto: 0.9.8 (/opt/ros/foxy/share/ament_lint_auto/cmake)
[0.294s] -- Added test 'copyright' to check source files copyright and LICENSE
[0.294s] -- Added test 'cppcheck' to perform static code analysis on C / C++ code
[0.294s] -- Configured cppcheck include dirs: 
[0.294s] -- Configured cppcheck exclude dirs and/or files: 
[0.294s] -- Added test 'cpplint' to check C / C++ code against the Google style
[0.294s] -- Configured cpplint exclude dirs and/or files: 
[0.294s] -- Added test 'lint_cmake' to check CMake code style
[0.295s] -- Added test 'uncrustify' to check C / C++ code style
[0.295s] -- Configured uncrustify additional arguments: 
[0.295s] -- Added test 'xmllint' to check XML markup files
[0.296s] -- Configuring done
[0.297s] CMake Error at CMakeLists.txt:44 (add_executable):
[0.297s]   Cannot find source file:
[0.297s] 
[0.297s]     src/sub_cmdvel.cpp
[0.297s] 
[0.297s]   Tried extensions .c .C .c++ .cc .cpp .cxx .cu .m .M .mm .h .hh .h++ .hm
[0.297s]   .hpp .hxx .in .txx
[0.298s] 
[0.298s] 
[0.298s] CMake Error at CMakeLists.txt:44 (add_executable):
[0.298s]   No SOURCES given to target: sport_node
[0.298s] 
[0.298s] 
[0.298s] CMake Generate step failed.  Build files cannot be regenerated correctly.
[0.300s] make: *** [Makefile:354：cmake_check_build_system] 错误 1
