[0.008s] Invoking command in '/home/robot/nav2_ws/build/village_wang': CMAKE_PREFIX_PATH=/opt/ros/foxy /usr/bin/cmake --build /home/robot/nav2_ws/build/village_wang -- -j32 -l32
[0.018s] -- Found ament_cmake: 0.9.12 (/opt/ros/foxy/share/ament_cmake/cmake)
[0.029s] -- Using PYTHON_EXECUTABLE: /usr/bin/python3
[0.113s] -- Found rclcpp: 2.4.3 (/opt/ros/foxy/share/rclcpp/cmake)
[0.127s] -- Using all available rosidl_typesupport_c: rosidl_typesupport_fastrtps_c;rosidl_typesupport_introspection_c
[0.129s] -- Found rosidl_adapter: 1.3.1 (/opt/ros/foxy/share/rosidl_adapter/cmake)
[0.184s] -- Using all available rosidl_typesupport_cpp: rosidl_typesupport_fastrtps_cpp;rosidl_typesupport_introspection_cpp
[0.204s] -- Found rmw_implementation_cmake: 1.0.4 (/opt/ros/foxy/share/rmw_implementation_cmake/cmake)
[0.205s] -- Using RMW implementation 'rmw_fastrtps_cpp' as default
[0.267s] -- Found ament_lint_auto: 0.9.8 (/opt/ros/foxy/share/ament_lint_auto/cmake)
[0.294s] -- Added test 'copyright' to check source files copyright and LICENSE
[0.294s] -- Added test 'cppcheck' to perform static code analysis on C / C++ code
[0.294s] -- Configured cppcheck include dirs: 
[0.295s] -- Configured cppcheck exclude dirs and/or files: 
[0.295s] -- Added test 'cpplint' to check C / C++ code against the Google style
[0.295s] -- Configured cpplint exclude dirs and/or files: 
[0.295s] -- Added test 'lint_cmake' to check CMake code style
[0.295s] -- Added test 'uncrustify' to check C / C++ code style
[0.295s] -- Configured uncrustify additional arguments: 
[0.295s] -- Added test 'xmllint' to check XML markup files
[0.297s] -- Configuring done
[0.304s] -- Generating done
[0.304s] -- Build files have been written to: /home/robot/nav2_ws/build/village_wang
[0.324s] [ 33%] Built target wang2_node
[0.324s] [ 66%] Built target li3_node
[0.324s] [100%] Built target wang3_node
[0.329s] Invoked command in '/home/robot/nav2_ws/build/village_wang' returned '0': CMAKE_PREFIX_PATH=/opt/ros/foxy /usr/bin/cmake --build /home/robot/nav2_ws/build/village_wang -- -j32 -l32
[0.340s] Invoking command in '/home/robot/nav2_ws/build/village_wang': CMAKE_PREFIX_PATH=/opt/ros/foxy /usr/bin/cmake --install /home/robot/nav2_ws/build/village_wang
[0.343s] -- Install configuration: ""
[0.343s] -- Up-to-date: /home/robot/nav2_ws/install/village_wang/share/ament_index/resource_index/package_run_dependencies/village_wang
[0.343s] -- Installing: /home/robot/nav2_ws/install/village_wang/share/ament_index/resource_index/parent_prefix_path/village_wang
[0.343s] -- Up-to-date: /home/robot/nav2_ws/install/village_wang/share/village_wang/environment/ament_prefix_path.sh
[0.343s] -- Installing: /home/robot/nav2_ws/install/village_wang/share/village_wang/environment/ament_prefix_path.dsv
[0.343s] -- Up-to-date: /home/robot/nav2_ws/install/village_wang/share/village_wang/environment/path.sh
[0.343s] -- Installing: /home/robot/nav2_ws/install/village_wang/share/village_wang/environment/path.dsv
[0.343s] -- Up-to-date: /home/robot/nav2_ws/install/village_wang/share/village_wang/local_setup.bash
[0.343s] -- Up-to-date: /home/robot/nav2_ws/install/village_wang/share/village_wang/local_setup.sh
[0.343s] -- Up-to-date: /home/robot/nav2_ws/install/village_wang/share/village_wang/local_setup.zsh
[0.343s] -- Installing: /home/robot/nav2_ws/install/village_wang/share/village_wang/local_setup.dsv
[0.343s] -- Installing: /home/robot/nav2_ws/install/village_wang/share/village_wang/package.dsv
[0.343s] -- Up-to-date: /home/robot/nav2_ws/install/village_wang/share/ament_index/resource_index/packages/village_wang
[0.343s] -- Up-to-date: /home/robot/nav2_ws/install/village_wang/share/village_wang/cmake/village_wangConfig.cmake
[0.343s] -- Up-to-date: /home/robot/nav2_ws/install/village_wang/share/village_wang/cmake/village_wangConfig-version.cmake
[0.343s] -- Up-to-date: /home/robot/nav2_ws/install/village_wang/share/village_wang/package.xml
[0.343s] -- Up-to-date: /home/robot/nav2_ws/install/village_wang/lib/village_wang/wang2_node
[0.344s] -- Up-to-date: /home/robot/nav2_ws/install/village_wang/lib/village_wang/wang3_node
[0.344s] -- Up-to-date: /home/robot/nav2_ws/install/village_wang/lib/village_wang/li3_node
[0.345s] Invoked command in '/home/robot/nav2_ws/build/village_wang' returned '0': CMAKE_PREFIX_PATH=/opt/ros/foxy /usr/bin/cmake --install /home/robot/nav2_ws/build/village_wang
