[0.047s] Invoking command in '/home/robot/nav2_ws/build/examples_rclcpp_multithreaded_executor': CMAKE_PREFIX_PATH=${CMAKE_PREFIX_PATH}:/home/robot/nav2_ws/install/examples_rclpy_minimal_subscriber:/home/robot/nav2_ws/install/examples_rclpy_minimal_service:/home/robot/nav2_ws/install/examples_rclpy_minimal_publisher:/home/robot/nav2_ws/install/examples_rclpy_minimal_client:/home/robot/nav2_ws/install/examples_rclpy_minimal_action_server:/home/robot/nav2_ws/install/examples_rclpy_minimal_action_client:/home/robot/nav2_ws/install/examples_rclpy_executors:/opt/ros/foxy /usr/bin/cmake --build /home/robot/nav2_ws/build/examples_rclcpp_multithreaded_executor -- -j32 -l32
[0.900s] [100%] Built target multithreaded_executor
[0.911s] Invoked command in '/home/robot/nav2_ws/build/examples_rclcpp_multithreaded_executor' returned '0': CMAKE_PREFIX_PATH=${CMAKE_PREFIX_PATH}:/home/robot/nav2_ws/install/examples_rclpy_minimal_subscriber:/home/robot/nav2_ws/install/examples_rclpy_minimal_service:/home/robot/nav2_ws/install/examples_rclpy_minimal_publisher:/home/robot/nav2_ws/install/examples_rclpy_minimal_client:/home/robot/nav2_ws/install/examples_rclpy_minimal_action_server:/home/robot/nav2_ws/install/examples_rclpy_minimal_action_client:/home/robot/nav2_ws/install/examples_rclpy_executors:/opt/ros/foxy /usr/bin/cmake --build /home/robot/nav2_ws/build/examples_rclcpp_multithreaded_executor -- -j32 -l32
[0.954s] Invoking command in '/home/robot/nav2_ws/build/examples_rclcpp_multithreaded_executor': CMAKE_PREFIX_PATH=${CMAKE_PREFIX_PATH}:/home/robot/nav2_ws/install/examples_rclpy_minimal_subscriber:/home/robot/nav2_ws/install/examples_rclpy_minimal_service:/home/robot/nav2_ws/install/examples_rclpy_minimal_publisher:/home/robot/nav2_ws/install/examples_rclpy_minimal_client:/home/robot/nav2_ws/install/examples_rclpy_minimal_action_server:/home/robot/nav2_ws/install/examples_rclpy_minimal_action_client:/home/robot/nav2_ws/install/examples_rclpy_executors:/opt/ros/foxy /usr/bin/cmake --install /home/robot/nav2_ws/build/examples_rclcpp_multithreaded_executor
[0.976s] -- Install configuration: ""
[0.976s] -- Up-to-date: /home/robot/nav2_ws/install/examples_rclcpp_multithreaded_executor/lib/examples_rclcpp_multithreaded_executor/multithreaded_executor
[0.976s] -- Up-to-date: /home/robot/nav2_ws/install/examples_rclcpp_multithreaded_executor/share/ament_index/resource_index/package_run_dependencies/examples_rclcpp_multithreaded_executor
[0.976s] -- Up-to-date: /home/robot/nav2_ws/install/examples_rclcpp_multithreaded_executor/share/ament_index/resource_index/parent_prefix_path/examples_rclcpp_multithreaded_executor
[0.976s] -- Up-to-date: /home/robot/nav2_ws/install/examples_rclcpp_multithreaded_executor/share/examples_rclcpp_multithreaded_executor/environment/ament_prefix_path.sh
[0.977s] -- Up-to-date: /home/robot/nav2_ws/install/examples_rclcpp_multithreaded_executor/share/examples_rclcpp_multithreaded_executor/environment/ament_prefix_path.dsv
[0.977s] -- Up-to-date: /home/robot/nav2_ws/install/examples_rclcpp_multithreaded_executor/share/examples_rclcpp_multithreaded_executor/environment/path.sh
[0.977s] -- Up-to-date: /home/robot/nav2_ws/install/examples_rclcpp_multithreaded_executor/share/examples_rclcpp_multithreaded_executor/environment/path.dsv
[0.977s] -- Up-to-date: /home/robot/nav2_ws/install/examples_rclcpp_multithreaded_executor/share/examples_rclcpp_multithreaded_executor/local_setup.bash
[0.977s] -- Up-to-date: /home/robot/nav2_ws/install/examples_rclcpp_multithreaded_executor/share/examples_rclcpp_multithreaded_executor/local_setup.sh
[0.977s] -- Up-to-date: /home/robot/nav2_ws/install/examples_rclcpp_multithreaded_executor/share/examples_rclcpp_multithreaded_executor/local_setup.zsh
[0.977s] -- Up-to-date: /home/robot/nav2_ws/install/examples_rclcpp_multithreaded_executor/share/examples_rclcpp_multithreaded_executor/local_setup.dsv
[0.977s] -- Installing: /home/robot/nav2_ws/install/examples_rclcpp_multithreaded_executor/share/examples_rclcpp_multithreaded_executor/package.dsv
[0.977s] -- Up-to-date: /home/robot/nav2_ws/install/examples_rclcpp_multithreaded_executor/share/ament_index/resource_index/packages/examples_rclcpp_multithreaded_executor
[0.977s] -- Up-to-date: /home/robot/nav2_ws/install/examples_rclcpp_multithreaded_executor/share/examples_rclcpp_multithreaded_executor/cmake/examples_rclcpp_multithreaded_executorConfig.cmake
[0.977s] -- Up-to-date: /home/robot/nav2_ws/install/examples_rclcpp_multithreaded_executor/share/examples_rclcpp_multithreaded_executor/cmake/examples_rclcpp_multithreaded_executorConfig-version.cmake
[0.977s] -- Up-to-date: /home/robot/nav2_ws/install/examples_rclcpp_multithreaded_executor/share/examples_rclcpp_multithreaded_executor/package.xml
[1.014s] Invoked command in '/home/robot/nav2_ws/build/examples_rclcpp_multithreaded_executor' returned '0': CMAKE_PREFIX_PATH=${CMAKE_PREFIX_PATH}:/home/robot/nav2_ws/install/examples_rclpy_minimal_subscriber:/home/robot/nav2_ws/install/examples_rclpy_minimal_service:/home/robot/nav2_ws/install/examples_rclpy_minimal_publisher:/home/robot/nav2_ws/install/examples_rclpy_minimal_client:/home/robot/nav2_ws/install/examples_rclpy_minimal_action_server:/home/robot/nav2_ws/install/examples_rclpy_minimal_action_client:/home/robot/nav2_ws/install/examples_rclpy_executors:/opt/ros/foxy /usr/bin/cmake --install /home/robot/nav2_ws/build/examples_rclcpp_multithreaded_executor
