[0.009s] Invoking command in '/home/robot/nav2_ws/build/unitree_sdk2': /usr/bin/cmake /home/robot/nav2_ws/src/unitree_sdk2 -DCMAKE_INSTALL_PREFIX=/home/robot/nav2_ws/install/unitree_sdk2
[0.031s] -- The C compiler identification is GNU 9.4.0
[0.053s] -- The CXX compiler identification is GNU 9.4.0
[0.055s] -- Check for working C compiler: /usr/bin/cc
[0.082s] -- Check for working C compiler: /usr/bin/cc -- works
[0.082s] -- Detecting C compiler ABI info
[0.110s] -- Detecting C compiler ABI info - done
[0.114s] -- Detecting C compile features
[0.114s] -- Detecting C compile features - done
[0.116s] -- Check for working CXX compiler: /usr/bin/c++
[0.148s] -- Check for working CXX compiler: /usr/bin/c++ -- works
[0.148s] -- Detecting CXX compiler ABI info
[0.180s] -- Detecting CXX compiler ABI info - done
[0.185s] -- Detecting CXX compile features
[0.185s] -- Detecting CXX compile features - done
[0.186s] -- Setting build type to 'Release' as none was specified.
[0.186s] -- Current system architecture: x86_64
[0.187s] -- Looking for pthread.h
[0.216s] -- Looking for pthread.h - found
[0.216s] -- Performing Test CMAKE_HAVE_LIBC_PTHREAD
[0.246s] -- Performing Test CMAKE_HAVE_LIBC_PTHREAD - Failed
[0.246s] -- Looking for pthread_create in pthreads
[0.270s] -- Looking for pthread_create in pthreads - not found
[0.270s] -- Looking for pthread_create in pthread
[0.298s] -- Looking for pthread_create in pthread - found
[0.299s] -- Found Threads: TRUE  
[0.299s] -- Importing: /home/robot/nav2_ws/src/unitree_sdk2/thirdparty/lib/x86_64/libddsc.so
[0.299s] -- Importing: /home/robot/nav2_ws/src/unitree_sdk2/thirdparty/lib/x86_64/libddscxx.so
[0.299s] -- Unitree SDK library found at: /home/robot/nav2_ws/src/unitree_sdk2/lib/x86_64/libunitree_sdk2.a
[0.299s] -- Importing: /home/robot/nav2_ws/src/unitree_sdk2/lib/x86_64/libunitree_sdk2.a
[0.304s] -- Configuring done
[0.319s] -- Generating done
[0.320s] -- Build files have been written to: /home/robot/nav2_ws/build/unitree_sdk2
[0.322s] Invoked command in '/home/robot/nav2_ws/build/unitree_sdk2' returned '0': /usr/bin/cmake /home/robot/nav2_ws/src/unitree_sdk2 -DCMAKE_INSTALL_PREFIX=/home/robot/nav2_ws/install/unitree_sdk2
[0.323s] Invoking command in '/home/robot/nav2_ws/build/unitree_sdk2': /usr/bin/cmake --build /home/robot/nav2_ws/build/unitree_sdk2 -- -j32 -l32
[0.339s] [35m[1mScanning dependencies of target state_machine_example[0m
[0.339s] [35m[1mScanning dependencies of target test_publisher[0m
[0.339s] [35m[1mScanning dependencies of target test_jsonize[0m
[0.339s] [35m[1mScanning dependencies of target go2_video_client[0m
[0.339s] [35m[1mScanning dependencies of target go2_robot_state_client[0m
[0.339s] [35m[1mScanning dependencies of target test_subscriber[0m
[0.340s] [35m[1mScanning dependencies of target advanced_gamepad[0m
[0.341s] [35m[1mScanning dependencies of target b2_stand_example[0m
[0.341s] [35m[1mScanning dependencies of target go2_low_level[0m
[0.341s] [35m[1mScanning dependencies of target b2_sport_client[0m
[0.341s] [35m[1mScanning dependencies of target go2_stand_example[0m
[0.341s] [35m[1mScanning dependencies of target go2_vui_client[0m
[0.341s] [35m[1mScanning dependencies of target go2_sport_client[0m
[0.342s] [35m[1mScanning dependencies of target go2_trajectory_follow[0m
[0.342s] [35m[1mScanning dependencies of target h1_2_arm_sdk_dds_example[0m
[0.342s] [35m[1mScanning dependencies of target g1_arm7_sdk_dds_example[0m
[0.342s] [35m[1mScanning dependencies of target h1_2_ankle_track[0m
[0.343s] [35m[1mScanning dependencies of target g1_29dof_example[0m
[0.343s] [35m[1mScanning dependencies of target h1_27dof_example[0m
[0.343s] [35m[1mScanning dependencies of target h1_low_level_example[0m
[0.343s] [35m[1mScanning dependencies of target h1_loco_client[0m
[0.343s] [35m[1mScanning dependencies of target g1_arm5_sdk_dds_example[0m
[0.343s] [35m[1mScanning dependencies of target g1_dual_arm_example[0m
[0.343s] [35m[1mScanning dependencies of target g1_loco_client[0m
[0.343s] [35m[1mScanning dependencies of target g1_23dof_ankle_track[0m
[0.343s] [35m[1mScanning dependencies of target h1_arm_sdk_dds_example[0m
[0.344s] [35m[1mScanning dependencies of target go2w_sport_client[0m
[0.344s] [35m[1mScanning dependencies of target go2w_stand_example[0m
[0.346s] [  1%] [32mBuilding CXX object example/jsonize/CMakeFiles/test_jsonize.dir/test_jsonize.cpp.o[0m
[0.359s] [  5%] [32mBuilding CXX object example/helloworld/CMakeFiles/test_publisher.dir/HelloWorldData.cpp.o[0m
[0.359s] [  6%] [32mBuilding CXX object example/g1/CMakeFiles/g1_arm7_sdk_dds_example.dir/high_level/g1_arm7_sdk_dds_example.cpp.o[0m
[0.359s] [35m[1mScanning dependencies of target g1_23dof_example[0m
[0.360s] [  6%] [32mBuilding CXX object example/helloworld/CMakeFiles/test_publisher.dir/publisher.cpp.o[0m
[0.360s] [  8%] [32mBuilding CXX object example/state_machine/CMakeFiles/state_machine_example.dir/main.cpp.o[0m
[0.362s] [ 10%] [32mBuilding CXX object example/go2/CMakeFiles/go2_robot_state_client.dir/go2_robot_state_client.cpp.o[0m
[0.364s] [ 11%] [32mBuilding CXX object example/go2/CMakeFiles/go2_video_client.dir/go2_video_client.cpp.o[0m
[0.365s] [ 13%] [32mBuilding CXX object example/wireless_controller/CMakeFiles/advanced_gamepad.dir/main.cpp.o[0m
[0.367s] [ 15%] [32mBuilding CXX object example/helloworld/CMakeFiles/test_subscriber.dir/subscriber.cpp.o[0m
[0.369s] [ 16%] [32mBuilding CXX object example/g1/CMakeFiles/g1_29dof_example.dir/low_level/g1_29dof_example.cpp.o[0m
[0.369s] [ 20%] [32mBuilding CXX object example/helloworld/CMakeFiles/test_subscriber.dir/HelloWorldData.cpp.o[0m
[0.369s] [ 21%] [32mBuilding CXX object example/go2/CMakeFiles/go2_low_level.dir/go2_low_level.cpp.o[0m
[0.370s] [ 20%] [32mBuilding CXX object example/b2/CMakeFiles/b2_sport_client.dir/b2_sport_client.cpp.o[0m
[0.370s] [ 23%] [32mBuilding CXX object example/g1/CMakeFiles/g1_arm5_sdk_dds_example.dir/high_level/g1_arm5_sdk_dds_example.cpp.o[0m
[0.370s] [ 25%] [32mBuilding CXX object example/g1/CMakeFiles/g1_loco_client.dir/high_level/g1_loco_client_example.cpp.o[0m
[0.371s] [ 26%] [32mBuilding CXX object example/go2/CMakeFiles/go2_trajectory_follow.dir/go2_trajectory_follow.cpp.o[0m
[0.372s] [ 28%] [32mBuilding CXX object example/h1/CMakeFiles/h1_27dof_example.dir/low_level/h1_27dof_example.cpp.o[0m
[0.372s] [ 30%] [32mBuilding CXX object example/go2/CMakeFiles/go2_vui_client.dir/go2_vui_client.cpp.o[0m
[0.373s] [ 31%] [32mBuilding CXX object example/h1/CMakeFiles/h1_2_ankle_track.dir/low_level/h1_2_ankle_track.cpp.o[0m
[0.373s] [ 33%] [32mBuilding CXX object example/h1/CMakeFiles/h1_2_arm_sdk_dds_example.dir/high_level/h1_2_arm_sdk_dds_example.cpp.o[0m
[0.374s] [ 35%] [32mBuilding CXX object example/go2/CMakeFiles/go2_stand_example.dir/go2_stand_example.cpp.o[0m
[0.374s] [ 36%] [32mBuilding CXX object example/b2/CMakeFiles/b2_stand_example.dir/b2_stand_example.cpp.o[0m
[0.375s] [ 38%] [32mBuilding CXX object example/h1/CMakeFiles/h1_arm_sdk_dds_example.dir/high_level/h1_arm_sdk_dds_example.cpp.o[0m
[0.375s] [ 40%] [32mBuilding CXX object example/g1/CMakeFiles/g1_23dof_ankle_track.dir/low_level/g1_23dof_ankle_track.cpp.o[0m
[0.375s] [ 41%] [32mBuilding CXX object example/h1/CMakeFiles/h1_low_level_example.dir/low_level/humanoid.cpp.o[0m
[0.376s] [ 43%] [32mBuilding CXX object example/h1/CMakeFiles/h1_loco_client.dir/high_level/h1_loco_client_example.cpp.o[0m
[0.376s] [ 45%] [32mBuilding CXX object example/go2w/CMakeFiles/go2w_sport_client.dir/go2w_sport_client.cpp.o[0m
[0.378s] [ 46%] [32mBuilding CXX object example/go2w/CMakeFiles/go2w_stand_example.dir/go2w_stand_example.cpp.o[0m
[0.378s] [ 48%] [32mBuilding CXX object example/go2/CMakeFiles/go2_sport_client.dir/go2_sport_client.cpp.o[0m
[0.379s] [ 50%] [32mBuilding CXX object example/g1/CMakeFiles/g1_dual_arm_example.dir/low_level/g1_dual_arm_example.cpp.o[0m
[0.387s] [ 51%] [32mBuilding CXX object example/g1/CMakeFiles/g1_23dof_example.dir/low_level/g1_23dof_example.cpp.o[0m
[1.351s] [ 53%] [32m[1mLinking CXX executable ../../bin/test_jsonize[0m
[1.400s] [ 55%] [32m[1mLinking CXX executable ../../bin/go2_video_client[0m
[1.417s] [ 56%] [32m[1mLinking CXX executable ../../bin/go2_trajectory_follow[0m
[1.420s] [ 56%] Built target test_jsonize
[1.543s] [ 58%] [32m[1mLinking CXX executable ../../bin/b2_sport_client[0m
[1.547s] [ 60%] [32m[1mLinking CXX executable ../../bin/go2_vui_client[0m
[1.629s] [ 60%] Built target go2_trajectory_follow
[1.631s] [ 61%] [32m[1mLinking CXX executable ../../bin/go2_robot_state_client[0m
[1.684s] [ 61%] Built target go2_video_client
[1.776s] [ 63%] [32m[1mLinking CXX executable ../../bin/g1_loco_client[0m
[1.838s] [ 63%] Built target b2_sport_client
[1.843s] [ 63%] Built target go2_vui_client
[1.857s] [ 63%] Built target go2_robot_state_client
[1.990s] [ 63%] Built target g1_loco_client
[2.097s] [ 65%] [32m[1mLinking CXX executable ../../bin/h1_loco_client[0m
[2.342s] [ 66%] [32m[1mLinking CXX executable ../../bin/test_publisher[0m
[2.362s] [ 66%] Built target h1_loco_client
[2.482s] [ 66%] Built target test_publisher
[2.616s] [ 68%] [32m[1mLinking CXX executable ../../bin/h1_2_arm_sdk_dds_example[0m
[2.741s] [ 68%] Built target h1_2_arm_sdk_dds_example
[2.839s] [ 70%] [32m[1mLinking CXX executable ../../bin/g1_arm7_sdk_dds_example[0m
[2.904s] [ 71%] [32m[1mLinking CXX executable ../../bin/g1_arm5_sdk_dds_example[0m
[3.028s] [ 71%] Built target g1_arm5_sdk_dds_example
[3.034s] [ 71%] Built target g1_arm7_sdk_dds_example
[3.097s] [ 73%] [32m[1mLinking CXX executable ../../bin/go2_sport_client[0m
[3.280s] [ 73%] Built target go2_sport_client
[3.313s] [ 75%] [32m[1mLinking CXX executable ../../bin/advanced_gamepad[0m
[3.345s] [ 76%] [32m[1mLinking CXX executable ../../bin/test_subscriber[0m
[3.433s] [ 78%] [32m[1mLinking CXX executable ../../bin/h1_arm_sdk_dds_example[0m
[3.467s] [ 78%] Built target advanced_gamepad
[3.528s] [ 78%] Built target test_subscriber
[3.608s] [ 78%] Built target h1_arm_sdk_dds_example
[4.218s] [ 80%] [32m[1mLinking CXX executable ../../bin/g1_23dof_example[0m
[4.412s] [ 80%] Built target g1_23dof_example
[4.587s] [ 81%] [32m[1mLinking CXX executable ../../bin/g1_23dof_ankle_track[0m
[4.678s] [ 83%] [32m[1mLinking CXX executable ../../bin/go2w_sport_client[0m
[4.724s] [ 83%] Built target g1_23dof_ankle_track
[4.743s] [ 85%] [32m[1mLinking CXX executable ../../bin/go2w_stand_example[0m
[4.795s] [ 86%] [32m[1mLinking CXX executable ../../bin/h1_2_ankle_track[0m
[4.855s] [ 88%] [32m[1mLinking CXX executable ../../bin/h1_27dof_example[0m
[4.870s] [ 88%] Built target go2w_sport_client
[4.923s] [ 88%] Built target go2w_stand_example
[4.928s] [ 88%] Built target h1_2_ankle_track
[4.987s] [ 88%] Built target h1_27dof_example
[5.071s] [ 90%] [32m[1mLinking CXX executable ../../bin/g1_29dof_example[0m
[5.190s] [ 91%] [32m[1mLinking CXX executable ../../bin/state_machine_example[0m
[5.195s] [ 91%] Built target g1_29dof_example
[5.243s] [ 93%] [32m[1mLinking CXX executable ../../bin/b2_stand_example[0m
[5.317s] [ 93%] Built target state_machine_example
[5.402s] [ 93%] Built target b2_stand_example
[5.405s] [ 95%] [32m[1mLinking CXX executable ../../bin/go2_low_level[0m
[5.529s] [ 95%] Built target go2_low_level
[5.719s] [ 96%] [32m[1mLinking CXX executable ../../bin/g1_dual_arm_example[0m
[5.843s] [ 96%] Built target g1_dual_arm_example
[5.937s] [ 98%] [32m[1mLinking CXX executable ../../bin/go2_stand_example[0m
[6.080s] [100%] [32m[1mLinking CXX executable ../../bin/h1_low_level_example[0m
[6.090s] [100%] Built target go2_stand_example
[6.202s] [100%] Built target h1_low_level_example
[6.208s] Invoked command in '/home/robot/nav2_ws/build/unitree_sdk2' returned '0': /usr/bin/cmake --build /home/robot/nav2_ws/build/unitree_sdk2 -- -j32 -l32
[6.222s] Invoking command in '/home/robot/nav2_ws/build/unitree_sdk2': /usr/bin/cmake --install /home/robot/nav2_ws/build/unitree_sdk2
[6.225s] -- Install configuration: "Release"
[6.225s] -- Installing: /home/robot/nav2_ws/install/unitree_sdk2/include
[6.225s] -- Installing: /home/robot/nav2_ws/install/unitree_sdk2/include/unitree
[6.226s] -- Installing: /home/robot/nav2_ws/install/unitree_sdk2/include/unitree/common
[6.226s] -- Installing: /home/robot/nav2_ws/install/unitree_sdk2/include/unitree/common/lock
[6.226s] -- Installing: /home/robot/nav2_ws/install/unitree_sdk2/include/unitree/common/lock/lock.hpp
[6.226s] -- Installing: /home/robot/nav2_ws/install/unitree_sdk2/include/unitree/common/dds
[6.226s] -- Installing: /home/robot/nav2_ws/install/unitree_sdk2/include/unitree/common/dds/dds_native.hpp
[6.226s] -- Installing: /home/robot/nav2_ws/install/unitree_sdk2/include/unitree/common/dds/dds_exception.hpp
[6.226s] -- Installing: /home/robot/nav2_ws/install/unitree_sdk2/include/unitree/common/dds/dds_qos_parameter.hpp
[6.226s] -- Installing: /home/robot/nav2_ws/install/unitree_sdk2/include/unitree/common/dds/dds_entity.hpp
[6.226s] -- Installing: /home/robot/nav2_ws/install/unitree_sdk2/include/unitree/common/dds/dds_error.hpp
[6.226s] -- Installing: /home/robot/nav2_ws/install/unitree_sdk2/include/unitree/common/dds/dds_qos.hpp
[6.226s] -- Installing: /home/robot/nav2_ws/install/unitree_sdk2/include/unitree/common/dds/dds_qos_realize.hpp
[6.226s] -- Installing: /home/robot/nav2_ws/install/unitree_sdk2/include/unitree/common/dds/dds_qos_policy.hpp
[6.227s] -- Installing: /home/robot/nav2_ws/install/unitree_sdk2/include/unitree/common/dds/dds_callback.hpp
[6.227s] -- Installing: /home/robot/nav2_ws/install/unitree_sdk2/include/unitree/common/dds/dds_topic_channel.hpp
[6.227s] -- Installing: /home/robot/nav2_ws/install/unitree_sdk2/include/unitree/common/dds/dds_parameter.hpp
[6.227s] -- Installing: /home/robot/nav2_ws/install/unitree_sdk2/include/unitree/common/dds/dds_easy_model.hpp
[6.227s] -- Installing: /home/robot/nav2_ws/install/unitree_sdk2/include/unitree/common/dds/dds_traits.hpp
[6.227s] -- Installing: /home/robot/nav2_ws/install/unitree_sdk2/include/unitree/common/dds/dds_factory_model.hpp
[6.227s] -- Installing: /home/robot/nav2_ws/install/unitree_sdk2/include/unitree/common/dds/dds_qos_policy_parameter.hpp
[6.227s] -- Installing: /home/robot/nav2_ws/install/unitree_sdk2/include/unitree/common/filesystem
[6.227s] -- Installing: /home/robot/nav2_ws/install/unitree_sdk2/include/unitree/common/filesystem/filesystem.hpp
[6.227s] -- Installing: /home/robot/nav2_ws/install/unitree_sdk2/include/unitree/common/filesystem/directory.hpp
[6.227s] -- Installing: /home/robot/nav2_ws/install/unitree_sdk2/include/unitree/common/filesystem/file.hpp
[6.227s] -- Installing: /home/robot/nav2_ws/install/unitree_sdk2/include/unitree/common/assert.hpp
[6.227s] -- Installing: /home/robot/nav2_ws/install/unitree_sdk2/include/unitree/common/block_queue.hpp
[6.227s] -- Installing: /home/robot/nav2_ws/install/unitree_sdk2/include/unitree/common/any.hpp
[6.227s] -- Installing: /home/robot/nav2_ws/install/unitree_sdk2/include/unitree/common/decl.hpp
[6.227s] -- Installing: /home/robot/nav2_ws/install/unitree_sdk2/include/unitree/common/exception.hpp
[6.227s] -- Installing: /home/robot/nav2_ws/install/unitree_sdk2/include/unitree/common/thread
[6.227s] -- Installing: /home/robot/nav2_ws/install/unitree_sdk2/include/unitree/common/thread/recurrent_thread.hpp
[6.227s] -- Installing: /home/robot/nav2_ws/install/unitree_sdk2/include/unitree/common/thread/thread_task.hpp
[6.227s] -- Installing: /home/robot/nav2_ws/install/unitree_sdk2/include/unitree/common/thread/thread_pool.hpp
[6.227s] -- Installing: /home/robot/nav2_ws/install/unitree_sdk2/include/unitree/common/thread/thread_decl.hpp
[6.227s] -- Installing: /home/robot/nav2_ws/install/unitree_sdk2/include/unitree/common/thread/future.hpp
[6.227s] -- Installing: /home/robot/nav2_ws/install/unitree_sdk2/include/unitree/common/thread/thread.hpp
[6.227s] -- Installing: /home/robot/nav2_ws/install/unitree_sdk2/include/unitree/common/json
[6.227s] -- Installing: /home/robot/nav2_ws/install/unitree_sdk2/include/unitree/common/json/jsonize.hpp
[6.227s] -- Installing: /home/robot/nav2_ws/install/unitree_sdk2/include/unitree/common/json/json_config.hpp
[6.227s] -- Installing: /home/robot/nav2_ws/install/unitree_sdk2/include/unitree/common/json/json.hpp
[6.227s] -- Installing: /home/robot/nav2_ws/install/unitree_sdk2/include/unitree/common/os.hpp
[6.227s] -- Installing: /home/robot/nav2_ws/install/unitree_sdk2/include/unitree/common/error.hpp
[6.227s] -- Installing: /home/robot/nav2_ws/install/unitree_sdk2/include/unitree/common/service
[6.227s] -- Installing: /home/robot/nav2_ws/install/unitree_sdk2/include/unitree/common/service/dds_service.hpp
[6.227s] -- Installing: /home/robot/nav2_ws/install/unitree_sdk2/include/unitree/common/service/base
[6.228s] -- Installing: /home/robot/nav2_ws/install/unitree_sdk2/include/unitree/common/service/base/service_application.hpp
[6.228s] -- Installing: /home/robot/nav2_ws/install/unitree_sdk2/include/unitree/common/service/base/service_base.hpp
[6.228s] -- Installing: /home/robot/nav2_ws/install/unitree_sdk2/include/unitree/common/service/base/service_decl.hpp
[6.228s] -- Installing: /home/robot/nav2_ws/install/unitree_sdk2/include/unitree/common/service/base/service_config.hpp
[6.228s] -- Installing: /home/robot/nav2_ws/install/unitree_sdk2/include/unitree/common/time
[6.228s] -- Installing: /home/robot/nav2_ws/install/unitree_sdk2/include/unitree/common/time/sleep.hpp
[6.228s] -- Installing: /home/robot/nav2_ws/install/unitree_sdk2/include/unitree/common/time/time_tool.hpp
[6.228s] -- Installing: /home/robot/nav2_ws/install/unitree_sdk2/include/unitree/common/string_tool.hpp
[6.228s] -- Installing: /home/robot/nav2_ws/install/unitree_sdk2/include/unitree/common/log
[6.228s] -- Installing: /home/robot/nav2_ws/install/unitree_sdk2/include/unitree/common/log/log_decl.hpp
[6.228s] -- Installing: /home/robot/nav2_ws/install/unitree_sdk2/include/unitree/common/log/log_logger.hpp
[6.228s] -- Installing: /home/robot/nav2_ws/install/unitree_sdk2/include/unitree/common/log/log_initor.hpp
[6.228s] -- Installing: /home/robot/nav2_ws/install/unitree_sdk2/include/unitree/common/log/log_buffer.hpp
[6.228s] -- Installing: /home/robot/nav2_ws/install/unitree_sdk2/include/unitree/common/log/log_policy.hpp
[6.228s] -- Installing: /home/robot/nav2_ws/install/unitree_sdk2/include/unitree/common/log/log_writer.hpp
[6.228s] -- Installing: /home/robot/nav2_ws/install/unitree_sdk2/include/unitree/common/log/log_store.hpp
[6.228s] -- Installing: /home/robot/nav2_ws/install/unitree_sdk2/include/unitree/common/log/log_keeper.hpp
[6.228s] -- Installing: /home/robot/nav2_ws/install/unitree_sdk2/include/unitree/common/log/log.hpp
[6.228s] -- Installing: /home/robot/nav2_ws/install/unitree_sdk2/include/unitree/robot
[6.228s] -- Installing: /home/robot/nav2_ws/install/unitree_sdk2/include/unitree/robot/h1
[6.228s] -- Installing: /home/robot/nav2_ws/install/unitree_sdk2/include/unitree/robot/h1/loco
[6.228s] -- Installing: /home/robot/nav2_ws/install/unitree_sdk2/include/unitree/robot/h1/loco/h1_loco_api.hpp
[6.228s] -- Installing: /home/robot/nav2_ws/install/unitree_sdk2/include/unitree/robot/h1/loco/h1_loco_client.hpp
[6.228s] -- Installing: /home/robot/nav2_ws/install/unitree_sdk2/include/unitree/robot/h1/loco/h1_loco_error.hpp
[6.228s] -- Installing: /home/robot/nav2_ws/install/unitree_sdk2/include/unitree/robot/client
[6.228s] -- Installing: /home/robot/nav2_ws/install/unitree_sdk2/include/unitree/robot/client/client_base.hpp
[6.228s] -- Installing: /home/robot/nav2_ws/install/unitree_sdk2/include/unitree/robot/client/client.hpp
[6.228s] -- Installing: /home/robot/nav2_ws/install/unitree_sdk2/include/unitree/robot/client/client_stub.hpp
[6.228s] -- Installing: /home/robot/nav2_ws/install/unitree_sdk2/include/unitree/robot/client/lease_client.hpp
[6.228s] -- Installing: /home/robot/nav2_ws/install/unitree_sdk2/include/unitree/robot/g1
[6.228s] -- Installing: /home/robot/nav2_ws/install/unitree_sdk2/include/unitree/robot/g1/loco
[6.228s] -- Installing: /home/robot/nav2_ws/install/unitree_sdk2/include/unitree/robot/g1/loco/g1_loco_error.hpp
[6.228s] -- Installing: /home/robot/nav2_ws/install/unitree_sdk2/include/unitree/robot/g1/loco/g1_loco_api.hpp
[6.228s] -- Installing: /home/robot/nav2_ws/install/unitree_sdk2/include/unitree/robot/g1/loco/g1_loco_client.hpp
[6.228s] -- Installing: /home/robot/nav2_ws/install/unitree_sdk2/include/unitree/robot/b2
[6.228s] -- Installing: /home/robot/nav2_ws/install/unitree_sdk2/include/unitree/robot/b2/motion_switcher
[6.228s] -- Installing: /home/robot/nav2_ws/install/unitree_sdk2/include/unitree/robot/b2/motion_switcher/motion_switcher_client.hpp
[6.228s] -- Installing: /home/robot/nav2_ws/install/unitree_sdk2/include/unitree/robot/b2/motion_switcher/motion_switcher_error.hpp
[6.228s] -- Installing: /home/robot/nav2_ws/install/unitree_sdk2/include/unitree/robot/b2/motion_switcher/motion_switcher_api.hpp
[6.229s] -- Installing: /home/robot/nav2_ws/install/unitree_sdk2/include/unitree/robot/b2/back_video
[6.229s] -- Installing: /home/robot/nav2_ws/install/unitree_sdk2/include/unitree/robot/b2/back_video/back_video_api.hpp
[6.229s] -- Installing: /home/robot/nav2_ws/install/unitree_sdk2/include/unitree/robot/b2/back_video/back_video_client.hpp
[6.229s] -- Installing: /home/robot/nav2_ws/install/unitree_sdk2/include/unitree/robot/b2/back_video/back_video_error.hpp
[6.229s] -- Installing: /home/robot/nav2_ws/install/unitree_sdk2/include/unitree/robot/b2/config
[6.229s] -- Installing: /home/robot/nav2_ws/install/unitree_sdk2/include/unitree/robot/b2/config/config_error.hpp
[6.229s] -- Installing: /home/robot/nav2_ws/install/unitree_sdk2/include/unitree/robot/b2/config/config_api.hpp
[6.229s] -- Installing: /home/robot/nav2_ws/install/unitree_sdk2/include/unitree/robot/b2/config/config_client.hpp
[6.229s] -- Installing: /home/robot/nav2_ws/install/unitree_sdk2/include/unitree/robot/b2/sport
[6.229s] -- Installing: /home/robot/nav2_ws/install/unitree_sdk2/include/unitree/robot/b2/sport/sport_error.hpp
[6.229s] -- Installing: /home/robot/nav2_ws/install/unitree_sdk2/include/unitree/robot/b2/sport/sport_client.hpp
[6.229s] -- Installing: /home/robot/nav2_ws/install/unitree_sdk2/include/unitree/robot/b2/sport/sport_api.hpp
[6.229s] -- Installing: /home/robot/nav2_ws/install/unitree_sdk2/include/unitree/robot/b2/robot_state
[6.229s] -- Installing: /home/robot/nav2_ws/install/unitree_sdk2/include/unitree/robot/b2/robot_state/robot_state_api.hpp
[6.229s] -- Installing: /home/robot/nav2_ws/install/unitree_sdk2/include/unitree/robot/b2/robot_state/robot_state_error.hpp
[6.229s] -- Installing: /home/robot/nav2_ws/install/unitree_sdk2/include/unitree/robot/b2/robot_state/robot_state_client.hpp
[6.229s] -- Installing: /home/robot/nav2_ws/install/unitree_sdk2/include/unitree/robot/b2/front_video
[6.229s] -- Installing: /home/robot/nav2_ws/install/unitree_sdk2/include/unitree/robot/b2/front_video/front_video_error.hpp
[6.229s] -- Installing: /home/robot/nav2_ws/install/unitree_sdk2/include/unitree/robot/b2/front_video/front_video_client.hpp
[6.229s] -- Installing: /home/robot/nav2_ws/install/unitree_sdk2/include/unitree/robot/b2/front_video/front_video_api.hpp
[6.229s] -- Installing: /home/robot/nav2_ws/install/unitree_sdk2/include/unitree/robot/channel
[6.229s] -- Installing: /home/robot/nav2_ws/install/unitree_sdk2/include/unitree/robot/channel/channel_publisher.hpp
[6.229s] -- Installing: /home/robot/nav2_ws/install/unitree_sdk2/include/unitree/robot/channel/channel_subscriber.hpp
[6.229s] -- Installing: /home/robot/nav2_ws/install/unitree_sdk2/include/unitree/robot/channel/channel_labor.hpp
[6.229s] -- Installing: /home/robot/nav2_ws/install/unitree_sdk2/include/unitree/robot/channel/channel_factory.hpp
[6.229s] -- Installing: /home/robot/nav2_ws/install/unitree_sdk2/include/unitree/robot/channel/channel_namer.hpp
[6.229s] -- Installing: /home/robot/nav2_ws/install/unitree_sdk2/include/unitree/robot/internal
[6.229s] -- Installing: /home/robot/nav2_ws/install/unitree_sdk2/include/unitree/robot/internal/internal_request_response.hpp
[6.229s] -- Installing: /home/robot/nav2_ws/install/unitree_sdk2/include/unitree/robot/internal/internal_api.hpp
[6.229s] -- Installing: /home/robot/nav2_ws/install/unitree_sdk2/include/unitree/robot/internal/internal_idl_decl
[6.229s] -- Installing: /home/robot/nav2_ws/install/unitree_sdk2/include/unitree/robot/internal/internal_idl_decl/Request_.hpp
[6.229s] -- Installing: /home/robot/nav2_ws/install/unitree_sdk2/include/unitree/robot/internal/internal_idl_decl/ResponseStatus_.hpp
[6.229s] -- Installing: /home/robot/nav2_ws/install/unitree_sdk2/include/unitree/robot/internal/internal_idl_decl/Response_.hpp
[6.229s] -- Installing: /home/robot/nav2_ws/install/unitree_sdk2/include/unitree/robot/internal/internal_idl_decl/RequestHeader_.hpp
[6.229s] -- Installing: /home/robot/nav2_ws/install/unitree_sdk2/include/unitree/robot/internal/internal_idl_decl/RequestLease_.hpp
[6.229s] -- Installing: /home/robot/nav2_ws/install/unitree_sdk2/include/unitree/robot/internal/internal_idl_decl/RequestPolicy_.hpp
[6.229s] -- Installing: /home/robot/nav2_ws/install/unitree_sdk2/include/unitree/robot/internal/internal_idl_decl/RequestIdentity_.hpp
[6.229s] -- Installing: /home/robot/nav2_ws/install/unitree_sdk2/include/unitree/robot/internal/internal_idl_decl/ResponseHeader_.hpp
[6.229s] -- Installing: /home/robot/nav2_ws/install/unitree_sdk2/include/unitree/robot/internal/internal.hpp
[6.229s] -- Installing: /home/robot/nav2_ws/install/unitree_sdk2/include/unitree/robot/internal/internal_error.hpp
[6.230s] -- Installing: /home/robot/nav2_ws/install/unitree_sdk2/include/unitree/robot/serialize
[6.230s] -- Installing: /home/robot/nav2_ws/install/unitree_sdk2/include/unitree/robot/serialize/serialize.hpp
[6.230s] -- Installing: /home/robot/nav2_ws/install/unitree_sdk2/include/unitree/robot/server
[6.230s] -- Installing: /home/robot/nav2_ws/install/unitree_sdk2/include/unitree/robot/server/server.hpp
[6.230s] -- Installing: /home/robot/nav2_ws/install/unitree_sdk2/include/unitree/robot/server/lease_server.hpp
[6.230s] -- Installing: /home/robot/nav2_ws/install/unitree_sdk2/include/unitree/robot/server/server_base.hpp
[6.230s] -- Installing: /home/robot/nav2_ws/install/unitree_sdk2/include/unitree/robot/server/server_stub.hpp
[6.230s] -- Installing: /home/robot/nav2_ws/install/unitree_sdk2/include/unitree/robot/future
[6.230s] -- Installing: /home/robot/nav2_ws/install/unitree_sdk2/include/unitree/robot/future/request_future.hpp
[6.230s] -- Installing: /home/robot/nav2_ws/install/unitree_sdk2/include/unitree/robot/go2
[6.230s] -- Installing: /home/robot/nav2_ws/install/unitree_sdk2/include/unitree/robot/go2/vui
[6.230s] -- Installing: /home/robot/nav2_ws/install/unitree_sdk2/include/unitree/robot/go2/vui/vui_client.hpp
[6.230s] -- Installing: /home/robot/nav2_ws/install/unitree_sdk2/include/unitree/robot/go2/vui/vui_error.hpp
[6.230s] -- Installing: /home/robot/nav2_ws/install/unitree_sdk2/include/unitree/robot/go2/vui/vui_api.hpp
[6.230s] -- Installing: /home/robot/nav2_ws/install/unitree_sdk2/include/unitree/robot/go2/video
[6.230s] -- Installing: /home/robot/nav2_ws/install/unitree_sdk2/include/unitree/robot/go2/video/video_api.hpp
[6.230s] -- Installing: /home/robot/nav2_ws/install/unitree_sdk2/include/unitree/robot/go2/video/video_client.hpp
[6.230s] -- Installing: /home/robot/nav2_ws/install/unitree_sdk2/include/unitree/robot/go2/video/video_error.hpp
[6.230s] -- Installing: /home/robot/nav2_ws/install/unitree_sdk2/include/unitree/robot/go2/utrack
[6.230s] -- Installing: /home/robot/nav2_ws/install/unitree_sdk2/include/unitree/robot/go2/utrack/utrack_api.hpp
[6.230s] -- Installing: /home/robot/nav2_ws/install/unitree_sdk2/include/unitree/robot/go2/utrack/utrack_client.hpp
[6.230s] -- Installing: /home/robot/nav2_ws/install/unitree_sdk2/include/unitree/robot/go2/sport
[6.230s] -- Installing: /home/robot/nav2_ws/install/unitree_sdk2/include/unitree/robot/go2/sport/sport_error.hpp
[6.230s] -- Installing: /home/robot/nav2_ws/install/unitree_sdk2/include/unitree/robot/go2/sport/sport_client.hpp
[6.230s] -- Installing: /home/robot/nav2_ws/install/unitree_sdk2/include/unitree/robot/go2/sport/sport_api.hpp
[6.230s] -- Installing: /home/robot/nav2_ws/install/unitree_sdk2/include/unitree/robot/go2/robot_state
[6.230s] -- Installing: /home/robot/nav2_ws/install/unitree_sdk2/include/unitree/robot/go2/robot_state/robot_state_api.hpp
[6.230s] -- Installing: /home/robot/nav2_ws/install/unitree_sdk2/include/unitree/robot/go2/robot_state/robot_state_error.hpp
[6.230s] -- Installing: /home/robot/nav2_ws/install/unitree_sdk2/include/unitree/robot/go2/robot_state/robot_state_client.hpp
[6.230s] -- Installing: /home/robot/nav2_ws/install/unitree_sdk2/include/unitree/robot/go2/obstacles_avoid
[6.230s] -- Installing: /home/robot/nav2_ws/install/unitree_sdk2/include/unitree/robot/go2/obstacles_avoid/obstacles_avoid_client.hpp
[6.230s] -- Installing: /home/robot/nav2_ws/install/unitree_sdk2/include/unitree/robot/go2/obstacles_avoid/obstacles_avoid_api.hpp
[6.230s] -- Installing: /home/robot/nav2_ws/install/unitree_sdk2/include/unitree/robot/go2/public
[6.230s] -- Installing: /home/robot/nav2_ws/install/unitree_sdk2/include/unitree/robot/go2/public/jsonize_type.hpp
[6.230s] -- Installing: /home/robot/nav2_ws/install/unitree_sdk2/include/unitree/idl
[6.230s] -- Installing: /home/robot/nav2_ws/install/unitree_sdk2/include/unitree/idl/ros2
[6.230s] -- Installing: /home/robot/nav2_ws/install/unitree_sdk2/include/unitree/idl/ros2/TwistWithCovarianceStamped_.hpp
[6.230s] -- Installing: /home/robot/nav2_ws/install/unitree_sdk2/include/unitree/idl/ros2/Header_.hpp
[6.230s] -- Installing: /home/robot/nav2_ws/install/unitree_sdk2/include/unitree/idl/ros2/MapMetaData_.hpp
[6.230s] -- Installing: /home/robot/nav2_ws/install/unitree_sdk2/include/unitree/idl/ros2/OccupancyGrid_.hpp
[6.230s] -- Installing: /home/robot/nav2_ws/install/unitree_sdk2/include/unitree/idl/ros2/PoseWithCovarianceStamped_.hpp
[6.230s] -- Installing: /home/robot/nav2_ws/install/unitree_sdk2/include/unitree/idl/ros2/PointCloud2_.hpp
[6.230s] -- Installing: /home/robot/nav2_ws/install/unitree_sdk2/include/unitree/idl/ros2/PoseStamped_.hpp
[6.230s] -- Installing: /home/robot/nav2_ws/install/unitree_sdk2/include/unitree/idl/ros2/QuaternionStamped_.hpp
[6.230s] -- Installing: /home/robot/nav2_ws/install/unitree_sdk2/include/unitree/idl/ros2/Odometry_.hpp
[6.230s] -- Installing: /home/robot/nav2_ws/install/unitree_sdk2/include/unitree/idl/ros2/Pose_.hpp
[6.230s] -- Installing: /home/robot/nav2_ws/install/unitree_sdk2/include/unitree/idl/ros2/Twist_.hpp
[6.230s] -- Installing: /home/robot/nav2_ws/install/unitree_sdk2/include/unitree/idl/ros2/PointStamped_.hpp
[6.230s] -- Installing: /home/robot/nav2_ws/install/unitree_sdk2/include/unitree/idl/ros2/Quaternion_.hpp
[6.230s] -- Installing: /home/robot/nav2_ws/install/unitree_sdk2/include/unitree/idl/ros2/PointField_.hpp
[6.230s] -- Installing: /home/robot/nav2_ws/install/unitree_sdk2/include/unitree/idl/ros2/TwistStamped_.hpp
[6.231s] -- Installing: /home/robot/nav2_ws/install/unitree_sdk2/include/unitree/idl/ros2/Vector3_.hpp
[6.231s] -- Installing: /home/robot/nav2_ws/install/unitree_sdk2/include/unitree/idl/ros2/TwistWithCovariance_.hpp
[6.231s] -- Installing: /home/robot/nav2_ws/install/unitree_sdk2/include/unitree/idl/ros2/PoseWithCovariance_.hpp
[6.231s] -- Installing: /home/robot/nav2_ws/install/unitree_sdk2/include/unitree/idl/ros2/Point_.hpp
[6.231s] -- Installing: /home/robot/nav2_ws/install/unitree_sdk2/include/unitree/idl/ros2/Pose2D_.hpp
[6.231s] -- Installing: /home/robot/nav2_ws/install/unitree_sdk2/include/unitree/idl/ros2/Time_.hpp
[6.231s] -- Installing: /home/robot/nav2_ws/install/unitree_sdk2/include/unitree/idl/ros2/Point32_.hpp
[6.231s] -- Installing: /home/robot/nav2_ws/install/unitree_sdk2/include/unitree/idl/ros2/String_.hpp
[6.231s] -- Installing: /home/robot/nav2_ws/install/unitree_sdk2/include/unitree/idl/hg
[6.231s] -- Installing: /home/robot/nav2_ws/install/unitree_sdk2/include/unitree/idl/hg/LowCmd_.hpp
[6.231s] -- Installing: /home/robot/nav2_ws/install/unitree_sdk2/include/unitree/idl/hg/BmsState_.hpp
[6.231s] -- Installing: /home/robot/nav2_ws/install/unitree_sdk2/include/unitree/idl/hg/MotorCmd_.hpp
[6.231s] -- Installing: /home/robot/nav2_ws/install/unitree_sdk2/include/unitree/idl/hg/MainBoardState_.hpp
[6.231s] -- Installing: /home/robot/nav2_ws/install/unitree_sdk2/include/unitree/idl/hg/HandCmd_.hpp
[6.231s] -- Installing: /home/robot/nav2_ws/install/unitree_sdk2/include/unitree/idl/hg/IMUState_.hpp
[6.231s] -- Installing: /home/robot/nav2_ws/install/unitree_sdk2/include/unitree/idl/hg/PressSensorState_.hpp
[6.231s] -- Installing: /home/robot/nav2_ws/install/unitree_sdk2/include/unitree/idl/hg/HandState_.hpp
[6.231s] -- Installing: /home/robot/nav2_ws/install/unitree_sdk2/include/unitree/idl/hg/BmsCmd_.hpp
[6.231s] -- Installing: /home/robot/nav2_ws/install/unitree_sdk2/include/unitree/idl/hg/MotorState_.hpp
[6.231s] -- Installing: /home/robot/nav2_ws/install/unitree_sdk2/include/unitree/idl/hg/LowState_.hpp
[6.231s] -- Installing: /home/robot/nav2_ws/install/unitree_sdk2/include/unitree/idl/go2
[6.231s] -- Installing: /home/robot/nav2_ws/install/unitree_sdk2/include/unitree/idl/go2/LowCmd_.hpp
[6.231s] -- Installing: /home/robot/nav2_ws/install/unitree_sdk2/include/unitree/idl/go2/Req_.hpp
[6.231s] -- Installing: /home/robot/nav2_ws/install/unitree_sdk2/include/unitree/idl/go2/BmsState_.hpp
[6.231s] -- Installing: /home/robot/nav2_ws/install/unitree_sdk2/include/unitree/idl/go2/MotorCmd_.hpp
[6.231s] -- Installing: /home/robot/nav2_ws/install/unitree_sdk2/include/unitree/idl/go2/MotorCmds_.hpp
[6.231s] -- Installing: /home/robot/nav2_ws/install/unitree_sdk2/include/unitree/idl/go2/LidarState_.hpp
[6.231s] -- Installing: /home/robot/nav2_ws/install/unitree_sdk2/include/unitree/idl/go2/TimeSpec_.hpp
[6.231s] -- Installing: /home/robot/nav2_ws/install/unitree_sdk2/include/unitree/idl/go2/InterfaceConfig_.hpp
[6.231s] -- Installing: /home/robot/nav2_ws/install/unitree_sdk2/include/unitree/idl/go2/Error_.hpp
[6.231s] -- Installing: /home/robot/nav2_ws/install/unitree_sdk2/include/unitree/idl/go2/MotorStates_.hpp
[6.231s] -- Installing: /home/robot/nav2_ws/install/unitree_sdk2/include/unitree/idl/go2/IMUState_.hpp
[6.231s] -- Installing: /home/robot/nav2_ws/install/unitree_sdk2/include/unitree/idl/go2/AudioData_.hpp
[6.231s] -- Installing: /home/robot/nav2_ws/install/unitree_sdk2/include/unitree/idl/go2/PathPoint_.hpp
[6.231s] -- Installing: /home/robot/nav2_ws/install/unitree_sdk2/include/unitree/idl/go2/HeightMap_.hpp
[6.231s] -- Installing: /home/robot/nav2_ws/install/unitree_sdk2/include/unitree/idl/go2/Res_.hpp
[6.231s] -- Installing: /home/robot/nav2_ws/install/unitree_sdk2/include/unitree/idl/go2/ConfigChangeStatus_.hpp
[6.231s] -- Installing: /home/robot/nav2_ws/install/unitree_sdk2/include/unitree/idl/go2/BmsCmd_.hpp
[6.231s] -- Installing: /home/robot/nav2_ws/install/unitree_sdk2/include/unitree/idl/go2/WirelessController_.hpp
[6.231s] -- Installing: /home/robot/nav2_ws/install/unitree_sdk2/include/unitree/idl/go2/SportModeCmd_.hpp
[6.231s] -- Installing: /home/robot/nav2_ws/install/unitree_sdk2/include/unitree/idl/go2/SportModeState_.hpp
[6.231s] -- Installing: /home/robot/nav2_ws/install/unitree_sdk2/include/unitree/idl/go2/MotorState_.hpp
[6.231s] -- Installing: /home/robot/nav2_ws/install/unitree_sdk2/include/unitree/idl/go2/LowState_.hpp
[6.231s] -- Installing: /home/robot/nav2_ws/install/unitree_sdk2/include/unitree/idl/go2/UwbSwitch_.hpp
[6.231s] -- Installing: /home/robot/nav2_ws/install/unitree_sdk2/include/unitree/idl/go2/UwbState_.hpp
[6.231s] -- Installing: /home/robot/nav2_ws/install/unitree_sdk2/include/unitree/idl/go2/Go2FrontVideoData_.hpp
[6.231s] -- Installing: /home/robot/nav2_ws/install/unitree_sdk2/lib/libunitree_sdk2.a
[6.239s] -- Installing: /home/robot/nav2_ws/install/unitree_sdk2/lib/cmake/unitree_sdk2/unitree_sdk2Targets.cmake
[6.239s] -- Installing: /home/robot/nav2_ws/install/unitree_sdk2/lib/cmake/unitree_sdk2/unitree_sdk2Config.cmake
[6.239s] -- Installing: /home/robot/nav2_ws/install/unitree_sdk2/lib/cmake/unitree_sdk2/unitree_sdk2ConfigVersion.cmake
[6.239s] -- Installing: /home/robot/nav2_ws/install/unitree_sdk2/lib/libddsc.so
[6.242s] -- Installing: /home/robot/nav2_ws/install/unitree_sdk2/lib/libddsc.so.0
[6.242s] -- Installing: /home/robot/nav2_ws/install/unitree_sdk2/lib/libddscxx.so
[6.244s] -- Installing: /home/robot/nav2_ws/install/unitree_sdk2/lib/libddscxx.so.0
[6.244s] -- Up-to-date: /home/robot/nav2_ws/install/unitree_sdk2/include
[6.244s] -- Installing: /home/robot/nav2_ws/install/unitree_sdk2/include/dds
[6.244s] -- Installing: /home/robot/nav2_ws/install/unitree_sdk2/include/dds/ddsi
[6.244s] -- Installing: /home/robot/nav2_ws/install/unitree_sdk2/include/dds/ddsi/q_protocol.h
[6.244s] -- Installing: /home/robot/nav2_ws/install/unitree_sdk2/include/dds/ddsi/q_inverse_uint32_set.h
[6.244s] -- Installing: /home/robot/nav2_ws/install/unitree_sdk2/include/dds/ddsi/q_feature_check.h
[6.244s] -- Installing: /home/robot/nav2_ws/install/unitree_sdk2/include/dds/ddsi/q_sockwaitset.h
[6.244s] -- Installing: /home/robot/nav2_ws/install/unitree_sdk2/include/dds/ddsi/ddsi_entity_match.h
[6.244s] -- Installing: /home/robot/nav2_ws/install/unitree_sdk2/include/dds/ddsi/ddsi_cfgunits.h
[6.244s] -- Installing: /home/robot/nav2_ws/install/unitree_sdk2/include/dds/ddsi/ddsi_ssl.h
[6.244s] -- Installing: /home/robot/nav2_ws/install/unitree_sdk2/include/dds/ddsi/ddsi_serdata_plist.h
[6.244s] -- Installing: /home/robot/nav2_ws/install/unitree_sdk2/include/dds/ddsi/ddsi_xqos.h
[6.244s] -- Installing: /home/robot/nav2_ws/install/unitree_sdk2/include/dds/ddsi/q_ddsi_discovery.h
[6.244s] -- Installing: /home/robot/nav2_ws/install/unitree_sdk2/include/dds/ddsi/q_radmin.h
[6.244s] -- Installing: /home/robot/nav2_ws/install/unitree_sdk2/include/dds/ddsi/ddsi_xt_typeinfo.idl
[6.244s] -- Installing: /home/robot/nav2_ws/install/unitree_sdk2/include/dds/ddsi/ddsi_ipaddr.h
[6.244s] -- Installing: /home/robot/nav2_ws/install/unitree_sdk2/include/dds/ddsi/ddsi_xt_typelookup.h
[6.244s] -- Installing: /home/robot/nav2_ws/install/unitree_sdk2/include/dds/ddsi/ddsi_security_exchange.h
[6.244s] -- Installing: /home/robot/nav2_ws/install/unitree_sdk2/include/dds/ddsi/ddsi_ownip.h
[6.244s] -- Installing: /home/robot/nav2_ws/install/unitree_sdk2/include/dds/ddsi/ddsi_plist.h
[6.244s] -- Installing: /home/robot/nav2_ws/install/unitree_sdk2/include/dds/ddsi/ddsi_lifespan.h
[6.244s] -- Installing: /home/robot/nav2_ws/install/unitree_sdk2/include/dds/ddsi/ddsi_entity.h
[6.244s] -- Installing: /home/robot/nav2_ws/install/unitree_sdk2/include/dds/ddsi/q_lat_estim.h
[6.244s] -- Installing: /home/robot/nav2_ws/install/unitree_sdk2/include/dds/ddsi/ddsi_security_util.h
[6.244s] -- Installing: /home/robot/nav2_ws/install/unitree_sdk2/include/dds/ddsi/ddsi_config_impl.h
[6.244s] -- Installing: /home/robot/nav2_ws/install/unitree_sdk2/include/dds/ddsi/ddsi_guid.h
[6.244s] -- Installing: /home/robot/nav2_ws/install/unitree_sdk2/include/dds/ddsi/q_xmsg.h
[6.244s] -- Installing: /home/robot/nav2_ws/install/unitree_sdk2/include/dds/ddsi/ddsi_serdata.h
[6.244s] -- Installing: /home/robot/nav2_ws/install/unitree_sdk2/include/dds/ddsi/ddsi_tcp.h
[6.244s] -- Installing: /home/robot/nav2_ws/install/unitree_sdk2/include/dds/ddsi/q_transmit.h
[6.244s] -- Installing: /home/robot/nav2_ws/install/unitree_sdk2/include/dds/ddsi/ddsi_iid.h
[6.244s] -- Installing: /home/robot/nav2_ws/install/unitree_sdk2/include/dds/ddsi/sysdeps.h
[6.245s] -- Installing: /home/robot/nav2_ws/install/unitree_sdk2/include/dds/ddsi/ddsi_sertopic.h
[6.245s] -- Installing: /home/robot/nav2_ws/install/unitree_sdk2/include/dds/ddsi/ddsi_typelookup.h
[6.245s] -- Installing: /home/robot/nav2_ws/install/unitree_sdk2/include/dds/ddsi/ddsi_locator.h
[6.245s] -- Installing: /home/robot/nav2_ws/install/unitree_sdk2/include/dds/ddsi/q_gc.h
[6.245s] -- Installing: /home/robot/nav2_ws/install/unitree_sdk2/include/dds/ddsi/q_log.h
[6.245s] -- Installing: /home/robot/nav2_ws/install/unitree_sdk2/include/dds/ddsi/q_xevent.h
[6.245s] -- Installing: /home/robot/nav2_ws/install/unitree_sdk2/include/dds/ddsi/ddsi_portmapping.h
[6.245s] -- Installing: /home/robot/nav2_ws/install/unitree_sdk2/include/dds/ddsi/ddsi_proxy_endpoint.h
[6.245s] -- Installing: /home/robot/nav2_ws/install/unitree_sdk2/include/dds/ddsi/ddsi_vendor.h
[6.245s] -- Installing: /home/robot/nav2_ws/install/unitree_sdk2/include/dds/ddsi/ddsi_serdata_pserop.h
[6.245s] -- Installing: /home/robot/nav2_ws/install/unitree_sdk2/include/dds/ddsi/q_misc.h
[6.245s] -- Installing: /home/robot/nav2_ws/install/unitree_sdk2/include/dds/ddsi/ddsi_keyhash.h
[6.245s] -- Installing: /home/robot/nav2_ws/install/unitree_sdk2/include/dds/ddsi/q_thread.h
[6.245s] -- Installing: /home/robot/nav2_ws/install/unitree_sdk2/include/dds/ddsi/ddsi_list_genptr.h
[6.245s] -- Installing: /home/robot/nav2_ws/install/unitree_sdk2/include/dds/ddsi/ddsi_time.h
[6.245s] -- Installing: /home/robot/nav2_ws/install/unitree_sdk2/include/dds/ddsi/ddsi_participant.h
[6.245s] -- Installing: /home/robot/nav2_ws/install/unitree_sdk2/include/dds/ddsi/ddsi_rhc.h
[6.245s] -- Installing: /home/robot/nav2_ws/install/unitree_sdk2/include/dds/ddsi/ddsi_udp.h
[6.245s] -- Installing: /home/robot/nav2_ws/install/unitree_sdk2/include/dds/ddsi/q_unused.h
[6.245s] -- Installing: /home/robot/nav2_ws/install/unitree_sdk2/include/dds/ddsi/ddsi_wraddrset.h
[6.245s] -- Installing: /home/robot/nav2_ws/install/unitree_sdk2/include/dds/ddsi/q_debmon.h
[6.245s] -- Installing: /home/robot/nav2_ws/install/unitree_sdk2/include/dds/ddsi/q_receive.h
[6.245s] -- Installing: /home/robot/nav2_ws/install/unitree_sdk2/include/dds/ddsi/q_rtps.h
[6.245s] -- Installing: /home/robot/nav2_ws/install/unitree_sdk2/include/dds/ddsi/ddsi_deliver_locally.h
[6.245s] -- Installing: /home/robot/nav2_ws/install/unitree_sdk2/include/dds/ddsi/q_freelist.h
[6.245s] -- Installing: /home/robot/nav2_ws/install/unitree_sdk2/include/dds/ddsi/ddsi_tkmap.h
[6.245s] -- Installing: /home/robot/nav2_ws/install/unitree_sdk2/include/dds/ddsi/ddsi_pmd.h
[6.245s] -- Installing: /home/robot/nav2_ws/install/unitree_sdk2/include/dds/ddsi/q_bswap.h
[6.245s] -- Installing: /home/robot/nav2_ws/install/unitree_sdk2/include/dds/ddsi/ddsi_config.h
[6.245s] -- Installing: /home/robot/nav2_ws/install/unitree_sdk2/include/dds/ddsi/ddsi_raweth.h
[6.245s] -- Installing: /home/robot/nav2_ws/install/unitree_sdk2/include/dds/ddsi/ddsi_shm_transport.h
[6.245s] -- Installing: /home/robot/nav2_ws/install/unitree_sdk2/include/dds/ddsi/ddsi_security_msg.h
[6.245s] -- Installing: /home/robot/nav2_ws/install/unitree_sdk2/include/dds/ddsi/q_lease.h
[6.245s] -- Installing: /home/robot/nav2_ws/install/unitree_sdk2/include/dds/ddsi/ddsi_topic.h
[6.245s] -- Installing: /home/robot/nav2_ws/install/unitree_sdk2/include/dds/ddsi/q_init.h
[6.245s] -- Installing: /home/robot/nav2_ws/install/unitree_sdk2/include/dds/ddsi/ddsi_xt_typemap.idl
[6.245s] -- Installing: /home/robot/nav2_ws/install/unitree_sdk2/include/dds/ddsi/q_qosmatch.h
[6.245s] -- Installing: /home/robot/nav2_ws/install/unitree_sdk2/include/dds/ddsi/q_whc.h
[6.245s] -- Installing: /home/robot/nav2_ws/install/unitree_sdk2/include/dds/ddsi/ddsi_plist_generic.h
[6.245s] -- Installing: /home/robot/nav2_ws/install/unitree_sdk2/include/dds/ddsi/ddsi_xt_typelookup.idl
[6.246s] -- Installing: /home/robot/nav2_ws/install/unitree_sdk2/include/dds/ddsi/ddsi_builtin_topic_if.h
[6.246s] -- Installing: /home/robot/nav2_ws/install/unitree_sdk2/include/dds/ddsi/ddsi_threadmon.h
[6.246s] -- Installing: /home/robot/nav2_ws/install/unitree_sdk2/include/dds/ddsi/ddsi_handshake.h
[6.246s] -- Installing: /home/robot/nav2_ws/install/unitree_sdk2/include/dds/ddsi/ddsi_serdata_default.h
[6.246s] -- Installing: /home/robot/nav2_ws/install/unitree_sdk2/include/dds/ddsi/ddsi_cdrstream.h
[6.246s] -- Installing: /home/robot/nav2_ws/install/unitree_sdk2/include/dds/ddsi/q_addrset.h
[6.246s] -- Installing: /home/robot/nav2_ws/install/unitree_sdk2/include/dds/ddsi/ddsi_typelib.h
[6.246s] -- Installing: /home/robot/nav2_ws/install/unitree_sdk2/include/dds/ddsi/ddsi_proxy_participant.h
[6.246s] -- Installing: /home/robot/nav2_ws/install/unitree_sdk2/include/dds/ddsi/ddsi_typebuilder.h
[6.246s] -- Installing: /home/robot/nav2_ws/install/unitree_sdk2/include/dds/ddsi/ddsi_list_tmpl.h
[6.246s] -- Installing: /home/robot/nav2_ws/install/unitree_sdk2/include/dds/ddsi/ddsi_typewrap.h
[6.246s] -- Installing: /home/robot/nav2_ws/install/unitree_sdk2/include/dds/ddsi/q_pcap.h
[6.246s] -- Installing: /home/robot/nav2_ws/install/unitree_sdk2/include/dds/ddsi/ddsi_vnet.h
[6.246s] -- Installing: /home/robot/nav2_ws/install/unitree_sdk2/include/dds/ddsi/ddsi_tran.h
[6.246s] -- Installing: /home/robot/nav2_ws/install/unitree_sdk2/include/dds/ddsi/ddsi_security_omg.h
[6.246s] -- Installing: /home/robot/nav2_ws/install/unitree_sdk2/include/dds/ddsi/q_hbcontrol.h
[6.246s] -- Installing: /home/robot/nav2_ws/install/unitree_sdk2/include/dds/ddsi/ddsi_domaingv.h
[6.246s] -- Installing: /home/robot/nav2_ws/install/unitree_sdk2/include/dds/ddsi/ddsi_deadline.h
[6.246s] -- Installing: /home/robot/nav2_ws/install/unitree_sdk2/include/dds/ddsi/ddsi_endpoint.h
[6.246s] -- Installing: /home/robot/nav2_ws/install/unitree_sdk2/include/dds/ddsi/ddsi_sertype.h
[6.246s] -- Installing: /home/robot/nav2_ws/install/unitree_sdk2/include/dds/ddsi/ddsi_acknack.h
[6.246s] -- Installing: /home/robot/nav2_ws/install/unitree_sdk2/include/dds/ddsi/ddsi_statistics.h
[6.246s] -- Installing: /home/robot/nav2_ws/install/unitree_sdk2/include/dds/ddsi/ddsi_cfgelems.h
[6.246s] -- Installing: /home/robot/nav2_ws/install/unitree_sdk2/include/dds/ddsi/ddsi_entity_index.h
[6.246s] -- Installing: /home/robot/nav2_ws/install/unitree_sdk2/include/dds/ddsi/ddsi_xt_typemap.h
[6.246s] -- Installing: /home/robot/nav2_ws/install/unitree_sdk2/include/dds/ddsi/ddsi_xt_impl.h
[6.246s] -- Installing: /home/robot/nav2_ws/install/unitree_sdk2/include/dds/ddsi/q_bitset.h
[6.246s] -- Installing: /home/robot/nav2_ws/install/unitree_sdk2/include/dds/ddsi/ddsi_mcgroup.h
[6.246s] -- Installing: /home/robot/nav2_ws/install/unitree_sdk2/include/dds/ddsi/ddsi_xt_typeinfo.h
[6.246s] -- Installing: /home/robot/nav2_ws/install/unitree_sdk2/include/dds/ddsrt
[6.246s] -- Installing: /home/robot/nav2_ws/install/unitree_sdk2/include/dds/ddsrt/filesystem.h
[6.246s] -- Installing: /home/robot/nav2_ws/install/unitree_sdk2/include/dds/ddsrt/sched.h
[6.246s] -- Installing: /home/robot/nav2_ws/install/unitree_sdk2/include/dds/ddsrt/arch.h
[6.246s] -- Installing: /home/robot/nav2_ws/install/unitree_sdk2/include/dds/ddsrt/time.h
[6.246s] -- Installing: /home/robot/nav2_ws/install/unitree_sdk2/include/dds/ddsrt/rusage.h
[6.246s] -- Installing: /home/robot/nav2_ws/install/unitree_sdk2/include/dds/ddsrt/filesystem
[6.246s] -- Installing: /home/robot/nav2_ws/install/unitree_sdk2/include/dds/ddsrt/filesystem/windows.h
[6.247s] -- Installing: /home/robot/nav2_ws/install/unitree_sdk2/include/dds/ddsrt/filesystem/posix.h
[6.247s] -- Installing: /home/robot/nav2_ws/install/unitree_sdk2/include/dds/ddsrt/random.h
[6.247s] -- Installing: /home/robot/nav2_ws/install/unitree_sdk2/include/dds/ddsrt/fibheap.h
[6.247s] -- Installing: /home/robot/nav2_ws/install/unitree_sdk2/include/dds/ddsrt/sockets.h
[6.247s] -- Installing: /home/robot/nav2_ws/install/unitree_sdk2/include/dds/ddsrt/threads
[6.247s] -- Installing: /home/robot/nav2_ws/install/unitree_sdk2/include/dds/ddsrt/threads/freertos.h
[6.247s] -- Installing: /home/robot/nav2_ws/install/unitree_sdk2/include/dds/ddsrt/threads/windows.h
[6.247s] -- Installing: /home/robot/nav2_ws/install/unitree_sdk2/include/dds/ddsrt/threads/posix.h
[6.247s] -- Installing: /home/robot/nav2_ws/install/unitree_sdk2/include/dds/ddsrt/xmlparser.h
[6.247s] -- Installing: /home/robot/nav2_ws/install/unitree_sdk2/include/dds/ddsrt/sockets
[6.247s] -- Installing: /home/robot/nav2_ws/install/unitree_sdk2/include/dds/ddsrt/sockets/windows.h
[6.247s] -- Installing: /home/robot/nav2_ws/install/unitree_sdk2/include/dds/ddsrt/sockets/posix.h
[6.247s] -- Installing: /home/robot/nav2_ws/install/unitree_sdk2/include/dds/ddsrt/ifaddrs.h
[6.247s] -- Installing: /home/robot/nav2_ws/install/unitree_sdk2/include/dds/ddsrt/endian.h
[6.247s] -- Installing: /home/robot/nav2_ws/install/unitree_sdk2/include/dds/ddsrt/environ.h
[6.247s] -- Installing: /home/robot/nav2_ws/install/unitree_sdk2/include/dds/ddsrt/bswap.h
[6.247s] -- Installing: /home/robot/nav2_ws/install/unitree_sdk2/include/dds/ddsrt/types
[6.247s] -- Installing: /home/robot/nav2_ws/install/unitree_sdk2/include/dds/ddsrt/types/vxworks.h
[6.247s] -- Installing: /home/robot/nav2_ws/install/unitree_sdk2/include/dds/ddsrt/types/windows.h
[6.247s] -- Installing: /home/robot/nav2_ws/install/unitree_sdk2/include/dds/ddsrt/types/posix.h
[6.247s] -- Installing: /home/robot/nav2_ws/install/unitree_sdk2/include/dds/ddsrt/types.h
[6.247s] -- Installing: /home/robot/nav2_ws/install/unitree_sdk2/include/dds/ddsrt/cdtors.h
[6.247s] -- Installing: /home/robot/nav2_ws/install/unitree_sdk2/include/dds/ddsrt/atomics
[6.247s] -- Installing: /home/robot/nav2_ws/install/unitree_sdk2/include/dds/ddsrt/atomics/sun.h
[6.247s] -- Installing: /home/robot/nav2_ws/install/unitree_sdk2/include/dds/ddsrt/atomics/msvc.h
[6.247s] -- Installing: /home/robot/nav2_ws/install/unitree_sdk2/include/dds/ddsrt/atomics/gcc.h
[6.247s] -- Installing: /home/robot/nav2_ws/install/unitree_sdk2/include/dds/ddsrt/atomics/arm.h
[6.247s] -- Installing: /home/robot/nav2_ws/install/unitree_sdk2/include/dds/ddsrt/threads.h
[6.247s] -- Installing: /home/robot/nav2_ws/install/unitree_sdk2/include/dds/ddsrt/mh3.h
[6.247s] -- Installing: /home/robot/nav2_ws/install/unitree_sdk2/include/dds/ddsrt/process.h
[6.247s] -- Installing: /home/robot/nav2_ws/install/unitree_sdk2/include/dds/ddsrt/circlist.h
[6.247s] -- Installing: /home/robot/nav2_ws/install/unitree_sdk2/include/dds/ddsrt/netstat.h
[6.247s] -- Installing: /home/robot/nav2_ws/install/unitree_sdk2/include/dds/ddsrt/expand_vars.h
[6.247s] -- Installing: /home/robot/nav2_ws/install/unitree_sdk2/include/dds/ddsrt/log.h
[6.247s] -- Installing: /home/robot/nav2_ws/install/unitree_sdk2/include/dds/ddsrt/countargs.h
[6.247s] -- Installing: /home/robot/nav2_ws/install/unitree_sdk2/include/dds/ddsrt/sync.h
[6.247s] -- Installing: /home/robot/nav2_ws/install/unitree_sdk2/include/dds/ddsrt/strtol.h
[6.248s] -- Installing: /home/robot/nav2_ws/install/unitree_sdk2/include/dds/ddsrt/static_assert.h
[6.248s] -- Installing: /home/robot/nav2_ws/install/unitree_sdk2/include/dds/ddsrt/retcode.h
[6.248s] -- Installing: /home/robot/nav2_ws/install/unitree_sdk2/include/dds/ddsrt/time
[6.248s] -- Installing: /home/robot/nav2_ws/install/unitree_sdk2/include/dds/ddsrt/time/freertos.h
[6.248s] -- Installing: /home/robot/nav2_ws/install/unitree_sdk2/include/dds/ddsrt/avl.h
[6.248s] -- Installing: /home/robot/nav2_ws/install/unitree_sdk2/include/dds/ddsrt/io.h
[6.248s] -- Installing: /home/robot/nav2_ws/install/unitree_sdk2/include/dds/ddsrt/strtod.h
[6.248s] -- Installing: /home/robot/nav2_ws/install/unitree_sdk2/include/dds/ddsrt/dynlib.h
[6.248s] -- Installing: /home/robot/nav2_ws/install/unitree_sdk2/include/dds/ddsrt/string.h
[6.248s] -- Installing: /home/robot/nav2_ws/install/unitree_sdk2/include/dds/ddsrt/misc.h
[6.248s] -- Installing: /home/robot/nav2_ws/install/unitree_sdk2/include/dds/ddsrt/hopscotch.h
[6.248s] -- Installing: /home/robot/nav2_ws/install/unitree_sdk2/include/dds/ddsrt/iovec.h
[6.248s] -- Installing: /home/robot/nav2_ws/install/unitree_sdk2/include/dds/ddsrt/sync
[6.248s] -- Installing: /home/robot/nav2_ws/install/unitree_sdk2/include/dds/ddsrt/sync/freertos.h
[6.248s] -- Installing: /home/robot/nav2_ws/install/unitree_sdk2/include/dds/ddsrt/sync/windows.h
[6.248s] -- Installing: /home/robot/nav2_ws/install/unitree_sdk2/include/dds/ddsrt/sync/posix.h
[6.248s] -- Installing: /home/robot/nav2_ws/install/unitree_sdk2/include/dds/ddsrt/heap.h
[6.248s] -- Installing: /home/robot/nav2_ws/install/unitree_sdk2/include/dds/ddsrt/align.h
[6.248s] -- Installing: /home/robot/nav2_ws/install/unitree_sdk2/include/dds/ddsrt/attributes.h
[6.248s] -- Installing: /home/robot/nav2_ws/install/unitree_sdk2/include/dds/ddsrt/md5.h
[6.248s] -- Installing: /home/robot/nav2_ws/install/unitree_sdk2/include/dds/ddsrt/atomics.h
[6.248s] -- Installing: /home/robot/nav2_ws/install/unitree_sdk2/include/dds/ddsc
[6.248s] -- Installing: /home/robot/nav2_ws/install/unitree_sdk2/include/dds/ddsc/dds_public_qos.h
[6.248s] -- Installing: /home/robot/nav2_ws/install/unitree_sdk2/include/dds/ddsc/dds_basic_types.h
[6.248s] -- Installing: /home/robot/nav2_ws/install/unitree_sdk2/include/dds/ddsc/dds_loan_api.h
[6.248s] -- Installing: /home/robot/nav2_ws/install/unitree_sdk2/include/dds/ddsc/dds_internal_api.h
[6.248s] -- Installing: /home/robot/nav2_ws/install/unitree_sdk2/include/dds/ddsc/dds_data_allocator.h
[6.248s] -- Installing: /home/robot/nav2_ws/install/unitree_sdk2/include/dds/ddsc/dds_opcodes.h
[6.248s] -- Installing: /home/robot/nav2_ws/install/unitree_sdk2/include/dds/ddsc/dds_public_listener.h
[6.248s] -- Installing: /home/robot/nav2_ws/install/unitree_sdk2/include/dds/ddsc/dds_public_impl.h
[6.248s] -- Installing: /home/robot/nav2_ws/install/unitree_sdk2/include/dds/ddsc/dds_statistics.h
[6.248s] -- Installing: /home/robot/nav2_ws/install/unitree_sdk2/include/dds/ddsc/dds_public_status.h
[6.248s] -- Installing: /home/robot/nav2_ws/install/unitree_sdk2/include/dds/ddsc/dds_public_alloc.h
[6.248s] -- Installing: /home/robot/nav2_ws/install/unitree_sdk2/include/dds/ddsc/dds_rhc.h
[6.248s] -- Installing: /home/robot/nav2_ws/install/unitree_sdk2/include/dds/ddsc/dds_public_error.h
[6.248s] -- Installing: /home/robot/nav2_ws/install/unitree_sdk2/include/dds/ddsc/dds_public_qosdefs.h
[6.248s] -- Installing: /home/robot/nav2_ws/install/unitree_sdk2/include/dds/config.h
[6.248s] -- Installing: /home/robot/nav2_ws/install/unitree_sdk2/include/dds/export.h
[6.248s] -- Installing: /home/robot/nav2_ws/install/unitree_sdk2/include/dds/dds.h
[6.248s] -- Installing: /home/robot/nav2_ws/install/unitree_sdk2/include/dds/version.h
[6.248s] -- Installing: /home/robot/nav2_ws/install/unitree_sdk2/include/dds/features.h
[6.248s] -- Installing: /home/robot/nav2_ws/install/unitree_sdk2/include/ddsc
[6.248s] -- Installing: /home/robot/nav2_ws/install/unitree_sdk2/include/ddsc/dds.h
[6.248s] -- Installing: /home/robot/nav2_ws/install/unitree_sdk2/include/ddscxx
[6.248s] -- Installing: /home/robot/nav2_ws/install/unitree_sdk2/include/ddscxx/dds
[6.249s] -- Installing: /home/robot/nav2_ws/install/unitree_sdk2/include/ddscxx/dds/pub
[6.249s] -- Installing: /home/robot/nav2_ws/install/unitree_sdk2/include/ddscxx/dds/pub/DataWriterListener.hpp
[6.249s] -- Installing: /home/robot/nav2_ws/install/unitree_sdk2/include/ddscxx/dds/pub/DataWriter.hpp
[6.249s] -- Installing: /home/robot/nav2_ws/install/unitree_sdk2/include/ddscxx/dds/pub/PublisherListener.hpp
[6.249s] -- Installing: /home/robot/nav2_ws/install/unitree_sdk2/include/ddscxx/dds/pub/CoherentSet.hpp
[6.249s] -- Installing: /home/robot/nav2_ws/install/unitree_sdk2/include/ddscxx/dds/pub/AnyDataWriter.hpp
[6.249s] -- Installing: /home/robot/nav2_ws/install/unitree_sdk2/include/ddscxx/dds/pub/TSuspendedPublication.hpp
[6.249s] -- Installing: /home/robot/nav2_ws/install/unitree_sdk2/include/ddscxx/dds/pub/Publisher.hpp
[6.249s] -- Installing: /home/robot/nav2_ws/install/unitree_sdk2/include/ddscxx/dds/pub/TAnyDataWriter.hpp
[6.249s] -- Installing: /home/robot/nav2_ws/install/unitree_sdk2/include/ddscxx/dds/pub/AnyDataWriterListener.hpp
[6.249s] -- Installing: /home/robot/nav2_ws/install/unitree_sdk2/include/ddscxx/dds/pub/TCoherentSet.hpp
[6.249s] -- Installing: /home/robot/nav2_ws/install/unitree_sdk2/include/ddscxx/dds/pub/detail
[6.249s] -- Installing: /home/robot/nav2_ws/install/unitree_sdk2/include/ddscxx/dds/pub/detail/TSuspendedPublicationImpl.hpp
[6.249s] -- Installing: /home/robot/nav2_ws/install/unitree_sdk2/include/ddscxx/dds/pub/detail/DataWriter.hpp
[6.249s] -- Installing: /home/robot/nav2_ws/install/unitree_sdk2/include/ddscxx/dds/pub/detail/CoherentSet.hpp
[6.249s] -- Installing: /home/robot/nav2_ws/install/unitree_sdk2/include/ddscxx/dds/pub/detail/AnyDataWriter.hpp
[6.249s] -- Installing: /home/robot/nav2_ws/install/unitree_sdk2/include/ddscxx/dds/pub/detail/TAnyDataWriterImpl.hpp
[6.249s] -- Installing: /home/robot/nav2_ws/install/unitree_sdk2/include/ddscxx/dds/pub/detail/DataWriterImpl.hpp
[6.249s] -- Installing: /home/robot/nav2_ws/install/unitree_sdk2/include/ddscxx/dds/pub/detail/Publisher.hpp
[6.249s] -- Installing: /home/robot/nav2_ws/install/unitree_sdk2/include/ddscxx/dds/pub/detail/TCoherentSetImpl.hpp
[6.249s] -- Installing: /home/robot/nav2_ws/install/unitree_sdk2/include/ddscxx/dds/pub/detail/SuspendedPublication.hpp
[6.249s] -- Installing: /home/robot/nav2_ws/install/unitree_sdk2/include/ddscxx/dds/pub/detail/ddspub.hpp
[6.249s] -- Installing: /home/robot/nav2_ws/install/unitree_sdk2/include/ddscxx/dds/pub/detail/discovery.hpp
[6.249s] -- Installing: /home/robot/nav2_ws/install/unitree_sdk2/include/ddscxx/dds/pub/detail/find.hpp
[6.249s] -- Installing: /home/robot/nav2_ws/install/unitree_sdk2/include/ddscxx/dds/pub/detail/TPublisherImpl.hpp
[6.249s] -- Installing: /home/robot/nav2_ws/install/unitree_sdk2/include/ddscxx/dds/pub/SuspendedPublication.hpp
[6.249s] -- Installing: /home/robot/nav2_ws/install/unitree_sdk2/include/ddscxx/dds/pub/ddspub.hpp
[6.249s] -- Installing: /home/robot/nav2_ws/install/unitree_sdk2/include/ddscxx/dds/pub/TPublisher.hpp
[6.249s] -- Installing: /home/robot/nav2_ws/install/unitree_sdk2/include/ddscxx/dds/pub/discovery.hpp
[6.249s] -- Installing: /home/robot/nav2_ws/install/unitree_sdk2/include/ddscxx/dds/pub/find.hpp
[6.249s] -- Installing: /home/robot/nav2_ws/install/unitree_sdk2/include/ddscxx/dds/pub/qos
[6.249s] -- Installing: /home/robot/nav2_ws/install/unitree_sdk2/include/ddscxx/dds/pub/qos/DataWriterQos.hpp
[6.249s] -- Installing: /home/robot/nav2_ws/install/unitree_sdk2/include/ddscxx/dds/pub/qos/detail
[6.249s] -- Installing: /home/robot/nav2_ws/install/unitree_sdk2/include/ddscxx/dds/pub/qos/detail/DataWriterQos.hpp
[6.249s] -- Installing: /home/robot/nav2_ws/install/unitree_sdk2/include/ddscxx/dds/pub/qos/detail/PublisherQos.hpp
[6.249s] -- Installing: /home/robot/nav2_ws/install/unitree_sdk2/include/ddscxx/dds/pub/qos/PublisherQos.hpp
[6.249s] -- Installing: /home/robot/nav2_ws/install/unitree_sdk2/include/ddscxx/dds/core
[6.249s] -- Installing: /home/robot/nav2_ws/install/unitree_sdk2/include/ddscxx/dds/core/Entity.hpp
[6.249s] -- Installing: /home/robot/nav2_ws/install/unitree_sdk2/include/ddscxx/dds/core/TEntity.hpp
[6.249s] -- Installing: /home/robot/nav2_ws/install/unitree_sdk2/include/ddscxx/dds/core/InstanceHandle.hpp
[6.249s] -- Installing: /home/robot/nav2_ws/install/unitree_sdk2/include/ddscxx/dds/core/SafeEnumeration.hpp
[6.250s] -- Installing: /home/robot/nav2_ws/install/unitree_sdk2/include/ddscxx/dds/core/macros.hpp
[6.250s] -- Installing: /home/robot/nav2_ws/install/unitree_sdk2/include/ddscxx/dds/core/refmacros.hpp
[6.250s] -- Installing: /home/robot/nav2_ws/install/unitree_sdk2/include/ddscxx/dds/core/Reference.hpp
[6.250s] -- Installing: /home/robot/nav2_ws/install/unitree_sdk2/include/ddscxx/dds/core/ddscore.hpp
[6.250s] -- Installing: /home/robot/nav2_ws/install/unitree_sdk2/include/ddscxx/dds/core/TInstanceHandle.hpp
[6.250s] -- Installing: /home/robot/nav2_ws/install/unitree_sdk2/include/ddscxx/dds/core/QosProvider.hpp
[6.250s] -- Installing: /home/robot/nav2_ws/install/unitree_sdk2/include/ddscxx/dds/core/cond
[6.250s] -- Installing: /home/robot/nav2_ws/install/unitree_sdk2/include/ddscxx/dds/core/cond/StatusCondition.hpp
[6.250s] -- Installing: /home/robot/nav2_ws/install/unitree_sdk2/include/ddscxx/dds/core/cond/TGuardCondition.hpp
[6.250s] -- Installing: /home/robot/nav2_ws/install/unitree_sdk2/include/ddscxx/dds/core/cond/GuardCondition.hpp
[6.250s] -- Installing: /home/robot/nav2_ws/install/unitree_sdk2/include/ddscxx/dds/core/cond/TStatusCondition.hpp
[6.250s] -- Installing: /home/robot/nav2_ws/install/unitree_sdk2/include/ddscxx/dds/core/cond/WaitSet.hpp
[6.250s] -- Installing: /home/robot/nav2_ws/install/unitree_sdk2/include/ddscxx/dds/core/cond/detail
[6.250s] -- Installing: /home/robot/nav2_ws/install/unitree_sdk2/include/ddscxx/dds/core/cond/detail/TWaitSetImpl.hpp
[6.250s] -- Installing: /home/robot/nav2_ws/install/unitree_sdk2/include/ddscxx/dds/core/cond/detail/StatusCondition.hpp
[6.250s] -- Installing: /home/robot/nav2_ws/install/unitree_sdk2/include/ddscxx/dds/core/cond/detail/GuardCondition.hpp
[6.250s] -- Installing: /home/robot/nav2_ws/install/unitree_sdk2/include/ddscxx/dds/core/cond/detail/WaitSet.hpp
[6.250s] -- Installing: /home/robot/nav2_ws/install/unitree_sdk2/include/ddscxx/dds/core/cond/detail/TGuardConditionImpl.hpp
[6.250s] -- Installing: /home/robot/nav2_ws/install/unitree_sdk2/include/ddscxx/dds/core/cond/detail/TConditionImpl.hpp
[6.250s] -- Installing: /home/robot/nav2_ws/install/unitree_sdk2/include/ddscxx/dds/core/cond/detail/TStatusConditionImpl.hpp
[6.250s] -- Installing: /home/robot/nav2_ws/install/unitree_sdk2/include/ddscxx/dds/core/cond/detail/Condition.hpp
[6.250s] -- Installing: /home/robot/nav2_ws/install/unitree_sdk2/include/ddscxx/dds/core/cond/Condition.hpp
[6.250s] -- Installing: /home/robot/nav2_ws/install/unitree_sdk2/include/ddscxx/dds/core/cond/TWaitSet.hpp
[6.250s] -- Installing: /home/robot/nav2_ws/install/unitree_sdk2/include/ddscxx/dds/core/cond/TCondition.hpp
[6.250s] -- Installing: /home/robot/nav2_ws/install/unitree_sdk2/include/ddscxx/dds/core/Duration.hpp
[6.250s] -- Installing: /home/robot/nav2_ws/install/unitree_sdk2/include/ddscxx/dds/core/types.hpp
[6.250s] -- Installing: /home/robot/nav2_ws/install/unitree_sdk2/include/ddscxx/dds/core/Exception.hpp
[6.250s] -- Installing: /home/robot/nav2_ws/install/unitree_sdk2/include/ddscxx/dds/core/array.hpp
[6.250s] -- Installing: /home/robot/nav2_ws/install/unitree_sdk2/include/ddscxx/dds/core/TQosProvider.hpp
[6.250s] -- Installing: /home/robot/nav2_ws/install/unitree_sdk2/include/ddscxx/dds/core/TEntityQos.hpp
[6.250s] -- Installing: /home/robot/nav2_ws/install/unitree_sdk2/include/ddscxx/dds/core/policy
[6.250s] -- Installing: /home/robot/nav2_ws/install/unitree_sdk2/include/ddscxx/dds/core/policy/TQosPolicyCount.hpp
[6.250s] -- Installing: /home/robot/nav2_ws/install/unitree_sdk2/include/ddscxx/dds/core/policy/PolicyKind.hpp
[6.250s] -- Installing: /home/robot/nav2_ws/install/unitree_sdk2/include/ddscxx/dds/core/policy/detail
[6.250s] -- Installing: /home/robot/nav2_ws/install/unitree_sdk2/include/ddscxx/dds/core/policy/detail/TCorePolicyImpl.hpp
[6.250s] -- Installing: /home/robot/nav2_ws/install/unitree_sdk2/include/ddscxx/dds/core/policy/detail/TQosPolicyCountImpl.hpp
[6.250s] -- Installing: /home/robot/nav2_ws/install/unitree_sdk2/include/ddscxx/dds/core/policy/detail/QosPolicyCount.hpp
[6.250s] -- Installing: /home/robot/nav2_ws/install/unitree_sdk2/include/ddscxx/dds/core/policy/detail/CorePolicy.hpp
[6.250s] -- Installing: /home/robot/nav2_ws/install/unitree_sdk2/include/ddscxx/dds/core/policy/QosPolicyCount.hpp
[6.250s] -- Installing: /home/robot/nav2_ws/install/unitree_sdk2/include/ddscxx/dds/core/policy/TCorePolicy.hpp
[6.250s] -- Installing: /home/robot/nav2_ws/install/unitree_sdk2/include/ddscxx/dds/core/policy/CorePolicy.hpp
[6.250s] -- Installing: /home/robot/nav2_ws/install/unitree_sdk2/include/ddscxx/dds/core/TBuiltinTopicTypes.hpp
[6.251s] -- Installing: /home/robot/nav2_ws/install/unitree_sdk2/include/ddscxx/dds/core/detail
[6.251s] -- Installing: /home/robot/nav2_ws/install/unitree_sdk2/include/ddscxx/dds/core/detail/Entity.hpp
[6.251s] -- Installing: /home/robot/nav2_ws/install/unitree_sdk2/include/ddscxx/dds/core/detail/module_docs.hpp
[6.251s] -- Installing: /home/robot/nav2_ws/install/unitree_sdk2/include/ddscxx/dds/core/detail/InstanceHandle.hpp
[6.251s] -- Installing: /home/robot/nav2_ws/install/unitree_sdk2/include/ddscxx/dds/core/detail/macros.hpp
[6.251s] -- Installing: /home/robot/nav2_ws/install/unitree_sdk2/include/ddscxx/dds/core/detail/TInstanceHandleImpl.hpp
[6.251s] -- Installing: /home/robot/nav2_ws/install/unitree_sdk2/include/ddscxx/dds/core/detail/ddscore.hpp
[6.251s] -- Installing: /home/robot/nav2_ws/install/unitree_sdk2/include/ddscxx/dds/core/detail/QosProvider.hpp
[6.251s] -- Installing: /home/robot/nav2_ws/install/unitree_sdk2/include/ddscxx/dds/core/detail/TEntityQosImpl.hpp
[6.251s] -- Installing: /home/robot/nav2_ws/install/unitree_sdk2/include/ddscxx/dds/core/detail/WeakReferenceImpl.hpp
[6.251s] -- Installing: /home/robot/nav2_ws/install/unitree_sdk2/include/ddscxx/dds/core/detail/inttypes.hpp
[6.251s] -- Installing: /home/robot/nav2_ws/install/unitree_sdk2/include/ddscxx/dds/core/detail/array.hpp
[6.251s] -- Installing: /home/robot/nav2_ws/install/unitree_sdk2/include/ddscxx/dds/core/detail/TQosProviderImpl.hpp
[6.251s] -- Installing: /home/robot/nav2_ws/install/unitree_sdk2/include/ddscxx/dds/core/detail/conformance.hpp
[6.251s] -- Installing: /home/robot/nav2_ws/install/unitree_sdk2/include/ddscxx/dds/core/detail/Value.hpp
[6.251s] -- Installing: /home/robot/nav2_ws/install/unitree_sdk2/include/ddscxx/dds/core/detail/old_win_stdint.h
[6.251s] -- Installing: /home/robot/nav2_ws/install/unitree_sdk2/include/ddscxx/dds/core/detail/BuiltinTopicTypes.hpp
[6.251s] -- Installing: /home/robot/nav2_ws/install/unitree_sdk2/include/ddscxx/dds/core/detail/ReferenceImpl.hpp
[6.251s] -- Installing: /home/robot/nav2_ws/install/unitree_sdk2/include/ddscxx/dds/core/detail/TEntityImpl.hpp
[6.251s] -- Installing: /home/robot/nav2_ws/install/unitree_sdk2/include/ddscxx/dds/core/detail/ref_traits.hpp
[6.251s] -- Installing: /home/robot/nav2_ws/install/unitree_sdk2/include/ddscxx/dds/core/detail/export.hpp
[6.251s] -- Installing: /home/robot/nav2_ws/install/unitree_sdk2/include/ddscxx/dds/core/LengthUnlimited.hpp
[6.251s] -- Installing: /home/robot/nav2_ws/install/unitree_sdk2/include/ddscxx/dds/core/conformance.hpp
[6.251s] -- Installing: /home/robot/nav2_ws/install/unitree_sdk2/include/ddscxx/dds/core/Value.hpp
[6.251s] -- Installing: /home/robot/nav2_ws/install/unitree_sdk2/include/ddscxx/dds/core/Time.hpp
[6.251s] -- Installing: /home/robot/nav2_ws/install/unitree_sdk2/include/ddscxx/dds/core/BuiltinTopicTypes.hpp
[6.251s] -- Installing: /home/robot/nav2_ws/install/unitree_sdk2/include/ddscxx/dds/core/xtypes
[6.251s] -- Installing: /home/robot/nav2_ws/install/unitree_sdk2/include/ddscxx/dds/core/xtypes/Annotations.hpp
[6.251s] -- Installing: /home/robot/nav2_ws/install/unitree_sdk2/include/ddscxx/dds/core/xtypes/UnionType.hpp
[6.251s] -- Installing: /home/robot/nav2_ws/install/unitree_sdk2/include/ddscxx/dds/core/xtypes/TStructType.hpp
[6.251s] -- Installing: /home/robot/nav2_ws/install/unitree_sdk2/include/ddscxx/dds/core/xtypes/TTypeProvider.hpp
[6.251s] -- Installing: /home/robot/nav2_ws/install/unitree_sdk2/include/ddscxx/dds/core/xtypes/TypeProvider.hpp
[6.251s] -- Installing: /home/robot/nav2_ws/install/unitree_sdk2/include/ddscxx/dds/core/xtypes/CollectionTypes.hpp
[6.251s] -- Installing: /home/robot/nav2_ws/install/unitree_sdk2/include/ddscxx/dds/core/xtypes/MemberType.hpp
[6.251s] -- Installing: /home/robot/nav2_ws/install/unitree_sdk2/include/ddscxx/dds/core/xtypes/TypeKind.hpp
[6.251s] -- Installing: /home/robot/nav2_ws/install/unitree_sdk2/include/ddscxx/dds/core/xtypes/TAnnotation.hpp
[6.251s] -- Installing: /home/robot/nav2_ws/install/unitree_sdk2/include/ddscxx/dds/core/xtypes/TMemberType.hpp
[6.251s] -- Installing: /home/robot/nav2_ws/install/unitree_sdk2/include/ddscxx/dds/core/xtypes/StructType.hpp
[6.251s] -- Installing: /home/robot/nav2_ws/install/unitree_sdk2/include/ddscxx/dds/core/xtypes/detail
[6.251s] -- Installing: /home/robot/nav2_ws/install/unitree_sdk2/include/ddscxx/dds/core/xtypes/detail/UnionType.hpp
[6.251s] -- Installing: /home/robot/nav2_ws/install/unitree_sdk2/include/ddscxx/dds/core/xtypes/detail/TypeProvider.hpp
[6.252s] -- Installing: /home/robot/nav2_ws/install/unitree_sdk2/include/ddscxx/dds/core/xtypes/detail/CollectionTypes.hpp
[6.252s] -- Installing: /home/robot/nav2_ws/install/unitree_sdk2/include/ddscxx/dds/core/xtypes/detail/MemberType.hpp
[6.252s] -- Installing: /home/robot/nav2_ws/install/unitree_sdk2/include/ddscxx/dds/core/xtypes/detail/StructType.hpp
[6.252s] -- Installing: /home/robot/nav2_ws/install/unitree_sdk2/include/ddscxx/dds/core/xtypes/detail/PrimitiveTypes.hpp
[6.252s] -- Installing: /home/robot/nav2_ws/install/unitree_sdk2/include/ddscxx/dds/core/xtypes/detail/DynamicType.hpp
[6.252s] -- Installing: /home/robot/nav2_ws/install/unitree_sdk2/include/ddscxx/dds/core/xtypes/detail/Annotation.hpp
[6.252s] -- Installing: /home/robot/nav2_ws/install/unitree_sdk2/include/ddscxx/dds/core/xtypes/detail/UnionCase.hpp
[6.252s] -- Installing: /home/robot/nav2_ws/install/unitree_sdk2/include/ddscxx/dds/core/xtypes/detail/DynamicData.hpp
[6.252s] -- Installing: /home/robot/nav2_ws/install/unitree_sdk2/include/ddscxx/dds/core/xtypes/PrimitiveTypes.hpp
[6.252s] -- Installing: /home/robot/nav2_ws/install/unitree_sdk2/include/ddscxx/dds/core/xtypes/TDynamicType.hpp
[6.252s] -- Installing: /home/robot/nav2_ws/install/unitree_sdk2/include/ddscxx/dds/core/xtypes/TCollectionTypes.hpp
[6.252s] -- Installing: /home/robot/nav2_ws/install/unitree_sdk2/include/ddscxx/dds/core/xtypes/DynamicType.hpp
[6.252s] -- Installing: /home/robot/nav2_ws/install/unitree_sdk2/include/ddscxx/dds/core/xtypes/UnionCase.hpp
[6.252s] -- Installing: /home/robot/nav2_ws/install/unitree_sdk2/include/ddscxx/dds/core/xtypes/TDynamicData.hpp
[6.252s] -- Installing: /home/robot/nav2_ws/install/unitree_sdk2/include/ddscxx/dds/core/xtypes/DynamicData.hpp
[6.252s] -- Installing: /home/robot/nav2_ws/install/unitree_sdk2/include/ddscxx/dds/core/status
[6.252s] -- Installing: /home/robot/nav2_ws/install/unitree_sdk2/include/ddscxx/dds/core/status/State.hpp
[6.252s] -- Installing: /home/robot/nav2_ws/install/unitree_sdk2/include/ddscxx/dds/core/status/Status.hpp
[6.252s] -- Installing: /home/robot/nav2_ws/install/unitree_sdk2/include/ddscxx/dds/core/status/detail
[6.252s] -- Installing: /home/robot/nav2_ws/install/unitree_sdk2/include/ddscxx/dds/core/status/detail/Status.hpp
[6.252s] -- Installing: /home/robot/nav2_ws/install/unitree_sdk2/include/ddscxx/dds/core/status/detail/TStatusImpl.hpp
[6.252s] -- Installing: /home/robot/nav2_ws/install/unitree_sdk2/include/ddscxx/dds/core/status/TStatus.hpp
[6.252s] -- Installing: /home/robot/nav2_ws/install/unitree_sdk2/include/ddscxx/dds/core/External.hpp
[6.252s] -- Installing: /home/robot/nav2_ws/install/unitree_sdk2/include/ddscxx/dds/core/WeakReference.hpp
[6.252s] -- Installing: /home/robot/nav2_ws/install/unitree_sdk2/include/ddscxx/dds/core/ref_traits.hpp
[6.252s] -- Installing: /home/robot/nav2_ws/install/unitree_sdk2/include/ddscxx/dds/core/Optional.hpp
[6.252s] -- Installing: /home/robot/nav2_ws/install/unitree_sdk2/include/ddscxx/dds/features.hpp
[6.252s] -- Installing: /home/robot/nav2_ws/install/unitree_sdk2/include/ddscxx/dds/topic
[6.252s] -- Installing: /home/robot/nav2_ws/install/unitree_sdk2/include/ddscxx/dds/topic/TAnyTopic.hpp
[6.252s] -- Installing: /home/robot/nav2_ws/install/unitree_sdk2/include/ddscxx/dds/topic/BuiltinTopicKey.hpp
[6.252s] -- Installing: /home/robot/nav2_ws/install/unitree_sdk2/include/ddscxx/dds/topic/Filter.hpp
[6.252s] -- Installing: /home/robot/nav2_ws/install/unitree_sdk2/include/ddscxx/dds/topic/AnyTopic.hpp
[6.252s] -- Installing: /home/robot/nav2_ws/install/unitree_sdk2/include/ddscxx/dds/topic/MultiTopic.hpp
[6.252s] -- Installing: /home/robot/nav2_ws/install/unitree_sdk2/include/ddscxx/dds/topic/TBuiltinTopicKey.hpp
[6.252s] -- Installing: /home/robot/nav2_ws/install/unitree_sdk2/include/ddscxx/dds/topic/TopicDescription.hpp
[6.252s] -- Installing: /home/robot/nav2_ws/install/unitree_sdk2/include/ddscxx/dds/topic/TopicTraits.hpp
[6.252s] -- Installing: /home/robot/nav2_ws/install/unitree_sdk2/include/ddscxx/dds/topic/ddstopic.hpp
[6.252s] -- Installing: /home/robot/nav2_ws/install/unitree_sdk2/include/ddscxx/dds/topic/AnyTopicListener.hpp
[6.252s] -- Installing: /home/robot/nav2_ws/install/unitree_sdk2/include/ddscxx/dds/topic/TTopic.hpp
[6.252s] -- Installing: /home/robot/nav2_ws/install/unitree_sdk2/include/ddscxx/dds/topic/Topic.hpp
[6.252s] -- Installing: /home/robot/nav2_ws/install/unitree_sdk2/include/ddscxx/dds/topic/TopicInstance.hpp
[6.252s] -- Installing: /home/robot/nav2_ws/install/unitree_sdk2/include/ddscxx/dds/topic/TFilter.hpp
[6.252s] -- Installing: /home/robot/nav2_ws/install/unitree_sdk2/include/ddscxx/dds/topic/TContentFilteredTopic.hpp
[6.253s] -- Installing: /home/robot/nav2_ws/install/unitree_sdk2/include/ddscxx/dds/topic/detail
[6.253s] -- Installing: /home/robot/nav2_ws/install/unitree_sdk2/include/ddscxx/dds/topic/detail/TFilterImpl.hpp
[6.253s] -- Installing: /home/robot/nav2_ws/install/unitree_sdk2/include/ddscxx/dds/topic/detail/BuiltinTopicKey.hpp
[6.253s] -- Installing: /home/robot/nav2_ws/install/unitree_sdk2/include/ddscxx/dds/topic/detail/Filter.hpp
[6.253s] -- Installing: /home/robot/nav2_ws/install/unitree_sdk2/include/ddscxx/dds/topic/detail/AnyTopic.hpp
[6.253s] -- Installing: /home/robot/nav2_ws/install/unitree_sdk2/include/ddscxx/dds/topic/detail/MultiTopic.hpp
[6.253s] -- Installing: /home/robot/nav2_ws/install/unitree_sdk2/include/ddscxx/dds/topic/detail/TBuiltinTopicImpl.hpp
[6.253s] -- Installing: /home/robot/nav2_ws/install/unitree_sdk2/include/ddscxx/dds/topic/detail/TAnyTopicImpl.hpp
[6.253s] -- Installing: /home/robot/nav2_ws/install/unitree_sdk2/include/ddscxx/dds/topic/detail/TTopicDescriptionImpl.hpp
[6.253s] -- Installing: /home/robot/nav2_ws/install/unitree_sdk2/include/ddscxx/dds/topic/detail/TopicDescription.hpp
[6.253s] -- Installing: /home/robot/nav2_ws/install/unitree_sdk2/include/ddscxx/dds/topic/detail/ddstopic.hpp
[6.253s] -- Installing: /home/robot/nav2_ws/install/unitree_sdk2/include/ddscxx/dds/topic/detail/Topic.hpp
[6.253s] -- Installing: /home/robot/nav2_ws/install/unitree_sdk2/include/ddscxx/dds/topic/detail/ContentFilteredTopic.hpp
[6.253s] -- Installing: /home/robot/nav2_ws/install/unitree_sdk2/include/ddscxx/dds/topic/detail/BuiltinTopic.hpp
[6.253s] -- Installing: /home/robot/nav2_ws/install/unitree_sdk2/include/ddscxx/dds/topic/detail/TTopicImpl.hpp
[6.253s] -- Installing: /home/robot/nav2_ws/install/unitree_sdk2/include/ddscxx/dds/topic/detail/TopicInstanceImpl.hpp
[6.253s] -- Installing: /home/robot/nav2_ws/install/unitree_sdk2/include/ddscxx/dds/topic/detail/TContentFilteredTopicImpl.hpp
[6.253s] -- Installing: /home/robot/nav2_ws/install/unitree_sdk2/include/ddscxx/dds/topic/detail/TBuiltinTopicKeyImpl.hpp
[6.253s] -- Installing: /home/robot/nav2_ws/install/unitree_sdk2/include/ddscxx/dds/topic/detail/discovery.hpp
[6.253s] -- Installing: /home/robot/nav2_ws/install/unitree_sdk2/include/ddscxx/dds/topic/detail/find.hpp
[6.253s] -- Installing: /home/robot/nav2_ws/install/unitree_sdk2/include/ddscxx/dds/topic/ContentFilteredTopic.hpp
[6.253s] -- Installing: /home/robot/nav2_ws/install/unitree_sdk2/include/ddscxx/dds/topic/BuiltinTopic.hpp
[6.253s] -- Installing: /home/robot/nav2_ws/install/unitree_sdk2/include/ddscxx/dds/topic/TBuiltinTopic.hpp
[6.253s] -- Installing: /home/robot/nav2_ws/install/unitree_sdk2/include/ddscxx/dds/topic/TopicListener.hpp
[6.253s] -- Installing: /home/robot/nav2_ws/install/unitree_sdk2/include/ddscxx/dds/topic/discovery.hpp
[6.253s] -- Installing: /home/robot/nav2_ws/install/unitree_sdk2/include/ddscxx/dds/topic/find.hpp
[6.253s] -- Installing: /home/robot/nav2_ws/install/unitree_sdk2/include/ddscxx/dds/topic/qos
[6.253s] -- Installing: /home/robot/nav2_ws/install/unitree_sdk2/include/ddscxx/dds/topic/qos/TopicQos.hpp
[6.253s] -- Installing: /home/robot/nav2_ws/install/unitree_sdk2/include/ddscxx/dds/topic/qos/detail
[6.253s] -- Installing: /home/robot/nav2_ws/install/unitree_sdk2/include/ddscxx/dds/topic/qos/detail/TopicQos.hpp
[6.253s] -- Installing: /home/robot/nav2_ws/install/unitree_sdk2/include/ddscxx/dds/topic/TMultiTopic.hpp
[6.253s] -- Installing: /home/robot/nav2_ws/install/unitree_sdk2/include/ddscxx/dds/topic/TTopicDescription.hpp
[6.253s] -- Installing: /home/robot/nav2_ws/install/unitree_sdk2/include/ddscxx/dds/domain
[6.254s] -- Installing: /home/robot/nav2_ws/install/unitree_sdk2/include/ddscxx/dds/domain/TDomainParticipant.hpp
[6.254s] -- Installing: /home/robot/nav2_ws/install/unitree_sdk2/include/ddscxx/dds/domain/DomainParticipantListener.hpp
[6.254s] -- Installing: /home/robot/nav2_ws/install/unitree_sdk2/include/ddscxx/dds/domain/detail
[6.254s] -- Installing: /home/robot/nav2_ws/install/unitree_sdk2/include/ddscxx/dds/domain/detail/TDomainParticipantImpl.hpp
[6.254s] -- Installing: /home/robot/nav2_ws/install/unitree_sdk2/include/ddscxx/dds/domain/detail/ddsdomain.hpp
[6.254s] -- Installing: /home/robot/nav2_ws/install/unitree_sdk2/include/ddscxx/dds/domain/detail/DomainParticipant.hpp
[6.254s] -- Installing: /home/robot/nav2_ws/install/unitree_sdk2/include/ddscxx/dds/domain/ddsdomain.hpp
[6.254s] -- Installing: /home/robot/nav2_ws/install/unitree_sdk2/include/ddscxx/dds/domain/discovery.hpp
[6.254s] -- Installing: /home/robot/nav2_ws/install/unitree_sdk2/include/ddscxx/dds/domain/find.hpp
[6.254s] -- Installing: /home/robot/nav2_ws/install/unitree_sdk2/include/ddscxx/dds/domain/DomainParticipant.hpp
[6.254s] -- Installing: /home/robot/nav2_ws/install/unitree_sdk2/include/ddscxx/dds/domain/qos
[6.254s] -- Installing: /home/robot/nav2_ws/install/unitree_sdk2/include/ddscxx/dds/domain/qos/DomainParticipantQos.hpp
[6.254s] -- Installing: /home/robot/nav2_ws/install/unitree_sdk2/include/ddscxx/dds/domain/qos/detail
[6.254s] -- Installing: /home/robot/nav2_ws/install/unitree_sdk2/include/ddscxx/dds/domain/qos/detail/DomainParticipantQos.hpp
[6.254s] -- Installing: /home/robot/nav2_ws/install/unitree_sdk2/include/ddscxx/dds/dds.hpp
[6.254s] -- Installing: /home/robot/nav2_ws/install/unitree_sdk2/include/ddscxx/dds/LICENSE
[6.254s] -- Installing: /home/robot/nav2_ws/install/unitree_sdk2/include/ddscxx/dds/sub
[6.254s] -- Installing: /home/robot/nav2_ws/install/unitree_sdk2/include/ddscxx/dds/sub/TAnyDataReader.hpp
[6.254s] -- Installing: /home/robot/nav2_ws/install/unitree_sdk2/include/ddscxx/dds/sub/LoanedSamples.hpp
[6.254s] -- Installing: /home/robot/nav2_ws/install/unitree_sdk2/include/ddscxx/dds/sub/CoherentAccess.hpp
[6.254s] -- Installing: /home/robot/nav2_ws/install/unitree_sdk2/include/ddscxx/dds/sub/Subscriber.hpp
[6.254s] -- Installing: /home/robot/nav2_ws/install/unitree_sdk2/include/ddscxx/dds/sub/Query.hpp
[6.254s] -- Installing: /home/robot/nav2_ws/install/unitree_sdk2/include/ddscxx/dds/sub/DataReaderListener.hpp
[6.254s] -- Installing: /home/robot/nav2_ws/install/unitree_sdk2/include/ddscxx/dds/sub/Sample.hpp
[6.254s] -- Installing: /home/robot/nav2_ws/install/unitree_sdk2/include/ddscxx/dds/sub/TRank.hpp
[6.254s] -- Installing: /home/robot/nav2_ws/install/unitree_sdk2/include/ddscxx/dds/sub/SampleInfo.hpp
[6.254s] -- Installing: /home/robot/nav2_ws/install/unitree_sdk2/include/ddscxx/dds/sub/SampleRef.hpp
[6.254s] -- Installing: /home/robot/nav2_ws/install/unitree_sdk2/include/ddscxx/dds/sub/GenerationCount.hpp
[6.254s] -- Installing: /home/robot/nav2_ws/install/unitree_sdk2/include/ddscxx/dds/sub/cond
[6.254s] -- Installing: /home/robot/nav2_ws/install/unitree_sdk2/include/ddscxx/dds/sub/cond/TReadCondition.hpp
[6.254s] -- Installing: /home/robot/nav2_ws/install/unitree_sdk2/include/ddscxx/dds/sub/cond/QueryCondition.hpp
[6.254s] -- Installing: /home/robot/nav2_ws/install/unitree_sdk2/include/ddscxx/dds/sub/cond/TQueryCondition.hpp
[6.254s] -- Installing: /home/robot/nav2_ws/install/unitree_sdk2/include/ddscxx/dds/sub/cond/detail
[6.254s] -- Installing: /home/robot/nav2_ws/install/unitree_sdk2/include/ddscxx/dds/sub/cond/detail/QueryCondition.hpp
[6.254s] -- Installing: /home/robot/nav2_ws/install/unitree_sdk2/include/ddscxx/dds/sub/cond/detail/TReadConditionImpl.hpp
[6.254s] -- Installing: /home/robot/nav2_ws/install/unitree_sdk2/include/ddscxx/dds/sub/cond/detail/ReadCondition.hpp
[6.254s] -- Installing: /home/robot/nav2_ws/install/unitree_sdk2/include/ddscxx/dds/sub/cond/detail/TQueryConditionImpl.hpp
[6.254s] -- Installing: /home/robot/nav2_ws/install/unitree_sdk2/include/ddscxx/dds/sub/cond/ReadCondition.hpp
[6.255s] -- Installing: /home/robot/nav2_ws/install/unitree_sdk2/include/ddscxx/dds/sub/TSubscriber.hpp
[6.255s] -- Installing: /home/robot/nav2_ws/install/unitree_sdk2/include/ddscxx/dds/sub/SubscriberListener.hpp
[6.255s] -- Installing: /home/robot/nav2_ws/install/unitree_sdk2/include/ddscxx/dds/sub/TCoherentAccess.hpp
[6.255s] -- Installing: /home/robot/nav2_ws/install/unitree_sdk2/include/ddscxx/dds/sub/TSample.hpp
[6.255s] -- Installing: /home/robot/nav2_ws/install/unitree_sdk2/include/ddscxx/dds/sub/Rank.hpp
[6.255s] -- Installing: /home/robot/nav2_ws/install/unitree_sdk2/include/ddscxx/dds/sub/TGenerationCount.hpp
[6.255s] -- Installing: /home/robot/nav2_ws/install/unitree_sdk2/include/ddscxx/dds/sub/detail
[6.255s] -- Installing: /home/robot/nav2_ws/install/unitree_sdk2/include/ddscxx/dds/sub/detail/LoanedSamples.hpp
[6.255s] -- Installing: /home/robot/nav2_ws/install/unitree_sdk2/include/ddscxx/dds/sub/detail/TSampleInfoImpl.hpp
[6.255s] -- Installing: /home/robot/nav2_ws/install/unitree_sdk2/include/ddscxx/dds/sub/detail/CoherentAccess.hpp
[6.255s] -- Installing: /home/robot/nav2_ws/install/unitree_sdk2/include/ddscxx/dds/sub/detail/TAnyDataReaderImpl.hpp
[6.255s] -- Installing: /home/robot/nav2_ws/install/unitree_sdk2/include/ddscxx/dds/sub/detail/Subscriber.hpp
[6.255s] -- Installing: /home/robot/nav2_ws/install/unitree_sdk2/include/ddscxx/dds/sub/detail/Query.hpp
[6.255s] -- Installing: /home/robot/nav2_ws/install/unitree_sdk2/include/ddscxx/dds/sub/detail/LoanedSamplesImpl.hpp
[6.255s] -- Installing: /home/robot/nav2_ws/install/unitree_sdk2/include/ddscxx/dds/sub/detail/TCoherentAccessImpl.hpp
[6.255s] -- Installing: /home/robot/nav2_ws/install/unitree_sdk2/include/ddscxx/dds/sub/detail/Sample.hpp
[6.255s] -- Installing: /home/robot/nav2_ws/install/unitree_sdk2/include/ddscxx/dds/sub/detail/TQueryImpl.hpp
[6.255s] -- Installing: /home/robot/nav2_ws/install/unitree_sdk2/include/ddscxx/dds/sub/detail/SampleInfo.hpp
[6.255s] -- Installing: /home/robot/nav2_ws/install/unitree_sdk2/include/ddscxx/dds/sub/detail/SampleRef.hpp
[6.255s] -- Installing: /home/robot/nav2_ws/install/unitree_sdk2/include/ddscxx/dds/sub/detail/TSampleImpl.hpp
[6.255s] -- Installing: /home/robot/nav2_ws/install/unitree_sdk2/include/ddscxx/dds/sub/detail/GenerationCount.hpp
[6.255s] -- Installing: /home/robot/nav2_ws/install/unitree_sdk2/include/ddscxx/dds/sub/detail/TDataReaderImpl.hpp
[6.255s] -- Installing: /home/robot/nav2_ws/install/unitree_sdk2/include/ddscxx/dds/sub/detail/TSubscriberImpl.hpp
[6.255s] -- Installing: /home/robot/nav2_ws/install/unitree_sdk2/include/ddscxx/dds/sub/detail/Rank.hpp
[6.255s] -- Installing: /home/robot/nav2_ws/install/unitree_sdk2/include/ddscxx/dds/sub/detail/SamplesHolder.hpp
[6.255s] -- Installing: /home/robot/nav2_ws/install/unitree_sdk2/include/ddscxx/dds/sub/detail/Manipulators.hpp
[6.255s] -- Installing: /home/robot/nav2_ws/install/unitree_sdk2/include/ddscxx/dds/sub/detail/TRankImpl.hpp
[6.255s] -- Installing: /home/robot/nav2_ws/install/unitree_sdk2/include/ddscxx/dds/sub/detail/DataReader.hpp
[6.255s] -- Installing: /home/robot/nav2_ws/install/unitree_sdk2/include/ddscxx/dds/sub/detail/TSampleRefImpl.hpp
[6.255s] -- Installing: /home/robot/nav2_ws/install/unitree_sdk2/include/ddscxx/dds/sub/detail/SharedSamplesImpl.hpp
[6.255s] -- Installing: /home/robot/nav2_ws/install/unitree_sdk2/include/ddscxx/dds/sub/detail/ddssub.hpp
[6.255s] -- Installing: /home/robot/nav2_ws/install/unitree_sdk2/include/ddscxx/dds/sub/detail/discovery.hpp
[6.255s] -- Installing: /home/robot/nav2_ws/install/unitree_sdk2/include/ddscxx/dds/sub/detail/AnyDataReader.hpp
[6.255s] -- Installing: /home/robot/nav2_ws/install/unitree_sdk2/include/ddscxx/dds/sub/detail/find.hpp
[6.255s] -- Installing: /home/robot/nav2_ws/install/unitree_sdk2/include/ddscxx/dds/sub/detail/SharedSamples.hpp
[6.255s] -- Installing: /home/robot/nav2_ws/install/unitree_sdk2/include/ddscxx/dds/sub/detail/TGenerationCountImpl.hpp
[6.255s] -- Installing: /home/robot/nav2_ws/install/unitree_sdk2/include/ddscxx/dds/sub/TSampleInfo.hpp
[6.255s] -- Installing: /home/robot/nav2_ws/install/unitree_sdk2/include/ddscxx/dds/sub/DataReader.hpp
[6.255s] -- Installing: /home/robot/nav2_ws/install/unitree_sdk2/include/ddscxx/dds/sub/AnyDataReaderListener.hpp
[6.255s] -- Installing: /home/robot/nav2_ws/install/unitree_sdk2/include/ddscxx/dds/sub/TDataReader.hpp
[6.255s] -- Installing: /home/robot/nav2_ws/install/unitree_sdk2/include/ddscxx/dds/sub/status
[6.255s] -- Installing: /home/robot/nav2_ws/install/unitree_sdk2/include/ddscxx/dds/sub/status/DataState.hpp
[6.255s] -- Installing: /home/robot/nav2_ws/install/unitree_sdk2/include/ddscxx/dds/sub/status/detail
[6.256s] -- Installing: /home/robot/nav2_ws/install/unitree_sdk2/include/ddscxx/dds/sub/status/detail/DataStateImpl.hpp
[6.256s] -- Installing: /home/robot/nav2_ws/install/unitree_sdk2/include/ddscxx/dds/sub/ddssub.hpp
[6.256s] -- Installing: /home/robot/nav2_ws/install/unitree_sdk2/include/ddscxx/dds/sub/discovery.hpp
[6.256s] -- Installing: /home/robot/nav2_ws/install/unitree_sdk2/include/ddscxx/dds/sub/TQuery.hpp
[6.256s] -- Installing: /home/robot/nav2_ws/install/unitree_sdk2/include/ddscxx/dds/sub/AnyDataReader.hpp
[6.256s] -- Installing: /home/robot/nav2_ws/install/unitree_sdk2/include/ddscxx/dds/sub/find.hpp
[6.256s] -- Installing: /home/robot/nav2_ws/install/unitree_sdk2/include/ddscxx/dds/sub/TSampleRef.hpp
[6.256s] -- Installing: /home/robot/nav2_ws/install/unitree_sdk2/include/ddscxx/dds/sub/qos
[6.256s] -- Installing: /home/robot/nav2_ws/install/unitree_sdk2/include/ddscxx/dds/sub/qos/SubscriberQos.hpp
[6.256s] -- Installing: /home/robot/nav2_ws/install/unitree_sdk2/include/ddscxx/dds/sub/qos/detail
[6.256s] -- Installing: /home/robot/nav2_ws/install/unitree_sdk2/include/ddscxx/dds/sub/qos/detail/SubscriberQos.hpp
[6.256s] -- Installing: /home/robot/nav2_ws/install/unitree_sdk2/include/ddscxx/dds/sub/qos/detail/DataReaderQos.hpp
[6.256s] -- Installing: /home/robot/nav2_ws/install/unitree_sdk2/include/ddscxx/dds/sub/qos/DataReaderQos.hpp
[6.256s] -- Installing: /home/robot/nav2_ws/install/unitree_sdk2/include/ddscxx/dds/sub/SharedSamples.hpp
[6.256s] -- Installing: /home/robot/nav2_ws/install/unitree_sdk2/include/ddscxx/org
[6.256s] -- Installing: /home/robot/nav2_ws/install/unitree_sdk2/include/ddscxx/org/eclipse
[6.256s] -- Installing: /home/robot/nav2_ws/install/unitree_sdk2/include/ddscxx/org/eclipse/cyclonedds
[6.256s] -- Installing: /home/robot/nav2_ws/install/unitree_sdk2/include/ddscxx/org/eclipse/cyclonedds/pub
[6.256s] -- Installing: /home/robot/nav2_ws/install/unitree_sdk2/include/ddscxx/org/eclipse/cyclonedds/pub/AnyDataWriterDelegate.hpp
[6.256s] -- Installing: /home/robot/nav2_ws/install/unitree_sdk2/include/ddscxx/org/eclipse/cyclonedds/pub/CoherentSetDelegate.hpp
[6.256s] -- Installing: /home/robot/nav2_ws/install/unitree_sdk2/include/ddscxx/org/eclipse/cyclonedds/pub/qos
[6.256s] -- Installing: /home/robot/nav2_ws/install/unitree_sdk2/include/ddscxx/org/eclipse/cyclonedds/pub/qos/DataWriterQosDelegate.hpp
[6.256s] -- Installing: /home/robot/nav2_ws/install/unitree_sdk2/include/ddscxx/org/eclipse/cyclonedds/pub/qos/PublisherQosDelegate.hpp
[6.256s] -- Installing: /home/robot/nav2_ws/install/unitree_sdk2/include/ddscxx/org/eclipse/cyclonedds/pub/PublisherDelegate.hpp
[6.256s] -- Installing: /home/robot/nav2_ws/install/unitree_sdk2/include/ddscxx/org/eclipse/cyclonedds/pub/SuspendedPublicationDelegate.hpp
[6.256s] -- Installing: /home/robot/nav2_ws/install/unitree_sdk2/include/ddscxx/org/eclipse/cyclonedds/core
[6.256s] -- Installing: /home/robot/nav2_ws/install/unitree_sdk2/include/ddscxx/org/eclipse/cyclonedds/core/EntitySet.hpp
[6.256s] -- Installing: /home/robot/nav2_ws/install/unitree_sdk2/include/ddscxx/org/eclipse/cyclonedds/core/config.hpp
[6.256s] -- Installing: /home/robot/nav2_ws/install/unitree_sdk2/include/ddscxx/org/eclipse/cyclonedds/core/QosProviderDelegate.hpp
[6.256s] -- Installing: /home/robot/nav2_ws/install/unitree_sdk2/include/ddscxx/org/eclipse/cyclonedds/core/ObjectSet.hpp
[6.256s] -- Installing: /home/robot/nav2_ws/install/unitree_sdk2/include/ddscxx/org/eclipse/cyclonedds/core/WeakReferenceSet.hpp
[6.256s] -- Installing: /home/robot/nav2_ws/install/unitree_sdk2/include/ddscxx/org/eclipse/cyclonedds/core/cond
[6.256s] -- Installing: /home/robot/nav2_ws/install/unitree_sdk2/include/ddscxx/org/eclipse/cyclonedds/core/cond/GuardConditionDelegate.hpp
[6.256s] -- Installing: /home/robot/nav2_ws/install/unitree_sdk2/include/ddscxx/org/eclipse/cyclonedds/core/cond/WaitSetDelegate.hpp
[6.256s] -- Installing: /home/robot/nav2_ws/install/unitree_sdk2/include/ddscxx/org/eclipse/cyclonedds/core/cond/StatusConditionDelegate.hpp
[6.256s] -- Installing: /home/robot/nav2_ws/install/unitree_sdk2/include/ddscxx/org/eclipse/cyclonedds/core/cond/FunctorHolder.hpp
[6.256s] -- Installing: /home/robot/nav2_ws/install/unitree_sdk2/include/ddscxx/org/eclipse/cyclonedds/core/cond/ShadowParticipant.hpp
[6.256s] -- Installing: /home/robot/nav2_ws/install/unitree_sdk2/include/ddscxx/org/eclipse/cyclonedds/core/cond/ConditionDelegate.hpp
[6.256s] -- Installing: /home/robot/nav2_ws/install/unitree_sdk2/include/ddscxx/org/eclipse/cyclonedds/core/Mutex.hpp
[6.256s] -- Installing: /home/robot/nav2_ws/install/unitree_sdk2/include/ddscxx/org/eclipse/cyclonedds/core/DDScObjectDelegate.hpp
[6.256s] -- Installing: /home/robot/nav2_ws/install/unitree_sdk2/include/ddscxx/org/eclipse/cyclonedds/core/EntityDelegate.hpp
[6.256s] -- Installing: /home/robot/nav2_ws/install/unitree_sdk2/include/ddscxx/org/eclipse/cyclonedds/core/MiscUtils.hpp
[6.257s] -- Installing: /home/robot/nav2_ws/install/unitree_sdk2/include/ddscxx/org/eclipse/cyclonedds/core/type_helpers.hpp
[6.257s] -- Installing: /home/robot/nav2_ws/install/unitree_sdk2/include/ddscxx/org/eclipse/cyclonedds/core/policy
[6.257s] -- Installing: /home/robot/nav2_ws/install/unitree_sdk2/include/ddscxx/org/eclipse/cyclonedds/core/policy/PolicyDelegate.hpp
[6.257s] -- Installing: /home/robot/nav2_ws/install/unitree_sdk2/include/ddscxx/org/eclipse/cyclonedds/core/policy/ProprietaryPolicyKind.hpp
[6.257s] -- Installing: /home/robot/nav2_ws/install/unitree_sdk2/include/ddscxx/org/eclipse/cyclonedds/core/policy/Policy.hpp
[6.257s] -- Installing: /home/robot/nav2_ws/install/unitree_sdk2/include/ddscxx/org/eclipse/cyclonedds/core/policy/TPolicy.hpp
[6.257s] -- Installing: /home/robot/nav2_ws/install/unitree_sdk2/include/ddscxx/org/eclipse/cyclonedds/core/policy/QosPolicyCountDelegate.hpp
[6.257s] -- Installing: /home/robot/nav2_ws/install/unitree_sdk2/include/ddscxx/org/eclipse/cyclonedds/core/EntityRegistry.hpp
[6.257s] -- Installing: /home/robot/nav2_ws/install/unitree_sdk2/include/ddscxx/org/eclipse/cyclonedds/core/cdr
[6.257s] -- Installing: /home/robot/nav2_ws/install/unitree_sdk2/include/ddscxx/org/eclipse/cyclonedds/core/cdr/cdr_enums.hpp
[6.257s] -- Installing: /home/robot/nav2_ws/install/unitree_sdk2/include/ddscxx/org/eclipse/cyclonedds/core/cdr/cdr_stream.hpp
[6.257s] -- Installing: /home/robot/nav2_ws/install/unitree_sdk2/include/ddscxx/org/eclipse/cyclonedds/core/cdr/fragchain.hpp
[6.257s] -- Installing: /home/robot/nav2_ws/install/unitree_sdk2/include/ddscxx/org/eclipse/cyclonedds/core/cdr/extended_cdr_v2_ser.hpp
[6.257s] -- Installing: /home/robot/nav2_ws/install/unitree_sdk2/include/ddscxx/org/eclipse/cyclonedds/core/cdr/basic_cdr_ser.hpp
[6.257s] -- Installing: /home/robot/nav2_ws/install/unitree_sdk2/include/ddscxx/org/eclipse/cyclonedds/core/cdr/extended_cdr_v1_ser.hpp
[6.257s] -- Installing: /home/robot/nav2_ws/install/unitree_sdk2/include/ddscxx/org/eclipse/cyclonedds/core/cdr/entity_properties.hpp
[6.257s] -- Installing: /home/robot/nav2_ws/install/unitree_sdk2/include/ddscxx/org/eclipse/cyclonedds/core/TimeHelper.hpp
[6.257s] -- Installing: /home/robot/nav2_ws/install/unitree_sdk2/include/ddscxx/org/eclipse/cyclonedds/core/ReportUtils.hpp
[6.257s] -- Installing: /home/robot/nav2_ws/install/unitree_sdk2/include/ddscxx/org/eclipse/cyclonedds/core/Missing.hpp
[6.257s] -- Installing: /home/robot/nav2_ws/install/unitree_sdk2/include/ddscxx/org/eclipse/cyclonedds/core/ScopedLock.hpp
[6.257s] -- Installing: /home/robot/nav2_ws/install/unitree_sdk2/include/ddscxx/org/eclipse/cyclonedds/core/ListenerDispatcher.hpp
[6.257s] -- Installing: /home/robot/nav2_ws/install/unitree_sdk2/include/ddscxx/org/eclipse/cyclonedds/core/status
[6.257s] -- Installing: /home/robot/nav2_ws/install/unitree_sdk2/include/ddscxx/org/eclipse/cyclonedds/core/status/StatusDelegate.hpp
[6.257s] -- Installing: /home/robot/nav2_ws/install/unitree_sdk2/include/ddscxx/org/eclipse/cyclonedds/core/InstanceHandleDelegate.hpp
[6.257s] -- Installing: /home/robot/nav2_ws/install/unitree_sdk2/include/ddscxx/org/eclipse/cyclonedds/core/ObjectDelegate.hpp
[6.257s] -- Installing: /home/robot/nav2_ws/install/unitree_sdk2/include/ddscxx/org/eclipse/cyclonedds/topic
[6.257s] -- Installing: /home/robot/nav2_ws/install/unitree_sdk2/include/ddscxx/org/eclipse/cyclonedds/topic/BuiltinTopicKeyDelegate.hpp
[6.257s] -- Installing: /home/robot/nav2_ws/install/unitree_sdk2/include/ddscxx/org/eclipse/cyclonedds/topic/datatopic.hpp
[6.257s] -- Installing: /home/robot/nav2_ws/install/unitree_sdk2/include/ddscxx/org/eclipse/cyclonedds/topic/FilterDelegate.hpp
[6.257s] -- Installing: /home/robot/nav2_ws/install/unitree_sdk2/include/ddscxx/org/eclipse/cyclonedds/topic/BuiltinTopicCopy.hpp
[6.257s] -- Installing: /home/robot/nav2_ws/install/unitree_sdk2/include/ddscxx/org/eclipse/cyclonedds/topic/BuiltinTopicDelegate.hpp
[6.257s] -- Installing: /home/robot/nav2_ws/install/unitree_sdk2/include/ddscxx/org/eclipse/cyclonedds/topic/TopicTraits.hpp
[6.257s] -- Installing: /home/robot/nav2_ws/install/unitree_sdk2/include/ddscxx/org/eclipse/cyclonedds/topic/TopicDescriptionDelegate.hpp
[6.257s] -- Installing: /home/robot/nav2_ws/install/unitree_sdk2/include/ddscxx/org/eclipse/cyclonedds/topic/AnyTopicListener.hpp
[6.257s] -- Installing: /home/robot/nav2_ws/install/unitree_sdk2/include/ddscxx/org/eclipse/cyclonedds/topic/BuiltinTopicTraits.hpp
[6.257s] -- Installing: /home/robot/nav2_ws/install/unitree_sdk2/include/ddscxx/org/eclipse/cyclonedds/topic/BuiltinTopic.hpp
[6.257s] -- Installing: /home/robot/nav2_ws/install/unitree_sdk2/include/ddscxx/org/eclipse/cyclonedds/topic/AnyTopicDelegate.hpp
[6.257s] -- Installing: /home/robot/nav2_ws/install/unitree_sdk2/include/ddscxx/org/eclipse/cyclonedds/topic/TBuiltinTopic.hpp
[6.257s] -- Installing: /home/robot/nav2_ws/install/unitree_sdk2/include/ddscxx/org/eclipse/cyclonedds/topic/TopicListener.hpp
[6.257s] -- Installing: /home/robot/nav2_ws/install/unitree_sdk2/include/ddscxx/org/eclipse/cyclonedds/topic/hash.hpp
[6.257s] -- Installing: /home/robot/nav2_ws/install/unitree_sdk2/include/ddscxx/org/eclipse/cyclonedds/topic/discovery.hpp
[6.257s] -- Installing: /home/robot/nav2_ws/install/unitree_sdk2/include/ddscxx/org/eclipse/cyclonedds/topic/find.hpp
[6.257s] -- Installing: /home/robot/nav2_ws/install/unitree_sdk2/include/ddscxx/org/eclipse/cyclonedds/topic/CDRBlob.hpp
[6.257s] -- Installing: /home/robot/nav2_ws/install/unitree_sdk2/include/ddscxx/org/eclipse/cyclonedds/topic/qos
[6.257s] -- Installing: /home/robot/nav2_ws/install/unitree_sdk2/include/ddscxx/org/eclipse/cyclonedds/topic/qos/TopicQosDelegate.hpp
[6.257s] -- Installing: /home/robot/nav2_ws/install/unitree_sdk2/include/ddscxx/org/eclipse/cyclonedds/domain
[6.257s] -- Installing: /home/robot/nav2_ws/install/unitree_sdk2/include/ddscxx/org/eclipse/cyclonedds/domain/DomainWrap.hpp
[6.257s] -- Installing: /home/robot/nav2_ws/install/unitree_sdk2/include/ddscxx/org/eclipse/cyclonedds/domain/DomainParticipantListener.hpp
[6.257s] -- Installing: /home/robot/nav2_ws/install/unitree_sdk2/include/ddscxx/org/eclipse/cyclonedds/domain/Domain.hpp
[6.257s] -- Installing: /home/robot/nav2_ws/install/unitree_sdk2/include/ddscxx/org/eclipse/cyclonedds/domain/DomainParticipantRegistry.hpp
[6.257s] -- Installing: /home/robot/nav2_ws/install/unitree_sdk2/include/ddscxx/org/eclipse/cyclonedds/domain/DomainParticipantDelegate.hpp
[6.257s] -- Installing: /home/robot/nav2_ws/install/unitree_sdk2/include/ddscxx/org/eclipse/cyclonedds/domain/qos
[6.258s] -- Installing: /home/robot/nav2_ws/install/unitree_sdk2/include/ddscxx/org/eclipse/cyclonedds/domain/qos/DomainParticipantQosDelegate.hpp
[6.258s] -- Installing: /home/robot/nav2_ws/install/unitree_sdk2/include/ddscxx/org/eclipse/cyclonedds/ForwardDeclarations.hpp
[6.258s] -- Installing: /home/robot/nav2_ws/install/unitree_sdk2/include/ddscxx/org/eclipse/cyclonedds/sub
[6.258s] -- Installing: /home/robot/nav2_ws/install/unitree_sdk2/include/ddscxx/org/eclipse/cyclonedds/sub/SampleInfoImpl.hpp
[6.258s] -- Installing: /home/robot/nav2_ws/install/unitree_sdk2/include/ddscxx/org/eclipse/cyclonedds/sub/GenerationCountImpl.hpp
[6.258s] -- Installing: /home/robot/nav2_ws/install/unitree_sdk2/include/ddscxx/org/eclipse/cyclonedds/sub/AnyDataReaderDelegate.hpp
[6.258s] -- Installing: /home/robot/nav2_ws/install/unitree_sdk2/include/ddscxx/org/eclipse/cyclonedds/sub/cond
[6.258s] -- Installing: /home/robot/nav2_ws/install/unitree_sdk2/include/ddscxx/org/eclipse/cyclonedds/sub/cond/ReadConditionDelegate.hpp
[6.258s] -- Installing: /home/robot/nav2_ws/install/unitree_sdk2/include/ddscxx/org/eclipse/cyclonedds/sub/cond/QueryConditionDelegate.hpp
[6.258s] -- Installing: /home/robot/nav2_ws/install/unitree_sdk2/include/ddscxx/org/eclipse/cyclonedds/sub/RankImpl.hpp
[6.258s] -- Installing: /home/robot/nav2_ws/install/unitree_sdk2/include/ddscxx/org/eclipse/cyclonedds/sub/SubscriberDelegate.hpp
[6.258s] -- Installing: /home/robot/nav2_ws/install/unitree_sdk2/include/ddscxx/org/eclipse/cyclonedds/sub/QueryDelegate.hpp
[6.258s] -- Installing: /home/robot/nav2_ws/install/unitree_sdk2/include/ddscxx/org/eclipse/cyclonedds/sub/qos
[6.258s] -- Installing: /home/robot/nav2_ws/install/unitree_sdk2/include/ddscxx/org/eclipse/cyclonedds/sub/qos/SubscriberQosDelegate.hpp
[6.258s] -- Installing: /home/robot/nav2_ws/install/unitree_sdk2/include/ddscxx/org/eclipse/cyclonedds/sub/qos/DataReaderQosDelegate.hpp
[6.258s] -- Installing: /home/robot/nav2_ws/install/unitree_sdk2/include/ddscxx/org/eclipse/cyclonedds/sub/CoherentAccessDelegate.hpp
[6.258s] -- Installing: /home/robot/nav2_ws/install/unitree_sdk2/include/ddscxx/org/eclipse/cyclonedds/sub/BuiltinSubscriberDelegate.hpp
[6.258s] Invoked command in '/home/robot/nav2_ws/build/unitree_sdk2' returned '0': /usr/bin/cmake --install /home/robot/nav2_ws/build/unitree_sdk2
