[0.005s] Invoking command in '/home/robot/nav2_ws/build/hello_world_msgs': CMAKE_PREFIX_PATH=${CMAKE_PREFIX_PATH}:/home/robot/nav2_ws/install/examples_rclpy_minimal_subscriber:/home/robot/nav2_ws/install/examples_rclpy_minimal_service:/home/robot/nav2_ws/install/examples_rclpy_minimal_publisher:/home/robot/nav2_ws/install/examples_rclpy_minimal_client:/home/robot/nav2_ws/install/examples_rclpy_minimal_action_server:/home/robot/nav2_ws/install/examples_rclpy_minimal_action_client:/home/robot/nav2_ws/install/examples_rclpy_executors /usr/bin/cmake /home/robot/nav2_ws/src/hello_world_msgs -DCMAKE_INSTALL_PREFIX=/home/robot/nav2_ws/install/hello_world_msgs
[0.015s] CMake Error at CMakeLists.txt:19 (find_package):
[0.016s]   By not providing "Findament_cmake.cmake" in CMAKE_MODULE_PATH this project
[0.016s]   has asked CMake to find a package configuration file provided by
[0.016s]   "ament_cmake", but CMake did not find one.
[0.016s] 
[0.016s]   Could not find a package configuration file provided by "ament_cmake" with
[0.016s]   any of the following names:
[0.016s] 
[0.016s]     ament_cmakeConfig.cmake
[0.016s]     ament_cmake-config.cmake
[0.016s] 
[0.016s]   Add the installation prefix of "ament_cmake" to CMAKE_PREFIX_PATH or set
[0.016s]   "ament_cmake_DIR" to a directory containing one of the above files.  If
[0.016s]   "ament_cmake" provides a separate development package or SDK, be sure it
[0.016s]   has been installed.
[0.016s] 
[0.016s] 
[0.016s] -- Configuring incomplete, errors occurred!
[0.016s] See also "/home/robot/nav2_ws/build/hello_world_msgs/CMakeFiles/CMakeOutput.log".
[0.016s] Invoked command in '/home/robot/nav2_ws/build/hello_world_msgs' returned '1': CMAKE_PREFIX_PATH=${CMAKE_PREFIX_PATH}:/home/robot/nav2_ws/install/examples_rclpy_minimal_subscriber:/home/robot/nav2_ws/install/examples_rclpy_minimal_service:/home/robot/nav2_ws/install/examples_rclpy_minimal_publisher:/home/robot/nav2_ws/install/examples_rclpy_minimal_client:/home/robot/nav2_ws/install/examples_rclpy_minimal_action_server:/home/robot/nav2_ws/install/examples_rclpy_minimal_action_client:/home/robot/nav2_ws/install/examples_rclpy_executors /usr/bin/cmake /home/robot/nav2_ws/src/hello_world_msgs -DCMAKE_INSTALL_PREFIX=/home/robot/nav2_ws/install/hello_world_msgs
